Server request connecting ...
Inventory : 0
{"assetsUrl":"https://ankama.akamaized.net/games/dofus-tablette/assets/2.15.15","analytics":{"wizAnalytics":{"localytics":{"token":"9f0bf865fd57d22f0bbea56-cd08f12a-8138-11e5-7c24-00736b041834","options":{"sessionTimeoutSeconds":60,"namespace":"dofus-production"}}},"ankAnalytics":{"debug":false,"analog":false,"useUrlMap":true}},"adjust":{"appToken":"7j60imkfu60w","environment":"EnvironmentProduction"},"logging":{"groups":false,"logLevels":{"time":0,"verbose":0,"debug":1,"info":2,"notice":3,"warning":4,"error":5,"critical":6,"alert":7,"emergency":8},"config":{"console":["none"],"server":["error","critical","alert","emergency"]},"disableOverride":false},"dataUrl":"https://proxyconnection.touch.dofus.com","haapi":{"id":18,"url":"https://haapi.ankama.com/json/Ankama/v2"},"serverLanguages":["en","de","es","fr","it","pt"],"failoverLanguage":"en","uiUrl":"https://proxyconnection.touch.dofus.com/assets","language":"en","sessionId":"UT3C7IeNL20w6/Vg"}
Config loaded !
{"key":"e1504ac4-59b9-4fcc-a633-92d6ee18d552","account_id":112984462,"ip":"41.141.138.119","added_date":"2017-02-18T21:46:58+01:00","meta":[],"data":{},"access":[],"refresh_token":null,"expiration_date":"2017-02-19T00:46:58+01:00"}
Api key : e1504ac4-59b9-4fcc-a633-92d6ee18d552
Game token : aee290b472dbb81b8b756a79d6a1386b
[Aucun groupe:0:info][processIdentification]...
Connecting to login server (https://proxyconnection.touch.dofus.com?STICKER=UT3C7IeNL20w6%2FVg) ...
Connection opened !
[Aucun groupe:0:info]Identification connection opened !
[Aucun groupe:0:info]2/2 in login queue...
[Aucun groupe:0:info]2/3 in login queue...
[Aucun groupe:0:info]1/2 in login queue...
[Aucun groupe:0:info]0/1 in login queue...
[Aucun groupe:0:info]Identification success (1465968706062966598) !
[Aucun groupe:0:info]Servers list received !
[Aucun groupe:0:info][processServerSelection]...
[Aucun groupe:0:info]Request for server infos (id : 403) ...
Prmus close connection !
migrating...
Connection opened !
[Aucun groupe:0:info]Game connection opened !
[Aucun groupe:0:success][processServerSelection]OK
[Aucun groupe:0:info][processsCharacterSelection]...
[Aucun groupe:0:info]Request for characters ...
[Aucun groupe:0:info]Selecting frist character (Miss-Lagertha) ...
[Aucun groupe:0:info][Inventory]Object : 108680610 selected for regen !
[Aucun groupe:0:info][Inventory]Object : 108680611 selected for regen !
[Aucun groupe:0:info][Inventory]Object : 108680612 selected for regen !
[Aucun groupe:0:info][Inventory]Object : 108680613 selected for regen !
[InventoryManager]Items infos loaded !
Checking pods ...
Sequence ready !
[Aucun groupe:0:info][Infos]Welcome to DOFUS, and welcome to the World of Twelve! 
Remember that it is <b>strictly forbidden</b> to disclose your account name or password.
{"call":"global-state-request"}
Server request for state ...
[Sync]Processing ...
[Sync]Ready to process !
[Sync]Trajet ready ...
Checking pods ...
[Trajet]No trajet loaded !
{"call":"global-state-request"}
Server request for state ...
{"call":"update-fight-max-fighters","data":8}
[botData]Config for Miss-Lagertha saved !
{"call":"update-fight-min-fighters","data":1}
[botData]Config for Miss-Lagertha saved !
{"call":"set-ia-type","data":"default"}
[botData]Config for Miss-Lagertha saved !
[mainProcessFrame]Fight mode updated to default
{"call":"trajet-load","data":{"trajet":{"trajet":{"fights":[],"recolte":[{"map":84675330,"dir":"top"},{"map":84675331,"dir":"top"},{"map":84675332,"dir":"left"},{"map":84674820,"dir":"top"},{"map":84674821,"dir":"top"},{"map":84674822,"dir":"right"},{"map":84675334,"dir":"right"},{"map":84675846,"dir":"bottom"},{"map":84675845,"dir":"bottom"},{"map":84675844,"dir":"bottom"},{"map":84675843,"dir":"left"}],"interactives":[],"moves":[{"map":83887104,"sun":396},{"map":84674566,"dir":"top"},{"map":84674565,"dir":"top"},{"map":84674564,"dir":"top"},{"map":84674563,"dir":"top"},{"map":84674562,"dir":"top"},{"map":84674561,"dir":"top"},{"map":84674560,"dir":"right"},{"map":84675072,"dir":"top"},{"map":84675329,"dir":"top"},{"map":84675330,"dir":"top"}],"bank":[{"map":84674566,"interactive":465440,"skill":140242},{"map":83887104,"npc":0,"reply":259},{"map":84675330,"dir":"bottom"},{"map":84675331,"dir":"bottom"},{"map":84675332,"dir":"bottom"},{"map":84675333,"dir":"bottom"},{"map":84674820,"dir":"right"},{"map":84674821,"dir":"bottom"},{"map":84674822,"dir":"bottom"},{"map":84675334,"dir":"bottom"},{"map":84675846,"dir":"bottom"},{"map":84675845,"dir":"bottom"},{"map":84675844,"dir":"left"},{"map":84674566,"dir":"top"},{"map":84674565,"dir":"bottom"},{"map":84674564,"dir":"bottom"},{"map":84674563,"dir":"bottom"},{"map":84674562,"dir":"bottom"},{"map":84674561,"dir":"bottom"},{"map":84674560,"dir":"bottom"},{"map":84675072,"dir":"left"},{"map":84675329,"dir":"bottom"},{"map":84675330,"dir":"bottom"}]}}}}
[mainProcessFrame]Ui request for trajet loading ...
[Sync]Processing ...
[Sync]Ready to process !
[Sync]Trajet ready ...
Checking pods ...
[Aucun groupe:0:info][Trajet]Execution map 84674821 .
''''''''''''''''''''''''''''''''''''
45
{ interactive: 
   { _type: 'InteractiveElementWithAgeBonus',
     elementId: 478750,
     elementTypeId: 38,
     enabledSkills: [ [Object] ],
     disabledSkills: [],
     ageBonus: 0,
     _name: 'Wheat' },
  stated: 
   { _type: 'StatedElement',
     elementId: 478750,
     elementCellId: 489,
     elementState: 0 } }
{ interactive: 
   { _type: 'InteractiveElement',
     elementId: 478751,
     elementTypeId: 38,
     enabledSkills: [],
     disabledSkills: [ [Object] ],
     _name: 'Wheat' },
  stated: 
   { _type: 'StatedElement',
     elementId: 478751,
     elementCellId: 502,
     elementState: 1 } }
{ interactive: 
   { _type: 'InteractiveElementWithAgeBonus',
     elementId: 478752,
     elementTypeId: 38,
     enabledSkills: [ [Object] ],
     disabledSkills: [],
     ageBonus: 0,
     _name: 'Wheat' },
  stated: 
   { _type: 'StatedElement',
     elementId: 478752,
     elementCellId: 488,
     elementState: 0 } }
{ interactive: 
   { _type: 'InteractiveElement',
     elementId: 478753,
     elementTypeId: 38,
     enabledSkills: [],
     disabledSkills: [ [Object] ],
     _name: 'Wheat' },
  stated: 
   { _type: 'StatedElement',
     elementId: 478753,
     elementCellId: 137,
     elementState: 1 } }
{ interactive: 
   { _type: 'InteractiveElement',
     elementId: 478754,
     elementTypeId: 38,
     enabledSkills: [ [Object] ],
     disabledSkills: [],
     _name: 'Wheat' },
  stated: 
   { _type: 'StatedElement',
     elementId: 478754,
     elementCellId: 109,
     elementState: 0 } }
{ interactive: 
   { _type: 'InteractiveElement',
     elementId: 478756,
     elementTypeId: 38,
     enabledSkills: [],
     disabledSkills: [ [Object] ],
     _name: 'Wheat' },
  stated: 
   { _type: 'StatedElement',
     elementId: 478756,
     elementCellId: 123,
     elementState: 1 } }
{ interactive: 
   { _type: 'InteractiveElement',
     elementId: 478760,
     elementTypeId: 38,
     enabledSkills: [],
     disabledSkills: [ [Object] ],
     _name: 'Wheat' },
  stated: 
   { _type: 'StatedElement',
     elementId: 478760,
     elementCellId: 136,
     elementState: 1 } }
{ interactive: 
   { _type: 'InteractiveElement',
     elementId: 478761,
     elementTypeId: 38,
     enabledSkills: [],
     disabledSkills: [ [Object] ],
     _name: 'Wheat' },
  stated: 
   { _type: 'StatedElement',
     elementId: 478761,
     elementCellId: 108,
     elementState: 1 } }
{ interactive: 
   { _type: 'InteractiveElementWithAgeBonus',
     elementId: 478765,
     elementTypeId: 38,
     enabledSkills: [],
     disabledSkills: [ [Object] ],
     ageBonus: 0,
     _name: 'Wheat' },
  stated: 
   { _type: 'StatedElement',
     elementId: 478765,
     elementCellId: 94,
     elementState: 1 } }
{ interactive: 
   { _type: 'InteractiveElement',
     elementId: 478770,
     elementTypeId: 38,
     enabledSkills: [],
     disabledSkills: [ [Object] ],
     _name: 'Wheat' },
  stated: 
   { _type: 'StatedElement',
     elementId: 478770,
     elementCellId: 135,
     elementState: 1 } }
{ interactive: 
   { _type: 'InteractiveElementWithAgeBonus',
     elementId: 478788,
     elementTypeId: 38,
     enabledSkills: [ [Object] ],
     disabledSkills: [],
     ageBonus: 0,
     _name: 'Wheat' },
  stated: 
   { _type: 'StatedElement',
     elementId: 478788,
     elementCellId: 257,
     elementState: 0 } }
{ interactive: 
   { _type: 'InteractiveElementWithAgeBonus',
     elementId: 478790,
     elementTypeId: 38,
     enabledSkills: [ [Object] ],
     disabledSkills: [],
     ageBonus: 0,
     _name: 'Wheat' },
  stated: 
   { _type: 'StatedElement',
     elementId: 478790,
     elementCellId: 381,
     elementState: 0 } }
{ interactive: 
   { _type: 'InteractiveElementWithAgeBonus',
     elementId: 478791,
     elementTypeId: 38,
     enabledSkills: [ [Object] ],
     disabledSkills: [],
     ageBonus: 0,
     _name: 'Wheat' },
  stated: 
   { _type: 'StatedElement',
     elementId: 478791,
     elementCellId: 296,
     elementState: 0 } }
Gathering element :{id : 478752 , cellid : 488 }
No cellid defined for the interactive with cellId : 488
Mouvement vers l'interactive sur la cellule : -1=487
Exectution du trajet vers l'interactive .
pas de mouvement à faire wesh x)
Utlisiation de l'interactive (id : 478752,skill : 151165)
[Aucun groupe:0:info][Trajet]Execution de la récolte...
''''''''''''''''''''''''''''''''''''
45
{ interactive: 
   { _type: 'InteractiveElementWithAgeBonus',
     elementId: 478750,
     elementTypeId: 38,
     enabledSkills: [ [Object] ],
     disabledSkills: [],
     ageBonus: 0,
     _name: 'Wheat' },
  stated: 
   { _type: 'StatedElement',
     elementId: 478750,
     elementCellId: 489,
     elementState: 0 } }
{ interactive: 
   { _type: 'InteractiveElement',
     elementId: 478751,
     elementTypeId: 38,
     enabledSkills: [],
     disabledSkills: [ [Object] ],
     _name: 'Wheat' },
  stated: 
   { _type: 'StatedElement',
     elementId: 478751,
     elementCellId: 502,
     elementState: 1 } }
{ interactive: 
   { _type: 'InteractiveElementWithAgeBonus',
     elementId: 478752,
     elementTypeId: 38,
     enabledSkills: [],
     disabledSkills: [ [Object] ],
     ageBonus: 0,
     _name: 'Wheat' },
  stated: 
   { _type: 'StatedElement',
     elementId: 478752,
     elementCellId: 488,
     elementState: 2 } }
{ interactive: 
   { _type: 'InteractiveElement',
     elementId: 478753,
     elementTypeId: 38,
     enabledSkills: [],
     disabledSkills: [ [Object] ],
     _name: 'Wheat' },
  stated: 
   { _type: 'StatedElement',
     elementId: 478753,
     elementCellId: 137,
     elementState: 1 } }
{ interactive: 
   { _type: 'InteractiveElement',
     elementId: 478754,
     elementTypeId: 38,
     enabledSkills: [ [Object] ],
     disabledSkills: [],
     _name: 'Wheat' },
  stated: 
   { _type: 'StatedElement',
     elementId: 478754,
     elementCellId: 109,
     elementState: 0 } }
{ interactive: 
   { _type: 'InteractiveElement',
     elementId: 478756,
     elementTypeId: 38,
     enabledSkills: [],
     disabledSkills: [ [Object] ],
     _name: 'Wheat' },
  stated: 
   { _type: 'StatedElement',
     elementId: 478756,
     elementCellId: 123,
     elementState: 1 } }
{ interactive: 
   { _type: 'InteractiveElement',
     elementId: 478760,
     elementTypeId: 38,
     enabledSkills: [],
     disabledSkills: [ [Object] ],
     _name: 'Wheat' },
  stated: 
   { _type: 'StatedElement',
     elementId: 478760,
     elementCellId: 136,
     elementState: 1 } }
{ interactive: 
   { _type: 'InteractiveElement',
     elementId: 478761,
     elementTypeId: 38,
     enabledSkills: [],
     disabledSkills: [ [Object] ],
     _name: 'Wheat' },
  stated: 
   { _type: 'StatedElement',
     elementId: 478761,
     elementCellId: 108,
     elementState: 1 } }
{ interactive: 
   { _type: 'InteractiveElementWithAgeBonus',
     elementId: 478765,
     elementTypeId: 38,
     enabledSkills: [],
     disabledSkills: [ [Object] ],
     ageBonus: 0,
     _name: 'Wheat' },
  stated: 
   { _type: 'StatedElement',
     elementId: 478765,
     elementCellId: 94,
     elementState: 1 } }
{ interactive: 
   { _type: 'InteractiveElement',
     elementId: 478770,
     elementTypeId: 38,
     enabledSkills: [],
     disabledSkills: [ [Object] ],
     _name: 'Wheat' },
  stated: 
   { _type: 'StatedElement',
     elementId: 478770,
     elementCellId: 135,
     elementState: 1 } }
{ interactive: 
   { _type: 'InteractiveElementWithAgeBonus',
     elementId: 478788,
     elementTypeId: 38,
     enabledSkills: [ [Object] ],
     disabledSkills: [],
     ageBonus: 0,
     _name: 'Wheat' },
  stated: 
   { _type: 'StatedElement',
     elementId: 478788,
     elementCellId: 257,
     elementState: 0 } }
{ interactive: 
   { _type: 'InteractiveElementWithAgeBonus',
     elementId: 478790,
     elementTypeId: 38,
     enabledSkills: [ [Object] ],
     disabledSkills: [],
     ageBonus: 0,
     _name: 'Wheat' },
  stated: 
   { _type: 'StatedElement',
     elementId: 478790,
     elementCellId: 381,
     elementState: 0 } }
{ interactive: 
   { _type: 'InteractiveElementWithAgeBonus',
     elementId: 478791,
     elementTypeId: 38,
     enabledSkills: [],
     disabledSkills: [ [Object] ],
     ageBonus: 0,
     _name: 'Wheat' },
  stated: 
   { _type: 'StatedElement',
     elementId: 478791,
     elementCellId: 296,
     elementState: 2 } }
Gathering element :{id : 478750 , cellid : 489 }
No cellid defined for the interactive with cellId : 489
Mouvement vers l'interactive sur la cellule : -1=488
Exectution du trajet vers l'interactive .
[ 487, 488 ]
Sending map request !
Checking pods ...
MapMovement received !
Confirmation du movement dans : 480(2 cells)
Confirmations du mouvement dans 480ms
Mouvement confirmée !
Utlisiation de l'interactive (id : 478750,skill : 151166)
''''''''''''''''''''''''''''''''''''
45
{ interactive: 
   { _type: 'InteractiveElementWithAgeBonus',
     elementId: 478750,
     elementTypeId: 38,
     enabledSkills: [],
     disabledSkills: [ [Object] ],
     ageBonus: 0,
     _name: 'Wheat' },
  stated: 
   { _type: 'StatedElement',
     elementId: 478750,
     elementCellId: 489,
     elementState: 2 } }
{ interactive: 
   { _type: 'InteractiveElement',
     elementId: 478751,
     elementTypeId: 38,
     enabledSkills: [],
     disabledSkills: [ [Object] ],
     _name: 'Wheat' },
  stated: 
   { _type: 'StatedElement',
     elementId: 478751,
     elementCellId: 502,
     elementState: 1 } }
{ interactive: 
   { _type: 'InteractiveElementWithAgeBonus',
     elementId: 478752,
     elementTypeId: 38,
     enabledSkills: [],
     disabledSkills: [ [Object] ],
     ageBonus: 0,
     _name: 'Wheat' },
  stated: 
   { _type: 'StatedElement',
     elementId: 478752,
     elementCellId: 488,
     elementState: 1 } }
{ interactive: 
   { _type: 'InteractiveElement',
     elementId: 478753,
     elementTypeId: 38,
     enabledSkills: [],
     disabledSkills: [ [Object] ],
     _name: 'Wheat' },
  stated: 
   { _type: 'StatedElement',
     elementId: 478753,
     elementCellId: 137,
     elementState: 1 } }
{ interactive: 
   { _type: 'InteractiveElement',
     elementId: 478754,
     elementTypeId: 38,
     enabledSkills: [ [Object] ],
     disabledSkills: [],
     _name: 'Wheat' },
  stated: 
   { _type: 'StatedElement',
     elementId: 478754,
     elementCellId: 109,
     elementState: 0 } }
{ interactive: 
   { _type: 'InteractiveElement',
     elementId: 478756,
     elementTypeId: 38,
     enabledSkills: [],
     disabledSkills: [ [Object] ],
     _name: 'Wheat' },
  stated: 
   { _type: 'StatedElement',
     elementId: 478756,
     elementCellId: 123,
     elementState: 1 } }
{ interactive: 
   { _type: 'InteractiveElement',
     elementId: 478760,
     elementTypeId: 38,
     enabledSkills: [],
     disabledSkills: [ [Object] ],
     _name: 'Wheat' },
  stated: 
   { _type: 'StatedElement',
     elementId: 478760,
     elementCellId: 136,
     elementState: 1 } }
{ interactive: 
   { _type: 'InteractiveElement',
     elementId: 478761,
     elementTypeId: 38,
     enabledSkills: [],
     disabledSkills: [ [Object] ],
     _name: 'Wheat' },
  stated: 
   { _type: 'StatedElement',
     elementId: 478761,
     elementCellId: 108,
     elementState: 1 } }
{ interactive: 
   { _type: 'InteractiveElementWithAgeBonus',
     elementId: 478765,
     elementTypeId: 38,
     enabledSkills: [],
     disabledSkills: [ [Object] ],
     ageBonus: 0,
     _name: 'Wheat' },
  stated: 
   { _type: 'StatedElement',
     elementId: 478765,
     elementCellId: 94,
     elementState: 1 } }
{ interactive: 
   { _type: 'InteractiveElement',
     elementId: 478770,
     elementTypeId: 38,
     enabledSkills: [],
     disabledSkills: [ [Object] ],
     _name: 'Wheat' },
  stated: 
   { _type: 'StatedElement',
     elementId: 478770,
     elementCellId: 135,
     elementState: 1 } }
{ interactive: 
   { _type: 'InteractiveElementWithAgeBonus',
     elementId: 478788,
     elementTypeId: 38,
     enabledSkills: [ [Object] ],
     disabledSkills: [],
     ageBonus: 0,
     _name: 'Wheat' },
  stated: 
   { _type: 'StatedElement',
     elementId: 478788,
     elementCellId: 257,
     elementState: 0 } }
{ interactive: 
   { _type: 'InteractiveElementWithAgeBonus',
     elementId: 478790,
     elementTypeId: 38,
     enabledSkills: [ [Object] ],
     disabledSkills: [],
     ageBonus: 0,
     _name: 'Wheat' },
  stated: 
   { _type: 'StatedElement',
     elementId: 478790,
     elementCellId: 381,
     elementState: 0 } }
{ interactive: 
   { _type: 'InteractiveElementWithAgeBonus',
     elementId: 478791,
     elementTypeId: 38,
     enabledSkills: [],
     disabledSkills: [ [Object] ],
     ageBonus: 0,
     _name: 'Wheat' },
  stated: 
   { _type: 'StatedElement',
     elementId: 478791,
     elementCellId: 296,
     elementState: 1 } }
Gathering element :{id : 478788 , cellid : 257 }
No cellid defined for the interactive with cellId : 257
Mouvement vers l'interactive sur la cellule : -1=270
Exectution du trajet vers l'interactive .
[ 488,
  473,
  459,
  444,
  430,
  415,
  401,
  386,
  385,
  371,
  356,
  342,
  327,
  313,
  298,
  270 ]
Sending map request !
Checking pods ...
MapMovement received !
Confirmation du movement dans : 2290(16 cells)
Confirmations du mouvement dans 2290ms
Mouvement confirmée !
Utlisiation de l'interactive (id : 478788,skill : 151161)
''''''''''''''''''''''''''''''''''''
45
{ interactive: 
   { _type: 'InteractiveElementWithAgeBonus',
     elementId: 478750,
     elementTypeId: 38,
     enabledSkills: [],
     disabledSkills: [ [Object] ],
     ageBonus: 0,
     _name: 'Wheat' },
  stated: 
   { _type: 'StatedElement',
     elementId: 478750,
     elementCellId: 489,
     elementState: 1 } }
{ interactive: 
   { _type: 'InteractiveElement',
     elementId: 478751,
     elementTypeId: 38,
     enabledSkills: [],
     disabledSkills: [ [Object] ],
     _name: 'Wheat' },
  stated: 
   { _type: 'StatedElement',
     elementId: 478751,
     elementCellId: 502,
     elementState: 1 } }
{ interactive: 
   { _type: 'InteractiveElementWithAgeBonus',
     elementId: 478752,
     elementTypeId: 38,
     enabledSkills: [],
     disabledSkills: [ [Object] ],
     ageBonus: 0,
     _name: 'Wheat' },
  stated: 
   { _type: 'StatedElement',
     elementId: 478752,
     elementCellId: 488,
     elementState: 1 } }
{ interactive: 
   { _type: 'InteractiveElement',
     elementId: 478753,
     elementTypeId: 38,
     enabledSkills: [],
     disabledSkills: [ [Object] ],
     _name: 'Wheat' },
  stated: 
   { _type: 'StatedElement',
     elementId: 478753,
     elementCellId: 137,
     elementState: 1 } }
{ interactive: 
   { _type: 'InteractiveElement',
     elementId: 478754,
     elementTypeId: 38,
     enabledSkills: [ [Object] ],
     disabledSkills: [],
     _name: 'Wheat' },
  stated: 
   { _type: 'StatedElement',
     elementId: 478754,
     elementCellId: 109,
     elementState: 0 } }
{ interactive: 
   { _type: 'InteractiveElement',
     elementId: 478756,
     elementTypeId: 38,
     enabledSkills: [],
     disabledSkills: [ [Object] ],
     _name: 'Wheat' },
  stated: 
   { _type: 'StatedElement',
     elementId: 478756,
     elementCellId: 123,
     elementState: 1 } }
{ interactive: 
   { _type: 'InteractiveElement',
     elementId: 478760,
     elementTypeId: 38,
     enabledSkills: [],
     disabledSkills: [ [Object] ],
     _name: 'Wheat' },
  stated: 
   { _type: 'StatedElement',
     elementId: 478760,
     elementCellId: 136,
     elementState: 1 } }
{ interactive: 
   { _type: 'InteractiveElement',
     elementId: 478761,
     elementTypeId: 38,
     enabledSkills: [],
     disabledSkills: [ [Object] ],
     _name: 'Wheat' },
  stated: 
   { _type: 'StatedElement',
     elementId: 478761,
     elementCellId: 108,
     elementState: 1 } }
{ interactive: 
   { _type: 'InteractiveElementWithAgeBonus',
     elementId: 478765,
     elementTypeId: 38,
     enabledSkills: [],
     disabledSkills: [ [Object] ],
     ageBonus: 0,
     _name: 'Wheat' },
  stated: 
   { _type: 'StatedElement',
     elementId: 478765,
     elementCellId: 94,
     elementState: 1 } }
{ interactive: 
   { _type: 'InteractiveElement',
     elementId: 478770,
     elementTypeId: 38,
     enabledSkills: [],
     disabledSkills: [ [Object] ],
     _name: 'Wheat' },
  stated: 
   { _type: 'StatedElement',
     elementId: 478770,
     elementCellId: 135,
     elementState: 1 } }
{ interactive: 
   { _type: 'InteractiveElementWithAgeBonus',
     elementId: 478788,
     elementTypeId: 38,
     enabledSkills: [],
     disabledSkills: [ [Object] ],
     ageBonus: 0,
     _name: 'Wheat' },
  stated: 
   { _type: 'StatedElement',
     elementId: 478788,
     elementCellId: 257,
     elementState: 2 } }
{ interactive: 
   { _type: 'InteractiveElementWithAgeBonus',
     elementId: 478790,
     elementTypeId: 38,
     enabledSkills: [ [Object] ],
     disabledSkills: [],
     ageBonus: 0,
     _name: 'Wheat' },
  stated: 
   { _type: 'StatedElement',
     elementId: 478790,
     elementCellId: 381,
     elementState: 0 } }
{ interactive: 
   { _type: 'InteractiveElementWithAgeBonus',
     elementId: 478791,
     elementTypeId: 38,
     enabledSkills: [],
     disabledSkills: [ [Object] ],
     ageBonus: 0,
     _name: 'Wheat' },
  stated: 
   { _type: 'StatedElement',
     elementId: 478791,
     elementCellId: 296,
     elementState: 1 } }
Gathering element :{id : 478790 , cellid : 381 }
No cellid defined for the interactive with cellId : 381
Mouvement vers l'interactive sur la cellule : -1=353
Exectution du trajet vers l'interactive .
[ 270, 298, 326, 340, 353 ]
Sending map request !
Checking pods ...
MapMovement received !
Confirmation du movement dans : 850(5 cells)
Confirmations du mouvement dans 850ms
Mouvement confirmée !
Utlisiation de l'interactive (id : 478790,skill : 151164)
''''''''''''''''''''''''''''''''''''
45
{ interactive: 
   { _type: 'InteractiveElementWithAgeBonus',
     elementId: 478750,
     elementTypeId: 38,
     enabledSkills: [],
     disabledSkills: [ [Object] ],
     ageBonus: 0,
     _name: 'Wheat' },
  stated: 
   { _type: 'StatedElement',
     elementId: 478750,
     elementCellId: 489,
     elementState: 1 } }
{ interactive: 
   { _type: 'InteractiveElement',
     elementId: 478751,
     elementTypeId: 38,
     enabledSkills: [],
     disabledSkills: [ [Object] ],
     _name: 'Wheat' },
  stated: 
   { _type: 'StatedElement',
     elementId: 478751,
     elementCellId: 502,
     elementState: 1 } }
{ interactive: 
   { _type: 'InteractiveElementWithAgeBonus',
     elementId: 478752,
     elementTypeId: 38,
     enabledSkills: [],
     disabledSkills: [ [Object] ],
     ageBonus: 0,
     _name: 'Wheat' },
  stated: 
   { _type: 'StatedElement',
     elementId: 478752,
     elementCellId: 488,
     elementState: 1 } }
{ interactive: 
   { _type: 'InteractiveElement',
     elementId: 478753,
     elementTypeId: 38,
     enabledSkills: [],
     disabledSkills: [ [Object] ],
     _name: 'Wheat' },
  stated: 
   { _type: 'StatedElement',
     elementId: 478753,
     elementCellId: 137,
     elementState: 1 } }
{ interactive: 
   { _type: 'InteractiveElement',
     elementId: 478754,
     elementTypeId: 38,
     enabledSkills: [ [Object] ],
     disabledSkills: [],
     _name: 'Wheat' },
  stated: 
   { _type: 'StatedElement',
     elementId: 478754,
     elementCellId: 109,
     elementState: 0 } }
{ interactive: 
   { _type: 'InteractiveElement',
     elementId: 478756,
     elementTypeId: 38,
     enabledSkills: [],
     disabledSkills: [ [Object] ],
     _name: 'Wheat' },
  stated: 
   { _type: 'StatedElement',
     elementId: 478756,
     elementCellId: 123,
     elementState: 1 } }
{ interactive: 
   { _type: 'InteractiveElement',
     elementId: 478760,
     elementTypeId: 38,
     enabledSkills: [],
     disabledSkills: [ [Object] ],
     _name: 'Wheat' },
  stated: 
   { _type: 'StatedElement',
     elementId: 478760,
     elementCellId: 136,
     elementState: 1 } }
{ interactive: 
   { _type: 'InteractiveElement',
     elementId: 478761,
     elementTypeId: 38,
     enabledSkills: [],
     disabledSkills: [ [Object] ],
     _name: 'Wheat' },
  stated: 
   { _type: 'StatedElement',
     elementId: 478761,
     elementCellId: 108,
     elementState: 1 } }
{ interactive: 
   { _type: 'InteractiveElementWithAgeBonus',
     elementId: 478765,
     elementTypeId: 38,
     enabledSkills: [],
     disabledSkills: [ [Object] ],
     ageBonus: 0,
     _name: 'Wheat' },
  stated: 
   { _type: 'StatedElement',
     elementId: 478765,
     elementCellId: 94,
     elementState: 1 } }
{ interactive: 
   { _type: 'InteractiveElement',
     elementId: 478770,
     elementTypeId: 38,
     enabledSkills: [],
     disabledSkills: [ [Object] ],
     _name: 'Wheat' },
  stated: 
   { _type: 'StatedElement',
     elementId: 478770,
     elementCellId: 135,
     elementState: 1 } }
{ interactive: 
   { _type: 'InteractiveElementWithAgeBonus',
     elementId: 478788,
     elementTypeId: 38,
     enabledSkills: [],
     disabledSkills: [ [Object] ],
     ageBonus: 0,
     _name: 'Wheat' },
  stated: 
   { _type: 'StatedElement',
     elementId: 478788,
     elementCellId: 257,
     elementState: 1 } }
{ interactive: 
   { _type: 'InteractiveElementWithAgeBonus',
     elementId: 478790,
     elementTypeId: 38,
     enabledSkills: [],
     disabledSkills: [ [Object] ],
     ageBonus: 0,
     _name: 'Wheat' },
  stated: 
   { _type: 'StatedElement',
     elementId: 478790,
     elementCellId: 381,
     elementState: 2 } }
{ interactive: 
   { _type: 'InteractiveElementWithAgeBonus',
     elementId: 478791,
     elementTypeId: 38,
     enabledSkills: [],
     disabledSkills: [ [Object] ],
     ageBonus: 0,
     _name: 'Wheat' },
  stated: 
   { _type: 'StatedElement',
     elementId: 478791,
     elementCellId: 296,
     elementState: 1 } }
Gathering element :{id : 478754 , cellid : 109 }
No cellid defined for the interactive with cellId : 109
Mouvement vers l'interactive sur la cellule : -1=137
Exectution du trajet vers l'interactive .
[ 353,
  340,
  341,
  342,
  343,
  329,
  316,
  302,
  289,
  275,
  247,
  234,
  206,
  192,
  164,
  151,
  137 ]
Sending map request !
Checking pods ...
MapMovement received !
Confirmation du movement dans : 3570(17 cells)
Confirmations du mouvement dans 3570ms
Mouvement confirmée !
Utlisiation de l'interactive (id : 478754,skill : 151156)
''''''''''''''''''''''''''''''''''''
45
{ interactive: 
   { _type: 'InteractiveElementWithAgeBonus',
     elementId: 478750,
     elementTypeId: 38,
     enabledSkills: [],
     disabledSkills: [ [Object] ],
     ageBonus: 0,
     _name: 'Wheat' },
  stated: 
   { _type: 'StatedElement',
     elementId: 478750,
     elementCellId: 489,
     elementState: 1 } }
{ interactive: 
   { _type: 'InteractiveElement',
     elementId: 478751,
     elementTypeId: 38,
     enabledSkills: [ [Object] ],
     disabledSkills: [],
     _name: 'Wheat' },
  stated: 
   { _type: 'StatedElement',
     elementId: 478751,
     elementCellId: 502,
     elementState: 0 } }
{ interactive: 
   { _type: 'InteractiveElementWithAgeBonus',
     elementId: 478752,
     elementTypeId: 38,
     enabledSkills: [],
     disabledSkills: [ [Object] ],
     ageBonus: 0,
     _name: 'Wheat' },
  stated: 
   { _type: 'StatedElement',
     elementId: 478752,
     elementCellId: 488,
     elementState: 1 } }
{ interactive: 
   { _type: 'InteractiveElement',
     elementId: 478753,
     elementTypeId: 38,
     enabledSkills: [],
     disabledSkills: [ [Object] ],
     _name: 'Wheat' },
  stated: 
   { _type: 'StatedElement',
     elementId: 478753,
     elementCellId: 137,
     elementState: 1 } }
{ interactive: 
   { _type: 'InteractiveElement',
     elementId: 478754,
     elementTypeId: 38,
     enabledSkills: [],
     disabledSkills: [ [Object] ],
     _name: 'Wheat' },
  stated: 
   { _type: 'StatedElement',
     elementId: 478754,
     elementCellId: 109,
     elementState: 2 } }
{ interactive: 
   { _type: 'InteractiveElement',
     elementId: 478756,
     elementTypeId: 38,
     enabledSkills: [],
     disabledSkills: [ [Object] ],
     _name: 'Wheat' },
  stated: 
   { _type: 'StatedElement',
     elementId: 478756,
     elementCellId: 123,
     elementState: 1 } }
{ interactive: 
   { _type: 'InteractiveElement',
     elementId: 478760,
     elementTypeId: 38,
     enabledSkills: [],
     disabledSkills: [ [Object] ],
     _name: 'Wheat' },
  stated: 
   { _type: 'StatedElement',
     elementId: 478760,
     elementCellId: 136,
     elementState: 1 } }
{ interactive: 
   { _type: 'InteractiveElement',
     elementId: 478761,
     elementTypeId: 38,
     enabledSkills: [],
     disabledSkills: [ [Object] ],
     _name: 'Wheat' },
  stated: 
   { _type: 'StatedElement',
     elementId: 478761,
     elementCellId: 108,
     elementState: 1 } }
{ interactive: 
   { _type: 'InteractiveElementWithAgeBonus',
     elementId: 478765,
     elementTypeId: 38,
     enabledSkills: [],
     disabledSkills: [ [Object] ],
     ageBonus: 0,
     _name: 'Wheat' },
  stated: 
   { _type: 'StatedElement',
     elementId: 478765,
     elementCellId: 94,
     elementState: 1 } }
{ interactive: 
   { _type: 'InteractiveElement',
     elementId: 478770,
     elementTypeId: 38,
     enabledSkills: [],
     disabledSkills: [ [Object] ],
     _name: 'Wheat' },
  stated: 
   { _type: 'StatedElement',
     elementId: 478770,
     elementCellId: 135,
     elementState: 1 } }
{ interactive: 
   { _type: 'InteractiveElementWithAgeBonus',
     elementId: 478788,
     elementTypeId: 38,
     enabledSkills: [],
     disabledSkills: [ [Object] ],
     ageBonus: 0,
     _name: 'Wheat' },
  stated: 
   { _type: 'StatedElement',
     elementId: 478788,
     elementCellId: 257,
     elementState: 1 } }
{ interactive: 
   { _type: 'InteractiveElementWithAgeBonus',
     elementId: 478790,
     elementTypeId: 38,
     enabledSkills: [],
     disabledSkills: [ [Object] ],
     ageBonus: 0,
     _name: 'Wheat' },
  stated: 
   { _type: 'StatedElement',
     elementId: 478790,
     elementCellId: 381,
     elementState: 1 } }
{ interactive: 
   { _type: 'InteractiveElementWithAgeBonus',
     elementId: 478791,
     elementTypeId: 38,
     enabledSkills: [],
     disabledSkills: [ [Object] ],
     ageBonus: 0,
     _name: 'Wheat' },
  stated: 
   { _type: 'StatedElement',
     elementId: 478791,
     elementCellId: 296,
     elementState: 1 } }
Gathering element :{id : 478751 , cellid : 502 }
No cellid defined for the interactive with cellId : 502
Mouvement vers l'interactive sur la cellule : -1=474
Exectution du trajet vers l'interactive .
[ 137,
  165,
  193,
  221,
  249,
  277,
  305,
  333,
  347,
  360,
  388,
  403,
  417,
  445,
  460,
  474 ]
Sending map request !
Checking pods ...
MapMovement received !
Confirmation du movement dans : 2640(16 cells)
Confirmations du mouvement dans 2640ms
Mouvement confirmée !
Utlisiation de l'interactive (id : 478751,skill : 151167)
''''''''''''''''''''''''''''''''''''
45
{ interactive: 
   { _type: 'InteractiveElementWithAgeBonus',
     elementId: 478750,
     elementTypeId: 38,
     enabledSkills: [],
     disabledSkills: [ [Object] ],
     ageBonus: 0,
     _name: 'Wheat' },
  stated: 
   { _type: 'StatedElement',
     elementId: 478750,
     elementCellId: 489,
     elementState: 1 } }
{ interactive: 
   { _type: 'InteractiveElement',
     elementId: 478751,
     elementTypeId: 38,
     enabledSkills: [],
     disabledSkills: [ [Object] ],
     _name: 'Wheat' },
  stated: 
   { _type: 'StatedElement',
     elementId: 478751,
     elementCellId: 502,
     elementState: 2 } }
{ interactive: 
   { _type: 'InteractiveElementWithAgeBonus',
     elementId: 478752,
     elementTypeId: 38,
     enabledSkills: [],
     disabledSkills: [ [Object] ],
     ageBonus: 0,
     _name: 'Wheat' },
  stated: 
   { _type: 'StatedElement',
     elementId: 478752,
     elementCellId: 488,
     elementState: 1 } }
{ interactive: 
   { _type: 'InteractiveElement',
     elementId: 478753,
     elementTypeId: 38,
     enabledSkills: [],
     disabledSkills: [ [Object] ],
     _name: 'Wheat' },
  stated: 
   { _type: 'StatedElement',
     elementId: 478753,
     elementCellId: 137,
     elementState: 1 } }
{ interactive: 
   { _type: 'InteractiveElement',
     elementId: 478754,
     elementTypeId: 38,
     enabledSkills: [],
     disabledSkills: [ [Object] ],
     _name: 'Wheat' },
  stated: 
   { _type: 'StatedElement',
     elementId: 478754,
     elementCellId: 109,
     elementState: 1 } }
{ interactive: 
   { _type: 'InteractiveElement',
     elementId: 478756,
     elementTypeId: 38,
     enabledSkills: [],
     disabledSkills: [ [Object] ],
     _name: 'Wheat' },
  stated: 
   { _type: 'StatedElement',
     elementId: 478756,
     elementCellId: 123,
     elementState: 1 } }
{ interactive: 
   { _type: 'InteractiveElement',
     elementId: 478760,
     elementTypeId: 38,
     enabledSkills: [],
     disabledSkills: [ [Object] ],
     _name: 'Wheat' },
  stated: 
   { _type: 'StatedElement',
     elementId: 478760,
     elementCellId: 136,
     elementState: 1 } }
{ interactive: 
   { _type: 'InteractiveElement',
     elementId: 478761,
     elementTypeId: 38,
     enabledSkills: [],
     disabledSkills: [ [Object] ],
     _name: 'Wheat' },
  stated: 
   { _type: 'StatedElement',
     elementId: 478761,
     elementCellId: 108,
     elementState: 1 } }
{ interactive: 
   { _type: 'InteractiveElementWithAgeBonus',
     elementId: 478765,
     elementTypeId: 38,
     enabledSkills: [],
     disabledSkills: [ [Object] ],
     ageBonus: 0,
     _name: 'Wheat' },
  stated: 
   { _type: 'StatedElement',
     elementId: 478765,
     elementCellId: 94,
     elementState: 1 } }
{ interactive: 
   { _type: 'InteractiveElement',
     elementId: 478770,
     elementTypeId: 38,
     enabledSkills: [],
     disabledSkills: [ [Object] ],
     _name: 'Wheat' },
  stated: 
   { _type: 'StatedElement',
     elementId: 478770,
     elementCellId: 135,
     elementState: 1 } }
{ interactive: 
   { _type: 'InteractiveElementWithAgeBonus',
     elementId: 478788,
     elementTypeId: 38,
     enabledSkills: [],
     disabledSkills: [ [Object] ],
     ageBonus: 0,
     _name: 'Wheat' },
  stated: 
   { _type: 'StatedElement',
     elementId: 478788,
     elementCellId: 257,
     elementState: 1 } }
{ interactive: 
   { _type: 'InteractiveElementWithAgeBonus',
     elementId: 478790,
     elementTypeId: 38,
     enabledSkills: [],
     disabledSkills: [ [Object] ],
     ageBonus: 0,
     _name: 'Wheat' },
  stated: 
   { _type: 'StatedElement',
     elementId: 478790,
     elementCellId: 381,
     elementState: 1 } }
{ interactive: 
   { _type: 'InteractiveElementWithAgeBonus',
     elementId: 478791,
     elementTypeId: 38,
     enabledSkills: [],
     disabledSkills: [ [Object] ],
     ageBonus: 0,
     _name: 'Wheat' },
  stated: 
   { _type: 'StatedElement',
     elementId: 478791,
     elementCellId: 296,
     elementState: 1 } }
Plus de ressources à récolter disponibles , on passe à la map suivante .
[DEBUG] Path calculated {source : 474=474 , target : 19=19} , let's process it !
[ 474,
  460,
  445,
  431,
  416,
  388,
  374,
  346,
  331,
  303,
  289,
  261,
  246,
  232,
  204,
  189,
  161,
  147,
  119,
  104,
  76,
  62,
  47,
  19 ]
Sending map request !
[Aucun groupe:0:info][Trajet]Changement de carte sur une cellule aléatoire .
Checking pods ...
MapMovement received !
Confirmation du movement dans : 3630(24 cells)
Confirmations du mouvement dans 3630ms
Mouvement confirmée !
Key movements proccesed !
Movement ok 
[Sync]Processing ...
[Sync]Ready to process !
[Sync]Trajet ready ...
Checking pods ...
[Aucun groupe:0:info][Trajet]Execution map 84674822 .
''''''''''''''''''''''''''''''''''''
45
{ interactive: 
   { _type: 'InteractiveElementWithAgeBonus',
     elementId: 478795,
     elementTypeId: 38,
     enabledSkills: [ [Object] ],
     disabledSkills: [],
     ageBonus: 0,
     _name: 'Wheat' },
  stated: 
   { _type: 'StatedElement',
     elementId: 478795,
     elementCellId: 333,
     elementState: 0 } }
{ interactive: 
   { _type: 'InteractiveElementWithAgeBonus',
     elementId: 478798,
     elementTypeId: 38,
     enabledSkills: [ [Object] ],
     disabledSkills: [],
     ageBonus: 0,
     _name: 'Wheat' },
  stated: 
   { _type: 'StatedElement',
     elementId: 478798,
     elementCellId: 347,
     elementState: 0 } }
{ interactive: 
   { _type: 'InteractiveElementWithAgeBonus',
     elementId: 478799,
     elementTypeId: 38,
     enabledSkills: [ [Object] ],
     disabledSkills: [],
     ageBonus: 0,
     _name: 'Wheat' },
  stated: 
   { _type: 'StatedElement',
     elementId: 478799,
     elementCellId: 319,
     elementState: 0 } }
{ interactive: 
   { _type: 'InteractiveElementWithAgeBonus',
     elementId: 478800,
     elementTypeId: 38,
     enabledSkills: [ [Object] ],
     disabledSkills: [],
     ageBonus: 0,
     _name: 'Wheat' },
  stated: 
   { _type: 'StatedElement',
     elementId: 478800,
     elementCellId: 388,
     elementState: 0 } }
{ interactive: 
   { _type: 'InteractiveElementWithAgeBonus',
     elementId: 478801,
     elementTypeId: 38,
     enabledSkills: [ [Object] ],
     disabledSkills: [],
     ageBonus: 0,
     _name: 'Wheat' },
  stated: 
   { _type: 'StatedElement',
     elementId: 478801,
     elementCellId: 360,
     elementState: 0 } }
{ interactive: 
   { _type: 'InteractiveElementWithAgeBonus',
     elementId: 478802,
     elementTypeId: 38,
     enabledSkills: [ [Object] ],
     disabledSkills: [],
     ageBonus: 0,
     _name: 'Wheat' },
  stated: 
   { _type: 'StatedElement',
     elementId: 478802,
     elementCellId: 346,
     elementState: 0 } }
{ interactive: 
   { _type: 'InteractiveElementWithAgeBonus',
     elementId: 478803,
     elementTypeId: 38,
     enabledSkills: [ [Object] ],
     disabledSkills: [],
     ageBonus: 0,
     _name: 'Wheat' },
  stated: 
   { _type: 'StatedElement',
     elementId: 478803,
     elementCellId: 318,
     elementState: 0 } }
{ interactive: 
   { _type: 'InteractiveElementWithAgeBonus',
     elementId: 478804,
     elementTypeId: 38,
     enabledSkills: [ [Object] ],
     disabledSkills: [],
     ageBonus: 0,
     _name: 'Wheat' },
  stated: 
   { _type: 'StatedElement',
     elementId: 478804,
     elementCellId: 290,
     elementState: 0 } }
{ interactive: 
   { _type: 'InteractiveElementWithAgeBonus',
     elementId: 478805,
     elementTypeId: 38,
     enabledSkills: [ [Object] ],
     disabledSkills: [],
     ageBonus: 0,
     _name: 'Wheat' },
  stated: 
   { _type: 'StatedElement',
     elementId: 478805,
     elementCellId: 415,
     elementState: 0 } }
{ interactive: 
   { _type: 'InteractiveElementWithAgeBonus',
     elementId: 478806,
     elementTypeId: 38,
     enabledSkills: [ [Object] ],
     disabledSkills: [],
     ageBonus: 0,
     _name: 'Wheat' },
  stated: 
   { _type: 'StatedElement',
     elementId: 478806,
     elementCellId: 387,
     elementState: 0 } }
{ interactive: 
   { _type: 'InteractiveElementWithAgeBonus',
     elementId: 478807,
     elementTypeId: 38,
     enabledSkills: [ [Object] ],
     disabledSkills: [],
     ageBonus: 1,
     _name: 'Wheat' },
  stated: 
   { _type: 'StatedElement',
     elementId: 478807,
     elementCellId: 275,
     elementState: 0 } }
{ interactive: 
   { _type: 'InteractiveElementWithAgeBonus',
     elementId: 478808,
     elementTypeId: 38,
     enabledSkills: [ [Object] ],
     disabledSkills: [],
     ageBonus: 0,
     _name: 'Wheat' },
  stated: 
   { _type: 'StatedElement',
     elementId: 478808,
     elementCellId: 373,
     elementState: 0 } }
{ interactive: 
   { _type: 'InteractiveElement',
     elementId: 478809,
     elementTypeId: 38,
     enabledSkills: [],
     disabledSkills: [ [Object] ],
     _name: 'Wheat' },
  stated: 
   { _type: 'StatedElement',
     elementId: 478809,
     elementCellId: 442,
     elementState: 1 } }
{ interactive: 
   { _type: 'InteractiveElementWithAgeBonus',
     elementId: 478810,
     elementTypeId: 38,
     enabledSkills: [ [Object] ],
     disabledSkills: [],
     ageBonus: 0,
     _name: 'Wheat' },
  stated: 
   { _type: 'StatedElement',
     elementId: 478810,
     elementCellId: 414,
     elementState: 0 } }
{ interactive: 
   { _type: 'InteractiveElement',
     elementId: 478811,
     elementTypeId: 38,
     enabledSkills: [],
     disabledSkills: [ [Object] ],
     _name: 'Wheat' },
  stated: 
   { _type: 'StatedElement',
     elementId: 478811,
     elementCellId: 358,
     elementState: 1 } }
{ interactive: 
   { _type: 'InteractiveElement',
     elementId: 478812,
     elementTypeId: 38,
     enabledSkills: [],
     disabledSkills: [ [Object] ],
     _name: 'Wheat' },
  stated: 
   { _type: 'StatedElement',
     elementId: 478812,
     elementCellId: 330,
     elementState: 1 } }
{ interactive: 
   { _type: 'InteractiveElementWithAgeBonus',
     elementId: 478813,
     elementTypeId: 38,
     enabledSkills: [ [Object] ],
     disabledSkills: [],
     ageBonus: 1,
     _name: 'Wheat' },
  stated: 
   { _type: 'StatedElement',
     elementId: 478813,
     elementCellId: 302,
     elementState: 0 } }
{ interactive: 
   { _type: 'InteractiveElementWithAgeBonus',
     elementId: 478814,
     elementTypeId: 38,
     enabledSkills: [ [Object] ],
     disabledSkills: [],
     ageBonus: 1,
     _name: 'Wheat' },
  stated: 
   { _type: 'StatedElement',
     elementId: 478814,
     elementCellId: 274,
     elementState: 0 } }
{ interactive: 
   { _type: 'InteractiveElement',
     elementId: 478815,
     elementTypeId: 38,
     enabledSkills: [],
     disabledSkills: [ [Object] ],
     _name: 'Wheat' },
  stated: 
   { _type: 'StatedElement',
     elementId: 478815,
     elementCellId: 357,
     elementState: 1 } }
{ interactive: 
   { _type: 'InteractiveElementWithAgeBonus',
     elementId: 478816,
     elementTypeId: 38,
     enabledSkills: [ [Object] ],
     disabledSkills: [],
     ageBonus: 0,
     _name: 'Wheat' },
  stated: 
   { _type: 'StatedElement',
     elementId: 478816,
     elementCellId: 329,
     elementState: 0 } }
{ interactive: 
   { _type: 'InteractiveElementWithAgeBonus',
     elementId: 478817,
     elementTypeId: 38,
     enabledSkills: [ [Object] ],
     disabledSkills: [],
     ageBonus: 0,
     _name: 'Wheat' },
  stated: 
   { _type: 'StatedElement',
     elementId: 478817,
     elementCellId: 399,
     elementState: 0 } }
{ interactive: 
   { _type: 'InteractiveElementWithAgeBonus',
     elementId: 478818,
     elementTypeId: 38,
     enabledSkills: [ [Object] ],
     disabledSkills: [],
     ageBonus: 0,
     _name: 'Wheat' },
  stated: 
   { _type: 'StatedElement',
     elementId: 478818,
     elementCellId: 343,
     elementState: 0 } }
{ interactive: 
   { _type: 'InteractiveElement',
     elementId: 478819,
     elementTypeId: 38,
     enabledSkills: [],
     disabledSkills: [ [Object] ],
     _name: 'Wheat' },
  stated: 
   { _type: 'StatedElement',
     elementId: 478819,
     elementCellId: 356,
     elementState: 1 } }
{ interactive: 
   { _type: 'InteractiveElementWithAgeBonus',
     elementId: 478823,
     elementTypeId: 38,
     enabledSkills: [ [Object] ],
     disabledSkills: [],
     ageBonus: 2,
     _name: 'Wheat' },
  stated: 
   { _type: 'StatedElement',
     elementId: 478823,
     elementCellId: 266,
     elementState: 0 } }
Gathering element :{id : 478805 , cellid : 415 }
No cellid defined for the interactive with cellId : 415
Mouvement vers l'interactive sur la cellule : -1=414
Exectution du trajet vers l'interactive .
[ 551, 538, 524, 511, 497, 469, 441, 428, 414 ]
Sending map request !
[Aucun groupe:0:info][Trajet]Execution de la récolte...
MapMovement received !
Confirmation du movement dans : 1870(9 cells)
Confirmations du mouvement dans 1870ms
Mouvement confirmée !
Utlisiation de l'interactive (id : 478805,skill : 151045)
''''''''''''''''''''''''''''''''''''
45
{ interactive: 
   { _type: 'InteractiveElementWithAgeBonus',
     elementId: 478795,
     elementTypeId: 38,
     enabledSkills: [ [Object] ],
     disabledSkills: [],
     ageBonus: 0,
     _name: 'Wheat' },
  stated: 
   { _type: 'StatedElement',
     elementId: 478795,
     elementCellId: 333,
     elementState: 0 } }
{ interactive: 
   { _type: 'InteractiveElementWithAgeBonus',
     elementId: 478798,
     elementTypeId: 38,
     enabledSkills: [ [Object] ],
     disabledSkills: [],
     ageBonus: 0,
     _name: 'Wheat' },
  stated: 
   { _type: 'StatedElement',
     elementId: 478798,
     elementCellId: 347,
     elementState: 0 } }
{ interactive: 
   { _type: 'InteractiveElementWithAgeBonus',
     elementId: 478799,
     elementTypeId: 38,
     enabledSkills: [ [Object] ],
     disabledSkills: [],
     ageBonus: 0,
     _name: 'Wheat' },
  stated: 
   { _type: 'StatedElement',
     elementId: 478799,
     elementCellId: 319,
     elementState: 0 } }
{ interactive: 
   { _type: 'InteractiveElementWithAgeBonus',
     elementId: 478800,
     elementTypeId: 38,
     enabledSkills: [ [Object] ],
     disabledSkills: [],
     ageBonus: 0,
     _name: 'Wheat' },
  stated: 
   { _type: 'StatedElement',
     elementId: 478800,
     elementCellId: 388,
     elementState: 0 } }
{ interactive: 
   { _type: 'InteractiveElementWithAgeBonus',
     elementId: 478801,
     elementTypeId: 38,
     enabledSkills: [ [Object] ],
     disabledSkills: [],
     ageBonus: 0,
     _name: 'Wheat' },
  stated: 
   { _type: 'StatedElement',
     elementId: 478801,
     elementCellId: 360,
     elementState: 0 } }
{ interactive: 
   { _type: 'InteractiveElementWithAgeBonus',
     elementId: 478802,
     elementTypeId: 38,
     enabledSkills: [ [Object] ],
     disabledSkills: [],
     ageBonus: 0,
     _name: 'Wheat' },
  stated: 
   { _type: 'StatedElement',
     elementId: 478802,
     elementCellId: 346,
     elementState: 0 } }
{ interactive: 
   { _type: 'InteractiveElementWithAgeBonus',
     elementId: 478803,
     elementTypeId: 38,
     enabledSkills: [ [Object] ],
     disabledSkills: [],
     ageBonus: 0,
     _name: 'Wheat' },
  stated: 
   { _type: 'StatedElement',
     elementId: 478803,
     elementCellId: 318,
     elementState: 0 } }
{ interactive: 
   { _type: 'InteractiveElementWithAgeBonus',
     elementId: 478804,
     elementTypeId: 38,
     enabledSkills: [ [Object] ],
     disabledSkills: [],
     ageBonus: 0,
     _name: 'Wheat' },
  stated: 
   { _type: 'StatedElement',
     elementId: 478804,
     elementCellId: 290,
     elementState: 0 } }
{ interactive: 
   { _type: 'InteractiveElementWithAgeBonus',
     elementId: 478805,
     elementTypeId: 38,
     enabledSkills: [],
     disabledSkills: [ [Object] ],
     ageBonus: 0,
     _name: 'Wheat' },
  stated: 
   { _type: 'StatedElement',
     elementId: 478805,
     elementCellId: 415,
     elementState: 2 } }
{ interactive: 
   { _type: 'InteractiveElementWithAgeBonus',
     elementId: 478806,
     elementTypeId: 38,
     enabledSkills: [ [Object] ],
     disabledSkills: [],
     ageBonus: 0,
     _name: 'Wheat' },
  stated: 
   { _type: 'StatedElement',
     elementId: 478806,
     elementCellId: 387,
     elementState: 0 } }
{ interactive: 
   { _type: 'InteractiveElementWithAgeBonus',
     elementId: 478807,
     elementTypeId: 38,
     enabledSkills: [ [Object] ],
     disabledSkills: [],
     ageBonus: 1,
     _name: 'Wheat' },
  stated: 
   { _type: 'StatedElement',
     elementId: 478807,
     elementCellId: 275,
     elementState: 0 } }
{ interactive: 
   { _type: 'InteractiveElementWithAgeBonus',
     elementId: 478808,
     elementTypeId: 38,
     enabledSkills: [ [Object] ],
     disabledSkills: [],
     ageBonus: 0,
     _name: 'Wheat' },
  stated: 
   { _type: 'StatedElement',
     elementId: 478808,
     elementCellId: 373,
     elementState: 0 } }
{ interactive: 
   { _type: 'InteractiveElement',
     elementId: 478809,
     elementTypeId: 38,
     enabledSkills: [],
     disabledSkills: [ [Object] ],
     _name: 'Wheat' },
  stated: 
   { _type: 'StatedElement',
     elementId: 478809,
     elementCellId: 442,
     elementState: 1 } }
{ interactive: 
   { _type: 'InteractiveElementWithAgeBonus',
     elementId: 478810,
     elementTypeId: 38,
     enabledSkills: [ [Object] ],
     disabledSkills: [],
     ageBonus: 0,
     _name: 'Wheat' },
  stated: 
   { _type: 'StatedElement',
     elementId: 478810,
     elementCellId: 414,
     elementState: 0 } }
{ interactive: 
   { _type: 'InteractiveElement',
     elementId: 478811,
     elementTypeId: 38,
     enabledSkills: [],
     disabledSkills: [ [Object] ],
     _name: 'Wheat' },
  stated: 
   { _type: 'StatedElement',
     elementId: 478811,
     elementCellId: 358,
     elementState: 1 } }
{ interactive: 
   { _type: 'InteractiveElement',
     elementId: 478812,
     elementTypeId: 38,
     enabledSkills: [],
     disabledSkills: [ [Object] ],
     _name: 'Wheat' },
  stated: 
   { _type: 'StatedElement',
     elementId: 478812,
     elementCellId: 330,
     elementState: 1 } }
{ interactive: 
   { _type: 'InteractiveElementWithAgeBonus',
     elementId: 478813,
     elementTypeId: 38,
     enabledSkills: [ [Object] ],
     disabledSkills: [],
     ageBonus: 1,
     _name: 'Wheat' },
  stated: 
   { _type: 'StatedElement',
     elementId: 478813,
     elementCellId: 302,
     elementState: 0 } }
{ interactive: 
   { _type: 'InteractiveElementWithAgeBonus',
     elementId: 478814,
     elementTypeId: 38,
     enabledSkills: [ [Object] ],
     disabledSkills: [],
     ageBonus: 1,
     _name: 'Wheat' },
  stated: 
   { _type: 'StatedElement',
     elementId: 478814,
     elementCellId: 274,
     elementState: 0 } }
{ interactive: 
   { _type: 'InteractiveElement',
     elementId: 478815,
     elementTypeId: 38,
     enabledSkills: [],
     disabledSkills: [ [Object] ],
     _name: 'Wheat' },
  stated: 
   { _type: 'StatedElement',
     elementId: 478815,
     elementCellId: 357,
     elementState: 1 } }
{ interactive: 
   { _type: 'InteractiveElementWithAgeBonus',
     elementId: 478816,
     elementTypeId: 38,
     enabledSkills: [ [Object] ],
     disabledSkills: [],
     ageBonus: 0,
     _name: 'Wheat' },
  stated: 
   { _type: 'StatedElement',
     elementId: 478816,
     elementCellId: 329,
     elementState: 0 } }
{ interactive: 
   { _type: 'InteractiveElementWithAgeBonus',
     elementId: 478817,
     elementTypeId: 38,
     enabledSkills: [ [Object] ],
     disabledSkills: [],
     ageBonus: 0,
     _name: 'Wheat' },
  stated: 
   { _type: 'StatedElement',
     elementId: 478817,
     elementCellId: 399,
     elementState: 0 } }
{ interactive: 
   { _type: 'InteractiveElementWithAgeBonus',
     elementId: 478818,
     elementTypeId: 38,
     enabledSkills: [ [Object] ],
     disabledSkills: [],
     ageBonus: 0,
     _name: 'Wheat' },
  stated: 
   { _type: 'StatedElement',
     elementId: 478818,
     elementCellId: 343,
     elementState: 0 } }
{ interactive: 
   { _type: 'InteractiveElement',
     elementId: 478819,
     elementTypeId: 38,
     enabledSkills: [],
     disabledSkills: [ [Object] ],
     _name: 'Wheat' },
  stated: 
   { _type: 'StatedElement',
     elementId: 478819,
     elementCellId: 356,
     elementState: 1 } }
{ interactive: 
   { _type: 'InteractiveElementWithAgeBonus',
     elementId: 478823,
     elementTypeId: 38,
     enabledSkills: [ [Object] ],
     disabledSkills: [],
     ageBonus: 2,
     _name: 'Wheat' },
  stated: 
   { _type: 'StatedElement',
     elementId: 478823,
     elementCellId: 266,
     elementState: 0 } }
Gathering element :{id : 478810 , cellid : 414 }
No cellid defined for the interactive with cellId : 414
Mouvement vers l'interactive sur la cellule : -1=undefined
Exectution du trajet vers l'interactive .
pas de mouvement à faire wesh x)
Utlisiation de l'interactive (id : 478810,skill : 151044)
Checking pods ...
''''''''''''''''''''''''''''''''''''
45
{ interactive: 
   { _type: 'InteractiveElementWithAgeBonus',
     elementId: 478795,
     elementTypeId: 38,
     enabledSkills: [ [Object] ],
     disabledSkills: [],
     ageBonus: 0,
     _name: 'Wheat' },
  stated: 
   { _type: 'StatedElement',
     elementId: 478795,
     elementCellId: 333,
     elementState: 0 } }
{ interactive: 
   { _type: 'InteractiveElementWithAgeBonus',
     elementId: 478798,
     elementTypeId: 38,
     enabledSkills: [ [Object] ],
     disabledSkills: [],
     ageBonus: 0,
     _name: 'Wheat' },
  stated: 
   { _type: 'StatedElement',
     elementId: 478798,
     elementCellId: 347,
     elementState: 0 } }
{ interactive: 
   { _type: 'InteractiveElementWithAgeBonus',
     elementId: 478799,
     elementTypeId: 38,
     enabledSkills: [ [Object] ],
     disabledSkills: [],
     ageBonus: 0,
     _name: 'Wheat' },
  stated: 
   { _type: 'StatedElement',
     elementId: 478799,
     elementCellId: 319,
     elementState: 0 } }
{ interactive: 
   { _type: 'InteractiveElementWithAgeBonus',
     elementId: 478800,
     elementTypeId: 38,
     enabledSkills: [ [Object] ],
     disabledSkills: [],
     ageBonus: 0,
     _name: 'Wheat' },
  stated: 
   { _type: 'StatedElement',
     elementId: 478800,
     elementCellId: 388,
     elementState: 0 } }
{ interactive: 
   { _type: 'InteractiveElementWithAgeBonus',
     elementId: 478801,
     elementTypeId: 38,
     enabledSkills: [ [Object] ],
     disabledSkills: [],
     ageBonus: 0,
     _name: 'Wheat' },
  stated: 
   { _type: 'StatedElement',
     elementId: 478801,
     elementCellId: 360,
     elementState: 0 } }
{ interactive: 
   { _type: 'InteractiveElementWithAgeBonus',
     elementId: 478802,
     elementTypeId: 38,
     enabledSkills: [ [Object] ],
     disabledSkills: [],
     ageBonus: 0,
     _name: 'Wheat' },
  stated: 
   { _type: 'StatedElement',
     elementId: 478802,
     elementCellId: 346,
     elementState: 0 } }
{ interactive: 
   { _type: 'InteractiveElementWithAgeBonus',
     elementId: 478803,
     elementTypeId: 38,
     enabledSkills: [ [Object] ],
     disabledSkills: [],
     ageBonus: 0,
     _name: 'Wheat' },
  stated: 
   { _type: 'StatedElement',
     elementId: 478803,
     elementCellId: 318,
     elementState: 0 } }
{ interactive: 
   { _type: 'InteractiveElementWithAgeBonus',
     elementId: 478804,
     elementTypeId: 38,
     enabledSkills: [ [Object] ],
     disabledSkills: [],
     ageBonus: 0,
     _name: 'Wheat' },
  stated: 
   { _type: 'StatedElement',
     elementId: 478804,
     elementCellId: 290,
     elementState: 0 } }
{ interactive: 
   { _type: 'InteractiveElementWithAgeBonus',
     elementId: 478805,
     elementTypeId: 38,
     enabledSkills: [],
     disabledSkills: [ [Object] ],
     ageBonus: 0,
     _name: 'Wheat' },
  stated: 
   { _type: 'StatedElement',
     elementId: 478805,
     elementCellId: 415,
     elementState: 1 } }
{ interactive: 
   { _type: 'InteractiveElementWithAgeBonus',
     elementId: 478806,
     elementTypeId: 38,
     enabledSkills: [ [Object] ],
     disabledSkills: [],
     ageBonus: 0,
     _name: 'Wheat' },
  stated: 
   { _type: 'StatedElement',
     elementId: 478806,
     elementCellId: 387,
     elementState: 0 } }
{ interactive: 
   { _type: 'InteractiveElementWithAgeBonus',
     elementId: 478807,
     elementTypeId: 38,
     enabledSkills: [ [Object] ],
     disabledSkills: [],
     ageBonus: 1,
     _name: 'Wheat' },
  stated: 
   { _type: 'StatedElement',
     elementId: 478807,
     elementCellId: 275,
     elementState: 0 } }
{ interactive: 
   { _type: 'InteractiveElementWithAgeBonus',
     elementId: 478808,
     elementTypeId: 38,
     enabledSkills: [ [Object] ],
     disabledSkills: [],
     ageBonus: 0,
     _name: 'Wheat' },
  stated: 
   { _type: 'StatedElement',
     elementId: 478808,
     elementCellId: 373,
     elementState: 0 } }
{ interactive: 
   { _type: 'InteractiveElement',
     elementId: 478809,
     elementTypeId: 38,
     enabledSkills: [],
     disabledSkills: [ [Object] ],
     _name: 'Wheat' },
  stated: 
   { _type: 'StatedElement',
     elementId: 478809,
     elementCellId: 442,
     elementState: 1 } }
{ interactive: 
   { _type: 'InteractiveElementWithAgeBonus',
     elementId: 478810,
     elementTypeId: 38,
     enabledSkills: [],
     disabledSkills: [ [Object] ],
     ageBonus: 0,
     _name: 'Wheat' },
  stated: 
   { _type: 'StatedElement',
     elementId: 478810,
     elementCellId: 414,
     elementState: 2 } }
{ interactive: 
   { _type: 'InteractiveElement',
     elementId: 478811,
     elementTypeId: 38,
     enabledSkills: [],
     disabledSkills: [ [Object] ],
     _name: 'Wheat' },
  stated: 
   { _type: 'StatedElement',
     elementId: 478811,
     elementCellId: 358,
     elementState: 1 } }
{ interactive: 
   { _type: 'InteractiveElement',
     elementId: 478812,
     elementTypeId: 38,
     enabledSkills: [],
     disabledSkills: [ [Object] ],
     _name: 'Wheat' },
  stated: 
   { _type: 'StatedElement',
     elementId: 478812,
     elementCellId: 330,
     elementState: 1 } }
{ interactive: 
   { _type: 'InteractiveElementWithAgeBonus',
     elementId: 478813,
     elementTypeId: 38,
     enabledSkills: [ [Object] ],
     disabledSkills: [],
     ageBonus: 1,
     _name: 'Wheat' },
  stated: 
   { _type: 'StatedElement',
     elementId: 478813,
     elementCellId: 302,
     elementState: 0 } }
{ interactive: 
   { _type: 'InteractiveElementWithAgeBonus',
     elementId: 478814,
     elementTypeId: 38,
     enabledSkills: [ [Object] ],
     disabledSkills: [],
     ageBonus: 1,
     _name: 'Wheat' },
  stated: 
   { _type: 'StatedElement',
     elementId: 478814,
     elementCellId: 274,
     elementState: 0 } }
{ interactive: 
   { _type: 'InteractiveElement',
     elementId: 478815,
     elementTypeId: 38,
     enabledSkills: [],
     disabledSkills: [ [Object] ],
     _name: 'Wheat' },
  stated: 
   { _type: 'StatedElement',
     elementId: 478815,
     elementCellId: 357,
     elementState: 1 } }
{ interactive: 
   { _type: 'InteractiveElementWithAgeBonus',
     elementId: 478816,
     elementTypeId: 38,
     enabledSkills: [ [Object] ],
     disabledSkills: [],
     ageBonus: 0,
     _name: 'Wheat' },
  stated: 
   { _type: 'StatedElement',
     elementId: 478816,
     elementCellId: 329,
     elementState: 0 } }
{ interactive: 
   { _type: 'InteractiveElementWithAgeBonus',
     elementId: 478817,
     elementTypeId: 38,
     enabledSkills: [ [Object] ],
     disabledSkills: [],
     ageBonus: 0,
     _name: 'Wheat' },
  stated: 
   { _type: 'StatedElement',
     elementId: 478817,
     elementCellId: 399,
     elementState: 0 } }
{ interactive: 
   { _type: 'InteractiveElementWithAgeBonus',
     elementId: 478818,
     elementTypeId: 38,
     enabledSkills: [],
     disabledSkills: [ [Object] ],
     ageBonus: 0,
     _name: 'Wheat' },
  stated: 
   { _type: 'StatedElement',
     elementId: 478818,
     elementCellId: 343,
     elementState: 2 } }
{ interactive: 
   { _type: 'InteractiveElement',
     elementId: 478819,
     elementTypeId: 38,
     enabledSkills: [],
     disabledSkills: [ [Object] ],
     _name: 'Wheat' },
  stated: 
   { _type: 'StatedElement',
     elementId: 478819,
     elementCellId: 356,
     elementState: 1 } }
{ interactive: 
   { _type: 'InteractiveElementWithAgeBonus',
     elementId: 478823,
     elementTypeId: 38,
     enabledSkills: [ [Object] ],
     disabledSkills: [],
     ageBonus: 2,
     _name: 'Wheat' },
  stated: 
   { _type: 'StatedElement',
     elementId: 478823,
     elementCellId: 266,
     elementState: 0 } }
Gathering element :{id : 478806 , cellid : 387 }
No cellid defined for the interactive with cellId : 387
Mouvement vers l'interactive sur la cellule : -1=401
Exectution du trajet vers l'interactive .
[ 414, 401 ]
Sending map request !
Checking pods ...
MapMovement received !
Confirmation du movement dans : 510(2 cells)
Confirmations du mouvement dans 510ms
Mouvement confirmée !
Utlisiation de l'interactive (id : 478806,skill : 151041)
[Aucun groupe:0:info][FightManager]Debut du combat !
[Ia]Default loaded !
{"call":"global-state-request"}
Server request for state ...
Turn ready ...
[Aucun groupe:0:info][Fight]Debut du tours de jeux
[Aucun groupe:0:info]Aucun sort dans la pile !
[Aucun groupe:0:info]Aucun sort dans la pile !
[Aucun groupe:0:info]IA on se raproche
Turn ready ...
Turn ready ...
Turn ready ...
Turn ready ...
Turn ready ...
Turn ready ...
Turn ready ...
[Aucun groupe:0:info][Fight]Debut du tours de jeux
[Aucun groupe:0:info]Aucun sort dans la pile !
[Aucun groupe:0:info]IA on se raproche
Turn ready ...
Turn ready ...
Turn ready ...
Turn ready ...
Turn ready ...
Turn ready ...
Turn ready ...
[Aucun groupe:0:info][Fight]Debut du tours de jeux
[Aucun groupe:0:info]Aucun sort dans la pile !
[Aucun groupe:0:info]IA on se raproche
Turn ready ...
Turn ready ...
Turn ready ...
Turn ready ...
Turn ready ...
Turn ready ...
Combat terminer !
[Aucun groupe:0:info][Infos]You have lost <b>150</b> energy points.
{"call":"global-state-request"}
Server request for state ...
{"call":"global-state-request"}
Server request for state ...
Undefined actor {"_type":"GameRolePlayNpcWithQuestInformations","contextualId":-1,"look":{"_type":"EntityLook","bonesId":1,"skins":[110,2172,227],"indexedColors":[33542780,50307866,60141352,72773666,100657218],"scales":[145],"subentities":[]},"disposition":{"_type":"EntityDispositionInformations","cellId":246,"direction":3},"npcId":609,"sex":false,"specialArtworkId":0,"questFlag":{"_type":"GameRolePlayNpcQuestFlag","questsToValidId":[],"questsToStartId":[889]},"_npcData":{"_type":"Npc","id":609,"nameId":"Guy San Nolan","dialogMessages":[[2467,9019],[2468,17767],[7210,9364],[9628,13538],[9629,17591],[9630,13523],[9631,17589],[9679,10712],[9693,13714],[10271,12876]],"dialogReplies":[[2124,23685],[6904,24180],[10114,21529],[10115,21528],[10171,23211],[10186,22924],[11133,28015],[11134,28971]],"actions":[3],"gender":0,"look":"{1|110,2172,227|5=#ffe842,2=#ffa31a,4=#567022,1=#ffd27c,3=#95af28|145}","animFunList":[],"actionsName":["Talk"]}}
[Sync]Processing ...
[Sync]Ready to process !
[Sync]Trajet ready ...
Checking pods ...
[Sync]Regen par objet...
[Aucun groupe:0:info][inventory]Bad quantity for object regen !
[Sync]Impossible de faire la regen par objet, regen normale ...
[Aucun groupe:0:info][Player]Debut de la regeneration pour 167pdv
Sequence ready !
''''''''''''''''''''''''''''''''''''
45
{ interactive: 
   { _type: 'InteractiveElement',
     elementId: 465006,
     elementTypeId: 38,
     enabledSkills: [],
     disabledSkills: [ [Object] ],
     _name: 'Wheat' },
  stated: 
   { _type: 'StatedElement',
     elementId: 465006,
     elementCellId: 214,
     elementState: 1 } }
Plus de ressources à récolter disponibles , on passe à la map suivante .
[DEBUG] Path calculated {source : 261=261 , target : 335=335} , let's process it !
[ 261, 275, 290, 304, 305, 320, 334, 335 ]
Sending map request !
[Aucun groupe:0:info][Trajet]Changement de carte sur une cellule aléatoire .
MapMovement received !
Confirmation du movement dans : 1090(8 cells)
Confirmations du mouvement dans 1090ms
Mouvement confirmée !
Key movements proccesed !
Movement ok 
[Sync]Processing ...
[Sync]Ready to process !
[Sync]Trajet ready ...
Checking pods ...
[Sync]Regen par objet...
[Aucun groupe:0:info][inventory]Bad quantity for object regen !
[Sync]Impossible de faire la regen par objet, regen normale ...
[Aucun groupe:0:info][Player]Debut de la regeneration pour 135pdv
[INACTIVITY] Soft debug on zahidsacri .
[Aucun groupe:0:info][Trajet]Execution map 84672520 .
[Aucun groupe:0:info][Trajet]Rien a faire sur cette map (84672520) !
[Sync]Regen terminer !
[Aucun groupe:0:info][Trajet]Execution map 84672520 .
[Aucun groupe:0:info][Trajet]Rien a faire sur cette map (84672520) !
[Sync]Regen terminer !
[Aucun groupe:0:info][Trajet]Execution map 84672520 .
[Aucun groupe:0:info][Trajet]Rien a faire sur cette map (84672520) !
[INACTIVITY] Soft debug on zahidsacri .
[Aucun groupe:0:info][Trajet]Execution map 84672520 .
[Aucun groupe:0:info][Trajet]Rien a faire sur cette map (84672520) !
[INACTIVITY] Soft debug on zahidsacri .
[Aucun groupe:0:info][Trajet]Execution map 84672520 .
[Aucun groupe:0:info][Trajet]Rien a faire sur cette map (84672520) !
Prmus close connection !
[Aucun groupe:0:info]<span color="red">Connection closed, reloading client ...</span>
Session for zahidsacri exported !
