Server request connecting ...
{"assetsUrl":"https://ankama.akamaized.net/games/dofus-tablette/assets/2.15.15","analytics":{"wizAnalytics":{"localytics":{"token":"9f0bf865fd57d22f0bbea56-cd08f12a-8138-11e5-7c24-00736b041834","options":{"sessionTimeoutSeconds":60,"namespace":"dofus-production"}}},"ankAnalytics":{"debug":false,"analog":false,"useUrlMap":true}},"adjust":{"appToken":"7j60imkfu60w","environment":"EnvironmentProduction"},"logging":{"groups":false,"logLevels":{"time":0,"verbose":0,"debug":1,"info":2,"notice":3,"warning":4,"error":5,"critical":6,"alert":7,"emergency":8},"config":{"console":["none"],"server":["error","critical","alert","emergency"]},"disableOverride":false},"dataUrl":"https://proxyconnection.touch.dofus.com","haapi":{"id":18,"url":"https://haapi.ankama.com/json/Ankama/v2"},"serverLanguages":["en","de","es","fr","it","pt"],"failoverLanguage":"en","uiUrl":"https://proxyconnection.touch.dofus.com/assets","language":"en","sessionId":"9nuSj9DCPe5WqP34"}
Config loaded !
{"key":"50782cbd-1425-46bf-947e-d9e830253823","account_id":112984462,"ip":"41.141.47.175","added_date":"2017-02-15T00:14:52+01:00","meta":[],"data":{},"access":[],"refresh_token":null,"expiration_date":"2017-02-15T03:14:52+01:00"}
Api key : 50782cbd-1425-46bf-947e-d9e830253823
Game token : undefined
[Aucun groupe:0:info][processIdentification]...
Connecting to login server (https://proxyconnection.touch.dofus.com?STICKER=9nuSj9DCPe5WqP34) ...
Connection opened !
[Aucun groupe:0:info]Identification connection opened !
Connection closed
[Aucun groupe:0:info]<span color="red">Connection closed, reloading client ...</span>
Session for zahidsacri exported !
Reconnecting undefined ...
Rescuring session...
{"assetsUrl":"https://ankama.akamaized.net/games/dofus-tablette/assets/2.15.15","analytics":{"wizAnalytics":{"localytics":{"token":"9f0bf865fd57d22f0bbea56-cd08f12a-8138-11e5-7c24-00736b041834","options":{"sessionTimeoutSeconds":60,"namespace":"dofus-production"}}},"ankAnalytics":{"debug":false,"analog":false,"useUrlMap":true}},"adjust":{"appToken":"7j60imkfu60w","environment":"EnvironmentProduction"},"logging":{"groups":false,"logLevels":{"time":0,"verbose":0,"debug":1,"info":2,"notice":3,"warning":4,"error":5,"critical":6,"alert":7,"emergency":8},"config":{"console":["none"],"server":["error","critical","alert","emergency"]},"disableOverride":false},"dataUrl":"https://proxyconnection.touch.dofus.com","haapi":{"id":18,"url":"https://haapi.ankama.com/json/Ankama/v2"},"serverLanguages":["en","de","es","fr","it","pt"],"failoverLanguage":"en","uiUrl":"https://proxyconnection.touch.dofus.com/assets","language":"en","sessionId":"h2A44fHf8uB7mDP0"}
Config loaded !
{"key":"f1a590c4-9de9-485d-af06-9e0f9137a092","account_id":112984462,"ip":"41.141.47.175","added_date":"2017-02-15T00:14:56+01:00","meta":[],"data":{},"access":[],"refresh_token":null,"expiration_date":"2017-02-15T03:14:56+01:00"}
Api key : f1a590c4-9de9-485d-af06-9e0f9137a092
Game token : af98c598dc6212e8adfccf5d1336ed9b
[Aucun groupe:0:info][processIdentification]...
Connecting to login server (https://proxyconnection.touch.dofus.com?STICKER=h2A44fHf8uB7mDP0) ...
Connection opened !
[Aucun groupe:0:info]Identification connection opened !
[Aucun groupe:0:info]2/2 in login queue...
[Aucun groupe:0:info]0/0 in login queue...
[Aucun groupe:0:info]0/0 in login queue...
[Aucun groupe:0:info]Identification success (1465968706044310150) !
[Aucun groupe:0:info]Servers list received !
[Aucun groupe:0:info][processServerSelection]...
[Aucun groupe:0:info]Request for server infos (id : 403) ...
Connection closed
migrating...
Connection opened !
[Aucun groupe:0:info]Game connection opened !
[Aucun groupe:0:success][processServerSelection]OK
[Aucun groupe:0:info][processsCharacterSelection]...
[Aucun groupe:0:info]Request for characters ...
[Aucun groupe:0:info]Selecting frist character (Miss-Lagertha) ...
Set default config for Miss-Lagertha
[Aucun groupe:0:info][Inventory]Object : 33661161 selected for regen !
[Aucun groupe:0:info][Inventory]Object : 33661162 selected for regen !
[Aucun groupe:0:info][Inventory]Object : 33661163 selected for regen !
[Aucun groupe:0:info][Inventory]Object : 33661164 selected for regen !
Sequence ready !
[Aucun groupe:0:info][Infos]Welcome to DOFUS, and welcome to the World of Twelve! 
Remember that it is <b>strictly forbidden</b> to disclose your account name or password.
{"call":"global-state-request"}
Server request for state ...
[InventoryManager]Items infos loaded !
Sending interactives request
{ Error: Cannot find module './../managers/staticContentManager.js'
    at Function.Module._resolveFilename (module.js:469:15)
    at Function.Module._load (module.js:417:25)
    at Module.require (module.js:497:17)
    at require (internal/module.js:20:19)
    at EventEmitter.<anonymous> (C:\Users\Zakaria\Desktop\KingTouch-master\KingToutchManager\king-touch-src\engine\activityManager.js:34:13)
    at EventEmitter.callback (C:\Users\Zakaria\Desktop\KingTouch-master\KingToutchManager\king-touch-src\node_modules\event-wrapper\index.js:38:11)
    at emitOne (events.js:101:20)
    at EventEmitter.emit (events.js:188:7)
    at Primus.<anonymous> (C:\Users\Zakaria\Desktop\KingTouch-master\KingToutchManager\king-touch-src\network\clientConnection.js:75:19)
    at emitTwo (events.js:106:13) code: 'MODULE_NOT_FOUND' }
[Sync]Processing ...
[Sync]Ready to process !
[Sync]Trajet ready ...
[Trajet]No trajet loaded !
Sending interactives request
{ Error: Cannot find module './../managers/staticContentManager.js'
    at Function.Module._resolveFilename (module.js:469:15)
    at Function.Module._load (module.js:417:25)
    at Module.require (module.js:497:17)
    at require (internal/module.js:20:19)
    at EventEmitter.<anonymous> (C:\Users\Zakaria\Desktop\KingTouch-master\KingToutchManager\king-touch-src\engine\activityManager.js:34:13)
    at EventEmitter.callback (C:\Users\Zakaria\Desktop\KingTouch-master\KingToutchManager\king-touch-src\node_modules\event-wrapper\index.js:38:11)
    at emitOne (events.js:101:20)
    at EventEmitter.emit (events.js:188:7)
    at Primus.<anonymous> (C:\Users\Zakaria\Desktop\KingTouch-master\KingToutchManager\king-touch-src\network\clientConnection.js:75:19)
    at emitTwo (events.js:106:13) code: 'MODULE_NOT_FOUND' }
