Server request connecting ...
{"assetsUrl":"https://ankama.akamaized.net/games/dofus-tablette/assets/2.15.15","analytics":{"wizAnalytics":{"localytics":{"token":"9f0bf865fd57d22f0bbea56-cd08f12a-8138-11e5-7c24-00736b041834","options":{"sessionTimeoutSeconds":60,"namespace":"dofus-production"}}},"ankAnalytics":{"debug":false,"analog":false,"useUrlMap":true}},"adjust":{"appToken":"7j60imkfu60w","environment":"EnvironmentProduction"},"logging":{"groups":false,"logLevels":{"time":0,"verbose":0,"debug":1,"info":2,"notice":3,"warning":4,"error":5,"critical":6,"alert":7,"emergency":8},"config":{"console":["none"],"server":["error","critical","alert","emergency"]},"disableOverride":false},"dataUrl":"https://proxyconnection.touch.dofus.com","haapi":{"id":18,"url":"https://haapi.ankama.com/json/Ankama/v2"},"serverLanguages":["en","de","es","fr","it","pt"],"failoverLanguage":"en","uiUrl":"https://proxyconnection.touch.dofus.com/assets","language":"en","sessionId":"G5Kk+Z5W1aHOKQzf"}
Config loaded !
{"key":"678e184f-757b-4fc8-bfc5-7a0b57e3ad59","account_id":108104299,"ip":"92.170.38.64","added_date":"2017-02-20T00:48:50+01:00","meta":[],"data":{},"access":[],"refresh_token":null,"expiration_date":"2017-02-20T03:48:50+01:00"}
Api key : 678e184f-757b-4fc8-bfc5-7a0b57e3ad59
Game token : 5e3ebfba90cf7790a0e1ccad660371e2
[Aucun groupe:0:info][processIdentification]...
Connecting to login server (https://proxyconnection.touch.dofus.com?STICKER=G5Kk%2BZ5W1aHOKQzf) ...
Connection opened !
[Aucun groupe:0:info]Identification connection opened !
[Aucun groupe:0:info]Identification success (1465968706068142860) !
[Aucun groupe:0:info]Servers list received !
[Aucun groupe:0:info][processServerSelection]...
[Aucun groupe:0:info]Request for server infos (id : 407) ...
Prmus close connection !
migrating...
Connection opened !
[Aucun groupe:0:info]Game connection opened !
[Aucun groupe:0:success][processServerSelection]OK
[Aucun groupe:0:info][processsCharacterSelection]...
[Aucun groupe:0:info]Request for characters ...
[Aucun groupe:0:info]Selecting frist character (Nelphield) ...
[Aucun groupe:0:info][Inventory]Object : 92639066 selected for regen !
[Aucun groupe:0:info][Inventory]Object : 92639067 selected for regen !
[Aucun groupe:0:info][Inventory]Object : 92639068 selected for regen !
[Aucun groupe:0:info][Inventory]Object : 92639069 selected for regen !
[InventoryManager]Items infos loaded !
Sequence ready !
[Aucun groupe:0:info][Infos]Welcome to DOFUS, and welcome to the World of Twelve! 
Remember that it is <b>strictly forbidden</b> to disclose your account name or password.
{ Error: ENOENT: no such file or directory, open 'C:\Users\home\Documents\KingTouch\KingToutchManager\king-touch-src\data\maps\80217094.json'
    at Error (native)
  errno: -4058,
  code: 'ENOENT',
  syscall: 'open',
  path: 'C:\\Users\\home\\Documents\\KingTouch\\KingToutchManager\\king-touch-src\\data\\maps\\80217094.json' }
undefined
-----------------No map found ! -----------------
undefined
{"call":"global-state-request"}
Server request for state ...
{"call":"global-state-request"}
Server request for state ...
{"call":"update-fight-max-fighters","data":8}
[botData]Config for Nelphield saved !
{"call":"update-fight-min-fighters","data":1}
[botData]Config for Nelphield saved !
{"call":"set-ia-type","data":"default"}
[botData]Config for Nelphield saved !
[mainProcessFrame]IA updated to default
[Sync]Processing ...
[Sync]Ready to process !
[Sync]Trajet ready ...
[Aucun groupe:0:info][Trajt]Execution ...
"undefined"
{"call":"trajet-load","data":{"trajet":{"80216580":{"cell":540,"action":"fight"},"80216581":{"cell":555,"action":"fight"},"80216582":{"cell":363,"action":"fight"},"80217092":{"cell":392,"action":"fight"},"80217094":{"cell":541,"action":"fight"},"80217095":{"cell":556,"action":"fight"},"80217096":{"cell":279,"action":"fight"},"80217604":{"cell":280,"action":"fight"},"80217605":{"cell":3,"action":"fight"},"80217608":{"cell":279,"action":"fight"},"80218117":{"cell":112,"action":"fight"},"80218119":{"cell":447,"action":"fight"},"80218120":{"cell":10,"action":"fight"},"80218629":{"cell":112,"action":"fight"},"80218630":{"cell":10,"action":"fight"},"80218631":{"cell":251,"action":"fight"},"80219142":{"cell":308,"action":"fight"},"80219143":{"cell":4,"action":"fight"}}}}
[mainProcessFrame]Ui request for trajet loading ...
[Sync]Processing ...
[Sync]Ready to process !
[Sync]Trajet ready ...
[Aucun groupe:0:info][Trajt]Execution ...
{"cell":541,"action":"fight"}
[Aucun groupe:0:info][Player]Attack monsters (cell : 208)
[Player]Le fight est trop proche, on passe !
[Aucun groupe:0:info][Player]Le combat n´a pas commencer...
[Aucun groupe:0:info][Trajet]Aucun combat on change de carte...
Calculating path...
Processing key movements !
[ 221, 249, 263, 291, 319, 347, 360, 388, 416, 444, 458, 486, 499, 513, 541 ]
Sending map request !
MapMovement received !
Confirmation du movement dans : 2805(15 cells)
Confirmations du mouvement dans 2805ms
Mouvement confirmée !
Key movements proccesed !
Movement ok 
{ Error: ENOENT: no such file or directory, open 'C:\Users\home\Documents\KingTouch\KingToutchManager\king-touch-src\data\maps\80217095.json'
    at Error (native)
  errno: -4058,
  code: 'ENOENT',
  syscall: 'open',
  path: 'C:\\Users\\home\\Documents\\KingTouch\\KingToutchManager\\king-touch-src\\data\\maps\\80217095.json' }
undefined
-----------------No map found ! -----------------
undefined
[Sync]Processing ...
[Sync]Ready to process !
[Sync]Trajet ready ...
[Aucun groupe:0:info][Trajt]Execution ...
{"cell":556,"action":"fight"}
[Aucun groupe:0:info][Trajet]Aucun combat on change de carte...
Calculating path...
Processing key movements !
[ 9,
  37,
  65,
  93,
  121,
  149,
  177,
  191,
  206,
  220,
  248,
  276,
  304,
  332,
  360,
  388,
  416,
  444,
  472,
  500,
  528,
  556 ]
Sending map request !
MapMovement received !
Confirmation du movement dans : 3510(22 cells)
Confirmations du mouvement dans 3510ms
Mouvement confirmée !
Key movements proccesed !
Movement ok 
{ Error: ENOENT: no such file or directory, open 'C:\Users\home\Documents\KingTouch\KingToutchManager\king-touch-src\data\maps\80217096.json'
    at Error (native)
  errno: -4058,
  code: 'ENOENT',
  syscall: 'open',
  path: 'C:\\Users\\home\\Documents\\KingTouch\\KingToutchManager\\king-touch-src\\data\\maps\\80217096.json' }
undefined
-----------------No map found ! -----------------
undefined
[Sync]Processing ...
[Sync]Ready to process !
[Sync]Trajet ready ...
[Aucun groupe:0:info][Trajt]Execution ...
{"cell":279,"action":"fight"}
[Aucun groupe:0:info][Trajet]Aucun combat on change de carte...
Calculating path...
Processing key movements !
[ 24,
  52,
  66,
  79,
  93,
  106,
  134,
  162,
  177,
  191,
  206,
  220,
  235,
  249,
  264,
  278,
  279 ]
Sending map request !
MapMovement received !
Confirmation du movement dans : 2900(17 cells)
Confirmations du mouvement dans 2900ms
Mouvement confirmée !
Key movements proccesed !
Movement ok 
{ Error: ENOENT: no such file or directory, open 'C:\Users\home\Documents\KingTouch\KingToutchManager\king-touch-src\data\maps\80217608.json'
    at Error (native)
  errno: -4058,
  code: 'ENOENT',
  syscall: 'open',
  path: 'C:\\Users\\home\\Documents\\KingTouch\\KingToutchManager\\king-touch-src\\data\\maps\\80217608.json' }
undefined
-----------------No map found ! -----------------
undefined
[Sync]Processing ...
[Sync]Ready to process !
[Sync]Trajet ready ...
[Aucun groupe:0:info][Trajt]Execution ...
{"cell":279,"action":"fight"}
[Aucun groupe:0:info][Player]Attack monsters (cell : 169)
[ 266, 238, 225, 197, 169 ]
Sending map request !
MapMovement received !
Confirmation du movement dans : 765(5 cells)
Confirmations du mouvement dans 765ms
Mouvement confirmée !
Movement proccesed
[Aucun groupe:0:info]Attack actor succes !
{"call":"global-state-request"}
Server request for state ...
[Aucun groupe:0:info][FightManager]Debut du combat !
[Ia]Default loaded !
[Aucun groupe:0:info][Fight]Debut du tours de jeux
[Aucun groupe:0:info]Casting spell : Flèche Magique on cell : 205
Ack ready !
[Aucun groupe:0:info]IA on fuis ...
Process key movements...
Ack ready !
novement ok
Proceed!
Turn ready ...
Turn ready ...
[Aucun groupe:0:info][Fight]Debut du tours de jeux
[Aucun groupe:0:info]Casting spell : Flèche Magique on cell : 218
Ack ready !
[Aucun groupe:0:info]IA on fuis ...
Process key movements...
Ack ready !
novement ok
Proceed!
Turn ready ...
Turn ready ...
[Aucun groupe:0:info][Fight]Debut du tours de jeux
[Aucun groupe:0:info]Casting spell : Flèche Magique on cell : 175
Ack ready !
Turn ready ...
[Aucun groupe:0:info]IA on fuis ...
Combat terminer !
{ Error: ENOENT: no such file or directory, open 'C:\Users\home\Documents\KingTouch\KingToutchManager\king-touch-src\data\maps\80217608.json'
    at Error (native)
  errno: -4058,
  code: 'ENOENT',
  syscall: 'open',
  path: 'C:\\Users\\home\\Documents\\KingTouch\\KingToutchManager\\king-touch-src\\data\\maps\\80217608.json' }
undefined
-----------------No map found ! -----------------
undefined
{"call":"global-state-request"}
Server request for state ...
{"call":"global-state-request"}
Server request for state ...
[Sync]Processing ...
[Sync]Ready to process !
[Sync]Trajet ready ...
[Aucun groupe:0:info][Trajt]Execution ...
{"cell":279,"action":"fight"}
[Aucun groupe:0:info][Trajet]Aucun combat on change de carte...
Calculating path...
Processing key movements !
[ 197,
  198,
  212,
  213,
  214,
  215,
  216,
  217,
  218,
  233,
  234,
  248,
  249,
  250,
  265,
  279 ]
Sending map request !
MapMovement received !
Confirmation du movement dans : 2450(16 cells)
Confirmations du mouvement dans 2450ms
Mouvement confirmée !
Key movements proccesed !
Movement ok 
{ Error: ENOENT: no such file or directory, open 'C:\Users\home\Documents\KingTouch\KingToutchManager\king-touch-src\data\maps\80218120.json'
    at Error (native)
  errno: -4058,
  code: 'ENOENT',
  syscall: 'open',
  path: 'C:\\Users\\home\\Documents\\KingTouch\\KingToutchManager\\king-touch-src\\data\\maps\\80218120.json' }
undefined
-----------------No map found ! -----------------
undefined
[Sync]Processing ...
[Sync]Ready to process !
[Sync]Trajet ready ...
[Aucun groupe:0:info][Trajt]Execution ...
{"cell":10,"action":"fight"}
[Aucun groupe:0:info][Trajet]Aucun combat on change de carte...
Calculating path...
Processing key movements !
[ 266,
  253,
  239,
  226,
  212,
  213,
  200,
  186,
  173,
  159,
  146,
  132,
  119,
  105,
  92,
  78,
  65,
  51,
  38,
  10 ]
Sending map request !
MapMovement received !
Confirmation du movement dans : 4675(20 cells)
Confirmations du mouvement dans 4675ms
Mouvement confirmée !
Key movements proccesed !
Movement ok 
{ Error: ENOENT: no such file or directory, open 'C:\Users\home\Documents\KingTouch\KingToutchManager\king-touch-src\data\maps\80218119.json'
    at Error (native)
  errno: -4058,
  code: 'ENOENT',
  syscall: 'open',
  path: 'C:\\Users\\home\\Documents\\KingTouch\\KingToutchManager\\king-touch-src\\data\\maps\\80218119.json' }
undefined
-----------------No map found ! -----------------
undefined
[Sync]Processing ...
[Sync]Ready to process !
[Sync]Trajet ready ...
[Aucun groupe:0:info][Trajt]Execution ...
{"cell":447,"action":"fight"}
[Aucun groupe:0:info][Player]Attack monsters (cell : 12)
[ 542,
  514,
  500,
  472,
  444,
  416,
  388,
  360,
  332,
  304,
  291,
  277,
  264,
  250,
  222,
  194,
  180,
  165,
  151,
  123,
  95,
  67,
  53,
  40,
  12 ]
Sending map request !
MapMovement received !
Confirmation du movement dans : 4615(25 cells)
Confirmations du mouvement dans 4615ms
Mouvement confirmée !
Movement proccesed
[Aucun groupe:0:info]Attack actor succes !
{"call":"global-state-request"}
Server request for state ...
[Aucun groupe:0:info][FightManager]Debut du combat !
[Ia]Default loaded !
[Aucun groupe:0:info][Fight]Debut du tours de jeux
[Aucun groupe:0:info]Casting spell : Flèche Magique on cell : 474
Ack ready !
[Aucun groupe:0:info]IA on fuis ...
Process key movements...
Ack ready !
novement ok
Proceed!
Turn ready ...
Turn ready ...
Turn ready ...
[Aucun groupe:0:info][Fight]Debut du tours de jeux
[Aucun groupe:0:info]Casting spell : Flèche Magique on cell : 460
[Aucun groupe:0:info][Infos]<b>Nelphield</b> has failed the $challenge3 challenge.
Ack ready !
[Aucun groupe:0:info]IA on fuis ...
Turn ready ...
Turn ready ...
[Aucun groupe:0:info][Fight]Debut du tours de jeux
[Aucun groupe:0:info]Casting spell : Flèche Magique on cell : 357
Ack ready !
Turn ready ...
[Aucun groupe:0:info]IA on fuis ...
Process key movements...
Combat terminer !
{ Error: ENOENT: no such file or directory, open 'C:\Users\home\Documents\KingTouch\KingToutchManager\king-touch-src\data\maps\80218119.json'
    at Error (native)
  errno: -4058,
  code: 'ENOENT',
  syscall: 'open',
  path: 'C:\\Users\\home\\Documents\\KingTouch\\KingToutchManager\\king-touch-src\\data\\maps\\80218119.json' }
undefined
-----------------No map found ! -----------------
undefined
{"call":"global-state-request"}
Server request for state ...
Detection d'un NoMovement . AVADANTIBUGADABRA !
Movement canceled !
{"call":"global-state-request"}
Server request for state ...
[Sync]Processing ...
[Sync]Ready to process !
[Sync]Trajet ready ...
[Sync]Processing ...
[Sync]Ready to process !
[Sync]Trajet ready ...
[Aucun groupe:0:info][Trajt]Execution ...
{"cell":447,"action":"fight"}
[Aucun groupe:0:info][Trajet]Aucun combat on change de carte...
Calculating path...
Processing key movements !
[ 40,
  68,
  81,
  109,
  123,
  151,
  179,
  193,
  208,
  222,
  250,
  278,
  306,
  334,
  362,
  390,
  405,
  419,
  447 ]
Sending map request !
[Aucun groupe:0:info][Trajt]Execution ...
{"cell":447,"action":"fight"}
[Aucun groupe:0:info][Trajet]Aucun combat on change de carte...
Calculating path...
Processing key movements !
[ 40,
  68,
  81,
  109,
  123,
  151,
  179,
  193,
  208,
  222,
  250,
  278,
  306,
  334,
  362,
  390,
  405,
  419,
  447 ]
Sending map request !
MapMovement received !
Confirmation du movement dans : 3130(19 cells)
Confirmations du mouvement dans 3130ms
MapMovement received !
Confirmation du movement dans : 3130(19 cells)
Confirmations du mouvement dans 3130ms
Detection d'un NoMovement . AVADANTIBUGADABRA !
Movement canceled !
Mouvement échoué .
Key movements proccesed !
No movement
Cant change map, getting randomCellid
Mouvement échoué .
Key movements proccesed !
No movement
Cant change map, getting randomCellid
