Server request connecting ...
Inventory : 0
{"assetsUrl":"https://ankama.akamaized.net/games/dofus-tablette/assets/2.15.15","analytics":{"wizAnalytics":{"localytics":{"token":"9f0bf865fd57d22f0bbea56-cd08f12a-8138-11e5-7c24-00736b041834","options":{"sessionTimeoutSeconds":60,"namespace":"dofus-production"}}},"ankAnalytics":{"debug":false,"analog":false,"useUrlMap":true}},"adjust":{"appToken":"7j60imkfu60w","environment":"EnvironmentProduction"},"logging":{"groups":false,"logLevels":{"time":0,"verbose":0,"debug":1,"info":2,"notice":3,"warning":4,"error":5,"critical":6,"alert":7,"emergency":8},"config":{"console":["none"],"server":["error","critical","alert","emergency"]},"disableOverride":false},"dataUrl":"https://proxyconnection.touch.dofus.com","haapi":{"id":18,"url":"https://haapi.ankama.com/json/Ankama/v2"},"serverLanguages":["en","de","es","fr","it","pt"],"failoverLanguage":"en","uiUrl":"https://proxyconnection.touch.dofus.com/assets","language":"en","sessionId":"PWM+AqDwphK14VtN"}
Config loaded !
{"key":"e4454dbd-b6c4-4f48-af33-c37e34eaaa81","account_id":112984462,"ip":"105.157.44.165","added_date":"2017-02-19T13:27:31+01:00","meta":[],"data":{},"access":[],"refresh_token":null,"expiration_date":"2017-02-19T16:27:31+01:00"}
Api key : e4454dbd-b6c4-4f48-af33-c37e34eaaa81
Game token : bc70eb56375f75a87fef86451b2dcea0
[Aucun groupe:0:info][processIdentification]...
Connecting to login server (https://proxyconnection.touch.dofus.com?STICKER=PWM%2BAqDwphK14VtN) ...
Connection opened !
[Aucun groupe:0:info]Identification connection opened !
[Aucun groupe:0:info]Identification success (1465968706065366915) !
[Aucun groupe:0:info]Servers list received !
[Aucun groupe:0:info][processServerSelection]...
[Aucun groupe:0:info]Request for server infos (id : 403) ...
Prmus close connection !
migrating...
Connection opened !
[Aucun groupe:0:info]Game connection opened !
[Aucun groupe:0:success][processServerSelection]OK
[Aucun groupe:0:info][processsCharacterSelection]...
[Aucun groupe:0:info]Request for characters ...
[Aucun groupe:0:info]Selecting frist character (Miss-Lagertha) ...
[Aucun groupe:0:info][Inventory]Object : 129922503 selected for regen !
[Aucun groupe:0:info][Inventory]Object : 129922504 selected for regen !
[Aucun groupe:0:info][Inventory]Object : 129922505 selected for regen !
[Aucun groupe:0:info][Inventory]Object : 129922506 selected for regen !
[InventoryManager]Items infos loaded !
Checking pods ...
Sequence ready !
[Aucun groupe:0:info][Infos]Welcome to DOFUS, and welcome to the World of Twelve! 
Remember that it is <b>strictly forbidden</b> to disclose your account name or password.
{"call":"global-state-request"}
Server request for state ...
{"call":"global-state-request"}
Server request for state ...
[Sync]Processing ...
[Sync]Ready to process !
[Sync]Trajet ready ...
Checking pods ...
[Trajet]No trajet loaded !
{"call":"global-state-request"}
Server request for state ...
{"call":"update-fight-max-fighters","data":8}
[botData]Config for Miss-Lagertha saved !
{"call":"update-fight-max-fighters","data":8}
[botData]Config for Miss-Lagertha saved !
{"call":"update-fight-min-fighters","data":1}
[botData]Config for Miss-Lagertha saved !
{"call":"update-fight-min-fighters","data":1}
[botData]Config for Miss-Lagertha saved !
{"call":"set-ia-type","data":"default"}
[botData]Config for Miss-Lagertha saved !
[mainProcessFrame]Fight mode updated to default
{"call":"set-ia-type","data":"default"}
[botData]Config for Miss-Lagertha saved !
[mainProcessFrame]Fight mode updated to default
{"call":"trajet-load","data":{"trajet":{"trajet":{"fights":[],"recolte":[{"map":84675330,"dir":"top"},{"map":84675331,"dir":"top"},{"map":84675332,"dir":"left"},{"map":84674820,"dir":"top"},{"map":84674821,"dir":"top"},{"map":84674822,"dir":"right"},{"map":84675334,"dir":"right"},{"map":84675846,"dir":"bottom"},{"map":84675845,"dir":"bottom"},{"map":84675844,"dir":"bottom"},{"map":84675843,"dir":"left"}],"interactives":[],"moves":[{"map":83887104,"sun":396},{"map":84674566,"dir":"top"},{"map":84674565,"dir":"top"},{"map":84674564,"dir":"top"},{"map":84674563,"dir":"top"},{"map":84674562,"dir":"top"},{"map":84674561,"dir":"top"},{"map":84674560,"dir":"right"},{"map":84675072,"dir":"top"},{"map":84675329,"dir":"top"},{"map":84675330,"dir":"top"}],"bank":[{"map":84674566,"interactive":465440,"skill":140242},{"map":83887104,"npc":0,"reply":259},{"map":84675330,"dir":"bottom"},{"map":84675331,"dir":"bottom"},{"map":84675332,"dir":"bottom"},{"map":84675333,"dir":"bottom"},{"map":84674820,"dir":"right"},{"map":84674821,"dir":"bottom"},{"map":84674822,"dir":"bottom"},{"map":84675334,"dir":"bottom"},{"map":84675846,"dir":"bottom"},{"map":84675845,"dir":"bottom"},{"map":84675844,"dir":"left"},{"map":84674566,"dir":"top"},{"map":84674565,"dir":"bottom"},{"map":84674564,"dir":"bottom"},{"map":84674563,"dir":"bottom"},{"map":84674562,"dir":"bottom"},{"map":84674561,"dir":"bottom"},{"map":84674560,"dir":"bottom"},{"map":84675072,"dir":"left"},{"map":84675329,"dir":"bottom"},{"map":84675330,"dir":"bottom"}]}}}}
[mainProcessFrame]Ui request for trajet loading ...
[Sync]Processing ...
[Sync]Ready to process !
[Sync]Trajet ready ...
Checking pods ...
{"call":"trajet-load","data":{"trajet":{"trajet":{"fights":[],"recolte":[{"map":84675330,"dir":"top"},{"map":84675331,"dir":"top"},{"map":84675332,"dir":"left"},{"map":84674820,"dir":"top"},{"map":84674821,"dir":"top"},{"map":84674822,"dir":"right"},{"map":84675334,"dir":"right"},{"map":84675846,"dir":"bottom"},{"map":84675845,"dir":"bottom"},{"map":84675844,"dir":"bottom"},{"map":84675843,"dir":"left"}],"interactives":[],"moves":[{"map":83887104,"sun":396},{"map":84674566,"dir":"top"},{"map":84674565,"dir":"top"},{"map":84674564,"dir":"top"},{"map":84674563,"dir":"top"},{"map":84674562,"dir":"top"},{"map":84674561,"dir":"top"},{"map":84674560,"dir":"right"},{"map":84675072,"dir":"top"},{"map":84675329,"dir":"top"},{"map":84675330,"dir":"top"}],"bank":[{"map":84674566,"interactive":465440,"skill":140242},{"map":83887104,"npc":0,"reply":259},{"map":84675330,"dir":"bottom"},{"map":84675331,"dir":"bottom"},{"map":84675332,"dir":"bottom"},{"map":84675333,"dir":"bottom"},{"map":84674820,"dir":"right"},{"map":84674821,"dir":"bottom"},{"map":84674822,"dir":"bottom"},{"map":84675334,"dir":"bottom"},{"map":84675846,"dir":"bottom"},{"map":84675845,"dir":"bottom"},{"map":84675844,"dir":"left"},{"map":84674566,"dir":"top"},{"map":84674565,"dir":"bottom"},{"map":84674564,"dir":"bottom"},{"map":84674563,"dir":"bottom"},{"map":84674562,"dir":"bottom"},{"map":84674561,"dir":"bottom"},{"map":84674560,"dir":"bottom"},{"map":84675072,"dir":"left"},{"map":84675329,"dir":"bottom"},{"map":84675330,"dir":"bottom"}]}}}}
[mainProcessFrame]Ui request for trajet loading ...
[Sync]Processing ...
[Sync]Ready to process !
[Sync]Trajet ready ...
Checking pods ...
[Aucun groupe:0:info][Trajet]Execution map 84675331 .
Gathering element :{id : 478366 , cellid : 505 }
Mouvement vers l'interactive sur la cellule : 505=505
Exectution du trajet vers l'interactive .
[ 153,
  166,
  180,
  179,
  178,
  177,
  176,
  189,
  203,
  216,
  230,
  243,
  257,
  270,
  284,
  283,
  296,
  310,
  338,
  366,
  394,
  422,
  450,
  478,
  506,
  505 ]
Sending map request !
[Aucun groupe:0:info][Trajet]Execution de la récolte...
[Aucun groupe:0:info][Trajet]Execution map 84675331 .
Bot not ready for gathering .(GATHER)
[Aucun groupe:0:info][Trajet]Execution de la récolte...
MapMovement received !
Confirmation du movement dans : 5270(26 cells)
Confirmations du mouvement dans 5270ms
Mouvement confirmée !
Utlisiation de l'interactive (id : 478366,skill : 151519)
no best match on i =38 : 43
Gathering element :{id : 478295 , cellid : 153 }
Mouvement vers l'interactive sur la cellule : 153=153
Exectution du trajet vers l'interactive .
[ 505,
  506,
  478,
  450,
  422,
  394,
  366,
  338,
  310,
  296,
  283,
  269,
  256,
  242,
  229,
  215,
  216,
  203,
  189,
  176,
  177,
  178,
  179,
  165,
  152,
  153 ]
Sending map request !
Checking pods ...
MapMovement received !
Confirmation du movement dans : 5270(26 cells)
Confirmations du mouvement dans 5270ms
Mouvement confirmée !
Utlisiation de l'interactive (id : 478295,skill : 151508)
no best match on i =38 : 43
Gathering element :{id : 478296 , cellid : 125 }
Mouvement vers l'interactive sur la cellule : 125=125
Exectution du trajet vers l'interactive .
[ 153, 125 ]
Sending map request !
Checking pods ...
MapMovement received !
Confirmation du movement dans : 480(2 cells)
Confirmations du mouvement dans 480ms
Mouvement confirmée !
Utlisiation de l'interactive (id : 478296,skill : 151503)
no best match on i =38 : 43
no best match on i =43 : 43
Plus de ressources à récolter disponibles , on passe à la map suivante .
[DEBUG] Path calculated {source : 125=125 , target : 10=10} , let's process it !
[ 125, 110, 109, 108, 80, 52, 38, 10 ]
Sending map request !
[Aucun groupe:0:info][Trajet]Changement de carte sur une cellule aléatoire .
Checking pods ...
[Aucun groupe:0:info][FightManager]Debut du combat !
[Ia]Default loaded !
Detection d'un NoMovement . AVADANTIBUGADABRA !
Key movements proccesed !
No movement
{"call":"global-state-request"}
Server request for state ...
{"call":"global-state-request"}
Server request for state ...
[Sync]Reconnection en combat presumer le 226 est vide !
[Sync]Processing ...
[Sync]Ready to process !
[Sync]Impossible d'executer les taches, on est pas en roleplay !
[Sync]Trajet ready ...
Checking pods ...
[Aucun groupe:0:info][Trajet]Execution map 84675331 .
no best match on i =38 : 43
no best match on i =43 : 43
Plus de ressources à récolter disponibles , on passe à la map suivante .
[DEBUG] Path calculated {source : 125=125 , target : 11=11} , let's process it !
[ 125, 110, 109, 108, 80, 52, 39, 11 ]
Sending map request !
[Aucun groupe:0:info][Trajet]Changement de carte sur une cellule aléatoire .
[Aucun groupe:0:info][Trajet]Execution de la récolte...
Detection d'un NoMovement . AVADANTIBUGADABRA !
Key movements proccesed !
No movement
[Sync]Reconnection en combat presumer le 226 est vide !
[Sync]Processing ...
[Sync]Ready to process !
[Sync]Impossible d'executer les taches, on est pas en roleplay !
[Sync]Trajet ready ...
Checking pods ...
**Trajet execution canceled !**
Undefined gues, update failed !
Turn ready ...
[Aucun groupe:0:info][Fight]Debut du tours de jeux
Ack ready !
[Aucun groupe:0:info]Aucun sort dans la pile !
[Aucun groupe:0:info]Aucun sort dans la pile !
[Aucun groupe:0:info]IA on se raproche
Process key movements...
Fight move canceled !
Turn ready ...
Undefined gues, update failed !
Turn ready ...
[Aucun groupe:0:info][Fight]Debut du tours de jeux
Ack ready !
[Aucun groupe:0:info]Aucun sort dans la pile !
[Aucun groupe:0:info]IA on se raproche
Process key movements...
Fight move canceled !
Turn ready ...
Undefined gues, update failed !
Turn ready ...
[Aucun groupe:0:info][Fight]Debut du tours de jeux
Ack ready !
[Aucun groupe:0:info]Aucun sort dans la pile !
[Aucun groupe:0:info]IA on se raproche
Process key movements...
Fight move canceled !
Turn ready ...
Undefined gues, update failed !
Turn ready ...
[Aucun groupe:0:info][Fight]Debut du tours de jeux
Ack ready !
[Aucun groupe:0:info]Aucun sort dans la pile !
[Aucun groupe:0:info]IA on se raproche
Process key movements...
Fight move canceled !
Turn ready ...
Undefined gues, update failed !
Turn ready ...
[Aucun groupe:0:info][Fight]Debut du tours de jeux
Ack ready !
[Aucun groupe:0:info]Aucun sort dans la pile !
[Aucun groupe:0:info]IA on se raproche
Process key movements...
Fight move canceled !
Turn ready ...
Undefined gues, update failed !
Turn ready ...
[Aucun groupe:0:info][Fight]Debut du tours de jeux
Ack ready !
[Aucun groupe:0:info]Aucun sort dans la pile !
[Aucun groupe:0:info]IA on se raproche
Process key movements...
Fight move canceled !
Turn ready ...
Undefined gues, update failed !
Turn ready ...
[Aucun groupe:0:info][Fight]Debut du tours de jeux
Ack ready !
[Aucun groupe:0:info]Aucun sort dans la pile !
[Aucun groupe:0:info]IA on se raproche
Process key movements...
Fight move canceled !
Turn ready ...
Undefined gues, update failed !
Turn ready ...
[Aucun groupe:0:info][Fight]Debut du tours de jeux
Ack ready !
[Aucun groupe:0:info]Aucun sort dans la pile !
[Aucun groupe:0:info]IA on se raproche
Process key movements...
Fight move canceled !
Turn ready ...
Undefined gues, update failed !
Turn ready ...
[Aucun groupe:0:info][Fight]Debut du tours de jeux
Ack ready !
[Aucun groupe:0:info]Aucun sort dans la pile !
[Aucun groupe:0:info]IA on se raproche
Process key movements...
Fight move canceled !
Turn ready ...
Undefined gues, update failed !
Turn ready ...
[Aucun groupe:0:info][Fight]Debut du tours de jeux
Ack ready !
[Aucun groupe:0:info]Aucun sort dans la pile !
[Aucun groupe:0:info]IA on se raproche
Process key movements...
Fight move canceled !
Turn ready ...
Undefined gues, update failed !
Turn ready ...
[Aucun groupe:0:info][Fight]Debut du tours de jeux
Ack ready !
[Aucun groupe:0:info]Aucun sort dans la pile !
[Aucun groupe:0:info]IA on se raproche
Process key movements...
Fight move canceled !
Turn ready ...
Undefined gues, update failed !
Turn ready ...
[Aucun groupe:0:info][Fight]Debut du tours de jeux
Ack ready !
[Aucun groupe:0:info]Aucun sort dans la pile !
[Aucun groupe:0:info]IA on se raproche
Process key movements...
Fight move canceled !
Turn ready ...
Undefined gues, update failed !
Turn ready ...
[Aucun groupe:0:info][Fight]Debut du tours de jeux
Ack ready !
[Aucun groupe:0:info]Aucun sort dans la pile !
[Aucun groupe:0:info]IA on se raproche
Process key movements...
Fight move canceled !
Turn ready ...
Undefined gues, update failed !
Turn ready ...
[Aucun groupe:0:info][Fight]Debut du tours de jeux
Ack ready !
[Aucun groupe:0:info]Aucun sort dans la pile !
[Aucun groupe:0:info]IA on se raproche
Process key movements...
Fight move canceled !
Turn ready ...
Undefined gues, update failed !
Turn ready ...
[Aucun groupe:0:info][Fight]Debut du tours de jeux
Ack ready !
[Aucun groupe:0:info]Aucun sort dans la pile !
[Aucun groupe:0:info]IA on se raproche
Process key movements...
Fight move canceled !
Turn ready ...
Undefined gues, update failed !
Turn ready ...
[Aucun groupe:0:info][Fight]Debut du tours de jeux
Ack ready !
[Aucun groupe:0:info]Aucun sort dans la pile !
[Aucun groupe:0:info]IA on se raproche
Process key movements...
Fight move canceled !
Turn ready ...
Undefined gues, update failed !
Turn ready ...
[Aucun groupe:0:info][Fight]Debut du tours de jeux
Ack ready !
[Aucun groupe:0:info]Aucun sort dans la pile !
[Aucun groupe:0:info]IA on se raproche
Process key movements...
Fight move canceled !
Turn ready ...
Undefined gues, update failed !
Turn ready ...
[Aucun groupe:0:info][Fight]Debut du tours de jeux
Ack ready !
[Aucun groupe:0:info]Aucun sort dans la pile !
[Aucun groupe:0:info]IA on se raproche
Process key movements...
Fight move canceled !
Turn ready ...
Undefined gues, update failed !
Turn ready ...
[Aucun groupe:0:info][Fight]Debut du tours de jeux
Ack ready !
[Aucun groupe:0:info]Aucun sort dans la pile !
[Aucun groupe:0:info]IA on se raproche
Process key movements...
Fight move canceled !
Turn ready ...
Undefined gues, update failed !
Turn ready ...
[Aucun groupe:0:info][Fight]Debut du tours de jeux
Ack ready !
[Aucun groupe:0:info]Aucun sort dans la pile !
[Aucun groupe:0:info]IA on se raproche
Process key movements...
Fight move canceled !
Turn ready ...
Undefined gues, update failed !
Turn ready ...
[Aucun groupe:0:info][Fight]Debut du tours de jeux
Ack ready !
[Aucun groupe:0:info]Aucun sort dans la pile !
[Aucun groupe:0:info]IA on se raproche
Process key movements...
Fight move canceled !
Turn ready ...
Undefined gues, update failed !
Turn ready ...
[Aucun groupe:0:info][Fight]Debut du tours de jeux
Ack ready !
[Aucun groupe:0:info]Aucun sort dans la pile !
[Aucun groupe:0:info]IA on se raproche
Process key movements...
Fight move canceled !
Turn ready ...
Undefined gues, update failed !
Turn ready ...
[Aucun groupe:0:info][Fight]Debut du tours de jeux
Ack ready !
[Aucun groupe:0:info]Aucun sort dans la pile !
[Aucun groupe:0:info]IA on se raproche
Process key movements...
Fight move canceled !
Turn ready ...
Undefined gues, update failed !
Turn ready ...
[Aucun groupe:0:info][Fight]Debut du tours de jeux
Ack ready !
[Aucun groupe:0:info]Aucun sort dans la pile !
[Aucun groupe:0:info]IA on se raproche
Process key movements...
Fight move canceled !
Turn ready ...
Undefined gues, update failed !
Turn ready ...
[Aucun groupe:0:info][Fight]Debut du tours de jeux
Ack ready !
[Aucun groupe:0:info]Aucun sort dans la pile !
[Aucun groupe:0:info]IA on se raproche
Process key movements...
Fight move canceled !
Turn ready ...
Undefined gues, update failed !
Turn ready ...
[Aucun groupe:0:info][Fight]Debut du tours de jeux
Ack ready !
[Aucun groupe:0:info]Aucun sort dans la pile !
[Aucun groupe:0:info]IA on se raproche
Process key movements...
Fight move canceled !
Turn ready ...
Undefined gues, update failed !
Turn ready ...
[Aucun groupe:0:info][Fight]Debut du tours de jeux
Ack ready !
[Aucun groupe:0:info]Aucun sort dans la pile !
[Aucun groupe:0:info]IA on se raproche
Process key movements...
Fight move canceled !
Turn ready ...
Undefined gues, update failed !
Turn ready ...
[Aucun groupe:0:info][Fight]Debut du tours de jeux
Ack ready !
[Aucun groupe:0:info]Aucun sort dans la pile !
[Aucun groupe:0:info]IA on se raproche
Process key movements...
Fight move canceled !
Turn ready ...
Undefined gues, update failed !
Turn ready ...
[Aucun groupe:0:info][Fight]Debut du tours de jeux
Ack ready !
[Aucun groupe:0:info]Aucun sort dans la pile !
[Aucun groupe:0:info]IA on se raproche
Process key movements...
Fight move canceled !
Turn ready ...
Undefined gues, update failed !
Turn ready ...
[Aucun groupe:0:info][Fight]Debut du tours de jeux
Ack ready !
[Aucun groupe:0:info]Aucun sort dans la pile !
[Aucun groupe:0:info]IA on se raproche
Process key movements...
Fight move canceled !
Turn ready ...
Undefined gues, update failed !
Turn ready ...
[Aucun groupe:0:info][Fight]Debut du tours de jeux
Ack ready !
[Aucun groupe:0:info]Aucun sort dans la pile !
[Aucun groupe:0:info]IA on se raproche
Process key movements...
Fight move canceled !
Turn ready ...
Undefined gues, update failed !
Turn ready ...
[Aucun groupe:0:info][Fight]Debut du tours de jeux
Ack ready !
[Aucun groupe:0:info]Aucun sort dans la pile !
[Aucun groupe:0:info]IA on se raproche
Process key movements...
Fight move canceled !
Turn ready ...
Undefined gues, update failed !
Turn ready ...
[Aucun groupe:0:info][Fight]Debut du tours de jeux
Ack ready !
[Aucun groupe:0:info]Aucun sort dans la pile !
[Aucun groupe:0:info]IA on se raproche
Process key movements...
Fight move canceled !
Turn ready ...
Undefined gues, update failed !
Turn ready ...
[Aucun groupe:0:info][Fight]Debut du tours de jeux
Ack ready !
[Aucun groupe:0:info]Aucun sort dans la pile !
[Aucun groupe:0:info]IA on se raproche
Process key movements...
Fight move canceled !
Turn ready ...
Undefined gues, update failed !
Turn ready ...
[Aucun groupe:0:info][Fight]Debut du tours de jeux
Ack ready !
[Aucun groupe:0:info]Aucun sort dans la pile !
[Aucun groupe:0:info]IA on se raproche
Process key movements...
Fight move canceled !
Turn ready ...
Undefined gues, update failed !
Turn ready ...
[Aucun groupe:0:info][Fight]Debut du tours de jeux
Ack ready !
[Aucun groupe:0:info]Aucun sort dans la pile !
[Aucun groupe:0:info]IA on se raproche
Process key movements...
Fight move canceled !
Turn ready ...
Undefined gues, update failed !
Turn ready ...
[Aucun groupe:0:info][Fight]Debut du tours de jeux
Ack ready !
[Aucun groupe:0:info]Aucun sort dans la pile !
[Aucun groupe:0:info]IA on se raproche
Process key movements...
Fight move canceled !
Turn ready ...
Undefined gues, update failed !
Turn ready ...
[Aucun groupe:0:info][Fight]Debut du tours de jeux
Ack ready !
[Aucun groupe:0:info]Aucun sort dans la pile !
[Aucun groupe:0:info]IA on se raproche
Process key movements...
Fight move canceled !
Turn ready ...
Undefined gues, update failed !
Turn ready ...
[Aucun groupe:0:info][Fight]Debut du tours de jeux
Ack ready !
[Aucun groupe:0:info]Aucun sort dans la pile !
[Aucun groupe:0:info]IA on se raproche
Process key movements...
Fight move canceled !
Turn ready ...
Undefined gues, update failed !
Turn ready ...
[Aucun groupe:0:info][Fight]Debut du tours de jeux
Ack ready !
[Aucun groupe:0:info]Aucun sort dans la pile !
[Aucun groupe:0:info]IA on se raproche
Process key movements...
Fight move canceled !
Turn ready ...
Undefined gues, update failed !
Turn ready ...
[Aucun groupe:0:info][Fight]Debut du tours de jeux
Ack ready !
[Aucun groupe:0:info]Aucun sort dans la pile !
[Aucun groupe:0:info]IA on se raproche
Process key movements...
Fight move canceled !
Turn ready ...
Undefined gues, update failed !
Turn ready ...
[Aucun groupe:0:info][Fight]Debut du tours de jeux
Ack ready !
[Aucun groupe:0:info]Aucun sort dans la pile !
[Aucun groupe:0:info]IA on se raproche
Process key movements...
Fight move canceled !
Turn ready ...
Undefined gues, update failed !
Turn ready ...
[Aucun groupe:0:info][Fight]Debut du tours de jeux
Ack ready !
[Aucun groupe:0:info]Aucun sort dans la pile !
[Aucun groupe:0:info]IA on se raproche
Process key movements...
Fight move canceled !
Turn ready ...
Undefined gues, update failed !
Turn ready ...
[Aucun groupe:0:info][Fight]Debut du tours de jeux
Ack ready !
[Aucun groupe:0:info]Aucun sort dans la pile !
[Aucun groupe:0:info]IA on se raproche
Process key movements...
Fight move canceled !
Turn ready ...
Undefined gues, update failed !
Turn ready ...
[Aucun groupe:0:info][Fight]Debut du tours de jeux
Ack ready !
[Aucun groupe:0:info]Aucun sort dans la pile !
[Aucun groupe:0:info]IA on se raproche
Process key movements...
Fight move canceled !
Turn ready ...
Undefined gues, update failed !
Turn ready ...
[Aucun groupe:0:info][Fight]Debut du tours de jeux
Ack ready !
[Aucun groupe:0:info]Aucun sort dans la pile !
[Aucun groupe:0:info]IA on se raproche
Process key movements...
Fight move canceled !
Turn ready ...
Undefined gues, update failed !
Turn ready ...
[Aucun groupe:0:info][Fight]Debut du tours de jeux
Ack ready !
[Aucun groupe:0:info]Aucun sort dans la pile !
[Aucun groupe:0:info]IA on se raproche
Process key movements...
Fight move canceled !
Turn ready ...
Undefined gues, update failed !
Turn ready ...
[Aucun groupe:0:info][Fight]Debut du tours de jeux
Ack ready !
[Aucun groupe:0:info]Aucun sort dans la pile !
[Aucun groupe:0:info]IA on se raproche
Process key movements...
Fight move canceled !
Turn ready ...
Undefined gues, update failed !
Turn ready ...
[Aucun groupe:0:info][Fight]Debut du tours de jeux
Ack ready !
[Aucun groupe:0:info]Aucun sort dans la pile !
[Aucun groupe:0:info]IA on se raproche
Process key movements...
Fight move canceled !
Turn ready ...
Undefined gues, update failed !
Turn ready ...
[Aucun groupe:0:info][Fight]Debut du tours de jeux
Ack ready !
[Aucun groupe:0:info]Aucun sort dans la pile !
[Aucun groupe:0:info]IA on se raproche
Process key movements...
Fight move canceled !
Turn ready ...
Undefined gues, update failed !
Turn ready ...
[Aucun groupe:0:info][Fight]Debut du tours de jeux
Ack ready !
[Aucun groupe:0:info]Aucun sort dans la pile !
[Aucun groupe:0:info]IA on se raproche
Process key movements...
Fight move canceled !
Turn ready ...
Undefined gues, update failed !
Turn ready ...
[Aucun groupe:0:info][Fight]Debut du tours de jeux
Ack ready !
[Aucun groupe:0:info]Aucun sort dans la pile !
[Aucun groupe:0:info]IA on se raproche
Process key movements...
Fight move canceled !
Turn ready ...
Undefined gues, update failed !
Turn ready ...
[Aucun groupe:0:info][Fight]Debut du tours de jeux
Ack ready !
[Aucun groupe:0:info]Aucun sort dans la pile !
[Aucun groupe:0:info]IA on se raproche
Process key movements...
Fight move canceled !
Turn ready ...
Undefined gues, update failed !
Turn ready ...
[Aucun groupe:0:info][Fight]Debut du tours de jeux
Ack ready !
[Aucun groupe:0:info]Aucun sort dans la pile !
[Aucun groupe:0:info]IA on se raproche
Process key movements...
Fight move canceled !
Turn ready ...
Undefined gues, update failed !
Turn ready ...
[Aucun groupe:0:info][Fight]Debut du tours de jeux
Ack ready !
[Aucun groupe:0:info]Aucun sort dans la pile !
[Aucun groupe:0:info]IA on se raproche
Process key movements...
Fight move canceled !
Turn ready ...
Undefined gues, update failed !
Turn ready ...
[Aucun groupe:0:info][Fight]Debut du tours de jeux
Ack ready !
[Aucun groupe:0:info]Aucun sort dans la pile !
[Aucun groupe:0:info]IA on se raproche
Process key movements...
Fight move canceled !
Turn ready ...
Undefined gues, update failed !
Turn ready ...
[Aucun groupe:0:info][Fight]Debut du tours de jeux
Ack ready !
[Aucun groupe:0:info]Aucun sort dans la pile !
[Aucun groupe:0:info]IA on se raproche
Process key movements...
Fight move canceled !
Turn ready ...
Undefined gues, update failed !
Turn ready ...
[Aucun groupe:0:info][Fight]Debut du tours de jeux
Ack ready !
[Aucun groupe:0:info]Aucun sort dans la pile !
[Aucun groupe:0:info]IA on se raproche
Process key movements...
Fight move canceled !
Turn ready ...
Undefined gues, update failed !
Turn ready ...
[Aucun groupe:0:info][Fight]Debut du tours de jeux
Ack ready !
[Aucun groupe:0:info]Aucun sort dans la pile !
[Aucun groupe:0:info]IA on se raproche
Process key movements...
Fight move canceled !
Turn ready ...
Undefined gues, update failed !
Turn ready ...
[Aucun groupe:0:info][Fight]Debut du tours de jeux
Ack ready !
[Aucun groupe:0:info]Aucun sort dans la pile !
[Aucun groupe:0:info]IA on se raproche
Process key movements...
Fight move canceled !
Turn ready ...
Undefined gues, update failed !
Turn ready ...
[Aucun groupe:0:info][Fight]Debut du tours de jeux
Ack ready !
[Aucun groupe:0:info]Aucun sort dans la pile !
[Aucun groupe:0:info]IA on se raproche
Process key movements...
Fight move canceled !
Turn ready ...
Undefined gues, update failed !
Turn ready ...
[Aucun groupe:0:info][Fight]Debut du tours de jeux
Ack ready !
[Aucun groupe:0:info]Aucun sort dans la pile !
[Aucun groupe:0:info]IA on se raproche
Process key movements...
Fight move canceled !
Turn ready ...
Undefined gues, update failed !
Turn ready ...
[Aucun groupe:0:info][Fight]Debut du tours de jeux
Ack ready !
[Aucun groupe:0:info]Aucun sort dans la pile !
[Aucun groupe:0:info]IA on se raproche
Process key movements...
Fight move canceled !
Turn ready ...
Undefined gues, update failed !
Turn ready ...
[Aucun groupe:0:info][Fight]Debut du tours de jeux
Ack ready !
[Aucun groupe:0:info]Aucun sort dans la pile !
[Aucun groupe:0:info]IA on se raproche
Process key movements...
Fight move canceled !
Turn ready ...
Undefined gues, update failed !
Turn ready ...
[Aucun groupe:0:info][Fight]Debut du tours de jeux
Ack ready !
[Aucun groupe:0:info]Aucun sort dans la pile !
[Aucun groupe:0:info]IA on se raproche
Process key movements...
Fight move canceled !
Turn ready ...
Undefined gues, update failed !
Turn ready ...
[Aucun groupe:0:info][Fight]Debut du tours de jeux
Ack ready !
[Aucun groupe:0:info]Aucun sort dans la pile !
[Aucun groupe:0:info]IA on se raproche
Process key movements...
Fight move canceled !
Turn ready ...
Undefined gues, update failed !
Turn ready ...
[Aucun groupe:0:info][Fight]Debut du tours de jeux
Ack ready !
[Aucun groupe:0:info]Aucun sort dans la pile !
[Aucun groupe:0:info]IA on se raproche
Process key movements...
Fight move canceled !
Turn ready ...
Undefined gues, update failed !
Turn ready ...
[Aucun groupe:0:info][Fight]Debut du tours de jeux
Ack ready !
[Aucun groupe:0:info]Aucun sort dans la pile !
[Aucun groupe:0:info]IA on se raproche
Process key movements...
Fight move canceled !
Turn ready ...
Undefined gues, update failed !
Turn ready ...
[Aucun groupe:0:info][Fight]Debut du tours de jeux
Ack ready !
[Aucun groupe:0:info]Aucun sort dans la pile !
[Aucun groupe:0:info]IA on se raproche
Process key movements...
Fight move canceled !
Turn ready ...
Undefined gues, update failed !
Turn ready ...
[Aucun groupe:0:info][Fight]Debut du tours de jeux
Ack ready !
[Aucun groupe:0:info]Aucun sort dans la pile !
[Aucun groupe:0:info]IA on se raproche
Process key movements...
Fight move canceled !
Turn ready ...
Undefined gues, update failed !
Turn ready ...
[Aucun groupe:0:info][Fight]Debut du tours de jeux
Ack ready !
[Aucun groupe:0:info]Aucun sort dans la pile !
[Aucun groupe:0:info]IA on se raproche
Process key movements...
Fight move canceled !
Turn ready ...
Undefined gues, update failed !
Turn ready ...
[Aucun groupe:0:info][Fight]Debut du tours de jeux
Ack ready !
[Aucun groupe:0:info]Aucun sort dans la pile !
[Aucun groupe:0:info]IA on se raproche
Process key movements...
Fight move canceled !
Turn ready ...
Undefined gues, update failed !
Turn ready ...
[Aucun groupe:0:info][Fight]Debut du tours de jeux
Ack ready !
[Aucun groupe:0:info]Aucun sort dans la pile !
[Aucun groupe:0:info]IA on se raproche
Process key movements...
Fight move canceled !
Turn ready ...
Undefined gues, update failed !
Turn ready ...
[Aucun groupe:0:info][Fight]Debut du tours de jeux
Ack ready !
[Aucun groupe:0:info]Aucun sort dans la pile !
[Aucun groupe:0:info]IA on se raproche
Process key movements...
Fight move canceled !
Turn ready ...
Undefined gues, update failed !
Turn ready ...
[Aucun groupe:0:info][Fight]Debut du tours de jeux
Ack ready !
[Aucun groupe:0:info]Aucun sort dans la pile !
[Aucun groupe:0:info]IA on se raproche
Process key movements...
Fight move canceled !
Turn ready ...
Undefined gues, update failed !
Turn ready ...
[Aucun groupe:0:info][Fight]Debut du tours de jeux
Ack ready !
[Aucun groupe:0:info]Aucun sort dans la pile !
[Aucun groupe:0:info]IA on se raproche
Process key movements...
Fight move canceled !
Turn ready ...
Undefined gues, update failed !
Turn ready ...
[Aucun groupe:0:info][Fight]Debut du tours de jeux
Ack ready !
[Aucun groupe:0:info]Aucun sort dans la pile !
[Aucun groupe:0:info]IA on se raproche
Process key movements...
Fight move canceled !
Turn ready ...
Undefined gues, update failed !
Turn ready ...
[Aucun groupe:0:info][Fight]Debut du tours de jeux
Ack ready !
[Aucun groupe:0:info]Aucun sort dans la pile !
[Aucun groupe:0:info]IA on se raproche
Process key movements...
Fight move canceled !
Turn ready ...
Undefined gues, update failed !
Turn ready ...
[Aucun groupe:0:info][Fight]Debut du tours de jeux
Ack ready !
[Aucun groupe:0:info]Aucun sort dans la pile !
[Aucun groupe:0:info]IA on se raproche
Process key movements...
Fight move canceled !
Turn ready ...
Undefined gues, update failed !
Turn ready ...
[Aucun groupe:0:info][Fight]Debut du tours de jeux
Ack ready !
[Aucun groupe:0:info]Aucun sort dans la pile !
[Aucun groupe:0:info]IA on se raproche
Process key movements...
Fight move canceled !
Turn ready ...
Undefined gues, update failed !
Turn ready ...
[Aucun groupe:0:info][Fight]Debut du tours de jeux
Ack ready !
[Aucun groupe:0:info]Aucun sort dans la pile !
[Aucun groupe:0:info]IA on se raproche
Process key movements...
Fight move canceled !
Turn ready ...
Undefined gues, update failed !
Turn ready ...
[Aucun groupe:0:info][Fight]Debut du tours de jeux
Ack ready !
[Aucun groupe:0:info]Aucun sort dans la pile !
[Aucun groupe:0:info]IA on se raproche
Process key movements...
Fight move canceled !
Turn ready ...
Undefined gues, update failed !
Turn ready ...
[Aucun groupe:0:info][Fight]Debut du tours de jeux
Ack ready !
[Aucun groupe:0:info]Aucun sort dans la pile !
[Aucun groupe:0:info]IA on se raproche
Process key movements...
Fight move canceled !
Turn ready ...
Undefined gues, update failed !
Turn ready ...
[Aucun groupe:0:info][Fight]Debut du tours de jeux
Ack ready !
[Aucun groupe:0:info]Aucun sort dans la pile !
[Aucun groupe:0:info]IA on se raproche
Process key movements...
Fight move canceled !
Turn ready ...
Undefined gues, update failed !
Turn ready ...
[Aucun groupe:0:info][Fight]Debut du tours de jeux
Ack ready !
[Aucun groupe:0:info]Aucun sort dans la pile !
[Aucun groupe:0:info]IA on se raproche
Process key movements...
Fight move canceled !
Turn ready ...
Undefined gues, update failed !
Turn ready ...
[Aucun groupe:0:info][Fight]Debut du tours de jeux
Ack ready !
[Aucun groupe:0:info]Aucun sort dans la pile !
[Aucun groupe:0:info]IA on se raproche
Process key movements...
Fight move canceled !
Turn ready ...
Undefined gues, update failed !
Turn ready ...
[Aucun groupe:0:info][Fight]Debut du tours de jeux
Ack ready !
[Aucun groupe:0:info]Aucun sort dans la pile !
[Aucun groupe:0:info]IA on se raproche
Process key movements...
Fight move canceled !
Turn ready ...
Undefined gues, update failed !
Turn ready ...
[Aucun groupe:0:info][Fight]Debut du tours de jeux
Ack ready !
[Aucun groupe:0:info]Aucun sort dans la pile !
[Aucun groupe:0:info]IA on se raproche
Process key movements...
Fight move canceled !
Turn ready ...
Undefined gues, update failed !
Turn ready ...
[Aucun groupe:0:info][Fight]Debut du tours de jeux
Ack ready !
[Aucun groupe:0:info]Aucun sort dans la pile !
[Aucun groupe:0:info]IA on se raproche
Process key movements...
Fight move canceled !
Turn ready ...
Undefined gues, update failed !
Turn ready ...
[Aucun groupe:0:info][Fight]Debut du tours de jeux
Ack ready !
[Aucun groupe:0:info]Aucun sort dans la pile !
[Aucun groupe:0:info]IA on se raproche
Process key movements...
Fight move canceled !
Turn ready ...
Undefined gues, update failed !
Turn ready ...
[Aucun groupe:0:info][Fight]Debut du tours de jeux
Ack ready !
[Aucun groupe:0:info]Aucun sort dans la pile !
[Aucun groupe:0:info]IA on se raproche
Process key movements...
Fight move canceled !
Turn ready ...
Undefined gues, update failed !
Turn ready ...
[Aucun groupe:0:info][Fight]Debut du tours de jeux
Ack ready !
[Aucun groupe:0:info]Aucun sort dans la pile !
[Aucun groupe:0:info]IA on se raproche
Process key movements...
Fight move canceled !
Turn ready ...
Undefined gues, update failed !
Turn ready ...
[Aucun groupe:0:info][Fight]Debut du tours de jeux
Ack ready !
[Aucun groupe:0:info]Aucun sort dans la pile !
[Aucun groupe:0:info]IA on se raproche
Process key movements...
Fight move canceled !
Turn ready ...
Undefined gues, update failed !
Turn ready ...
[Aucun groupe:0:info][Fight]Debut du tours de jeux
Ack ready !
[Aucun groupe:0:info]Aucun sort dans la pile !
[Aucun groupe:0:info]IA on se raproche
Process key movements...
Fight move canceled !
Turn ready ...
Undefined gues, update failed !
Turn ready ...
[Aucun groupe:0:info][Fight]Debut du tours de jeux
Ack ready !
[Aucun groupe:0:info]Aucun sort dans la pile !
[Aucun groupe:0:info]IA on se raproche
Process key movements...
Fight move canceled !
Turn ready ...
Undefined gues, update failed !
Turn ready ...
[Aucun groupe:0:info][Fight]Debut du tours de jeux
Ack ready !
[Aucun groupe:0:info]Aucun sort dans la pile !
[Aucun groupe:0:info]IA on se raproche
Process key movements...
Fight move canceled !
Turn ready ...
Undefined gues, update failed !
Turn ready ...
[Aucun groupe:0:info][Fight]Debut du tours de jeux
Ack ready !
[Aucun groupe:0:info]Aucun sort dans la pile !
[Aucun groupe:0:info]IA on se raproche
Process key movements...
Fight move canceled !
Turn ready ...
Undefined gues, update failed !
Turn ready ...
[Aucun groupe:0:info][Fight]Debut du tours de jeux
Ack ready !
[Aucun groupe:0:info]Aucun sort dans la pile !
[Aucun groupe:0:info]IA on se raproche
Process key movements...
Fight move canceled !
Turn ready ...
Undefined gues, update failed !
Turn ready ...
[Aucun groupe:0:info][Fight]Debut du tours de jeux
Ack ready !
[Aucun groupe:0:info]Aucun sort dans la pile !
[Aucun groupe:0:info]IA on se raproche
Process key movements...
Fight move canceled !
Turn ready ...
Undefined gues, update failed !
Turn ready ...
[Aucun groupe:0:info][Fight]Debut du tours de jeux
Ack ready !
[Aucun groupe:0:info]Aucun sort dans la pile !
[Aucun groupe:0:info]IA on se raproche
Process key movements...
Fight move canceled !
Turn ready ...
Undefined gues, update failed !
Turn ready ...
[Aucun groupe:0:info][Fight]Debut du tours de jeux
Ack ready !
[Aucun groupe:0:info]Aucun sort dans la pile !
[Aucun groupe:0:info]IA on se raproche
Process key movements...
Fight move canceled !
Turn ready ...
Undefined gues, update failed !
Turn ready ...
[Aucun groupe:0:info][Fight]Debut du tours de jeux
Ack ready !
[Aucun groupe:0:info]Aucun sort dans la pile !
[Aucun groupe:0:info]IA on se raproche
Process key movements...
Fight move canceled !
Turn ready ...
Undefined gues, update failed !
Turn ready ...
[Aucun groupe:0:info][Fight]Debut du tours de jeux
Ack ready !
[Aucun groupe:0:info]Aucun sort dans la pile !
[Aucun groupe:0:info]IA on se raproche
Process key movements...
Fight move canceled !
Turn ready ...
Undefined gues, update failed !
Turn ready ...
[Aucun groupe:0:info][Fight]Debut du tours de jeux
Ack ready !
[Aucun groupe:0:info]Aucun sort dans la pile !
[Aucun groupe:0:info]IA on se raproche
Process key movements...
Fight move canceled !
Turn ready ...
Undefined gues, update failed !
Turn ready ...
[Aucun groupe:0:info][Fight]Debut du tours de jeux
Ack ready !
[Aucun groupe:0:info]Aucun sort dans la pile !
[Aucun groupe:0:info]IA on se raproche
Process key movements...
Fight move canceled !
Turn ready ...
Undefined gues, update failed !
Turn ready ...
[Aucun groupe:0:info][Fight]Debut du tours de jeux
Ack ready !
[Aucun groupe:0:info]Aucun sort dans la pile !
[Aucun groupe:0:info]IA on se raproche
Process key movements...
Fight move canceled !
Turn ready ...
Undefined gues, update failed !
Turn ready ...
[Aucun groupe:0:info][Fight]Debut du tours de jeux
Ack ready !
[Aucun groupe:0:info]Aucun sort dans la pile !
[Aucun groupe:0:info]IA on se raproche
Process key movements...
Fight move canceled !
Turn ready ...
Undefined gues, update failed !
Turn ready ...
[Aucun groupe:0:info][Fight]Debut du tours de jeux
Ack ready !
[Aucun groupe:0:info]Aucun sort dans la pile !
[Aucun groupe:0:info]IA on se raproche
Process key movements...
Fight move canceled !
Turn ready ...
Undefined gues, update failed !
Turn ready ...
[Aucun groupe:0:info][Fight]Debut du tours de jeux
Ack ready !
[Aucun groupe:0:info]Aucun sort dans la pile !
[Aucun groupe:0:info]IA on se raproche
Process key movements...
Fight move canceled !
Turn ready ...
Undefined gues, update failed !
Turn ready ...
[Aucun groupe:0:info][Fight]Debut du tours de jeux
Ack ready !
[Aucun groupe:0:info]Aucun sort dans la pile !
[Aucun groupe:0:info]IA on se raproche
Process key movements...
Fight move canceled !
Turn ready ...
Undefined gues, update failed !
Turn ready ...
[Aucun groupe:0:info][Fight]Debut du tours de jeux
Ack ready !
[Aucun groupe:0:info]Aucun sort dans la pile !
[Aucun groupe:0:info]IA on se raproche
Process key movements...
Fight move canceled !
Turn ready ...
Undefined gues, update failed !
Turn ready ...
[Aucun groupe:0:info][Fight]Debut du tours de jeux
Ack ready !
[Aucun groupe:0:info]Aucun sort dans la pile !
[Aucun groupe:0:info]IA on se raproche
Process key movements...
Fight move canceled !
Turn ready ...
Undefined gues, update failed !
Turn ready ...
[Aucun groupe:0:info][Fight]Debut du tours de jeux
Ack ready !
[Aucun groupe:0:info]Aucun sort dans la pile !
[Aucun groupe:0:info]IA on se raproche
Process key movements...
Fight move canceled !
Turn ready ...
Undefined gues, update failed !
Turn ready ...
[Aucun groupe:0:info][Fight]Debut du tours de jeux
Ack ready !
[Aucun groupe:0:info]Aucun sort dans la pile !
[Aucun groupe:0:info]IA on se raproche
Process key movements...
Fight move canceled !
Turn ready ...
Undefined gues, update failed !
Turn ready ...
[Aucun groupe:0:info][Fight]Debut du tours de jeux
Ack ready !
[Aucun groupe:0:info]Aucun sort dans la pile !
[Aucun groupe:0:info]IA on se raproche
Process key movements...
Fight move canceled !
Turn ready ...
Undefined gues, update failed !
Turn ready ...
[Aucun groupe:0:info][Fight]Debut du tours de jeux
Ack ready !
[Aucun groupe:0:info]Aucun sort dans la pile !
[Aucun groupe:0:info]IA on se raproche
Process key movements...
Fight move canceled !
Turn ready ...
Undefined gues, update failed !
Turn ready ...
[Aucun groupe:0:info][Fight]Debut du tours de jeux
Ack ready !
[Aucun groupe:0:info]Aucun sort dans la pile !
[Aucun groupe:0:info]IA on se raproche
Process key movements...
Fight move canceled !
Turn ready ...
Undefined gues, update failed !
Turn ready ...
[Aucun groupe:0:info][Fight]Debut du tours de jeux
Ack ready !
[Aucun groupe:0:info]Aucun sort dans la pile !
[Aucun groupe:0:info]IA on se raproche
Process key movements...
Fight move canceled !
Turn ready ...
Undefined gues, update failed !
Turn ready ...
[Aucun groupe:0:info][Fight]Debut du tours de jeux
Ack ready !
[Aucun groupe:0:info]Aucun sort dans la pile !
[Aucun groupe:0:info]IA on se raproche
Process key movements...
Fight move canceled !
Turn ready ...
Undefined gues, update failed !
Turn ready ...
[Aucun groupe:0:info][Fight]Debut du tours de jeux
Ack ready !
[Aucun groupe:0:info]Aucun sort dans la pile !
[Aucun groupe:0:info]IA on se raproche
Process key movements...
Fight move canceled !
Turn ready ...
Undefined gues, update failed !
Turn ready ...
[Aucun groupe:0:info][Fight]Debut du tours de jeux
Ack ready !
[Aucun groupe:0:info]Aucun sort dans la pile !
[Aucun groupe:0:info]IA on se raproche
Process key movements...
Fight move canceled !
Turn ready ...
Undefined gues, update failed !
Turn ready ...
[Aucun groupe:0:info][Fight]Debut du tours de jeux
Ack ready !
[Aucun groupe:0:info]Aucun sort dans la pile !
[Aucun groupe:0:info]IA on se raproche
Process key movements...
Fight move canceled !
Turn ready ...
Undefined gues, update failed !
Turn ready ...
[Aucun groupe:0:info][Fight]Debut du tours de jeux
Ack ready !
[Aucun groupe:0:info]Aucun sort dans la pile !
[Aucun groupe:0:info]IA on se raproche
Process key movements...
Fight move canceled !
Turn ready ...
Undefined gues, update failed !
Turn ready ...
[Aucun groupe:0:info][Fight]Debut du tours de jeux
Ack ready !
[Aucun groupe:0:info]Aucun sort dans la pile !
[Aucun groupe:0:info]IA on se raproche
Process key movements...
Fight move canceled !
Turn ready ...
Undefined gues, update failed !
Turn ready ...
[Aucun groupe:0:info][Fight]Debut du tours de jeux
Ack ready !
[Aucun groupe:0:info]Aucun sort dans la pile !
[Aucun groupe:0:info]IA on se raproche
Process key movements...
Fight move canceled !
Turn ready ...
Undefined gues, update failed !
Turn ready ...
[Aucun groupe:0:info][Fight]Debut du tours de jeux
Ack ready !
[Aucun groupe:0:info]Aucun sort dans la pile !
[Aucun groupe:0:info]IA on se raproche
Process key movements...
Fight move canceled !
Turn ready ...
Undefined gues, update failed !
Turn ready ...
[Aucun groupe:0:info][Fight]Debut du tours de jeux
Ack ready !
[Aucun groupe:0:info]Aucun sort dans la pile !
[Aucun groupe:0:info]IA on se raproche
Process key movements...
Fight move canceled !
Turn ready ...
Undefined gues, update failed !
Turn ready ...
[Aucun groupe:0:info][Fight]Debut du tours de jeux
Ack ready !
[Aucun groupe:0:info]Aucun sort dans la pile !
[Aucun groupe:0:info]IA on se raproche
Process key movements...
Fight move canceled !
Turn ready ...
Undefined gues, update failed !
Turn ready ...
[Aucun groupe:0:info][Fight]Debut du tours de jeux
Ack ready !
[Aucun groupe:0:info]Aucun sort dans la pile !
[Aucun groupe:0:info]IA on se raproche
Process key movements...
Fight move canceled !
Turn ready ...
Undefined gues, update failed !
Turn ready ...
[Aucun groupe:0:info][Fight]Debut du tours de jeux
Ack ready !
[Aucun groupe:0:info]Aucun sort dans la pile !
[Aucun groupe:0:info]IA on se raproche
Process key movements...
Fight move canceled !
Turn ready ...
Undefined gues, update failed !
Turn ready ...
[Aucun groupe:0:info][Fight]Debut du tours de jeux
Ack ready !
[Aucun groupe:0:info]Aucun sort dans la pile !
[Aucun groupe:0:info]IA on se raproche
Process key movements...
Fight move canceled !
Turn ready ...
Undefined gues, update failed !
Turn ready ...
[Aucun groupe:0:info][Fight]Debut du tours de jeux
Ack ready !
[Aucun groupe:0:info]Aucun sort dans la pile !
[Aucun groupe:0:info]IA on se raproche
Process key movements...
Fight move canceled !
Turn ready ...
Undefined gues, update failed !
Turn ready ...
[Aucun groupe:0:info][Fight]Debut du tours de jeux
Ack ready !
[Aucun groupe:0:info]Aucun sort dans la pile !
[Aucun groupe:0:info]IA on se raproche
Process key movements...
Fight move canceled !
Turn ready ...
Undefined gues, update failed !
Turn ready ...
[Aucun groupe:0:info][Fight]Debut du tours de jeux
Ack ready !
[Aucun groupe:0:info]Aucun sort dans la pile !
[Aucun groupe:0:info]IA on se raproche
Process key movements...
Fight move canceled !
Turn ready ...
Undefined gues, update failed !
Turn ready ...
[Aucun groupe:0:info][Fight]Debut du tours de jeux
Ack ready !
[Aucun groupe:0:info]Aucun sort dans la pile !
[Aucun groupe:0:info]IA on se raproche
Process key movements...
Fight move canceled !
Turn ready ...
Undefined gues, update failed !
Turn ready ...
[Aucun groupe:0:info][Fight]Debut du tours de jeux
Ack ready !
[Aucun groupe:0:info]Aucun sort dans la pile !
[Aucun groupe:0:info]IA on se raproche
Process key movements...
Fight move canceled !
Turn ready ...
Undefined gues, update failed !
Turn ready ...
[Aucun groupe:0:info][Fight]Debut du tours de jeux
Ack ready !
[Aucun groupe:0:info]Aucun sort dans la pile !
[Aucun groupe:0:info]IA on se raproche
Process key movements...
Fight move canceled !
Turn ready ...
Undefined gues, update failed !
Turn ready ...
[Aucun groupe:0:info][Fight]Debut du tours de jeux
Ack ready !
[Aucun groupe:0:info]Aucun sort dans la pile !
[Aucun groupe:0:info]IA on se raproche
Process key movements...
Fight move canceled !
Turn ready ...
Undefined gues, update failed !
Turn ready ...
[Aucun groupe:0:info][Fight]Debut du tours de jeux
Ack ready !
[Aucun groupe:0:info]Aucun sort dans la pile !
[Aucun groupe:0:info]IA on se raproche
Process key movements...
Fight move canceled !
Turn ready ...
Undefined gues, update failed !
Turn ready ...
[Aucun groupe:0:info][Fight]Debut du tours de jeux
Ack ready !
[Aucun groupe:0:info]Aucun sort dans la pile !
[Aucun groupe:0:info]IA on se raproche
Process key movements...
Fight move canceled !
Turn ready ...
Undefined gues, update failed !
Turn ready ...
[Aucun groupe:0:info][Fight]Debut du tours de jeux
Ack ready !
[Aucun groupe:0:info]Aucun sort dans la pile !
[Aucun groupe:0:info]IA on se raproche
Process key movements...
Fight move canceled !
Turn ready ...
Undefined gues, update failed !
Turn ready ...
[Aucun groupe:0:info][Fight]Debut du tours de jeux
Ack ready !
[Aucun groupe:0:info]Aucun sort dans la pile !
[Aucun groupe:0:info]IA on se raproche
Process key movements...
Fight move canceled !
Turn ready ...
Undefined gues, update failed !
Turn ready ...
[Aucun groupe:0:info][Fight]Debut du tours de jeux
Ack ready !
[Aucun groupe:0:info]Aucun sort dans la pile !
[Aucun groupe:0:info]IA on se raproche
Process key movements...
Fight move canceled !
Turn ready ...
Undefined gues, update failed !
Turn ready ...
[Aucun groupe:0:info][Fight]Debut du tours de jeux
Ack ready !
[Aucun groupe:0:info]Aucun sort dans la pile !
[Aucun groupe:0:info]IA on se raproche
Process key movements...
Fight move canceled !
Turn ready ...
Undefined gues, update failed !
Turn ready ...
[Aucun groupe:0:info][Fight]Debut du tours de jeux
Ack ready !
[Aucun groupe:0:info]Aucun sort dans la pile !
[Aucun groupe:0:info]IA on se raproche
Process key movements...
Fight move canceled !
Turn ready ...
Undefined gues, update failed !
Turn ready ...
[Aucun groupe:0:info][Fight]Debut du tours de jeux
Ack ready !
[Aucun groupe:0:info]Aucun sort dans la pile !
[Aucun groupe:0:info]IA on se raproche
Process key movements...
Fight move canceled !
Turn ready ...
Undefined gues, update failed !
Turn ready ...
[Aucun groupe:0:info][Fight]Debut du tours de jeux
Ack ready !
[Aucun groupe:0:info]Aucun sort dans la pile !
[Aucun groupe:0:info]IA on se raproche
Process key movements...
Fight move canceled !
Turn ready ...
Undefined gues, update failed !
Turn ready ...
[Aucun groupe:0:info][Fight]Debut du tours de jeux
Ack ready !
[Aucun groupe:0:info]Aucun sort dans la pile !
[Aucun groupe:0:info]IA on se raproche
Process key movements...
Fight move canceled !
Turn ready ...
Undefined gues, update failed !
Turn ready ...
[Aucun groupe:0:info][Fight]Debut du tours de jeux
Ack ready !
[Aucun groupe:0:info]Aucun sort dans la pile !
[Aucun groupe:0:info]IA on se raproche
Process key movements...
Fight move canceled !
Turn ready ...
Undefined gues, update failed !
Turn ready ...
[Aucun groupe:0:info][Fight]Debut du tours de jeux
Ack ready !
[Aucun groupe:0:info]Aucun sort dans la pile !
[Aucun groupe:0:info]IA on se raproche
Process key movements...
Fight move canceled !
Turn ready ...
Undefined gues, update failed !
Turn ready ...
[Aucun groupe:0:info][Fight]Debut du tours de jeux
Ack ready !
[Aucun groupe:0:info]Aucun sort dans la pile !
[Aucun groupe:0:info]IA on se raproche
Process key movements...
Fight move canceled !
Turn ready ...
Undefined gues, update failed !
Turn ready ...
[Aucun groupe:0:info][Fight]Debut du tours de jeux
Ack ready !
[Aucun groupe:0:info]Aucun sort dans la pile !
[Aucun groupe:0:info]IA on se raproche
Process key movements...
Fight move canceled !
Turn ready ...
Undefined gues, update failed !
Turn ready ...
[Aucun groupe:0:info][Fight]Debut du tours de jeux
Ack ready !
[Aucun groupe:0:info]Aucun sort dans la pile !
[Aucun groupe:0:info]IA on se raproche
Process key movements...
Fight move canceled !
Turn ready ...
Undefined gues, update failed !
Turn ready ...
[Aucun groupe:0:info][Fight]Debut du tours de jeux
Ack ready !
[Aucun groupe:0:info]Aucun sort dans la pile !
[Aucun groupe:0:info]IA on se raproche
Process key movements...
Fight move canceled !
Turn ready ...
Undefined gues, update failed !
Turn ready ...
[Aucun groupe:0:info][Fight]Debut du tours de jeux
Ack ready !
[Aucun groupe:0:info]Aucun sort dans la pile !
[Aucun groupe:0:info]IA on se raproche
Process key movements...
Fight move canceled !
Turn ready ...
Undefined gues, update failed !
Turn ready ...
[Aucun groupe:0:info][Fight]Debut du tours de jeux
Ack ready !
[Aucun groupe:0:info]Aucun sort dans la pile !
[Aucun groupe:0:info]IA on se raproche
Process key movements...
Fight move canceled !
Turn ready ...
Undefined gues, update failed !
Turn ready ...
[Aucun groupe:0:info][Fight]Debut du tours de jeux
Ack ready !
[Aucun groupe:0:info]Aucun sort dans la pile !
[Aucun groupe:0:info]IA on se raproche
Process key movements...
Fight move canceled !
Turn ready ...
Undefined gues, update failed !
Turn ready ...
[Aucun groupe:0:info][Fight]Debut du tours de jeux
Ack ready !
[Aucun groupe:0:info]Aucun sort dans la pile !
[Aucun groupe:0:info]IA on se raproche
Process key movements...
Fight move canceled !
Turn ready ...
Undefined gues, update failed !
Turn ready ...
[Aucun groupe:0:info][Fight]Debut du tours de jeux
Ack ready !
[Aucun groupe:0:info]Aucun sort dans la pile !
[Aucun groupe:0:info]IA on se raproche
Process key movements...
Fight move canceled !
Turn ready ...
Undefined gues, update failed !
Turn ready ...
[Aucun groupe:0:info][Fight]Debut du tours de jeux
Ack ready !
[Aucun groupe:0:info]Aucun sort dans la pile !
[Aucun groupe:0:info]IA on se raproche
Process key movements...
Fight move canceled !
Turn ready ...
Undefined gues, update failed !
Turn ready ...
[Aucun groupe:0:info][Fight]Debut du tours de jeux
Ack ready !
[Aucun groupe:0:info]Aucun sort dans la pile !
[Aucun groupe:0:info]IA on se raproche
Process key movements...
Fight move canceled !
Turn ready ...
Undefined gues, update failed !
Turn ready ...
[Aucun groupe:0:info][Fight]Debut du tours de jeux
Ack ready !
[Aucun groupe:0:info]Aucun sort dans la pile !
[Aucun groupe:0:info]IA on se raproche
Process key movements...
Fight move canceled !
Turn ready ...
Undefined gues, update failed !
Turn ready ...
[Aucun groupe:0:info][Fight]Debut du tours de jeux
Ack ready !
[Aucun groupe:0:info]Aucun sort dans la pile !
[Aucun groupe:0:info]IA on se raproche
Process key movements...
Fight move canceled !
Turn ready ...
Undefined gues, update failed !
Turn ready ...
[Aucun groupe:0:info][Fight]Debut du tours de jeux
Ack ready !
[Aucun groupe:0:info]Aucun sort dans la pile !
[Aucun groupe:0:info]IA on se raproche
Process key movements...
Fight move canceled !
Turn ready ...
Undefined gues, update failed !
Turn ready ...
[Aucun groupe:0:info][Fight]Debut du tours de jeux
Ack ready !
Turn ready ...
Turn ready ...
Combat terminer !
[Aucun groupe:0:info][Infos]You have lost <b>150</b> energy points.
{"call":"global-state-request"}
Server request for state ...
{"call":"global-state-request"}
Server request for state ...
{"call":"global-state-request"}
Server request for state ...
{"call":"global-state-request"}
Server request for state ...
Undefined actor {"_type":"GameRolePlayNpcWithQuestInformations","contextualId":-1,"look":{"_type":"EntityLook","bonesId":1,"skins":[110,2172,227],"indexedColors":[33542780,50307866,60141352,72773666,100657218],"scales":[145],"subentities":[]},"disposition":{"_type":"EntityDispositionInformations","cellId":246,"direction":3},"npcId":609,"sex":false,"specialArtworkId":0,"questFlag":{"_type":"GameRolePlayNpcQuestFlag","questsToValidId":[],"questsToStartId":[889]},"_npcData":{"_type":"Npc","id":609,"nameId":"Guy San Nolan","dialogMessages":[[2467,9019],[2468,17767],[7210,9364],[9628,13538],[9629,17591],[9630,13523],[9631,17589],[9679,10712],[9693,13714],[10271,12876]],"dialogReplies":[[2124,23685],[6904,24180],[10114,21529],[10115,21528],[10171,23211],[10186,22924],[11133,28015],[11134,28971]],"actions":[3],"gender":0,"look":"{1|110,2172,227|5=#ffe842,2=#ffa31a,4=#567022,1=#ffd27c,3=#95af28|145}","animFunList":[],"actionsName":["Talk"]}}
[Sync]Processing ...
[Sync]Ready to process !
[Sync]Trajet ready ...
Checking pods ...
[Sync]Regen par objet...
[Aucun groupe:0:info][inventory]Bad quantity for object regen !
[Sync]Impossible de faire la regen par objet, regen normale ...
[Aucun groupe:0:info][Player]Debut de la regeneration pour 167pdv
Sequence ready !
Unknow game context remove element {"_messageType":"GameContextRemoveElementMessage","id":-6,"_isInitialized":true}
Unknow game context remove element {"_messageType":"GameContextRemoveElementMessage","id":-4,"_isInitialized":true}
[INACTIVITY] Soft debug on zahidsacri .
[Aucun groupe:0:info][Trajet]Execution map 84804104 .
[Aucun groupe:0:info][Trajet]Rien a faire sur cette map (84804104) !
[Sync]Regen terminer !
[Aucun groupe:0:info][Trajet]Execution map 84804104 .
[Aucun groupe:0:info][Trajet]Rien a faire sur cette map (84804104) !
[INACTIVITY] Soft debug on zahidsacri .
[Aucun groupe:0:info][Trajet]Execution map 84804104 .
[Aucun groupe:0:info][Trajet]Rien a faire sur cette map (84804104) !
[INACTIVITY] Soft debug on zahidsacri .
[Aucun groupe:0:info][Trajet]Execution map 84804104 .
[Aucun groupe:0:info][Trajet]Rien a faire sur cette map (84804104) !
Unknow game context remove element {"_messageType":"GameContextRemoveElementMessage","id":-5,"_isInitialized":true}
[INACTIVITY] Soft debug on zahidsacri .
[Aucun groupe:0:info][Trajet]Execution map 84804104 .
[Aucun groupe:0:info][Trajet]Rien a faire sur cette map (84804104) !
[INACTIVITY] Soft debug on zahidsacri .
[Aucun groupe:0:info][Trajet]Execution map 84804104 .
[Aucun groupe:0:info][Trajet]Rien a faire sur cette map (84804104) !
Sequence ready !
[INACTIVITY] Soft debug on zahidsacri .
[Aucun groupe:0:info][Trajet]Execution map 84804104 .
[Aucun groupe:0:info][Trajet]Rien a faire sur cette map (84804104) !
Unknow game context remove element {"_messageType":"GameContextRemoveElementMessage","id":-6,"_isInitialized":true}
[INACTIVITY] Soft debug on zahidsacri .
[Aucun groupe:0:info][Trajet]Execution map 84804104 .
[Aucun groupe:0:info][Trajet]Rien a faire sur cette map (84804104) !
Unknow game context remove element {"_messageType":"GameContextRemoveElementMessage","id":-4,"_isInitialized":true}
[INACTIVITY] Soft debug on zahidsacri .
[Aucun groupe:0:info][Trajet]Execution map 84804104 .
[Aucun groupe:0:info][Trajet]Rien a faire sur cette map (84804104) !
[INACTIVITY] Soft debug on zahidsacri .
[Aucun groupe:0:info][Trajet]Execution map 84804104 .
[Aucun groupe:0:info][Trajet]Rien a faire sur cette map (84804104) !
[INACTIVITY] Hard debug on zahidsacri .
Reconnection request ...
Session for zahidsacri exported !
