Server request connecting ...
{"assetsUrl":"https://ankama.akamaized.net/games/dofus-tablette/assets/2.15.15","analytics":{"wizAnalytics":{"localytics":{"token":"9f0bf865fd57d22f0bbea56-cd08f12a-8138-11e5-7c24-00736b041834","options":{"sessionTimeoutSeconds":60,"namespace":"dofus-production"}}},"ankAnalytics":{"debug":false,"analog":false,"useUrlMap":true}},"adjust":{"appToken":"7j60imkfu60w","environment":"EnvironmentProduction"},"logging":{"groups":false,"logLevels":{"time":0,"verbose":0,"debug":1,"info":2,"notice":3,"warning":4,"error":5,"critical":6,"alert":7,"emergency":8},"config":{"console":["none"],"server":["error","critical","alert","emergency"]},"disableOverride":false},"dataUrl":"https://proxyconnection.touch.dofus.com","haapi":{"id":18,"url":"https://haapi.ankama.com/json/Ankama/v2"},"serverLanguages":["en","de","es","fr","it","pt"],"failoverLanguage":"en","uiUrl":"https://proxyconnection.touch.dofus.com/assets","language":"en","sessionId":"FA99wkb7UHSmPgYh"}
Config loaded !
{"key":"c21edf0c-02bf-432e-8c01-c5002e07c2f1","account_id":112214161,"ip":"41.141.47.175","added_date":"2017-02-14T23:03:38+01:00","meta":[],"data":{},"access":[],"refresh_token":null,"expiration_date":"2017-02-15T02:03:38+01:00"}
Api key : c21edf0c-02bf-432e-8c01-c5002e07c2f1
Game token : 62ead7f5b61de1f51a039004c29d9c82
[Aucun groupe:0:info][processIdentification]...
Connecting to login server (https://proxyconnection.touch.dofus.com?STICKER=FA99wkb7UHSmPgYh) ...
Connection opened !
[Aucun groupe:0:info]Identification connection opened !
[Aucun groupe:0:info]2/2 in login queue...
[Aucun groupe:0:info]0/0 in login queue...
[Aucun groupe:0:info]1/2 in login queue...
[Aucun groupe:0:info]0/1 in login queue...
[Aucun groupe:0:info]Identification success (1465968706044074763) !
[Aucun groupe:0:info]Servers list received !
[Aucun groupe:0:info][processServerSelection]...
[Aucun groupe:0:info]Request for server infos (id : 403) ...
Connection closed
migrating...
Connection opened !
[Aucun groupe:0:info]Game connection opened !
[Aucun groupe:0:success][processServerSelection]OK
[Aucun groupe:0:info][processsCharacterSelection]...
[Aucun groupe:0:info]Request for characters ...
[Aucun groupe:0:info]Selecting frist character (Aim-Fire) ...
Set default config for Aim-Fire
[Aucun groupe:0:info][Inventory]Object : 31046275 selected for regen !
[Aucun groupe:0:info][Inventory]Object : 31046276 selected for regen !
[Aucun groupe:0:info][Inventory]Object : 31046277 selected for regen !
[Aucun groupe:0:info][Inventory]Object : 31046278 selected for regen !
[InventoryManager]Items infos loaded !
Sequence ready !
[Aucun groupe:0:info][Infos]Welcome to DOFUS, and welcome to the World of Twelve! 
Remember that it is <b>strictly forbidden</b> to disclose your account name or password.
{"call":"global-state-request"}
Server request for state ...
{"call":"global-state-request"}
Server request for state ...
[Sync]Processing ...
[Sync]Ready to process !
[Sync]Trajet ready ...
[Trajet]No trajet loaded !
{"call":"spells-request"}
[{"id":"0","name":"Punch","level":1,"inPile":false},{"id":"161","name":"Magic Arrow","level":5,"inPile":false},{"id":"162","name":"Critical Shooting","level":1,"inPile":false},{"id":"163","name":"Frozen Arrow","level":1,"inPile":false},{"id":"164","name":"Poisoned Arrow","level":1,"inPile":false},{"id":"165","name":"Burning Arrow","level":5,"inPile":false},{"id":"166","name":"Powerful Shooting","level":5,"inPile":false},{"id":"167","name":"Atonement Arrow","level":1,"inPile":false},{"id":"168","name":"Bat's Eye","level":1,"inPile":false},{"id":"169","name":"Retreat Arrow","level":1,"inPile":false},{"id":"170","name":"Paralysing Arrow","level":1,"inPile":false},{"id":"171","name":"Punitive Arrow","level":1,"inPile":false},{"id":"172","name":"Distant Shooting","level":5,"inPile":false},{"id":"173","name":"Plaguing Arrow","level":5,"inPile":false},{"id":"174","name":"Lashing Arrow","level":1,"inPile":false},{"id":"175","name":"Destructive Arrow","level":1,"inPile":false},{"id":"176","name":"Tormenting Arrow","level":1,"inPile":false},{"id":"177","name":"Slow Down Arrow","level":1,"inPile":false},{"id":"178","name":"Absorptive Arrow","level":1,"inPile":false},{"id":"179","name":"Explosive Arrow","level":5,"inPile":false},{"id":"1540","name":"Ghoulification","level":1,"inPile":false}]
[mainProcessFrame]Spells sended to ui
