Server request connecting ...
Inventory : 0
{"assetsUrl":"https://ankama.akamaized.net/games/dofus-tablette/assets/2.15.15","analytics":{"wizAnalytics":{"localytics":{"token":"9f0bf865fd57d22f0bbea56-cd08f12a-8138-11e5-7c24-00736b041834","options":{"sessionTimeoutSeconds":60,"namespace":"dofus-production"}}},"ankAnalytics":{"debug":false,"analog":false,"useUrlMap":true}},"adjust":{"appToken":"7j60imkfu60w","environment":"EnvironmentProduction"},"logging":{"groups":false,"logLevels":{"time":0,"verbose":0,"debug":1,"info":2,"notice":3,"warning":4,"error":5,"critical":6,"alert":7,"emergency":8},"config":{"console":["none"],"server":["error","critical","alert","emergency"]},"disableOverride":false},"dataUrl":"https://proxyconnection.touch.dofus.com","haapi":{"id":18,"url":"https://haapi.ankama.com/json/Ankama/v2"},"serverLanguages":["en","de","es","fr","it","pt"],"failoverLanguage":"en","uiUrl":"https://proxyconnection.touch.dofus.com/assets","language":"en","sessionId":"UQ9FyrLqwtrPxAdn"}
Config loaded !
{"key":"147f2bb5-d924-4dfa-b57d-083e97e49e81","account_id":112984462,"ip":"105.157.44.165","added_date":"2017-02-19T12:26:04+01:00","meta":[],"data":{},"access":[],"refresh_token":null,"expiration_date":"2017-02-19T15:26:04+01:00"}
Api key : 147f2bb5-d924-4dfa-b57d-083e97e49e81
Game token : f4aa53c3b6f7c9bac0cfb52d66c0d573
[Aucun groupe:0:info][processIdentification]...
Connecting to login server (https://proxyconnection.touch.dofus.com?STICKER=UQ9FyrLqwtrPxAdn) ...
Connection opened !
[Aucun groupe:0:info]Identification connection opened !
[Aucun groupe:0:info]2/2 in login queue...
[Aucun groupe:0:info]0/0 in login queue...
[Aucun groupe:0:info]1/3 in login queue...
[Aucun groupe:0:info]0/2 in login queue...
[Aucun groupe:0:info]Identification success (1465968706065132135) !
[Aucun groupe:0:info]Servers list received !
[Aucun groupe:0:info][processServerSelection]...
[Aucun groupe:0:info]Request for server infos (id : 403) ...
Prmus close connection !
migrating...
Connection opened !
[Aucun groupe:0:info]Game connection opened !
[Aucun groupe:0:success][processServerSelection]OK
[Aucun groupe:0:info][processsCharacterSelection]...
[Aucun groupe:0:info]Request for characters ...
[Aucun groupe:0:info]Selecting frist character (Miss-Lagertha) ...
[Aucun groupe:0:info][Inventory]Object : 127423477 selected for regen !
[Aucun groupe:0:info][Inventory]Object : 127423478 selected for regen !
[Aucun groupe:0:info][Inventory]Object : 127423479 selected for regen !
[Aucun groupe:0:info][Inventory]Object : 127423480 selected for regen !
[InventoryManager]Items infos loaded !
Checking pods ...
Sequence ready !
[Aucun groupe:0:info][Infos]Welcome to DOFUS, and welcome to the World of Twelve! 
Remember that it is <b>strictly forbidden</b> to disclose your account name or password.
{"call":"global-state-request"}
Server request for state ...
[Sync]Processing ...
[Sync]Ready to process !
[Sync]Trajet ready ...
Checking pods ...
[Trajet]No trajet loaded !
{"call":"global-state-request"}
Server request for state ...
{"call":"update-fight-max-fighters","data":8}
[botData]Config for Miss-Lagertha saved !
{"call":"update-fight-min-fighters","data":1}
[botData]Config for Miss-Lagertha saved !
{"call":"set-ia-type","data":"default"}
[botData]Config for Miss-Lagertha saved !
[mainProcessFrame]Fight mode updated to default
{"call":"trajet-load","data":{"trajet":{"trajet":{"fights":[],"recolte":[{"map":84675330,"dir":"top"},{"map":84675331,"dir":"top"},{"map":84675332,"dir":"left"},{"map":84674820,"dir":"top"},{"map":84674821,"dir":"top"},{"map":84674822,"dir":"right"},{"map":84675334,"dir":"right"},{"map":84675846,"dir":"bottom"},{"map":84675845,"dir":"bottom"},{"map":84675844,"dir":"bottom"},{"map":84675843,"dir":"left"}],"interactives":[],"moves":[{"map":83887104,"sun":396},{"map":84674566,"dir":"top"},{"map":84674565,"dir":"top"},{"map":84674564,"dir":"top"},{"map":84674563,"dir":"top"},{"map":84674562,"dir":"top"},{"map":84674561,"dir":"top"},{"map":84674560,"dir":"right"},{"map":84675072,"dir":"top"},{"map":84675329,"dir":"top"},{"map":84675330,"dir":"top"}],"bank":[{"map":84674566,"interactive":465440,"skill":140242},{"map":83887104,"npc":0,"reply":259},{"map":84675330,"dir":"bottom"},{"map":84675331,"dir":"bottom"},{"map":84675332,"dir":"bottom"},{"map":84675333,"dir":"bottom"},{"map":84674820,"dir":"right"},{"map":84674821,"dir":"bottom"},{"map":84674822,"dir":"bottom"},{"map":84675334,"dir":"bottom"},{"map":84675846,"dir":"bottom"},{"map":84675845,"dir":"bottom"},{"map":84675844,"dir":"left"},{"map":84674566,"dir":"top"},{"map":84674565,"dir":"bottom"},{"map":84674564,"dir":"bottom"},{"map":84674563,"dir":"bottom"},{"map":84674562,"dir":"bottom"},{"map":84674561,"dir":"bottom"},{"map":84674560,"dir":"bottom"},{"map":84675072,"dir":"left"},{"map":84675329,"dir":"bottom"},{"map":84675330,"dir":"bottom"}]}}}}
[mainProcessFrame]Ui request for trajet loading ...
[Sync]Processing ...
[Sync]Ready to process !
[Sync]Trajet ready ...
Checking pods ...
[Aucun groupe:0:info][Trajet]Execution map 84675845 .
Gathering element :{id : 478166 , cellid : 81 }
Mouvement vers l'interactive sur la cellule : 81=81
Exectution du trajet vers l'interactive .
[ 12, 25, 39, 67, 81 ]
Sending map request !
[Aucun groupe:0:info][Trajet]Execution de la récolte...
MapMovement received !
Confirmation du movement dans : 830(5 cells)
Confirmations du mouvement dans 830ms
Mouvement confirmée !
Utlisiation de l'interactive (id : 478166,skill : 151207)
Gathering element :{id : 478167 , cellid : 95 }
Mouvement vers l'interactive sur la cellule : 95=95
Exectution du trajet vers l'interactive .
[ 81, 95 ]
Sending map request !
Checking pods ...
MapMovement received !
Confirmation du movement dans : 510(2 cells)
Confirmations du mouvement dans 510ms
Mouvement confirmée !
Utlisiation de l'interactive (id : 478167,skill : 151210)
Gathering element :{id : 478169 , cellid : 80 }
Mouvement vers l'interactive sur la cellule : 80=80
Exectution du trajet vers l'interactive .
[ 95, 80 ]
Sending map request !
Checking pods ...
MapMovement received !
Confirmation du movement dans : 425(2 cells)
Confirmations du mouvement dans 425ms
Mouvement confirmée !
Utlisiation de l'interactive (id : 478169,skill : 151206)
Gathering element :{id : 478172 , cellid : 94 }
Mouvement vers l'interactive sur la cellule : 94=94
Exectution du trajet vers l'interactive .
[ 80, 94 ]
Sending map request !
Checking pods ...
MapMovement received !
Confirmation du movement dans : 510(2 cells)
Confirmations du mouvement dans 510ms
Mouvement confirmée !
Utlisiation de l'interactive (id : 478172,skill : 151209)
Gathering element :{id : 478164 , cellid : 502 }
Mouvement vers l'interactive sur la cellule : 502=502
Exectution du trajet vers l'interactive .
[ 94,
  122,
  150,
  178,
  206,
  234,
  262,
  290,
  318,
  332,
  360,
  375,
  389,
  404,
  432,
  460,
  488,
  502 ]
Sending map request !
Checking pods ...
MapMovement received !
Confirmation du movement dans : 2790(18 cells)
Confirmations du mouvement dans 2790ms
Mouvement confirmée !
Utlisiation de l'interactive (id : 478164,skill : 151238)
Gathering element :{id : 478163 , cellid : 517 }
Mouvement vers l'interactive sur la cellule : 517=517
Exectution du trajet vers l'interactive .
[ 502, 517 ]
Sending map request !
Checking pods ...
MapMovement received !
Confirmation du movement dans : 425(2 cells)
Confirmations du mouvement dans 425ms
Mouvement confirmée !
Utlisiation de l'interactive (id : 478163,skill : 151240)
no best match on i =38 : 43
Gathering element :{id : 478176 , cellid : 121 }
Mouvement vers l'interactive sur la cellule : 121=121
Exectution du trajet vers l'interactive .
[ 517,
  489,
  461,
  433,
  405,
  377,
  362,
  348,
  333,
  305,
  291,
  263,
  248,
  220,
  206,
  178,
  163,
  149,
  121 ]
Sending map request !
Checking pods ...
MapMovement received !
Confirmation du movement dans : 2900(19 cells)
Confirmations du mouvement dans 2900ms
Mouvement confirmée !
Utlisiation de l'interactive (id : 478176,skill : 151213)
no best match on i =38 : 43
Gathering element :{id : 478177 , cellid : 93 }
Mouvement vers l'interactive sur la cellule : 93=93
Exectution du trajet vers l'interactive .
[ 121, 93 ]
Sending map request !
Checking pods ...
MapMovement received !
Confirmation du movement dans : 480(2 cells)
Confirmations du mouvement dans 480ms
Mouvement confirmée !
Utlisiation de l'interactive (id : 478177,skill : 151208)
Gathering element :{id : 478173 , cellid : 66 }
Mouvement vers l'interactive sur la cellule : 66=66
Exectution du trajet vers l'interactive .
[ 93, 79, 66 ]
Sending map request !
Checking pods ...
MapMovement received !
Confirmation du movement dans : 1020(3 cells)
Confirmations du mouvement dans 1020ms
Mouvement confirmée !
Utlisiation de l'interactive (id : 478173,skill : 151204)
no best match on i =38 : 43
no best match on i =43 : 43
Plus de ressources à récolter disponibles , on passe à la map suivante .
[DEBUG] Path calculated {source : 66=66 , target : 542=542} , let's process it !
[ 66,
  94,
  122,
  150,
  178,
  206,
  234,
  262,
  290,
  318,
  346,
  359,
  373,
  386,
  414,
  442,
  457,
  485,
  499,
  514,
  542 ]
Sending map request !
[Aucun groupe:0:info][Trajet]Changement de carte sur une cellule aléatoire .
Checking pods ...
MapMovement received !
Confirmation du movement dans : 3595(21 cells)
Confirmations du mouvement dans 3595ms
Mouvement confirmée !
Key movements proccesed !
Movement ok 
[Sync]Processing ...
[Sync]Ready to process !
[Sync]Trajet ready ...
Checking pods ...
[Aucun groupe:0:info][Trajet]Execution map 84675844 .
Gathering element :{id : 478118 , cellid : 515 }
Mouvement vers l'interactive sur la cellule : 515=515
Exectution du trajet vers l'interactive .
[ 10,
  38,
  66,
  94,
  122,
  150,
  178,
  206,
  234,
  262,
  290,
  303,
  317,
  330,
  358,
  373,
  387,
  415,
  430,
  458,
  472,
  487,
  515 ]
Sending map request !
[Aucun groupe:0:info][Trajet]Execution de la récolte...
MapMovement received !
Confirmation du movement dans : 3895(23 cells)
Confirmations du mouvement dans 3895ms
Mouvement confirmée !
Utlisiation de l'interactive (id : 478118,skill : 151408)
Unknow game context remove element {"_messageType":"GameContextRemoveElementMessage","id":-1,"_isInitialized":true}
no best match on i =38 : 43
no best match on i =43 : 43
Plus de ressources à récolter disponibles , on passe à la map suivante .
[DEBUG] Path calculated {source : 515=515 , target : 551=551} , let's process it !
[ 515, 514, 527, 526, 525, 539, 552, 551 ]
Sending map request !
[Aucun groupe:0:info][Trajet]Changement de carte sur une cellule aléatoire .
Checking pods ...
MapMovement received !
Confirmation du movement dans : 1445(8 cells)
Confirmations du mouvement dans 1445ms
Mouvement confirmée !
Key movements proccesed !
Movement ok 
[Sync]Processing ...
[Sync]Ready to process !
[Sync]Trajet ready ...
Checking pods ...
[Aucun groupe:0:info][Trajet]Execution map 84675843 .
Gathering element :{id : 478053 , cellid : 446 }
Mouvement vers l'interactive sur la cellule : 446=446
Exectution du trajet vers l'interactive .
[ 19,
  34,
  48,
  63,
  77,
  92,
  120,
  134,
  162,
  177,
  191,
  206,
  234,
  262,
  276,
  304,
  332,
  347,
  361,
  376,
  404,
  418,
  446 ]
Sending map request !
[Aucun groupe:0:info][Trajet]Execution de la récolte...
MapMovement received !
Confirmation du movement dans : 3460(23 cells)
Confirmations du mouvement dans 3460ms
Mouvement confirmée !
Utlisiation de l'interactive (id : 478053,skill : 151547)
Gathering element :{id : 478066 , cellid : 453 }
Mouvement vers l'interactive sur la cellule : 453=453
Exectution du trajet vers l'interactive .
[ 446, 445, 444, 443, 442, 456, 455, 454, 453 ]
Sending map request !
Checking pods ...
MapMovement received !
Confirmation du movement dans : 1445(9 cells)
Confirmations du mouvement dans 1445ms
Mouvement confirmée !
Utlisiation de l'interactive (id : 478066,skill : 151549)
Gathering element :{id : 478079 , cellid : 451 }
Mouvement vers l'interactive sur la cellule : 451=451
Exectution du trajet vers l'interactive .
[ 453, 452, 451 ]
Sending map request !
Checking pods ...
MapMovement received !
Confirmation du movement dans : 960(3 cells)
Confirmations du mouvement dans 960ms
Mouvement confirmée !
Utlisiation de l'interactive (id : 478079,skill : 151548)
no best match on i =38 : 43
no best match on i =43 : 43
Plus de ressources à récolter disponibles , on passe à la map suivante .
[DEBUG] Path calculated {source : 451=451 , target : 546=546} , let's process it !
[ 451, 479, 492, 506, 519, 518, 546 ]
Sending map request !
[Aucun groupe:0:info][Trajet]Changement de carte sur une cellule aléatoire .
Checking pods ...
MapMovement received !
Confirmation du movement dans : 1275(7 cells)
Confirmations du mouvement dans 1275ms
Mouvement confirmée !
Key movements proccesed !
Movement ok 
[Sync]Processing ...
[Sync]Ready to process !
[Sync]Trajet ready ...
Checking pods ...
[Aucun groupe:0:info][Trajet]Execution map 84675331 .
Gathering element :{id : 478313 , cellid : 389 }
Mouvement vers l'interactive sur la cellule : 389=389
Exectution du trajet vers l'interactive .
[ 559, 545, 517, 489, 474, 446, 432, 417, 389 ]
Sending map request !
[Aucun groupe:0:info][Trajet]Execution de la récolte...
MapMovement received !
Confirmation du movement dans : 1280(9 cells)
Confirmations du mouvement dans 1280ms
Mouvement confirmée !
Utlisiation de l'interactive (id : 478313,skill : 151510)
Gathering element :{id : 478366 , cellid : 505 }
Mouvement vers l'interactive sur la cellule : 505=505
Exectution du trajet vers l'interactive .
[ 389,
  403,
  416,
  430,
  458,
  457,
  456,
  455,
  454,
  467,
  466,
  465,
  479,
  492,
  506,
  505 ]
Sending map request !
Checking pods ...
MapMovement received !
Confirmation du movement dans : 3145(16 cells)
Confirmations du mouvement dans 3145ms
Mouvement confirmée !
Utlisiation de l'interactive (id : 478366,skill : 151519)
no best match on i =38 : 43
Gathering element :{id : 478296 , cellid : 125 }
Mouvement vers l'interactive sur la cellule : 125=125
Exectution du trajet vers l'interactive .
[ 505,
  506,
  478,
  450,
  422,
  394,
  366,
  338,
  310,
  296,
  283,
  269,
  256,
  242,
  229,
  215,
  202,
  188,
  175,
  176,
  162,
  163,
  150,
  151,
  137,
  138,
  125 ]
Sending map request !
Checking pods ...
MapMovement received !
Confirmation du movement dans : 5610(27 cells)
Confirmations du mouvement dans 5610ms
Mouvement confirmée !
Utlisiation de l'interactive (id : 478296,skill : 151503)
no best match on i =38 : 43
no best match on i =43 : 43
Plus de ressources à récolter disponibles , on passe à la map suivante .
[DEBUG] Path calculated {source : 125=125 , target : 15=15} , let's process it !
[ 125, 124, 109, 108, 107, 93, 92, 77, 76, 62, 61, 46, 45, 31, 16, 15 ]
Sending map request !
[Aucun groupe:0:info][Trajet]Changement de carte sur une cellule aléatoire .
MapMovement received !
Confirmation du movement dans : 2410(16 cells)
Confirmations du mouvement dans 2410ms
Mouvement confirmée !
Key movements proccesed !
Movement ok 
[Sync]Processing ...
[Sync]Ready to process !
[Sync]Trajet ready ...
Checking pods ...
[Aucun groupe:0:info][Trajet]Execution map 84675332 .
Gathering element :{id : 478340 , cellid : 345 }
Mouvement vers l'interactive sur la cellule : 345=345
Exectution du trajet vers l'interactive .
[ 547,
  534,
  520,
  507,
  493,
  465,
  452,
  438,
  439,
  426,
  412,
  399,
  385,
  372,
  358,
  345 ]
Sending map request !
[Aucun groupe:0:info][Trajet]Execution de la récolte...
MapMovement received !
Confirmation du movement dans : 3655(16 cells)
Confirmations du mouvement dans 3655ms
Mouvement confirmée !
Utlisiation de l'interactive (id : 478340,skill : 151350)
Gathering element :{id : 478342 , cellid : 289 }
Mouvement vers l'interactive sur la cellule : 289=289
Exectution du trajet vers l'interactive .
[ 345, 317, 289 ]
Sending map request !
Checking pods ...
MapMovement received !
Confirmation du movement dans : 960(3 cells)
Confirmations du mouvement dans 960ms
Mouvement confirmée !
Utlisiation de l'interactive (id : 478342,skill : 151342)
no best match on i =38 : 43
no best match on i =43 : 43
Plus de ressources à récolter disponibles , on passe à la map suivante .
[DEBUG] Path calculated {source : 289=289 , target : 98=98} , let's process it !
[ 289,
  261,
  233,
  218,
  190,
  176,
  175,
  160,
  159,
  145,
  144,
  129,
  128,
  114,
  99,
  98 ]
Sending map request !
[Aucun groupe:0:info][Trajet]Changement de carte sur une cellule aléatoire .
Checking pods ...
MapMovement received !
Confirmation du movement dans : 2410(16 cells)
Confirmations du mouvement dans 2410ms
Mouvement confirmée !
Key movements proccesed !
Movement ok 
[Sync]Processing ...
[Sync]Ready to process !
[Sync]Trajet ready ...
Checking pods ...
[Aucun groupe:0:info][Trajet]Execution map 84674820 .
Gathering element :{id : 478432 , cellid : 274 }
Mouvement vers l'interactive sur la cellule : 274=274
Exectution du trajet vers l'interactive .
[ 111, 125, 138, 152, 165, 179, 192, 206, 219, 233, 261, 274 ]
Sending map request !
[Aucun groupe:0:info][Trajet]Execution de la récolte...
MapMovement received !
Confirmation du movement dans : 2720(12 cells)
Confirmations du mouvement dans 2720ms
Mouvement confirmée !
Utlisiation de l'interactive (id : 478432,skill : 151316)
Gathering element :{id : 478425 , cellid : 289 }
Mouvement vers l'interactive sur la cellule : 289=289
Exectution du trajet vers l'interactive .
[ 274, 289 ]
Sending map request !
Checking pods ...
MapMovement received !
Confirmation du movement dans : 425(2 cells)
Confirmations du mouvement dans 425ms
Mouvement confirmée !
Utlisiation de l'interactive (id : 478425,skill : 151317)
Sequence ready !
Gathering element :{id : 478424 , cellid : 317 }
Mouvement vers l'interactive sur la cellule : 317=317
Exectution du trajet vers l'interactive .
[ 289, 317 ]
Sending map request !
Checking pods ...
MapMovement received !
Confirmation du movement dans : 480(2 cells)
Confirmations du mouvement dans 480ms
Mouvement confirmée !
Utlisiation de l'interactive (id : 478424,skill : 151319)
Gathering element :{id : 478411 , cellid : 346 }
Mouvement vers l'interactive sur la cellule : 346=346
Exectution du trajet vers l'interactive .
[ 317, 331, 346 ]
Sending map request !
Checking pods ...
MapMovement received !
Confirmation du movement dans : 850(3 cells)
Confirmations du mouvement dans 850ms
Mouvement confirmée !
Utlisiation de l'interactive (id : 478411,skill : 151326)
Gathering element :{id : 478418 , cellid : 359 }
Mouvement vers l'interactive sur la cellule : 359=359
Exectution du trajet vers l'interactive .
[ 346, 359 ]
Sending map request !
Checking pods ...
MapMovement received !
Confirmation du movement dans : 510(2 cells)
Confirmations du mouvement dans 510ms
Mouvement confirmée !
Utlisiation de l'interactive (id : 478418,skill : 151330)
Gathering element :{id : 478423 , cellid : 345 }
Mouvement vers l'interactive sur la cellule : 345=345
Exectution du trajet vers l'interactive .
[ 359, 345 ]
Sending map request !
Checking pods ...
MapMovement received !
Confirmation du movement dans : 425(2 cells)
Confirmations du mouvement dans 425ms
Mouvement confirmée !
Utlisiation de l'interactive (id : 478423,skill : 151325)
Gathering element :{id : 478437 , cellid : 372 }
Mouvement vers l'interactive sur la cellule : 372=372
Exectution du trajet vers l'interactive .
[ 345, 358, 372 ]
Sending map request !
Checking pods ...
MapMovement received !
Confirmation du movement dans : 1020(3 cells)
Confirmations du mouvement dans 1020ms
Mouvement confirmée !
Utlisiation de l'interactive (id : 478437,skill : 151331)
Gathering element :{id : 478431 , cellid : 386 }
Mouvement vers l'interactive sur la cellule : 386=386
Exectution du trajet vers l'interactive .
[ 372, 386 ]
Sending map request !
Checking pods ...
MapMovement received !
Confirmation du movement dans : 425(2 cells)
Confirmations du mouvement dans 425ms
Mouvement confirmée !
Utlisiation de l'interactive (id : 478431,skill : 151332)
Gathering element :{id : 478417 , cellid : 387 }
Mouvement vers l'interactive sur la cellule : 387=387
Exectution du trajet vers l'interactive .
[ 386, 387 ]
Sending map request !
Checking pods ...
MapMovement received !
Confirmation du movement dans : 480(2 cells)
Confirmations du mouvement dans 480ms
Mouvement confirmée !
Utlisiation de l'interactive (id : 478417,skill : 151333)
Gathering element :{id : 478430 , cellid : 414 }
Mouvement vers l'interactive sur la cellule : 414=414
Exectution du trajet vers l'interactive .
[ 387, 401, 414 ]
Sending map request !
Checking pods ...
MapMovement received !
Confirmation du movement dans : 1020(3 cells)
Confirmations du mouvement dans 1020ms
Mouvement confirmée !
Utlisiation de l'interactive (id : 478430,skill : 151336)
Gathering element :{id : 478442 , cellid : 413 }
Mouvement vers l'interactive sur la cellule : 413=413
Exectution du trajet vers l'interactive .
[ 414, 413 ]
Sending map request !
Checking pods ...
MapMovement received !
Confirmation du movement dans : 480(2 cells)
Confirmations du mouvement dans 480ms
Mouvement confirmée !
Utlisiation de l'interactive (id : 478442,skill : 151335)
Gathering element :{id : 478459 , cellid : 355 }
Mouvement vers l'interactive sur la cellule : 355=355
Exectution du trajet vers l'interactive .
[ 413, 399, 384, 370, 355 ]
Sending map request !
Checking pods ...
MapMovement received !
Confirmation du movement dans : 600(5 cells)
Confirmations du mouvement dans 600ms
Mouvement confirmée !
Utlisiation de l'interactive (id : 478459,skill : 151327)
no best match on i =38 : 43
no best match on i =43 : 43
Plus de ressources à récolter disponibles , on passe à la map suivante .
[DEBUG] Path calculated {source : 355=355 , target : 5=5} , let's process it !
[ 355, 327, 314, 286, 258, 230, 202, 174, 146, 118, 90, 62, 47, 33, 5 ]
Sending map request !
[Aucun groupe:0:info][Trajet]Changement de carte sur une cellule aléatoire .
MapMovement received !
Confirmation du movement dans : 2425(15 cells)
Confirmations du mouvement dans 2425ms
Mouvement confirmée !
Key movements proccesed !
Movement ok 
[Sync]Processing ...
[Sync]Ready to process !
[Sync]Trajet ready ...
Checking pods ...
[Aucun groupe:0:info][Trajet]Execution map 84674821 .
Gathering element :{id : 478790 , cellid : 381 }
Mouvement vers l'interactive sur la cellule : 381=381
Exectution du trajet vers l'interactive .
[ 537, 509, 481, 453, 425, 397, 369, 368, 381 ]
Sending map request !
[Aucun groupe:0:info][Trajet]Execution de la récolte...
MapMovement received !
Confirmation du movement dans : 1445(9 cells)
Confirmations du mouvement dans 1445ms
Mouvement confirmée !
Utlisiation de l'interactive (id : 478790,skill : 151164)
Gathering element :{id : 478765 , cellid : 94 }
Mouvement vers l'interactive sur la cellule : 94=94
Exectution du trajet vers l'interactive .
[ 381,
  368,
  354,
  341,
  342,
  343,
  329,
  316,
  288,
  260,
  232,
  218,
  190,
  177,
  149,
  135,
  107,
  94 ]
Sending map request !
Checking pods ...
MapMovement received !
Confirmation du movement dans : 3655(18 cells)
Confirmations du mouvement dans 3655ms
Mouvement confirmée !
Utlisiation de l'interactive (id : 478765,skill : 151154)
no best match on i =38 : 43
no best match on i =43 : 43
Plus de ressources à récolter disponibles , on passe à la map suivante .
[DEBUG] Path calculated {source : 94=94 , target : 8=8} , let's process it !
[ 94, 93, 78, 50, 36, 8 ]
Sending map request !
[Aucun groupe:0:info][Trajet]Changement de carte sur une cellule aléatoire .
MapMovement received !
Confirmation du movement dans : 810(6 cells)
Confirmations du mouvement dans 810ms
Mouvement confirmée !
Key movements proccesed !
Movement ok 
[Sync]Processing ...
[Sync]Ready to process !
[Sync]Trajet ready ...
Checking pods ...
[Aucun groupe:0:info][Trajet]Execution map 84674822 .
Gathering element :{id : 478823 , cellid : 266 }
Mouvement vers l'interactive sur la cellule : 266=266
Exectution du trajet vers l'interactive .
[ 540,
  525,
  511,
  496,
  482,
  467,
  453,
  438,
  424,
  409,
  395,
  380,
  366,
  351,
  323,
  309,
  281,
  266 ]
Sending map request !
[Aucun groupe:0:info][Trajet]Execution de la récolte...
MapMovement received !
Confirmation du movement dans : 2590(18 cells)
Confirmations du mouvement dans 2590ms
Mouvement confirmée !
Utlisiation de l'interactive (id : 478823,skill : 151023)
no best match on i =38 : 43
no best match on i =43 : 43
Plus de ressources à récolter disponibles , on passe à la map suivante .
[DEBUG] Path calculated {source : 266=266 , target : 517=517} , let's process it !
[ 266,
  281,
  295,
  310,
  324,
  339,
  353,
  354,
  355,
  370,
  384,
  399,
  413,
  428,
  442,
  457,
  458,
  472,
  487,
  501,
  516,
  517 ]
Sending map request !
[Aucun groupe:0:info][Trajet]Changement de carte sur une cellule aléatoire .
Checking pods ...
MapMovement received !
Confirmation du movement dans : 3230(22 cells)
Confirmations du mouvement dans 3230ms
Mouvement confirmée !
Key movements proccesed !
Movement ok 
[Sync]Processing ...
[Sync]Ready to process !
[Sync]Trajet ready ...
Checking pods ...
[Aucun groupe:0:info][Trajet]Execution map 84675334 .
Gathering element :{id : 478276 , cellid : 507 }
Mouvement vers l'interactive sur la cellule : 507=507
Exectution du trajet vers l'interactive .
[ 504, 505, 506, 507 ]
Sending map request !
[Aucun groupe:0:info][Trajet]Execution de la récolte...
Sequence ready !
MapMovement received !
Confirmation du movement dans : 510(4 cells)
Confirmations du mouvement dans 510ms
Mouvement confirmée !
Utlisiation de l'interactive (id : 478276,skill : 151075)
Gathering element :{id : 478272 , cellid : 493 }
Mouvement vers l'interactive sur la cellule : 493=493
Exectution du trajet vers l'interactive .
[ 507, 493 ]
Sending map request !
Checking pods ...
MapMovement received !
Confirmation du movement dans : 510(2 cells)
Confirmations du mouvement dans 510ms
Mouvement confirmée !
Utlisiation de l'interactive (id : 478272,skill : 151074)
Gathering element :{id : 478262 , cellid : 481 }
Mouvement vers l'interactive sur la cellule : 481=481
Exectution du trajet vers l'interactive .
[ 493, 480, 481 ]
Sending map request !
Checking pods ...
MapMovement received !
Confirmation du movement dans : 990(3 cells)
Confirmations du mouvement dans 990ms
Mouvement confirmée !
Utlisiation de l'interactive (id : 478262,skill : 151073)
no best match on i =38 : 43
Gathering element :{id : 478235 , cellid : 361 }
Mouvement vers l'interactive sur la cellule : 361=361
Exectution du trajet vers l'interactive .
[ 481, 467, 454, 440, 427, 413, 400, 401, 402, 388, 375, 361 ]
Sending map request !
Checking pods ...
MapMovement received !
Confirmation du movement dans : 2635(12 cells)
Confirmations du mouvement dans 2635ms
Mouvement confirmée !
Utlisiation de l'interactive (id : 478235,skill : 151066)
no best match on i =38 : 43
no best match on i =43 : 43
Plus de ressources à récolter disponibles , on passe à la map suivante .
[DEBUG] Path calculated {source : 361=361 , target : 531=531} , let's process it !
[ 361, 389, 403, 416, 444, 459, 473, 488, 502, 517, 531 ]
Sending map request !
[Aucun groupe:0:info][Trajet]Changement de carte sur une cellule aléatoire .
Checking pods ...
MapMovement received !
Confirmation du movement dans : 1750(11 cells)
Confirmations du mouvement dans 1750ms
Mouvement confirmée !
Key movements proccesed !
Movement ok 
[Sync]Processing ...
[Sync]Ready to process !
[Sync]Trajet ready ...
Checking pods ...
[Aucun groupe:0:info][Trajet]Execution map 84675846 .
Gathering element :{id : 478213 , cellid : 128 }
Mouvement vers l'interactive sur la cellule : 128=532
Exectution du trajet vers l'interactive .
[ 518, 532 ]
Sending map request !
[Aucun groupe:0:info][Trajet]Execution de la récolte...
MapMovement received !
Confirmation du movement dans : 510(2 cells)
Confirmations du mouvement dans 510ms
Mouvement confirmée !
Utlisiation de l'interactive (id : 478213,skill : 151079)
Gathering element :{id : 478213 , cellid : 128 }
Mouvement vers l'interactive sur la cellule : 128=128
Exectution du trajet vers l'interactive .
[ 532,
  533,
  505,
  477,
  449,
  421,
  393,
  365,
  337,
  309,
  294,
  266,
  238,
  225,
  211,
  183,
  170,
  156,
  128 ]
Sending map request !
Gathering element :{id : 478213 , cellid : 128 }
Mouvement vers l'interactive sur la cellule : 128=128
Exectution du trajet vers l'interactive .
[ 532,
  533,
  505,
  477,
  449,
  421,
  393,
  365,
  337,
  309,
  294,
  266,
  238,
  225,
  211,
  183,
  170,
  156,
  128 ]
Sending map request !
Gathering element :{id : 478213 , cellid : 128 }
Mouvement vers l'interactive sur la cellule : 128=128
Exectution du trajet vers l'interactive .
[ 532,
  533,
  505,
  477,
  449,
  421,
  393,
  365,
  337,
  309,
  294,
  266,
  238,
  225,
  211,
  183,
  170,
  156,
  128 ]
Sending map request !
Gathering element :{id : 478213 , cellid : 128 }
Mouvement vers l'interactive sur la cellule : 128=128
Exectution du trajet vers l'interactive .
[ 532,
  533,
  505,
  477,
  449,
  421,
  393,
  365,
  337,
  309,
  294,
  266,
  238,
  225,
  211,
  183,
  170,
  156,
  128 ]
Sending map request !
MapMovement received !
Confirmation du movement dans : 3380(19 cells)
Confirmations du mouvement dans 3380ms
MapMovement received !
Confirmation du movement dans : 3380(19 cells)
Confirmations du mouvement dans 3380ms
MapMovement received !
Confirmation du movement dans : 3380(19 cells)
Confirmations du mouvement dans 3380ms
MapMovement received !
Confirmation du movement dans : 3380(19 cells)
Confirmations du mouvement dans 3380ms
Mouvement échoué .
Mouvement vers l'interactive échoué .
Gathering element :{id : 478213 , cellid : 128 }
Mouvement vers l'interactive sur la cellule : 128=128
Exectution du trajet vers l'interactive .
pas de mouvement à faire wesh x)
Utlisiation de l'interactive (id : 478213,skill : 151079)
Mouvement échoué .
Mouvement vers l'interactive échoué .
Gathering element :{id : 478213 , cellid : 128 }
Mouvement vers l'interactive sur la cellule : 128=128
Exectution du trajet vers l'interactive .
pas de mouvement à faire wesh x)
Utlisiation de l'interactive (id : 478213,skill : 151079)
Mouvement échoué .
Mouvement vers l'interactive échoué .
Gathering element :{id : 478213 , cellid : 128 }
Mouvement vers l'interactive sur la cellule : 128=128
Exectution du trajet vers l'interactive .
pas de mouvement à faire wesh x)
Utlisiation de l'interactive (id : 478213,skill : 151079)
Mouvement échoué .
Mouvement vers l'interactive échoué .
Gathering element :{id : 478213 , cellid : 128 }
Mouvement vers l'interactive sur la cellule : 128=128
Exectution du trajet vers l'interactive .
pas de mouvement à faire wesh x)
Utlisiation de l'interactive (id : 478213,skill : 151079)
