Server request connecting ...
Inventory : 0
{"assetsUrl":"https://ankama.akamaized.net/games/dofus-tablette/assets/2.15.15","analytics":{"wizAnalytics":{"localytics":{"token":"9f0bf865fd57d22f0bbea56-cd08f12a-8138-11e5-7c24-00736b041834","options":{"sessionTimeoutSeconds":60,"namespace":"dofus-production"}}},"ankAnalytics":{"debug":false,"analog":false,"useUrlMap":true}},"adjust":{"appToken":"7j60imkfu60w","environment":"EnvironmentProduction"},"logging":{"groups":false,"logLevels":{"time":0,"verbose":0,"debug":1,"info":2,"notice":3,"warning":4,"error":5,"critical":6,"alert":7,"emergency":8},"config":{"console":["none"],"server":["error","critical","alert","emergency"]},"disableOverride":false},"dataUrl":"https://proxyconnection.touch.dofus.com","haapi":{"id":18,"url":"https://haapi.ankama.com/json/Ankama/v2"},"serverLanguages":["en","de","es","fr","it","pt"],"failoverLanguage":"en","uiUrl":"https://proxyconnection.touch.dofus.com/assets","language":"en","sessionId":"kQwYIHfgRtO7kt7s"}
Config loaded !
{"key":"75293a99-e3e3-4a53-942b-a34d6bc575d3","account_id":112984462,"ip":"105.157.44.165","added_date":"2017-02-19T12:20:26+01:00","meta":[],"data":{},"access":[],"refresh_token":null,"expiration_date":"2017-02-19T15:20:26+01:00"}
Api key : 75293a99-e3e3-4a53-942b-a34d6bc575d3
Game token : 6314eb63f4642a15dd89bce090a56d15
[Aucun groupe:0:info][processIdentification]...
Connecting to login server (https://proxyconnection.touch.dofus.com?STICKER=kQwYIHfgRtO7kt7s) ...
Connection opened !
[Aucun groupe:0:info]Identification connection opened !
[Aucun groupe:0:info]5/5 in login queue...
[Aucun groupe:0:info]5/6 in login queue...
[Aucun groupe:0:info]5/7 in login queue...
[Aucun groupe:0:info]3/5 in login queue...
[Aucun groupe:0:info]0/3 in login queue...
[Aucun groupe:0:info]Identification success (1465968706065109828) !
[Aucun groupe:0:info]Servers list received !
[Aucun groupe:0:info][processServerSelection]...
[Aucun groupe:0:info]Request for server infos (id : 403) ...
Prmus close connection !
migrating...
Connection opened !
[Aucun groupe:0:info]Game connection opened !
[Aucun groupe:0:success][processServerSelection]OK
[Aucun groupe:0:info][processsCharacterSelection]...
[Aucun groupe:0:info]Request for characters ...
[Aucun groupe:0:info]Selecting frist character (Miss-Lagertha) ...
[Aucun groupe:0:info][Inventory]Object : 127185810 selected for regen !
[Aucun groupe:0:info][Inventory]Object : 127185811 selected for regen !
[Aucun groupe:0:info][Inventory]Object : 127185812 selected for regen !
[Aucun groupe:0:info][Inventory]Object : 127185813 selected for regen !
Checking pods ...
Sequence ready !
[Aucun groupe:0:info][Infos]Welcome to DOFUS, and welcome to the World of Twelve! 
Remember that it is <b>strictly forbidden</b> to disclose your account name or password.
{"call":"global-state-request"}
Server request for state ...
[Sync]Processing ...
[Sync]Ready to process !
[Sync]Trajet ready ...
Checking pods ...
[Trajet]No trajet loaded !
[InventoryManager]Items infos loaded !
[INACTIVITY] Soft debug on zahidsacri .
[Trajet]No trajet loaded !
[INACTIVITY] Soft debug on zahidsacri .
[Trajet]No trajet loaded !
[INACTIVITY] Soft debug on zahidsacri .
[Trajet]No trajet loaded !
[INACTIVITY] Soft debug on zahidsacri .
[Trajet]No trajet loaded !
Sequence ready !
[INACTIVITY] Soft debug on zahidsacri .
[Trajet]No trajet loaded !
[INACTIVITY] Soft debug on zahidsacri .
[Trajet]No trajet loaded !
[INACTIVITY] Soft debug on zahidsacri .
[Trajet]No trajet loaded !
[INACTIVITY] Soft debug on zahidsacri .
[Trajet]No trajet loaded !
[INACTIVITY] Soft debug on zahidsacri .
[Trajet]No trajet loaded !
{"call":"global-state-request"}
Server request for state ...
{"call":"update-fight-max-fighters","data":8}
[botData]Config for Miss-Lagertha saved !
{"call":"update-fight-min-fighters","data":1}
[botData]Config for Miss-Lagertha saved !
{"call":"set-ia-type","data":"default"}
[botData]Config for Miss-Lagertha saved !
[mainProcessFrame]Fight mode updated to default
{"call":"trajet-load","data":{"trajet":{"trajet":{"fights":[],"recolte":[{"map":84675330,"dir":"top"},{"map":84675331,"dir":"top"},{"map":84675332,"dir":"left"},{"map":84674820,"dir":"top"},{"map":84674821,"dir":"top"},{"map":84674822,"dir":"right"},{"map":84675334,"dir":"right"},{"map":84675846,"dir":"bottom"},{"map":84675845,"dir":"bottom"},{"map":84675844,"dir":"bottom"},{"map":84675843,"dir":"left"}],"interactives":[],"moves":[{"map":83887104,"sun":396},{"map":84674566,"dir":"top"},{"map":84674565,"dir":"top"},{"map":84674564,"dir":"top"},{"map":84674563,"dir":"top"},{"map":84674562,"dir":"top"},{"map":84674561,"dir":"top"},{"map":84674560,"dir":"right"},{"map":84675072,"dir":"top"},{"map":84675329,"dir":"top"},{"map":84675330,"dir":"top"}],"bank":[{"map":84674566,"interactive":465440,"skill":140242},{"map":83887104,"npc":0,"reply":259},{"map":84675330,"dir":"bottom"},{"map":84675331,"dir":"bottom"},{"map":84675332,"dir":"bottom"},{"map":84675333,"dir":"bottom"},{"map":84674820,"dir":"right"},{"map":84674821,"dir":"bottom"},{"map":84674822,"dir":"bottom"},{"map":84675334,"dir":"bottom"},{"map":84675846,"dir":"bottom"},{"map":84675845,"dir":"bottom"},{"map":84675844,"dir":"left"},{"map":84674566,"dir":"top"},{"map":84674565,"dir":"bottom"},{"map":84674564,"dir":"bottom"},{"map":84674563,"dir":"bottom"},{"map":84674562,"dir":"bottom"},{"map":84674561,"dir":"bottom"},{"map":84674560,"dir":"bottom"},{"map":84675072,"dir":"left"},{"map":84675329,"dir":"bottom"},{"map":84675330,"dir":"bottom"}]}}}}
[mainProcessFrame]Ui request for trajet loading ...
[Sync]Processing ...
[Sync]Ready to process !
[Sync]Trajet ready ...
Checking pods ...
[Aucun groupe:0:info][Trajet]Execution map 84675845 .
