Server request connecting ...
{"assetsUrl":"https://ankama.akamaized.net/games/dofus-tablette/assets/2.15.15","analytics":{"wizAnalytics":{"localytics":{"token":"9f0bf865fd57d22f0bbea56-cd08f12a-8138-11e5-7c24-00736b041834","options":{"sessionTimeoutSeconds":60,"namespace":"dofus-production"}}},"ankAnalytics":{"debug":false,"analog":false,"useUrlMap":true}},"adjust":{"appToken":"7j60imkfu60w","environment":"EnvironmentProduction"},"logging":{"groups":false,"logLevels":{"time":0,"verbose":0,"debug":1,"info":2,"notice":3,"warning":4,"error":5,"critical":6,"alert":7,"emergency":8},"config":{"console":["none"],"server":["error","critical","alert","emergency"]},"disableOverride":false},"dataUrl":"https://proxyconnection.touch.dofus.com","haapi":{"id":18,"url":"https://haapi.ankama.com/json/Ankama/v2"},"serverLanguages":["en","de","es","fr","it","pt"],"failoverLanguage":"en","uiUrl":"https://proxyconnection.touch.dofus.com/assets","language":"en","sessionId":"lx0141jHC7GTts3w"}
Config loaded !
{"key":"6812d556-2e1d-4e54-b67f-66eb7e77ac05","account_id":112984462,"ip":"41.141.47.175","added_date":"2017-02-14T23:39:11+01:00","meta":[],"data":{},"access":[],"refresh_token":null,"expiration_date":"2017-02-15T02:39:11+01:00"}
Api key : 6812d556-2e1d-4e54-b67f-66eb7e77ac05
Game token : 9717f916cd6f5456670de50d3f0ada88
[Aucun groupe:0:info][processIdentification]...
Connecting to login server (https://proxyconnection.touch.dofus.com?STICKER=lx0141jHC7GTts3w) ...
Connection opened !
[Aucun groupe:0:info]Identification connection opened !
[Aucun groupe:0:info]1/2 in login queue...
[Aucun groupe:0:info]1/3 in login queue...
[Aucun groupe:0:info]0/2 in login queue...
[Aucun groupe:0:info]Identification success (1465968706044196534) !
[Aucun groupe:0:info]Servers list received !
[Aucun groupe:0:info][processServerSelection]...
[Aucun groupe:0:info]Request for server infos (id : 403) ...
Connection closed
migrating...
Connection opened !
[Aucun groupe:0:info]Game connection opened !
[Aucun groupe:0:success][processServerSelection]OK
[Aucun groupe:0:info][processsCharacterSelection]...
[Aucun groupe:0:info]Request for characters ...
[Aucun groupe:0:info]Selecting frist character (Miss-Lagertha) ...
Set default config for Miss-Lagertha
[Aucun groupe:0:info][Inventory]Object : 32391922 selected for regen !
[Aucun groupe:0:info][Inventory]Object : 32391923 selected for regen !
[Aucun groupe:0:info][Inventory]Object : 32391924 selected for regen !
[Aucun groupe:0:info][Inventory]Object : 32391925 selected for regen !
[InventoryManager]Items infos loaded !
Sequence ready !
[Aucun groupe:0:info][Infos]Welcome to DOFUS, and welcome to the World of Twelve! 
Remember that it is <b>strictly forbidden</b> to disclose your account name or password.
{"call":"global-state-request"}
Server request for state ...
[Sync]Processing ...
[Sync]Ready to process !
[Sync]Trajet ready ...
[Trajet]No trajet loaded !
{ '463301': 
   { _type: 'StatedElement',
     elementId: 463301,
     elementCellId: 64,
     elementState: 1 },
  '463302': 
   { _type: 'StatedElement',
     elementId: 463302,
     elementCellId: 300,
     elementState: 0 },
  '463303': 
   { _type: 'StatedElement',
     elementId: 463303,
     elementCellId: 306,
     elementState: 0 },
  '463304': 
   { _type: 'StatedElement',
     elementId: 463304,
     elementCellId: 278,
     elementState: 1 },
  '463305': 
   { _type: 'StatedElement',
     elementId: 463305,
     elementCellId: 263,
     elementState: 0 },
  '463306': 
   { _type: 'StatedElement',
     elementId: 463306,
     elementCellId: 285,
     elementState: 1 },
  '463307': 
   { _type: 'StatedElement',
     elementId: 463307,
     elementCellId: 467,
     elementState: 1 },
  '463308': 
   { _type: 'StatedElement',
     elementId: 463308,
     elementCellId: 510,
     elementState: 0 },
  '463309': 
   { _type: 'StatedElement',
     elementId: 463309,
     elementCellId: 255,
     elementState: 1 },
  '463310': 
   { _type: 'StatedElement',
     elementId: 463310,
     elementCellId: 243,
     elementState: 1 },
  '463311': 
   { _type: 'StatedElement',
     elementId: 463311,
     elementCellId: 221,
     elementState: 1 },
  '463312': 
   { _type: 'StatedElement',
     elementId: 463312,
     elementCellId: 483,
     elementState: 0 },
  '463313': 
   { _type: 'StatedElement',
     elementId: 463313,
     elementCellId: 213,
     elementState: 1 },
  '463314': 
   { _type: 'StatedElement',
     elementId: 463314,
     elementCellId: 63,
     elementState: 1 },
  '463315': 
   { _type: 'StatedElement',
     elementId: 463315,
     elementCellId: 454,
     elementState: 0 },
  '463316': 
   { _type: 'StatedElement',
     elementId: 463316,
     elementCellId: 199,
     elementState: 1 },
  '463317': 
   { _type: 'StatedElement',
     elementId: 463317,
     elementCellId: 440,
     elementState: 1 },
  '463318': 
   { _type: 'StatedElement',
     elementId: 463318,
     elementCellId: 214,
     elementState: 1 },
  '463319': 
   { _type: 'StatedElement',
     elementId: 463319,
     elementCellId: 523,
     elementState: 0 },
  '463320': 
   { _type: 'StatedElement',
     elementId: 463320,
     elementCellId: 269,
     elementState: 1 },
  '463321': 
   { _type: 'StatedElement',
     elementId: 463321,
     elementCellId: 469,
     elementState: 1 },
  '463322': 
   { _type: 'StatedElement',
     elementId: 463322,
     elementCellId: 77,
     elementState: 1 },
  '463323': 
   { _type: 'StatedElement',
     elementId: 463323,
     elementCellId: 208,
     elementState: 1 },
  '463324': 
   { _type: 'StatedElement',
     elementId: 463324,
     elementCellId: 239,
     elementState: 1 },
  '463522': 
   { _type: 'StatedElement',
     elementId: 463522,
     elementCellId: 240,
     elementState: 0 } }
{ '463301': 
   { _type: 'InteractiveElement',
     elementId: 463301,
     elementTypeId: 38,
     enabledSkills: [],
     disabledSkills: [ [Object] ],
     _name: 'Wheat' },
  '463302': 
   { _type: 'InteractiveElementWithAgeBonus',
     elementId: 463302,
     elementTypeId: 38,
     enabledSkills: [ [Object] ],
     disabledSkills: [],
     ageBonus: 0,
     _name: 'Wheat' },
  '463303': 
   { _type: 'InteractiveElementWithAgeBonus',
     elementId: 463303,
     elementTypeId: 38,
     enabledSkills: [ [Object] ],
     disabledSkills: [],
     ageBonus: 0,
     _name: 'Wheat' },
  '463304': 
   { _type: 'InteractiveElement',
     elementId: 463304,
     elementTypeId: 38,
     enabledSkills: [],
     disabledSkills: [ [Object] ],
     _name: 'Wheat' },
  '463305': 
   { _type: 'InteractiveElementWithAgeBonus',
     elementId: 463305,
     elementTypeId: 38,
     enabledSkills: [ [Object] ],
     disabledSkills: [],
     ageBonus: 0,
     _name: 'Wheat' },
  '463306': 
   { _type: 'InteractiveElement',
     elementId: 463306,
     elementTypeId: 38,
     enabledSkills: [],
     disabledSkills: [ [Object] ],
     _name: 'Wheat' },
  '463307': 
   { _type: 'InteractiveElement',
     elementId: 463307,
     elementTypeId: 38,
     enabledSkills: [],
     disabledSkills: [ [Object] ],
     _name: 'Wheat' },
  '463308': 
   { _type: 'InteractiveElementWithAgeBonus',
     elementId: 463308,
     elementTypeId: 38,
     enabledSkills: [ [Object] ],
     disabledSkills: [],
     ageBonus: 0,
     _name: 'Wheat' },
  '463309': 
   { _type: 'InteractiveElement',
     elementId: 463309,
     elementTypeId: 38,
     enabledSkills: [],
     disabledSkills: [ [Object] ],
     _name: 'Wheat' },
  '463310': 
   { _type: 'InteractiveElement',
     elementId: 463310,
     elementTypeId: 38,
     enabledSkills: [],
     disabledSkills: [ [Object] ],
     _name: 'Wheat' },
  '463311': 
   { _type: 'InteractiveElement',
     elementId: 463311,
     elementTypeId: 38,
     enabledSkills: [],
     disabledSkills: [ [Object] ],
     _name: 'Wheat' },
  '463312': 
   { _type: 'InteractiveElementWithAgeBonus',
     elementId: 463312,
     elementTypeId: 38,
     enabledSkills: [ [Object] ],
     disabledSkills: [],
     ageBonus: 0,
     _name: 'Wheat' },
  '463313': 
   { _type: 'InteractiveElement',
     elementId: 463313,
     elementTypeId: 38,
     enabledSkills: [],
     disabledSkills: [ [Object] ],
     _name: 'Wheat' },
  '463314': 
   { _type: 'InteractiveElement',
     elementId: 463314,
     elementTypeId: 38,
     enabledSkills: [],
     disabledSkills: [ [Object] ],
     _name: 'Wheat' },
  '463315': 
   { _type: 'InteractiveElementWithAgeBonus',
     elementId: 463315,
     elementTypeId: 38,
     enabledSkills: [ [Object] ],
     disabledSkills: [],
     ageBonus: 0,
     _name: 'Wheat' },
  '463316': 
   { _type: 'InteractiveElement',
     elementId: 463316,
     elementTypeId: 38,
     enabledSkills: [],
     disabledSkills: [ [Object] ],
     _name: 'Wheat' },
  '463317': 
   { _type: 'InteractiveElement',
     elementId: 463317,
     elementTypeId: 38,
     enabledSkills: [],
     disabledSkills: [ [Object] ],
     _name: 'Wheat' },
  '463318': 
   { _type: 'InteractiveElement',
     elementId: 463318,
     elementTypeId: 38,
     enabledSkills: [],
     disabledSkills: [ [Object] ],
     _name: 'Wheat' },
  '463319': 
   { _type: 'InteractiveElementWithAgeBonus',
     elementId: 463319,
     elementTypeId: 38,
     enabledSkills: [ [Object] ],
     disabledSkills: [],
     ageBonus: 0,
     _name: 'Wheat' },
  '463320': 
   { _type: 'InteractiveElement',
     elementId: 463320,
     elementTypeId: 38,
     enabledSkills: [],
     disabledSkills: [ [Object] ],
     _name: 'Wheat' },
  '463321': 
   { _type: 'InteractiveElement',
     elementId: 463321,
     elementTypeId: 38,
     enabledSkills: [],
     disabledSkills: [ [Object] ],
     _name: 'Wheat' },
  '463322': 
   { _type: 'InteractiveElement',
     elementId: 463322,
     elementTypeId: 38,
     enabledSkills: [],
     disabledSkills: [ [Object] ],
     _name: 'Wheat' },
  '463323': 
   { _type: 'InteractiveElement',
     elementId: 463323,
     elementTypeId: 38,
     enabledSkills: [],
     disabledSkills: [ [Object] ],
     _name: 'Wheat' },
  '463324': 
   { _type: 'InteractiveElement',
     elementId: 463324,
     elementTypeId: 38,
     enabledSkills: [],
     disabledSkills: [ [Object] ],
     _name: 'Wheat' },
  '463522': 
   { _type: 'InteractiveElementWithAgeBonus',
     elementId: 463522,
     elementTypeId: 43,
     enabledSkills: [],
     disabledSkills: [ [Object] ],
     ageBonus: 0,
     _name: 'Barley' } }
{ '463301': 
   { _type: 'StatedElement',
     elementId: 463301,
     elementCellId: 64,
     elementState: 1 },
  '463302': 
   { _type: 'StatedElement',
     elementId: 463302,
     elementCellId: 300,
     elementState: 0 },
  '463303': 
   { _type: 'StatedElement',
     elementId: 463303,
     elementCellId: 306,
     elementState: 0 },
  '463304': 
   { _type: 'StatedElement',
     elementId: 463304,
     elementCellId: 278,
     elementState: 1 },
  '463305': 
   { _type: 'StatedElement',
     elementId: 463305,
     elementCellId: 263,
     elementState: 0 },
  '463306': 
   { _type: 'StatedElement',
     elementId: 463306,
     elementCellId: 285,
     elementState: 1 },
  '463307': 
   { _type: 'StatedElement',
     elementId: 463307,
     elementCellId: 467,
     elementState: 1 },
  '463308': 
   { _type: 'StatedElement',
     elementId: 463308,
     elementCellId: 510,
     elementState: 0 },
  '463309': 
   { _type: 'StatedElement',
     elementId: 463309,
     elementCellId: 255,
     elementState: 1 },
  '463310': 
   { _type: 'StatedElement',
     elementId: 463310,
     elementCellId: 243,
     elementState: 1 },
  '463311': 
   { _type: 'StatedElement',
     elementId: 463311,
     elementCellId: 221,
     elementState: 1 },
  '463312': 
   { _type: 'StatedElement',
     elementId: 463312,
     elementCellId: 483,
     elementState: 0 },
  '463313': 
   { _type: 'StatedElement',
     elementId: 463313,
     elementCellId: 213,
     elementState: 1 },
  '463314': 
   { _type: 'StatedElement',
     elementId: 463314,
     elementCellId: 63,
     elementState: 1 },
  '463315': 
   { _type: 'StatedElement',
     elementId: 463315,
     elementCellId: 454,
     elementState: 0 },
  '463316': 
   { _type: 'StatedElement',
     elementId: 463316,
     elementCellId: 199,
     elementState: 1 },
  '463317': 
   { _type: 'StatedElement',
     elementId: 463317,
     elementCellId: 440,
     elementState: 1 },
  '463318': 
   { _type: 'StatedElement',
     elementId: 463318,
     elementCellId: 214,
     elementState: 1 },
  '463319': 
   { _type: 'StatedElement',
     elementId: 463319,
     elementCellId: 523,
     elementState: 0 },
  '463320': 
   { _type: 'StatedElement',
     elementId: 463320,
     elementCellId: 269,
     elementState: 1 },
  '463321': 
   { _type: 'StatedElement',
     elementId: 463321,
     elementCellId: 469,
     elementState: 1 },
  '463322': 
   { _type: 'StatedElement',
     elementId: 463322,
     elementCellId: 77,
     elementState: 1 },
  '463323': 
   { _type: 'StatedElement',
     elementId: 463323,
     elementCellId: 208,
     elementState: 1 },
  '463324': 
   { _type: 'StatedElement',
     elementId: 463324,
     elementCellId: 239,
     elementState: 1 },
  '463522': 
   { _type: 'StatedElement',
     elementId: 463522,
     elementCellId: 240,
     elementState: 0 } }
{ '463301': 
   { _type: 'InteractiveElement',
     elementId: 463301,
     elementTypeId: 38,
     enabledSkills: [],
     disabledSkills: [ [Object] ],
     _name: 'Wheat' },
  '463302': 
   { _type: 'InteractiveElementWithAgeBonus',
     elementId: 463302,
     elementTypeId: 38,
     enabledSkills: [ [Object] ],
     disabledSkills: [],
     ageBonus: 0,
     _name: 'Wheat' },
  '463303': 
   { _type: 'InteractiveElementWithAgeBonus',
     elementId: 463303,
     elementTypeId: 38,
     enabledSkills: [ [Object] ],
     disabledSkills: [],
     ageBonus: 0,
     _name: 'Wheat' },
  '463304': 
   { _type: 'InteractiveElement',
     elementId: 463304,
     elementTypeId: 38,
     enabledSkills: [],
     disabledSkills: [ [Object] ],
     _name: 'Wheat' },
  '463305': 
   { _type: 'InteractiveElementWithAgeBonus',
     elementId: 463305,
     elementTypeId: 38,
     enabledSkills: [ [Object] ],
     disabledSkills: [],
     ageBonus: 0,
     _name: 'Wheat' },
  '463306': 
   { _type: 'InteractiveElement',
     elementId: 463306,
     elementTypeId: 38,
     enabledSkills: [],
     disabledSkills: [ [Object] ],
     _name: 'Wheat' },
  '463307': 
   { _type: 'InteractiveElement',
     elementId: 463307,
     elementTypeId: 38,
     enabledSkills: [],
     disabledSkills: [ [Object] ],
     _name: 'Wheat' },
  '463308': 
   { _type: 'InteractiveElementWithAgeBonus',
     elementId: 463308,
     elementTypeId: 38,
     enabledSkills: [ [Object] ],
     disabledSkills: [],
     ageBonus: 0,
     _name: 'Wheat' },
  '463309': 
   { _type: 'InteractiveElement',
     elementId: 463309,
     elementTypeId: 38,
     enabledSkills: [],
     disabledSkills: [ [Object] ],
     _name: 'Wheat' },
  '463310': 
   { _type: 'InteractiveElement',
     elementId: 463310,
     elementTypeId: 38,
     enabledSkills: [],
     disabledSkills: [ [Object] ],
     _name: 'Wheat' },
  '463311': 
   { _type: 'InteractiveElement',
     elementId: 463311,
     elementTypeId: 38,
     enabledSkills: [],
     disabledSkills: [ [Object] ],
     _name: 'Wheat' },
  '463312': 
   { _type: 'InteractiveElementWithAgeBonus',
     elementId: 463312,
     elementTypeId: 38,
     enabledSkills: [ [Object] ],
     disabledSkills: [],
     ageBonus: 0,
     _name: 'Wheat' },
  '463313': 
   { _type: 'InteractiveElement',
     elementId: 463313,
     elementTypeId: 38,
     enabledSkills: [],
     disabledSkills: [ [Object] ],
     _name: 'Wheat' },
  '463314': 
   { _type: 'InteractiveElement',
     elementId: 463314,
     elementTypeId: 38,
     enabledSkills: [],
     disabledSkills: [ [Object] ],
     _name: 'Wheat' },
  '463315': 
   { _type: 'InteractiveElementWithAgeBonus',
     elementId: 463315,
     elementTypeId: 38,
     enabledSkills: [ [Object] ],
     disabledSkills: [],
     ageBonus: 0,
     _name: 'Wheat' },
  '463316': 
   { _type: 'InteractiveElement',
     elementId: 463316,
     elementTypeId: 38,
     enabledSkills: [],
     disabledSkills: [ [Object] ],
     _name: 'Wheat' },
  '463317': 
   { _type: 'InteractiveElement',
     elementId: 463317,
     elementTypeId: 38,
     enabledSkills: [],
     disabledSkills: [ [Object] ],
     _name: 'Wheat' },
  '463318': 
   { _type: 'InteractiveElement',
     elementId: 463318,
     elementTypeId: 38,
     enabledSkills: [],
     disabledSkills: [ [Object] ],
     _name: 'Wheat' },
  '463319': 
   { _type: 'InteractiveElementWithAgeBonus',
     elementId: 463319,
     elementTypeId: 38,
     enabledSkills: [ [Object] ],
     disabledSkills: [],
     ageBonus: 0,
     _name: 'Wheat' },
  '463320': 
   { _type: 'InteractiveElement',
     elementId: 463320,
     elementTypeId: 38,
     enabledSkills: [],
     disabledSkills: [ [Object] ],
     _name: 'Wheat' },
  '463321': 
   { _type: 'InteractiveElement',
     elementId: 463321,
     elementTypeId: 38,
     enabledSkills: [],
     disabledSkills: [ [Object] ],
     _name: 'Wheat' },
  '463322': 
   { _type: 'InteractiveElement',
     elementId: 463322,
     elementTypeId: 38,
     enabledSkills: [],
     disabledSkills: [ [Object] ],
     _name: 'Wheat' },
  '463323': 
   { _type: 'InteractiveElement',
     elementId: 463323,
     elementTypeId: 38,
     enabledSkills: [],
     disabledSkills: [ [Object] ],
     _name: 'Wheat' },
  '463324': 
   { _type: 'InteractiveElement',
     elementId: 463324,
     elementTypeId: 38,
     enabledSkills: [],
     disabledSkills: [ [Object] ],
     _name: 'Wheat' },
  '463522': 
   { _type: 'InteractiveElementWithAgeBonus',
     elementId: 463522,
     elementTypeId: 43,
     enabledSkills: [],
     disabledSkills: [ [Object] ],
     ageBonus: 0,
     _name: 'Barley' } }
{ '463301': 
   { _type: 'StatedElement',
     elementId: 463301,
     elementCellId: 64,
     elementState: 1 },
  '463302': 
   { _type: 'StatedElement',
     elementId: 463302,
     elementCellId: 300,
     elementState: 0 },
  '463303': 
   { _type: 'StatedElement',
     elementId: 463303,
     elementCellId: 306,
     elementState: 0 },
  '463304': 
   { _type: 'StatedElement',
     elementId: 463304,
     elementCellId: 278,
     elementState: 1 },
  '463305': 
   { _type: 'StatedElement',
     elementId: 463305,
     elementCellId: 263,
     elementState: 0 },
  '463306': 
   { _type: 'StatedElement',
     elementId: 463306,
     elementCellId: 285,
     elementState: 1 },
  '463307': 
   { _type: 'StatedElement',
     elementId: 463307,
     elementCellId: 467,
     elementState: 1 },
  '463308': 
   { _type: 'StatedElement',
     elementId: 463308,
     elementCellId: 510,
     elementState: 0 },
  '463309': 
   { _type: 'StatedElement',
     elementId: 463309,
     elementCellId: 255,
     elementState: 1 },
  '463310': 
   { _type: 'StatedElement',
     elementId: 463310,
     elementCellId: 243,
     elementState: 1 },
  '463311': 
   { _type: 'StatedElement',
     elementId: 463311,
     elementCellId: 221,
     elementState: 1 },
  '463312': 
   { _type: 'StatedElement',
     elementId: 463312,
     elementCellId: 483,
     elementState: 0 },
  '463313': 
   { _type: 'StatedElement',
     elementId: 463313,
     elementCellId: 213,
     elementState: 1 },
  '463314': 
   { _type: 'StatedElement',
     elementId: 463314,
     elementCellId: 63,
     elementState: 1 },
  '463315': 
   { _type: 'StatedElement',
     elementId: 463315,
     elementCellId: 454,
     elementState: 0 },
  '463316': 
   { _type: 'StatedElement',
     elementId: 463316,
     elementCellId: 199,
     elementState: 1 },
  '463317': 
   { _type: 'StatedElement',
     elementId: 463317,
     elementCellId: 440,
     elementState: 1 },
  '463318': 
   { _type: 'StatedElement',
     elementId: 463318,
     elementCellId: 214,
     elementState: 1 },
  '463319': 
   { _type: 'StatedElement',
     elementId: 463319,
     elementCellId: 523,
     elementState: 0 },
  '463320': 
   { _type: 'StatedElement',
     elementId: 463320,
     elementCellId: 269,
     elementState: 1 },
  '463321': 
   { _type: 'StatedElement',
     elementId: 463321,
     elementCellId: 469,
     elementState: 1 },
  '463322': 
   { _type: 'StatedElement',
     elementId: 463322,
     elementCellId: 77,
     elementState: 1 },
  '463323': 
   { _type: 'StatedElement',
     elementId: 463323,
     elementCellId: 208,
     elementState: 1 },
  '463324': 
   { _type: 'StatedElement',
     elementId: 463324,
     elementCellId: 239,
     elementState: 1 },
  '463522': 
   { _type: 'StatedElement',
     elementId: 463522,
     elementCellId: 240,
     elementState: 0 } }
{ '463301': 
   { _type: 'InteractiveElement',
     elementId: 463301,
     elementTypeId: 38,
     enabledSkills: [],
     disabledSkills: [ [Object] ],
     _name: 'Wheat' },
  '463302': 
   { _type: 'InteractiveElementWithAgeBonus',
     elementId: 463302,
     elementTypeId: 38,
     enabledSkills: [ [Object] ],
     disabledSkills: [],
     ageBonus: 0,
     _name: 'Wheat' },
  '463303': 
   { _type: 'InteractiveElementWithAgeBonus',
     elementId: 463303,
     elementTypeId: 38,
     enabledSkills: [ [Object] ],
     disabledSkills: [],
     ageBonus: 0,
     _name: 'Wheat' },
  '463304': 
   { _type: 'InteractiveElement',
     elementId: 463304,
     elementTypeId: 38,
     enabledSkills: [],
     disabledSkills: [ [Object] ],
     _name: 'Wheat' },
  '463305': 
   { _type: 'InteractiveElementWithAgeBonus',
     elementId: 463305,
     elementTypeId: 38,
     enabledSkills: [ [Object] ],
     disabledSkills: [],
     ageBonus: 0,
     _name: 'Wheat' },
  '463306': 
   { _type: 'InteractiveElement',
     elementId: 463306,
     elementTypeId: 38,
     enabledSkills: [],
     disabledSkills: [ [Object] ],
     _name: 'Wheat' },
  '463307': 
   { _type: 'InteractiveElement',
     elementId: 463307,
     elementTypeId: 38,
     enabledSkills: [],
     disabledSkills: [ [Object] ],
     _name: 'Wheat' },
  '463308': 
   { _type: 'InteractiveElementWithAgeBonus',
     elementId: 463308,
     elementTypeId: 38,
     enabledSkills: [ [Object] ],
     disabledSkills: [],
     ageBonus: 0,
     _name: 'Wheat' },
  '463309': 
   { _type: 'InteractiveElement',
     elementId: 463309,
     elementTypeId: 38,
     enabledSkills: [],
     disabledSkills: [ [Object] ],
     _name: 'Wheat' },
  '463310': 
   { _type: 'InteractiveElement',
     elementId: 463310,
     elementTypeId: 38,
     enabledSkills: [],
     disabledSkills: [ [Object] ],
     _name: 'Wheat' },
  '463311': 
   { _type: 'InteractiveElement',
     elementId: 463311,
     elementTypeId: 38,
     enabledSkills: [],
     disabledSkills: [ [Object] ],
     _name: 'Wheat' },
  '463312': 
   { _type: 'InteractiveElementWithAgeBonus',
     elementId: 463312,
     elementTypeId: 38,
     enabledSkills: [ [Object] ],
     disabledSkills: [],
     ageBonus: 0,
     _name: 'Wheat' },
  '463313': 
   { _type: 'InteractiveElement',
     elementId: 463313,
     elementTypeId: 38,
     enabledSkills: [],
     disabledSkills: [ [Object] ],
     _name: 'Wheat' },
  '463314': 
   { _type: 'InteractiveElement',
     elementId: 463314,
     elementTypeId: 38,
     enabledSkills: [],
     disabledSkills: [ [Object] ],
     _name: 'Wheat' },
  '463315': 
   { _type: 'InteractiveElementWithAgeBonus',
     elementId: 463315,
     elementTypeId: 38,
     enabledSkills: [ [Object] ],
     disabledSkills: [],
     ageBonus: 0,
     _name: 'Wheat' },
  '463316': 
   { _type: 'InteractiveElement',
     elementId: 463316,
     elementTypeId: 38,
     enabledSkills: [],
     disabledSkills: [ [Object] ],
     _name: 'Wheat' },
  '463317': 
   { _type: 'InteractiveElement',
     elementId: 463317,
     elementTypeId: 38,
     enabledSkills: [],
     disabledSkills: [ [Object] ],
     _name: 'Wheat' },
  '463318': 
   { _type: 'InteractiveElement',
     elementId: 463318,
     elementTypeId: 38,
     enabledSkills: [],
     disabledSkills: [ [Object] ],
     _name: 'Wheat' },
  '463319': 
   { _type: 'InteractiveElementWithAgeBonus',
     elementId: 463319,
     elementTypeId: 38,
     enabledSkills: [ [Object] ],
     disabledSkills: [],
     ageBonus: 0,
     _name: 'Wheat' },
  '463320': 
   { _type: 'InteractiveElement',
     elementId: 463320,
     elementTypeId: 38,
     enabledSkills: [],
     disabledSkills: [ [Object] ],
     _name: 'Wheat' },
  '463321': 
   { _type: 'InteractiveElement',
     elementId: 463321,
     elementTypeId: 38,
     enabledSkills: [],
     disabledSkills: [ [Object] ],
     _name: 'Wheat' },
  '463322': 
   { _type: 'InteractiveElement',
     elementId: 463322,
     elementTypeId: 38,
     enabledSkills: [],
     disabledSkills: [ [Object] ],
     _name: 'Wheat' },
  '463323': 
   { _type: 'InteractiveElement',
     elementId: 463323,
     elementTypeId: 38,
     enabledSkills: [],
     disabledSkills: [ [Object] ],
     _name: 'Wheat' },
  '463324': 
   { _type: 'InteractiveElement',
     elementId: 463324,
     elementTypeId: 38,
     enabledSkills: [],
     disabledSkills: [ [Object] ],
     _name: 'Wheat' },
  '463522': 
   { _type: 'InteractiveElementWithAgeBonus',
     elementId: 463522,
     elementTypeId: 43,
     enabledSkills: [],
     disabledSkills: [ [Object] ],
     ageBonus: 0,
     _name: 'Barley' } }
{ '463301': 
   { _type: 'StatedElement',
     elementId: 463301,
     elementCellId: 64,
     elementState: 1 },
  '463302': 
   { _type: 'StatedElement',
     elementId: 463302,
     elementCellId: 300,
     elementState: 0 },
  '463303': 
   { _type: 'StatedElement',
     elementId: 463303,
     elementCellId: 306,
     elementState: 0 },
  '463304': 
   { _type: 'StatedElement',
     elementId: 463304,
     elementCellId: 278,
     elementState: 1 },
  '463305': 
   { _type: 'StatedElement',
     elementId: 463305,
     elementCellId: 263,
     elementState: 0 },
  '463306': 
   { _type: 'StatedElement',
     elementId: 463306,
     elementCellId: 285,
     elementState: 1 },
  '463307': 
   { _type: 'StatedElement',
     elementId: 463307,
     elementCellId: 467,
     elementState: 1 },
  '463308': 
   { _type: 'StatedElement',
     elementId: 463308,
     elementCellId: 510,
     elementState: 0 },
  '463309': 
   { _type: 'StatedElement',
     elementId: 463309,
     elementCellId: 255,
     elementState: 1 },
  '463310': 
   { _type: 'StatedElement',
     elementId: 463310,
     elementCellId: 243,
     elementState: 1 },
  '463311': 
   { _type: 'StatedElement',
     elementId: 463311,
     elementCellId: 221,
     elementState: 1 },
  '463312': 
   { _type: 'StatedElement',
     elementId: 463312,
     elementCellId: 483,
     elementState: 0 },
  '463313': 
   { _type: 'StatedElement',
     elementId: 463313,
     elementCellId: 213,
     elementState: 1 },
  '463314': 
   { _type: 'StatedElement',
     elementId: 463314,
     elementCellId: 63,
     elementState: 1 },
  '463315': 
   { _type: 'StatedElement',
     elementId: 463315,
     elementCellId: 454,
     elementState: 0 },
  '463316': 
   { _type: 'StatedElement',
     elementId: 463316,
     elementCellId: 199,
     elementState: 1 },
  '463317': 
   { _type: 'StatedElement',
     elementId: 463317,
     elementCellId: 440,
     elementState: 1 },
  '463318': 
   { _type: 'StatedElement',
     elementId: 463318,
     elementCellId: 214,
     elementState: 1 },
  '463319': 
   { _type: 'StatedElement',
     elementId: 463319,
     elementCellId: 523,
     elementState: 0 },
  '463320': 
   { _type: 'StatedElement',
     elementId: 463320,
     elementCellId: 269,
     elementState: 1 },
  '463321': 
   { _type: 'StatedElement',
     elementId: 463321,
     elementCellId: 469,
     elementState: 1 },
  '463322': 
   { _type: 'StatedElement',
     elementId: 463322,
     elementCellId: 77,
     elementState: 1 },
  '463323': 
   { _type: 'StatedElement',
     elementId: 463323,
     elementCellId: 208,
     elementState: 1 },
  '463324': 
   { _type: 'StatedElement',
     elementId: 463324,
     elementCellId: 239,
     elementState: 1 },
  '463522': 
   { _type: 'StatedElement',
     elementId: 463522,
     elementCellId: 240,
     elementState: 0 } }
{ '463301': 
   { _type: 'InteractiveElement',
     elementId: 463301,
     elementTypeId: 38,
     enabledSkills: [],
     disabledSkills: [ [Object] ],
     _name: 'Wheat' },
  '463302': 
   { _type: 'InteractiveElementWithAgeBonus',
     elementId: 463302,
     elementTypeId: 38,
     enabledSkills: [ [Object] ],
     disabledSkills: [],
     ageBonus: 0,
     _name: 'Wheat' },
  '463303': 
   { _type: 'InteractiveElementWithAgeBonus',
     elementId: 463303,
     elementTypeId: 38,
     enabledSkills: [ [Object] ],
     disabledSkills: [],
     ageBonus: 0,
     _name: 'Wheat' },
  '463304': 
   { _type: 'InteractiveElement',
     elementId: 463304,
     elementTypeId: 38,
     enabledSkills: [],
     disabledSkills: [ [Object] ],
     _name: 'Wheat' },
  '463305': 
   { _type: 'InteractiveElementWithAgeBonus',
     elementId: 463305,
     elementTypeId: 38,
     enabledSkills: [ [Object] ],
     disabledSkills: [],
     ageBonus: 0,
     _name: 'Wheat' },
  '463306': 
   { _type: 'InteractiveElement',
     elementId: 463306,
     elementTypeId: 38,
     enabledSkills: [],
     disabledSkills: [ [Object] ],
     _name: 'Wheat' },
  '463307': 
   { _type: 'InteractiveElement',
     elementId: 463307,
     elementTypeId: 38,
     enabledSkills: [],
     disabledSkills: [ [Object] ],
     _name: 'Wheat' },
  '463308': 
   { _type: 'InteractiveElementWithAgeBonus',
     elementId: 463308,
     elementTypeId: 38,
     enabledSkills: [ [Object] ],
     disabledSkills: [],
     ageBonus: 0,
     _name: 'Wheat' },
  '463309': 
   { _type: 'InteractiveElement',
     elementId: 463309,
     elementTypeId: 38,
     enabledSkills: [],
     disabledSkills: [ [Object] ],
     _name: 'Wheat' },
  '463310': 
   { _type: 'InteractiveElement',
     elementId: 463310,
     elementTypeId: 38,
     enabledSkills: [],
     disabledSkills: [ [Object] ],
     _name: 'Wheat' },
  '463311': 
   { _type: 'InteractiveElement',
     elementId: 463311,
     elementTypeId: 38,
     enabledSkills: [],
     disabledSkills: [ [Object] ],
     _name: 'Wheat' },
  '463312': 
   { _type: 'InteractiveElementWithAgeBonus',
     elementId: 463312,
     elementTypeId: 38,
     enabledSkills: [ [Object] ],
     disabledSkills: [],
     ageBonus: 0,
     _name: 'Wheat' },
  '463313': 
   { _type: 'InteractiveElement',
     elementId: 463313,
     elementTypeId: 38,
     enabledSkills: [],
     disabledSkills: [ [Object] ],
     _name: 'Wheat' },
  '463314': 
   { _type: 'InteractiveElement',
     elementId: 463314,
     elementTypeId: 38,
     enabledSkills: [],
     disabledSkills: [ [Object] ],
     _name: 'Wheat' },
  '463315': 
   { _type: 'InteractiveElementWithAgeBonus',
     elementId: 463315,
     elementTypeId: 38,
     enabledSkills: [ [Object] ],
     disabledSkills: [],
     ageBonus: 0,
     _name: 'Wheat' },
  '463316': 
   { _type: 'InteractiveElement',
     elementId: 463316,
     elementTypeId: 38,
     enabledSkills: [],
     disabledSkills: [ [Object] ],
     _name: 'Wheat' },
  '463317': 
   { _type: 'InteractiveElement',
     elementId: 463317,
     elementTypeId: 38,
     enabledSkills: [],
     disabledSkills: [ [Object] ],
     _name: 'Wheat' },
  '463318': 
   { _type: 'InteractiveElement',
     elementId: 463318,
     elementTypeId: 38,
     enabledSkills: [],
     disabledSkills: [ [Object] ],
     _name: 'Wheat' },
  '463319': 
   { _type: 'InteractiveElementWithAgeBonus',
     elementId: 463319,
     elementTypeId: 38,
     enabledSkills: [ [Object] ],
     disabledSkills: [],
     ageBonus: 0,
     _name: 'Wheat' },
  '463320': 
   { _type: 'InteractiveElement',
     elementId: 463320,
     elementTypeId: 38,
     enabledSkills: [],
     disabledSkills: [ [Object] ],
     _name: 'Wheat' },
  '463321': 
   { _type: 'InteractiveElement',
     elementId: 463321,
     elementTypeId: 38,
     enabledSkills: [],
     disabledSkills: [ [Object] ],
     _name: 'Wheat' },
  '463322': 
   { _type: 'InteractiveElement',
     elementId: 463322,
     elementTypeId: 38,
     enabledSkills: [],
     disabledSkills: [ [Object] ],
     _name: 'Wheat' },
  '463323': 
   { _type: 'InteractiveElement',
     elementId: 463323,
     elementTypeId: 38,
     enabledSkills: [],
     disabledSkills: [ [Object] ],
     _name: 'Wheat' },
  '463324': 
   { _type: 'InteractiveElement',
     elementId: 463324,
     elementTypeId: 38,
     enabledSkills: [],
     disabledSkills: [ [Object] ],
     _name: 'Wheat' },
  '463522': 
   { _type: 'InteractiveElementWithAgeBonus',
     elementId: 463522,
     elementTypeId: 43,
     enabledSkills: [],
     disabledSkills: [ [Object] ],
     ageBonus: 0,
     _name: 'Barley' } }
{ '463301': 
   { _type: 'StatedElement',
     elementId: 463301,
     elementCellId: 64,
     elementState: 1 },
  '463302': 
   { _type: 'StatedElement',
     elementId: 463302,
     elementCellId: 300,
     elementState: 0 },
  '463303': 
   { _type: 'StatedElement',
     elementId: 463303,
     elementCellId: 306,
     elementState: 0 },
  '463304': 
   { _type: 'StatedElement',
     elementId: 463304,
     elementCellId: 278,
     elementState: 1 },
  '463305': 
   { _type: 'StatedElement',
     elementId: 463305,
     elementCellId: 263,
     elementState: 0 },
  '463306': 
   { _type: 'StatedElement',
     elementId: 463306,
     elementCellId: 285,
     elementState: 1 },
  '463307': 
   { _type: 'StatedElement',
     elementId: 463307,
     elementCellId: 467,
     elementState: 1 },
  '463308': 
   { _type: 'StatedElement',
     elementId: 463308,
     elementCellId: 510,
     elementState: 0 },
  '463309': 
   { _type: 'StatedElement',
     elementId: 463309,
     elementCellId: 255,
     elementState: 1 },
  '463310': 
   { _type: 'StatedElement',
     elementId: 463310,
     elementCellId: 243,
     elementState: 1 },
  '463311': 
   { _type: 'StatedElement',
     elementId: 463311,
     elementCellId: 221,
     elementState: 1 },
  '463312': 
   { _type: 'StatedElement',
     elementId: 463312,
     elementCellId: 483,
     elementState: 0 },
  '463313': 
   { _type: 'StatedElement',
     elementId: 463313,
     elementCellId: 213,
     elementState: 1 },
  '463314': 
   { _type: 'StatedElement',
     elementId: 463314,
     elementCellId: 63,
     elementState: 1 },
  '463315': 
   { _type: 'StatedElement',
     elementId: 463315,
     elementCellId: 454,
     elementState: 0 },
  '463316': 
   { _type: 'StatedElement',
     elementId: 463316,
     elementCellId: 199,
     elementState: 1 },
  '463317': 
   { _type: 'StatedElement',
     elementId: 463317,
     elementCellId: 440,
     elementState: 1 },
  '463318': 
   { _type: 'StatedElement',
     elementId: 463318,
     elementCellId: 214,
     elementState: 1 },
  '463319': 
   { _type: 'StatedElement',
     elementId: 463319,
     elementCellId: 523,
     elementState: 0 },
  '463320': 
   { _type: 'StatedElement',
     elementId: 463320,
     elementCellId: 269,
     elementState: 1 },
  '463321': 
   { _type: 'StatedElement',
     elementId: 463321,
     elementCellId: 469,
     elementState: 1 },
  '463322': 
   { _type: 'StatedElement',
     elementId: 463322,
     elementCellId: 77,
     elementState: 1 },
  '463323': 
   { _type: 'StatedElement',
     elementId: 463323,
     elementCellId: 208,
     elementState: 1 },
  '463324': 
   { _type: 'StatedElement',
     elementId: 463324,
     elementCellId: 239,
     elementState: 1 },
  '463522': 
   { _type: 'StatedElement',
     elementId: 463522,
     elementCellId: 240,
     elementState: 0 } }
{ '463301': 
   { _type: 'InteractiveElement',
     elementId: 463301,
     elementTypeId: 38,
     enabledSkills: [],
     disabledSkills: [ [Object] ],
     _name: 'Wheat' },
  '463302': 
   { _type: 'InteractiveElementWithAgeBonus',
     elementId: 463302,
     elementTypeId: 38,
     enabledSkills: [ [Object] ],
     disabledSkills: [],
     ageBonus: 0,
     _name: 'Wheat' },
  '463303': 
   { _type: 'InteractiveElementWithAgeBonus',
     elementId: 463303,
     elementTypeId: 38,
     enabledSkills: [ [Object] ],
     disabledSkills: [],
     ageBonus: 0,
     _name: 'Wheat' },
  '463304': 
   { _type: 'InteractiveElement',
     elementId: 463304,
     elementTypeId: 38,
     enabledSkills: [],
     disabledSkills: [ [Object] ],
     _name: 'Wheat' },
  '463305': 
   { _type: 'InteractiveElementWithAgeBonus',
     elementId: 463305,
     elementTypeId: 38,
     enabledSkills: [ [Object] ],
     disabledSkills: [],
     ageBonus: 0,
     _name: 'Wheat' },
  '463306': 
   { _type: 'InteractiveElement',
     elementId: 463306,
     elementTypeId: 38,
     enabledSkills: [],
     disabledSkills: [ [Object] ],
     _name: 'Wheat' },
  '463307': 
   { _type: 'InteractiveElement',
     elementId: 463307,
     elementTypeId: 38,
     enabledSkills: [],
     disabledSkills: [ [Object] ],
     _name: 'Wheat' },
  '463308': 
   { _type: 'InteractiveElementWithAgeBonus',
     elementId: 463308,
     elementTypeId: 38,
     enabledSkills: [ [Object] ],
     disabledSkills: [],
     ageBonus: 0,
     _name: 'Wheat' },
  '463309': 
   { _type: 'InteractiveElement',
     elementId: 463309,
     elementTypeId: 38,
     enabledSkills: [],
     disabledSkills: [ [Object] ],
     _name: 'Wheat' },
  '463310': 
   { _type: 'InteractiveElement',
     elementId: 463310,
     elementTypeId: 38,
     enabledSkills: [],
     disabledSkills: [ [Object] ],
     _name: 'Wheat' },
  '463311': 
   { _type: 'InteractiveElement',
     elementId: 463311,
     elementTypeId: 38,
     enabledSkills: [],
     disabledSkills: [ [Object] ],
     _name: 'Wheat' },
  '463312': 
   { _type: 'InteractiveElementWithAgeBonus',
     elementId: 463312,
     elementTypeId: 38,
     enabledSkills: [ [Object] ],
     disabledSkills: [],
     ageBonus: 0,
     _name: 'Wheat' },
  '463313': 
   { _type: 'InteractiveElement',
     elementId: 463313,
     elementTypeId: 38,
     enabledSkills: [],
     disabledSkills: [ [Object] ],
     _name: 'Wheat' },
  '463314': 
   { _type: 'InteractiveElement',
     elementId: 463314,
     elementTypeId: 38,
     enabledSkills: [],
     disabledSkills: [ [Object] ],
     _name: 'Wheat' },
  '463315': 
   { _type: 'InteractiveElementWithAgeBonus',
     elementId: 463315,
     elementTypeId: 38,
     enabledSkills: [ [Object] ],
     disabledSkills: [],
     ageBonus: 0,
     _name: 'Wheat' },
  '463316': 
   { _type: 'InteractiveElement',
     elementId: 463316,
     elementTypeId: 38,
     enabledSkills: [],
     disabledSkills: [ [Object] ],
     _name: 'Wheat' },
  '463317': 
   { _type: 'InteractiveElement',
     elementId: 463317,
     elementTypeId: 38,
     enabledSkills: [],
     disabledSkills: [ [Object] ],
     _name: 'Wheat' },
  '463318': 
   { _type: 'InteractiveElement',
     elementId: 463318,
     elementTypeId: 38,
     enabledSkills: [],
     disabledSkills: [ [Object] ],
     _name: 'Wheat' },
  '463319': 
   { _type: 'InteractiveElementWithAgeBonus',
     elementId: 463319,
     elementTypeId: 38,
     enabledSkills: [ [Object] ],
     disabledSkills: [],
     ageBonus: 0,
     _name: 'Wheat' },
  '463320': 
   { _type: 'InteractiveElement',
     elementId: 463320,
     elementTypeId: 38,
     enabledSkills: [],
     disabledSkills: [ [Object] ],
     _name: 'Wheat' },
  '463321': 
   { _type: 'InteractiveElement',
     elementId: 463321,
     elementTypeId: 38,
     enabledSkills: [],
     disabledSkills: [ [Object] ],
     _name: 'Wheat' },
  '463322': 
   { _type: 'InteractiveElement',
     elementId: 463322,
     elementTypeId: 38,
     enabledSkills: [],
     disabledSkills: [ [Object] ],
     _name: 'Wheat' },
  '463323': 
   { _type: 'InteractiveElement',
     elementId: 463323,
     elementTypeId: 38,
     enabledSkills: [],
     disabledSkills: [ [Object] ],
     _name: 'Wheat' },
  '463324': 
   { _type: 'InteractiveElement',
     elementId: 463324,
     elementTypeId: 38,
     enabledSkills: [],
     disabledSkills: [ [Object] ],
     _name: 'Wheat' },
  '463522': 
   { _type: 'InteractiveElementWithAgeBonus',
     elementId: 463522,
     elementTypeId: 43,
     enabledSkills: [],
     disabledSkills: [ [Object] ],
     ageBonus: 0,
     _name: 'Barley' } }
{ '463301': 
   { _type: 'StatedElement',
     elementId: 463301,
     elementCellId: 64,
     elementState: 1 },
  '463302': 
   { _type: 'StatedElement',
     elementId: 463302,
     elementCellId: 300,
     elementState: 0 },
  '463303': 
   { _type: 'StatedElement',
     elementId: 463303,
     elementCellId: 306,
     elementState: 0 },
  '463304': 
   { _type: 'StatedElement',
     elementId: 463304,
     elementCellId: 278,
     elementState: 1 },
  '463305': 
   { _type: 'StatedElement',
     elementId: 463305,
     elementCellId: 263,
     elementState: 0 },
  '463306': 
   { _type: 'StatedElement',
     elementId: 463306,
     elementCellId: 285,
     elementState: 1 },
  '463307': 
   { _type: 'StatedElement',
     elementId: 463307,
     elementCellId: 467,
     elementState: 1 },
  '463308': 
   { _type: 'StatedElement',
     elementId: 463308,
     elementCellId: 510,
     elementState: 0 },
  '463309': 
   { _type: 'StatedElement',
     elementId: 463309,
     elementCellId: 255,
     elementState: 1 },
  '463310': 
   { _type: 'StatedElement',
     elementId: 463310,
     elementCellId: 243,
     elementState: 1 },
  '463311': 
   { _type: 'StatedElement',
     elementId: 463311,
     elementCellId: 221,
     elementState: 1 },
  '463312': 
   { _type: 'StatedElement',
     elementId: 463312,
     elementCellId: 483,
     elementState: 0 },
  '463313': 
   { _type: 'StatedElement',
     elementId: 463313,
     elementCellId: 213,
     elementState: 1 },
  '463314': 
   { _type: 'StatedElement',
     elementId: 463314,
     elementCellId: 63,
     elementState: 1 },
  '463315': 
   { _type: 'StatedElement',
     elementId: 463315,
     elementCellId: 454,
     elementState: 0 },
  '463316': 
   { _type: 'StatedElement',
     elementId: 463316,
     elementCellId: 199,
     elementState: 1 },
  '463317': 
   { _type: 'StatedElement',
     elementId: 463317,
     elementCellId: 440,
     elementState: 1 },
  '463318': 
   { _type: 'StatedElement',
     elementId: 463318,
     elementCellId: 214,
     elementState: 1 },
  '463319': 
   { _type: 'StatedElement',
     elementId: 463319,
     elementCellId: 523,
     elementState: 0 },
  '463320': 
   { _type: 'StatedElement',
     elementId: 463320,
     elementCellId: 269,
     elementState: 1 },
  '463321': 
   { _type: 'StatedElement',
     elementId: 463321,
     elementCellId: 469,
     elementState: 1 },
  '463322': 
   { _type: 'StatedElement',
     elementId: 463322,
     elementCellId: 77,
     elementState: 1 },
  '463323': 
   { _type: 'StatedElement',
     elementId: 463323,
     elementCellId: 208,
     elementState: 1 },
  '463324': 
   { _type: 'StatedElement',
     elementId: 463324,
     elementCellId: 239,
     elementState: 1 },
  '463522': 
   { _type: 'StatedElement',
     elementId: 463522,
     elementCellId: 240,
     elementState: 0 } }
{ '463301': 
   { _type: 'InteractiveElement',
     elementId: 463301,
     elementTypeId: 38,
     enabledSkills: [],
     disabledSkills: [ [Object] ],
     _name: 'Wheat' },
  '463302': 
   { _type: 'InteractiveElementWithAgeBonus',
     elementId: 463302,
     elementTypeId: 38,
     enabledSkills: [ [Object] ],
     disabledSkills: [],
     ageBonus: 0,
     _name: 'Wheat' },
  '463303': 
   { _type: 'InteractiveElementWithAgeBonus',
     elementId: 463303,
     elementTypeId: 38,
     enabledSkills: [ [Object] ],
     disabledSkills: [],
     ageBonus: 0,
     _name: 'Wheat' },
  '463304': 
   { _type: 'InteractiveElement',
     elementId: 463304,
     elementTypeId: 38,
     enabledSkills: [],
     disabledSkills: [ [Object] ],
     _name: 'Wheat' },
  '463305': 
   { _type: 'InteractiveElementWithAgeBonus',
     elementId: 463305,
     elementTypeId: 38,
     enabledSkills: [ [Object] ],
     disabledSkills: [],
     ageBonus: 0,
     _name: 'Wheat' },
  '463306': 
   { _type: 'InteractiveElement',
     elementId: 463306,
     elementTypeId: 38,
     enabledSkills: [],
     disabledSkills: [ [Object] ],
     _name: 'Wheat' },
  '463307': 
   { _type: 'InteractiveElement',
     elementId: 463307,
     elementTypeId: 38,
     enabledSkills: [],
     disabledSkills: [ [Object] ],
     _name: 'Wheat' },
  '463308': 
   { _type: 'InteractiveElementWithAgeBonus',
     elementId: 463308,
     elementTypeId: 38,
     enabledSkills: [ [Object] ],
     disabledSkills: [],
     ageBonus: 0,
     _name: 'Wheat' },
  '463309': 
   { _type: 'InteractiveElement',
     elementId: 463309,
     elementTypeId: 38,
     enabledSkills: [],
     disabledSkills: [ [Object] ],
     _name: 'Wheat' },
  '463310': 
   { _type: 'InteractiveElement',
     elementId: 463310,
     elementTypeId: 38,
     enabledSkills: [],
     disabledSkills: [ [Object] ],
     _name: 'Wheat' },
  '463311': 
   { _type: 'InteractiveElement',
     elementId: 463311,
     elementTypeId: 38,
     enabledSkills: [],
     disabledSkills: [ [Object] ],
     _name: 'Wheat' },
  '463312': 
   { _type: 'InteractiveElementWithAgeBonus',
     elementId: 463312,
     elementTypeId: 38,
     enabledSkills: [ [Object] ],
     disabledSkills: [],
     ageBonus: 0,
     _name: 'Wheat' },
  '463313': 
   { _type: 'InteractiveElement',
     elementId: 463313,
     elementTypeId: 38,
     enabledSkills: [],
     disabledSkills: [ [Object] ],
     _name: 'Wheat' },
  '463314': 
   { _type: 'InteractiveElement',
     elementId: 463314,
     elementTypeId: 38,
     enabledSkills: [],
     disabledSkills: [ [Object] ],
     _name: 'Wheat' },
  '463315': 
   { _type: 'InteractiveElementWithAgeBonus',
     elementId: 463315,
     elementTypeId: 38,
     enabledSkills: [ [Object] ],
     disabledSkills: [],
     ageBonus: 0,
     _name: 'Wheat' },
  '463316': 
   { _type: 'InteractiveElement',
     elementId: 463316,
     elementTypeId: 38,
     enabledSkills: [],
     disabledSkills: [ [Object] ],
     _name: 'Wheat' },
  '463317': 
   { _type: 'InteractiveElement',
     elementId: 463317,
     elementTypeId: 38,
     enabledSkills: [],
     disabledSkills: [ [Object] ],
     _name: 'Wheat' },
  '463318': 
   { _type: 'InteractiveElement',
     elementId: 463318,
     elementTypeId: 38,
     enabledSkills: [],
     disabledSkills: [ [Object] ],
     _name: 'Wheat' },
  '463319': 
   { _type: 'InteractiveElementWithAgeBonus',
     elementId: 463319,
     elementTypeId: 38,
     enabledSkills: [ [Object] ],
     disabledSkills: [],
     ageBonus: 0,
     _name: 'Wheat' },
  '463320': 
   { _type: 'InteractiveElement',
     elementId: 463320,
     elementTypeId: 38,
     enabledSkills: [],
     disabledSkills: [ [Object] ],
     _name: 'Wheat' },
  '463321': 
   { _type: 'InteractiveElement',
     elementId: 463321,
     elementTypeId: 38,
     enabledSkills: [],
     disabledSkills: [ [Object] ],
     _name: 'Wheat' },
  '463322': 
   { _type: 'InteractiveElement',
     elementId: 463322,
     elementTypeId: 38,
     enabledSkills: [],
     disabledSkills: [ [Object] ],
     _name: 'Wheat' },
  '463323': 
   { _type: 'InteractiveElement',
     elementId: 463323,
     elementTypeId: 38,
     enabledSkills: [],
     disabledSkills: [ [Object] ],
     _name: 'Wheat' },
  '463324': 
   { _type: 'InteractiveElement',
     elementId: 463324,
     elementTypeId: 38,
     enabledSkills: [],
     disabledSkills: [ [Object] ],
     _name: 'Wheat' },
  '463522': 
   { _type: 'InteractiveElementWithAgeBonus',
     elementId: 463522,
     elementTypeId: 43,
     enabledSkills: [],
     disabledSkills: [ [Object] ],
     ageBonus: 0,
     _name: 'Barley' } }
{ '463301': 
   { _type: 'StatedElement',
     elementId: 463301,
     elementCellId: 64,
     elementState: 1 },
  '463302': 
   { _type: 'StatedElement',
     elementId: 463302,
     elementCellId: 300,
     elementState: 0 },
  '463303': 
   { _type: 'StatedElement',
     elementId: 463303,
     elementCellId: 306,
     elementState: 0 },
  '463304': 
   { _type: 'StatedElement',
     elementId: 463304,
     elementCellId: 278,
     elementState: 1 },
  '463305': 
   { _type: 'StatedElement',
     elementId: 463305,
     elementCellId: 263,
     elementState: 0 },
  '463306': 
   { _type: 'StatedElement',
     elementId: 463306,
     elementCellId: 285,
     elementState: 1 },
  '463307': 
   { _type: 'StatedElement',
     elementId: 463307,
     elementCellId: 467,
     elementState: 1 },
  '463308': 
   { _type: 'StatedElement',
     elementId: 463308,
     elementCellId: 510,
     elementState: 0 },
  '463309': 
   { _type: 'StatedElement',
     elementId: 463309,
     elementCellId: 255,
     elementState: 1 },
  '463310': 
   { _type: 'StatedElement',
     elementId: 463310,
     elementCellId: 243,
     elementState: 1 },
  '463311': 
   { _type: 'StatedElement',
     elementId: 463311,
     elementCellId: 221,
     elementState: 1 },
  '463312': 
   { _type: 'StatedElement',
     elementId: 463312,
     elementCellId: 483,
     elementState: 0 },
  '463313': 
   { _type: 'StatedElement',
     elementId: 463313,
     elementCellId: 213,
     elementState: 1 },
  '463314': 
   { _type: 'StatedElement',
     elementId: 463314,
     elementCellId: 63,
     elementState: 1 },
  '463315': 
   { _type: 'StatedElement',
     elementId: 463315,
     elementCellId: 454,
     elementState: 0 },
  '463316': 
   { _type: 'StatedElement',
     elementId: 463316,
     elementCellId: 199,
     elementState: 1 },
  '463317': 
   { _type: 'StatedElement',
     elementId: 463317,
     elementCellId: 440,
     elementState: 1 },
  '463318': 
   { _type: 'StatedElement',
     elementId: 463318,
     elementCellId: 214,
     elementState: 1 },
  '463319': 
   { _type: 'StatedElement',
     elementId: 463319,
     elementCellId: 523,
     elementState: 0 },
  '463320': 
   { _type: 'StatedElement',
     elementId: 463320,
     elementCellId: 269,
     elementState: 1 },
  '463321': 
   { _type: 'StatedElement',
     elementId: 463321,
     elementCellId: 469,
     elementState: 1 },
  '463322': 
   { _type: 'StatedElement',
     elementId: 463322,
     elementCellId: 77,
     elementState: 1 },
  '463323': 
   { _type: 'StatedElement',
     elementId: 463323,
     elementCellId: 208,
     elementState: 1 },
  '463324': 
   { _type: 'StatedElement',
     elementId: 463324,
     elementCellId: 239,
     elementState: 1 },
  '463522': 
   { _type: 'StatedElement',
     elementId: 463522,
     elementCellId: 240,
     elementState: 0 } }
{ '463301': 
   { _type: 'InteractiveElement',
     elementId: 463301,
     elementTypeId: 38,
     enabledSkills: [],
     disabledSkills: [ [Object] ],
     _name: 'Wheat' },
  '463302': 
   { _type: 'InteractiveElementWithAgeBonus',
     elementId: 463302,
     elementTypeId: 38,
     enabledSkills: [ [Object] ],
     disabledSkills: [],
     ageBonus: 0,
     _name: 'Wheat' },
  '463303': 
   { _type: 'InteractiveElementWithAgeBonus',
     elementId: 463303,
     elementTypeId: 38,
     enabledSkills: [ [Object] ],
     disabledSkills: [],
     ageBonus: 0,
     _name: 'Wheat' },
  '463304': 
   { _type: 'InteractiveElement',
     elementId: 463304,
     elementTypeId: 38,
     enabledSkills: [],
     disabledSkills: [ [Object] ],
     _name: 'Wheat' },
  '463305': 
   { _type: 'InteractiveElementWithAgeBonus',
     elementId: 463305,
     elementTypeId: 38,
     enabledSkills: [ [Object] ],
     disabledSkills: [],
     ageBonus: 0,
     _name: 'Wheat' },
  '463306': 
   { _type: 'InteractiveElement',
     elementId: 463306,
     elementTypeId: 38,
     enabledSkills: [],
     disabledSkills: [ [Object] ],
     _name: 'Wheat' },
  '463307': 
   { _type: 'InteractiveElement',
     elementId: 463307,
     elementTypeId: 38,
     enabledSkills: [],
     disabledSkills: [ [Object] ],
     _name: 'Wheat' },
  '463308': 
   { _type: 'InteractiveElementWithAgeBonus',
     elementId: 463308,
     elementTypeId: 38,
     enabledSkills: [ [Object] ],
     disabledSkills: [],
     ageBonus: 0,
     _name: 'Wheat' },
  '463309': 
   { _type: 'InteractiveElement',
     elementId: 463309,
     elementTypeId: 38,
     enabledSkills: [],
     disabledSkills: [ [Object] ],
     _name: 'Wheat' },
  '463310': 
   { _type: 'InteractiveElement',
     elementId: 463310,
     elementTypeId: 38,
     enabledSkills: [],
     disabledSkills: [ [Object] ],
     _name: 'Wheat' },
  '463311': 
   { _type: 'InteractiveElement',
     elementId: 463311,
     elementTypeId: 38,
     enabledSkills: [],
     disabledSkills: [ [Object] ],
     _name: 'Wheat' },
  '463312': 
   { _type: 'InteractiveElementWithAgeBonus',
     elementId: 463312,
     elementTypeId: 38,
     enabledSkills: [ [Object] ],
     disabledSkills: [],
     ageBonus: 0,
     _name: 'Wheat' },
  '463313': 
   { _type: 'InteractiveElement',
     elementId: 463313,
     elementTypeId: 38,
     enabledSkills: [],
     disabledSkills: [ [Object] ],
     _name: 'Wheat' },
  '463314': 
   { _type: 'InteractiveElement',
     elementId: 463314,
     elementTypeId: 38,
     enabledSkills: [],
     disabledSkills: [ [Object] ],
     _name: 'Wheat' },
  '463315': 
   { _type: 'InteractiveElementWithAgeBonus',
     elementId: 463315,
     elementTypeId: 38,
     enabledSkills: [ [Object] ],
     disabledSkills: [],
     ageBonus: 0,
     _name: 'Wheat' },
  '463316': 
   { _type: 'InteractiveElement',
     elementId: 463316,
     elementTypeId: 38,
     enabledSkills: [],
     disabledSkills: [ [Object] ],
     _name: 'Wheat' },
  '463317': 
   { _type: 'InteractiveElement',
     elementId: 463317,
     elementTypeId: 38,
     enabledSkills: [],
     disabledSkills: [ [Object] ],
     _name: 'Wheat' },
  '463318': 
   { _type: 'InteractiveElement',
     elementId: 463318,
     elementTypeId: 38,
     enabledSkills: [],
     disabledSkills: [ [Object] ],
     _name: 'Wheat' },
  '463319': 
   { _type: 'InteractiveElementWithAgeBonus',
     elementId: 463319,
     elementTypeId: 38,
     enabledSkills: [ [Object] ],
     disabledSkills: [],
     ageBonus: 0,
     _name: 'Wheat' },
  '463320': 
   { _type: 'InteractiveElement',
     elementId: 463320,
     elementTypeId: 38,
     enabledSkills: [],
     disabledSkills: [ [Object] ],
     _name: 'Wheat' },
  '463321': 
   { _type: 'InteractiveElement',
     elementId: 463321,
     elementTypeId: 38,
     enabledSkills: [],
     disabledSkills: [ [Object] ],
     _name: 'Wheat' },
  '463322': 
   { _type: 'InteractiveElement',
     elementId: 463322,
     elementTypeId: 38,
     enabledSkills: [],
     disabledSkills: [ [Object] ],
     _name: 'Wheat' },
  '463323': 
   { _type: 'InteractiveElement',
     elementId: 463323,
     elementTypeId: 38,
     enabledSkills: [],
     disabledSkills: [ [Object] ],
     _name: 'Wheat' },
  '463324': 
   { _type: 'InteractiveElement',
     elementId: 463324,
     elementTypeId: 38,
     enabledSkills: [],
     disabledSkills: [ [Object] ],
     _name: 'Wheat' },
  '463522': 
   { _type: 'InteractiveElementWithAgeBonus',
     elementId: 463522,
     elementTypeId: 43,
     enabledSkills: [],
     disabledSkills: [ [Object] ],
     ageBonus: 0,
     _name: 'Barley' } }
