Server request connecting ...
{"assetsUrl":"https://ankama.akamaized.net/games/dofus-tablette/assets/2.15.15","analytics":{"wizAnalytics":{"localytics":{"token":"9f0bf865fd57d22f0bbea56-cd08f12a-8138-11e5-7c24-00736b041834","options":{"sessionTimeoutSeconds":60,"namespace":"dofus-production"}}},"ankAnalytics":{"debug":false,"analog":false,"useUrlMap":true}},"adjust":{"appToken":"7j60imkfu60w","environment":"EnvironmentProduction"},"logging":{"groups":false,"logLevels":{"time":0,"verbose":0,"debug":1,"info":2,"notice":3,"warning":4,"error":5,"critical":6,"alert":7,"emergency":8},"config":{"console":["none"],"server":["error","critical","alert","emergency"]},"disableOverride":false},"dataUrl":"https://proxyconnection.touch.dofus.com","haapi":{"id":18,"url":"https://haapi.ankama.com/json/Ankama/v2"},"serverLanguages":["en","de","es","fr","it","pt"],"failoverLanguage":"en","uiUrl":"https://proxyconnection.touch.dofus.com/assets","language":"en","sessionId":"iepXVfUg1YHhN7bc"}
Config loaded !
{"key":"102e1727-83b5-4c3a-8418-212994487f13","account_id":108104299,"ip":"92.170.38.64","added_date":"2017-02-22T19:15:40+01:00","meta":[],"data":{},"access":[],"refresh_token":null,"expiration_date":"2017-02-22T22:15:40+01:00"}
Api key : 102e1727-83b5-4c3a-8418-212994487f13
Game token : 3f4d64d917fec0bb03dd84d3057410e7
[Aucun groupe:0:info][processIdentification]...
Connecting to login server (https://proxyconnection.touch.dofus.com?STICKER=iepXVfUg1YHhN7bc) ...
Connection opened !
[Aucun groupe:0:info]Identification connection opened !
[Aucun groupe:0:info]4/4 in login queue...
[Aucun groupe:0:info]2/2 in login queue...
[Aucun groupe:0:info]0/0 in login queue...
[Aucun groupe:0:info]0/0 in login queue...
[Aucun groupe:0:info]Identification success (1465968706081173137) !
[Aucun groupe:0:info]Servers list received !
[Aucun groupe:0:info][processServerSelection]...
[Aucun groupe:0:info]Request for server infos (id : 407) ...
Prmus close connection !
migrating...
Connection opened !
[Aucun groupe:0:info]Game connection opened !
[Aucun groupe:0:success][processServerSelection]OK
[Aucun groupe:0:info][processsCharacterSelection]...
[Aucun groupe:0:info]Request for characters ...
[Aucun groupe:0:info]Selecting frist character (Nelphield) ...
[Aucun groupe:0:info][Inventory]Object : 160846734 selected for regen !
[Aucun groupe:0:info][Inventory]Object : 160846735 selected for regen !
[Aucun groupe:0:info][Inventory]Object : 160846736 selected for regen !
[Aucun groupe:0:info][Inventory]Object : 160846737 selected for regen !
[InventoryManager]Items infos loaded !
Checking pods ...
[Aucun groupe:0:info][Inventory]Full pods !
Sequence ready !
[Aucun groupe:0:info][Infos]Welcome to DOFUS, and welcome to the World of Twelve! 
Remember that it is <b>strictly forbidden</b> to disclose your account name or password.
[Aucun groupe:0:info][Infos]You have recovered <b>1300</b> energy points.
[Aucun groupe:0:info][Infos]There will be a server maintenance in 14 hours, 14 minutes.
{"call":"global-state-request"}
Server request for state ...
-----------Map updated---------------
[Sync]Processing ...
[Sync]Ready to process !
[Sync]Trajet ready ...
[Trajet]No trajet loaded !
{"call":"global-state-request"}
Server request for state ...
[INACTIVITY] Soft debug on corbeaubot3 .
[Sync]Processing ...
[Sync]Ready to process !
[Sync]Trajet ready ...
[Trajet]No trajet loaded !
[INACTIVITY] Soft debug on corbeaubot3 .
[Sync]Processing ...
[Sync]Ready to process !
[Sync]Trajet ready ...
[Trajet]No trajet loaded !
[INACTIVITY] Soft debug on corbeaubot3 .
[Sync]Processing ...
[Sync]Ready to process !
[Sync]Trajet ready ...
[Trajet]No trajet loaded !
[INACTIVITY] Soft debug on corbeaubot3 .
[Sync]Processing ...
[Sync]Ready to process !
[Sync]Trajet ready ...
[Trajet]No trajet loaded !
Sequence ready !
[INACTIVITY] Soft debug on corbeaubot3 .
[Sync]Processing ...
[Sync]Ready to process !
[Sync]Trajet ready ...
[Trajet]No trajet loaded !
[INACTIVITY] Soft debug on corbeaubot3 .
[Sync]Processing ...
[Sync]Ready to process !
[Sync]Trajet ready ...
[Trajet]No trajet loaded !
