Server request connecting ...
Inventory : 0
{"assetsUrl":"https://ankama.akamaized.net/games/dofus-tablette/assets/2.15.15","analytics":{"wizAnalytics":{"localytics":{"token":"9f0bf865fd57d22f0bbea56-cd08f12a-8138-11e5-7c24-00736b041834","options":{"sessionTimeoutSeconds":60,"namespace":"dofus-production"}}},"ankAnalytics":{"debug":false,"analog":false,"useUrlMap":true}},"adjust":{"appToken":"7j60imkfu60w","environment":"EnvironmentProduction"},"logging":{"groups":false,"logLevels":{"time":0,"verbose":0,"debug":1,"info":2,"notice":3,"warning":4,"error":5,"critical":6,"alert":7,"emergency":8},"config":{"console":["none"],"server":["error","critical","alert","emergency"]},"disableOverride":false},"dataUrl":"https://proxyconnection.touch.dofus.com","haapi":{"id":18,"url":"https://haapi.ankama.com/json/Ankama/v2"},"serverLanguages":["en","de","es","fr","it","pt"],"failoverLanguage":"en","uiUrl":"https://proxyconnection.touch.dofus.com/assets","language":"en","sessionId":"KCQ7g5oieB916XR1"}
Config loaded !
{"key":"44e2f0e6-0746-4e38-92c9-6a1f24ade4f3","account_id":112984462,"ip":"105.157.44.165","added_date":"2017-02-19T16:26:13+01:00","meta":[],"data":{},"access":[],"refresh_token":null,"expiration_date":"2017-02-19T19:26:13+01:00"}
Api key : 44e2f0e6-0746-4e38-92c9-6a1f24ade4f3
Game token : be1f593b5f4c68b073a5a371911cb45b
[Aucun groupe:0:info][processIdentification]...
Connecting to login server (https://proxyconnection.touch.dofus.com?STICKER=KCQ7g5oieB916XR1) ...
Connection opened !
[Aucun groupe:0:info]Identification connection opened !
{"call":"global-state-request"}
Server request for state ...
[Aucun groupe:0:info]4/4 in login queue...
[Aucun groupe:0:info]2/2 in login queue...
[Aucun groupe:0:info]0/1 in login queue...
[Aucun groupe:0:info]Identification success (1465968706066091034) !
[Aucun groupe:0:info]Servers list received !
[Aucun groupe:0:info][processServerSelection]...
[Aucun groupe:0:info]Request for server infos (id : 403) ...
Prmus close connection !
migrating...
Connection opened !
[Aucun groupe:0:info]Game connection opened !
[Aucun groupe:0:success][processServerSelection]OK
[Aucun groupe:0:info][processsCharacterSelection]...
[Aucun groupe:0:info]Request for characters ...
[Aucun groupe:0:info]Selecting frist character (Miss-Lagertha) ...
[Aucun groupe:0:info][Inventory]Object : 137161159 selected for regen !
[Aucun groupe:0:info][Inventory]Object : 137161160 selected for regen !
[Aucun groupe:0:info][Inventory]Object : 137161161 selected for regen !
[Aucun groupe:0:info][Inventory]Object : 137161162 selected for regen !
[InventoryManager]Items infos loaded !
Checking pods ...
Sequence ready !
[Aucun groupe:0:info][Infos]Welcome to DOFUS, and welcome to the World of Twelve! 
Remember that it is <b>strictly forbidden</b> to disclose your account name or password.
{"call":"global-state-request"}
Server request for state ...
[Sync]Processing ...
[Sync]Ready to process !
[Sync]Trajet ready ...
Checking pods ...
[DEBUG] Bot state set to : READY .
[Trajet]No trajet loaded !
{"call":"global-state-request"}
Server request for state ...
{"call":"update-fight-max-fighters","data":8}
[botData]Config for Miss-Lagertha saved !
{"call":"update-fight-min-fighters","data":1}
[botData]Config for Miss-Lagertha saved !
{"call":"set-ia-type","data":"default"}
[botData]Config for Miss-Lagertha saved !
[mainProcessFrame]Fight mode updated to default
{"call":"trajet-load","data":{"trajet":{"trajet":{"fights":[],"recolte":[{"map":84675330,"dir":"top"},{"map":84675331,"dir":"top"},{"map":84675332,"dir":"left"},{"map":84674820,"dir":"top"},{"map":84674821,"dir":"top"},{"map":84674822,"dir":"right"},{"map":84675334,"dir":"right"},{"map":84675846,"dir":"bottom"},{"map":84675845,"dir":"bottom"},{"map":84675844,"dir":"bottom"},{"map":84675843,"dir":"left"}],"interactives":[],"moves":[{"map":83887104,"sun":396},{"map":84674566,"dir":"top"},{"map":84674565,"dir":"top"},{"map":84674564,"dir":"top"},{"map":84674563,"dir":"top"},{"map":84674562,"dir":"top"},{"map":84674561,"dir":"top"},{"map":84674560,"dir":"right"},{"map":84675072,"dir":"top"},{"map":84675329,"dir":"top"},{"map":84675330,"dir":"top"}],"bank":[{"map":84674566,"interactive":465440,"skill":140242},{"map":83887104,"npc":0,"reply":259},{"map":84675330,"dir":"bottom"},{"map":84675331,"dir":"bottom"},{"map":84675332,"dir":"bottom"},{"map":84675333,"dir":"bottom"},{"map":84674820,"dir":"right"},{"map":84674821,"dir":"bottom"},{"map":84674822,"dir":"bottom"},{"map":84675334,"dir":"bottom"},{"map":84675846,"dir":"bottom"},{"map":84675845,"dir":"bottom"},{"map":84675844,"dir":"left"},{"map":84674566,"dir":"top"},{"map":84674565,"dir":"bottom"},{"map":84674564,"dir":"bottom"},{"map":84674563,"dir":"bottom"},{"map":84674562,"dir":"bottom"},{"map":84674561,"dir":"bottom"},{"map":84674560,"dir":"bottom"},{"map":84675072,"dir":"left"},{"map":84675329,"dir":"bottom"},{"map":84675330,"dir":"bottom"}]}}}}
[mainProcessFrame]Ui request for trajet loading ...
[Sync]Processing ...
[Sync]Ready to process !
[Sync]Trajet ready ...
Checking pods ...
[DEBUG] Bot state set to : READY .
[Aucun groupe:0:info][Trajet]Execution map 84674563 .
[DEBUG] Path calculated {source : 314=314 , target : 8=8} , let's process it !
[ 314, 286, 258, 230, 202, 174, 146, 132, 104, 91, 63, 49, 36, 8 ]
Sending map request !
[Aucun groupe:0:info][Trajet]Changement de carte sur une cellule aléatoire .
[Aucun groupe:0:info][Trajet]Execution du mouvement ...
MapMovement received !
Confirmation du movement dans : 2550(14 cells)
Confirmations du mouvement dans 2550ms
Mouvement confirmée !
Key movements proccesed !
Movement ok 
[Sync]Processing ...
[Sync]Ready to process !
[Sync]Trajet ready ...
Checking pods ...
[DEBUG] Bot state set to : READY .
[Aucun groupe:0:info][Trajet]Execution map 84674562 .
[DEBUG] Path calculated {source : 540=540 , target : 26=26} , let's process it !
[ 540,
  512,
  484,
  456,
  428,
  400,
  372,
  358,
  345,
  317,
  289,
  261,
  233,
  205,
  190,
  176,
  148,
  134,
  121,
  107,
  94,
  80,
  67,
  53,
  40,
  26 ]
Sending map request !
[Aucun groupe:0:info][Trajet]Changement de carte sur une cellule aléatoire .
[Aucun groupe:0:info][Trajet]Execution du mouvement ...
MapMovement received !
Confirmation du movement dans : 5145(26 cells)
Confirmations du mouvement dans 5145ms
Mouvement confirmée !
Key movements proccesed !
Movement ok 
[Sync]Processing ...
[Sync]Ready to process !
[Sync]Trajet ready ...
Checking pods ...
[DEBUG] Bot state set to : READY .
[Aucun groupe:0:info][Trajet]Execution map 84674561 .
[DEBUG] Path calculated {source : 558=558 , target : 1=1} , let's process it !
[ 558,
  544,
  529,
  515,
  487,
  459,
  431,
  416,
  402,
  387,
  373,
  358,
  344,
  329,
  301,
  273,
  245,
  217,
  189,
  175,
  160,
  146,
  131,
  117,
  102,
  88,
  73,
  59,
  44,
  30,
  15,
  1 ]
Sending map request !
[Aucun groupe:0:info][Trajet]Changement de carte sur une cellule aléatoire .
[Aucun groupe:0:info][Trajet]Execution du mouvement ...
MapMovement received !
Confirmation du movement dans : 4810(32 cells)
Confirmations du mouvement dans 4810ms
Mouvement confirmée !
Key movements proccesed !
Movement ok 
[Sync]Processing ...
[Sync]Ready to process !
[Sync]Trajet ready ...
Checking pods ...
[DEBUG] Bot state set to : READY .
[Aucun groupe:0:info][Trajet]Execution map 84674560 .
[DEBUG] Path calculated {source : 533=533 , target : 111=111} , let's process it !
[ 533,
  519,
  506,
  492,
  479,
  451,
  437,
  424,
  396,
  382,
  369,
  355,
  342,
  328,
  315,
  301,
  273,
  260,
  246,
  233,
  219,
  206,
  192,
  179,
  165,
  152,
  138,
  125,
  111 ]
Sending map request !
[Aucun groupe:0:info][Trajet]Changement de carte sur une cellule aléatoire .
[Aucun groupe:0:info][Trajet]Execution du mouvement ...
MapMovement received !
Confirmation du movement dans : 6885(29 cells)
Confirmations du mouvement dans 6885ms
Unknow game context remove element {"_messageType":"GameContextRemoveElementMessage","id":-4,"_isInitialized":true}
Mouvement confirmée !
Key movements proccesed !
Movement ok 
Undefined actor {"_type":"GameRolePlayNpcWithQuestInformations","contextualId":-2,"look":{"_type":"EntityLook","bonesId":62,"skins":[],"indexedColors":[],"scales":[],"subentities":[]},"disposition":{"_type":"EntityDispositionInformations","cellId":283,"direction":1},"npcId":451,"sex":true,"specialArtworkId":0,"questFlag":{"_type":"GameRolePlayNpcQuestFlag","questsToValidId":[],"questsToStartId":[11]},"_npcData":{"_type":"Npc","id":451,"nameId":"Kry Babby","dialogMessages":[[1910,86740],[2212,10206],[2213,86739],[2239,15944],[2431,17776]],"dialogReplies":[[1856,86741],[1875,26814],[1876,29165],[1877,25614]],"actions":[3],"gender":1,"look":"{62}","animFunList":[{"_type":"AnimFunNpcData","animName":"AnimAttaque0","animWeight":1},{"_type":"AnimFunNpcData","animName":"AnimAttaque1","animWeight":2},{"_type":"AnimFunNpcData","animName":"AnimAttaque2","animWeight":3}],"actionsName":["Talk"]}}
[Sync]Processing ...
[Sync]Ready to process !
[Sync]Trajet ready ...
Checking pods ...
[DEBUG] Bot state set to : READY .
[Aucun groupe:0:info][Trajet]Execution map 84675072 .
[DEBUG] Path calculated {source : 98=98 , target : 18=18} , let's process it !
[ 98,
  113,
  141,
  169,
  183,
  198,
  212,
  227,
  241,
  256,
  257,
  243,
  244,
  231,
  217,
  189,
  161,
  147,
  132,
  104,
  76,
  62,
  47,
  33,
  18 ]
Sending map request !
[Aucun groupe:0:info][Trajet]Changement de carte sur une cellule aléatoire .
[Aucun groupe:0:info][Trajet]Execution du mouvement ...
MapMovement received !
Confirmation du movement dans : 4075(25 cells)
Confirmations du mouvement dans 4075ms
Mouvement confirmée !
Key movements proccesed !
Movement ok 
Undefined actor {"_type":"GameRolePlayNpcWithQuestInformations","contextualId":-1,"look":{"_type":"EntityLook","bonesId":1,"skins":[101,2164,1662],"indexedColors":[31363677,46714859,61346330,76484630,98750865],"scales":[145],"subentities":[]},"disposition":{"_type":"EntityDispositionInformations","cellId":318,"direction":3},"npcId":524,"sex":true,"specialArtworkId":0,"questFlag":{"_type":"GameRolePlayNpcQuestFlag","questsToValidId":[],"questsToStartId":[43]},"_npcData":{"_type":"Npc","id":524,"nameId":"Louse Degraine","dialogMessages":[[2245,15904],[2295,15418],[2343,12991],[9794,13106]],"dialogReplies":[[1878,25656],[1949,27124],[10473,21230]],"actions":[3],"gender":1,"look":"{1|101,2164,1662|5=#e2d191,2=#c8cfeb,4=#8f1016,1=#de925d,3=#a8121a|145}","animFunList":[],"actionsName":["Talk"]}}
[Sync]Processing ...
[Sync]Ready to process !
[Sync]Trajet ready ...
Checking pods ...
[DEBUG] Bot state set to : READY .
[Aucun groupe:0:info][Trajet]Execution map 84675329 .
[DEBUG] Path calculated {source : 550=550 , target : 3=3} , let's process it !
[ 550,
  522,
  494,
  466,
  438,
  410,
  382,
  354,
  326,
  298,
  270,
  242,
  214,
  186,
  158,
  130,
  102,
  89,
  61,
  46,
  32,
  17,
  3 ]
Sending map request !
[Aucun groupe:0:info][Trajet]Changement de carte sur une cellule aléatoire .
[Aucun groupe:0:info][Trajet]Execution du mouvement ...
MapMovement received !
Confirmation du movement dans : 3745(23 cells)
Confirmations du mouvement dans 3745ms
Mouvement confirmée !
Key movements proccesed !
Movement ok 
[Sync]Processing ...
[Sync]Ready to process !
[Sync]Trajet ready ...
Checking pods ...
[DEBUG] Bot state set to : READY .
[Aucun groupe:0:info][Trajet]Execution map 84675330 .
[DEBUG] Path calculated {source : 535=535 , target : 2=2} , let's process it !
[ 535,
  507,
  479,
  451,
  423,
  395,
  367,
  339,
  311,
  297,
  284,
  270,
  257,
  243,
  230,
  216,
  203,
  175,
  160,
  146,
  131,
  117,
  102,
  88,
  73,
  59,
  44,
  30,
  2 ]
Sending map request !
[Aucun groupe:0:info][Trajet]Changement de carte sur une cellule aléatoire .
[Aucun groupe:0:info][Trajet]Execution du mouvement ...
MapMovement received !
Confirmation du movement dans : 5240(29 cells)
Confirmations du mouvement dans 5240ms
Mouvement confirmée !
Key movements proccesed !
Movement ok 
[Sync]Processing ...
[Sync]Ready to process !
[Sync]Trajet ready ...
Checking pods ...
[DEBUG] Bot state set to : READY .
[Aucun groupe:0:info][Trajet]Execution map 84675331 .
READY
no best match on i =38 : 43
Gathering element :{id : 478315 , cellid : 137 }
Mouvement vers l'interactive sur la cellule : 137=136
Exectution du trajet vers l'interactive .
[ 534,
  506,
  478,
  450,
  422,
  394,
  366,
  338,
  310,
  296,
  283,
  269,
  256,
  242,
  229,
  215,
  202,
  188,
  175,
  176,
  162,
  163,
  150,
  136 ]
Sending map request !
[Aucun groupe:0:info][Trajet]Execution de la récolte...
MapMovement received !
Confirmation du movement dans : 5015(24 cells)
Confirmations du mouvement dans 5015ms
Mouvement confirmée !
Utlisiation de l'interactive (id : 478315,skill : 151505)
READY
no best match on i =38 : 43
Gathering element :{id : 478320 , cellid : 123 }
Mouvement vers l'interactive sur la cellule : 123=136
Exectution du trajet vers l'interactive .
pas de mouvement à faire wesh x)
Utlisiation de l'interactive (id : 478320,skill : 151501)
Checking pods ...
[Aucun groupe:0:info][Inventory]Full pods !
READY
no best match on i =38 : 43
Gathering element :{id : 478309 , cellid : 96 }
Mouvement vers l'interactive sur la cellule : 96=109
Exectution du trajet vers l'interactive .
[ 136, 123, 109 ]
Sending map request !
Checking pods ...
[Aucun groupe:0:info][Inventory]Full pods !
MapMovement received !
Confirmation du movement dans : 1020(3 cells)
Confirmations du mouvement dans 1020ms
Mouvement confirmée !
Utlisiation de l'interactive (id : 478309,skill : 151500)
