Server request connecting ...
Inventory : 0
{"assetsUrl":"https://ankama.akamaized.net/games/dofus-tablette/assets/2.15.15","analytics":{"wizAnalytics":{"localytics":{"token":"9f0bf865fd57d22f0bbea56-cd08f12a-8138-11e5-7c24-00736b041834","options":{"sessionTimeoutSeconds":60,"namespace":"dofus-production"}}},"ankAnalytics":{"debug":false,"analog":false,"useUrlMap":true}},"adjust":{"appToken":"7j60imkfu60w","environment":"EnvironmentProduction"},"logging":{"groups":false,"logLevels":{"time":0,"verbose":0,"debug":1,"info":2,"notice":3,"warning":4,"error":5,"critical":6,"alert":7,"emergency":8},"config":{"console":["none"],"server":["error","critical","alert","emergency"]},"disableOverride":false},"dataUrl":"https://proxyconnection.touch.dofus.com","haapi":{"id":18,"url":"https://haapi.ankama.com/json/Ankama/v2"},"serverLanguages":["en","de","es","fr","it","pt"],"failoverLanguage":"en","uiUrl":"https://proxyconnection.touch.dofus.com/assets","language":"en","sessionId":"BbS0IdMifMzUABQX"}
Config loaded !
{"key":"80ff82de-2d8b-44cc-a786-df4c0b99ad21","account_id":112984462,"ip":"105.157.44.165","added_date":"2017-02-19T12:04:15+01:00","meta":[],"data":{},"access":[],"refresh_token":null,"expiration_date":"2017-02-19T15:04:15+01:00"}
Api key : 80ff82de-2d8b-44cc-a786-df4c0b99ad21
Game token : 9dfa0ea9cc249e93dfe3c8d86b1d0399
[Aucun groupe:0:info][processIdentification]...
Connecting to login server (https://proxyconnection.touch.dofus.com?STICKER=BbS0IdMifMzUABQX) ...
Connection opened !
[Aucun groupe:0:info]Identification connection opened !
[Aucun groupe:0:info]Identification success (1465968706065048904) !
[Aucun groupe:0:info]Servers list received !
[Aucun groupe:0:info][processServerSelection]...
[Aucun groupe:0:info]Request for server infos (id : 403) ...
Prmus close connection !
migrating...
Connection opened !
[Aucun groupe:0:info]Game connection opened !
[Aucun groupe:0:success][processServerSelection]OK
[Aucun groupe:0:info][processsCharacterSelection]...
[Aucun groupe:0:info]Request for characters ...
[Aucun groupe:0:info]Selecting frist character (Miss-Lagertha) ...
[Aucun groupe:0:info][Inventory]Object : 126556458 selected for regen !
[Aucun groupe:0:info][Inventory]Object : 126556459 selected for regen !
[Aucun groupe:0:info][Inventory]Object : 126556460 selected for regen !
[Aucun groupe:0:info][Inventory]Object : 126556461 selected for regen !
Checking pods ...
Sequence ready !
[Aucun groupe:0:info][Infos]Welcome to DOFUS, and welcome to the World of Twelve! 
Remember that it is <b>strictly forbidden</b> to disclose your account name or password.
{"call":"global-state-request"}
Server request for state ...
[InventoryManager]Items infos loaded !
[Sync]Processing ...
[Sync]Ready to process !
[Sync]Trajet ready ...
Checking pods ...
[Trajet]No trajet loaded !
{"call":"global-state-request"}
Server request for state ...
{"call":"update-fight-max-fighters","data":8}
[botData]Config for Miss-Lagertha saved !
{"call":"update-fight-min-fighters","data":1}
[botData]Config for Miss-Lagertha saved !
{"call":"set-ia-type","data":"default"}
[botData]Config for Miss-Lagertha saved !
[mainProcessFrame]Fight mode updated to default
{"call":"trajet-load","data":{"trajet":{"trajet":{"fights":[],"recolte":[{"map":84675330,"dir":"top"},{"map":84675331,"dir":"top"},{"map":84675332,"dir":"left"},{"map":84674820,"dir":"top"},{"map":84674821,"dir":"top"},{"map":84674822,"dir":"right"},{"map":84675334,"dir":"right"},{"map":84675846,"dir":"bottom"},{"map":84675845,"dir":"bottom"},{"map":84675844,"dir":"bottom"},{"map":84675843,"dir":"left"}],"interactives":[],"moves":[{"map":83887104,"sun":396},{"map":84674566,"dir":"top"},{"map":84674565,"dir":"top"},{"map":84674564,"dir":"top"},{"map":84674563,"dir":"top"},{"map":84674562,"dir":"top"},{"map":84674561,"dir":"top"},{"map":84674560,"dir":"right"},{"map":84675072,"dir":"top"},{"map":84675329,"dir":"top"},{"map":84675330,"dir":"top"}],"bank":[{"map":84674566,"interactive":465440,"skill":140242},{"map":83887104,"npc":0,"reply":259},{"map":84675330,"dir":"bottom"},{"map":84675331,"dir":"bottom"},{"map":84675332,"dir":"bottom"},{"map":84675333,"dir":"bottom"},{"map":84674820,"dir":"right"},{"map":84674821,"dir":"bottom"},{"map":84674822,"dir":"bottom"},{"map":84675334,"dir":"bottom"},{"map":84675846,"dir":"bottom"},{"map":84675845,"dir":"bottom"},{"map":84675844,"dir":"left"},{"map":84674566,"dir":"top"},{"map":84674565,"dir":"bottom"},{"map":84674564,"dir":"bottom"},{"map":84674563,"dir":"bottom"},{"map":84674562,"dir":"bottom"},{"map":84674561,"dir":"bottom"},{"map":84674560,"dir":"bottom"},{"map":84675072,"dir":"left"},{"map":84675329,"dir":"bottom"},{"map":84675330,"dir":"bottom"}]}}}}
[mainProcessFrame]Ui request for trajet loading ...
[Sync]Processing ...
[Sync]Ready to process !
[Sync]Trajet ready ...
Checking pods ...
[Aucun groupe:0:info][Trajet]Execution map 84674821 .
Gathering element :{id : 478750 , cellid : 489 }
No cellid defined for the interactive with cellId : 489
Mouvement vers l'interactive sur la cellule : -1=502
Exectution du trajet vers l'interactive .
[ 516, 502 ]
Sending map request !
[Aucun groupe:0:info][Trajet]Execution de la récolte...
MapMovement received !
Confirmation du movement dans : 510(2 cells)
Confirmations du mouvement dans 510ms
Mouvement confirmée !
Utlisiation de l'interactive (id : 478750,skill : 151166)
Gathering element :{id : 478752 , cellid : 488 }
No cellid defined for the interactive with cellId : 488
Mouvement vers l'interactive sur la cellule : -1=502
Exectution du trajet vers l'interactive .
pas de mouvement à faire wesh x)
Utlisiation de l'interactive (id : 478752,skill : 151165)
Checking pods ...
Gathering element :{id : 478790 , cellid : 381 }
No cellid defined for the interactive with cellId : 381
Mouvement vers l'interactive sur la cellule : -1=368
Exectution du trajet vers l'interactive .
[ 502, 488, 473, 459, 458, 457, 456, 441, 427, 412, 398, 383, 369, 368 ]
Sending map request !
Checking pods ...
MapMovement received !
Confirmation du movement dans : 2030(14 cells)
Confirmations du mouvement dans 2030ms
Mouvement confirmée !
Utlisiation de l'interactive (id : 478790,skill : 151164)
Gathering element :{id : 478753 , cellid : 137 }
No cellid defined for the interactive with cellId : 137
Mouvement vers l'interactive sur la cellule : -1=151
Exectution du trajet vers l'interactive .
[ 368,
  354,
  341,
  342,
  343,
  329,
  316,
  302,
  289,
  275,
  262,
  234,
  220,
  192,
  164,
  151 ]
Sending map request !
Checking pods ...
MapMovement received !
Confirmation du movement dans : 3400(16 cells)
Confirmations du mouvement dans 3400ms
Mouvement confirmée !
Utlisiation de l'interactive (id : 478753,skill : 151160)
Gathering element :{id : 478760 , cellid : 136 }
No cellid defined for the interactive with cellId : 136
Mouvement vers l'interactive sur la cellule : -1=151
Exectution du trajet vers l'interactive .
pas de mouvement à faire wesh x)
Utlisiation de l'interactive (id : 478760,skill : 151159)
Checking pods ...
Gathering element :{id : 478756 , cellid : 123 }
No cellid defined for the interactive with cellId : 123
Mouvement vers l'interactive sur la cellule : -1=151
Exectution du trajet vers l'interactive .
pas de mouvement à faire wesh x)
Utlisiation de l'interactive (id : 478756,skill : 151157)
Checking pods ...
Gathering element :{id : 478761 , cellid : 108 }
No cellid defined for the interactive with cellId : 108
Mouvement vers l'interactive sur la cellule : -1=136
Exectution du trajet vers l'interactive .
[ 151, 136 ]
Sending map request !
Checking pods ...
MapMovement received !
Confirmation du movement dans : 425(2 cells)
Confirmations du mouvement dans 425ms
Mouvement confirmée !
Utlisiation de l'interactive (id : 478761,skill : 151155)
Gathering element :{id : 478770 , cellid : 135 }
No cellid defined for the interactive with cellId : 135
Mouvement vers l'interactive sur la cellule : -1=136
Exectution du trajet vers l'interactive .
pas de mouvement à faire wesh x)
Utlisiation de l'interactive (id : 478770,skill : 151158)
Checking pods ...
Gathering element :{id : 478765 , cellid : 94 }
No cellid defined for the interactive with cellId : 94
Mouvement vers l'interactive sur la cellule : -1=122
Exectution du trajet vers l'interactive .
[ 136, 122 ]
Sending map request !
Checking pods ...
MapMovement received !
Confirmation du movement dans : 425(2 cells)
Confirmations du mouvement dans 425ms
Mouvement confirmée !
Utlisiation de l'interactive (id : 478765,skill : 151154)
Gathering element :{id : 478788 , cellid : 257 }
No cellid defined for the interactive with cellId : 257
Mouvement vers l'interactive sur la cellule : -1=270
Exectution du trajet vers l'interactive .
[ 122,
  135,
  149,
  162,
  190,
  218,
  246,
  260,
  288,
  316,
  329,
  343,
  342,
  327,
  313,
  298,
  270 ]
Sending map request !
Checking pods ...
MapMovement received !
Confirmation du movement dans : 3170(17 cells)
Confirmations du mouvement dans 3170ms
Mouvement confirmée !
Utlisiation de l'interactive (id : 478788,skill : 151161)
no best match on i =38 : 43
no best match on i =43 : 43
Plus de ressources à récolter disponibles , on passe à la map suivante .
[DEBUG] Path calculated {source : 270=270 , target : 11=11} , let's process it !
[ 270,
  298,
  313,
  327,
  342,
  343,
  329,
  316,
  288,
  260,
  232,
  218,
  190,
  177,
  149,
  121,
  93,
  65,
  51,
  38,
  24,
  11 ]
Sending map request !
[Aucun groupe:0:info][Trajet]Changement de carte sur une cellule aléatoire .
Checking pods ...
MapMovement received !
Confirmation du movement dans : 4190(22 cells)
Confirmations du mouvement dans 4190ms
Mouvement confirmée !
Key movements proccesed !
Movement ok 
[Sync]Processing ...
[Sync]Ready to process !
[Sync]Trajet ready ...
Checking pods ...
[Aucun groupe:0:info][Trajet]Execution map 84674822 .
Gathering element :{id : 478809 , cellid : 442 }
No cellid defined for the interactive with cellId : 442
Mouvement vers l'interactive sur la cellule : -1=457
Exectution du trajet vers l'interactive .
[ 543, 528, 514, 499, 485, 457 ]
Sending map request !
[Aucun groupe:0:info][Trajet]Execution de la récolte...
MapMovement received !
Confirmation du movement dans : 770(6 cells)
Confirmations du mouvement dans 770ms
Mouvement confirmée !
Utlisiation de l'interactive (id : 478809,skill : 151046)
Gathering element :{id : 478806 , cellid : 387 }
No cellid defined for the interactive with cellId : 387
Mouvement vers l'interactive sur la cellule : -1=415
Exectution du trajet vers l'interactive .
[ 457, 429, 415 ]
Sending map request !
Checking pods ...
MapMovement received !
Confirmation du movement dans : 990(3 cells)
Confirmations du mouvement dans 990ms
Mouvement confirmée !
Utlisiation de l'interactive (id : 478806,skill : 151041)
Sequence ready !
{"call":"global-state-request"}
Server request for state ...
Gathering element :{id : 478823 , cellid : 266 }
No cellid defined for the interactive with cellId : 266
Mouvement vers l'interactive sur la cellule : -1=281
Exectution du trajet vers l'interactive .
[ 415, 401, 386, 385, 371, 370, 369, 354, 340, 325, 311, 296, 282, 281 ]
Sending map request !
MapMovement received !
Confirmation du movement dans : 2030(14 cells)
Confirmations du mouvement dans 2030ms
Mouvement confirmée !
Utlisiation de l'interactive (id : 478823,skill : 151023)
no best match on i =38 : 43
no best match on i =43 : 43
Plus de ressources à récolter disponibles , on passe à la map suivante .
[DEBUG] Path calculated {source : 281=281 , target : 293=293} , let's process it !
[ 281, 282, 283, 284, 285, 286, 287, 288, 289, 290, 291, 292, 293 ]
Sending map request !
[Aucun groupe:0:info][Trajet]Changement de carte sur une cellule aléatoire .
Checking pods ...
MapMovement received !
Confirmation du movement dans : 2040(13 cells)
Confirmations du mouvement dans 2040ms
Mouvement confirmée !
Key movements proccesed !
Movement ok 
[Sync]Processing ...
[Sync]Ready to process !
[Sync]Trajet ready ...
Checking pods ...
[Aucun groupe:0:info][Trajet]Execution map 84675334 .
Gathering element :{id : 478268 , cellid : 508 }
No cellid defined for the interactive with cellId : 508
Mouvement vers l'interactive sur la cellule : -1=480
Exectution du trajet vers l'interactive .
[ 280, 294, 322, 337, 351, 379, 407, 422, 436, 451, 465, 480 ]
Sending map request !
[Aucun groupe:0:info][Trajet]Execution de la récolte...
MapMovement received !
Confirmation du movement dans : 1710(12 cells)
Confirmations du mouvement dans 1710ms
Mouvement confirmée !
Utlisiation de l'interactive (id : 478268,skill : 151076)
no best match on i =38 : 43
Gathering element :{id : 478251 , cellid : 373 }
No cellid defined for the interactive with cellId : 373
Mouvement vers l'interactive sur la cellule : -1=386
Exectution du trajet vers l'interactive .
[ 480, 481, 467, 454, 440, 427, 413, 400, 386 ]
Sending map request !
Checking pods ...
MapMovement received !
Confirmation du movement dans : 1955(9 cells)
Confirmations du mouvement dans 1955ms
Mouvement confirmée !
Utlisiation de l'interactive (id : 478251,skill : 151067)
no best match on i =38 : 43
Gathering element :{id : 478243 , cellid : 402 }
No cellid defined for the interactive with cellId : 402
Mouvement vers l'interactive sur la cellule : -1=401
Exectution du trajet vers l'interactive .
[ 386, 401 ]
Sending map request !
Checking pods ...
MapMovement received !
Confirmation du movement dans : 425(2 cells)
Confirmations du mouvement dans 425ms
Mouvement confirmée !
Utlisiation de l'interactive (id : 478243,skill : 151072)
no best match on i =38 : 43
Gathering element :{id : 478234 , cellid : 389 }
No cellid defined for the interactive with cellId : 389
Mouvement vers l'interactive sur la cellule : -1=388
Exectution du trajet vers l'interactive .
[ 401, 402, 388 ]
Sending map request !
Checking pods ...
MapMovement received !
Confirmation du movement dans : 990(3 cells)
Confirmations du mouvement dans 990ms
Mouvement confirmée !
Utlisiation de l'interactive (id : 478234,skill : 151071)
no best match on i =38 : 43
Gathering element :{id : 478240 , cellid : 332 }
No cellid defined for the interactive with cellId : 332
Mouvement vers l'interactive sur la cellule : -1=360
Exectution du trajet vers l'interactive .
[ 388, 360 ]
Sending map request !
Checking pods ...
MapMovement received !
Confirmation du movement dans : 480(2 cells)
Confirmations du mouvement dans 480ms
Mouvement confirmée !
Utlisiation de l'interactive (id : 478240,skill : 151063)
no best match on i =38 : 43
Gathering element :{id : 478244 , cellid : 374 }
No cellid defined for the interactive with cellId : 374
Mouvement vers l'interactive sur la cellule : -1=360
Exectution du trajet vers l'interactive .
pas de mouvement à faire wesh x)
Utlisiation de l'interactive (id : 478244,skill : 151068)
Checking pods ...
no best match on i =38 : 43
no best match on i =43 : 43
Plus de ressources à récolter disponibles , on passe à la map suivante .
[DEBUG] Path calculated {source : 360=360 , target : 335=335} , let's process it !
[ 360, 346, 345, 317, 303, 304, 305, 320, 334, 335 ]
Sending map request !
[Aucun groupe:0:info][Trajet]Changement de carte sur une cellule aléatoire .
Checking pods ...
MapMovement received !
Confirmation du movement dans : 1555(10 cells)
Confirmations du mouvement dans 1555ms
Mouvement confirmée !
Key movements proccesed !
Movement ok 
[Sync]Processing ...
[Sync]Ready to process !
[Sync]Trajet ready ...
Checking pods ...
[Aucun groupe:0:info][Trajet]Execution map 84675846 .
