Server request connecting ...
{"assetsUrl":"https://ankama.akamaized.net/games/dofus-tablette/assets/2.15.15","analytics":{"wizAnalytics":{"localytics":{"token":"9f0bf865fd57d22f0bbea56-cd08f12a-8138-11e5-7c24-00736b041834","options":{"sessionTimeoutSeconds":60,"namespace":"dofus-production"}}},"ankAnalytics":{"debug":false,"analog":false,"useUrlMap":true}},"adjust":{"appToken":"7j60imkfu60w","environment":"EnvironmentProduction"},"logging":{"groups":false,"logLevels":{"time":0,"verbose":0,"debug":1,"info":2,"notice":3,"warning":4,"error":5,"critical":6,"alert":7,"emergency":8},"config":{"console":["none"],"server":["error","critical","alert","emergency"]},"disableOverride":false},"dataUrl":"https://proxyconnection.touch.dofus.com","haapi":{"id":18,"url":"https://haapi.ankama.com/json/Ankama/v2"},"serverLanguages":["en","de","es","fr","it","pt"],"failoverLanguage":"en","uiUrl":"https://proxyconnection.touch.dofus.com/assets","language":"en","sessionId":"X27zyEzfPW8eViks"}
Config loaded !
{"key":"a17787f3-a89e-446c-b89e-978a1ec8b2ed","account_id":112984462,"ip":"196.217.157.212","added_date":"2017-02-16T22:30:12+01:00","meta":[],"data":{},"access":[],"refresh_token":null,"expiration_date":"2017-02-17T01:30:12+01:00"}
Api key : a17787f3-a89e-446c-b89e-978a1ec8b2ed
Game token : 283152ca07feb85e58bf91ce10ecac93
[Aucun groupe:0:info][processIdentification]...
Connecting to login server (https://proxyconnection.touch.dofus.com?STICKER=X27zyEzfPW8eViks) ...
[Primus reconnect]{"reconnect timeout":30000,"retries":10,"factor":2,"max":null,"min":500,"start":1487280623672,"duration":503,"attempt":1,"backoff":false,"scheduled":500}
[Aucun groupe:0:info]<span color="red">Connection closed, reloading client ...</span>
Session for zahidsacri exported !
Reconnecting undefined ...
Rescuring session...
{"assetsUrl":"https://ankama.akamaized.net/games/dofus-tablette/assets/2.15.15","analytics":{"wizAnalytics":{"localytics":{"token":"9f0bf865fd57d22f0bbea56-cd08f12a-8138-11e5-7c24-00736b041834","options":{"sessionTimeoutSeconds":60,"namespace":"dofus-production"}}},"ankAnalytics":{"debug":false,"analog":false,"useUrlMap":true}},"adjust":{"appToken":"7j60imkfu60w","environment":"EnvironmentProduction"},"logging":{"groups":false,"logLevels":{"time":0,"verbose":0,"debug":1,"info":2,"notice":3,"warning":4,"error":5,"critical":6,"alert":7,"emergency":8},"config":{"console":["none"],"server":["error","critical","alert","emergency"]},"disableOverride":false},"dataUrl":"https://proxyconnection.touch.dofus.com","haapi":{"id":18,"url":"https://haapi.ankama.com/json/Ankama/v2"},"serverLanguages":["en","de","es","fr","it","pt"],"failoverLanguage":"en","uiUrl":"https://proxyconnection.touch.dofus.com/assets","language":"en","sessionId":"7jL9LTv50u7um0XJ"}
Config loaded !
{"key":"02e5cb97-2ddf-4a2e-b371-37d6b44ca028","account_id":112984462,"ip":"196.217.157.212","added_date":"2017-02-16T22:30:32+01:00","meta":[],"data":{},"access":[],"refresh_token":null,"expiration_date":"2017-02-17T01:30:32+01:00"}
Api key : 02e5cb97-2ddf-4a2e-b371-37d6b44ca028
Game token : 0ee01f7efbc3e88b2b836946302a5286
[Aucun groupe:0:info][processIdentification]...
Connecting to login server (https://proxyconnection.touch.dofus.com?STICKER=7jL9LTv50u7um0XJ) ...
Connection opened !
[Aucun groupe:0:info]Identification connection opened !
[Prmius reconnected]
Connection opened !
[Aucun groupe:0:info]Identification connection opened !
[Aucun groupe:0:info]7/7 in login queue...
[Aucun groupe:0:info]6/7 in login queue...
[Aucun groupe:0:info]6/8 in login queue...
[Aucun groupe:0:info]5/5 in login queue...
[Aucun groupe:0:info]0/7 in login queue...
[Aucun groupe:0:info]Identification success (1465968706052859881) !
[Aucun groupe:0:info]Servers list received !
[Aucun groupe:0:info][processServerSelection]...
[Aucun groupe:0:info]Request for server infos (id : 403) ...
[Aucun groupe:0:info]4/6 in login queue...
[Aucun groupe:0:info]4/7 in login queue...
Connection closed
migrating...
[Aucun groupe:0:info]0/0 in login queue...
[Aucun groupe:0:error][processIdentification]{"_messageType":"IdentificationFailedMessage","reason":2,"_isInitialized":true}
Connection opened !
[Aucun groupe:0:info]Game connection opened !
[Aucun groupe:0:success][processServerSelection]OK
[Aucun groupe:0:info][processsCharacterSelection]...
[Aucun groupe:0:info]Request for characters ...
[Aucun groupe:0:info]Selecting frist character (Miss-Lagertha) ...
Connection closed
[Aucun groupe:0:info]<span color="red">Connection closed, reloading client ...</span>
Session for zahidsacri exported !
Reconnecting undefined ...
Rescuring session...
{"assetsUrl":"https://ankama.akamaized.net/games/dofus-tablette/assets/2.15.15","analytics":{"wizAnalytics":{"localytics":{"token":"9f0bf865fd57d22f0bbea56-cd08f12a-8138-11e5-7c24-00736b041834","options":{"sessionTimeoutSeconds":60,"namespace":"dofus-production"}}},"ankAnalytics":{"debug":false,"analog":false,"useUrlMap":true}},"adjust":{"appToken":"7j60imkfu60w","environment":"EnvironmentProduction"},"logging":{"groups":false,"logLevels":{"time":0,"verbose":0,"debug":1,"info":2,"notice":3,"warning":4,"error":5,"critical":6,"alert":7,"emergency":8},"config":{"console":["none"],"server":["error","critical","alert","emergency"]},"disableOverride":false},"dataUrl":"https://proxyconnection.touch.dofus.com","haapi":{"id":18,"url":"https://haapi.ankama.com/json/Ankama/v2"},"serverLanguages":["en","de","es","fr","it","pt"],"failoverLanguage":"en","uiUrl":"https://proxyconnection.touch.dofus.com/assets","language":"en","sessionId":"XZadzeFQyCaWC/xv"}
Config loaded !
{"key":"8ec7c38e-2a21-4c72-8f37-f45f4e07d843","account_id":112984462,"ip":"196.217.157.212","added_date":"2017-02-16T22:30:50+01:00","meta":[],"data":{},"access":[],"refresh_token":null,"expiration_date":"2017-02-17T01:30:50+01:00"}
Api key : 8ec7c38e-2a21-4c72-8f37-f45f4e07d843
Game token : undefined
[Aucun groupe:0:info][processIdentification]...
Connecting to login server (https://proxyconnection.touch.dofus.com?STICKER=XZadzeFQyCaWC%2Fxv) ...
Set default config for Miss-Lagertha
[Aucun groupe:0:info][Inventory]Object : 29446931 selected for regen !
[Aucun groupe:0:info][Inventory]Object : 29446932 selected for regen !
[Aucun groupe:0:info][Inventory]Object : 29446933 selected for regen !
[Aucun groupe:0:info][Inventory]Object : 29446934 selected for regen !
Connection opened !
[Aucun groupe:0:info]Identification connection opened !
[InventoryManager]Items infos loaded !
Sequence ready !
[Aucun groupe:0:info][Infos]Welcome to DOFUS, and welcome to the World of Twelve! 
Remember that it is <b>strictly forbidden</b> to disclose your account name or password.
{"call":"global-state-request"}
Server request for state ...
[Sync]Processing ...
[Sync]Ready to process !
[Sync]Trajet ready ...
[Trajet]No trajet loaded !
[Primus error]Error: xhr post error
[Primus reconnect]{"reconnect timeout":30000,"retries":10,"factor":2,"max":null,"min":500,"start":1487280683814,"duration":503,"attempt":1,"backoff":false,"scheduled":500}
[Aucun groupe:0:info]<span color="red">Connection closed, reloading client ...</span>
Session for zahidsacri exported !
[Prmius reconnected]
Connection opened !
[Aucun groupe:0:info]Identification connection opened !
Reconnecting undefined ...
Rescuring session...
{"assetsUrl":"https://ankama.akamaized.net/games/dofus-tablette/assets/2.15.15","analytics":{"wizAnalytics":{"localytics":{"token":"9f0bf865fd57d22f0bbea56-cd08f12a-8138-11e5-7c24-00736b041834","options":{"sessionTimeoutSeconds":60,"namespace":"dofus-production"}}},"ankAnalytics":{"debug":false,"analog":false,"useUrlMap":true}},"adjust":{"appToken":"7j60imkfu60w","environment":"EnvironmentProduction"},"logging":{"groups":false,"logLevels":{"time":0,"verbose":0,"debug":1,"info":2,"notice":3,"warning":4,"error":5,"critical":6,"alert":7,"emergency":8},"config":{"console":["none"],"server":["error","critical","alert","emergency"]},"disableOverride":false},"dataUrl":"https://proxyconnection.touch.dofus.com","haapi":{"id":18,"url":"https://haapi.ankama.com/json/Ankama/v2"},"serverLanguages":["en","de","es","fr","it","pt"],"failoverLanguage":"en","uiUrl":"https://proxyconnection.touch.dofus.com/assets","language":"en","sessionId":"k8AIUzr7PT/MnjXE"}
Config loaded !
