Server request connecting ...
Inventory : 0
Adding jobs handlers .
TypeError: Cannot read property 'connection' of undefined
    at exports.JobsManager.addHandlers (C:\Users\Zakaria\Desktop\KingTouch\KingToutchManager\king-touch-src\engine\managers\jobsManager.js:12:10)
    at new exports.JobsManager (C:\Users\Zakaria\Desktop\KingTouch\KingToutchManager\king-touch-src\engine\managers\jobsManager.js:6:7)
    at new exports.BotData (C:\Users\Zakaria\Desktop\KingTouch\KingToutchManager\king-touch-src\engine\botData.js:29:24)
    at new exports.Bot (C:\Users\Zakaria\Desktop\KingTouch\KingToutchManager\king-touch-src\engine\bot.js:28:14)
    at EventEmitter.exports.connect (C:\Users\Zakaria\Desktop\KingTouch\KingToutchManager\king-touch-src\engine\botManager.js:18:23)
    at EventEmitter.exports.on (C:\Users\Zakaria\Desktop\KingTouch\KingToutchManager\king-touch-src\mainProcessFrame.js:65:7)
    at emitOne (events.js:96:13)
    at EventEmitter.emit (events.js:188:7)
    at WebSocket.processSocket.on (C:\Users\Zakaria\Desktop\KingTouch\KingToutchManager\king-touch-src\mainProcessFrame.js:52:21)
    at emitTwo (events.js:106:13)
{"assetsUrl":"https://ankama.akamaized.net/games/dofus-tablette/assets/2.15.15","analytics":{"wizAnalytics":{"localytics":{"token":"9f0bf865fd57d22f0bbea56-cd08f12a-8138-11e5-7c24-00736b041834","options":{"sessionTimeoutSeconds":60,"namespace":"dofus-production"}}},"ankAnalytics":{"debug":false,"analog":false,"useUrlMap":true}},"adjust":{"appToken":"7j60imkfu60w","environment":"EnvironmentProduction"},"logging":{"groups":false,"logLevels":{"time":0,"verbose":0,"debug":1,"info":2,"notice":3,"warning":4,"error":5,"critical":6,"alert":7,"emergency":8},"config":{"console":["none"],"server":["error","critical","alert","emergency"]},"disableOverride":false},"dataUrl":"https://proxyconnection.touch.dofus.com","haapi":{"id":18,"url":"https://haapi.ankama.com/json/Ankama/v2"},"serverLanguages":["en","de","es","fr","it","pt"],"failoverLanguage":"en","uiUrl":"https://proxyconnection.touch.dofus.com/assets","language":"en","sessionId":"mCQ6vqOukrOGvw+Z"}
Config loaded !
{"key":"39ef5be6-b1a0-49a7-8a40-488ec7409bac","account_id":112984462,"ip":"41.141.138.119","added_date":"2017-02-18T23:33:42+01:00","meta":[],"data":{},"access":[],"refresh_token":null,"expiration_date":"2017-02-19T02:33:42+01:00"}
Api key : 39ef5be6-b1a0-49a7-8a40-488ec7409bac
Game token : 5bccee44df45b5f16c8dcdf606fc2119
[Aucun groupe:0:info][processIdentification]...
Connecting to login server (https://proxyconnection.touch.dofus.com?STICKER=mCQ6vqOukrOGvw%2BZ) ...
Connection opened !
[Aucun groupe:0:info]Identification connection opened !
[Aucun groupe:0:info]1/2 in login queue...
[Aucun groupe:0:info]0/1 in login queue...
[Aucun groupe:0:info]Identification success (1465968706063392254) !
[Aucun groupe:0:info]Servers list received !
[Aucun groupe:0:info][processServerSelection]...
[Aucun groupe:0:info]Request for server infos (id : 403) ...
Prmus close connection !
migrating...
Connection opened !
[Aucun groupe:0:info]Game connection opened !
[Aucun groupe:0:success][processServerSelection]OK
[Aucun groupe:0:info][processsCharacterSelection]...
[Aucun groupe:0:info]Request for characters ...
[Aucun groupe:0:info]Selecting frist character (Miss-Lagertha) ...
[Aucun groupe:0:info][Inventory]Object : 112423486 selected for regen !
[Aucun groupe:0:info][Inventory]Object : 112423487 selected for regen !
[Aucun groupe:0:info][Inventory]Object : 112423488 selected for regen !
[Aucun groupe:0:info][Inventory]Object : 112423489 selected for regen !
[InventoryManager]Items infos loaded !
Checking pods ...
Sequence ready !
[Aucun groupe:0:info][Infos]Welcome to DOFUS, and welcome to the World of Twelve! 
Remember that it is <b>strictly forbidden</b> to disclose your account name or password.
{"call":"global-state-request"}
Server request for state ...
{"call":"global-state-request"}
Server request for state ...
[Sync]Processing ...
[Sync]Ready to process !
[Sync]Trajet ready ...
Checking pods ...
[Trajet]No trajet loaded !
