Server request connecting ...
{"assetsUrl":"https://ankama.akamaized.net/games/dofus-tablette/assets/2.15.15","analytics":{"wizAnalytics":{"localytics":{"token":"9f0bf865fd57d22f0bbea56-cd08f12a-8138-11e5-7c24-00736b041834","options":{"sessionTimeoutSeconds":60,"namespace":"dofus-production"}}},"ankAnalytics":{"debug":false,"analog":false,"useUrlMap":true}},"adjust":{"appToken":"7j60imkfu60w","environment":"EnvironmentProduction"},"logging":{"groups":false,"logLevels":{"time":0,"verbose":0,"debug":1,"info":2,"notice":3,"warning":4,"error":5,"critical":6,"alert":7,"emergency":8},"config":{"console":["none"],"server":["error","critical","alert","emergency"]},"disableOverride":false},"dataUrl":"https://proxyconnection.touch.dofus.com","haapi":{"id":18,"url":"https://haapi.ankama.com/json/Ankama/v2"},"serverLanguages":["en","de","es","fr","it","pt"],"failoverLanguage":"en","uiUrl":"https://proxyconnection.touch.dofus.com/assets","language":"en","sessionId":"WnQqMxH4Oc5uPLjP"}
Config loaded !
{"key":"94d811cb-fcff-4325-9206-dbe39888f928","account_id":112984462,"ip":"196.217.157.212","added_date":"2017-02-16T22:42:56+01:00","meta":[],"data":{},"access":[],"refresh_token":null,"expiration_date":"2017-02-17T01:42:56+01:00"}
Api key : 94d811cb-fcff-4325-9206-dbe39888f928
Game token : d37c26cbc3d0eda0989080db8d7cdd40
[Aucun groupe:0:info][processIdentification]...
Connecting to login server (https://proxyconnection.touch.dofus.com?STICKER=WnQqMxH4Oc5uPLjP) ...
Connection opened !
[Aucun groupe:0:info]Identification connection opened !
[Aucun groupe:0:info]3/3 in login queue...
[Aucun groupe:0:info]0/2 in login queue...
[Aucun groupe:0:info]Identification success (1465968706052925888) !
[Aucun groupe:0:info]Servers list received !
[Aucun groupe:0:info][processServerSelection]...
[Aucun groupe:0:info]Request for server infos (id : 403) ...
Connection closed
migrating...
Connection opened !
[Aucun groupe:0:info]Game connection opened !
[Aucun groupe:0:success][processServerSelection]OK
[Aucun groupe:0:info][processsCharacterSelection]...
[Aucun groupe:0:info]Request for characters ...
[Aucun groupe:0:info]Selecting frist character (Miss-Lagertha) ...
Set default config for Miss-Lagertha
[Aucun groupe:0:info][Inventory]Object : 29972824 selected for regen !
[Aucun groupe:0:info][Inventory]Object : 29972825 selected for regen !
[Aucun groupe:0:info][Inventory]Object : 29972826 selected for regen !
[Aucun groupe:0:info][Inventory]Object : 29972827 selected for regen !
[InventoryManager]Items infos loaded !
Sequence ready !
[Aucun groupe:0:info][Infos]Welcome to DOFUS, and welcome to the World of Twelve! 
Remember that it is <b>strictly forbidden</b> to disclose your account name or password.
{"call":"global-state-request"}
Server request for state ...
{"call":"global-state-request"}
Server request for state ...
[Sync]Processing ...
[Sync]Ready to process !
[Sync]Trajet ready ...
[Trajet]No trajet loaded !
{"call":"trajet-load","data":{"trajet":{"trajet":{"fights":[],"recolte":[{"map":80219138,"dir":"right"},{"map":80219650,"dir":"left"}],"interactives":[],"moves":[],"bank":[]}}}}
[mainProcessFrame]Ui request for trajet loading ...
[Sync]Processing ...
[Sync]Ready to process !
[Sync]Trajet ready ...
{"call":"trajet-load","data":{"trajet":{"trajet":{"fights":[],"recolte":[{"map":80219138,"dir":"right"},{"map":80219650,"dir":"left"}],"interactives":[],"moves":[],"bank":[]}}}}
[mainProcessFrame]Ui request for trajet loading ...
[Sync]Processing ...
[Sync]Ready to process !
[Sync]Trajet ready ...
[Aucun groupe:0:info][Trajt]Execution ...
Gathering element :{id : 462999 , cellid : 359 }
pas de mouvement à faire wesh x)
[Aucun groupe:0:info][Trajet]Execution de la récolte...
[Aucun groupe:0:info][Trajt]Execution ...
Bot not ready for gathering .(GATHER)
[Aucun groupe:0:info][Trajet]Execution de la récolte...
Gathering element :{id : 462994 , cellid : 347 }
pas de mouvement à faire wesh x)
Gathering element :{id : 462996 , cellid : 304 }
Sending map request !
[ 346, 332 ]
MapMovement received !
Confirmation du movement dans : 510(2 cells)
Confirmations du mouvement dans 510ms
Mouvement confirmée !
Gathering element :{id : 463005 , cellid : 305 }
Sending map request !
[ 332, 319 ]
MapMovement received !
Confirmation du movement dans : 510(2 cells)
Confirmations du mouvement dans 510ms
Mouvement confirmée !
Gathering element :{id : 462993 , cellid : 290 }
Sending map request !
[ 319, 304 ]
MapMovement received !
Confirmation du movement dans : 425(2 cells)
Confirmations du mouvement dans 425ms
Mouvement confirmée !
Gathering element :{id : 462992 , cellid : 289 }
Sending map request !
[ 304, 290 ]
MapMovement received !
Confirmation du movement dans : 425(2 cells)
Confirmations du mouvement dans 425ms
Mouvement confirmée !
Gathering element :{id : 463003 , cellid : 330 }
Sending map request !
[ 290, 303, 317 ]
MapMovement received !
Confirmation du movement dans : 1020(3 cells)
Confirmations du mouvement dans 1020ms
Mouvement confirmée !
Gathering element :{id : 462997 , cellid : 383 }
Sending map request !
[ 317, 330, 329, 343, 356, 370 ]
MapMovement received !
Confirmation du movement dans : 1190(6 cells)
Confirmations du mouvement dans 1190ms
Mouvement confirmée !
Gathering element :{id : 463007 , cellid : 369 }
pas de mouvement à faire wesh x)
Gathering element :{id : 463009 , cellid : 341 }
Sending map request !
[ 370, 355 ]
MapMovement received !
Confirmation du movement dans : 425(2 cells)
Confirmations du mouvement dans 425ms
Mouvement confirmée !
Gathering element :{id : 463004 , cellid : 382 }
Sending map request !
[ 355, 369 ]
MapMovement received !
Confirmation du movement dans : 510(2 cells)
Confirmations du mouvement dans 510ms
Mouvement confirmée !
Gathering element :{id : 463006 , cellid : 354 }
pas de mouvement à faire wesh x)
Connection closed
[Aucun groupe:0:info]<span color="red">Connection closed, reloading client ...</span>
Session for zahidsacri exported !
Reconnecting undefined ...
Rescuring session...
{"assetsUrl":"https://ankama.akamaized.net/games/dofus-tablette/assets/2.15.15","analytics":{"wizAnalytics":{"localytics":{"token":"9f0bf865fd57d22f0bbea56-cd08f12a-8138-11e5-7c24-00736b041834","options":{"sessionTimeoutSeconds":60,"namespace":"dofus-production"}}},"ankAnalytics":{"debug":false,"analog":false,"useUrlMap":true}},"adjust":{"appToken":"7j60imkfu60w","environment":"EnvironmentProduction"},"logging":{"groups":false,"logLevels":{"time":0,"verbose":0,"debug":1,"info":2,"notice":3,"warning":4,"error":5,"critical":6,"alert":7,"emergency":8},"config":{"console":["none"],"server":["error","critical","alert","emergency"]},"disableOverride":false},"dataUrl":"https://proxyconnection.touch.dofus.com","haapi":{"id":18,"url":"https://haapi.ankama.com/json/Ankama/v2"},"serverLanguages":["en","de","es","fr","it","pt"],"failoverLanguage":"en","uiUrl":"https://proxyconnection.touch.dofus.com/assets","language":"en","sessionId":"nubQLGaCwjwoPYNn"}
Config loaded !
{"key":"2ad0b6c2-b607-4e1c-9658-b93ae222f6cd","account_id":112984462,"ip":"196.217.157.212","added_date":"2017-02-16T22:45:42+01:00","meta":[],"data":{},"access":[],"refresh_token":null,"expiration_date":"2017-02-17T01:45:42+01:00"}
Api key : 2ad0b6c2-b607-4e1c-9658-b93ae222f6cd
Game token : b0ef518d75e34acff199f5b1e428428d
[Aucun groupe:0:info][processIdentification]...
Connecting to login server (https://proxyconnection.touch.dofus.com?STICKER=nubQLGaCwjwoPYNn) ...
Connection opened !
[Aucun groupe:0:info]Identification connection opened !
{"call":"global-state-request"}
Server request for state ...
{"call":"global-state-request"}
Server request for state ...
[Aucun groupe:0:info]6/6 in login queue...
[Aucun groupe:0:info]5/5 in login queue...
[Aucun groupe:0:info]0/4 in login queue...
[Aucun groupe:0:info]Identification success (1465968706052939986) !
[Aucun groupe:0:info]Servers list received !
[Aucun groupe:0:info][processServerSelection]...
[Aucun groupe:0:info]Request for server infos (id : 403) ...
Connection closed
migrating...
Connection opened !
[Aucun groupe:0:info]Game connection opened !
[Aucun groupe:0:success][processServerSelection]OK
[Aucun groupe:0:info][processsCharacterSelection]...
[Aucun groupe:0:info]Request for characters ...
[Aucun groupe:0:info]Selecting frist character (Miss-Lagertha) ...
Set default config for Miss-Lagertha
[Aucun groupe:0:info][Inventory]Object : 30096358 selected for regen !
[Aucun groupe:0:info][Inventory]Object : 30096359 selected for regen !
[Aucun groupe:0:info][Inventory]Object : 30096360 selected for regen !
[Aucun groupe:0:info][Inventory]Object : 30096361 selected for regen !
Sequence ready !
[Aucun groupe:0:info][Infos]Welcome to DOFUS, and welcome to the World of Twelve! 
Remember that it is <b>strictly forbidden</b> to disclose your account name or password.
{"call":"global-state-request"}
Server request for state ...
{"call":"global-state-request"}
Server request for state ...
[Sync]Processing ...
[Sync]Ready to process !
[Sync]Trajet ready ...
[Aucun groupe:0:info][Trajt]Execution ...
Gathering element :{id : 463006 , cellid : 354 }
pas de mouvement à faire wesh x)
[Aucun groupe:0:info][Trajet]Execution de la récolte...
[InventoryManager]Items infos loaded !
Gathering element :{id : 463001 , cellid : 368 }
pas de mouvement à faire wesh x)
Connection closed
[Aucun groupe:0:info]<span color="red">Connection closed, reloading client ...</span>
Session for zahidsacri exported !
Reconnecting undefined ...
Rescuring session...
{"assetsUrl":"https://ankama.akamaized.net/games/dofus-tablette/assets/2.15.15","analytics":{"wizAnalytics":{"localytics":{"token":"9f0bf865fd57d22f0bbea56-cd08f12a-8138-11e5-7c24-00736b041834","options":{"sessionTimeoutSeconds":60,"namespace":"dofus-production"}}},"ankAnalytics":{"debug":false,"analog":false,"useUrlMap":true}},"adjust":{"appToken":"7j60imkfu60w","environment":"EnvironmentProduction"},"logging":{"groups":false,"logLevels":{"time":0,"verbose":0,"debug":1,"info":2,"notice":3,"warning":4,"error":5,"critical":6,"alert":7,"emergency":8},"config":{"console":["none"],"server":["error","critical","alert","emergency"]},"disableOverride":false},"dataUrl":"https://proxyconnection.touch.dofus.com","haapi":{"id":18,"url":"https://haapi.ankama.com/json/Ankama/v2"},"serverLanguages":["en","de","es","fr","it","pt"],"failoverLanguage":"en","uiUrl":"https://proxyconnection.touch.dofus.com/assets","language":"en","sessionId":"hEG4IvGooMUONq0H"}
Config loaded !
{"key":"43e49cd3-3c4b-4ce5-b63e-7b6ab4968c79","account_id":112984462,"ip":"196.217.157.212","added_date":"2017-02-16T22:46:09+01:00","meta":[],"data":{},"access":[],"refresh_token":null,"expiration_date":"2017-02-17T01:46:09+01:00"}
Api key : 43e49cd3-3c4b-4ce5-b63e-7b6ab4968c79
Game token : undefined
[Aucun groupe:0:info][processIdentification]...
Connecting to login server (https://proxyconnection.touch.dofus.com?STICKER=hEG4IvGooMUONq0H) ...
Connection opened !
[Aucun groupe:0:info]Identification connection opened !
{"call":"global-state-request"}
Server request for state ...
{"call":"global-state-request"}
Server request for state ...
Connection closed
[Aucun groupe:0:info]<span color="red">Connection closed, reloading client ...</span>
Session for zahidsacri exported !
