Server request connecting ...
{"assetsUrl":"https://ankama.akamaized.net/games/dofus-tablette/assets/2.15.15","analytics":{"wizAnalytics":{"localytics":{"token":"9f0bf865fd57d22f0bbea56-cd08f12a-8138-11e5-7c24-00736b041834","options":{"sessionTimeoutSeconds":60,"namespace":"dofus-production"}}},"ankAnalytics":{"debug":false,"analog":false,"useUrlMap":true}},"adjust":{"appToken":"7j60imkfu60w","environment":"EnvironmentProduction"},"logging":{"groups":false,"logLevels":{"time":0,"verbose":0,"debug":1,"info":2,"notice":3,"warning":4,"error":5,"critical":6,"alert":7,"emergency":8},"config":{"console":["none"],"server":["error","critical","alert","emergency"]},"disableOverride":false},"dataUrl":"https://proxyconnection.touch.dofus.com","haapi":{"id":18,"url":"https://haapi.ankama.com/json/Ankama/v2"},"serverLanguages":["en","de","es","fr","it","pt"],"failoverLanguage":"en","uiUrl":"https://proxyconnection.touch.dofus.com/assets","language":"en","sessionId":"Auo+JYBWoRUuZCYy"}
Config loaded !
{"key":"64656cc2-c7f1-4d14-8586-335923eca70d","account_id":112984462,"ip":"41.251.25.85","added_date":"2017-02-16T00:15:21+01:00","meta":[],"data":{},"access":[],"refresh_token":null,"expiration_date":"2017-02-16T03:15:21+01:00"}
Api key : 64656cc2-c7f1-4d14-8586-335923eca70d
Game token : e8f3eeeed17b8cb68f1cd2fb57495938
[Aucun groupe:0:info][processIdentification]...
Connecting to login server (https://proxyconnection.touch.dofus.com?STICKER=Auo%2BJYBWoRUuZCYy) ...
Connection opened !
[Aucun groupe:0:info]Identification connection opened !
[Aucun groupe:0:info]2/2 in login queue...
[Aucun groupe:0:info]0/0 in login queue...
[Aucun groupe:0:info]0/0 in login queue...
[Aucun groupe:0:info]Identification success (1465968706048480158) !
[Aucun groupe:0:info]Servers list received !
[Aucun groupe:0:info][processServerSelection]...
[Aucun groupe:0:info]Request for server infos (id : 403) ...
Connection closed
migrating...
Connection opened !
[Aucun groupe:0:info]Game connection opened !
[Aucun groupe:0:success][processServerSelection]OK
[Aucun groupe:0:info][processsCharacterSelection]...
[Aucun groupe:0:info]Request for characters ...
[Aucun groupe:0:info]Selecting frist character (Miss-Lagertha) ...
Set default config for Miss-Lagertha
[Aucun groupe:0:info][Inventory]Object : 75092003 selected for regen !
[Aucun groupe:0:info][Inventory]Object : 75092004 selected for regen !
[Aucun groupe:0:info][Inventory]Object : 75092005 selected for regen !
[Aucun groupe:0:info][Inventory]Object : 75092006 selected for regen !
[InventoryManager]Items infos loaded !
Sequence ready !
[Aucun groupe:0:info][Infos]Welcome to DOFUS, and welcome to the World of Twelve! 
Remember that it is <b>strictly forbidden</b> to disclose your account name or password.
[Aucun groupe:0:info][Infos]There will be a server maintenance in 9 hours, 14 minutes.
{"call":"global-state-request"}
Server request for state ...
[Sync]Processing ...
[Sync]Ready to process !
[Sync]Trajet ready ...
[Trajet]No trajet loaded !
Debug command received .
ReferenceError: skillId is not defined
    at exports.Gather.gatherElement (C:\Users\Zakaria\Desktop\KingTouch-master\KingToutchManager\king-touch-src\engine\core\gather.js:50:54)
    at exports.Gather.GatherFirstAvailableRessource (C:\Users\Zakaria\Desktop\KingTouch-master\KingToutchManager\king-touch-src\engine\core\gather.js:21:10)
    at EventEmitter.bot.connection.dispatcher.on.e (C:\Users\Zakaria\Desktop\KingTouch-master\KingToutchManager\king-touch-src\engine\core\sync.js:27:19)
    at emitOne (events.js:96:13)
    at EventEmitter.emit (events.js:188:7)
    at Primus.<anonymous> (C:\Users\Zakaria\Desktop\KingTouch-master\KingToutchManager\king-touch-src\network\clientConnection.js:75:19)
    at emitTwo (events.js:106:13)
    at Primus.emit (events.js:191:7)
    at done (C:\Users\Zakaria\Desktop\KingTouch-master\KingToutchManager\king-touch-src\network\primus.js:2569:48)
    at transform (C:\Users\Zakaria\Desktop\KingTouch-master\KingToutchManager\king-touch-src\network\primus.js:2540:30)
