Server request connecting ...
{"assetsUrl":"https://ankama.akamaized.net/games/dofus-tablette/assets/2.15.15","analytics":{"wizAnalytics":{"localytics":{"token":"9f0bf865fd57d22f0bbea56-cd08f12a-8138-11e5-7c24-00736b041834","options":{"sessionTimeoutSeconds":60,"namespace":"dofus-production"}}},"ankAnalytics":{"debug":false,"analog":false,"useUrlMap":true}},"adjust":{"appToken":"7j60imkfu60w","environment":"EnvironmentProduction"},"logging":{"groups":false,"logLevels":{"time":0,"verbose":0,"debug":1,"info":2,"notice":3,"warning":4,"error":5,"critical":6,"alert":7,"emergency":8},"config":{"console":["none"],"server":["error","critical","alert","emergency"]},"disableOverride":false},"dataUrl":"https://proxyconnection.touch.dofus.com","haapi":{"id":18,"url":"https://haapi.ankama.com/json/Ankama/v2"},"serverLanguages":["en","de","es","fr","it","pt"],"failoverLanguage":"en","uiUrl":"https://proxyconnection.touch.dofus.com/assets","language":"en","sessionId":"DVaMAbpy2AcO0LUh"}
Config loaded !
{"key":"b7f413cf-f076-4446-a57c-184875263bc9","account_id":112984462,"ip":"41.141.47.175","added_date":"2017-02-15T00:17:03+01:00","meta":[],"data":{},"access":[],"refresh_token":null,"expiration_date":"2017-02-15T03:17:03+01:00"}
Api key : b7f413cf-f076-4446-a57c-184875263bc9
Game token : bf6f5ddcf6efe551bf1d8f43b53a8347
[Aucun groupe:0:info][processIdentification]...
Connecting to login server (https://proxyconnection.touch.dofus.com?STICKER=DVaMAbpy2AcO0LUh) ...
Connection opened !
[Aucun groupe:0:info]Identification connection opened !
[Aucun groupe:0:info]1/2 in login queue...
[Aucun groupe:0:info]0/1 in login queue...
[Aucun groupe:0:info]Identification success (1465968706044316410) !
[Aucun groupe:0:info]Servers list received !
[Aucun groupe:0:info][processServerSelection]...
[Aucun groupe:0:info]Request for server infos (id : 403) ...
Connection closed
migrating...
Connection opened !
[Aucun groupe:0:info]Game connection opened !
[Aucun groupe:0:success][processServerSelection]OK
[Aucun groupe:0:info][processsCharacterSelection]...
[Aucun groupe:0:info]Request for characters ...
[Aucun groupe:0:info]Selecting frist character (Miss-Lagertha) ...
Set default config for Miss-Lagertha
[Aucun groupe:0:info][Inventory]Object : 33735117 selected for regen !
[Aucun groupe:0:info][Inventory]Object : 33735118 selected for regen !
[Aucun groupe:0:info][Inventory]Object : 33735119 selected for regen !
[Aucun groupe:0:info][Inventory]Object : 33735120 selected for regen !
[InventoryManager]Items infos loaded !
Sequence ready !
[Aucun groupe:0:info][Infos]Welcome to DOFUS, and welcome to the World of Twelve! 
Remember that it is <b>strictly forbidden</b> to disclose your account name or password.
{"call":"global-state-request"}
Server request for state ...
[Sync]Processing ...
[Sync]Ready to process !
[Sync]Trajet ready ...
[Trajet]No trajet loaded !
Sending interactives request
{ '38': { id: 38, nameId: 'Blé', actionId: 1, displayTooltip: true },
  '39': { id: 39, nameId: 'Houblon', actionId: 1, displayTooltip: true } }
Sending interactives request
{ '38': { id: 38, nameId: 'Blé', actionId: 1, displayTooltip: true },
  '39': { id: 39, nameId: 'Houblon', actionId: 1, displayTooltip: true } }
Sending interactives request
{ '38': { id: 38, nameId: 'Blé', actionId: 1, displayTooltip: true },
  '39': { id: 39, nameId: 'Houblon', actionId: 1, displayTooltip: true } }
