Server request connecting ...
{"assetsUrl":"https://ankama.akamaized.net/games/dofus-tablette/assets/2.15.15","analytics":{"wizAnalytics":{"localytics":{"token":"9f0bf865fd57d22f0bbea56-cd08f12a-8138-11e5-7c24-00736b041834","options":{"sessionTimeoutSeconds":60,"namespace":"dofus-production"}}},"ankAnalytics":{"debug":false,"analog":false,"useUrlMap":true}},"adjust":{"appToken":"7j60imkfu60w","environment":"EnvironmentProduction"},"logging":{"groups":false,"logLevels":{"time":0,"verbose":0,"debug":1,"info":2,"notice":3,"warning":4,"error":5,"critical":6,"alert":7,"emergency":8},"config":{"console":["none"],"server":["error","critical","alert","emergency"]},"disableOverride":false},"dataUrl":"https://proxyconnection.touch.dofus.com","haapi":{"id":18,"url":"https://haapi.ankama.com/json/Ankama/v2"},"serverLanguages":["en","de","es","fr","it","pt"],"failoverLanguage":"en","uiUrl":"https://proxyconnection.touch.dofus.com/assets","language":"en","sessionId":"N/xcjXS391faZ4ts"}
Config loaded !
{"key":"5b4a4f27-c40e-43c9-92e2-eb1aa9c8c2c7","account_id":112984462,"ip":"41.251.25.85","added_date":"2017-02-15T22:39:14+01:00","meta":[],"data":{},"access":[],"refresh_token":null,"expiration_date":"2017-02-16T01:39:14+01:00"}
Api key : 5b4a4f27-c40e-43c9-92e2-eb1aa9c8c2c7
Game token : fe805f95430fc2415545f00d9cbc4584
[Aucun groupe:0:info][processIdentification]...
Connecting to login server (https://proxyconnection.touch.dofus.com?STICKER=N%2FxcjXS391faZ4ts) ...
Connection opened !
[Aucun groupe:0:info]Identification connection opened !
[Aucun groupe:0:info]Identification success (1465968706048106592) !
[Aucun groupe:0:info]Servers list received !
[Aucun groupe:0:info][processServerSelection]...
[Aucun groupe:0:info]Request for server infos (id : 403) ...
Connection closed
migrating...
Connection opened !
[Aucun groupe:0:info]Game connection opened !
[Aucun groupe:0:success][processServerSelection]OK
[Aucun groupe:0:info][processsCharacterSelection]...
[Aucun groupe:0:info]Request for characters ...
[Aucun groupe:0:info]Selecting frist character (Miss-Lagertha) ...
Set default config for Miss-Lagertha
[Aucun groupe:0:info][Inventory]Object : 71263851 selected for regen !
[Aucun groupe:0:info][Inventory]Object : 71263852 selected for regen !
[Aucun groupe:0:info][Inventory]Object : 71263853 selected for regen !
[Aucun groupe:0:info][Inventory]Object : 71263854 selected for regen !
[InventoryManager]Items infos loaded !
Sequence ready !
[Aucun groupe:0:info][Infos]Welcome to DOFUS, and welcome to the World of Twelve! 
Remember that it is <b>strictly forbidden</b> to disclose your account name or password.
[Aucun groupe:0:info][Infos]There will be a server maintenance in 10 hours, 50 minutes.
{"call":"global-state-request"}
Server request for state ...
[Sync]Processing ...
[Sync]Ready to process !
[Sync]Trajet ready ...
[Trajet]No trajet loaded !
Debug command received .
{ interactive: 
   { _type: 'InteractiveElement',
     elementId: 463301,
     elementTypeId: 38,
     enabledSkills: [],
     disabledSkills: [ [Object] ],
     _name: 'Wheat' },
  stated: 
   { _type: 'StatedElement',
     elementId: 463301,
     elementCellId: 64,
     elementState: 1 } }
{ interactive: 
   { _type: 'InteractiveElement',
     elementId: 463302,
     elementTypeId: 38,
     enabledSkills: [],
     disabledSkills: [ [Object] ],
     _name: 'Wheat' },
  stated: 
   { _type: 'StatedElement',
     elementId: 463302,
     elementCellId: 300,
     elementState: 1 } }
{ interactive: 
   { _type: 'InteractiveElement',
     elementId: 463303,
     elementTypeId: 38,
     enabledSkills: [],
     disabledSkills: [ [Object] ],
     _name: 'Wheat' },
  stated: 
   { _type: 'StatedElement',
     elementId: 463303,
     elementCellId: 306,
     elementState: 1 } }
{ interactive: 
   { _type: 'InteractiveElement',
     elementId: 463304,
     elementTypeId: 38,
     enabledSkills: [],
     disabledSkills: [ [Object] ],
     _name: 'Wheat' },
  stated: 
   { _type: 'StatedElement',
     elementId: 463304,
     elementCellId: 278,
     elementState: 1 } }
{ interactive: 
   { _type: 'InteractiveElement',
     elementId: 463305,
     elementTypeId: 38,
     enabledSkills: [],
     disabledSkills: [ [Object] ],
     _name: 'Wheat' },
  stated: 
   { _type: 'StatedElement',
     elementId: 463305,
     elementCellId: 263,
     elementState: 1 } }
{ interactive: 
   { _type: 'InteractiveElement',
     elementId: 463306,
     elementTypeId: 38,
     enabledSkills: [],
     disabledSkills: [ [Object] ],
     _name: 'Wheat' },
  stated: 
   { _type: 'StatedElement',
     elementId: 463306,
     elementCellId: 285,
     elementState: 1 } }
{ interactive: 
   { _type: 'InteractiveElement',
     elementId: 463307,
     elementTypeId: 38,
     enabledSkills: [],
     disabledSkills: [ [Object] ],
     _name: 'Wheat' },
  stated: 
   { _type: 'StatedElement',
     elementId: 463307,
     elementCellId: 467,
     elementState: 1 } }
{ interactive: 
   { _type: 'InteractiveElement',
     elementId: 463308,
     elementTypeId: 38,
     enabledSkills: [],
     disabledSkills: [ [Object] ],
     _name: 'Wheat' },
  stated: 
   { _type: 'StatedElement',
     elementId: 463308,
     elementCellId: 510,
     elementState: 1 } }
{ interactive: 
   { _type: 'InteractiveElement',
     elementId: 463309,
     elementTypeId: 38,
     enabledSkills: [],
     disabledSkills: [ [Object] ],
     _name: 'Wheat' },
  stated: 
   { _type: 'StatedElement',
     elementId: 463309,
     elementCellId: 255,
     elementState: 1 } }
{ interactive: 
   { _type: 'InteractiveElement',
     elementId: 463310,
     elementTypeId: 38,
     enabledSkills: [],
     disabledSkills: [ [Object] ],
     _name: 'Wheat' },
  stated: 
   { _type: 'StatedElement',
     elementId: 463310,
     elementCellId: 243,
     elementState: 1 } }
{ interactive: 
   { _type: 'InteractiveElement',
     elementId: 463311,
     elementTypeId: 38,
     enabledSkills: [],
     disabledSkills: [ [Object] ],
     _name: 'Wheat' },
  stated: 
   { _type: 'StatedElement',
     elementId: 463311,
     elementCellId: 221,
     elementState: 1 } }
{ interactive: 
   { _type: 'InteractiveElementWithAgeBonus',
     elementId: 463312,
     elementTypeId: 38,
     enabledSkills: [ [Object] ],
     disabledSkills: [],
     ageBonus: 0,
     _name: 'Wheat' },
  stated: 
   { _type: 'StatedElement',
     elementId: 463312,
     elementCellId: 483,
     elementState: 0 } }
TypeError: Cannot read property 'interactive' of undefined
    at exports.Gather.gatherElement (C:\Users\Zakaria\Desktop\KingTouch-master\KingToutchManager\king-touch-src\engine\core\gather.js:47:49)
    at exports.Gather.GatherFirstAvailableRessource (C:\Users\Zakaria\Desktop\KingTouch-master\KingToutchManager\king-touch-src\engine\core\gather.js:21:10)
    at EventEmitter.bot.connection.dispatcher.on.e (C:\Users\Zakaria\Desktop\KingTouch-master\KingToutchManager\king-touch-src\engine\core\sync.js:27:19)
    at emitOne (events.js:96:13)
    at EventEmitter.emit (events.js:188:7)
    at Primus.<anonymous> (C:\Users\Zakaria\Desktop\KingTouch-master\KingToutchManager\king-touch-src\network\clientConnection.js:75:19)
    at emitTwo (events.js:106:13)
    at Primus.emit (events.js:191:7)
    at done (C:\Users\Zakaria\Desktop\KingTouch-master\KingToutchManager\king-touch-src\network\primus.js:2569:48)
    at transform (C:\Users\Zakaria\Desktop\KingTouch-master\KingToutchManager\king-touch-src\network\primus.js:2540:30)
