Server request connecting ...
{"assetsUrl":"https://ankama.akamaized.net/games/dofus-tablette/assets/2.15.15","analytics":{"wizAnalytics":{"localytics":{"token":"9f0bf865fd57d22f0bbea56-cd08f12a-8138-11e5-7c24-00736b041834","options":{"sessionTimeoutSeconds":60,"namespace":"dofus-production"}}},"ankAnalytics":{"debug":false,"analog":false,"useUrlMap":true}},"adjust":{"appToken":"7j60imkfu60w","environment":"EnvironmentProduction"},"logging":{"groups":false,"logLevels":{"time":0,"verbose":0,"debug":1,"info":2,"notice":3,"warning":4,"error":5,"critical":6,"alert":7,"emergency":8},"config":{"console":["none"],"server":["error","critical","alert","emergency"]},"disableOverride":false},"dataUrl":"https://proxyconnection.touch.dofus.com","haapi":{"id":18,"url":"https://haapi.ankama.com/json/Ankama/v2"},"serverLanguages":["en","de","es","fr","it","pt"],"failoverLanguage":"en","uiUrl":"https://proxyconnection.touch.dofus.com/assets","language":"en","sessionId":"df0s/qtggGVHkw1m"}
Config loaded !
{"key":"12c26cb9-45c0-43b7-b7a0-4859b939643e","account_id":112984462,"ip":"41.141.47.175","added_date":"2017-02-15T00:05:56+01:00","meta":[],"data":{},"access":[],"refresh_token":null,"expiration_date":"2017-02-15T03:05:56+01:00"}
Api key : 12c26cb9-45c0-43b7-b7a0-4859b939643e
Game token : 73e442517db755f87578d06124d0fac8
[Aucun groupe:0:info][processIdentification]...
Connecting to login server (https://proxyconnection.touch.dofus.com?STICKER=df0s%2FqtggGVHkw1m) ...
Connection opened !
[Aucun groupe:0:info]Identification connection opened !
[Aucun groupe:0:info]1/2 in login queue...
[Aucun groupe:0:info]0/1 in login queue...
[Aucun groupe:0:info]Identification success (1465968706044282641) !
[Aucun groupe:0:info]Servers list received !
[Aucun groupe:0:info][processServerSelection]...
[Aucun groupe:0:info]Request for server infos (id : 403) ...
Connection closed
migrating...
Connection opened !
[Aucun groupe:0:info]Game connection opened !
[Aucun groupe:0:success][processServerSelection]OK
[Aucun groupe:0:info][processsCharacterSelection]...
[Aucun groupe:0:info]Request for characters ...
[Aucun groupe:0:info]Selecting frist character (Miss-Lagertha) ...
Set default config for Miss-Lagertha
[Aucun groupe:0:info][Inventory]Object : 33345518 selected for regen !
[Aucun groupe:0:info][Inventory]Object : 33345519 selected for regen !
[Aucun groupe:0:info][Inventory]Object : 33345520 selected for regen !
[Aucun groupe:0:info][Inventory]Object : 33345521 selected for regen !
[InventoryManager]Items infos loaded !
Sequence ready !
[Aucun groupe:0:info][Infos]Welcome to DOFUS, and welcome to the World of Twelve! 
Remember that it is <b>strictly forbidden</b> to disclose your account name or password.
{"call":"global-state-request"}
Server request for state ...
[Sync]Processing ...
[Sync]Ready to process !
[Sync]Trajet ready ...
[Trajet]No trajet loaded !
Sending interactives request
Reconnection request ...
Session for zahidsacri exported !
Reconnecting undefined ...
Rescuring session...
{"assetsUrl":"https://ankama.akamaized.net/games/dofus-tablette/assets/2.15.15","analytics":{"wizAnalytics":{"localytics":{"token":"9f0bf865fd57d22f0bbea56-cd08f12a-8138-11e5-7c24-00736b041834","options":{"sessionTimeoutSeconds":60,"namespace":"dofus-production"}}},"ankAnalytics":{"debug":false,"analog":false,"useUrlMap":true}},"adjust":{"appToken":"7j60imkfu60w","environment":"EnvironmentProduction"},"logging":{"groups":false,"logLevels":{"time":0,"verbose":0,"debug":1,"info":2,"notice":3,"warning":4,"error":5,"critical":6,"alert":7,"emergency":8},"config":{"console":["none"],"server":["error","critical","alert","emergency"]},"disableOverride":false},"dataUrl":"https://proxyconnection.touch.dofus.com","haapi":{"id":18,"url":"https://haapi.ankama.com/json/Ankama/v2"},"serverLanguages":["en","de","es","fr","it","pt"],"failoverLanguage":"en","uiUrl":"https://proxyconnection.touch.dofus.com/assets","language":"en","sessionId":"VZq46f68u8bippDP"}
Config loaded !
{"key":"07278cb9-65db-4e9a-8984-b597a06a872d","account_id":112984462,"ip":"41.141.47.175","added_date":"2017-02-15T00:06:07+01:00","meta":[],"data":{},"access":[],"refresh_token":null,"expiration_date":"2017-02-15T03:06:07+01:00"}
Api key : 07278cb9-65db-4e9a-8984-b597a06a872d
Game token : 69a2ee1222d91eac4299335d81b61506
[Aucun groupe:0:info][processIdentification]...
Connecting to login server (https://proxyconnection.touch.dofus.com?STICKER=VZq46f68u8bippDP) ...
Connection opened !
[Aucun groupe:0:info]Identification connection opened !
[Aucun groupe:0:info]Identification success (1465968706044283058) !
[Aucun groupe:0:info]Servers list received !
[Aucun groupe:0:info][processServerSelection]...
[Aucun groupe:0:info]Request for server infos (id : 403) ...
Connection closed
migrating...
Connection opened !
[Aucun groupe:0:info]Game connection opened !
[Aucun groupe:0:success][processServerSelection]OK
[Aucun groupe:0:info][processsCharacterSelection]...
[Aucun groupe:0:info]Request for characters ...
Connection closed
[Aucun groupe:0:info]<span color="red">Connection closed, reloading client ...</span>
Session for zahidsacri exported !
[Aucun groupe:0:info]Selecting frist character (Miss-Lagertha) ...
Set default config for Miss-Lagertha
[Aucun groupe:0:info][Inventory]Object : 33351234 selected for regen !
[Aucun groupe:0:info][Inventory]Object : 33351235 selected for regen !
[Aucun groupe:0:info][Inventory]Object : 33351236 selected for regen !
[Aucun groupe:0:info][Inventory]Object : 33351237 selected for regen !
[InventoryManager]Items infos loaded !
Sequence ready !
[Aucun groupe:0:info][Infos]Welcome to DOFUS, and welcome to the World of Twelve! 
Remember that it is <b>strictly forbidden</b> to disclose your account name or password.
{"call":"global-state-request"}
Server request for state ...
Sending interactives request
Reconnection request ...
Session for zahidsacri exported !
Reconnecting undefined ...
Rescuring session...
[Sync]Processing ...
[Sync]Ready to process !
[Sync]Trajet ready ...
{"assetsUrl":"https://ankama.akamaized.net/games/dofus-tablette/assets/2.15.15","analytics":{"wizAnalytics":{"localytics":{"token":"9f0bf865fd57d22f0bbea56-cd08f12a-8138-11e5-7c24-00736b041834","options":{"sessionTimeoutSeconds":60,"namespace":"dofus-production"}}},"ankAnalytics":{"debug":false,"analog":false,"useUrlMap":true}},"adjust":{"appToken":"7j60imkfu60w","environment":"EnvironmentProduction"},"logging":{"groups":false,"logLevels":{"time":0,"verbose":0,"debug":1,"info":2,"notice":3,"warning":4,"error":5,"critical":6,"alert":7,"emergency":8},"config":{"console":["none"],"server":["error","critical","alert","emergency"]},"disableOverride":false},"dataUrl":"https://proxyconnection.touch.dofus.com","haapi":{"id":18,"url":"https://haapi.ankama.com/json/Ankama/v2"},"serverLanguages":["en","de","es","fr","it","pt"],"failoverLanguage":"en","uiUrl":"https://proxyconnection.touch.dofus.com/assets","language":"en","sessionId":"0eTAuITWJEQzRTLA"}
Config loaded !
[Trajet]No trajet loaded !
{"key":"9becfd59-6075-4959-8630-a27219f77590","account_id":112984462,"ip":"41.141.47.175","added_date":"2017-02-15T00:06:12+01:00","meta":[],"data":{},"access":[],"refresh_token":null,"expiration_date":"2017-02-15T03:06:12+01:00"}
Api key : 9becfd59-6075-4959-8630-a27219f77590
Game token : 5072f516b805b16cbb8276c5e03769e0
[Aucun groupe:0:info][processIdentification]...
Connecting to login server (https://proxyconnection.touch.dofus.com?STICKER=0eTAuITWJEQzRTLA) ...
Connection opened !
[Aucun groupe:0:info]Identification connection opened !
Reconnecting undefined ...
Rescuring session...
[Aucun groupe:0:info]2/2 in login queue...
{"assetsUrl":"https://ankama.akamaized.net/games/dofus-tablette/assets/2.15.15","analytics":{"wizAnalytics":{"localytics":{"token":"9f0bf865fd57d22f0bbea56-cd08f12a-8138-11e5-7c24-00736b041834","options":{"sessionTimeoutSeconds":60,"namespace":"dofus-production"}}},"ankAnalytics":{"debug":false,"analog":false,"useUrlMap":true}},"adjust":{"appToken":"7j60imkfu60w","environment":"EnvironmentProduction"},"logging":{"groups":false,"logLevels":{"time":0,"verbose":0,"debug":1,"info":2,"notice":3,"warning":4,"error":5,"critical":6,"alert":7,"emergency":8},"config":{"console":["none"],"server":["error","critical","alert","emergency"]},"disableOverride":false},"dataUrl":"https://proxyconnection.touch.dofus.com","haapi":{"id":18,"url":"https://haapi.ankama.com/json/Ankama/v2"},"serverLanguages":["en","de","es","fr","it","pt"],"failoverLanguage":"en","uiUrl":"https://proxyconnection.touch.dofus.com/assets","language":"en","sessionId":"/SvZXzMtgYnbVM4S"}
Config loaded !
[Aucun groupe:0:info]1/2 in login queue...
[Aucun groupe:0:info]0/1 in login queue...
