Server request connecting ...
Inventory : 0
{"assetsUrl":"https://ankama.akamaized.net/games/dofus-tablette/assets/2.15.15","analytics":{"wizAnalytics":{"localytics":{"token":"9f0bf865fd57d22f0bbea56-cd08f12a-8138-11e5-7c24-00736b041834","options":{"sessionTimeoutSeconds":60,"namespace":"dofus-production"}}},"ankAnalytics":{"debug":false,"analog":false,"useUrlMap":true}},"adjust":{"appToken":"7j60imkfu60w","environment":"EnvironmentProduction"},"logging":{"groups":false,"logLevels":{"time":0,"verbose":0,"debug":1,"info":2,"notice":3,"warning":4,"error":5,"critical":6,"alert":7,"emergency":8},"config":{"console":["none"],"server":["error","critical","alert","emergency"]},"disableOverride":false},"dataUrl":"https://proxyconnection.touch.dofus.com","haapi":{"id":18,"url":"https://haapi.ankama.com/json/Ankama/v2"},"serverLanguages":["en","de","es","fr","it","pt"],"failoverLanguage":"en","uiUrl":"https://proxyconnection.touch.dofus.com/assets","language":"en","sessionId":"KzJ+znD00rDqar+w"}
Config loaded !
{"key":"eeeefe79-5e11-4511-a1fa-0a16b1ae2a32","account_id":112984462,"ip":"105.157.44.165","added_date":"2017-02-19T13:55:50+01:00","meta":[],"data":{},"access":[],"refresh_token":null,"expiration_date":"2017-02-19T16:55:50+01:00"}
Api key : eeeefe79-5e11-4511-a1fa-0a16b1ae2a32
Game token : 14a53288383f39f20fa2229aff69bbf0
[Aucun groupe:0:info][processIdentification]...
Connecting to login server (https://proxyconnection.touch.dofus.com?STICKER=KzJ%2BznD00rDqar%2Bw) ...
Connection opened !
[Aucun groupe:0:info]Identification connection opened !
[Aucun groupe:0:info]2/2 in login queue...
[Aucun groupe:0:info]0/0 in login queue...
[Aucun groupe:0:info]1/2 in login queue...
[Aucun groupe:0:info]0/1 in login queue...
[Aucun groupe:0:info]Identification success (1465968706065473509) !
[Aucun groupe:0:info]Servers list received !
[Aucun groupe:0:info][processServerSelection]...
[Aucun groupe:0:info]Request for server infos (id : 403) ...
Prmus close connection !
migrating...
Connection opened !
[Aucun groupe:0:info]Game connection opened !
[Aucun groupe:0:success][processServerSelection]OK
[Aucun groupe:0:info][processsCharacterSelection]...
[Aucun groupe:0:info]Request for characters ...
[Aucun groupe:0:info]Selecting frist character (Miss-Lagertha) ...
[Aucun groupe:0:info][Inventory]Object : 131078547 selected for regen !
[Aucun groupe:0:info][Inventory]Object : 131078548 selected for regen !
[Aucun groupe:0:info][Inventory]Object : 131078549 selected for regen !
[Aucun groupe:0:info][Inventory]Object : 131078550 selected for regen !
[InventoryManager]Items infos loaded !
Checking pods ...
Sequence ready !
[Aucun groupe:0:info][Infos]Welcome to DOFUS, and welcome to the World of Twelve! 
Remember that it is <b>strictly forbidden</b> to disclose your account name or password.
{"call":"global-state-request"}
Server request for state ...
[Sync]Processing ...
[Sync]Ready to process !
[Sync]Trajet ready ...
Checking pods ...
[Trajet]No trajet loaded !
{"call":"global-state-request"}
Server request for state ...
{"call":"update-fight-max-fighters","data":8}
[botData]Config for Miss-Lagertha saved !
{"call":"update-fight-min-fighters","data":1}
[botData]Config for Miss-Lagertha saved !
{"call":"set-ia-type","data":"default"}
[botData]Config for Miss-Lagertha saved !
[mainProcessFrame]Fight mode updated to default
{"call":"trajet-load","data":{"trajet":{"trajet":{"fights":[],"recolte":[{"map":84675330,"dir":"top"},{"map":84675331,"dir":"top"},{"map":84675332,"dir":"left"},{"map":84674820,"dir":"top"},{"map":84674821,"dir":"top"},{"map":84674822,"dir":"right"},{"map":84675334,"dir":"right"},{"map":84675846,"dir":"bottom"},{"map":84675845,"dir":"bottom"},{"map":84675844,"dir":"bottom"},{"map":84675843,"dir":"left"}],"interactives":[],"moves":[{"map":83887104,"sun":396},{"map":84674566,"dir":"top"},{"map":84674565,"dir":"top"},{"map":84674564,"dir":"top"},{"map":84674563,"dir":"top"},{"map":84674562,"dir":"top"},{"map":84674561,"dir":"top"},{"map":84674560,"dir":"right"},{"map":84675072,"dir":"top"},{"map":84675329,"dir":"top"},{"map":84675330,"dir":"top"}],"bank":[{"map":84674566,"interactive":465440,"skill":140242},{"map":83887104,"npc":0,"reply":259},{"map":84675330,"dir":"bottom"},{"map":84675331,"dir":"bottom"},{"map":84675332,"dir":"bottom"},{"map":84675333,"dir":"bottom"},{"map":84674820,"dir":"right"},{"map":84674821,"dir":"bottom"},{"map":84674822,"dir":"bottom"},{"map":84675334,"dir":"bottom"},{"map":84675846,"dir":"bottom"},{"map":84675845,"dir":"bottom"},{"map":84675844,"dir":"left"},{"map":84674566,"dir":"top"},{"map":84674565,"dir":"bottom"},{"map":84674564,"dir":"bottom"},{"map":84674563,"dir":"bottom"},{"map":84674562,"dir":"bottom"},{"map":84674561,"dir":"bottom"},{"map":84674560,"dir":"bottom"},{"map":84675072,"dir":"left"},{"map":84675329,"dir":"bottom"},{"map":84675330,"dir":"bottom"}]}}}}
[mainProcessFrame]Ui request for trajet loading ...
[Sync]Processing ...
[Sync]Ready to process !
[Sync]Trajet ready ...
Checking pods ...
[Aucun groupe:0:info][Trajet]Execution map 84674563 .
[DEBUG] Path calculated {source : 314=314 , target : 12=12} , let's process it !
[ 314,
  286,
  258,
  244,
  231,
  217,
  189,
  176,
  162,
  149,
  135,
  122,
  108,
  95,
  67,
  53,
  40,
  12 ]
Sending map request !
[Aucun groupe:0:info][Trajet]Changement de carte sur une cellule aléatoire .
[Aucun groupe:0:info][Trajet]Execution du mouvement ...
MapMovement received !
Confirmation du movement dans : 3910(18 cells)
Confirmations du mouvement dans 3910ms
Mouvement confirmée !
Key movements proccesed !
Movement ok 
[Sync]Processing ...
[Sync]Ready to process !
[Sync]Trajet ready ...
Checking pods ...
[Aucun groupe:0:info][Trajet]Execution map 84674562 .
[DEBUG] Path calculated {source : 544=544 , target : 18=18} , let's process it !
[ 544,
  529,
  515,
  487,
  472,
  444,
  416,
  402,
  387,
  373,
  345,
  317,
  302,
  288,
  260,
  245,
  231,
  203,
  188,
  160,
  146,
  118,
  103,
  75,
  61,
  46,
  18 ]
Sending map request !
[Aucun groupe:0:info][Trajet]Changement de carte sur une cellule aléatoire .
[Aucun groupe:0:info][Trajet]Execution du mouvement ...
MapMovement received !
Confirmation du movement dans : 4120(27 cells)
Confirmations du mouvement dans 4120ms
Mouvement confirmée !
Key movements proccesed !
Movement ok 
[Sync]Processing ...
[Sync]Ready to process !
[Sync]Trajet ready ...
Checking pods ...
[Aucun groupe:0:info][Trajet]Execution map 84674561 .
[DEBUG] Path calculated {source : 550=550 , target : 24=24} , let's process it !
[ 550,
  522,
  509,
  481,
  453,
  425,
  411,
  383,
  370,
  342,
  328,
  300,
  287,
  259,
  245,
  232,
  204,
  190,
  162,
  149,
  121,
  107,
  94,
  66,
  52,
  24 ]
Sending map request !
[Aucun groupe:0:info][Trajet]Changement de carte sur une cellule aléatoire .
[Aucun groupe:0:info][Trajet]Execution du mouvement ...
MapMovement received !
Confirmation du movement dans : 5270(26 cells)
Confirmations du mouvement dans 5270ms
Mouvement confirmée !
Key movements proccesed !
Movement ok 
[Sync]Processing ...
[Sync]Ready to process !
[Sync]Trajet ready ...
Checking pods ...
[Aucun groupe:0:info][Trajet]Execution map 84674560 .
[DEBUG] Path calculated {source : 556=556 , target : 419=419} , let's process it !
[ 556, 543, 515, 487, 459, 431, 432, 418, 419 ]
Sending map request !
[Aucun groupe:0:info][Trajet]Changement de carte sur une cellule aléatoire .
[Aucun groupe:0:info][Trajet]Execution du mouvement ...
MapMovement received !
Confirmation du movement dans : 1530(9 cells)
Confirmations du mouvement dans 1530ms
Mouvement confirmée !
Key movements proccesed !
Movement ok 
Undefined actor {"_type":"GameRolePlayNpcWithQuestInformations","contextualId":-2,"look":{"_type":"EntityLook","bonesId":62,"skins":[],"indexedColors":[],"scales":[],"subentities":[]},"disposition":{"_type":"EntityDispositionInformations","cellId":283,"direction":1},"npcId":451,"sex":true,"specialArtworkId":0,"questFlag":{"_type":"GameRolePlayNpcQuestFlag","questsToValidId":[],"questsToStartId":[11]},"_npcData":{"_type":"Npc","id":451,"nameId":"Kry Babby","dialogMessages":[[1910,86740],[2212,10206],[2213,86739],[2239,15944],[2431,17776]],"dialogReplies":[[1856,86741],[1875,26814],[1876,29165],[1877,25614]],"actions":[3],"gender":1,"look":"{62}","animFunList":[{"_type":"AnimFunNpcData","animName":"AnimAttaque0","animWeight":1},{"_type":"AnimFunNpcData","animName":"AnimAttaque1","animWeight":2},{"_type":"AnimFunNpcData","animName":"AnimAttaque2","animWeight":3}],"actionsName":["Talk"]}}
[Sync]Processing ...
[Sync]Ready to process !
[Sync]Trajet ready ...
Checking pods ...
[Aucun groupe:0:info][Trajet]Execution map 84675072 .
[DEBUG] Path calculated {source : 406=406 , target : 20=20} , let's process it !
[ 406,
  393,
  379,
  366,
  352,
  339,
  325,
  312,
  298,
  285,
  271,
  258,
  244,
  231,
  217,
  189,
  161,
  133,
  105,
  77,
  63,
  48,
  20 ]
Sending map request !
[Aucun groupe:0:info][Trajet]Changement de carte sur une cellule aléatoire .
[Aucun groupe:0:info][Trajet]Execution du mouvement ...
MapMovement received !
Confirmation du movement dans : 4890(23 cells)
Confirmations du mouvement dans 4890ms
Mouvement confirmée !
Key movements proccesed !
Movement ok 
Undefined actor {"_type":"GameRolePlayNpcWithQuestInformations","contextualId":-1,"look":{"_type":"EntityLook","bonesId":1,"skins":[101,2164,1662],"indexedColors":[31363677,46714859,61346330,76484630,98750865],"scales":[145],"subentities":[]},"disposition":{"_type":"EntityDispositionInformations","cellId":318,"direction":3},"npcId":524,"sex":true,"specialArtworkId":0,"questFlag":{"_type":"GameRolePlayNpcQuestFlag","questsToValidId":[],"questsToStartId":[43]},"_npcData":{"_type":"Npc","id":524,"nameId":"Louse Degraine","dialogMessages":[[2245,15904],[2295,15418],[2343,12991],[9794,13106]],"dialogReplies":[[1878,25656],[1949,27124],[10473,21230]],"actions":[3],"gender":1,"look":"{1|101,2164,1662|5=#e2d191,2=#c8cfeb,4=#8f1016,1=#de925d,3=#a8121a|145}","animFunList":[],"actionsName":["Talk"]}}
[Sync]Processing ...
[Sync]Ready to process !
[Sync]Trajet ready ...
Checking pods ...
[Aucun groupe:0:info][Trajet]Execution map 84675329 .
[DEBUG] Path calculated {source : 552=552 , target : 22=22} , let's process it !
[ 552,
  524,
  496,
  468,
  440,
  412,
  384,
  356,
  328,
  300,
  272,
  244,
  216,
  188,
  160,
  147,
  119,
  105,
  77,
  64,
  50,
  22 ]
Sending map request !
[Aucun groupe:0:info][Trajet]Changement de carte sur une cellule aléatoire .
[Aucun groupe:0:info][Trajet]Execution du mouvement ...
MapMovement received !
Confirmation du movement dans : 3910(22 cells)
Confirmations du mouvement dans 3910ms
Mouvement confirmée !
Key movements proccesed !
Movement ok 
[Sync]Processing ...
[Sync]Ready to process !
[Sync]Trajet ready ...
Checking pods ...
[Aucun groupe:0:info][Trajet]Execution map 84675330 .
[DEBUG] Path calculated {source : 554=554 , target : 5=5} , let's process it !
[ 554,
  526,
  512,
  484,
  456,
  428,
  400,
  372,
  344,
  316,
  288,
  260,
  232,
  217,
  189,
  175,
  147,
  132,
  104,
  90,
  62,
  47,
  33,
  5 ]
Sending map request !
[Aucun groupe:0:info][Trajet]Changement de carte sur une cellule aléatoire .
[Aucun groupe:0:info][Trajet]Execution du mouvement ...
MapMovement received !
Confirmation du movement dans : 3770(24 cells)
Confirmations du mouvement dans 3770ms
Mouvement confirmée !
Key movements proccesed !
Movement ok 
[Sync]Processing ...
[Sync]Ready to process !
[Sync]Trajet ready ...
Checking pods ...
[Aucun groupe:0:info][Trajet]Execution map 84675331 .
no best match on i =38 : 43
Gathering element :{id : 478296 , cellid : 125 }
Mouvement vers l'interactive sur la cellule : 125=125
Exectution du trajet vers l'interactive .
[ 537,
  509,
  494,
  466,
  438,
  410,
  396,
  381,
  367,
  352,
  338,
  310,
  296,
  283,
  269,
  256,
  242,
  229,
  215,
  202,
  188,
  175,
  176,
  162,
  163,
  150,
  151,
  137,
  124,
  125 ]
Sending map request !
[Aucun groupe:0:info][Trajet]Execution de la récolte...
MapMovement received !
Confirmation du movement dans : 6000(30 cells)
Confirmations du mouvement dans 6000ms
Mouvement confirmée !
Utlisiation de l'interactive (id : 478296,skill : 151503)
no best match on i =38 : 43
no best match on i =43 : 43
Plus de ressources à récolter disponibles , on passe à la map suivante .
[DEBUG] Path calculated {source : 125=125 , target : 5=5} , let's process it !
[ 125, 110, 109, 108, 94, 79, 78, 64, 49, 35, 20, 6, 5 ]
Sending map request !
[Aucun groupe:0:info][Trajet]Changement de carte sur une cellule aléatoire .
Checking pods ...
MapMovement received !
Confirmation du movement dans : 1880(13 cells)
Confirmations du mouvement dans 1880ms
Mouvement confirmée !
Key movements proccesed !
Movement ok 
[Sync]Processing ...
[Sync]Ready to process !
[Sync]Trajet ready ...
Checking pods ...
[Aucun groupe:0:info][Trajet]Execution map 84675332 .
Gathering element :{id : 478350 , cellid : 357 }
Mouvement vers l'interactive sur la cellule : 357=357
Exectution du trajet vers l'interactive .
[ 537, 523, 495, 482, 454, 440, 412, 399, 385, 357 ]
Sending map request !
[Aucun groupe:0:info][Trajet]Execution de la récolte...
MapMovement received !
Confirmation du movement dans : 1955(10 cells)
Confirmations du mouvement dans 1955ms
Mouvement confirmée !
Utlisiation de l'interactive (id : 478350,skill : 151351)
Gathering element :{id : 478354 , cellid : 343 }
Mouvement vers l'interactive sur la cellule : 343=343
Exectution du trajet vers l'interactive .
[ 357, 343 ]
Sending map request !
Checking pods ...
MapMovement received !
Confirmation du movement dans : 425(2 cells)
Confirmations du mouvement dans 425ms
Mouvement confirmée !
Utlisiation de l'interactive (id : 478354,skill : 151349)
Gathering element :{id : 478330 , cellid : 290 }
Mouvement vers l'interactive sur la cellule : 290=290
Exectution du trajet vers l'interactive .
[ 343, 329, 316, 302, 289, 290 ]
Sending map request !
Checking pods ...
[Aucun groupe:0:info][FightManager]Debut du combat !
[Ia]Default loaded !
{"call":"global-state-request"}
Server request for state ...
Detection d'un NoMovement . AVADANTIBUGADABRA !
Mouvement vers l'interactive échoué .
no best match on i =38 : 43
Gathering element :{id : 478351 , cellid : 329 }
Mouvement vers l'interactive sur la cellule : 329=329
Exectution du trajet vers l'interactive .
[ 343, 329 ]
Sending map request !
[Sync]Reconnection en combat presumer le 226 est vide !
Detection d'un NoMovement . AVADANTIBUGADABRA !
Mouvement vers l'interactive échoué .
no best match on i =38 : 43
Gathering element :{id : 478341 , cellid : 317 }
Mouvement vers l'interactive sur la cellule : 317=317
Exectution du trajet vers l'interactive .
[ 343, 329, 316, 317 ]
Sending map request !
[Sync]Reconnection en combat presumer le 226 est vide !
Detection d'un NoMovement . AVADANTIBUGADABRA !
Mouvement vers l'interactive échoué .
no best match on i =38 : 43
no best match on i =43 : 43
Plus de ressources à récolter disponibles , on passe à la map suivante .
