Server request connecting ...
Inventory : 0
{"assetsUrl":"https://ankama.akamaized.net/games/dofus-tablette/assets/2.15.15","analytics":{"wizAnalytics":{"localytics":{"token":"9f0bf865fd57d22f0bbea56-cd08f12a-8138-11e5-7c24-00736b041834","options":{"sessionTimeoutSeconds":60,"namespace":"dofus-production"}}},"ankAnalytics":{"debug":false,"analog":false,"useUrlMap":true}},"adjust":{"appToken":"7j60imkfu60w","environment":"EnvironmentProduction"},"logging":{"groups":false,"logLevels":{"time":0,"verbose":0,"debug":1,"info":2,"notice":3,"warning":4,"error":5,"critical":6,"alert":7,"emergency":8},"config":{"console":["none"],"server":["error","critical","alert","emergency"]},"disableOverride":false},"dataUrl":"https://proxyconnection.touch.dofus.com","haapi":{"id":18,"url":"https://haapi.ankama.com/json/Ankama/v2"},"serverLanguages":["en","de","es","fr","it","pt"],"failoverLanguage":"en","uiUrl":"https://proxyconnection.touch.dofus.com/assets","language":"en","sessionId":"lUc8nGQsWkSNSfrw"}
Config loaded !
{"key":"1ea1702f-bb12-47db-ba11-185cc438c388","account_id":112984462,"ip":"105.157.44.165","added_date":"2017-02-19T14:32:56+01:00","meta":[],"data":{},"access":[],"refresh_token":null,"expiration_date":"2017-02-19T17:32:56+01:00"}
Api key : 1ea1702f-bb12-47db-ba11-185cc438c388
Game token : 6221cbe51df37529abad3f41167572e7
[Aucun groupe:0:info][processIdentification]...
Connecting to login server (https://proxyconnection.touch.dofus.com?STICKER=lUc8nGQsWkSNSfrw) ...
Connection opened !
[Aucun groupe:0:info]Identification connection opened !
[Aucun groupe:0:info]1/2 in login queue...
[Aucun groupe:0:info]1/3 in login queue...
[Aucun groupe:0:info]0/2 in login queue...
[Aucun groupe:0:info]Identification success (1465968706065612415) !
[Aucun groupe:0:info]Servers list received !
[Aucun groupe:0:info][processServerSelection]...
[Aucun groupe:0:info]Request for server infos (id : 403) ...
Prmus close connection !
migrating...
Connection opened !
[Aucun groupe:0:info]Game connection opened !
[Aucun groupe:0:success][processServerSelection]OK
[Aucun groupe:0:info][processsCharacterSelection]...
[Aucun groupe:0:info]Request for characters ...
[Aucun groupe:0:info]Selecting frist character (Miss-Lagertha) ...
[Aucun groupe:0:info][Inventory]Object : 132606379 selected for regen !
[Aucun groupe:0:info][Inventory]Object : 132606380 selected for regen !
[Aucun groupe:0:info][Inventory]Object : 132606381 selected for regen !
[Aucun groupe:0:info][Inventory]Object : 132606382 selected for regen !
[InventoryManager]Items infos loaded !
Checking pods ...
Sequence ready !
[Aucun groupe:0:info][Infos]Welcome to DOFUS, and welcome to the World of Twelve! 
Remember that it is <b>strictly forbidden</b> to disclose your account name or password.
{"call":"global-state-request"}
Server request for state ...
[Sync]Processing ...
[Sync]Ready to process !
[Sync]Trajet ready ...
Checking pods ...
[Trajet]No trajet loaded !
{"call":"global-state-request"}
Server request for state ...
{"call":"update-fight-max-fighters","data":8}
[botData]Config for Miss-Lagertha saved !
{"call":"update-fight-min-fighters","data":1}
[botData]Config for Miss-Lagertha saved !
{"call":"set-ia-type","data":"default"}
[botData]Config for Miss-Lagertha saved !
[mainProcessFrame]Fight mode updated to default
{"call":"trajet-load","data":{"trajet":{"trajet":{"fights":[],"recolte":[{"map":84675330,"dir":"top"},{"map":84675331,"dir":"top"},{"map":84675332,"dir":"left"},{"map":84674820,"dir":"top"},{"map":84674821,"dir":"top"},{"map":84674822,"dir":"right"},{"map":84675334,"dir":"right"},{"map":84675846,"dir":"bottom"},{"map":84675845,"dir":"bottom"},{"map":84675844,"dir":"bottom"},{"map":84675843,"dir":"left"}],"interactives":[],"moves":[{"map":83887104,"sun":396},{"map":84674566,"dir":"top"},{"map":84674565,"dir":"top"},{"map":84674564,"dir":"top"},{"map":84674563,"dir":"top"},{"map":84674562,"dir":"top"},{"map":84674561,"dir":"top"},{"map":84674560,"dir":"right"},{"map":84675072,"dir":"top"},{"map":84675329,"dir":"top"},{"map":84675330,"dir":"top"}],"bank":[{"map":84674566,"interactive":465440,"skill":140242},{"map":83887104,"npc":0,"reply":259},{"map":84675330,"dir":"bottom"},{"map":84675331,"dir":"bottom"},{"map":84675332,"dir":"bottom"},{"map":84675333,"dir":"bottom"},{"map":84674820,"dir":"right"},{"map":84674821,"dir":"bottom"},{"map":84674822,"dir":"bottom"},{"map":84675334,"dir":"bottom"},{"map":84675846,"dir":"bottom"},{"map":84675845,"dir":"bottom"},{"map":84675844,"dir":"left"},{"map":84674566,"dir":"top"},{"map":84674565,"dir":"bottom"},{"map":84674564,"dir":"bottom"},{"map":84674563,"dir":"bottom"},{"map":84674562,"dir":"bottom"},{"map":84674561,"dir":"bottom"},{"map":84674560,"dir":"bottom"},{"map":84675072,"dir":"left"},{"map":84675329,"dir":"bottom"},{"map":84675330,"dir":"bottom"}]}}}}
[mainProcessFrame]Ui request for trajet loading ...
[Sync]Processing ...
[Sync]Ready to process !
[Sync]Trajet ready ...
Checking pods ...
[Aucun groupe:0:info][Trajet]Execution map 84674820 .
Gathering element :{id : 478418 , cellid : 359 }
Mouvement vers l'interactive sur la cellule : 359=359
Exectution du trajet vers l'interactive .
[ 413, 400, 386, 373, 359 ]
Sending map request !
[Aucun groupe:0:info][Trajet]Execution de la récolte...
MapMovement received !
Confirmation du movement dans : 1020(5 cells)
Confirmations du mouvement dans 1020ms
Mouvement confirmée !
Utlisiation de l'interactive (id : 478418,skill : 151330)
Gathering element :{id : 478423 , cellid : 345 }
Mouvement vers l'interactive sur la cellule : 345=345
Exectution du trajet vers l'interactive .
[ 359, 345 ]
Sending map request !
Checking pods ...
MapMovement received !
Confirmation du movement dans : 425(2 cells)
Confirmations du mouvement dans 425ms
Mouvement confirmée !
Utlisiation de l'interactive (id : 478423,skill : 151325)
Gathering element :{id : 478443 , cellid : 357 }
Mouvement vers l'interactive sur la cellule : 357=357
Exectution du trajet vers l'interactive .
[ 345, 358, 357 ]
Sending map request !
Checking pods ...
MapMovement received !
Confirmation du movement dans : 990(3 cells)
Confirmations du mouvement dans 990ms
Mouvement confirmée !
Utlisiation de l'interactive (id : 478443,skill : 151329)
no best match on i =38 : 43
no best match on i =43 : 43
Plus de ressources à récolter disponibles , on passe à la map suivante .
[DEBUG] Path calculated {source : 357=357 , target : 6=6} , let's process it !
[ 357, 329, 315, 287, 272, 244, 216, 188, 160, 132, 104, 76, 48, 34, 6 ]
Sending map request !
[Aucun groupe:0:info][Trajet]Changement de carte sur une cellule aléatoire .
Checking pods ...
MapMovement received !
Confirmation du movement dans : 2320(15 cells)
Confirmations du mouvement dans 2320ms
Mouvement confirmée !
Key movements proccesed !
Movement ok 
[Sync]Processing ...
[Sync]Ready to process !
[Sync]Trajet ready ...
Checking pods ...
[Aucun groupe:0:info][Trajet]Execution map 84674821 .
Gathering element :{id : 478790 , cellid : 381 }
Mouvement vers l'interactive sur la cellule : 381=381
Exectution du trajet vers l'interactive .
[ 538, 523, 509, 481, 466, 438, 410, 396, 381 ]
Sending map request !
[Aucun groupe:0:info][Trajet]Execution de la récolte...
Detection d'un NoMovement . AVADANTIBUGADABRA !
Mouvement vers l'interactive échoué .
Gathering element :{id : 478750 , cellid : 489 }
Mouvement vers l'interactive sur la cellule : 489=489
Exectution du trajet vers l'interactive .
[ 538, 539, 525, 526, 527, 514, 515, 516, 502, 489 ]
Sending map request !
Detection d'un NoMovement . AVADANTIBUGADABRA !
Mouvement vers l'interactive échoué .
Gathering element :{id : 478791 , cellid : 296 }
Mouvement vers l'interactive sur la cellule : 296=296
Exectution du trajet vers l'interactive .
[ 538, 523, 509, 481, 453, 425, 397, 369, 354, 340, 325, 311, 296 ]
Sending map request !
[Sync]Processing ...
[Sync]Ready to process !
[Sync]Trajet ready ...
Checking pods ...
[Aucun groupe:0:info][Trajet]Execution map 84674821 .
Gathering element :{id : 478788 , cellid : 257 }
Mouvement vers l'interactive sur la cellule : 257=257
Exectution du trajet vers l'interactive .
[ 538, 510, 482, 454, 426, 398, 370, 342, 327, 313, 298, 270, 257 ]
Sending map request !
[Aucun groupe:0:info][Trajet]Execution de la récolte...
MapMovement received !
Confirmation du movement dans : 1900(13 cells)
Confirmations du mouvement dans 1900ms
MapMovement received !
Confirmation du movement dans : 2065(13 cells)
Confirmations du mouvement dans 2065ms
Detection d'un NoMovement . AVADANTIBUGADABRA !
Mouvement vers l'interactive échoué .
no best match on i =38 : 43
no best match on i =43 : 43
Plus de ressources à récolter disponibles , on passe à la map suivante .
[DEBUG] Path calculated {source : 296=296 , target : 6=6} , let's process it !
[ 296,
  297,
  298,
  313,
  327,
  342,
  343,
  329,
  316,
  288,
  260,
  232,
  204,
  176,
  148,
  133,
  105,
  91,
  63,
  48,
  34,
  6 ]
Sending map request !
[Aucun groupe:0:info][Trajet]Changement de carte sur une cellule aléatoire .
Mouvement vers l'interactive échoué .
no best match on i =38 : 43
no best match on i =43 : 43
Plus de ressources à récolter disponibles , on passe à la map suivante .
[DEBUG] Path calculated {source : 296=296 , target : 4=4} , let's process it !
[ 296,
  297,
  298,
  313,
  327,
  342,
  343,
  329,
  316,
  288,
  273,
  245,
  231,
  216,
  188,
  174,
  146,
  131,
  103,
  89,
  61,
  46,
  32,
  4 ]
Sending map request !
[Aucun groupe:0:info][Trajet]Changement de carte sur une cellule aléatoire .
[Sync]Processing ...
[Sync]Ready to process !
[Sync]Trajet ready ...
Checking pods ...
[Aucun groupe:0:info][Trajet]Execution map 84674821 .
no best match on i =38 : 43
no best match on i =43 : 43
Plus de ressources à récolter disponibles , on passe à la map suivante .
[DEBUG] Path calculated {source : 538=538 , target : 5=5} , let's process it !
[ 538,
  510,
  482,
  454,
  426,
  398,
  370,
  356,
  343,
  329,
  316,
  288,
  260,
  232,
  217,
  189,
  175,
  147,
  132,
  104,
  90,
  62,
  47,
  33,
  5 ]
Sending map request !
[Aucun groupe:0:info][Trajet]Changement de carte sur une cellule aléatoire .
[Aucun groupe:0:info][Trajet]Execution de la récolte...
Detection d'un NoMovement . AVADANTIBUGADABRA !
Key movements proccesed !
No movement
Key movements proccesed !
No movement
Key movements proccesed !
No movement
Detection d'un NoMovement . AVADANTIBUGADABRA !
[Sync]Processing ...
[Sync]Ready to process !
[Sync]Trajet ready ...
Checking pods ...
Detection d'un NoMovement . AVADANTIBUGADABRA !
[Aucun groupe:0:info][Trajet]Execution map 84674821 .
no best match on i =38 : 43
no best match on i =43 : 43
Plus de ressources à récolter disponibles , on passe à la map suivante .
[DEBUG] Path calculated {source : 538=538 , target : 19=19} , let's process it !
[ 538,
  510,
  482,
  454,
  426,
  398,
  370,
  356,
  343,
  329,
  316,
  288,
  260,
  232,
  204,
  189,
  161,
  147,
  119,
  104,
  76,
  62,
  47,
  19 ]
Sending map request !
[Aucun groupe:0:info][Trajet]Changement de carte sur une cellule aléatoire .
[Aucun groupe:0:info][Trajet]Execution de la récolte...
Detection d'un NoMovement . AVADANTIBUGADABRA !
Key movements proccesed !
No movement
Detection d'un NoMovement . AVADANTIBUGADABRA !
Detection d'un NoMovement . AVADANTIBUGADABRA !
[Sync]Processing ...
[Sync]Ready to process !
[Sync]Trajet ready ...
Checking pods ...
[Aucun groupe:0:info][Trajet]Execution map 84674821 .
no best match on i =38 : 43
no best match on i =43 : 43
Plus de ressources à récolter disponibles , on passe à la map suivante .
[DEBUG] Path calculated {source : 538=538 , target : 18=18} , let's process it !
[ 538,
  510,
  482,
  454,
  426,
  398,
  370,
  356,
  343,
  329,
  316,
  288,
  260,
  245,
  231,
  203,
  188,
  160,
  146,
  118,
  103,
  75,
  61,
  46,
  18 ]
Sending map request !
[Aucun groupe:0:info][Trajet]Changement de carte sur une cellule aléatoire .
[Aucun groupe:0:info][Trajet]Execution de la récolte...
Detection d'un NoMovement . AVADANTIBUGADABRA !
Key movements proccesed !
No movement
[Sync]Processing ...
[Sync]Ready to process !
[Sync]Trajet ready ...
Checking pods ...
[Aucun groupe:0:info][Trajet]Execution map 84674821 .
no best match on i =38 : 43
no best match on i =43 : 43
Plus de ressources à récolter disponibles , on passe à la map suivante .
[DEBUG] Path calculated {source : 538=538 , target : 4=4} , let's process it !
[ 538,
  510,
  482,
  454,
  426,
  398,
  370,
  356,
  343,
  329,
  316,
  288,
  273,
  245,
  231,
  216,
  188,
  174,
  146,
  131,
  103,
  89,
  61,
  46,
  32,
  4 ]
Sending map request !
[Aucun groupe:0:info][Trajet]Changement de carte sur une cellule aléatoire .
[Aucun groupe:0:info][Trajet]Execution de la récolte...
[Sync]Processing ...
[Sync]Ready to process !
[Sync]Trajet ready ...
Checking pods ...
[Aucun groupe:0:info][Trajet]Execution map 84674821 .
no best match on i =38 : 43
no best match on i =43 : 43
Plus de ressources à récolter disponibles , on passe à la map suivante .
[DEBUG] Path calculated {source : 538=538 , target : 7=7} , let's process it !
[ 538,
  510,
  482,
  454,
  426,
  398,
  370,
  356,
  343,
  329,
  316,
  288,
  260,
  232,
  204,
  176,
  148,
  120,
  92,
  64,
  49,
  35,
  7 ]
Sending map request !
[Aucun groupe:0:info][Trajet]Changement de carte sur une cellule aléatoire .
[Aucun groupe:0:info][Trajet]Execution de la récolte...
Detection d'un NoMovement . AVADANTIBUGADABRA !
Key movements proccesed !
No movement
Key movements proccesed !
No movement
[Sync]Processing ...
[Sync]Ready to process !
[Sync]Trajet ready ...
Checking pods ...
[Aucun groupe:0:info][Trajet]Execution map 84674821 .
no best match on i =38 : 43
no best match on i =43 : 43
Plus de ressources à récolter disponibles , on passe à la map suivante .
[DEBUG] Path calculated {source : 538=538 , target : 5=5} , let's process it !
[ 538,
  510,
  482,
  454,
  426,
  398,
  370,
  356,
  343,
  329,
  316,
  288,
  260,
  232,
  217,
  189,
  175,
  147,
  132,
  104,
  90,
  62,
  47,
  33,
  5 ]
Sending map request !
[Aucun groupe:0:info][Trajet]Changement de carte sur une cellule aléatoire .
[Aucun groupe:0:info][Trajet]Execution de la récolte...
Detection d'un NoMovement . AVADANTIBUGADABRA !
Key movements proccesed !
No movement
Detection d'un NoMovement . AVADANTIBUGADABRA !
Detection d'un NoMovement . AVADANTIBUGADABRA !
Detection d'un NoMovement . AVADANTIBUGADABRA !
Detection d'un NoMovement . AVADANTIBUGADABRA !
Detection d'un NoMovement . AVADANTIBUGADABRA !
Detection d'un NoMovement . AVADANTIBUGADABRA !
[Sync]Processing ...
[Sync]Ready to process !
[Sync]Trajet ready ...
Checking pods ...
[Sync]Processing ...
[Sync]Ready to process !
[Sync]Trajet ready ...
Checking pods ...
[Aucun groupe:0:info][Trajet]Execution map 84674821 .
no best match on i =38 : 43
no best match on i =43 : 43
Plus de ressources à récolter disponibles , on passe à la map suivante .
[DEBUG] Path calculated {source : 538=538 , target : 10=10} , let's process it !
[ 538,
  510,
  482,
  454,
  426,
  398,
  370,
  356,
  343,
  329,
  316,
  288,
  260,
  232,
  204,
  176,
  148,
  134,
  121,
  93,
  65,
  51,
  38,
  10 ]
Sending map request !
[Aucun groupe:0:info][Trajet]Changement de carte sur une cellule aléatoire .
[Aucun groupe:0:info][Trajet]Execution de la récolte...
Detection d'un NoMovement . AVADANTIBUGADABRA !
Key movements proccesed !
No movement
[Aucun groupe:0:info][Trajet]Execution map 84674821 .
no best match on i =38 : 43
no best match on i =43 : 43
Plus de ressources à récolter disponibles , on passe à la map suivante .
[DEBUG] Path calculated {source : 538=538 , target : 25=25} , let's process it !
[ 538,
  510,
  496,
  468,
  440,
  412,
  384,
  371,
  343,
  329,
  316,
  288,
  260,
  246,
  233,
  205,
  177,
  149,
  121,
  93,
  65,
  51,
  38,
  24,
  25 ]
Sending map request !
[Aucun groupe:0:info][Trajet]Changement de carte sur une cellule aléatoire .
[Aucun groupe:0:info][Trajet]Execution de la récolte...
[Sync]Processing ...
[Sync]Ready to process !
[Sync]Trajet ready ...
Checking pods ...
[Aucun groupe:0:info][Trajet]Execution map 84674821 .
no best match on i =38 : 43
no best match on i =43 : 43
Plus de ressources à récolter disponibles , on passe à la map suivante .
[DEBUG] Path calculated {source : 538=538 , target : 6=6} , let's process it !
[ 538,
  510,
  482,
  454,
  426,
  398,
  370,
  356,
  343,
  329,
  316,
  288,
  260,
  232,
  204,
  176,
  148,
  133,
  105,
  91,
  63,
  48,
  34,
  6 ]
Sending map request !
[Aucun groupe:0:info][Trajet]Changement de carte sur une cellule aléatoire .
[Aucun groupe:0:info][Trajet]Execution de la récolte...
[Sync]Processing ...
[Sync]Ready to process !
[Sync]Trajet ready ...
Checking pods ...
[Aucun groupe:0:info][Trajet]Execution map 84674821 .
no best match on i =38 : 43
no best match on i =43 : 43
Plus de ressources à récolter disponibles , on passe à la map suivante .
[DEBUG] Path calculated {source : 538=538 , target : 3=3} , let's process it !
[ 538,
  510,
  482,
  454,
  426,
  398,
  370,
  356,
  343,
  329,
  316,
  288,
  273,
  259,
  244,
  230,
  215,
  187,
  173,
  145,
  130,
  102,
  88,
  60,
  45,
  31,
  3 ]
Sending map request !
[Aucun groupe:0:info][Trajet]Changement de carte sur une cellule aléatoire .
[Aucun groupe:0:info][Trajet]Execution de la récolte...
[Sync]Processing ...
[Sync]Ready to process !
[Sync]Trajet ready ...
Checking pods ...
[Aucun groupe:0:info][Trajet]Execution map 84674821 .
no best match on i =38 : 43
no best match on i =43 : 43
Plus de ressources à récolter disponibles , on passe à la map suivante .
[DEBUG] Path calculated {source : 538=538 , target : 18=18} , let's process it !
[ 538,
  510,
  482,
  454,
  426,
  398,
  370,
  356,
  343,
  329,
  316,
  288,
  260,
  245,
  231,
  203,
  188,
  160,
  146,
  118,
  103,
  75,
  61,
  46,
  18 ]
Sending map request !
[Aucun groupe:0:info][Trajet]Changement de carte sur une cellule aléatoire .
[Aucun groupe:0:info][Trajet]Execution de la récolte...
[Sync]Processing ...
[Sync]Ready to process !
[Sync]Trajet ready ...
Checking pods ...
[Aucun groupe:0:info][Trajet]Execution map 84674821 .
no best match on i =38 : 43
no best match on i =43 : 43
Plus de ressources à récolter disponibles , on passe à la map suivante .
[DEBUG] Path calculated {source : 538=538 , target : 4=4} , let's process it !
[ 538,
  510,
  482,
  454,
  426,
  398,
  370,
  356,
  343,
  329,
  316,
  288,
  273,
  245,
  231,
  216,
  188,
  174,
  146,
  131,
  103,
  89,
  61,
  46,
  32,
  4 ]
Sending map request !
[Aucun groupe:0:info][Trajet]Changement de carte sur une cellule aléatoire .
[Aucun groupe:0:info][Trajet]Execution de la récolte...
[Sync]Processing ...
[Sync]Ready to process !
[Sync]Trajet ready ...
Checking pods ...
[Aucun groupe:0:info][Trajet]Execution map 84674821 .
no best match on i =38 : 43
no best match on i =43 : 43
Plus de ressources à récolter disponibles , on passe à la map suivante .
[DEBUG] Path calculated {source : 538=538 , target : 19=19} , let's process it !
[ 538,
  510,
  482,
  454,
  426,
  398,
  370,
  356,
  343,
  329,
  316,
  288,
  260,
  232,
  204,
  189,
  161,
  147,
  119,
  104,
  76,
  62,
  47,
  19 ]
Sending map request !
[Aucun groupe:0:info][Trajet]Changement de carte sur une cellule aléatoire .
[Aucun groupe:0:info][Trajet]Execution de la récolte...
[Sync]Processing ...
[Sync]Ready to process !
[Sync]Trajet ready ...
Checking pods ...
Detection d'un NoMovement . AVADANTIBUGADABRA !
Key movements proccesed !
No movement
Key movements proccesed !
No movement
Key movements proccesed !
No movement
Key movements proccesed !
No movement
Key movements proccesed !
No movement
Key movements proccesed !
No movement
[Aucun groupe:0:info][Trajet]Execution map 84674821 .
no best match on i =38 : 43
no best match on i =43 : 43
Plus de ressources à récolter disponibles , on passe à la map suivante .
[DEBUG] Path calculated {source : 538=538 , target : 12=12} , let's process it !
[ 538,
  510,
  496,
  468,
  440,
  412,
  399,
  371,
  357,
  329,
  316,
  288,
  274,
  246,
  233,
  205,
  177,
  149,
  121,
  93,
  65,
  51,
  38,
  24,
  11,
  12 ]
Sending map request !
[Aucun groupe:0:info][Trajet]Changement de carte sur une cellule aléatoire .
[Aucun groupe:0:info][Trajet]Execution de la récolte...
[Sync]Processing ...
[Sync]Ready to process !
[Sync]Trajet ready ...
Checking pods ...
Detection d'un NoMovement . AVADANTIBUGADABRA !
Key movements proccesed !
No movement
Detection d'un NoMovement . AVADANTIBUGADABRA !
Detection d'un NoMovement . AVADANTIBUGADABRA !
Detection d'un NoMovement . AVADANTIBUGADABRA !
Detection d'un NoMovement . AVADANTIBUGADABRA !
Detection d'un NoMovement . AVADANTIBUGADABRA !
Detection d'un NoMovement . AVADANTIBUGADABRA !
[Sync]Processing ...
[Sync]Ready to process !
[Sync]Trajet ready ...
Checking pods ...
[Aucun groupe:0:info][Trajet]Execution map 84674821 .
no best match on i =38 : 43
no best match on i =43 : 43
Plus de ressources à récolter disponibles , on passe à la map suivante .
[DEBUG] Path calculated {source : 538=538 , target : 7=7} , let's process it !
[ 538,
  510,
  482,
  454,
  426,
  398,
  370,
  356,
  343,
  329,
  316,
  288,
  260,
  232,
  204,
  176,
  148,
  120,
  92,
  64,
  49,
  35,
  7 ]
Sending map request !
[Aucun groupe:0:info][Trajet]Changement de carte sur une cellule aléatoire .
[Aucun groupe:0:info][Trajet]Execution de la récolte...
Detection d'un NoMovement . AVADANTIBUGADABRA !
Key movements proccesed !
No movement
Detection d'un NoMovement . AVADANTIBUGADABRA !
Detection d'un NoMovement . AVADANTIBUGADABRA !
Detection d'un NoMovement . AVADANTIBUGADABRA !
Detection d'un NoMovement . AVADANTIBUGADABRA !
[Aucun groupe:0:info][Trajet]Execution map 84674821 .
no best match on i =38 : 43
no best match on i =43 : 43
Plus de ressources à récolter disponibles , on passe à la map suivante .
[DEBUG] Path calculated {source : 538=538 , target : 10=10} , let's process it !
[ 538,
  510,
  482,
  454,
  426,
  398,
  370,
  356,
  343,
  329,
  316,
  288,
  260,
  232,
  204,
  176,
  148,
  134,
  121,
  93,
  65,
  51,
  38,
  10 ]
Sending map request !
[Aucun groupe:0:info][Trajet]Changement de carte sur une cellule aléatoire .
[Aucun groupe:0:info][Trajet]Execution de la récolte...
Detection d'un NoMovement . AVADANTIBUGADABRA !
Key movements proccesed !
No movement
Detection d'un NoMovement . AVADANTIBUGADABRA !
[Sync]Processing ...
[Sync]Ready to process !
[Sync]Trajet ready ...
Checking pods ...
[Aucun groupe:0:info][Trajet]Execution map 84674821 .
no best match on i =38 : 43
no best match on i =43 : 43
Plus de ressources à récolter disponibles , on passe à la map suivante .
[DEBUG] Path calculated {source : 538=538 , target : 5=5} , let's process it !
[ 538,
  510,
  482,
  454,
  426,
  398,
  370,
  356,
  343,
  329,
  316,
  288,
  260,
  232,
  217,
  189,
  175,
  147,
  132,
  104,
  90,
  62,
  47,
  33,
  5 ]
Sending map request !
[Aucun groupe:0:info][Trajet]Changement de carte sur une cellule aléatoire .
[Aucun groupe:0:info][Trajet]Execution de la récolte...
[Sync]Processing ...
[Sync]Ready to process !
[Sync]Trajet ready ...
Checking pods ...
[Aucun groupe:0:info][Trajet]Execution map 84674821 .
no best match on i =38 : 43
no best match on i =43 : 43
Plus de ressources à récolter disponibles , on passe à la map suivante .
[DEBUG] Path calculated {source : 538=538 , target : 21=21} , let's process it !
[ 538,
  510,
  482,
  454,
  426,
  398,
  370,
  356,
  343,
  329,
  316,
  288,
  260,
  232,
  204,
  176,
  148,
  120,
  92,
  64,
  49,
  21 ]
Sending map request !
[Aucun groupe:0:info][Trajet]Changement de carte sur une cellule aléatoire .
[Aucun groupe:0:info][Trajet]Execution de la récolte...
[Sync]Processing ...
[Sync]Ready to process !
[Sync]Trajet ready ...
Checking pods ...
[Aucun groupe:0:info][Trajet]Execution map 84674821 .
no best match on i =38 : 43
no best match on i =43 : 43
Plus de ressources à récolter disponibles , on passe à la map suivante .
[DEBUG] Path calculated {source : 538=538 , target : 16=16} , let's process it !
[ 538,
  510,
  482,
  454,
  426,
  398,
  370,
  356,
  343,
  329,
  316,
  288,
  273,
  259,
  244,
  230,
  215,
  201,
  186,
  158,
  144,
  116,
  101,
  73,
  59,
  44,
  16 ]
Sending map request !
[Aucun groupe:0:info][Trajet]Changement de carte sur une cellule aléatoire .
[Aucun groupe:0:info][Trajet]Execution de la récolte...
Detection d'un NoMovement . AVADANTIBUGADABRA !
Key movements proccesed !
No movement
Key movements proccesed !
No movement
Key movements proccesed !
No movement
[Sync]Processing ...
[Sync]Ready to process !
[Sync]Trajet ready ...
Checking pods ...
[Sync]Processing ...
[Sync]Ready to process !
[Sync]Trajet ready ...
Checking pods ...
[Aucun groupe:0:info][Trajet]Execution map 84674821 .
no best match on i =38 : 43
no best match on i =43 : 43
Plus de ressources à récolter disponibles , on passe à la map suivante .
[DEBUG] Path calculated {source : 538=538 , target : 2=2} , let's process it !
[ 538,
  510,
  482,
  454,
  426,
  398,
  370,
  356,
  343,
  329,
  316,
  288,
  273,
  259,
  244,
  230,
  215,
  201,
  186,
  172,
  144,
  129,
  101,
  87,
  59,
  44,
  30,
  2 ]
Sending map request !
[Aucun groupe:0:info][Trajet]Changement de carte sur une cellule aléatoire .
[Aucun groupe:0:info][Trajet]Execution de la récolte...
[Aucun groupe:0:info][Trajet]Execution map 84674821 .
no best match on i =38 : 43
no best match on i =43 : 43
Plus de ressources à récolter disponibles , on passe à la map suivante .
[DEBUG] Path calculated {source : 538=538 , target : 18=18} , let's process it !
[ 538,
  510,
  482,
  454,
  426,
  398,
  370,
  356,
  343,
  329,
  316,
  288,
  260,
  245,
  231,
  203,
  188,
  160,
  146,
  118,
  103,
  75,
  61,
  46,
  18 ]
Sending map request !
[Aucun groupe:0:info][Trajet]Changement de carte sur une cellule aléatoire .
[Aucun groupe:0:info][Trajet]Execution de la récolte...
[Sync]Processing ...
[Sync]Ready to process !
[Sync]Trajet ready ...
Checking pods ...
[Sync]Processing ...
[Sync]Ready to process !
[Sync]Trajet ready ...
Checking pods ...
[Aucun groupe:0:info][Trajet]Execution map 84674821 .
no best match on i =38 : 43
no best match on i =43 : 43
Plus de ressources à récolter disponibles , on passe à la map suivante .
[DEBUG] Path calculated {source : 538=538 , target : 2=2} , let's process it !
[ 538,
  510,
  482,
  454,
  426,
  398,
  370,
  356,
  343,
  329,
  316,
  288,
  273,
  259,
  244,
  230,
  215,
  201,
  186,
  172,
  144,
  129,
  101,
  87,
  59,
  44,
  30,
  2 ]
Sending map request !
[Aucun groupe:0:info][Trajet]Changement de carte sur une cellule aléatoire .
[Aucun groupe:0:info][Trajet]Execution de la récolte...
[Aucun groupe:0:info][Trajet]Execution map 84674821 .
no best match on i =38 : 43
no best match on i =43 : 43
Plus de ressources à récolter disponibles , on passe à la map suivante .
[DEBUG] Path calculated {source : 538=538 , target : 23=23} , let's process it !
[ 538,
  510,
  482,
  454,
  426,
  398,
  370,
  356,
  343,
  329,
  316,
  288,
  260,
  232,
  204,
  176,
  148,
  120,
  92,
  78,
  65,
  51,
  23 ]
Sending map request !
[Aucun groupe:0:info][Trajet]Changement de carte sur une cellule aléatoire .
[Aucun groupe:0:info][Trajet]Execution de la récolte...
Detection d'un NoMovement . AVADANTIBUGADABRA !
Key movements proccesed !
No movement
Key movements proccesed !
No movement
Key movements proccesed !
No movement
Key movements proccesed !
No movement
Detection d'un NoMovement . AVADANTIBUGADABRA !
[Sync]Processing ...
[Sync]Ready to process !
[Sync]Trajet ready ...
Checking pods ...
[Sync]Processing ...
[Sync]Ready to process !
[Sync]Trajet ready ...
Checking pods ...
[Aucun groupe:0:info][Trajet]Execution map 84674821 .
no best match on i =38 : 43
no best match on i =43 : 43
Plus de ressources à récolter disponibles , on passe à la map suivante .
[DEBUG] Path calculated {source : 538=538 , target : 7=7} , let's process it !
[ 538,
  510,
  482,
  454,
  426,
  398,
  370,
  356,
  343,
  329,
  316,
  288,
  260,
  232,
  204,
  176,
  148,
  120,
  92,
  64,
  49,
  35,
  7 ]
Sending map request !
[Aucun groupe:0:info][Trajet]Changement de carte sur une cellule aléatoire .
[Aucun groupe:0:info][Trajet]Execution de la récolte...
Detection d'un NoMovement . AVADANTIBUGADABRA !
Key movements proccesed !
No movement
[Aucun groupe:0:info][Trajet]Execution map 84674821 .
no best match on i =38 : 43
no best match on i =43 : 43
Plus de ressources à récolter disponibles , on passe à la map suivante .
[DEBUG] Path calculated {source : 538=538 , target : 16=16} , let's process it !
[ 538,
  510,
  482,
  454,
  426,
  398,
  370,
  356,
  343,
  329,
  316,
  288,
  273,
  259,
  244,
  230,
  215,
  201,
  186,
  158,
  144,
  116,
  101,
  73,
  59,
  44,
  16 ]
Sending map request !
[Aucun groupe:0:info][Trajet]Changement de carte sur une cellule aléatoire .
[Aucun groupe:0:info][Trajet]Execution de la récolte...
[Sync]Processing ...
[Sync]Ready to process !
[Sync]Trajet ready ...
Checking pods ...
[Sync]Processing ...
[Sync]Ready to process !
[Sync]Trajet ready ...
Checking pods ...
Detection d'un NoMovement . AVADANTIBUGADABRA !
Key movements proccesed !
No movement
Detection d'un NoMovement . AVADANTIBUGADABRA !
Detection d'un NoMovement . AVADANTIBUGADABRA !
Detection d'un NoMovement . AVADANTIBUGADABRA !
[Sync]Processing ...
[Sync]Ready to process !
[Sync]Trajet ready ...
Checking pods ...
[Aucun groupe:0:info][Trajet]Execution map 84674821 .
no best match on i =38 : 43
no best match on i =43 : 43
Plus de ressources à récolter disponibles , on passe à la map suivante .
[DEBUG] Path calculated {source : 538=538 , target : 18=18} , let's process it !
[ 538,
  510,
  482,
  454,
  426,
  398,
  370,
  356,
  343,
  329,
  316,
  288,
  260,
  245,
  231,
  203,
  188,
  160,
  146,
  118,
  103,
  75,
  61,
  46,
  18 ]
Sending map request !
[Aucun groupe:0:info][Trajet]Changement de carte sur une cellule aléatoire .
[Aucun groupe:0:info][Trajet]Execution de la récolte...
Detection d'un NoMovement . AVADANTIBUGADABRA !
Key movements proccesed !
No movement
Detection d'un NoMovement . AVADANTIBUGADABRA !
Detection d'un NoMovement . AVADANTIBUGADABRA !
Detection d'un NoMovement . AVADANTIBUGADABRA !
Detection d'un NoMovement . AVADANTIBUGADABRA !
Detection d'un NoMovement . AVADANTIBUGADABRA !
Detection d'un NoMovement . AVADANTIBUGADABRA !
[Aucun groupe:0:info][Trajet]Execution map 84674821 .
no best match on i =38 : 43
no best match on i =43 : 43
Plus de ressources à récolter disponibles , on passe à la map suivante .
[DEBUG] Path calculated {source : 538=538 , target : 11=11} , let's process it !
[ 538,
  510,
  482,
  454,
  426,
  398,
  370,
  356,
  343,
  329,
  316,
  288,
  260,
  232,
  218,
  190,
  177,
  149,
  121,
  93,
  65,
  51,
  38,
  24,
  11 ]
Sending map request !
[Aucun groupe:0:info][Trajet]Changement de carte sur une cellule aléatoire .
[Aucun groupe:0:info][Trajet]Execution de la récolte...
[Aucun groupe:0:info][Trajet]Execution map 84674821 .
no best match on i =38 : 43
no best match on i =43 : 43
Plus de ressources à récolter disponibles , on passe à la map suivante .
[DEBUG] Path calculated {source : 538=538 , target : 3=3} , let's process it !
[ 538,
  510,
  482,
  454,
  426,
  398,
  370,
  356,
  343,
  329,
  316,
  288,
  273,
  259,
  244,
  230,
  215,
  187,
  173,
  145,
  130,
  102,
  88,
  60,
  45,
  31,
  3 ]
Sending map request !
[Aucun groupe:0:info][Trajet]Changement de carte sur une cellule aléatoire .
[Aucun groupe:0:info][Trajet]Execution de la récolte...
Detection d'un NoMovement . AVADANTIBUGADABRA !
Key movements proccesed !
No movement
Key movements proccesed !
No movement
Detection d'un NoMovement . AVADANTIBUGADABRA !
Detection d'un NoMovement . AVADANTIBUGADABRA !
Detection d'un NoMovement . AVADANTIBUGADABRA !
Detection d'un NoMovement . AVADANTIBUGADABRA !
Detection d'un NoMovement . AVADANTIBUGADABRA !
Detection d'un NoMovement . AVADANTIBUGADABRA !
[Sync]Processing ...
[Sync]Ready to process !
[Sync]Trajet ready ...
Checking pods ...
Detection d'un NoMovement . AVADANTIBUGADABRA !
[Sync]Processing ...
[Sync]Ready to process !
[Sync]Trajet ready ...
Checking pods ...
[Sync]Processing ...
[Sync]Ready to process !
[Sync]Trajet ready ...
Checking pods ...
Detection d'un NoMovement . AVADANTIBUGADABRA !
[Aucun groupe:0:info][Trajet]Execution map 84674821 .
no best match on i =38 : 43
no best match on i =43 : 43
Plus de ressources à récolter disponibles , on passe à la map suivante .
[DEBUG] Path calculated {source : 538=538 , target : 16=16} , let's process it !
[ 538,
  510,
  482,
  454,
  426,
  398,
  370,
  356,
  343,
  329,
  316,
  288,
  273,
  259,
  244,
  230,
  215,
  201,
  186,
  158,
  144,
  116,
  101,
  73,
  59,
  44,
  16 ]
Sending map request !
[Aucun groupe:0:info][Trajet]Changement de carte sur une cellule aléatoire .
[Aucun groupe:0:info][Trajet]Execution de la récolte...
[Aucun groupe:0:info][Trajet]Execution map 84674821 .
no best match on i =38 : 43
no best match on i =43 : 43
Plus de ressources à récolter disponibles , on passe à la map suivante .
[DEBUG] Path calculated {source : 538=538 , target : 22=22} , let's process it !
[ 538,
  510,
  482,
  454,
  426,
  398,
  370,
  356,
  343,
  329,
  316,
  288,
  260,
  232,
  204,
  176,
  148,
  120,
  92,
  64,
  50,
  22 ]
Sending map request !
[Aucun groupe:0:info][Trajet]Changement de carte sur une cellule aléatoire .
[Aucun groupe:0:info][Trajet]Execution de la récolte...
[Aucun groupe:0:info][Trajet]Execution map 84674821 .
no best match on i =38 : 43
no best match on i =43 : 43
Plus de ressources à récolter disponibles , on passe à la map suivante .
[DEBUG] Path calculated {source : 538=538 , target : 3=3} , let's process it !
[ 538,
  510,
  482,
  454,
  426,
  398,
  370,
  356,
  343,
  329,
  316,
  288,
  273,
  259,
  244,
  230,
  215,
  187,
  173,
  145,
  130,
  102,
  88,
  60,
  45,
  31,
  3 ]
Sending map request !
[Aucun groupe:0:info][Trajet]Changement de carte sur une cellule aléatoire .
[Aucun groupe:0:info][Trajet]Execution de la récolte...
Detection d'un NoMovement . AVADANTIBUGADABRA !
Key movements proccesed !
No movement
Key movements proccesed !
No movement
Key movements proccesed !
No movement
[Sync]Processing ...
[Sync]Ready to process !
[Sync]Trajet ready ...
Checking pods ...
[Sync]Processing ...
[Sync]Ready to process !
[Sync]Trajet ready ...
Checking pods ...
[Sync]Processing ...
[Sync]Ready to process !
[Sync]Trajet ready ...
Checking pods ...
[Aucun groupe:0:info][Trajet]Execution map 84674821 .
no best match on i =38 : 43
no best match on i =43 : 43
Plus de ressources à récolter disponibles , on passe à la map suivante .
[DEBUG] Path calculated {source : 538=538 , target : 24=24} , let's process it !
[ 538,
  510,
  482,
  454,
  426,
  398,
  370,
  356,
  343,
  329,
  316,
  288,
  260,
  232,
  204,
  190,
  162,
  149,
  121,
  93,
  65,
  51,
  38,
  24 ]
Sending map request !
[Aucun groupe:0:info][Trajet]Changement de carte sur une cellule aléatoire .
[Aucun groupe:0:info][Trajet]Execution de la récolte...
Detection d'un NoMovement . AVADANTIBUGADABRA !
Key movements proccesed !
No movement
Detection d'un NoMovement . AVADANTIBUGADABRA !
Detection d'un NoMovement . AVADANTIBUGADABRA !
Detection d'un NoMovement . AVADANTIBUGADABRA !
[Aucun groupe:0:info][Trajet]Execution map 84674821 .
no best match on i =38 : 43
no best match on i =43 : 43
Plus de ressources à récolter disponibles , on passe à la map suivante .
[DEBUG] Path calculated {source : 538=538 , target : 11=11} , let's process it !
[ 538,
  510,
  482,
  454,
  426,
  398,
  370,
  356,
  343,
  329,
  316,
  288,
  260,
  232,
  218,
  190,
  177,
  149,
  121,
  93,
  65,
  51,
  38,
  24,
  11 ]
Sending map request !
[Aucun groupe:0:info][Trajet]Changement de carte sur une cellule aléatoire .
[Aucun groupe:0:info][Trajet]Execution de la récolte...
[Sync]Processing ...
[Sync]Ready to process !
[Sync]Trajet ready ...
Checking pods ...
[Sync]Processing ...
[Sync]Ready to process !
[Sync]Trajet ready ...
Checking pods ...
[Aucun groupe:0:info][Trajet]Execution map 84674821 .
no best match on i =38 : 43
no best match on i =43 : 43
Plus de ressources à récolter disponibles , on passe à la map suivante .
[DEBUG] Path calculated {source : 538=538 , target : 26=26} , let's process it !
[ 538,
  510,
  496,
  468,
  455,
  427,
  413,
  385,
  372,
  344,
  330,
  302,
  289,
  261,
  233,
  205,
  177,
  149,
  121,
  93,
  65,
  51,
  52,
  39,
  25,
  26 ]
Sending map request !
[Aucun groupe:0:info][Trajet]Changement de carte sur une cellule aléatoire .
[Aucun groupe:0:info][Trajet]Execution de la récolte...
[Sync]Processing ...
[Sync]Ready to process !
[Sync]Trajet ready ...
Checking pods ...
[Sync]Processing ...
[Sync]Ready to process !
[Sync]Trajet ready ...
Checking pods ...
[Sync]Processing ...
[Sync]Ready to process !
[Sync]Trajet ready ...
Checking pods ...
Detection d'un NoMovement . AVADANTIBUGADABRA !
Key movements proccesed !
No movement
Key movements proccesed !
No movement
Detection d'un NoMovement . AVADANTIBUGADABRA !
Detection d'un NoMovement . AVADANTIBUGADABRA !
[Aucun groupe:0:info][Trajet]Execution map 84674821 .
no best match on i =38 : 43
no best match on i =43 : 43
Plus de ressources à récolter disponibles , on passe à la map suivante .
[DEBUG] Path calculated {source : 538=538 , target : 17=17} , let's process it !
[ 538,
  510,
  482,
  454,
  426,
  398,
  370,
  356,
  343,
  329,
  316,
  288,
  273,
  259,
  244,
  230,
  202,
  187,
  159,
  145,
  117,
  102,
  74,
  60,
  45,
  17 ]
Sending map request !
[Aucun groupe:0:info][Trajet]Changement de carte sur une cellule aléatoire .
[Aucun groupe:0:info][Trajet]Execution de la récolte...
[Sync]Processing ...
[Sync]Ready to process !
[Sync]Trajet ready ...
Checking pods ...
Detection d'un NoMovement . AVADANTIBUGADABRA !
Key movements proccesed !
No movement
Detection d'un NoMovement . AVADANTIBUGADABRA !
Detection d'un NoMovement . AVADANTIBUGADABRA !
Detection d'un NoMovement . AVADANTIBUGADABRA !
[Aucun groupe:0:info][Trajet]Execution map 84674821 .
no best match on i =38 : 43
no best match on i =43 : 43
Plus de ressources à récolter disponibles , on passe à la map suivante .
[DEBUG] Path calculated {source : 538=538 , target : 17=17} , let's process it !
[ 538,
  510,
  482,
  454,
  426,
  398,
  370,
  356,
  343,
  329,
  316,
  288,
  273,
  259,
  244,
  230,
  202,
  187,
  159,
  145,
  117,
  102,
  74,
  60,
  45,
  17 ]
Sending map request !
[Aucun groupe:0:info][Trajet]Changement de carte sur une cellule aléatoire .
[Aucun groupe:0:info][Trajet]Execution de la récolte...
Detection d'un NoMovement . AVADANTIBUGADABRA !
Key movements proccesed !
No movement
[Sync]Processing ...
[Sync]Ready to process !
[Sync]Trajet ready ...
Checking pods ...
[Aucun groupe:0:info][Trajet]Execution map 84674821 .
no best match on i =38 : 43
no best match on i =43 : 43
Plus de ressources à récolter disponibles , on passe à la map suivante .
[DEBUG] Path calculated {source : 538=538 , target : 25=25} , let's process it !
[ 538,
  510,
  496,
  468,
  440,
  412,
  384,
  371,
  343,
  329,
  316,
  288,
  260,
  246,
  233,
  205,
  177,
  149,
  121,
  93,
  65,
  51,
  38,
  24,
  25 ]
Sending map request !
[Aucun groupe:0:info][Trajet]Changement de carte sur une cellule aléatoire .
[Aucun groupe:0:info][Trajet]Execution de la récolte...
[Aucun groupe:0:info][Trajet]Execution map 84674821 .
no best match on i =38 : 43
no best match on i =43 : 43
Plus de ressources à récolter disponibles , on passe à la map suivante .
[DEBUG] Path calculated {source : 538=538 , target : 2=2} , let's process it !
[ 538,
  510,
  482,
  454,
  426,
  398,
  370,
  356,
  343,
  329,
  316,
  288,
  273,
  259,
  244,
  230,
  215,
  201,
  186,
  172,
  144,
  129,
  101,
  87,
  59,
  44,
  30,
  2 ]
Sending map request !
[Aucun groupe:0:info][Trajet]Changement de carte sur une cellule aléatoire .
[Aucun groupe:0:info][Trajet]Execution de la récolte...
[Aucun groupe:0:info][Trajet]Execution map 84674821 .
no best match on i =38 : 43
no best match on i =43 : 43
Plus de ressources à récolter disponibles , on passe à la map suivante .
[DEBUG] Path calculated {source : 538=538 , target : 2=2} , let's process it !
[ 538,
  510,
  482,
  454,
  426,
  398,
  370,
  356,
  343,
  329,
  316,
  288,
  273,
  259,
  244,
  230,
  215,
  201,
  186,
  172,
  144,
  129,
  101,
  87,
  59,
  44,
  30,
  2 ]
Sending map request !
[Aucun groupe:0:info][Trajet]Changement de carte sur une cellule aléatoire .
[Aucun groupe:0:info][Trajet]Execution de la récolte...
[Aucun groupe:0:info][Trajet]Execution map 84674821 .
no best match on i =38 : 43
no best match on i =43 : 43
Plus de ressources à récolter disponibles , on passe à la map suivante .
[DEBUG] Path calculated {source : 538=538 , target : 12=12} , let's process it !
[ 538,
  510,
  496,
  468,
  440,
  412,
  399,
  371,
  357,
  329,
  316,
  288,
  274,
  246,
  233,
  205,
  177,
  149,
  121,
  93,
  65,
  51,
  38,
  24,
  11,
  12 ]
Sending map request !
[Aucun groupe:0:info][Trajet]Changement de carte sur une cellule aléatoire .
[Aucun groupe:0:info][Trajet]Execution de la récolte...
[Sync]Processing ...
[Sync]Ready to process !
[Sync]Trajet ready ...
Checking pods ...
[Aucun groupe:0:info][Trajet]Execution map 84674821 .
no best match on i =38 : 43
no best match on i =43 : 43
Plus de ressources à récolter disponibles , on passe à la map suivante .
[DEBUG] Path calculated {source : 538=538 , target : 22=22} , let's process it !
[ 538,
  510,
  482,
  454,
  426,
  398,
  370,
  356,
  343,
  329,
  316,
  288,
  260,
  232,
  204,
  176,
  148,
  120,
  92,
  64,
  50,
  22 ]
Sending map request !
[Aucun groupe:0:info][Trajet]Changement de carte sur une cellule aléatoire .
[Aucun groupe:0:info][Trajet]Execution de la récolte...
[Sync]Processing ...
[Sync]Ready to process !
[Sync]Trajet ready ...
Checking pods ...
Detection d'un NoMovement . AVADANTIBUGADABRA !
Key movements proccesed !
No movement
Key movements proccesed !
No movement
Key movements proccesed !
No movement
Key movements proccesed !
No movement
Key movements proccesed !
No movement
Detection d'un NoMovement . AVADANTIBUGADABRA !
[Sync]Processing ...
[Sync]Ready to process !
[Sync]Trajet ready ...
Checking pods ...
[Sync]Processing ...
[Sync]Ready to process !
[Sync]Trajet ready ...
Checking pods ...
Detection d'un NoMovement . AVADANTIBUGADABRA !
Detection d'un NoMovement . AVADANTIBUGADABRA !
[Sync]Processing ...
[Sync]Ready to process !
[Sync]Trajet ready ...
Checking pods ...
Detection d'un NoMovement . AVADANTIBUGADABRA !
[Sync]Processing ...
[Sync]Ready to process !
[Sync]Trajet ready ...
Checking pods ...
Detection d'un NoMovement . AVADANTIBUGADABRA !
[Sync]Processing ...
[Sync]Ready to process !
[Sync]Trajet ready ...
Checking pods ...
[Aucun groupe:0:info][Trajet]Execution map 84674821 .
no best match on i =38 : 43
no best match on i =43 : 43
Plus de ressources à récolter disponibles , on passe à la map suivante .
[DEBUG] Path calculated {source : 538=538 , target : 23=23} , let's process it !
[ 538,
  510,
  482,
  454,
  426,
  398,
  370,
  356,
  343,
  329,
  316,
  288,
  260,
  232,
  204,
  176,
  148,
  120,
  92,
  78,
  65,
  51,
  23 ]
Sending map request !
[Aucun groupe:0:info][Trajet]Changement de carte sur une cellule aléatoire .
[Aucun groupe:0:info][Trajet]Execution de la récolte...
[Aucun groupe:0:info][Trajet]Execution map 84674821 .
no best match on i =38 : 43
no best match on i =43 : 43
Plus de ressources à récolter disponibles , on passe à la map suivante .
[DEBUG] Path calculated {source : 538=538 , target : 11=11} , let's process it !
[ 538,
  510,
  482,
  454,
  426,
  398,
  370,
  356,
  343,
  329,
  316,
  288,
  260,
  232,
  218,
  190,
  177,
  149,
  121,
  93,
  65,
  51,
  38,
  24,
  11 ]
Sending map request !
[Aucun groupe:0:info][Trajet]Changement de carte sur une cellule aléatoire .
[Aucun groupe:0:info][Trajet]Execution de la récolte...
[Sync]Processing ...
[Sync]Ready to process !
[Sync]Trajet ready ...
Checking pods ...
[Sync]Processing ...
[Sync]Ready to process !
[Sync]Trajet ready ...
Checking pods ...
[Aucun groupe:0:info][Trajet]Execution map 84674821 .
no best match on i =38 : 43
no best match on i =43 : 43
Plus de ressources à récolter disponibles , on passe à la map suivante .
[DEBUG] Path calculated {source : 538=538 , target : 3=3} , let's process it !
[ 538,
  510,
  482,
  454,
  426,
  398,
  370,
  356,
  343,
  329,
  316,
  288,
  273,
  259,
  244,
  230,
  215,
  187,
  173,
  145,
  130,
  102,
  88,
  60,
  45,
  31,
  3 ]
Sending map request !
[Aucun groupe:0:info][Trajet]Changement de carte sur une cellule aléatoire .
[Aucun groupe:0:info][Trajet]Execution de la récolte...
Detection d'un NoMovement . AVADANTIBUGADABRA !
Key movements proccesed !
No movement
Key movements proccesed !
No movement
Key movements proccesed !
No movement
[Aucun groupe:0:info][Trajet]Execution map 84674821 .
no best match on i =38 : 43
no best match on i =43 : 43
Plus de ressources à récolter disponibles , on passe à la map suivante .
[DEBUG] Path calculated {source : 538=538 , target : 16=16} , let's process it !
[ 538,
  510,
  482,
  454,
  426,
  398,
  370,
  356,
  343,
  329,
  316,
  288,
  273,
  259,
  244,
  230,
  215,
  201,
  186,
  158,
  144,
  116,
  101,
  73,
  59,
  44,
  16 ]
Sending map request !
[Aucun groupe:0:info][Trajet]Changement de carte sur une cellule aléatoire .
[Aucun groupe:0:info][Trajet]Execution de la récolte...
[Sync]Processing ...
[Sync]Ready to process !
[Sync]Trajet ready ...
Checking pods ...
Detection d'un NoMovement . AVADANTIBUGADABRA !
Key movements proccesed !
No movement
Detection d'un NoMovement . AVADANTIBUGADABRA !
[Sync]Processing ...
[Sync]Ready to process !
[Sync]Trajet ready ...
Checking pods ...
[Aucun groupe:0:info][Trajet]Execution map 84674821 .
no best match on i =38 : 43
no best match on i =43 : 43
Plus de ressources à récolter disponibles , on passe à la map suivante .
[DEBUG] Path calculated {source : 538=538 , target : 18=18} , let's process it !
[ 538,
  510,
  482,
  454,
  426,
  398,
  370,
  356,
  343,
  329,
  316,
  288,
  260,
  245,
  231,
  203,
  188,
  160,
  146,
  118,
  103,
  75,
  61,
  46,
  18 ]
Sending map request !
[Aucun groupe:0:info][Trajet]Changement de carte sur une cellule aléatoire .
[Aucun groupe:0:info][Trajet]Execution de la récolte...
[Aucun groupe:0:info][Trajet]Execution map 84674821 .
no best match on i =38 : 43
no best match on i =43 : 43
Plus de ressources à récolter disponibles , on passe à la map suivante .
[DEBUG] Path calculated {source : 538=538 , target : 2=2} , let's process it !
[ 538,
  510,
  482,
  454,
  426,
  398,
  370,
  356,
  343,
  329,
  316,
  288,
  273,
  259,
  244,
  230,
  215,
  201,
  186,
  172,
  144,
  129,
  101,
  87,
  59,
  44,
  30,
  2 ]
Sending map request !
[Aucun groupe:0:info][Trajet]Changement de carte sur une cellule aléatoire .
[Aucun groupe:0:info][Trajet]Execution de la récolte...
[Sync]Processing ...
[Sync]Ready to process !
[Sync]Trajet ready ...
Checking pods ...
[Sync]Processing ...
[Sync]Ready to process !
[Sync]Trajet ready ...
Checking pods ...
[Sync]Processing ...
[Sync]Ready to process !
[Sync]Trajet ready ...
Checking pods ...
[Aucun groupe:0:info][Trajet]Execution map 84674821 .
no best match on i =38 : 43
no best match on i =43 : 43
Plus de ressources à récolter disponibles , on passe à la map suivante .
[DEBUG] Path calculated {source : 538=538 , target : 2=2} , let's process it !
[ 538,
  510,
  482,
  454,
  426,
  398,
  370,
  356,
  343,
  329,
  316,
  288,
  273,
  259,
  244,
  230,
  215,
  201,
  186,
  172,
  144,
  129,
  101,
  87,
  59,
  44,
  30,
  2 ]
Sending map request !
[Aucun groupe:0:info][Trajet]Changement de carte sur une cellule aléatoire .
[Aucun groupe:0:info][Trajet]Execution de la récolte...
[Sync]Processing ...
[Sync]Ready to process !
[Sync]Trajet ready ...
Checking pods ...
[Aucun groupe:0:info][Trajet]Execution map 84674821 .
no best match on i =38 : 43
no best match on i =43 : 43
Plus de ressources à récolter disponibles , on passe à la map suivante .
[DEBUG] Path calculated {source : 538=538 , target : 10=10} , let's process it !
[ 538,
  510,
  482,
  454,
  426,
  398,
  370,
  356,
  343,
  329,
  316,
  288,
  260,
  232,
  204,
  176,
  148,
  134,
  121,
  93,
  65,
  51,
  38,
  10 ]
Sending map request !
[Aucun groupe:0:info][Trajet]Changement de carte sur une cellule aléatoire .
[Aucun groupe:0:info][Trajet]Execution de la récolte...
[Sync]Processing ...
[Sync]Ready to process !
[Sync]Trajet ready ...
Checking pods ...
[Aucun groupe:0:info][Trajet]Execution map 84674821 .
no best match on i =38 : 43
no best match on i =43 : 43
Plus de ressources à récolter disponibles , on passe à la map suivante .
[DEBUG] Path calculated {source : 538=538 , target : 24=24} , let's process it !
[ 538,
  510,
  482,
  454,
  426,
  398,
  370,
  356,
  343,
  329,
  316,
  288,
  260,
  232,
  204,
  190,
  162,
  149,
  121,
  93,
  65,
  51,
  38,
  24 ]
Sending map request !
[Aucun groupe:0:info][Trajet]Changement de carte sur une cellule aléatoire .
[Aucun groupe:0:info][Trajet]Execution de la récolte...
[Sync]Processing ...
[Sync]Ready to process !
[Sync]Trajet ready ...
Checking pods ...
[Aucun groupe:0:info][Trajet]Execution map 84674821 .
no best match on i =38 : 43
no best match on i =43 : 43
Plus de ressources à récolter disponibles , on passe à la map suivante .
[DEBUG] Path calculated {source : 538=538 , target : 26=26} , let's process it !
[ 538,
  510,
  496,
  468,
  455,
  427,
  413,
  385,
  372,
  344,
  330,
  302,
  289,
  261,
  233,
  205,
  177,
  149,
  121,
  93,
  65,
  51,
  52,
  39,
  25,
  26 ]
Sending map request !
[Aucun groupe:0:info][Trajet]Changement de carte sur une cellule aléatoire .
[Aucun groupe:0:info][Trajet]Execution de la récolte...
[Sync]Processing ...
[Sync]Ready to process !
[Sync]Trajet ready ...
Checking pods ...
[Sync]Processing ...
[Sync]Ready to process !
[Sync]Trajet ready ...
Checking pods ...
[Aucun groupe:0:info][Trajet]Execution map 84674821 .
no best match on i =38 : 43
no best match on i =43 : 43
Plus de ressources à récolter disponibles , on passe à la map suivante .
[DEBUG] Path calculated {source : 538=538 , target : 8=8} , let's process it !
[ 538,
  510,
  482,
  454,
  426,
  398,
  370,
  356,
  343,
  329,
  316,
  288,
  260,
  232,
  204,
  176,
  148,
  120,
  92,
  64,
  36,
  8 ]
Sending map request !
[Aucun groupe:0:info][Trajet]Changement de carte sur une cellule aléatoire .
[Aucun groupe:0:info][Trajet]Execution de la récolte...
[Aucun groupe:0:info][Trajet]Execution map 84674821 .
no best match on i =38 : 43
no best match on i =43 : 43
Plus de ressources à récolter disponibles , on passe à la map suivante .
[DEBUG] Path calculated {source : 538=538 , target : 12=12} , let's process it !
[ 538,
  510,
  496,
  468,
  440,
  412,
  399,
  371,
  357,
  329,
  316,
  288,
  274,
  246,
  233,
  205,
  177,
  149,
  121,
  93,
  65,
  51,
  38,
  24,
  11,
  12 ]
Sending map request !
[Aucun groupe:0:info][Trajet]Changement de carte sur une cellule aléatoire .
[Aucun groupe:0:info][Trajet]Execution de la récolte...
[Aucun groupe:0:info][Trajet]Execution map 84674821 .
no best match on i =38 : 43
no best match on i =43 : 43
Plus de ressources à récolter disponibles , on passe à la map suivante .
[DEBUG] Path calculated {source : 538=538 , target : 20=20} , let's process it !
[ 538,
  510,
  482,
  454,
  426,
  398,
  370,
  356,
  343,
  329,
  316,
  288,
  260,
  232,
  204,
  176,
  148,
  120,
  105,
  77,
  63,
  48,
  20 ]
Sending map request !
[Aucun groupe:0:info][Trajet]Changement de carte sur une cellule aléatoire .
[Aucun groupe:0:info][Trajet]Execution de la récolte...
[Aucun groupe:0:info][Trajet]Execution map 84674821 .
no best match on i =38 : 43
no best match on i =43 : 43
Plus de ressources à récolter disponibles , on passe à la map suivante .
[DEBUG] Path calculated {source : 538=538 , target : 2=2} , let's process it !
[ 538,
  510,
  482,
  454,
  426,
  398,
  370,
  356,
  343,
  329,
  316,
  288,
  273,
  259,
  244,
  230,
  215,
  201,
  186,
  172,
  144,
  129,
  101,
  87,
  59,
  44,
  30,
  2 ]
Sending map request !
[Aucun groupe:0:info][Trajet]Changement de carte sur une cellule aléatoire .
[Aucun groupe:0:info][Trajet]Execution de la récolte...
[Aucun groupe:0:info][Trajet]Execution map 84674821 .
no best match on i =38 : 43
no best match on i =43 : 43
Plus de ressources à récolter disponibles , on passe à la map suivante .
[DEBUG] Path calculated {source : 538=538 , target : 22=22} , let's process it !
[ 538,
  510,
  482,
  454,
  426,
  398,
  370,
  356,
  343,
  329,
  316,
  288,
  260,
  232,
  204,
  176,
  148,
  120,
  92,
  64,
  50,
  22 ]
Sending map request !
[Aucun groupe:0:info][Trajet]Changement de carte sur une cellule aléatoire .
[Aucun groupe:0:info][Trajet]Execution de la récolte...
[Aucun groupe:0:info][Trajet]Execution map 84674821 .
no best match on i =38 : 43
no best match on i =43 : 43
Plus de ressources à récolter disponibles , on passe à la map suivante .
[DEBUG] Path calculated {source : 538=538 , target : 8=8} , let's process it !
[ 538,
  510,
  482,
  454,
  426,
  398,
  370,
  356,
  343,
  329,
  316,
  288,
  260,
  232,
  204,
  176,
  148,
  120,
  92,
  64,
  36,
  8 ]
Sending map request !
[Aucun groupe:0:info][Trajet]Changement de carte sur une cellule aléatoire .
[Aucun groupe:0:info][Trajet]Execution de la récolte...
[Sync]Processing ...
[Sync]Ready to process !
[Sync]Trajet ready ...
Checking pods ...
[Aucun groupe:0:info][Trajet]Execution map 84674821 .
no best match on i =38 : 43
no best match on i =43 : 43
Plus de ressources à récolter disponibles , on passe à la map suivante .
[DEBUG] Path calculated {source : 538=538 , target : 6=6} , let's process it !
[ 538,
  510,
  482,
  454,
  426,
  398,
  370,
  356,
  343,
  329,
  316,
  288,
  260,
  232,
  204,
  176,
  148,
  133,
  105,
  91,
  63,
  48,
  34,
  6 ]
Sending map request !
[Aucun groupe:0:info][Trajet]Changement de carte sur une cellule aléatoire .
[Aucun groupe:0:info][Trajet]Execution de la récolte...
[Aucun groupe:0:info][Trajet]Execution map 84674821 .
no best match on i =38 : 43
no best match on i =43 : 43
Plus de ressources à récolter disponibles , on passe à la map suivante .
[DEBUG] Path calculated {source : 538=538 , target : 4=4} , let's process it !
[ 538,
  510,
  482,
  454,
  426,
  398,
  370,
  356,
  343,
  329,
  316,
  288,
  273,
  245,
  231,
  216,
  188,
  174,
  146,
  131,
  103,
  89,
  61,
  46,
  32,
  4 ]
Sending map request !
[Aucun groupe:0:info][Trajet]Changement de carte sur une cellule aléatoire .
[Aucun groupe:0:info][Trajet]Execution de la récolte...
[Aucun groupe:0:info][Trajet]Execution map 84674821 .
no best match on i =38 : 43
no best match on i =43 : 43
Plus de ressources à récolter disponibles , on passe à la map suivante .
[DEBUG] Path calculated {source : 538=538 , target : 19=19} , let's process it !
[ 538,
  510,
  482,
  454,
  426,
  398,
  370,
  356,
  343,
  329,
  316,
  288,
  260,
  232,
  204,
  189,
  161,
  147,
  119,
  104,
  76,
  62,
  47,
  19 ]
Sending map request !
[Aucun groupe:0:info][Trajet]Changement de carte sur une cellule aléatoire .
[Aucun groupe:0:info][Trajet]Execution de la récolte...
[Sync]Processing ...
[Sync]Ready to process !
[Sync]Trajet ready ...
Checking pods ...
[Sync]Processing ...
[Sync]Ready to process !
[Sync]Trajet ready ...
Checking pods ...
[Sync]Processing ...
[Sync]Ready to process !
[Sync]Trajet ready ...
Checking pods ...
[Sync]Processing ...
[Sync]Ready to process !
[Sync]Trajet ready ...
Checking pods ...
[Sync]Processing ...
[Sync]Ready to process !
[Sync]Trajet ready ...
Checking pods ...
[Sync]Processing ...
[Sync]Ready to process !
[Sync]Trajet ready ...
Checking pods ...
[Aucun groupe:0:info][Trajet]Execution map 84674821 .
no best match on i =38 : 43
no best match on i =43 : 43
Plus de ressources à récolter disponibles , on passe à la map suivante .
[DEBUG] Path calculated {source : 538=538 , target : 2=2} , let's process it !
[ 538,
  510,
  482,
  454,
  426,
  398,
  370,
  356,
  343,
  329,
  316,
  288,
  273,
  259,
  244,
  230,
  215,
  201,
  186,
  172,
  144,
  129,
  101,
  87,
  59,
  44,
  30,
  2 ]
Sending map request !
[Aucun groupe:0:info][Trajet]Changement de carte sur une cellule aléatoire .
[Aucun groupe:0:info][Trajet]Execution de la récolte...
[Sync]Processing ...
[Sync]Ready to process !
[Sync]Trajet ready ...
Checking pods ...
[Aucun groupe:0:info][Trajet]Execution map 84674821 .
no best match on i =38 : 43
no best match on i =43 : 43
Plus de ressources à récolter disponibles , on passe à la map suivante .
[DEBUG] Path calculated {source : 538=538 , target : 23=23} , let's process it !
[ 538,
  510,
  482,
  454,
  426,
  398,
  370,
  356,
  343,
  329,
  316,
  288,
  260,
  232,
  204,
  176,
  148,
  120,
  92,
  78,
  65,
  51,
  23 ]
Sending map request !
[Aucun groupe:0:info][Trajet]Changement de carte sur une cellule aléatoire .
[Aucun groupe:0:info][Trajet]Execution de la récolte...
[Aucun groupe:0:info][Trajet]Execution map 84674821 .
no best match on i =38 : 43
no best match on i =43 : 43
Plus de ressources à récolter disponibles , on passe à la map suivante .
[DEBUG] Path calculated {source : 538=538 , target : 12=12} , let's process it !
[ 538,
  510,
  496,
  468,
  440,
  412,
  399,
  371,
  357,
  329,
  316,
  288,
  274,
  246,
  233,
  205,
  177,
  149,
  121,
  93,
  65,
  51,
  38,
  24,
  11,
  12 ]
Sending map request !
[Aucun groupe:0:info][Trajet]Changement de carte sur une cellule aléatoire .
[Aucun groupe:0:info][Trajet]Execution de la récolte...
[Sync]Processing ...
[Sync]Ready to process !
[Sync]Trajet ready ...
Checking pods ...
[Sync]Processing ...
[Sync]Ready to process !
[Sync]Trajet ready ...
Checking pods ...
[Aucun groupe:0:info][Trajet]Execution map 84674821 .
no best match on i =38 : 43
no best match on i =43 : 43
Plus de ressources à récolter disponibles , on passe à la map suivante .
[DEBUG] Path calculated {source : 538=538 , target : 5=5} , let's process it !
[ 538,
  510,
  482,
  454,
  426,
  398,
  370,
  356,
  343,
  329,
  316,
  288,
  260,
  232,
  217,
  189,
  175,
  147,
  132,
  104,
  90,
  62,
  47,
  33,
  5 ]
Sending map request !
[Aucun groupe:0:info][Trajet]Changement de carte sur une cellule aléatoire .
[Aucun groupe:0:info][Trajet]Execution de la récolte...
[Aucun groupe:0:info][Trajet]Execution map 84674821 .
no best match on i =38 : 43
no best match on i =43 : 43
Plus de ressources à récolter disponibles , on passe à la map suivante .
[DEBUG] Path calculated {source : 538=538 , target : 18=18} , let's process it !
[ 538,
  510,
  482,
  454,
  426,
  398,
  370,
  356,
  343,
  329,
  316,
  288,
  260,
  245,
  231,
  203,
  188,
  160,
  146,
  118,
  103,
  75,
  61,
  46,
  18 ]
Sending map request !
[Aucun groupe:0:info][Trajet]Changement de carte sur une cellule aléatoire .
[Aucun groupe:0:info][Trajet]Execution de la récolte...
[Aucun groupe:0:info][Trajet]Execution map 84674821 .
no best match on i =38 : 43
no best match on i =43 : 43
Plus de ressources à récolter disponibles , on passe à la map suivante .
[DEBUG] Path calculated {source : 538=538 , target : 24=24} , let's process it !
[ 538,
  510,
  482,
  454,
  426,
  398,
  370,
  356,
  343,
  329,
  316,
  288,
  260,
  232,
  204,
  190,
  162,
  149,
  121,
  93,
  65,
  51,
  38,
  24 ]
Sending map request !
[Aucun groupe:0:info][Trajet]Changement de carte sur une cellule aléatoire .
[Aucun groupe:0:info][Trajet]Execution de la récolte...
[Aucun groupe:0:info][Trajet]Execution map 84674821 .
no best match on i =38 : 43
no best match on i =43 : 43
Plus de ressources à récolter disponibles , on passe à la map suivante .
[DEBUG] Path calculated {source : 538=538 , target : 10=10} , let's process it !
[ 538,
  510,
  482,
  454,
  426,
  398,
  370,
  356,
  343,
  329,
  316,
  288,
  260,
  232,
  204,
  176,
  148,
  134,
  121,
  93,
  65,
  51,
  38,
  10 ]
Sending map request !
[Aucun groupe:0:info][Trajet]Changement de carte sur une cellule aléatoire .
[Aucun groupe:0:info][Trajet]Execution de la récolte...
[Aucun groupe:0:info][Trajet]Execution map 84674821 .
no best match on i =38 : 43
no best match on i =43 : 43
Plus de ressources à récolter disponibles , on passe à la map suivante .
[DEBUG] Path calculated {source : 538=538 , target : 19=19} , let's process it !
[ 538,
  510,
  482,
  454,
  426,
  398,
  370,
  356,
  343,
  329,
  316,
  288,
  260,
  232,
  204,
  189,
  161,
  147,
  119,
  104,
  76,
  62,
  47,
  19 ]
Sending map request !
[Aucun groupe:0:info][Trajet]Changement de carte sur une cellule aléatoire .
[Aucun groupe:0:info][Trajet]Execution de la récolte...
[Aucun groupe:0:info][Trajet]Execution map 84674821 .
no best match on i =38 : 43
no best match on i =43 : 43
Plus de ressources à récolter disponibles , on passe à la map suivante .
[DEBUG] Path calculated {source : 538=538 , target : 16=16} , let's process it !
[ 538,
  510,
  482,
  454,
  426,
  398,
  370,
  356,
  343,
  329,
  316,
  288,
  273,
  259,
  244,
  230,
  215,
  201,
  186,
  158,
  144,
  116,
  101,
  73,
  59,
  44,
  16 ]
Sending map request !
[Aucun groupe:0:info][Trajet]Changement de carte sur une cellule aléatoire .
[Aucun groupe:0:info][Trajet]Execution de la récolte...
[Aucun groupe:0:info][Trajet]Execution map 84674821 .
no best match on i =38 : 43
no best match on i =43 : 43
Plus de ressources à récolter disponibles , on passe à la map suivante .
[DEBUG] Path calculated {source : 538=538 , target : 11=11} , let's process it !
[ 538,
  510,
  482,
  454,
  426,
  398,
  370,
  356,
  343,
  329,
  316,
  288,
  260,
  232,
  218,
  190,
  177,
  149,
  121,
  93,
  65,
  51,
  38,
  24,
  11 ]
Sending map request !
[Aucun groupe:0:info][Trajet]Changement de carte sur une cellule aléatoire .
[Aucun groupe:0:info][Trajet]Execution de la récolte...
Detection d'un NoMovement . AVADANTIBUGADABRA !
Key movements proccesed !
No movement
Key movements proccesed !
No movement
Key movements proccesed !
No movement
Key movements proccesed !
No movement
Key movements proccesed !
No movement
Key movements proccesed !
No movement
Key movements proccesed !
No movement
Key movements proccesed !
No movement
Key movements proccesed !
No movement
Key movements proccesed !
No movement
Key movements proccesed !
No movement
Key movements proccesed !
No movement
Key movements proccesed !
No movement
Key movements proccesed !
No movement
Key movements proccesed !
No movement
Key movements proccesed !
No movement
Key movements proccesed !
No movement
Key movements proccesed !
No movement
Key movements proccesed !
No movement
Key movements proccesed !
No movement
Key movements proccesed !
No movement
Key movements proccesed !
No movement
Key movements proccesed !
No movement
Key movements proccesed !
No movement
Key movements proccesed !
No movement
Detection d'un NoMovement . AVADANTIBUGADABRA !
Detection d'un NoMovement . AVADANTIBUGADABRA !
Detection d'un NoMovement . AVADANTIBUGADABRA !
Detection d'un NoMovement . AVADANTIBUGADABRA !
Detection d'un NoMovement . AVADANTIBUGADABRA !
Detection d'un NoMovement . AVADANTIBUGADABRA !
Detection d'un NoMovement . AVADANTIBUGADABRA !
Detection d'un NoMovement . AVADANTIBUGADABRA !
[Sync]Processing ...
[Sync]Ready to process !
[Sync]Trajet ready ...
Checking pods ...
[Aucun groupe:0:info][Trajet]Execution map 84674821 .
no best match on i =38 : 43
no best match on i =43 : 43
Plus de ressources à récolter disponibles , on passe à la map suivante .
[DEBUG] Path calculated {source : 538=538 , target : 9=9} , let's process it !
[ 538,
  510,
  482,
  454,
  426,
  398,
  370,
  356,
  343,
  329,
  316,
  288,
  260,
  232,
  204,
  176,
  148,
  120,
  92,
  64,
  50,
  37,
  9 ]
Sending map request !
[Aucun groupe:0:info][Trajet]Changement de carte sur une cellule aléatoire .
[Aucun groupe:0:info][Trajet]Execution de la récolte...
Detection d'un NoMovement . AVADANTIBUGADABRA !
Key movements proccesed !
No movement
Detection d'un NoMovement . AVADANTIBUGADABRA !
Detection d'un NoMovement . AVADANTIBUGADABRA !
[Sync]Processing ...
[Sync]Ready to process !
[Sync]Trajet ready ...
Checking pods ...
Detection d'un NoMovement . AVADANTIBUGADABRA !
Detection d'un NoMovement . AVADANTIBUGADABRA !
Detection d'un NoMovement . AVADANTIBUGADABRA !
Detection d'un NoMovement . AVADANTIBUGADABRA !
[Aucun groupe:0:info][Trajet]Execution map 84674821 .
no best match on i =38 : 43
no best match on i =43 : 43
Plus de ressources à récolter disponibles , on passe à la map suivante .
[DEBUG] Path calculated {source : 538=538 , target : 11=11} , let's process it !
[ 538,
  510,
  482,
  454,
  426,
  398,
  370,
  356,
  343,
  329,
  316,
  288,
  260,
  232,
  218,
  190,
  177,
  149,
  121,
  93,
  65,
  51,
  38,
  24,
  11 ]
Sending map request !
[Aucun groupe:0:info][Trajet]Changement de carte sur une cellule aléatoire .
[Aucun groupe:0:info][Trajet]Execution de la récolte...
[Sync]Processing ...
[Sync]Ready to process !
[Sync]Trajet ready ...
Checking pods ...
Detection d'un NoMovement . AVADANTIBUGADABRA !
Key movements proccesed !
No movement
[Aucun groupe:0:info][Trajet]Execution map 84674821 .
no best match on i =38 : 43
no best match on i =43 : 43
Plus de ressources à récolter disponibles , on passe à la map suivante .
[DEBUG] Path calculated {source : 538=538 , target : 26=26} , let's process it !
[ 538,
  510,
  496,
  468,
  455,
  427,
  413,
  385,
  372,
  344,
  330,
  302,
  289,
  261,
  233,
  205,
  177,
  149,
  121,
  93,
  65,
  51,
  52,
  39,
  25,
  26 ]
Sending map request !
[Aucun groupe:0:info][Trajet]Changement de carte sur une cellule aléatoire .
[Aucun groupe:0:info][Trajet]Execution de la récolte...
[Sync]Processing ...
[Sync]Ready to process !
[Sync]Trajet ready ...
Checking pods ...
Detection d'un NoMovement . AVADANTIBUGADABRA !
Key movements proccesed !
No movement
Detection d'un NoMovement . AVADANTIBUGADABRA !
Detection d'un NoMovement . AVADANTIBUGADABRA !
Detection d'un NoMovement . AVADANTIBUGADABRA !
Detection d'un NoMovement . AVADANTIBUGADABRA !
Detection d'un NoMovement . AVADANTIBUGADABRA !
Detection d'un NoMovement . AVADANTIBUGADABRA !
Detection d'un NoMovement . AVADANTIBUGADABRA !
Detection d'un NoMovement . AVADANTIBUGADABRA !
Detection d'un NoMovement . AVADANTIBUGADABRA !
Detection d'un NoMovement . AVADANTIBUGADABRA !
Detection d'un NoMovement . AVADANTIBUGADABRA !
Detection d'un NoMovement . AVADANTIBUGADABRA !
Detection d'un NoMovement . AVADANTIBUGADABRA !
Detection d'un NoMovement . AVADANTIBUGADABRA !
Detection d'un NoMovement . AVADANTIBUGADABRA !
Detection d'un NoMovement . AVADANTIBUGADABRA !
Detection d'un NoMovement . AVADANTIBUGADABRA !
Detection d'un NoMovement . AVADANTIBUGADABRA !
Detection d'un NoMovement . AVADANTIBUGADABRA !
Detection d'un NoMovement . AVADANTIBUGADABRA !
Detection d'un NoMovement . AVADANTIBUGADABRA !
Detection d'un NoMovement . AVADANTIBUGADABRA !
Detection d'un NoMovement . AVADANTIBUGADABRA !
Detection d'un NoMovement . AVADANTIBUGADABRA !
[Sync]Processing ...
[Sync]Ready to process !
[Sync]Trajet ready ...
Checking pods ...
[Aucun groupe:0:info][Trajet]Execution map 84674821 .
no best match on i =38 : 43
no best match on i =43 : 43
Plus de ressources à récolter disponibles , on passe à la map suivante .
[DEBUG] Path calculated {source : 538=538 , target : 20=20} , let's process it !
[ 538,
  510,
  482,
  454,
  426,
  398,
  370,
  356,
  343,
  329,
  316,
  288,
  260,
  232,
  204,
  176,
  148,
  120,
  105,
  77,
  63,
  48,
  20 ]
Sending map request !
[Aucun groupe:0:info][Trajet]Changement de carte sur une cellule aléatoire .
[Aucun groupe:0:info][Trajet]Execution de la récolte...
Detection d'un NoMovement . AVADANTIBUGADABRA !
Key movements proccesed !
No movement
Detection d'un NoMovement . AVADANTIBUGADABRA !
Detection d'un NoMovement . AVADANTIBUGADABRA !
Detection d'un NoMovement . AVADANTIBUGADABRA !
Detection d'un NoMovement . AVADANTIBUGADABRA !
Detection d'un NoMovement . AVADANTIBUGADABRA !
Detection d'un NoMovement . AVADANTIBUGADABRA !
Detection d'un NoMovement . AVADANTIBUGADABRA !
Detection d'un NoMovement . AVADANTIBUGADABRA !
Detection d'un NoMovement . AVADANTIBUGADABRA !
Detection d'un NoMovement . AVADANTIBUGADABRA !
Detection d'un NoMovement . AVADANTIBUGADABRA !
Detection d'un NoMovement . AVADANTIBUGADABRA !
Detection d'un NoMovement . AVADANTIBUGADABRA !
Detection d'un NoMovement . AVADANTIBUGADABRA !
Detection d'un NoMovement . AVADANTIBUGADABRA !
Detection d'un NoMovement . AVADANTIBUGADABRA !
Detection d'un NoMovement . AVADANTIBUGADABRA !
Detection d'un NoMovement . AVADANTIBUGADABRA !
Detection d'un NoMovement . AVADANTIBUGADABRA !
Detection d'un NoMovement . AVADANTIBUGADABRA !
Detection d'un NoMovement . AVADANTIBUGADABRA !
Detection d'un NoMovement . AVADANTIBUGADABRA !
Detection d'un NoMovement . AVADANTIBUGADABRA !
Detection d'un NoMovement . AVADANTIBUGADABRA !
[Sync]Processing ...
[Sync]Ready to process !
[Sync]Trajet ready ...
Checking pods ...
[Aucun groupe:0:info][Trajet]Execution map 84674821 .
no best match on i =38 : 43
no best match on i =43 : 43
Plus de ressources à récolter disponibles , on passe à la map suivante .
[DEBUG] Path calculated {source : 538=538 , target : 19=19} , let's process it !
[ 538,
  510,
  482,
  454,
  426,
  398,
  370,
  356,
  343,
  329,
  316,
  288,
  260,
  232,
  204,
  189,
  161,
  147,
  119,
  104,
  76,
  62,
  47,
  19 ]
Sending map request !
[Aucun groupe:0:info][Trajet]Changement de carte sur une cellule aléatoire .
[Aucun groupe:0:info][Trajet]Execution de la récolte...
[Aucun groupe:0:info][Trajet]Execution map 84674821 .
no best match on i =38 : 43
no best match on i =43 : 43
Plus de ressources à récolter disponibles , on passe à la map suivante .
[DEBUG] Path calculated {source : 538=538 , target : 8=8} , let's process it !
[ 538,
  510,
  482,
  454,
  426,
  398,
  370,
  356,
  343,
  329,
  316,
  288,
  260,
  232,
  204,
  176,
  148,
  120,
  92,
  64,
  36,
  8 ]
Sending map request !
[Aucun groupe:0:info][Trajet]Changement de carte sur une cellule aléatoire .
[Aucun groupe:0:info][Trajet]Execution de la récolte...
[Sync]Processing ...
[Sync]Ready to process !
[Sync]Trajet ready ...
Checking pods ...
[Sync]Processing ...
[Sync]Ready to process !
[Sync]Trajet ready ...
Checking pods ...
[Aucun groupe:0:info][Trajet]Execution map 84674821 .
no best match on i =38 : 43
no best match on i =43 : 43
Plus de ressources à récolter disponibles , on passe à la map suivante .
[DEBUG] Path calculated {source : 538=538 , target : 4=4} , let's process it !
[ 538,
  510,
  482,
  454,
  426,
  398,
  370,
  356,
  343,
  329,
  316,
  288,
  273,
  245,
  231,
  216,
  188,
  174,
  146,
  131,
  103,
  89,
  61,
  46,
  32,
  4 ]
Sending map request !
[Aucun groupe:0:info][Trajet]Changement de carte sur une cellule aléatoire .
[Aucun groupe:0:info][Trajet]Execution de la récolte...
[Sync]Processing ...
[Sync]Ready to process !
[Sync]Trajet ready ...
Checking pods ...
