Server request connecting ...
{"assetsUrl":"https://ankama.akamaized.net/games/dofus-tablette/assets/2.15.15","analytics":{"wizAnalytics":{"localytics":{"token":"9f0bf865fd57d22f0bbea56-cd08f12a-8138-11e5-7c24-00736b041834","options":{"sessionTimeoutSeconds":60,"namespace":"dofus-production"}}},"ankAnalytics":{"debug":false,"analog":false,"useUrlMap":true}},"adjust":{"appToken":"7j60imkfu60w","environment":"EnvironmentProduction"},"logging":{"groups":false,"logLevels":{"time":0,"verbose":0,"debug":1,"info":2,"notice":3,"warning":4,"error":5,"critical":6,"alert":7,"emergency":8},"config":{"console":["none"],"server":["error","critical","alert","emergency"]},"disableOverride":false},"dataUrl":"https://proxyconnection.touch.dofus.com","haapi":{"id":18,"url":"https://haapi.ankama.com/json/Ankama/v2"},"serverLanguages":["en","de","es","fr","it","pt"],"failoverLanguage":"en","uiUrl":"https://proxyconnection.touch.dofus.com/assets","language":"en","sessionId":"BnrpFn18yOC/CXS7"}
Config loaded !
{"key":"5c012620-b013-4f2e-8b7a-e787ee221bab","account_id":112214161,"ip":"196.217.160.16","added_date":"2017-02-22T23:48:30+01:00","meta":[],"data":{},"access":[],"refresh_token":null,"expiration_date":"2017-02-23T02:48:30+01:00"}
Api key : 5c012620-b013-4f2e-8b7a-e787ee221bab
Game token : 9976747fa2d648d88cc4e30a04648e53
[Aucun groupe:0:info][processIdentification]...
Connecting to login server (https://proxyconnection.touch.dofus.com?STICKER=BnrpFn18yOC%2FCXS7) ...
Connection opened !
[Aucun groupe:0:info]Identification connection opened !
[Aucun groupe:0:info]3/3 in login queue...
[Aucun groupe:0:info]2/2 in login queue...
[Aucun groupe:0:info]0/1 in login queue...
[Aucun groupe:0:info]Identification success (1465968706082599921) !
[Aucun groupe:0:info]Servers list received !
[Aucun groupe:0:info][processServerSelection]...
[Aucun groupe:0:info]Request for server infos (id : 403) ...
Prmus close connection !
migrating...
Connection opened !
[Aucun groupe:0:info]Game connection opened !
[Aucun groupe:0:success][processServerSelection]OK
[Aucun groupe:0:info][processsCharacterSelection]...
[Aucun groupe:0:info]Request for characters ...
[Aucun groupe:0:info]Selecting frist character (Aim-Fire) ...
Checking pods ...
Sequence ready !
[Aucun groupe:0:info][Infos]Welcome to DOFUS, and welcome to the World of Twelve! 
Remember that it is <b>strictly forbidden</b> to disclose your account name or password.
[Aucun groupe:0:info][Infos]You have recovered <b>330</b> energy points.
[Aucun groupe:0:info][Infos]There will be a server maintenance in 9 hours, 41 minutes.
{"call":"global-state-request"}
Server request for state ...
[InventoryManager]Items infos loaded !
-----------Map updated---------------
[Sync]Processing ...
[Sync]Ready to process !
Checking pods ...
[Sync]Trajet ready ...
[Trajet]No trajet loaded !
{"call":"global-state-request"}
Server request for state ...
{"call":"update-fight-max-fighters","data":8}
[botData]Config for Aim-Fire saved !
{"call":"update-fight-min-fighters","data":1}
[botData]Config for Aim-Fire saved !
{"call":"update-fight-mode","data":null}
{"call":"set-ia-type","data":"default"}
[botData]Config for Aim-Fire saved !
[mainProcessFrame]IA updated to default
{"call":"update-fight-mode","data":1}
