Server request connecting ...
Inventory : 0
{"assetsUrl":"https://ankama.akamaized.net/games/dofus-tablette/assets/2.15.15","analytics":{"wizAnalytics":{"localytics":{"token":"9f0bf865fd57d22f0bbea56-cd08f12a-8138-11e5-7c24-00736b041834","options":{"sessionTimeoutSeconds":60,"namespace":"dofus-production"}}},"ankAnalytics":{"debug":false,"analog":false,"useUrlMap":true}},"adjust":{"appToken":"7j60imkfu60w","environment":"EnvironmentProduction"},"logging":{"groups":false,"logLevels":{"time":0,"verbose":0,"debug":1,"info":2,"notice":3,"warning":4,"error":5,"critical":6,"alert":7,"emergency":8},"config":{"console":["none"],"server":["error","critical","alert","emergency"]},"disableOverride":false},"dataUrl":"https://proxyconnection.touch.dofus.com","haapi":{"id":18,"url":"https://haapi.ankama.com/json/Ankama/v2"},"serverLanguages":["en","de","es","fr","it","pt"],"failoverLanguage":"en","uiUrl":"https://proxyconnection.touch.dofus.com/assets","language":"en","sessionId":"f/lzRvsveL+x7dCS"}
Config loaded !
{"key":"f254548b-6835-4581-9645-bae781f99c1a","account_id":112984462,"ip":"41.141.138.119","added_date":"2017-02-18T22:26:22+01:00","meta":[],"data":{},"access":[],"refresh_token":null,"expiration_date":"2017-02-19T01:26:22+01:00"}
Api key : f254548b-6835-4581-9645-bae781f99c1a
Game token : c92d666f20b504443f3833b8a94ebd1d
[Aucun groupe:0:info][processIdentification]...
Connecting to login server (https://proxyconnection.touch.dofus.com?STICKER=f%2FlzRvsveL%2Bx7dCS) ...
Connection opened !
[Aucun groupe:0:info]Identification connection opened !
[Aucun groupe:0:info]Identification success (1465968706063120468) !
[Aucun groupe:0:info]Servers list received !
[Aucun groupe:0:info][processServerSelection]...
[Aucun groupe:0:info]Request for server infos (id : 403) ...
Prmus close connection !
migrating...
Connection opened !
[Aucun groupe:0:info]Game connection opened !
[Aucun groupe:0:success][processServerSelection]OK
[Aucun groupe:0:info][processsCharacterSelection]...
[Aucun groupe:0:info]Request for characters ...
[Aucun groupe:0:info]Selecting frist character (Miss-Lagertha) ...
[Aucun groupe:0:info][Inventory]Object : 110093909 selected for regen !
[Aucun groupe:0:info][Inventory]Object : 110093910 selected for regen !
[Aucun groupe:0:info][Inventory]Object : 110093911 selected for regen !
[Aucun groupe:0:info][Inventory]Object : 110093912 selected for regen !
[InventoryManager]Items infos loaded !
Checking pods ...
Sequence ready !
[Aucun groupe:0:info][Infos]Welcome to DOFUS, and welcome to the World of Twelve! 
Remember that it is <b>strictly forbidden</b> to disclose your account name or password.
{"call":"global-state-request"}
Server request for state ...
{"call":"global-state-request"}
Server request for state ...
[Sync]Processing ...
[Sync]Ready to process !
[Sync]Trajet ready ...
Checking pods ...
[Trajet]No trajet loaded !
Debug command received .
{ sendWebRequestToDataUrl: [Function: SendWebRequestToDataUrl],
  getSpellsInfos: [Function],
  getSpellLevelsInfos: [Function],
  getItemsInfos: [Function],
  getBreedsInfos: [Function],
  getSubAreasInfos: [Function],
  getPhoenixInfos: [Function],
  getBankInfos: [Function],
  isBankIndoor: [Function] }
TypeError: Cannot read property 'jobsManager' of undefined
    at EventEmitter.bot.connection.dispatcher.on.e (C:\Users\Zakaria\Desktop\KingTouch\KingToutchManager\king-touch-src\engine\core\sync.js:24:40)
    at emitOne (events.js:96:13)
    at EventEmitter.emit (events.js:188:7)
    at Primus.<anonymous> (C:\Users\Zakaria\Desktop\KingTouch\KingToutchManager\king-touch-src\network\clientConnection.js:67:19)
    at emitTwo (events.js:106:13)
    at Primus.emit (events.js:191:7)
    at done (C:\Users\Zakaria\Desktop\KingTouch\KingToutchManager\king-touch-src\network\primus.js:2569:48)
    at transform (C:\Users\Zakaria\Desktop\KingTouch\KingToutchManager\king-touch-src\network\primus.js:2540:30)
    at Primus.transforms (C:\Users\Zakaria\Desktop\KingTouch\KingToutchManager\king-touch-src\network\primus.js:2561:4)
    at decoding (C:\Users\Zakaria\Desktop\KingTouch\KingToutchManager\king-touch-src\network\primus.js:2338:14)
