Server request connecting ...
Inventory : 0
{"assetsUrl":"https://ankama.akamaized.net/games/dofus-tablette/assets/2.15.15","analytics":{"wizAnalytics":{"localytics":{"token":"9f0bf865fd57d22f0bbea56-cd08f12a-8138-11e5-7c24-00736b041834","options":{"sessionTimeoutSeconds":60,"namespace":"dofus-production"}}},"ankAnalytics":{"debug":false,"analog":false,"useUrlMap":true}},"adjust":{"appToken":"7j60imkfu60w","environment":"EnvironmentProduction"},"logging":{"groups":false,"logLevels":{"time":0,"verbose":0,"debug":1,"info":2,"notice":3,"warning":4,"error":5,"critical":6,"alert":7,"emergency":8},"config":{"console":["none"],"server":["error","critical","alert","emergency"]},"disableOverride":false},"dataUrl":"https://proxyconnection.touch.dofus.com","haapi":{"id":18,"url":"https://haapi.ankama.com/json/Ankama/v2"},"serverLanguages":["en","de","es","fr","it","pt"],"failoverLanguage":"en","uiUrl":"https://proxyconnection.touch.dofus.com/assets","language":"en","sessionId":"VCiRPDm0rXCLX8XK"}
Config loaded !
{"key":"b3603b8e-b630-4524-9516-f8fd82af7770","account_id":112984462,"ip":"105.157.44.165","added_date":"2017-02-19T13:37:35+01:00","meta":[],"data":{},"access":[],"refresh_token":null,"expiration_date":"2017-02-19T16:37:35+01:00"}
Api key : b3603b8e-b630-4524-9516-f8fd82af7770
Game token : c6bec6ef111168f021c02794afec338e
[Aucun groupe:0:info][processIdentification]...
Connecting to login server (https://proxyconnection.touch.dofus.com?STICKER=VCiRPDm0rXCLX8XK) ...
Connection opened !
[Aucun groupe:0:info]Identification connection opened !
[Aucun groupe:0:info]Identification success (1465968706065406579) !
[Aucun groupe:0:info]Servers list received !
[Aucun groupe:0:info][processServerSelection]...
[Aucun groupe:0:info]Request for server infos (id : 403) ...
Prmus close connection !
migrating...
Connection opened !
[Aucun groupe:0:info]Game connection opened !
[Aucun groupe:0:success][processServerSelection]OK
[Aucun groupe:0:info][processsCharacterSelection]...
[Aucun groupe:0:info]Request for characters ...
[Aucun groupe:0:info]Selecting frist character (Miss-Lagertha) ...
[Aucun groupe:0:info][Inventory]Object : 130332591 selected for regen !
[Aucun groupe:0:info][Inventory]Object : 130332592 selected for regen !
[Aucun groupe:0:info][Inventory]Object : 130332593 selected for regen !
[Aucun groupe:0:info][Inventory]Object : 130332594 selected for regen !
Checking pods ...
Sequence ready !
[Aucun groupe:0:info][Infos]Welcome to DOFUS, and welcome to the World of Twelve! 
Remember that it is <b>strictly forbidden</b> to disclose your account name or password.
[InventoryManager]Items infos loaded !
{"call":"global-state-request"}
Server request for state ...
{"call":"global-state-request"}
Server request for state ...
{"call":"global-state-request"}
Server request for state ...
Undefined actor {"_type":"GameRolePlayNpcWithQuestInformations","contextualId":-1,"look":{"_type":"EntityLook","bonesId":1,"skins":[110,2172,227],"indexedColors":[33542780,50307866,60141352,72773666,100657218],"scales":[145],"subentities":[]},"disposition":{"_type":"EntityDispositionInformations","cellId":246,"direction":3},"npcId":609,"sex":false,"specialArtworkId":0,"questFlag":{"_type":"GameRolePlayNpcQuestFlag","questsToValidId":[],"questsToStartId":[889]},"_npcData":{"_type":"Npc","id":609,"nameId":"Guy San Nolan","dialogMessages":[[2467,9019],[2468,17767],[7210,9364],[9628,13538],[9629,17591],[9630,13523],[9631,17589],[9679,10712],[9693,13714],[10271,12876]],"dialogReplies":[[2124,23685],[6904,24180],[10114,21529],[10115,21528],[10171,23211],[10186,22924],[11133,28015],[11134,28971]],"actions":[3],"gender":0,"look":"{1|110,2172,227|5=#ffe842,2=#ffa31a,4=#567022,1=#ffd27c,3=#95af28|145}","animFunList":[],"actionsName":["Talk"]}}
[Sync]Processing ...
[Sync]Ready to process !
[Sync]Trajet ready ...
Checking pods ...
[Trajet]No trajet loaded !
[INACTIVITY] Soft debug on zahidsacri .
[Trajet]No trajet loaded !
[INACTIVITY] Soft debug on zahidsacri .
[Trajet]No trajet loaded !
[INACTIVITY] Soft debug on zahidsacri .
[Trajet]No trajet loaded !
[INACTIVITY] Soft debug on zahidsacri .
[Trajet]No trajet loaded !
[INACTIVITY] Soft debug on zahidsacri .
[Trajet]No trajet loaded !
[INACTIVITY] Soft debug on zahidsacri .
[Trajet]No trajet loaded !
[INACTIVITY] Soft debug on zahidsacri .
[Trajet]No trajet loaded !
Unknow game context remove element {"_messageType":"GameContextRemoveElementMessage","id":-5,"_isInitialized":true}
[INACTIVITY] Soft debug on zahidsacri .
[Trajet]No trajet loaded !
[INACTIVITY] Soft debug on zahidsacri .
[Trajet]No trajet loaded !
[INACTIVITY] Hard debug on zahidsacri .
Reconnection request ...
Session for zahidsacri exported !
