Server request connecting ...
{"assetsUrl":"https://ankama.akamaized.net/games/dofus-tablette/assets/2.15.15","analytics":{"wizAnalytics":{"localytics":{"token":"9f0bf865fd57d22f0bbea56-cd08f12a-8138-11e5-7c24-00736b041834","options":{"sessionTimeoutSeconds":60,"namespace":"dofus-production"}}},"ankAnalytics":{"debug":false,"analog":false,"useUrlMap":true}},"adjust":{"appToken":"7j60imkfu60w","environment":"EnvironmentProduction"},"logging":{"groups":false,"logLevels":{"time":0,"verbose":0,"debug":1,"info":2,"notice":3,"warning":4,"error":5,"critical":6,"alert":7,"emergency":8},"config":{"console":["none"],"server":["error","critical","alert","emergency"]},"disableOverride":false},"dataUrl":"https://proxyconnection.touch.dofus.com","haapi":{"id":18,"url":"https://haapi.ankama.com/json/Ankama/v2"},"serverLanguages":["en","de","es","fr","it","pt"],"failoverLanguage":"en","uiUrl":"https://proxyconnection.touch.dofus.com/assets","language":"en","sessionId":"NgyqM+CFrQO+gyg5"}
Config loaded !
{"key":"55406dcd-274e-47bc-924e-f369633b21b6","account_id":112984462,"ip":"196.217.157.212","added_date":"2017-02-16T21:42:45+01:00","meta":[],"data":{},"access":[],"refresh_token":null,"expiration_date":"2017-02-17T00:42:45+01:00"}
Api key : 55406dcd-274e-47bc-924e-f369633b21b6
Game token : undefined
[Aucun groupe:0:info][processIdentification]...
Connecting to login server (https://proxyconnection.touch.dofus.com?STICKER=NgyqM%2BCFrQO%2Bgyg5) ...
Connection opened !
[Aucun groupe:0:info]Identification connection opened !
Connection closed
[Aucun groupe:0:info]<span color="red">Connection closed, reloading client ...</span>
Session for zahidsacri exported !
Reconnecting undefined ...
Rescuring session...
{"assetsUrl":"https://ankama.akamaized.net/games/dofus-tablette/assets/2.15.15","analytics":{"wizAnalytics":{"localytics":{"token":"9f0bf865fd57d22f0bbea56-cd08f12a-8138-11e5-7c24-00736b041834","options":{"sessionTimeoutSeconds":60,"namespace":"dofus-production"}}},"ankAnalytics":{"debug":false,"analog":false,"useUrlMap":true}},"adjust":{"appToken":"7j60imkfu60w","environment":"EnvironmentProduction"},"logging":{"groups":false,"logLevels":{"time":0,"verbose":0,"debug":1,"info":2,"notice":3,"warning":4,"error":5,"critical":6,"alert":7,"emergency":8},"config":{"console":["none"],"server":["error","critical","alert","emergency"]},"disableOverride":false},"dataUrl":"https://proxyconnection.touch.dofus.com","haapi":{"id":18,"url":"https://haapi.ankama.com/json/Ankama/v2"},"serverLanguages":["en","de","es","fr","it","pt"],"failoverLanguage":"en","uiUrl":"https://proxyconnection.touch.dofus.com/assets","language":"en","sessionId":"1D5yUt2VLgSB/KIn"}
Config loaded !
{"key":"5fa024c9-2df5-42c5-a9dd-e31ebbd72328","account_id":112984462,"ip":"196.217.157.212","added_date":"2017-02-16T21:42:49+01:00","meta":[],"data":{},"access":[],"refresh_token":null,"expiration_date":"2017-02-17T00:42:49+01:00"}
Api key : 5fa024c9-2df5-42c5-a9dd-e31ebbd72328
Game token : ac6134ccd9275eb6534145547f949238
[Aucun groupe:0:info][processIdentification]...
Connecting to login server (https://proxyconnection.touch.dofus.com?STICKER=1D5yUt2VLgSB%2FKIn) ...
Connection opened !
[Aucun groupe:0:info]Identification connection opened !
[Aucun groupe:0:info]160/160 in login queue...
[Aucun groupe:0:info]126/149 in login queue...
[Aucun groupe:0:info]116/155 in login queue...
[Aucun groupe:0:info]98/136 in login queue...
[Aucun groupe:0:info]76/118 in login queue...
[Aucun groupe:0:info]43/85 in login queue...
[Aucun groupe:0:info]41/83 in login queue...
[Aucun groupe:0:info]32/75 in login queue...
[Aucun groupe:0:info]30/78 in login queue...
[Aucun groupe:0:info]23/78 in login queue...
[Aucun groupe:0:info]17/75 in login queue...
[Aucun groupe:0:info]17/74 in login queue...
[Aucun groupe:0:info]14/68 in login queue...
[Aucun groupe:0:info]11/76 in login queue...
[Aucun groupe:0:info]10/74 in login queue...
[Aucun groupe:0:info]5/65 in login queue...
[Aucun groupe:0:info]0/60 in login queue...
[Aucun groupe:0:info]Identification success (1465968706052631743) !
[Aucun groupe:0:info]Servers list received !
[Aucun groupe:0:info][processServerSelection]...
[Aucun groupe:0:info]Request for server infos (id : 403) ...
Connection closed
migrating...
Connection opened !
[Aucun groupe:0:info]Game connection opened !
[Aucun groupe:0:success][processServerSelection]OK
[Aucun groupe:0:info][processsCharacterSelection]...
[Aucun groupe:0:info]Request for characters ...
[Aucun groupe:0:info]Selecting frist character (Miss-Lagertha) ...
Set default config for Miss-Lagertha
[Aucun groupe:0:info][Inventory]Object : 27397232 selected for regen !
[Aucun groupe:0:info][Inventory]Object : 27397233 selected for regen !
[Aucun groupe:0:info][Inventory]Object : 27397234 selected for regen !
[Aucun groupe:0:info][Inventory]Object : 27397235 selected for regen !
Sequence ready !
[Aucun groupe:0:info][Infos]Welcome to DOFUS, and welcome to the World of Twelve! 
Remember that it is <b>strictly forbidden</b> to disclose your account name or password.
{"call":"global-state-request"}
Server request for state ...
[InventoryManager]Items infos loaded !
[Sync]Processing ...
[Sync]Ready to process !
[Sync]Trajet ready ...
[Trajet]No trajet loaded !
Debug command received .
{ interactive: 
   { _type: 'InteractiveElementWithAgeBonus',
     elementId: 462986,
     elementTypeId: 38,
     enabledSkills: [ [Object] ],
     disabledSkills: [],
     ageBonus: 0,
     _name: 'Wheat' },
  stated: 
   { _type: 'StatedElement',
     elementId: 462986,
     elementCellId: 160,
     elementState: 0 } }
{ interactive: 
   { _type: 'InteractiveElementWithAgeBonus',
     elementId: 462987,
     elementTypeId: 38,
     enabledSkills: [ [Object] ],
     disabledSkills: [],
     ageBonus: 0,
     _name: 'Wheat' },
  stated: 
   { _type: 'StatedElement',
     elementId: 462987,
     elementCellId: 174,
     elementState: 0 } }
{ interactive: 
   { _type: 'InteractiveElement',
     elementId: 462988,
     elementTypeId: 38,
     enabledSkills: [],
     disabledSkills: [ [Object] ],
     _name: 'Wheat' },
  stated: 
   { _type: 'StatedElement',
     elementId: 462988,
     elementCellId: 161,
     elementState: 1 } }
{ interactive: 
   { _type: 'InteractiveElementWithAgeBonus',
     elementId: 462989,
     elementTypeId: 38,
     enabledSkills: [ [Object] ],
     disabledSkills: [],
     ageBonus: 0,
     _name: 'Wheat' },
  stated: 
   { _type: 'StatedElement',
     elementId: 462989,
     elementCellId: 188,
     elementState: 0 } }
{ interactive: 
   { _type: 'InteractiveElement',
     elementId: 462990,
     elementTypeId: 38,
     enabledSkills: [],
     disabledSkills: [ [Object] ],
     _name: 'Wheat' },
  stated: 
   { _type: 'StatedElement',
     elementId: 462990,
     elementCellId: 346,
     elementState: 1 } }
{ interactive: 
   { _type: 'InteractiveElementWithAgeBonus',
     elementId: 462991,
     elementTypeId: 38,
     enabledSkills: [ [Object] ],
     disabledSkills: [],
     ageBonus: 0,
     _name: 'Wheat' },
  stated: 
   { _type: 'StatedElement',
     elementId: 462991,
     elementCellId: 103,
     elementState: 0 } }
{ interactive: 
   { _type: 'InteractiveElementWithAgeBonus',
     elementId: 462992,
     elementTypeId: 38,
     enabledSkills: [ [Object] ],
     disabledSkills: [],
     ageBonus: 0,
     _name: 'Wheat' },
  stated: 
   { _type: 'StatedElement',
     elementId: 462992,
     elementCellId: 289,
     elementState: 0 } }
{ interactive: 
   { _type: 'InteractiveElement',
     elementId: 462993,
     elementTypeId: 38,
     enabledSkills: [],
     disabledSkills: [ [Object] ],
     _name: 'Wheat' },
  stated: 
   { _type: 'StatedElement',
     elementId: 462993,
     elementCellId: 290,
     elementState: 1 } }
{ interactive: 
   { _type: 'InteractiveElementWithAgeBonus',
     elementId: 462994,
     elementTypeId: 38,
     enabledSkills: [ [Object] ],
     disabledSkills: [],
     ageBonus: 0,
     _name: 'Wheat' },
  stated: 
   { _type: 'StatedElement',
     elementId: 462994,
     elementCellId: 347,
     elementState: 0 } }
{ interactive: 
   { _type: 'InteractiveElementWithAgeBonus',
     elementId: 462995,
     elementTypeId: 38,
     enabledSkills: [ [Object] ],
     disabledSkills: [],
     ageBonus: 0,
     _name: 'Wheat' },
  stated: 
   { _type: 'StatedElement',
     elementId: 462995,
     elementCellId: 158,
     elementState: 0 } }
{ interactive: 
   { _type: 'InteractiveElementWithAgeBonus',
     elementId: 462996,
     elementTypeId: 38,
     enabledSkills: [ [Object] ],
     disabledSkills: [],
     ageBonus: 0,
     _name: 'Wheat' },
  stated: 
   { _type: 'StatedElement',
     elementId: 462996,
     elementCellId: 304,
     elementState: 0 } }
{ interactive: 
   { _type: 'InteractiveElementWithAgeBonus',
     elementId: 462997,
     elementTypeId: 38,
     enabledSkills: [ [Object] ],
     disabledSkills: [],
     ageBonus: 0,
     _name: 'Wheat' },
  stated: 
   { _type: 'StatedElement',
     elementId: 462997,
     elementCellId: 383,
     elementState: 0 } }
{ interactive: 
   { _type: 'InteractiveElementWithAgeBonus',
     elementId: 462998,
     elementTypeId: 38,
     enabledSkills: [ [Object] ],
     disabledSkills: [],
     ageBonus: 0,
     _name: 'Wheat' },
  stated: 
   { _type: 'StatedElement',
     elementId: 462998,
     elementCellId: 132,
     elementState: 0 } }
{ interactive: 
   { _type: 'InteractiveElementWithAgeBonus',
     elementId: 462999,
     elementTypeId: 38,
     enabledSkills: [ [Object] ],
     disabledSkills: [],
     ageBonus: 0,
     _name: 'Wheat' },
  stated: 
   { _type: 'StatedElement',
     elementId: 462999,
     elementCellId: 359,
     elementState: 0 } }
{ interactive: 
   { _type: 'InteractiveElement',
     elementId: 463000,
     elementTypeId: 38,
     enabledSkills: [],
     disabledSkills: [ [Object] ],
     _name: 'Wheat' },
  stated: 
   { _type: 'StatedElement',
     elementId: 463000,
     elementCellId: 159,
     elementState: 1 } }
{ interactive: 
   { _type: 'InteractiveElement',
     elementId: 463001,
     elementTypeId: 38,
     enabledSkills: [],
     disabledSkills: [ [Object] ],
     _name: 'Wheat' },
  stated: 
   { _type: 'StatedElement',
     elementId: 463001,
     elementCellId: 368,
     elementState: 1 } }
{ interactive: 
   { _type: 'InteractiveElementWithAgeBonus',
     elementId: 463002,
     elementTypeId: 38,
     enabledSkills: [ [Object] ],
     disabledSkills: [],
     ageBonus: 0,
     _name: 'Wheat' },
  stated: 
   { _type: 'StatedElement',
     elementId: 463002,
     elementCellId: 215,
     elementState: 0 } }
{ interactive: 
   { _type: 'InteractiveElement',
     elementId: 463003,
     elementTypeId: 38,
     enabledSkills: [],
     disabledSkills: [ [Object] ],
     _name: 'Wheat' },
  stated: 
   { _type: 'StatedElement',
     elementId: 463003,
     elementCellId: 330,
     elementState: 1 } }
{ interactive: 
   { _type: 'InteractiveElementWithAgeBonus',
     elementId: 463004,
     elementTypeId: 38,
     enabledSkills: [ [Object] ],
     disabledSkills: [],
     ageBonus: 0,
     _name: 'Wheat' },
  stated: 
   { _type: 'StatedElement',
     elementId: 463004,
     elementCellId: 382,
     elementState: 0 } }
{ interactive: 
   { _type: 'InteractiveElement',
     elementId: 463005,
     elementTypeId: 38,
     enabledSkills: [],
     disabledSkills: [ [Object] ],
     _name: 'Wheat' },
  stated: 
   { _type: 'StatedElement',
     elementId: 463005,
     elementCellId: 305,
     elementState: 1 } }
{ interactive: 
   { _type: 'InteractiveElementWithAgeBonus',
     elementId: 463006,
     elementTypeId: 38,
     enabledSkills: [ [Object] ],
     disabledSkills: [],
     ageBonus: 0,
     _name: 'Wheat' },
  stated: 
   { _type: 'StatedElement',
     elementId: 463006,
     elementCellId: 354,
     elementState: 0 } }
{ interactive: 
   { _type: 'InteractiveElementWithAgeBonus',
     elementId: 463007,
     elementTypeId: 38,
     enabledSkills: [ [Object] ],
     disabledSkills: [],
     ageBonus: 0,
     _name: 'Wheat' },
  stated: 
   { _type: 'StatedElement',
     elementId: 463007,
     elementCellId: 369,
     elementState: 0 } }
{ interactive: 
   { _type: 'InteractiveElement',
     elementId: 463008,
     elementTypeId: 38,
     enabledSkills: [],
     disabledSkills: [ [Object] ],
     _name: 'Wheat' },
  stated: 
   { _type: 'StatedElement',
     elementId: 463008,
     elementCellId: 325,
     elementState: 1 } }
{ interactive: 
   { _type: 'InteractiveElementWithAgeBonus',
     elementId: 463009,
     elementTypeId: 38,
     enabledSkills: [ [Object] ],
     disabledSkills: [],
     ageBonus: 0,
     _name: 'Wheat' },
  stated: 
   { _type: 'StatedElement',
     elementId: 463009,
     elementCellId: 341,
     elementState: 0 } }
Fini
{ interactive: 
   { _type: 'InteractiveElement',
     elementId: 463003,
     elementTypeId: 38,
     enabledSkills: [],
     disabledSkills: [ [Object] ],
     _name: 'Wheat' },
  stated: 
   { _type: 'StatedElement',
     elementId: 463003,
     elementCellId: 330,
     elementState: 1 } }
Fini
null
