Server request connecting ...
Inventory : 0
{"assetsUrl":"https://ankama.akamaized.net/games/dofus-tablette/assets/2.15.15","analytics":{"wizAnalytics":{"localytics":{"token":"9f0bf865fd57d22f0bbea56-cd08f12a-8138-11e5-7c24-00736b041834","options":{"sessionTimeoutSeconds":60,"namespace":"dofus-production"}}},"ankAnalytics":{"debug":false,"analog":false,"useUrlMap":true}},"adjust":{"appToken":"7j60imkfu60w","environment":"EnvironmentProduction"},"logging":{"groups":false,"logLevels":{"time":0,"verbose":0,"debug":1,"info":2,"notice":3,"warning":4,"error":5,"critical":6,"alert":7,"emergency":8},"config":{"console":["none"],"server":["error","critical","alert","emergency"]},"disableOverride":false},"dataUrl":"https://proxyconnection.touch.dofus.com","haapi":{"id":18,"url":"https://haapi.ankama.com/json/Ankama/v2"},"serverLanguages":["en","de","es","fr","it","pt"],"failoverLanguage":"en","uiUrl":"https://proxyconnection.touch.dofus.com/assets","language":"en","sessionId":"tNjx3nSN5KPzg6pY"}
Config loaded !
{"key":"b3336f8b-eb63-4eba-b4fa-867a72e3fe3a","account_id":112984462,"ip":"105.157.44.165","added_date":"2017-02-19T15:07:00+01:00","meta":[],"data":{},"access":[],"refresh_token":null,"expiration_date":"2017-02-19T18:07:00+01:00"}
Api key : b3336f8b-eb63-4eba-b4fa-867a72e3fe3a
Game token : e6e8cbe95e8d820acdb6092437cba4d0
[Aucun groupe:0:info][processIdentification]...
Connecting to login server (https://proxyconnection.touch.dofus.com?STICKER=tNjx3nSN5KPzg6pY) ...
Connection opened !
[Aucun groupe:0:info]Identification connection opened !
[Aucun groupe:0:info]3/3 in login queue...
[Aucun groupe:0:info]2/2 in login queue...
[Aucun groupe:0:info]2/3 in login queue...
[Aucun groupe:0:info]1/3 in login queue...
[Aucun groupe:0:info]1/2 in login queue...
[Aucun groupe:0:info]0/1 in login queue...
[Aucun groupe:0:info]Identification success (1465968706065744253) !
[Aucun groupe:0:info]Servers list received !
[Aucun groupe:0:info][processServerSelection]...
[Aucun groupe:0:info]Request for server infos (id : 403) ...
Prmus close connection !
migrating...
Connection opened !
[Aucun groupe:0:info]Game connection opened !
[Aucun groupe:0:success][processServerSelection]OK
[Aucun groupe:0:info][processsCharacterSelection]...
[Aucun groupe:0:info]Request for characters ...
[Aucun groupe:0:info]Selecting frist character (Miss-Lagertha) ...
[Aucun groupe:0:info][Inventory]Object : 133975643 selected for regen !
[Aucun groupe:0:info][Inventory]Object : 133975644 selected for regen !
[Aucun groupe:0:info][Inventory]Object : 133975645 selected for regen !
[Aucun groupe:0:info][Inventory]Object : 133975646 selected for regen !
[InventoryManager]Items infos loaded !
Checking pods ...
Sequence ready !
[Aucun groupe:0:info][Infos]Welcome to DOFUS, and welcome to the World of Twelve! 
Remember that it is <b>strictly forbidden</b> to disclose your account name or password.
{"call":"global-state-request"}
Server request for state ...
[Sync]Processing ...
[Sync]Ready to process !
[Sync]Trajet ready ...
Checking pods ...
[DEBUG] Bot state set to : READY .
[Trajet]No trajet loaded !
{"call":"global-state-request"}
Server request for state ...
{"call":"update-fight-max-fighters","data":8}
[botData]Config for Miss-Lagertha saved !
{"call":"update-fight-min-fighters","data":1}
[botData]Config for Miss-Lagertha saved !
{"call":"set-ia-type","data":"default"}
[botData]Config for Miss-Lagertha saved !
[mainProcessFrame]Fight mode updated to default
{"call":"trajet-load","data":{"trajet":{"trajet":{"fights":[],"recolte":[{"map":84675330,"dir":"top"},{"map":84675331,"dir":"top"},{"map":84675332,"dir":"left"},{"map":84674820,"dir":"top"},{"map":84674821,"dir":"top"},{"map":84674822,"dir":"right"},{"map":84675334,"dir":"right"},{"map":84675846,"dir":"bottom"},{"map":84675845,"dir":"bottom"},{"map":84675844,"dir":"bottom"},{"map":84675843,"dir":"left"}],"interactives":[],"moves":[{"map":83887104,"sun":396},{"map":84674566,"dir":"top"},{"map":84674565,"dir":"top"},{"map":84674564,"dir":"top"},{"map":84674563,"dir":"top"},{"map":84674562,"dir":"top"},{"map":84674561,"dir":"top"},{"map":84674560,"dir":"right"},{"map":84675072,"dir":"top"},{"map":84675329,"dir":"top"},{"map":84675330,"dir":"top"}],"bank":[{"map":84674566,"interactive":465440,"skill":140242},{"map":83887104,"npc":0,"reply":259},{"map":84675330,"dir":"bottom"},{"map":84675331,"dir":"bottom"},{"map":84675332,"dir":"bottom"},{"map":84675333,"dir":"bottom"},{"map":84674820,"dir":"right"},{"map":84674821,"dir":"bottom"},{"map":84674822,"dir":"bottom"},{"map":84675334,"dir":"bottom"},{"map":84675846,"dir":"bottom"},{"map":84675845,"dir":"bottom"},{"map":84675844,"dir":"left"},{"map":84674566,"dir":"top"},{"map":84674565,"dir":"bottom"},{"map":84674564,"dir":"bottom"},{"map":84674563,"dir":"bottom"},{"map":84674562,"dir":"bottom"},{"map":84674561,"dir":"bottom"},{"map":84674560,"dir":"bottom"},{"map":84675072,"dir":"left"},{"map":84675329,"dir":"bottom"},{"map":84675330,"dir":"bottom"}]}}}}
[mainProcessFrame]Ui request for trajet loading ...
[Sync]Processing ...
[Sync]Ready to process !
[Sync]Trajet ready ...
Checking pods ...
[DEBUG] Bot state set to : READY .
[Aucun groupe:0:info][Trajet]Execution map 84674563 .
[DEBUG] Path calculated {source : 119=119 , target : 10=10} , let's process it !
[ 119, 105, 92, 78, 65, 51, 38, 10 ]
Sending map request !
[Aucun groupe:0:info][Trajet]Changement de carte sur une cellule aléatoire .
[Aucun groupe:0:info][Trajet]Execution du mouvement ...
MapMovement received !
Confirmation du movement dans : 1700(8 cells)
Confirmations du mouvement dans 1700ms
Mouvement confirmée !
Key movements proccesed !
Movement ok 
[Sync]Processing ...
[Sync]Ready to process !
[Sync]Trajet ready ...
Checking pods ...
[DEBUG] Bot state set to : READY .
[Aucun groupe:0:info][Trajet]Execution map 84674562 .
[DEBUG] Path calculated {source : 542=542 , target : 10=10} , let's process it !
[ 542,
  514,
  486,
  458,
  430,
  402,
  374,
  346,
  318,
  290,
  262,
  234,
  219,
  205,
  190,
  176,
  148,
  134,
  106,
  93,
  65,
  51,
  38,
  10 ]
Sending map request !
[Aucun groupe:0:info][Trajet]Changement de carte sur une cellule aléatoire .
[Aucun groupe:0:info][Trajet]Execution du mouvement ...
MapMovement received !
Confirmation du movement dans : 4170(24 cells)
Confirmations du mouvement dans 4170ms
Mouvement confirmée !
Key movements proccesed !
Movement ok 
[Sync]Processing ...
[Sync]Ready to process !
[Sync]Trajet ready ...
Checking pods ...
[DEBUG] Bot state set to : READY .
[Aucun groupe:0:info][Trajet]Execution map 84674561 .
[DEBUG] Path calculated {source : 542=542 , target : 19=19} , let's process it !
[ 542,
  514,
  486,
  458,
  430,
  402,
  387,
  373,
  358,
  344,
  329,
  301,
  273,
  245,
  217,
  189,
  161,
  147,
  119,
  104,
  76,
  62,
  47,
  19 ]
Sending map request !
[Aucun groupe:0:info][Trajet]Changement de carte sur une cellule aléatoire .
[Aucun groupe:0:info][Trajet]Execution du mouvement ...
MapMovement received !
Confirmation du movement dans : 3730(24 cells)
Confirmations du mouvement dans 3730ms
Mouvement confirmée !
Key movements proccesed !
Movement ok 
[Sync]Processing ...
[Sync]Ready to process !
[Sync]Trajet ready ...
Checking pods ...
[DEBUG] Bot state set to : READY .
[Aucun groupe:0:info][Trajet]Execution map 84674560 .
[DEBUG] Path calculated {source : 551=551 , target : 181=181} , let's process it !
[ 551,
  538,
  524,
  511,
  483,
  455,
  427,
  413,
  400,
  372,
  344,
  316,
  302,
  289,
  275,
  262,
  248,
  235,
  221,
  208,
  194,
  181 ]
Sending map request !
[Aucun groupe:0:info][Trajet]Changement de carte sur une cellule aléatoire .
[Aucun groupe:0:info][Trajet]Execution du mouvement ...
MapMovement received !
Confirmation du movement dans : 4845(22 cells)
Confirmations du mouvement dans 4845ms
Mouvement confirmée !
Key movements proccesed !
Movement ok 
Undefined actor {"_type":"GameRolePlayNpcWithQuestInformations","contextualId":-2,"look":{"_type":"EntityLook","bonesId":62,"skins":[],"indexedColors":[],"scales":[],"subentities":[]},"disposition":{"_type":"EntityDispositionInformations","cellId":283,"direction":1},"npcId":451,"sex":true,"specialArtworkId":0,"questFlag":{"_type":"GameRolePlayNpcQuestFlag","questsToValidId":[],"questsToStartId":[11]},"_npcData":{"_type":"Npc","id":451,"nameId":"Kry Babby","dialogMessages":[[1910,86740],[2212,10206],[2213,86739],[2239,15944],[2431,17776]],"dialogReplies":[[1856,86741],[1875,26814],[1876,29165],[1877,25614]],"actions":[3],"gender":1,"look":"{62}","animFunList":[{"_type":"AnimFunNpcData","animName":"AnimAttaque0","animWeight":1},{"_type":"AnimFunNpcData","animName":"AnimAttaque1","animWeight":2},{"_type":"AnimFunNpcData","animName":"AnimAttaque2","animWeight":3}],"actionsName":["Talk"]}}
[Sync]Processing ...
[Sync]Ready to process !
[Sync]Trajet ready ...
Checking pods ...
[DEBUG] Bot state set to : READY .
[Aucun groupe:0:info][Trajet]Execution map 84675072 .
[DEBUG] Path calculated {source : 168=168 , target : 4=4} , let's process it !
[ 168,
  169,
  183,
  198,
  212,
  227,
  241,
  256,
  257,
  243,
  244,
  231,
  217,
  189,
  161,
  147,
  132,
  104,
  76,
  62,
  47,
  33,
  18,
  4 ]
Sending map request !
[Aucun groupe:0:info][Trajet]Changement de carte sur une cellule aléatoire .
[Aucun groupe:0:info][Trajet]Execution du mouvement ...
MapMovement received !
Confirmation du movement dans : 3905(24 cells)
Confirmations du mouvement dans 3905ms
Mouvement confirmée !
Key movements proccesed !
Movement ok 
Undefined actor {"_type":"GameRolePlayNpcWithQuestInformations","contextualId":-1,"look":{"_type":"EntityLook","bonesId":1,"skins":[101,2164,1662],"indexedColors":[31363677,46714859,61346330,76484630,98750865],"scales":[145],"subentities":[]},"disposition":{"_type":"EntityDispositionInformations","cellId":318,"direction":3},"npcId":524,"sex":true,"specialArtworkId":0,"questFlag":{"_type":"GameRolePlayNpcQuestFlag","questsToValidId":[],"questsToStartId":[43]},"_npcData":{"_type":"Npc","id":524,"nameId":"Louse Degraine","dialogMessages":[[2245,15904],[2295,15418],[2343,12991],[9794,13106]],"dialogReplies":[[1878,25656],[1949,27124],[10473,21230]],"actions":[3],"gender":1,"look":"{1|101,2164,1662|5=#e2d191,2=#c8cfeb,4=#8f1016,1=#de925d,3=#a8121a|145}","animFunList":[],"actionsName":["Talk"]}}
[Sync]Processing ...
[Sync]Ready to process !
[Sync]Trajet ready ...
Checking pods ...
[DEBUG] Bot state set to : READY .
[Aucun groupe:0:info][Trajet]Execution map 84675329 .
[DEBUG] Path calculated {source : 536=536 , target : 8=8} , let's process it !
[ 536,
  508,
  480,
  452,
  424,
  396,
  368,
  354,
  326,
  298,
  270,
  242,
  214,
  186,
  173,
  159,
  146,
  132,
  104,
  91,
  63,
  49,
  36,
  8 ]
Sending map request !
[Aucun groupe:0:info][Trajet]Changement de carte sur une cellule aléatoire .
[Aucun groupe:0:info][Trajet]Execution du mouvement ...
MapMovement received !
Confirmation du movement dans : 4590(24 cells)
Confirmations du mouvement dans 4590ms
Mouvement confirmée !
Key movements proccesed !
Movement ok 
[Sync]Processing ...
[Sync]Ready to process !
[Sync]Trajet ready ...
Checking pods ...
[DEBUG] Bot state set to : READY .
[Aucun groupe:0:info][Trajet]Execution map 84675330 .
[DEBUG] Path calculated {source : 540=540 , target : 4=4} , let's process it !
[ 540,
  512,
  484,
  456,
  428,
  400,
  372,
  344,
  316,
  288,
  273,
  245,
  231,
  203,
  175,
  160,
  146,
  131,
  103,
  89,
  61,
  46,
  32,
  4 ]
Sending map request !
[Aucun groupe:0:info][Trajet]Changement de carte sur une cellule aléatoire .
[Aucun groupe:0:info][Trajet]Execution du mouvement ...
MapMovement received !
Confirmation du movement dans : 3750(24 cells)
Confirmations du mouvement dans 3750ms
Mouvement confirmée !
Key movements proccesed !
Movement ok 
[Sync]Processing ...
[Sync]Ready to process !
[Sync]Trajet ready ...
Checking pods ...
[DEBUG] Bot state set to : READY .
[Aucun groupe:0:info][Trajet]Execution map 84675331 .
no best match on i =38 : 43
Gathering element :{id : 478295 , cellid : 153 }
Mouvement vers l'interactive sur la cellule : 153=153
Exectution du trajet vers l'interactive .
[ 536,
  508,
  493,
  465,
  437,
  409,
  381,
  367,
  352,
  338,
  310,
  296,
  283,
  269,
  256,
  242,
  229,
  215,
  216,
  203,
  189,
  176,
  177,
  178,
  179,
  165,
  152,
  153 ]
Sending map request !
[Aucun groupe:0:info][Trajet]Execution de la récolte...
MapMovement received !
Confirmation du movement dans : 5530(28 cells)
Confirmations du mouvement dans 5530ms
Mouvement confirmée !
Utlisiation de l'interactive (id : 478295,skill : 151508)
no best match on i =38 : 43
Gathering element :{id : 478315 , cellid : 137 }
Mouvement vers l'interactive sur la cellule : 137=137
Exectution du trajet vers l'interactive .
[ 153, 138, 137 ]
Sending map request !
Checking pods ...
MapMovement received !
Confirmation du movement dans : 905(3 cells)
Confirmations du mouvement dans 905ms
Mouvement confirmée !
Utlisiation de l'interactive (id : 478315,skill : 151505)
no best match on i =38 : 43
Gathering element :{id : 478324 , cellid : 136 }
Mouvement vers l'interactive sur la cellule : 136=136
Exectution du trajet vers l'interactive .
[ 137, 136 ]
Sending map request !
Checking pods ...
MapMovement received !
Confirmation du movement dans : 480(2 cells)
Confirmations du mouvement dans 480ms
Mouvement confirmée !
Utlisiation de l'interactive (id : 478324,skill : 151504)
no best match on i =38 : 43
no best match on i =43 : 43
Plus de ressources à récolter disponibles , on passe à la map suivante .
[DEBUG] Path calculated {source : 136=136 , target : 21=21} , let's process it !
[ 136, 108, 94, 79, 65, 50, 36, 21 ]
Sending map request !
[Aucun groupe:0:info][Trajet]Changement de carte sur une cellule aléatoire .
Checking pods ...
MapMovement received !
Confirmation du movement dans : 1070(8 cells)
Confirmations du mouvement dans 1070ms
Mouvement confirmée !
Key movements proccesed !
Movement ok 
[Sync]Processing ...
[Sync]Ready to process !
[Sync]Trajet ready ...
Checking pods ...
[DEBUG] Bot state set to : READY .
[Aucun groupe:0:info][Trajet]Execution map 84675332 .
no best match on i =38 : 43
no best match on i =43 : 43
Plus de ressources à récolter disponibles , on passe à la map suivante .
[DEBUG] Path calculated {source : 553=553 , target : 308=308} , let's process it !
[ 553,
  539,
  524,
  510,
  495,
  481,
  466,
  452,
  437,
  423,
  408,
  394,
  379,
  351,
  337,
  322,
  308 ]
Sending map request !
[Aucun groupe:0:info][Trajet]Changement de carte sur une cellule aléatoire .
[Aucun groupe:0:info][Trajet]Execution de la récolte...
MapMovement received !
Confirmation du movement dans : 2420(17 cells)
Confirmations du mouvement dans 2420ms
Mouvement confirmée !
Key movements proccesed !
Movement ok 
[Sync]Processing ...
[Sync]Ready to process !
[Sync]Trajet ready ...
Checking pods ...
[DEBUG] Bot state set to : READY .
[Aucun groupe:0:info][Trajet]Execution map 84674820 .
Gathering element :{id : 478404 , cellid : 332 }
Mouvement vers l'interactive sur la cellule : 332=332
Exectution du trajet vers l'interactive .
[ 321, 334, 333, 332 ]
Sending map request !
[Aucun groupe:0:info][Trajet]Execution de la récolte...
MapMovement received !
Confirmation du movement dans : 595(4 cells)
Confirmations du mouvement dans 595ms
Mouvement confirmée !
Utlisiation de l'interactive (id : 478404,skill : 151323)
Gathering element :{id : 478411 , cellid : 346 }
Mouvement vers l'interactive sur la cellule : 346=346
Exectution du trajet vers l'interactive .
[ 332, 346 ]
Sending map request !
Checking pods ...
MapMovement received !
Confirmation du movement dans : 510(2 cells)
Confirmations du mouvement dans 510ms
Mouvement confirmée !
Utlisiation de l'interactive (id : 478411,skill : 151326)
Gathering element :{id : 478418 , cellid : 359 }
Mouvement vers l'interactive sur la cellule : 359=359
Exectution du trajet vers l'interactive .
[ 346, 359 ]
Sending map request !
Checking pods ...
MapMovement received !
Confirmation du movement dans : 510(2 cells)
Confirmations du mouvement dans 510ms
Mouvement confirmée !
Utlisiation de l'interactive (id : 478418,skill : 151330)
Gathering element :{id : 478423 , cellid : 345 }
Mouvement vers l'interactive sur la cellule : 345=345
Exectution du trajet vers l'interactive .
[ 359, 345 ]
Sending map request !
Checking pods ...
MapMovement received !
Confirmation du movement dans : 425(2 cells)
Confirmations du mouvement dans 425ms
Mouvement confirmée !
Utlisiation de l'interactive (id : 478423,skill : 151325)
Gathering element :{id : 478412 , cellid : 318 }
Mouvement vers l'interactive sur la cellule : 318=318
Exectution du trajet vers l'interactive .
[ 345, 331, 318 ]
Sending map request !
Checking pods ...
MapMovement received !
Confirmation du movement dans : 1020(3 cells)
Confirmations du mouvement dans 1020ms
Mouvement confirmée !
Utlisiation de l'interactive (id : 478412,skill : 151320)
Gathering element :{id : 478424 , cellid : 317 }
Mouvement vers l'interactive sur la cellule : 317=317
Exectution du trajet vers l'interactive .
[ 318, 317 ]
Sending map request !
Checking pods ...
MapMovement received !
Confirmation du movement dans : 480(2 cells)
Confirmations du mouvement dans 480ms
Mouvement confirmée !
Utlisiation de l'interactive (id : 478424,skill : 151319)
Gathering element :{id : 478425 , cellid : 289 }
Mouvement vers l'interactive sur la cellule : 289=289
Exectution du trajet vers l'interactive .
[ 317, 289 ]
Sending map request !
Checking pods ...
MapMovement received !
Confirmation du movement dans : 480(2 cells)
Confirmations du mouvement dans 480ms
Mouvement confirmée !
Utlisiation de l'interactive (id : 478425,skill : 151317)
Gathering element :{id : 478432 , cellid : 274 }
Mouvement vers l'interactive sur la cellule : 274=274
Exectution du trajet vers l'interactive .
[ 289, 274 ]
Sending map request !
Checking pods ...
MapMovement received !
Confirmation du movement dans : 425(2 cells)
Confirmations du mouvement dans 425ms
Mouvement confirmée !
Utlisiation de l'interactive (id : 478432,skill : 151316)
Gathering element :{id : 478445 , cellid : 301 }
Mouvement vers l'interactive sur la cellule : 301=301
Exectution du trajet vers l'interactive .
[ 274, 288, 301 ]
Sending map request !
Checking pods ...
MapMovement received !
Confirmation du movement dans : 1020(3 cells)
Confirmations du mouvement dans 1020ms
Mouvement confirmée !
Utlisiation de l'interactive (id : 478445,skill : 151318)
Gathering element :{id : 478444 , cellid : 329 }
Mouvement vers l'interactive sur la cellule : 329=329
Exectution du trajet vers l'interactive .
[ 301, 329 ]
Sending map request !
Checking pods ...
MapMovement received !
Confirmation du movement dans : 480(2 cells)
Confirmations du mouvement dans 480ms
Mouvement confirmée !
Utlisiation de l'interactive (id : 478444,skill : 151322)
Gathering element :{id : 478443 , cellid : 357 }
Mouvement vers l'interactive sur la cellule : 357=357
Exectution du trajet vers l'interactive .
[ 329, 357 ]
Sending map request !
Checking pods ...
MapMovement received !
Confirmation du movement dans : 480(2 cells)
Confirmations du mouvement dans 480ms
Mouvement confirmée !
Utlisiation de l'interactive (id : 478443,skill : 151329)
Sequence ready !
Gathering element :{id : 478437 , cellid : 372 }
Mouvement vers l'interactive sur la cellule : 372=372
Exectution du trajet vers l'interactive .
[ 357, 372 ]
Sending map request !
Checking pods ...
MapMovement received !
Confirmation du movement dans : 425(2 cells)
Confirmations du mouvement dans 425ms
Mouvement confirmée !
Utlisiation de l'interactive (id : 478437,skill : 151331)
Gathering element :{id : 478431 , cellid : 386 }
Mouvement vers l'interactive sur la cellule : 386=386
Exectution du trajet vers l'interactive .
[ 372, 386 ]
Sending map request !
Checking pods ...
MapMovement received !
Confirmation du movement dans : 425(2 cells)
Confirmations du mouvement dans 425ms
Mouvement confirmée !
Utlisiation de l'interactive (id : 478431,skill : 151332)
Gathering element :{id : 478417 , cellid : 387 }
Mouvement vers l'interactive sur la cellule : 387=387
Exectution du trajet vers l'interactive .
[ 386, 387 ]
Sending map request !
Checking pods ...
MapMovement received !
Confirmation du movement dans : 480(2 cells)
Confirmations du mouvement dans 480ms
Mouvement confirmée !
Utlisiation de l'interactive (id : 478417,skill : 151333)
Gathering element :{id : 478430 , cellid : 414 }
Mouvement vers l'interactive sur la cellule : 414=414
Exectution du trajet vers l'interactive .
[ 387, 401, 414 ]
Sending map request !
Checking pods ...
MapMovement received !
Confirmation du movement dans : 1020(3 cells)
Confirmations du mouvement dans 1020ms
Mouvement confirmée !
Utlisiation de l'interactive (id : 478430,skill : 151336)
Gathering element :{id : 478441 , cellid : 441 }
Mouvement vers l'interactive sur la cellule : 441=441
Exectution du trajet vers l'interactive .
[ 414, 428, 441 ]
Sending map request !
Checking pods ...
MapMovement received !
Confirmation du movement dans : 1020(3 cells)
Confirmations du mouvement dans 1020ms
Mouvement confirmée !
Utlisiation de l'interactive (id : 478441,skill : 151337)
Gathering element :{id : 478442 , cellid : 413 }
Mouvement vers l'interactive sur la cellule : 413=413
Exectution du trajet vers l'interactive .
[ 441, 413 ]
Sending map request !
Checking pods ...
MapMovement received !
Confirmation du movement dans : 480(2 cells)
Confirmations du mouvement dans 480ms
Mouvement confirmée !
Utlisiation de l'interactive (id : 478442,skill : 151335)
Gathering element :{id : 478455 , cellid : 398 }
Mouvement vers l'interactive sur la cellule : 398=398
Exectution du trajet vers l'interactive .
[ 413, 399, 398 ]
Sending map request !
Checking pods ...
MapMovement received !
Confirmation du movement dans : 905(3 cells)
Confirmations du mouvement dans 905ms
Mouvement confirmée !
Utlisiation de l'interactive (id : 478455,skill : 151334)
Gathering element :{id : 478451 , cellid : 356 }
Mouvement vers l'interactive sur la cellule : 356=356
Exectution du trajet vers l'interactive .
[ 398, 384, 356 ]
Sending map request !
Checking pods ...
MapMovement received !
Confirmation du movement dans : 990(3 cells)
Confirmations du mouvement dans 990ms
Mouvement confirmée !
Utlisiation de l'interactive (id : 478451,skill : 151328)
Gathering element :{id : 478456 , cellid : 342 }
Mouvement vers l'interactive sur la cellule : 342=342
Exectution du trajet vers l'interactive .
[ 356, 342 ]
Sending map request !
Checking pods ...
Checking pods ...
MapMovement received !
Confirmation du movement dans : 425(2 cells)
Confirmations du mouvement dans 425ms
Mouvement confirmée !
Utlisiation de l'interactive (id : 478456,skill : 151324)
[Sync]Processing ...
[Sync]Ready to process !
[Sync]Trajet ready ...
Checking pods ...
[DEBUG] Bot state set to : READY .
[Aucun groupe:0:info][Trajet]Execution map 84674820 .
Gathering element :{id : 478452 , cellid : 328 }
Mouvement vers l'interactive sur la cellule : 328=328
Exectution du trajet vers l'interactive .
[ 342, 328 ]
Sending map request !
[Aucun groupe:0:info][Trajet]Execution de la récolte...
Detection d'un NoMovement . AVADANTIBUGADABRA !
Mouvement vers l'interactive échoué .
Gathering element :{id : 478452 , cellid : 328 }
Mouvement vers l'interactive sur la cellule : 328=328
Exectution du trajet vers l'interactive .
[ 342, 328 ]
Sending map request !
Detection d'un NoMovement . AVADANTIBUGADABRA !
Mouvement vers l'interactive échoué .
Gathering element :{id : 478452 , cellid : 328 }
Mouvement vers l'interactive sur la cellule : 328=328
Exectution du trajet vers l'interactive .
[ 342, 328 ]
Sending map request !
Detection d'un NoMovement . AVADANTIBUGADABRA !
Mouvement vers l'interactive échoué .
Gathering element :{id : 478452 , cellid : 328 }
Mouvement vers l'interactive sur la cellule : 328=328
Exectution du trajet vers l'interactive .
[ 342, 328 ]
Sending map request !
Detection d'un NoMovement . AVADANTIBUGADABRA !
Mouvement vers l'interactive échoué .
Gathering element :{id : 478452 , cellid : 328 }
Mouvement vers l'interactive sur la cellule : 328=328
Exectution du trajet vers l'interactive .
[ 342, 328 ]
Sending map request !
Detection d'un NoMovement . AVADANTIBUGADABRA !
Mouvement vers l'interactive échoué .
Gathering element :{id : 478452 , cellid : 328 }
Mouvement vers l'interactive sur la cellule : 328=328
Exectution du trajet vers l'interactive .
[ 342, 328 ]
Sending map request !
Detection d'un NoMovement . AVADANTIBUGADABRA !
Mouvement vers l'interactive échoué .
Gathering element :{id : 478452 , cellid : 328 }
Mouvement vers l'interactive sur la cellule : 328=328
Exectution du trajet vers l'interactive .
[ 342, 328 ]
Sending map request !
[Sync]Processing ...
[Sync]Ready to process !
[Sync]Trajet ready ...
Checking pods ...
[DEBUG] Bot state set to : READY .
Detection d'un NoMovement . AVADANTIBUGADABRA !
Mouvement vers l'interactive échoué .
Gathering element :{id : 478452 , cellid : 328 }
Mouvement vers l'interactive sur la cellule : 328=328
Exectution du trajet vers l'interactive .
[ 342, 328 ]
Sending map request !
[Sync]Processing ...
[Sync]Ready to process !
[Sync]Trajet ready ...
Checking pods ...
[DEBUG] Bot state set to : READY .
Detection d'un NoMovement . AVADANTIBUGADABRA !
Mouvement vers l'interactive échoué .
Gathering element :{id : 478452 , cellid : 328 }
Mouvement vers l'interactive sur la cellule : 328=328
Exectution du trajet vers l'interactive .
[ 342, 328 ]
Sending map request !
[Aucun groupe:0:info][Trajet]Execution map 84674820 .
Bot not ready for gathering : GATHER
[Aucun groupe:0:info][Trajet]Execution de la récolte...
[Sync]Processing ...
[Sync]Ready to process !
[Sync]Trajet ready ...
Checking pods ...
[DEBUG] Bot state set to : READY .
[Aucun groupe:0:info][Trajet]Execution map 84674820 .
Gathering element :{id : 478452 , cellid : 328 }
Mouvement vers l'interactive sur la cellule : 328=328
Exectution du trajet vers l'interactive .
[ 342, 328 ]
Sending map request !
[Aucun groupe:0:info][Trajet]Execution de la récolte...
Detection d'un NoMovement . AVADANTIBUGADABRA !
Mouvement vers l'interactive échoué .
Gathering element :{id : 478452 , cellid : 328 }
Mouvement vers l'interactive sur la cellule : 328=328
Exectution du trajet vers l'interactive .
[ 342, 328 ]
Sending map request !
Mouvement vers l'interactive échoué .
Gathering element :{id : 478452 , cellid : 328 }
Mouvement vers l'interactive sur la cellule : 328=328
Exectution du trajet vers l'interactive .
[ 342, 328 ]
Sending map request !
[Sync]Processing ...
[Sync]Ready to process !
[Sync]Trajet ready ...
Checking pods ...
[DEBUG] Bot state set to : READY .
Detection d'un NoMovement . AVADANTIBUGADABRA !
Mouvement vers l'interactive échoué .
Gathering element :{id : 478452 , cellid : 328 }
Mouvement vers l'interactive sur la cellule : 328=328
Exectution du trajet vers l'interactive .
[ 342, 328 ]
Sending map request !
Mouvement vers l'interactive échoué .
Gathering element :{id : 478452 , cellid : 328 }
Mouvement vers l'interactive sur la cellule : 328=328
Exectution du trajet vers l'interactive .
[ 342, 328 ]
Sending map request !
[Aucun groupe:0:info][Trajet]Execution map 84674820 .
Bot not ready for gathering : GATHER
[Aucun groupe:0:info][Trajet]Execution de la récolte...
[Sync]Processing ...
[Sync]Ready to process !
[Sync]Trajet ready ...
Checking pods ...
[DEBUG] Bot state set to : READY .
[Aucun groupe:0:info][Trajet]Execution map 84674820 .
Gathering element :{id : 478452 , cellid : 328 }
Mouvement vers l'interactive sur la cellule : 328=328
Exectution du trajet vers l'interactive .
[ 342, 328 ]
Sending map request !
[Aucun groupe:0:info][Trajet]Execution de la récolte...
Detection d'un NoMovement . AVADANTIBUGADABRA !
Mouvement vers l'interactive échoué .
Gathering element :{id : 478452 , cellid : 328 }
Mouvement vers l'interactive sur la cellule : 328=328
Exectution du trajet vers l'interactive .
[ 342, 328 ]
Sending map request !
Mouvement vers l'interactive échoué .
Gathering element :{id : 478452 , cellid : 328 }
Mouvement vers l'interactive sur la cellule : 328=328
Exectution du trajet vers l'interactive .
[ 342, 328 ]
Sending map request !
Mouvement vers l'interactive échoué .
Gathering element :{id : 478452 , cellid : 328 }
Mouvement vers l'interactive sur la cellule : 328=328
Exectution du trajet vers l'interactive .
[ 342, 328 ]
Sending map request !
Detection d'un NoMovement . AVADANTIBUGADABRA !
Mouvement vers l'interactive échoué .
Gathering element :{id : 478452 , cellid : 328 }
Mouvement vers l'interactive sur la cellule : 328=328
Exectution du trajet vers l'interactive .
[ 342, 328 ]
Sending map request !
Mouvement vers l'interactive échoué .
Gathering element :{id : 478452 , cellid : 328 }
Mouvement vers l'interactive sur la cellule : 328=328
Exectution du trajet vers l'interactive .
[ 342, 328 ]
Sending map request !
Mouvement vers l'interactive échoué .
Gathering element :{id : 478452 , cellid : 328 }
Mouvement vers l'interactive sur la cellule : 328=328
Exectution du trajet vers l'interactive .
[ 342, 328 ]
Sending map request !
[Sync]Processing ...
[Sync]Ready to process !
[Sync]Trajet ready ...
Checking pods ...
[DEBUG] Bot state set to : READY .
[Aucun groupe:0:info][Trajet]Execution map 84674820 .
Gathering element :{id : 478452 , cellid : 328 }
Mouvement vers l'interactive sur la cellule : 328=328
Exectution du trajet vers l'interactive .
[ 342, 328 ]
Sending map request !
[Aucun groupe:0:info][Trajet]Execution de la récolte...
Detection d'un NoMovement . AVADANTIBUGADABRA !
Mouvement vers l'interactive échoué .
Gathering element :{id : 478452 , cellid : 328 }
Mouvement vers l'interactive sur la cellule : 328=328
Exectution du trajet vers l'interactive .
[ 342, 328 ]
Sending map request !
Mouvement vers l'interactive échoué .
Gathering element :{id : 478452 , cellid : 328 }
Mouvement vers l'interactive sur la cellule : 328=328
Exectution du trajet vers l'interactive .
[ 342, 328 ]
Sending map request !
Mouvement vers l'interactive échoué .
Gathering element :{id : 478452 , cellid : 328 }
Mouvement vers l'interactive sur la cellule : 328=328
Exectution du trajet vers l'interactive .
[ 342, 328 ]
Sending map request !
Mouvement vers l'interactive échoué .
Gathering element :{id : 478452 , cellid : 328 }
Mouvement vers l'interactive sur la cellule : 328=328
Exectution du trajet vers l'interactive .
[ 342, 328 ]
Sending map request !
Detection d'un NoMovement . AVADANTIBUGADABRA !
Mouvement vers l'interactive échoué .
Gathering element :{id : 478452 , cellid : 328 }
Mouvement vers l'interactive sur la cellule : 328=328
Exectution du trajet vers l'interactive .
[ 342, 328 ]
Sending map request !
Mouvement vers l'interactive échoué .
Gathering element :{id : 478452 , cellid : 328 }
Mouvement vers l'interactive sur la cellule : 328=328
Exectution du trajet vers l'interactive .
[ 342, 328 ]
Sending map request !
Mouvement vers l'interactive échoué .
Gathering element :{id : 478452 , cellid : 328 }
Mouvement vers l'interactive sur la cellule : 328=328
Exectution du trajet vers l'interactive .
[ 342, 328 ]
Sending map request !
Mouvement vers l'interactive échoué .
Gathering element :{id : 478452 , cellid : 328 }
Mouvement vers l'interactive sur la cellule : 328=328
Exectution du trajet vers l'interactive .
[ 342, 328 ]
Sending map request !
Detection d'un NoMovement . AVADANTIBUGADABRA !
Mouvement vers l'interactive échoué .
Gathering element :{id : 478452 , cellid : 328 }
Mouvement vers l'interactive sur la cellule : 328=328
Exectution du trajet vers l'interactive .
[ 342, 328 ]
Sending map request !
Mouvement vers l'interactive échoué .
Gathering element :{id : 478452 , cellid : 328 }
Mouvement vers l'interactive sur la cellule : 328=328
Exectution du trajet vers l'interactive .
[ 342, 328 ]
Sending map request !
Mouvement vers l'interactive échoué .
Gathering element :{id : 478452 , cellid : 328 }
Mouvement vers l'interactive sur la cellule : 328=328
Exectution du trajet vers l'interactive .
[ 342, 328 ]
Sending map request !
Mouvement vers l'interactive échoué .
Gathering element :{id : 478452 , cellid : 328 }
Mouvement vers l'interactive sur la cellule : 328=328
Exectution du trajet vers l'interactive .
[ 342, 328 ]
Sending map request !
Detection d'un NoMovement . AVADANTIBUGADABRA !
Mouvement vers l'interactive échoué .
Gathering element :{id : 478452 , cellid : 328 }
Mouvement vers l'interactive sur la cellule : 328=328
Exectution du trajet vers l'interactive .
[ 342, 328 ]
Sending map request !
Mouvement vers l'interactive échoué .
Gathering element :{id : 478452 , cellid : 328 }
Mouvement vers l'interactive sur la cellule : 328=328
Exectution du trajet vers l'interactive .
[ 342, 328 ]
Sending map request !
Mouvement vers l'interactive échoué .
Gathering element :{id : 478452 , cellid : 328 }
Mouvement vers l'interactive sur la cellule : 328=328
Exectution du trajet vers l'interactive .
[ 342, 328 ]
Sending map request !
Mouvement vers l'interactive échoué .
Gathering element :{id : 478452 , cellid : 328 }
Mouvement vers l'interactive sur la cellule : 328=328
Exectution du trajet vers l'interactive .
[ 342, 328 ]
Sending map request !
[Sync]Processing ...
[Sync]Ready to process !
[Sync]Trajet ready ...
Checking pods ...
[DEBUG] Bot state set to : READY .
Detection d'un NoMovement . AVADANTIBUGADABRA !
Mouvement vers l'interactive échoué .
Gathering element :{id : 478452 , cellid : 328 }
Mouvement vers l'interactive sur la cellule : 328=328
Exectution du trajet vers l'interactive .
[ 342, 328 ]
Sending map request !
Mouvement vers l'interactive échoué .
Gathering element :{id : 478452 , cellid : 328 }
Mouvement vers l'interactive sur la cellule : 328=328
Exectution du trajet vers l'interactive .
[ 342, 328 ]
Sending map request !
Mouvement vers l'interactive échoué .
Gathering element :{id : 478452 , cellid : 328 }
Mouvement vers l'interactive sur la cellule : 328=328
Exectution du trajet vers l'interactive .
[ 342, 328 ]
Sending map request !
Mouvement vers l'interactive échoué .
Gathering element :{id : 478452 , cellid : 328 }
Mouvement vers l'interactive sur la cellule : 328=328
Exectution du trajet vers l'interactive .
[ 342, 328 ]
Sending map request !
Detection d'un NoMovement . AVADANTIBUGADABRA !
Mouvement vers l'interactive échoué .
Gathering element :{id : 478452 , cellid : 328 }
Mouvement vers l'interactive sur la cellule : 328=328
Exectution du trajet vers l'interactive .
[ 342, 328 ]
Sending map request !
Mouvement vers l'interactive échoué .
Gathering element :{id : 478452 , cellid : 328 }
Mouvement vers l'interactive sur la cellule : 328=328
Exectution du trajet vers l'interactive .
[ 342, 328 ]
Sending map request !
Mouvement vers l'interactive échoué .
Gathering element :{id : 478452 , cellid : 328 }
Mouvement vers l'interactive sur la cellule : 328=328
Exectution du trajet vers l'interactive .
[ 342, 328 ]
Sending map request !
Mouvement vers l'interactive échoué .
Gathering element :{id : 478452 , cellid : 328 }
Mouvement vers l'interactive sur la cellule : 328=328
Exectution du trajet vers l'interactive .
[ 342, 328 ]
Sending map request !
[Aucun groupe:0:info][Trajet]Execution map 84674820 .
Bot not ready for gathering : GATHER
[Aucun groupe:0:info][Trajet]Execution de la récolte...
Detection d'un NoMovement . AVADANTIBUGADABRA !
Mouvement vers l'interactive échoué .
Gathering element :{id : 478452 , cellid : 328 }
Mouvement vers l'interactive sur la cellule : 328=328
Exectution du trajet vers l'interactive .
[ 342, 328 ]
Sending map request !
Mouvement vers l'interactive échoué .
Gathering element :{id : 478452 , cellid : 328 }
Mouvement vers l'interactive sur la cellule : 328=328
Exectution du trajet vers l'interactive .
[ 342, 328 ]
Sending map request !
Mouvement vers l'interactive échoué .
Gathering element :{id : 478452 , cellid : 328 }
Mouvement vers l'interactive sur la cellule : 328=328
Exectution du trajet vers l'interactive .
[ 342, 328 ]
Sending map request !
Mouvement vers l'interactive échoué .
Gathering element :{id : 478452 , cellid : 328 }
Mouvement vers l'interactive sur la cellule : 328=328
Exectution du trajet vers l'interactive .
[ 342, 328 ]
Sending map request !
Detection d'un NoMovement . AVADANTIBUGADABRA !
Mouvement vers l'interactive échoué .
Gathering element :{id : 478452 , cellid : 328 }
Mouvement vers l'interactive sur la cellule : 328=328
Exectution du trajet vers l'interactive .
[ 342, 328 ]
Sending map request !
Mouvement vers l'interactive échoué .
Gathering element :{id : 478452 , cellid : 328 }
Mouvement vers l'interactive sur la cellule : 328=328
Exectution du trajet vers l'interactive .
[ 342, 328 ]
Sending map request !
Mouvement vers l'interactive échoué .
Gathering element :{id : 478452 , cellid : 328 }
Mouvement vers l'interactive sur la cellule : 328=328
Exectution du trajet vers l'interactive .
[ 342, 328 ]
Sending map request !
Mouvement vers l'interactive échoué .
Gathering element :{id : 478452 , cellid : 328 }
Mouvement vers l'interactive sur la cellule : 328=328
Exectution du trajet vers l'interactive .
[ 342, 328 ]
Sending map request !
Detection d'un NoMovement . AVADANTIBUGADABRA !
Mouvement vers l'interactive échoué .
Gathering element :{id : 478452 , cellid : 328 }
Mouvement vers l'interactive sur la cellule : 328=328
Exectution du trajet vers l'interactive .
[ 342, 328 ]
Sending map request !
Mouvement vers l'interactive échoué .
Gathering element :{id : 478452 , cellid : 328 }
Mouvement vers l'interactive sur la cellule : 328=328
Exectution du trajet vers l'interactive .
[ 342, 328 ]
Sending map request !
Mouvement vers l'interactive échoué .
Gathering element :{id : 478452 , cellid : 328 }
Mouvement vers l'interactive sur la cellule : 328=328
Exectution du trajet vers l'interactive .
[ 342, 328 ]
Sending map request !
Mouvement vers l'interactive échoué .
Gathering element :{id : 478452 , cellid : 328 }
Mouvement vers l'interactive sur la cellule : 328=328
Exectution du trajet vers l'interactive .
[ 342, 328 ]
Sending map request !
Detection d'un NoMovement . AVADANTIBUGADABRA !
Mouvement vers l'interactive échoué .
Gathering element :{id : 478452 , cellid : 328 }
Mouvement vers l'interactive sur la cellule : 328=328
Exectution du trajet vers l'interactive .
[ 342, 328 ]
Sending map request !
Mouvement vers l'interactive échoué .
Gathering element :{id : 478452 , cellid : 328 }
Mouvement vers l'interactive sur la cellule : 328=328
Exectution du trajet vers l'interactive .
[ 342, 328 ]
Sending map request !
Mouvement vers l'interactive échoué .
Gathering element :{id : 478452 , cellid : 328 }
Mouvement vers l'interactive sur la cellule : 328=328
Exectution du trajet vers l'interactive .
[ 342, 328 ]
Sending map request !
Mouvement vers l'interactive échoué .
Gathering element :{id : 478452 , cellid : 328 }
Mouvement vers l'interactive sur la cellule : 328=328
Exectution du trajet vers l'interactive .
[ 342, 328 ]
Sending map request !
[Aucun groupe:0:info][Trajet]Execution map 84674820 .
Bot not ready for gathering : GATHER
[Aucun groupe:0:info][Trajet]Execution de la récolte...
Detection d'un NoMovement . AVADANTIBUGADABRA !
Mouvement vers l'interactive échoué .
Gathering element :{id : 478452 , cellid : 328 }
Mouvement vers l'interactive sur la cellule : 328=328
Exectution du trajet vers l'interactive .
[ 342, 328 ]
Sending map request !
Mouvement vers l'interactive échoué .
Gathering element :{id : 478452 , cellid : 328 }
Mouvement vers l'interactive sur la cellule : 328=328
Exectution du trajet vers l'interactive .
[ 342, 328 ]
Sending map request !
Mouvement vers l'interactive échoué .
Gathering element :{id : 478452 , cellid : 328 }
Mouvement vers l'interactive sur la cellule : 328=328
Exectution du trajet vers l'interactive .
[ 342, 328 ]
Sending map request !
Mouvement vers l'interactive échoué .
Gathering element :{id : 478452 , cellid : 328 }
Mouvement vers l'interactive sur la cellule : 328=328
Exectution du trajet vers l'interactive .
[ 342, 328 ]
Sending map request !
Detection d'un NoMovement . AVADANTIBUGADABRA !
Mouvement vers l'interactive échoué .
Gathering element :{id : 478452 , cellid : 328 }
Mouvement vers l'interactive sur la cellule : 328=328
Exectution du trajet vers l'interactive .
[ 342, 328 ]
Sending map request !
Mouvement vers l'interactive échoué .
Gathering element :{id : 478452 , cellid : 328 }
Mouvement vers l'interactive sur la cellule : 328=328
Exectution du trajet vers l'interactive .
[ 342, 328 ]
Sending map request !
Mouvement vers l'interactive échoué .
Gathering element :{id : 478452 , cellid : 328 }
Mouvement vers l'interactive sur la cellule : 328=328
Exectution du trajet vers l'interactive .
[ 342, 328 ]
Sending map request !
Mouvement vers l'interactive échoué .
Gathering element :{id : 478452 , cellid : 328 }
Mouvement vers l'interactive sur la cellule : 328=328
Exectution du trajet vers l'interactive .
[ 342, 328 ]
Sending map request !
Detection d'un NoMovement . AVADANTIBUGADABRA !
Mouvement vers l'interactive échoué .
Gathering element :{id : 478452 , cellid : 328 }
Mouvement vers l'interactive sur la cellule : 328=328
Exectution du trajet vers l'interactive .
[ 342, 328 ]
Sending map request !
Mouvement vers l'interactive échoué .
Gathering element :{id : 478452 , cellid : 328 }
Mouvement vers l'interactive sur la cellule : 328=328
Exectution du trajet vers l'interactive .
[ 342, 328 ]
Sending map request !
Mouvement vers l'interactive échoué .
Gathering element :{id : 478452 , cellid : 328 }
Mouvement vers l'interactive sur la cellule : 328=328
Exectution du trajet vers l'interactive .
[ 342, 328 ]
Sending map request !
Mouvement vers l'interactive échoué .
Gathering element :{id : 478452 , cellid : 328 }
Mouvement vers l'interactive sur la cellule : 328=328
Exectution du trajet vers l'interactive .
[ 342, 328 ]
Sending map request !
Detection d'un NoMovement . AVADANTIBUGADABRA !
Mouvement vers l'interactive échoué .
Gathering element :{id : 478452 , cellid : 328 }
Mouvement vers l'interactive sur la cellule : 328=328
Exectution du trajet vers l'interactive .
[ 342, 328 ]
Sending map request !
Mouvement vers l'interactive échoué .
Gathering element :{id : 478452 , cellid : 328 }
Mouvement vers l'interactive sur la cellule : 328=328
Exectution du trajet vers l'interactive .
[ 342, 328 ]
Sending map request !
Mouvement vers l'interactive échoué .
Gathering element :{id : 478452 , cellid : 328 }
Mouvement vers l'interactive sur la cellule : 328=328
Exectution du trajet vers l'interactive .
[ 342, 328 ]
Sending map request !
Mouvement vers l'interactive échoué .
Gathering element :{id : 478452 , cellid : 328 }
Mouvement vers l'interactive sur la cellule : 328=328
Exectution du trajet vers l'interactive .
[ 342, 328 ]
Sending map request !
[Sync]Processing ...
[Sync]Ready to process !
[Sync]Trajet ready ...
Checking pods ...
[DEBUG] Bot state set to : READY .
Detection d'un NoMovement . AVADANTIBUGADABRA !
Mouvement vers l'interactive échoué .
Gathering element :{id : 478452 , cellid : 328 }
Mouvement vers l'interactive sur la cellule : 328=328
Exectution du trajet vers l'interactive .
[ 342, 328 ]
Sending map request !
Mouvement vers l'interactive échoué .
Gathering element :{id : 478452 , cellid : 328 }
Mouvement vers l'interactive sur la cellule : 328=328
Exectution du trajet vers l'interactive .
[ 342, 328 ]
Sending map request !
Mouvement vers l'interactive échoué .
Gathering element :{id : 478452 , cellid : 328 }
Mouvement vers l'interactive sur la cellule : 328=328
Exectution du trajet vers l'interactive .
[ 342, 328 ]
Sending map request !
Mouvement vers l'interactive échoué .
Gathering element :{id : 478452 , cellid : 328 }
Mouvement vers l'interactive sur la cellule : 328=328
Exectution du trajet vers l'interactive .
[ 342, 328 ]
Sending map request !
Detection d'un NoMovement . AVADANTIBUGADABRA !
Mouvement vers l'interactive échoué .
Gathering element :{id : 478452 , cellid : 328 }
Mouvement vers l'interactive sur la cellule : 328=328
Exectution du trajet vers l'interactive .
[ 342, 328 ]
Sending map request !
Mouvement vers l'interactive échoué .
Gathering element :{id : 478452 , cellid : 328 }
Mouvement vers l'interactive sur la cellule : 328=328
Exectution du trajet vers l'interactive .
[ 342, 328 ]
Sending map request !
Mouvement vers l'interactive échoué .
Gathering element :{id : 478452 , cellid : 328 }
Mouvement vers l'interactive sur la cellule : 328=328
Exectution du trajet vers l'interactive .
[ 342, 328 ]
Sending map request !
Mouvement vers l'interactive échoué .
Gathering element :{id : 478452 , cellid : 328 }
Mouvement vers l'interactive sur la cellule : 328=328
Exectution du trajet vers l'interactive .
[ 342, 328 ]
Sending map request !
Detection d'un NoMovement . AVADANTIBUGADABRA !
Mouvement vers l'interactive échoué .
Gathering element :{id : 478452 , cellid : 328 }
Mouvement vers l'interactive sur la cellule : 328=328
Exectution du trajet vers l'interactive .
[ 342, 328 ]
Sending map request !
Mouvement vers l'interactive échoué .
Gathering element :{id : 478452 , cellid : 328 }
Mouvement vers l'interactive sur la cellule : 328=328
Exectution du trajet vers l'interactive .
[ 342, 328 ]
Sending map request !
Mouvement vers l'interactive échoué .
Gathering element :{id : 478452 , cellid : 328 }
Mouvement vers l'interactive sur la cellule : 328=328
Exectution du trajet vers l'interactive .
[ 342, 328 ]
Sending map request !
Mouvement vers l'interactive échoué .
Gathering element :{id : 478452 , cellid : 328 }
Mouvement vers l'interactive sur la cellule : 328=328
Exectution du trajet vers l'interactive .
[ 342, 328 ]
Sending map request !
Detection d'un NoMovement . AVADANTIBUGADABRA !
Mouvement vers l'interactive échoué .
Gathering element :{id : 478452 , cellid : 328 }
Mouvement vers l'interactive sur la cellule : 328=328
Exectution du trajet vers l'interactive .
[ 342, 328 ]
Sending map request !
Mouvement vers l'interactive échoué .
Gathering element :{id : 478452 , cellid : 328 }
Mouvement vers l'interactive sur la cellule : 328=328
Exectution du trajet vers l'interactive .
[ 342, 328 ]
Sending map request !
Mouvement vers l'interactive échoué .
Gathering element :{id : 478452 , cellid : 328 }
Mouvement vers l'interactive sur la cellule : 328=328
Exectution du trajet vers l'interactive .
[ 342, 328 ]
Sending map request !
Mouvement vers l'interactive échoué .
Gathering element :{id : 478452 , cellid : 328 }
Mouvement vers l'interactive sur la cellule : 328=328
Exectution du trajet vers l'interactive .
[ 342, 328 ]
Sending map request !
Detection d'un NoMovement . AVADANTIBUGADABRA !
Mouvement vers l'interactive échoué .
Gathering element :{id : 478452 , cellid : 328 }
Mouvement vers l'interactive sur la cellule : 328=328
Exectution du trajet vers l'interactive .
[ 342, 328 ]
Sending map request !
Mouvement vers l'interactive échoué .
Gathering element :{id : 478452 , cellid : 328 }
Mouvement vers l'interactive sur la cellule : 328=328
Exectution du trajet vers l'interactive .
[ 342, 328 ]
Sending map request !
Mouvement vers l'interactive échoué .
Gathering element :{id : 478452 , cellid : 328 }
Mouvement vers l'interactive sur la cellule : 328=328
Exectution du trajet vers l'interactive .
[ 342, 328 ]
Sending map request !
Mouvement vers l'interactive échoué .
Gathering element :{id : 478452 , cellid : 328 }
Mouvement vers l'interactive sur la cellule : 328=328
Exectution du trajet vers l'interactive .
[ 342, 328 ]
Sending map request !
Detection d'un NoMovement . AVADANTIBUGADABRA !
Mouvement vers l'interactive échoué .
Gathering element :{id : 478452 , cellid : 328 }
Mouvement vers l'interactive sur la cellule : 328=328
Exectution du trajet vers l'interactive .
[ 342, 328 ]
Sending map request !
Mouvement vers l'interactive échoué .
Gathering element :{id : 478452 , cellid : 328 }
Mouvement vers l'interactive sur la cellule : 328=328
Exectution du trajet vers l'interactive .
[ 342, 328 ]
Sending map request !
Mouvement vers l'interactive échoué .
Gathering element :{id : 478452 , cellid : 328 }
Mouvement vers l'interactive sur la cellule : 328=328
Exectution du trajet vers l'interactive .
[ 342, 328 ]
Sending map request !
Mouvement vers l'interactive échoué .
Gathering element :{id : 478452 , cellid : 328 }
Mouvement vers l'interactive sur la cellule : 328=328
Exectution du trajet vers l'interactive .
[ 342, 328 ]
Sending map request !
Detection d'un NoMovement . AVADANTIBUGADABRA !
Mouvement vers l'interactive échoué .
Gathering element :{id : 478452 , cellid : 328 }
Mouvement vers l'interactive sur la cellule : 328=328
Exectution du trajet vers l'interactive .
[ 342, 328 ]
Sending map request !
Mouvement vers l'interactive échoué .
Gathering element :{id : 478452 , cellid : 328 }
Mouvement vers l'interactive sur la cellule : 328=328
Exectution du trajet vers l'interactive .
[ 342, 328 ]
Sending map request !
Mouvement vers l'interactive échoué .
Gathering element :{id : 478452 , cellid : 328 }
Mouvement vers l'interactive sur la cellule : 328=328
Exectution du trajet vers l'interactive .
[ 342, 328 ]
Sending map request !
Mouvement vers l'interactive échoué .
Gathering element :{id : 478452 , cellid : 328 }
Mouvement vers l'interactive sur la cellule : 328=328
Exectution du trajet vers l'interactive .
[ 342, 328 ]
Sending map request !
Detection d'un NoMovement . AVADANTIBUGADABRA !
Mouvement vers l'interactive échoué .
Gathering element :{id : 478452 , cellid : 328 }
Mouvement vers l'interactive sur la cellule : 328=328
Exectution du trajet vers l'interactive .
[ 342, 328 ]
Sending map request !
Mouvement vers l'interactive échoué .
Gathering element :{id : 478452 , cellid : 328 }
Mouvement vers l'interactive sur la cellule : 328=328
Exectution du trajet vers l'interactive .
[ 342, 328 ]
Sending map request !
Mouvement vers l'interactive échoué .
Gathering element :{id : 478452 , cellid : 328 }
Mouvement vers l'interactive sur la cellule : 328=328
Exectution du trajet vers l'interactive .
[ 342, 328 ]
Sending map request !
Mouvement vers l'interactive échoué .
Gathering element :{id : 478452 , cellid : 328 }
Mouvement vers l'interactive sur la cellule : 328=328
Exectution du trajet vers l'interactive .
[ 342, 328 ]
Sending map request !
[Aucun groupe:0:info][Trajet]Execution map 84674820 .
Bot not ready for gathering : GATHER
[Aucun groupe:0:info][Trajet]Execution de la récolte...
[Sync]Processing ...
[Sync]Ready to process !
[Sync]Trajet ready ...
Checking pods ...
[DEBUG] Bot state set to : READY .
Detection d'un NoMovement . AVADANTIBUGADABRA !
Mouvement vers l'interactive échoué .
Gathering element :{id : 478452 , cellid : 328 }
Mouvement vers l'interactive sur la cellule : 328=328
Exectution du trajet vers l'interactive .
[ 342, 328 ]
Sending map request !
Mouvement vers l'interactive échoué .
Gathering element :{id : 478452 , cellid : 328 }
Mouvement vers l'interactive sur la cellule : 328=328
Exectution du trajet vers l'interactive .
[ 342, 328 ]
Sending map request !
Mouvement vers l'interactive échoué .
Gathering element :{id : 478452 , cellid : 328 }
Mouvement vers l'interactive sur la cellule : 328=328
Exectution du trajet vers l'interactive .
[ 342, 328 ]
Sending map request !
Mouvement vers l'interactive échoué .
Gathering element :{id : 478452 , cellid : 328 }
Mouvement vers l'interactive sur la cellule : 328=328
Exectution du trajet vers l'interactive .
[ 342, 328 ]
Sending map request !
Detection d'un NoMovement . AVADANTIBUGADABRA !
Mouvement vers l'interactive échoué .
Gathering element :{id : 478452 , cellid : 328 }
Mouvement vers l'interactive sur la cellule : 328=328
Exectution du trajet vers l'interactive .
[ 342, 328 ]
Sending map request !
Mouvement vers l'interactive échoué .
Gathering element :{id : 478452 , cellid : 328 }
Mouvement vers l'interactive sur la cellule : 328=328
Exectution du trajet vers l'interactive .
[ 342, 328 ]
Sending map request !
Mouvement vers l'interactive échoué .
Gathering element :{id : 478452 , cellid : 328 }
Mouvement vers l'interactive sur la cellule : 328=328
Exectution du trajet vers l'interactive .
[ 342, 328 ]
Sending map request !
Mouvement vers l'interactive échoué .
Gathering element :{id : 478452 , cellid : 328 }
Mouvement vers l'interactive sur la cellule : 328=328
Exectution du trajet vers l'interactive .
[ 342, 328 ]
Sending map request !
Detection d'un NoMovement . AVADANTIBUGADABRA !
Mouvement vers l'interactive échoué .
Gathering element :{id : 478452 , cellid : 328 }
Mouvement vers l'interactive sur la cellule : 328=328
Exectution du trajet vers l'interactive .
[ 342, 328 ]
Sending map request !
Mouvement vers l'interactive échoué .
Gathering element :{id : 478452 , cellid : 328 }
Mouvement vers l'interactive sur la cellule : 328=328
Exectution du trajet vers l'interactive .
[ 342, 328 ]
Sending map request !
Mouvement vers l'interactive échoué .
Gathering element :{id : 478452 , cellid : 328 }
Mouvement vers l'interactive sur la cellule : 328=328
Exectution du trajet vers l'interactive .
[ 342, 328 ]
Sending map request !
Mouvement vers l'interactive échoué .
Gathering element :{id : 478452 , cellid : 328 }
Mouvement vers l'interactive sur la cellule : 328=328
Exectution du trajet vers l'interactive .
[ 342, 328 ]
Sending map request !
Detection d'un NoMovement . AVADANTIBUGADABRA !
Mouvement vers l'interactive échoué .
Gathering element :{id : 478452 , cellid : 328 }
Mouvement vers l'interactive sur la cellule : 328=328
Exectution du trajet vers l'interactive .
[ 342, 328 ]
Sending map request !
Mouvement vers l'interactive échoué .
Gathering element :{id : 478452 , cellid : 328 }
Mouvement vers l'interactive sur la cellule : 328=328
Exectution du trajet vers l'interactive .
[ 342, 328 ]
Sending map request !
Mouvement vers l'interactive échoué .
Gathering element :{id : 478452 , cellid : 328 }
Mouvement vers l'interactive sur la cellule : 328=328
Exectution du trajet vers l'interactive .
[ 342, 328 ]
Sending map request !
Mouvement vers l'interactive échoué .
Gathering element :{id : 478452 , cellid : 328 }
Mouvement vers l'interactive sur la cellule : 328=328
Exectution du trajet vers l'interactive .
[ 342, 328 ]
Sending map request !
[Sync]Processing ...
[Sync]Ready to process !
[Sync]Trajet ready ...
Checking pods ...
[DEBUG] Bot state set to : READY .
[Aucun groupe:0:info][Trajet]Execution map 84674820 .
Gathering element :{id : 478452 , cellid : 328 }
Mouvement vers l'interactive sur la cellule : 328=328
Exectution du trajet vers l'interactive .
[ 342, 328 ]
Sending map request !
[Aucun groupe:0:info][Trajet]Execution de la récolte...
[Sync]Processing ...
[Sync]Ready to process !
[Sync]Trajet ready ...
Checking pods ...
[DEBUG] Bot state set to : READY .
Detection d'un NoMovement . AVADANTIBUGADABRA !
Mouvement vers l'interactive échoué .
Gathering element :{id : 478452 , cellid : 328 }
Mouvement vers l'interactive sur la cellule : 328=328
Exectution du trajet vers l'interactive .
[ 342, 328 ]
Sending map request !
Mouvement vers l'interactive échoué .
Gathering element :{id : 478452 , cellid : 328 }
Mouvement vers l'interactive sur la cellule : 328=328
Exectution du trajet vers l'interactive .
[ 342, 328 ]
Sending map request !
Mouvement vers l'interactive échoué .
Gathering element :{id : 478452 , cellid : 328 }
Mouvement vers l'interactive sur la cellule : 328=328
Exectution du trajet vers l'interactive .
[ 342, 328 ]
Sending map request !
Mouvement vers l'interactive échoué .
Gathering element :{id : 478452 , cellid : 328 }
Mouvement vers l'interactive sur la cellule : 328=328
Exectution du trajet vers l'interactive .
[ 342, 328 ]
Sending map request !
Mouvement vers l'interactive échoué .
Gathering element :{id : 478452 , cellid : 328 }
Mouvement vers l'interactive sur la cellule : 328=328
Exectution du trajet vers l'interactive .
[ 342, 328 ]
Sending map request !
Detection d'un NoMovement . AVADANTIBUGADABRA !
Mouvement vers l'interactive échoué .
Gathering element :{id : 478452 , cellid : 328 }
Mouvement vers l'interactive sur la cellule : 328=328
Exectution du trajet vers l'interactive .
[ 342, 328 ]
Sending map request !
Mouvement vers l'interactive échoué .
Gathering element :{id : 478452 , cellid : 328 }
Mouvement vers l'interactive sur la cellule : 328=328
Exectution du trajet vers l'interactive .
[ 342, 328 ]
Sending map request !
Mouvement vers l'interactive échoué .
Gathering element :{id : 478452 , cellid : 328 }
Mouvement vers l'interactive sur la cellule : 328=328
Exectution du trajet vers l'interactive .
[ 342, 328 ]
Sending map request !
Mouvement vers l'interactive échoué .
Gathering element :{id : 478452 , cellid : 328 }
Mouvement vers l'interactive sur la cellule : 328=328
Exectution du trajet vers l'interactive .
[ 342, 328 ]
Sending map request !
Mouvement vers l'interactive échoué .
Gathering element :{id : 478452 , cellid : 328 }
Mouvement vers l'interactive sur la cellule : 328=328
Exectution du trajet vers l'interactive .
[ 342, 328 ]
Sending map request !
Detection d'un NoMovement . AVADANTIBUGADABRA !
Mouvement vers l'interactive échoué .
Gathering element :{id : 478452 , cellid : 328 }
Mouvement vers l'interactive sur la cellule : 328=328
Exectution du trajet vers l'interactive .
[ 342, 328 ]
Sending map request !
Mouvement vers l'interactive échoué .
Gathering element :{id : 478452 , cellid : 328 }
Mouvement vers l'interactive sur la cellule : 328=328
Exectution du trajet vers l'interactive .
[ 342, 328 ]
Sending map request !
Mouvement vers l'interactive échoué .
Gathering element :{id : 478452 , cellid : 328 }
Mouvement vers l'interactive sur la cellule : 328=328
Exectution du trajet vers l'interactive .
[ 342, 328 ]
Sending map request !
Mouvement vers l'interactive échoué .
Gathering element :{id : 478452 , cellid : 328 }
Mouvement vers l'interactive sur la cellule : 328=328
Exectution du trajet vers l'interactive .
[ 342, 328 ]
Sending map request !
Mouvement vers l'interactive échoué .
Gathering element :{id : 478452 , cellid : 328 }
Mouvement vers l'interactive sur la cellule : 328=328
Exectution du trajet vers l'interactive .
[ 342, 328 ]
Sending map request !
Detection d'un NoMovement . AVADANTIBUGADABRA !
Mouvement vers l'interactive échoué .
Gathering element :{id : 478452 , cellid : 328 }
Mouvement vers l'interactive sur la cellule : 328=328
Exectution du trajet vers l'interactive .
[ 342, 328 ]
Sending map request !
Mouvement vers l'interactive échoué .
Gathering element :{id : 478452 , cellid : 328 }
Mouvement vers l'interactive sur la cellule : 328=328
Exectution du trajet vers l'interactive .
[ 342, 328 ]
Sending map request !
Mouvement vers l'interactive échoué .
Gathering element :{id : 478452 , cellid : 328 }
Mouvement vers l'interactive sur la cellule : 328=328
Exectution du trajet vers l'interactive .
[ 342, 328 ]
Sending map request !
Mouvement vers l'interactive échoué .
Gathering element :{id : 478452 , cellid : 328 }
Mouvement vers l'interactive sur la cellule : 328=328
Exectution du trajet vers l'interactive .
[ 342, 328 ]
Sending map request !
Mouvement vers l'interactive échoué .
Gathering element :{id : 478452 , cellid : 328 }
Mouvement vers l'interactive sur la cellule : 328=328
Exectution du trajet vers l'interactive .
[ 342, 328 ]
Sending map request !
[Sync]Processing ...
[Sync]Ready to process !
[Sync]Trajet ready ...
Checking pods ...
[DEBUG] Bot state set to : READY .
Detection d'un NoMovement . AVADANTIBUGADABRA !
Mouvement vers l'interactive échoué .
Gathering element :{id : 478452 , cellid : 328 }
Mouvement vers l'interactive sur la cellule : 328=328
Exectution du trajet vers l'interactive .
[ 342, 328 ]
Sending map request !
Mouvement vers l'interactive échoué .
Gathering element :{id : 478452 , cellid : 328 }
Mouvement vers l'interactive sur la cellule : 328=328
Exectution du trajet vers l'interactive .
[ 342, 328 ]
Sending map request !
Mouvement vers l'interactive échoué .
Gathering element :{id : 478452 , cellid : 328 }
Mouvement vers l'interactive sur la cellule : 328=328
Exectution du trajet vers l'interactive .
[ 342, 328 ]
Sending map request !
Mouvement vers l'interactive échoué .
Gathering element :{id : 478452 , cellid : 328 }
Mouvement vers l'interactive sur la cellule : 328=328
Exectution du trajet vers l'interactive .
[ 342, 328 ]
Sending map request !
Mouvement vers l'interactive échoué .
Gathering element :{id : 478452 , cellid : 328 }
Mouvement vers l'interactive sur la cellule : 328=328
Exectution du trajet vers l'interactive .
[ 342, 328 ]
Sending map request !
Detection d'un NoMovement . AVADANTIBUGADABRA !
Mouvement vers l'interactive échoué .
Gathering element :{id : 478452 , cellid : 328 }
Mouvement vers l'interactive sur la cellule : 328=328
Exectution du trajet vers l'interactive .
[ 342, 328 ]
Sending map request !
Mouvement vers l'interactive échoué .
Gathering element :{id : 478452 , cellid : 328 }
Mouvement vers l'interactive sur la cellule : 328=328
Exectution du trajet vers l'interactive .
[ 342, 328 ]
Sending map request !
Mouvement vers l'interactive échoué .
Gathering element :{id : 478452 , cellid : 328 }
Mouvement vers l'interactive sur la cellule : 328=328
Exectution du trajet vers l'interactive .
[ 342, 328 ]
Sending map request !
Mouvement vers l'interactive échoué .
Gathering element :{id : 478452 , cellid : 328 }
Mouvement vers l'interactive sur la cellule : 328=328
Exectution du trajet vers l'interactive .
[ 342, 328 ]
Sending map request !
Mouvement vers l'interactive échoué .
Gathering element :{id : 478452 , cellid : 328 }
Mouvement vers l'interactive sur la cellule : 328=328
Exectution du trajet vers l'interactive .
[ 342, 328 ]
Sending map request !
Detection d'un NoMovement . AVADANTIBUGADABRA !
Mouvement vers l'interactive échoué .
Gathering element :{id : 478452 , cellid : 328 }
Mouvement vers l'interactive sur la cellule : 328=328
Exectution du trajet vers l'interactive .
[ 342, 328 ]
Sending map request !
Mouvement vers l'interactive échoué .
Gathering element :{id : 478452 , cellid : 328 }
Mouvement vers l'interactive sur la cellule : 328=328
Exectution du trajet vers l'interactive .
[ 342, 328 ]
Sending map request !
Mouvement vers l'interactive échoué .
Gathering element :{id : 478452 , cellid : 328 }
Mouvement vers l'interactive sur la cellule : 328=328
Exectution du trajet vers l'interactive .
[ 342, 328 ]
Sending map request !
Mouvement vers l'interactive échoué .
Gathering element :{id : 478452 , cellid : 328 }
Mouvement vers l'interactive sur la cellule : 328=328
Exectution du trajet vers l'interactive .
[ 342, 328 ]
Sending map request !
Mouvement vers l'interactive échoué .
Gathering element :{id : 478452 , cellid : 328 }
Mouvement vers l'interactive sur la cellule : 328=328
Exectution du trajet vers l'interactive .
[ 342, 328 ]
Sending map request !
Detection d'un NoMovement . AVADANTIBUGADABRA !
Mouvement vers l'interactive échoué .
Gathering element :{id : 478452 , cellid : 328 }
Mouvement vers l'interactive sur la cellule : 328=328
Exectution du trajet vers l'interactive .
[ 342, 328 ]
Sending map request !
Mouvement vers l'interactive échoué .
Gathering element :{id : 478452 , cellid : 328 }
Mouvement vers l'interactive sur la cellule : 328=328
Exectution du trajet vers l'interactive .
[ 342, 328 ]
Sending map request !
Mouvement vers l'interactive échoué .
Gathering element :{id : 478452 , cellid : 328 }
Mouvement vers l'interactive sur la cellule : 328=328
Exectution du trajet vers l'interactive .
[ 342, 328 ]
Sending map request !
Mouvement vers l'interactive échoué .
Gathering element :{id : 478452 , cellid : 328 }
Mouvement vers l'interactive sur la cellule : 328=328
Exectution du trajet vers l'interactive .
[ 342, 328 ]
Sending map request !
Mouvement vers l'interactive échoué .
Gathering element :{id : 478452 , cellid : 328 }
Mouvement vers l'interactive sur la cellule : 328=328
Exectution du trajet vers l'interactive .
[ 342, 328 ]
Sending map request !
[Aucun groupe:0:info][Trajet]Execution map 84674820 .
Bot not ready for gathering : GATHER
[Aucun groupe:0:info][Trajet]Execution de la récolte...
[Sync]Processing ...
[Sync]Ready to process !
[Sync]Trajet ready ...
Checking pods ...
[DEBUG] Bot state set to : READY .
Detection d'un NoMovement . AVADANTIBUGADABRA !
Mouvement vers l'interactive échoué .
Gathering element :{id : 478452 , cellid : 328 }
Mouvement vers l'interactive sur la cellule : 328=328
Exectution du trajet vers l'interactive .
[ 342, 328 ]
Sending map request !
Mouvement vers l'interactive échoué .
Gathering element :{id : 478452 , cellid : 328 }
Mouvement vers l'interactive sur la cellule : 328=328
Exectution du trajet vers l'interactive .
[ 342, 328 ]
Sending map request !
Mouvement vers l'interactive échoué .
Gathering element :{id : 478452 , cellid : 328 }
Mouvement vers l'interactive sur la cellule : 328=328
Exectution du trajet vers l'interactive .
[ 342, 328 ]
Sending map request !
Mouvement vers l'interactive échoué .
Gathering element :{id : 478452 , cellid : 328 }
Mouvement vers l'interactive sur la cellule : 328=328
Exectution du trajet vers l'interactive .
[ 342, 328 ]
Sending map request !
Mouvement vers l'interactive échoué .
Gathering element :{id : 478452 , cellid : 328 }
Mouvement vers l'interactive sur la cellule : 328=328
Exectution du trajet vers l'interactive .
[ 342, 328 ]
Sending map request !
Detection d'un NoMovement . AVADANTIBUGADABRA !
Mouvement vers l'interactive échoué .
Gathering element :{id : 478452 , cellid : 328 }
Mouvement vers l'interactive sur la cellule : 328=328
Exectution du trajet vers l'interactive .
[ 342, 328 ]
Sending map request !
Mouvement vers l'interactive échoué .
Gathering element :{id : 478452 , cellid : 328 }
Mouvement vers l'interactive sur la cellule : 328=328
Exectution du trajet vers l'interactive .
[ 342, 328 ]
Sending map request !
Mouvement vers l'interactive échoué .
Gathering element :{id : 478452 , cellid : 328 }
Mouvement vers l'interactive sur la cellule : 328=328
Exectution du trajet vers l'interactive .
[ 342, 328 ]
Sending map request !
Mouvement vers l'interactive échoué .
Gathering element :{id : 478452 , cellid : 328 }
Mouvement vers l'interactive sur la cellule : 328=328
Exectution du trajet vers l'interactive .
[ 342, 328 ]
Sending map request !
Mouvement vers l'interactive échoué .
Gathering element :{id : 478452 , cellid : 328 }
Mouvement vers l'interactive sur la cellule : 328=328
Exectution du trajet vers l'interactive .
[ 342, 328 ]
Sending map request !
Detection d'un NoMovement . AVADANTIBUGADABRA !
Mouvement vers l'interactive échoué .
Gathering element :{id : 478452 , cellid : 328 }
Mouvement vers l'interactive sur la cellule : 328=328
Exectution du trajet vers l'interactive .
[ 342, 328 ]
Sending map request !
Mouvement vers l'interactive échoué .
Gathering element :{id : 478452 , cellid : 328 }
Mouvement vers l'interactive sur la cellule : 328=328
Exectution du trajet vers l'interactive .
[ 342, 328 ]
Sending map request !
Mouvement vers l'interactive échoué .
Gathering element :{id : 478452 , cellid : 328 }
Mouvement vers l'interactive sur la cellule : 328=328
Exectution du trajet vers l'interactive .
[ 342, 328 ]
Sending map request !
Mouvement vers l'interactive échoué .
Gathering element :{id : 478452 , cellid : 328 }
Mouvement vers l'interactive sur la cellule : 328=328
Exectution du trajet vers l'interactive .
[ 342, 328 ]
Sending map request !
Mouvement vers l'interactive échoué .
Gathering element :{id : 478452 , cellid : 328 }
Mouvement vers l'interactive sur la cellule : 328=328
Exectution du trajet vers l'interactive .
[ 342, 328 ]
Sending map request !
Detection d'un NoMovement . AVADANTIBUGADABRA !
Mouvement vers l'interactive échoué .
Gathering element :{id : 478452 , cellid : 328 }
Mouvement vers l'interactive sur la cellule : 328=328
Exectution du trajet vers l'interactive .
[ 342, 328 ]
Sending map request !
Mouvement vers l'interactive échoué .
Gathering element :{id : 478452 , cellid : 328 }
Mouvement vers l'interactive sur la cellule : 328=328
Exectution du trajet vers l'interactive .
[ 342, 328 ]
Sending map request !
Mouvement vers l'interactive échoué .
Gathering element :{id : 478452 , cellid : 328 }
Mouvement vers l'interactive sur la cellule : 328=328
Exectution du trajet vers l'interactive .
[ 342, 328 ]
Sending map request !
Mouvement vers l'interactive échoué .
Gathering element :{id : 478452 , cellid : 328 }
Mouvement vers l'interactive sur la cellule : 328=328
Exectution du trajet vers l'interactive .
[ 342, 328 ]
Sending map request !
Mouvement vers l'interactive échoué .
Gathering element :{id : 478452 , cellid : 328 }
Mouvement vers l'interactive sur la cellule : 328=328
Exectution du trajet vers l'interactive .
[ 342, 328 ]
Sending map request !
Detection d'un NoMovement . AVADANTIBUGADABRA !
Mouvement vers l'interactive échoué .
Gathering element :{id : 478452 , cellid : 328 }
Mouvement vers l'interactive sur la cellule : 328=328
Exectution du trajet vers l'interactive .
[ 342, 328 ]
Sending map request !
Mouvement vers l'interactive échoué .
Gathering element :{id : 478452 , cellid : 328 }
Mouvement vers l'interactive sur la cellule : 328=328
Exectution du trajet vers l'interactive .
[ 342, 328 ]
Sending map request !
Mouvement vers l'interactive échoué .
Gathering element :{id : 478452 , cellid : 328 }
Mouvement vers l'interactive sur la cellule : 328=328
Exectution du trajet vers l'interactive .
[ 342, 328 ]
Sending map request !
Mouvement vers l'interactive échoué .
Gathering element :{id : 478452 , cellid : 328 }
Mouvement vers l'interactive sur la cellule : 328=328
Exectution du trajet vers l'interactive .
[ 342, 328 ]
Sending map request !
Mouvement vers l'interactive échoué .
Gathering element :{id : 478452 , cellid : 328 }
Mouvement vers l'interactive sur la cellule : 328=328
Exectution du trajet vers l'interactive .
[ 342, 328 ]
Sending map request !
Detection d'un NoMovement . AVADANTIBUGADABRA !
Mouvement vers l'interactive échoué .
Gathering element :{id : 478452 , cellid : 328 }
Mouvement vers l'interactive sur la cellule : 328=328
Exectution du trajet vers l'interactive .
[ 342, 328 ]
Sending map request !
Mouvement vers l'interactive échoué .
Gathering element :{id : 478452 , cellid : 328 }
Mouvement vers l'interactive sur la cellule : 328=328
Exectution du trajet vers l'interactive .
[ 342, 328 ]
Sending map request !
Mouvement vers l'interactive échoué .
Gathering element :{id : 478452 , cellid : 328 }
Mouvement vers l'interactive sur la cellule : 328=328
Exectution du trajet vers l'interactive .
[ 342, 328 ]
Sending map request !
Mouvement vers l'interactive échoué .
Gathering element :{id : 478452 , cellid : 328 }
Mouvement vers l'interactive sur la cellule : 328=328
Exectution du trajet vers l'interactive .
[ 342, 328 ]
Sending map request !
Mouvement vers l'interactive échoué .
Gathering element :{id : 478452 , cellid : 328 }
Mouvement vers l'interactive sur la cellule : 328=328
Exectution du trajet vers l'interactive .
[ 342, 328 ]
Sending map request !
Detection d'un NoMovement . AVADANTIBUGADABRA !
Mouvement vers l'interactive échoué .
Gathering element :{id : 478452 , cellid : 328 }
Mouvement vers l'interactive sur la cellule : 328=328
Exectution du trajet vers l'interactive .
[ 342, 328 ]
Sending map request !
Mouvement vers l'interactive échoué .
Gathering element :{id : 478452 , cellid : 328 }
Mouvement vers l'interactive sur la cellule : 328=328
Exectution du trajet vers l'interactive .
[ 342, 328 ]
Sending map request !
Mouvement vers l'interactive échoué .
Gathering element :{id : 478452 , cellid : 328 }
Mouvement vers l'interactive sur la cellule : 328=328
Exectution du trajet vers l'interactive .
[ 342, 328 ]
Sending map request !
Mouvement vers l'interactive échoué .
Gathering element :{id : 478452 , cellid : 328 }
Mouvement vers l'interactive sur la cellule : 328=328
Exectution du trajet vers l'interactive .
[ 342, 328 ]
Sending map request !
Mouvement vers l'interactive échoué .
Gathering element :{id : 478452 , cellid : 328 }
Mouvement vers l'interactive sur la cellule : 328=328
Exectution du trajet vers l'interactive .
[ 342, 328 ]
Sending map request !
Detection d'un NoMovement . AVADANTIBUGADABRA !
Mouvement vers l'interactive échoué .
Gathering element :{id : 478452 , cellid : 328 }
Mouvement vers l'interactive sur la cellule : 328=328
Exectution du trajet vers l'interactive .
[ 342, 328 ]
Sending map request !
Mouvement vers l'interactive échoué .
Gathering element :{id : 478452 , cellid : 328 }
Mouvement vers l'interactive sur la cellule : 328=328
Exectution du trajet vers l'interactive .
[ 342, 328 ]
Sending map request !
Mouvement vers l'interactive échoué .
Gathering element :{id : 478452 , cellid : 328 }
Mouvement vers l'interactive sur la cellule : 328=328
Exectution du trajet vers l'interactive .
[ 342, 328 ]
Sending map request !
Mouvement vers l'interactive échoué .
Gathering element :{id : 478452 , cellid : 328 }
Mouvement vers l'interactive sur la cellule : 328=328
Exectution du trajet vers l'interactive .
[ 342, 328 ]
Sending map request !
Mouvement vers l'interactive échoué .
Gathering element :{id : 478452 , cellid : 328 }
Mouvement vers l'interactive sur la cellule : 328=328
Exectution du trajet vers l'interactive .
[ 342, 328 ]
Sending map request !
[Aucun groupe:0:info][Trajet]Execution map 84674820 .
Bot not ready for gathering : GATHER
[Aucun groupe:0:info][Trajet]Execution de la récolte...
[Aucun groupe:0:info][Trajet]Execution map 84674820 .
Bot not ready for gathering : GATHER
[Aucun groupe:0:info][Trajet]Execution de la récolte...
[Sync]Processing ...
[Sync]Ready to process !
[Sync]Trajet ready ...
Checking pods ...
[DEBUG] Bot state set to : READY .
[Sync]Processing ...
[Sync]Ready to process !
[Sync]Trajet ready ...
Checking pods ...
[DEBUG] Bot state set to : READY .
[Aucun groupe:0:info][Trajet]Execution map 84674820 .
Gathering element :{id : 478452 , cellid : 328 }
Mouvement vers l'interactive sur la cellule : 328=328
Exectution du trajet vers l'interactive .
[ 342, 328 ]
Sending map request !
[Aucun groupe:0:info][Trajet]Execution de la récolte...
Detection d'un NoMovement . AVADANTIBUGADABRA !
Mouvement vers l'interactive échoué .
Gathering element :{id : 478452 , cellid : 328 }
Mouvement vers l'interactive sur la cellule : 328=328
Exectution du trajet vers l'interactive .
[ 342, 328 ]
Sending map request !
Mouvement vers l'interactive échoué .
Gathering element :{id : 478452 , cellid : 328 }
Mouvement vers l'interactive sur la cellule : 328=328
Exectution du trajet vers l'interactive .
[ 342, 328 ]
Sending map request !
Mouvement vers l'interactive échoué .
Gathering element :{id : 478452 , cellid : 328 }
Mouvement vers l'interactive sur la cellule : 328=328
Exectution du trajet vers l'interactive .
[ 342, 328 ]
Sending map request !
Mouvement vers l'interactive échoué .
Gathering element :{id : 478452 , cellid : 328 }
Mouvement vers l'interactive sur la cellule : 328=328
Exectution du trajet vers l'interactive .
[ 342, 328 ]
Sending map request !
Mouvement vers l'interactive échoué .
Gathering element :{id : 478452 , cellid : 328 }
Mouvement vers l'interactive sur la cellule : 328=328
Exectution du trajet vers l'interactive .
[ 342, 328 ]
Sending map request !
Mouvement vers l'interactive échoué .
Gathering element :{id : 478452 , cellid : 328 }
Mouvement vers l'interactive sur la cellule : 328=328
Exectution du trajet vers l'interactive .
[ 342, 328 ]
Sending map request !
Detection d'un NoMovement . AVADANTIBUGADABRA !
Mouvement vers l'interactive échoué .
Gathering element :{id : 478452 , cellid : 328 }
Mouvement vers l'interactive sur la cellule : 328=328
Exectution du trajet vers l'interactive .
[ 342, 328 ]
Sending map request !
Mouvement vers l'interactive échoué .
Gathering element :{id : 478452 , cellid : 328 }
Mouvement vers l'interactive sur la cellule : 328=328
Exectution du trajet vers l'interactive .
[ 342, 328 ]
Sending map request !
Mouvement vers l'interactive échoué .
Gathering element :{id : 478452 , cellid : 328 }
Mouvement vers l'interactive sur la cellule : 328=328
Exectution du trajet vers l'interactive .
[ 342, 328 ]
Sending map request !
Mouvement vers l'interactive échoué .
Gathering element :{id : 478452 , cellid : 328 }
Mouvement vers l'interactive sur la cellule : 328=328
Exectution du trajet vers l'interactive .
[ 342, 328 ]
Sending map request !
Mouvement vers l'interactive échoué .
Gathering element :{id : 478452 , cellid : 328 }
Mouvement vers l'interactive sur la cellule : 328=328
Exectution du trajet vers l'interactive .
[ 342, 328 ]
Sending map request !
Mouvement vers l'interactive échoué .
Gathering element :{id : 478452 , cellid : 328 }
Mouvement vers l'interactive sur la cellule : 328=328
Exectution du trajet vers l'interactive .
[ 342, 328 ]
Sending map request !
Detection d'un NoMovement . AVADANTIBUGADABRA !
Mouvement vers l'interactive échoué .
Gathering element :{id : 478452 , cellid : 328 }
Mouvement vers l'interactive sur la cellule : 328=328
Exectution du trajet vers l'interactive .
[ 342, 328 ]
Sending map request !
Mouvement vers l'interactive échoué .
Gathering element :{id : 478452 , cellid : 328 }
Mouvement vers l'interactive sur la cellule : 328=328
Exectution du trajet vers l'interactive .
[ 342, 328 ]
Sending map request !
Mouvement vers l'interactive échoué .
Gathering element :{id : 478452 , cellid : 328 }
Mouvement vers l'interactive sur la cellule : 328=328
Exectution du trajet vers l'interactive .
[ 342, 328 ]
Sending map request !
Mouvement vers l'interactive échoué .
Gathering element :{id : 478452 , cellid : 328 }
Mouvement vers l'interactive sur la cellule : 328=328
Exectution du trajet vers l'interactive .
[ 342, 328 ]
Sending map request !
Mouvement vers l'interactive échoué .
Gathering element :{id : 478452 , cellid : 328 }
Mouvement vers l'interactive sur la cellule : 328=328
Exectution du trajet vers l'interactive .
[ 342, 328 ]
Sending map request !
Mouvement vers l'interactive échoué .
Gathering element :{id : 478452 , cellid : 328 }
Mouvement vers l'interactive sur la cellule : 328=328
Exectution du trajet vers l'interactive .
[ 342, 328 ]
Sending map request !
Detection d'un NoMovement . AVADANTIBUGADABRA !
Mouvement vers l'interactive échoué .
Gathering element :{id : 478452 , cellid : 328 }
Mouvement vers l'interactive sur la cellule : 328=328
Exectution du trajet vers l'interactive .
[ 342, 328 ]
Sending map request !
Mouvement vers l'interactive échoué .
Gathering element :{id : 478452 , cellid : 328 }
Mouvement vers l'interactive sur la cellule : 328=328
Exectution du trajet vers l'interactive .
[ 342, 328 ]
Sending map request !
Mouvement vers l'interactive échoué .
Gathering element :{id : 478452 , cellid : 328 }
Mouvement vers l'interactive sur la cellule : 328=328
Exectution du trajet vers l'interactive .
[ 342, 328 ]
Sending map request !
Mouvement vers l'interactive échoué .
Gathering element :{id : 478452 , cellid : 328 }
Mouvement vers l'interactive sur la cellule : 328=328
Exectution du trajet vers l'interactive .
[ 342, 328 ]
Sending map request !
Mouvement vers l'interactive échoué .
Gathering element :{id : 478452 , cellid : 328 }
Mouvement vers l'interactive sur la cellule : 328=328
Exectution du trajet vers l'interactive .
[ 342, 328 ]
Sending map request !
Mouvement vers l'interactive échoué .
Gathering element :{id : 478452 , cellid : 328 }
Mouvement vers l'interactive sur la cellule : 328=328
Exectution du trajet vers l'interactive .
[ 342, 328 ]
Sending map request !
[Sync]Processing ...
[Sync]Ready to process !
[Sync]Trajet ready ...
Checking pods ...
[DEBUG] Bot state set to : READY .
[Aucun groupe:0:info][Trajet]Execution map 84674820 .
Gathering element :{id : 478452 , cellid : 328 }
Mouvement vers l'interactive sur la cellule : 328=328
Exectution du trajet vers l'interactive .
[ 342, 328 ]
Sending map request !
[Aucun groupe:0:info][Trajet]Execution de la récolte...
[Aucun groupe:0:info][Trajet]Execution map 84674820 .
Bot not ready for gathering : GATHER
[Aucun groupe:0:info][Trajet]Execution de la récolte...
[Sync]Processing ...
[Sync]Ready to process !
[Sync]Trajet ready ...
Checking pods ...
[DEBUG] Bot state set to : READY .
Detection d'un NoMovement . AVADANTIBUGADABRA !
