Server request connecting ...
{"assetsUrl":"https://ankama.akamaized.net/games/dofus-tablette/assets/2.15.15","analytics":{"wizAnalytics":{"localytics":{"token":"9f0bf865fd57d22f0bbea56-cd08f12a-8138-11e5-7c24-00736b041834","options":{"sessionTimeoutSeconds":60,"namespace":"dofus-production"}}},"ankAnalytics":{"debug":false,"analog":false,"useUrlMap":true}},"adjust":{"appToken":"7j60imkfu60w","environment":"EnvironmentProduction"},"logging":{"groups":false,"logLevels":{"time":0,"verbose":0,"debug":1,"info":2,"notice":3,"warning":4,"error":5,"critical":6,"alert":7,"emergency":8},"config":{"console":["none"],"server":["error","critical","alert","emergency"]},"disableOverride":false},"dataUrl":"https://proxyconnection.touch.dofus.com","haapi":{"id":18,"url":"https://haapi.ankama.com/json/Ankama/v2"},"serverLanguages":["en","de","es","fr","it","pt"],"failoverLanguage":"en","uiUrl":"https://proxyconnection.touch.dofus.com/assets","language":"en","sessionId":"QJihsXF85NUYGk3E"}
Config loaded !
{"key":"6a24c31c-86d4-4fee-859c-e0605d06f5a3","account_id":108104299,"ip":"92.170.38.64","added_date":"2017-02-19T23:37:50+01:00","meta":[],"data":{},"access":[],"refresh_token":null,"expiration_date":"2017-02-20T02:37:50+01:00"}
Api key : 6a24c31c-86d4-4fee-859c-e0605d06f5a3
Game token : 4845614388b995e5910d6085c42db006
[Aucun groupe:0:info][processIdentification]...
Connecting to login server (https://proxyconnection.touch.dofus.com?STICKER=QJihsXF85NUYGk3E) ...
Connection opened !
[Aucun groupe:0:info]Identification connection opened !
[Aucun groupe:0:info]2/2 in login queue...
[Aucun groupe:0:info]0/0 in login queue...
[Aucun groupe:0:info]1/2 in login queue...
[Aucun groupe:0:info]0/1 in login queue...
[Aucun groupe:0:info]Identification success (1465968706067938274) !
[Aucun groupe:0:info]Servers list received !
[Aucun groupe:0:info][processServerSelection]...
[Aucun groupe:0:info]Request for server infos (id : 407) ...
Prmus close connection !
migrating...
Connection opened !
[Aucun groupe:0:info]Game connection opened !
[Aucun groupe:0:success][processServerSelection]OK
[Aucun groupe:0:info][processsCharacterSelection]...
[Aucun groupe:0:info]Request for characters ...
[Aucun groupe:0:info]Selecting frist character (Nelphield) ...
Set default config for Nelphield
[Aucun groupe:0:info][Inventory]Object : 90883564 selected for regen !
[Aucun groupe:0:info][Inventory]Object : 90883565 selected for regen !
[Aucun groupe:0:info][Inventory]Object : 90883566 selected for regen !
[Aucun groupe:0:info][Inventory]Object : 90883567 selected for regen !
[InventoryManager]Items infos loaded !
Sequence ready !
[Aucun groupe:0:info][Infos]Welcome to DOFUS, and welcome to the World of Twelve! 
Remember that it is <b>strictly forbidden</b> to disclose your account name or password.
{ Error: ENOENT: no such file or directory, open 'C:\Users\home\Documents\KingTouch\KingToutchManager\king-touch-src\data\maps\80217604.json'
    at Error (native)
  errno: -4058,
  code: 'ENOENT',
  syscall: 'open',
  path: 'C:\\Users\\home\\Documents\\KingTouch\\KingToutchManager\\king-touch-src\\data\\maps\\80217604.json' }
undefined
-----------------No map found ! -----------------
undefined
{"call":"global-state-request"}
Server request for state ...
[Sync]Processing ...
[Sync]Ready to process !
[Sync]Trajet ready ...
[Trajet]No trajet loaded !
{"call":"global-state-request"}
Server request for state ...
{"call":"update-fight-max-fighters","data":8}
[botData]Config for Nelphield saved !
{"call":"update-fight-min-fighters","data":1}
[botData]Config for Nelphield saved !
{"call":"update-fight-mode","data":1}
{"call":"set-ia-type","data":"default"}
[botData]Config for Nelphield saved !
[mainProcessFrame]IA updated to default
{"call":"spells-request"}
[{"id":"0","name":"Coup de poing","level":1,"inPile":false},{"id":"161","name":"Flèche Magique","level":5,"inPile":false},{"id":"162","name":"Tir Critique","level":1,"inPile":false},{"id":"163","name":"Flèche Glacée","level":1,"inPile":false},{"id":"164","name":"Flèche Empoisonnée","level":1,"inPile":false},{"id":"165","name":"Flèche Enflammée","level":1,"inPile":false},{"id":"167","name":"Flèche d'Expiation","level":1,"inPile":false},{"id":"168","name":"Oeil de Taupe","level":1,"inPile":false},{"id":"169","name":"Flèche de Recul","level":1,"inPile":false},{"id":"172","name":"Tir Eloigné","level":1,"inPile":false}]
[mainProcessFrame]Spells sended to ui
{"call":"update-spells","data":[{"id":"0","name":"Coup de poing","level":1,"inPile":false},{"id":"161","name":"Flèche Magique","level":5,"inPile":true,"index":"1","type":0},{"id":"162","name":"Tir Critique","level":1,"inPile":false},{"id":"163","name":"Flèche Glacée","level":1,"inPile":false},{"id":"164","name":"Flèche Empoisonnée","level":1,"inPile":false},{"id":"165","name":"Flèche Enflammée","level":1,"inPile":false},{"id":"167","name":"Flèche d'Expiation","level":1,"inPile":false},{"id":"168","name":"Oeil de Taupe","level":1,"inPile":false},{"id":"169","name":"Flèche de Recul","level":1,"inPile":false},{"id":"172","name":"Tir Eloigné","level":1,"inPile":false}]}
Spells pile updating ...
spell found : Flèche Magique
[botData]Config for Nelphield saved !
{"call":"update-fight-max-fighters","data":7}
[botData]Config for Nelphield saved !
{"call":"update-fight-max-fighters","data":6}
[botData]Config for Nelphield saved !
{"call":"update-selected-characteristic","data":4}
{"call":"update-fight-mode","data":1}
{"call":"update-fight-mode","data":1}
{"call":"update-fight-mode","data":1}
{"call":"update-fight-mode","data":1}
{"call":"update-fight-mode","data":1}
{"call":"update-fight-mode","data":1}
{"call":"update-fight-mode","data":1}
{"call":"update-fight-mode","data":1}
{"call":"update-fight-mode","data":1}
{"call":"update-fight-mode","data":1}
Unknow game context remove element {"_messageType":"GameContextRemoveElementMessage","id":-6,"_isInitialized":true}
{"call":"global-state-request"}
Server request for state ...
{"call":"global-state-request"}
Server request for state ...
{"call":"update-fight-max-fighters","data":6}
[botData]Config for Nelphield saved !
{"call":"update-fight-min-fighters","data":1}
[botData]Config for Nelphield saved !
{"call":"update-fight-mode","data":1}
{"call":"set-ia-type","data":"default"}
[botData]Config for Nelphield saved !
[mainProcessFrame]IA updated to default
{"call":"update-fight-mode","data":1}
{"call":"update-fight-mode","data":1}
{"call":"update-fight-mode","data":1}
{"call":"global-state-request"}
Server request for state ...
Sequence ready !
{"call":"global-state-request"}
Server request for state ...
{"call":"global-state-request"}
Server request for state ...
{"call":"update-fight-max-fighters","data":6}
[botData]Config for Nelphield saved !
{"call":"update-fight-min-fighters","data":1}
[botData]Config for Nelphield saved !
{"call":"update-fight-mode","data":0}
{"call":"set-ia-type","data":"default"}
[botData]Config for Nelphield saved !
[mainProcessFrame]IA updated to default
{"call":"update-fight-mode","data":1}
{"call":"update-fight-mode","data":0}
{"call":"update-fight-mode","data":1}
corbeaubot3 has prolonged inactivity !
Reconnection request ...
Session for corbeaubot3 exported !
