Server request connecting ...
Inventory : 0
{"assetsUrl":"https://ankama.akamaized.net/games/dofus-tablette/assets/2.15.15","analytics":{"wizAnalytics":{"localytics":{"token":"9f0bf865fd57d22f0bbea56-cd08f12a-8138-11e5-7c24-00736b041834","options":{"sessionTimeoutSeconds":60,"namespace":"dofus-production"}}},"ankAnalytics":{"debug":false,"analog":false,"useUrlMap":true}},"adjust":{"appToken":"7j60imkfu60w","environment":"EnvironmentProduction"},"logging":{"groups":false,"logLevels":{"time":0,"verbose":0,"debug":1,"info":2,"notice":3,"warning":4,"error":5,"critical":6,"alert":7,"emergency":8},"config":{"console":["none"],"server":["error","critical","alert","emergency"]},"disableOverride":false},"dataUrl":"https://proxyconnection.touch.dofus.com","haapi":{"id":18,"url":"https://haapi.ankama.com/json/Ankama/v2"},"serverLanguages":["en","de","es","fr","it","pt"],"failoverLanguage":"en","uiUrl":"https://proxyconnection.touch.dofus.com/assets","language":"en","sessionId":"rYX5iJBzQipFaQ5C"}
Config loaded !
{"key":"b10848b3-98c0-49a5-8721-edcb7f8c6fea","account_id":112984462,"ip":"105.157.44.165","added_date":"2017-02-19T17:09:11+01:00","meta":[],"data":{},"access":[],"refresh_token":null,"expiration_date":"2017-02-19T20:09:11+01:00"}
Api key : b10848b3-98c0-49a5-8721-edcb7f8c6fea
Game token : 43c615cb5852b37ec8898ee7ca2e6f67
[Aucun groupe:0:info][processIdentification]...
Connecting to login server (https://proxyconnection.touch.dofus.com?STICKER=rYX5iJBzQipFaQ5C) ...
Connection opened !
[Aucun groupe:0:info]Identification connection opened !
[INACTIVITY] Soft debug on zahidsacri .
**Trajet execution canceled !**
[Aucun groupe:0:info]Identification success (1465968706066271855) !
[Aucun groupe:0:info]Servers list received !
[Aucun groupe:0:info][processServerSelection]...
[Aucun groupe:0:info]Request for server infos (id : 403) ...
Prmus close connection !
migrating...
Connection opened !
[Aucun groupe:0:info]Game connection opened !
[Aucun groupe:0:success][processServerSelection]OK
[Aucun groupe:0:info][processsCharacterSelection]...
[Aucun groupe:0:info]Request for characters ...
[Aucun groupe:0:info]Selecting frist character (Miss-Lagertha) ...
[Aucun groupe:0:info][Inventory]Object : 138971086 selected for regen !
[Aucun groupe:0:info][Inventory]Object : 138971087 selected for regen !
[Aucun groupe:0:info][Inventory]Object : 138971088 selected for regen !
[Aucun groupe:0:info][Inventory]Object : 138971089 selected for regen !
Checking pods ...
Sequence ready !
[Aucun groupe:0:info][Infos]Welcome to DOFUS, and welcome to the World of Twelve! 
Remember that it is <b>strictly forbidden</b> to disclose your account name or password.
[Sync]Processing ...
[Sync]Ready to process !
[Sync]Trajet ready ...
Checking pods ...
[DEBUG] Bot state set to : READY .
[InventoryManager]Items infos loaded !
[Trajet]No trajet loaded !
