Server request connecting ...
{"assetsUrl":"https://ankama.akamaized.net/games/dofus-tablette/assets/2.15.15","analytics":{"wizAnalytics":{"localytics":{"token":"9f0bf865fd57d22f0bbea56-cd08f12a-8138-11e5-7c24-00736b041834","options":{"sessionTimeoutSeconds":60,"namespace":"dofus-production"}}},"ankAnalytics":{"debug":false,"analog":false,"useUrlMap":true}},"adjust":{"appToken":"7j60imkfu60w","environment":"EnvironmentProduction"},"logging":{"groups":false,"logLevels":{"time":0,"verbose":0,"debug":1,"info":2,"notice":3,"warning":4,"error":5,"critical":6,"alert":7,"emergency":8},"config":{"console":["none"],"server":["error","critical","alert","emergency"]},"disableOverride":false},"dataUrl":"https://proxyconnection.touch.dofus.com","haapi":{"id":18,"url":"https://haapi.ankama.com/json/Ankama/v2"},"serverLanguages":["en","de","es","fr","it","pt"],"failoverLanguage":"en","uiUrl":"https://proxyconnection.touch.dofus.com/assets","language":"en","sessionId":"fPHJewgkOC+rA89c"}
Config loaded !
{"key":"28db278f-aefd-41f4-bc5d-867dd0789fe1","account_id":112984462,"ip":"196.217.157.212","added_date":"2017-02-16T21:56:23+01:00","meta":[],"data":{},"access":[],"refresh_token":null,"expiration_date":"2017-02-17T00:56:23+01:00"}
Api key : 28db278f-aefd-41f4-bc5d-867dd0789fe1
Game token : 91dc8a9581868a8a8c01979728f2fc1d
[Aucun groupe:0:info][processIdentification]...
Connecting to login server (https://proxyconnection.touch.dofus.com?STICKER=fPHJewgkOC%2BrA89c) ...
Connection opened !
[Aucun groupe:0:info]Identification connection opened !
[Aucun groupe:0:info]2/2 in login queue...
[Aucun groupe:0:info]1/2 in login queue...
[Aucun groupe:0:info]0/0 in login queue...
[Aucun groupe:0:info]0/0 in login queue...
[Aucun groupe:0:info]Identification success (1465968706052696634) !
[Aucun groupe:0:info]Servers list received !
[Aucun groupe:0:info][processServerSelection]...
[Aucun groupe:0:info]Request for server infos (id : 403) ...
Connection closed
migrating...
Connection opened !
[Aucun groupe:0:info]Game connection opened !
[Aucun groupe:0:success][processServerSelection]OK
[Aucun groupe:0:info][processsCharacterSelection]...
[Aucun groupe:0:info]Request for characters ...
[Aucun groupe:0:info]Selecting frist character (Miss-Lagertha) ...
Set default config for Miss-Lagertha
[Aucun groupe:0:info][Inventory]Object : 28022636 selected for regen !
[Aucun groupe:0:info][Inventory]Object : 28022637 selected for regen !
[Aucun groupe:0:info][Inventory]Object : 28022638 selected for regen !
[Aucun groupe:0:info][Inventory]Object : 28022639 selected for regen !
[InventoryManager]Items infos loaded !
Sequence ready !
[Aucun groupe:0:info][Infos]Welcome to DOFUS, and welcome to the World of Twelve! 
Remember that it is <b>strictly forbidden</b> to disclose your account name or password.
{"call":"global-state-request"}
Server request for state ...
[Sync]Processing ...
[Sync]Ready to process !
[Sync]Trajet ready ...
[Trajet]No trajet loaded !
Debug command received .
{ interactive: 
   { _type: 'InteractiveElementWithAgeBonus',
     elementId: 462986,
     elementTypeId: 38,
     enabledSkills: [ [Object] ],
     disabledSkills: [],
     ageBonus: 0,
     _name: 'Wheat' },
  stated: 
   { _type: 'StatedElement',
     elementId: 462986,
     elementCellId: 160,
     elementState: 0 } }
11
nouvelle dist
{ interactive: 
   { _type: 'InteractiveElementWithAgeBonus',
     elementId: 462987,
     elementTypeId: 38,
     enabledSkills: [ [Object] ],
     disabledSkills: [],
     ageBonus: 0,
     _name: 'Wheat' },
  stated: 
   { _type: 'StatedElement',
     elementId: 462987,
     elementCellId: 174,
     elementState: 0 } }
10
nouvelle dist
{ interactive: 
   { _type: 'InteractiveElementWithAgeBonus',
     elementId: 462988,
     elementTypeId: 38,
     enabledSkills: [ [Object] ],
     disabledSkills: [],
     ageBonus: 0,
     _name: 'Wheat' },
  stated: 
   { _type: 'StatedElement',
     elementId: 462988,
     elementCellId: 161,
     elementState: 0 } }
11
{ interactive: 
   { _type: 'InteractiveElementWithAgeBonus',
     elementId: 462989,
     elementTypeId: 38,
     enabledSkills: [ [Object] ],
     disabledSkills: [],
     ageBonus: 0,
     _name: 'Wheat' },
  stated: 
   { _type: 'StatedElement',
     elementId: 462989,
     elementCellId: 188,
     elementState: 0 } }
9
nouvelle dist
{ interactive: 
   { _type: 'InteractiveElementWithAgeBonus',
     elementId: 462990,
     elementTypeId: 38,
     enabledSkills: [ [Object] ],
     disabledSkills: [],
     ageBonus: 0,
     _name: 'Wheat' },
  stated: 
   { _type: 'StatedElement',
     elementId: 462990,
     elementCellId: 346,
     elementState: 0 } }
4
nouvelle dist
{ interactive: 
   { _type: 'InteractiveElementWithAgeBonus',
     elementId: 462991,
     elementTypeId: 38,
     enabledSkills: [ [Object] ],
     disabledSkills: [],
     ageBonus: 0,
     _name: 'Wheat' },
  stated: 
   { _type: 'StatedElement',
     elementId: 462991,
     elementCellId: 103,
     elementState: 0 } }
15
{ interactive: 
   { _type: 'InteractiveElementWithAgeBonus',
     elementId: 462992,
     elementTypeId: 38,
     enabledSkills: [ [Object] ],
     disabledSkills: [],
     ageBonus: 0,
     _name: 'Wheat' },
  stated: 
   { _type: 'StatedElement',
     elementId: 462992,
     elementCellId: 289,
     elementState: 0 } }
2
nouvelle dist
{ interactive: 
   { _type: 'InteractiveElementWithAgeBonus',
     elementId: 462993,
     elementTypeId: 38,
     enabledSkills: [ [Object] ],
     disabledSkills: [],
     ageBonus: 0,
     _name: 'Wheat' },
  stated: 
   { _type: 'StatedElement',
     elementId: 462993,
     elementCellId: 290,
     elementState: 0 } }
4
{ interactive: 
   { _type: 'InteractiveElementWithAgeBonus',
     elementId: 462994,
     elementTypeId: 38,
     enabledSkills: [ [Object] ],
     disabledSkills: [],
     ageBonus: 0,
     _name: 'Wheat' },
  stated: 
   { _type: 'StatedElement',
     elementId: 462994,
     elementCellId: 347,
     elementState: 0 } }
6
{ interactive: 
   { _type: 'InteractiveElementWithAgeBonus',
     elementId: 462995,
     elementTypeId: 38,
     enabledSkills: [ [Object] ],
     disabledSkills: [],
     ageBonus: 0,
     _name: 'Wheat' },
  stated: 
   { _type: 'StatedElement',
     elementId: 462995,
     elementCellId: 158,
     elementState: 0 } }
11
{ interactive: 
   { _type: 'InteractiveElementWithAgeBonus',
     elementId: 462996,
     elementTypeId: 38,
     enabledSkills: [ [Object] ],
     disabledSkills: [],
     ageBonus: 0,
     _name: 'Wheat' },
  stated: 
   { _type: 'StatedElement',
     elementId: 462996,
     elementCellId: 304,
     elementState: 0 } }
5
{ interactive: 
   { _type: 'InteractiveElementWithAgeBonus',
     elementId: 462997,
     elementTypeId: 38,
     enabledSkills: [ [Object] ],
     disabledSkills: [],
     ageBonus: 0,
     _name: 'Wheat' },
  stated: 
   { _type: 'StatedElement',
     elementId: 462997,
     elementCellId: 383,
     elementState: 0 } }
5
{ interactive: 
   { _type: 'InteractiveElementWithAgeBonus',
     elementId: 462998,
     elementTypeId: 38,
     enabledSkills: [ [Object] ],
     disabledSkills: [],
     ageBonus: 0,
     _name: 'Wheat' },
  stated: 
   { _type: 'StatedElement',
     elementId: 462998,
     elementCellId: 132,
     elementState: 0 } }
13
{ interactive: 
   { _type: 'InteractiveElementWithAgeBonus',
     elementId: 462999,
     elementTypeId: 38,
     enabledSkills: [ [Object] ],
     disabledSkills: [],
     ageBonus: 0,
     _name: 'Wheat' },
  stated: 
   { _type: 'StatedElement',
     elementId: 462999,
     elementCellId: 359,
     elementState: 0 } }
3
{ interactive: 
   { _type: 'InteractiveElementWithAgeBonus',
     elementId: 463000,
     elementTypeId: 38,
     enabledSkills: [ [Object] ],
     disabledSkills: [],
     ageBonus: 0,
     _name: 'Wheat' },
  stated: 
   { _type: 'StatedElement',
     elementId: 463000,
     elementCellId: 159,
     elementState: 0 } }
11
{ interactive: 
   { _type: 'InteractiveElementWithAgeBonus',
     elementId: 463001,
     elementTypeId: 38,
     enabledSkills: [ [Object] ],
     disabledSkills: [],
     ageBonus: 0,
     _name: 'Wheat' },
  stated: 
   { _type: 'StatedElement',
     elementId: 463001,
     elementCellId: 368,
     elementState: 0 } }
8
{ interactive: 
   { _type: 'InteractiveElementWithAgeBonus',
     elementId: 463002,
     elementTypeId: 38,
     enabledSkills: [ [Object] ],
     disabledSkills: [],
     ageBonus: 0,
     _name: 'Wheat' },
  stated: 
   { _type: 'StatedElement',
     elementId: 463002,
     elementCellId: 215,
     elementState: 0 } }
7
{ interactive: 
   { _type: 'InteractiveElement',
     elementId: 463003,
     elementTypeId: 38,
     enabledSkills: [],
     disabledSkills: [ [Object] ],
     _name: 'Wheat' },
  stated: 
   { _type: 'StatedElement',
     elementId: 463003,
     elementCellId: 330,
     elementState: 1 } }
1
nouvelle dist
{ interactive: 
   { _type: 'InteractiveElementWithAgeBonus',
     elementId: 463004,
     elementTypeId: 38,
     enabledSkills: [ [Object] ],
     disabledSkills: [],
     ageBonus: 0,
     _name: 'Wheat' },
  stated: 
   { _type: 'StatedElement',
     elementId: 463004,
     elementCellId: 382,
     elementState: 0 } }
7
{ interactive: 
   { _type: 'InteractiveElementWithAgeBonus',
     elementId: 463005,
     elementTypeId: 38,
     enabledSkills: [ [Object] ],
     disabledSkills: [],
     ageBonus: 0,
     _name: 'Wheat' },
  stated: 
   { _type: 'StatedElement',
     elementId: 463005,
     elementCellId: 305,
     elementState: 0 } }
7
{ interactive: 
   { _type: 'InteractiveElementWithAgeBonus',
     elementId: 463006,
     elementTypeId: 38,
     enabledSkills: [ [Object] ],
     disabledSkills: [],
     ageBonus: 0,
     _name: 'Wheat' },
  stated: 
   { _type: 'StatedElement',
     elementId: 463006,
     elementCellId: 354,
     elementState: 0 } }
7
{ interactive: 
   { _type: 'InteractiveElementWithAgeBonus',
     elementId: 463007,
     elementTypeId: 38,
     enabledSkills: [ [Object] ],
     disabledSkills: [],
     ageBonus: 0,
     _name: 'Wheat' },
  stated: 
   { _type: 'StatedElement',
     elementId: 463007,
     elementCellId: 369,
     elementState: 0 } }
6
{ interactive: 
   { _type: 'InteractiveElementWithAgeBonus',
     elementId: 463008,
     elementTypeId: 38,
     enabledSkills: [ [Object] ],
     disabledSkills: [],
     ageBonus: 0,
     _name: 'Wheat' },
  stated: 
   { _type: 'StatedElement',
     elementId: 463008,
     elementCellId: 325,
     elementState: 0 } }
9
{ interactive: 
   { _type: 'InteractiveElementWithAgeBonus',
     elementId: 463009,
     elementTypeId: 38,
     enabledSkills: [ [Object] ],
     disabledSkills: [],
     ageBonus: 0,
     _name: 'Wheat' },
  stated: 
   { _type: 'StatedElement',
     elementId: 463009,
     elementCellId: 341,
     elementState: 0 } }
6
{ interactive: 
   { _type: 'InteractiveElement',
     elementId: 463003,
     elementTypeId: 38,
     enabledSkills: [],
     disabledSkills: [ [Object] ],
     _name: 'Wheat' },
  stated: 
   { _type: 'StatedElement',
     elementId: 463003,
     elementCellId: 330,
     elementState: 1 } }
Fini
{ interactive: 
   { _type: 'InteractiveElement',
     elementId: 463003,
     elementTypeId: 38,
     enabledSkills: [],
     disabledSkills: [ [Object] ],
     _name: 'Wheat' },
  stated: 
   { _type: 'StatedElement',
     elementId: 463003,
     elementCellId: 330,
     elementState: 1 } }
null
Fini
null
