Server request connecting ...
{"assetsUrl":"https://ankama.akamaized.net/games/dofus-tablette/assets/2.15.15","analytics":{"wizAnalytics":{"localytics":{"token":"9f0bf865fd57d22f0bbea56-cd08f12a-8138-11e5-7c24-00736b041834","options":{"sessionTimeoutSeconds":60,"namespace":"dofus-production"}}},"ankAnalytics":{"debug":false,"analog":false,"useUrlMap":true}},"adjust":{"appToken":"7j60imkfu60w","environment":"EnvironmentProduction"},"logging":{"groups":false,"logLevels":{"time":0,"verbose":0,"debug":1,"info":2,"notice":3,"warning":4,"error":5,"critical":6,"alert":7,"emergency":8},"config":{"console":["none"],"server":["error","critical","alert","emergency"]},"disableOverride":false},"dataUrl":"https://proxyconnection.touch.dofus.com","haapi":{"id":18,"url":"https://haapi.ankama.com/json/Ankama/v2"},"serverLanguages":["en","de","es","fr","it","pt"],"failoverLanguage":"en","uiUrl":"https://proxyconnection.touch.dofus.com/assets","language":"en","sessionId":"TzyD76jh3uuChy3I"}
Config loaded !
{"key":"2870594f-53cf-47a7-99f4-ccda804ac7ff","account_id":112984462,"ip":"105.157.55.54","added_date":"2017-02-16T21:15:16+01:00","meta":[],"data":{},"access":[],"refresh_token":null,"expiration_date":"2017-02-17T00:15:16+01:00"}
Api key : 2870594f-53cf-47a7-99f4-ccda804ac7ff
Game token : aef9df37db9917fbf04bc833189239b2
[Aucun groupe:0:info][processIdentification]...
Connecting to login server (https://proxyconnection.touch.dofus.com?STICKER=TzyD76jh3uuChy3I) ...
Connection opened !
[Aucun groupe:0:info]Identification connection opened !
[Aucun groupe:0:info]Identification success (1465968706052483029) !
[Aucun groupe:0:info]Servers list received !
[Aucun groupe:0:info][processServerSelection]...
[Aucun groupe:0:info]Request for server infos (id : 403) ...
Connection closed
migrating...
Connection opened !
[Aucun groupe:0:info]Game connection opened !
[Aucun groupe:0:success][processServerSelection]OK
[Aucun groupe:0:info][processsCharacterSelection]...
[Aucun groupe:0:info]Request for characters ...
[Aucun groupe:0:info]Selecting frist character (Miss-Lagertha) ...
Set default config for Miss-Lagertha
[Aucun groupe:0:info][Inventory]Object : 26258734 selected for regen !
[Aucun groupe:0:info][Inventory]Object : 26258735 selected for regen !
[Aucun groupe:0:info][Inventory]Object : 26258736 selected for regen !
[Aucun groupe:0:info][Inventory]Object : 26258737 selected for regen !
Sequence ready !
[Aucun groupe:0:info][Infos]Welcome to DOFUS, and welcome to the World of Twelve! 
Remember that it is <b>strictly forbidden</b> to disclose your account name or password.
{"call":"global-state-request"}
Server request for state ...
[InventoryManager]Items infos loaded !
[Sync]Processing ...
[Sync]Ready to process !
[Sync]Trajet ready ...
[Trajet]No trajet loaded !
Debug command received .
Sequence ready !
zahidsacri has prolonged inactivity !
Reconnection request ...
Session for zahidsacri exported !
Reconnecting undefined ...
Rescuring session...
{"assetsUrl":"https://ankama.akamaized.net/games/dofus-tablette/assets/2.15.15","analytics":{"wizAnalytics":{"localytics":{"token":"9f0bf865fd57d22f0bbea56-cd08f12a-8138-11e5-7c24-00736b041834","options":{"sessionTimeoutSeconds":60,"namespace":"dofus-production"}}},"ankAnalytics":{"debug":false,"analog":false,"useUrlMap":true}},"adjust":{"appToken":"7j60imkfu60w","environment":"EnvironmentProduction"},"logging":{"groups":false,"logLevels":{"time":0,"verbose":0,"debug":1,"info":2,"notice":3,"warning":4,"error":5,"critical":6,"alert":7,"emergency":8},"config":{"console":["none"],"server":["error","critical","alert","emergency"]},"disableOverride":false},"dataUrl":"https://proxyconnection.touch.dofus.com","haapi":{"id":18,"url":"https://haapi.ankama.com/json/Ankama/v2"},"serverLanguages":["en","de","es","fr","it","pt"],"failoverLanguage":"en","uiUrl":"https://proxyconnection.touch.dofus.com/assets","language":"en","sessionId":"9Cb/k9Xv7uaVxxw5"}
Config loaded !
{"key":"f6c8cdcb-0f93-4e7b-bb70-3ff9a20b717d","account_id":112984462,"ip":"105.157.55.54","added_date":"2017-02-16T21:20:17+01:00","meta":[],"data":{},"access":[],"refresh_token":null,"expiration_date":"2017-02-17T00:20:17+01:00"}
Api key : f6c8cdcb-0f93-4e7b-bb70-3ff9a20b717d
Game token : d311395b707a2b39a62bdf8aba29937e
[Aucun groupe:0:info][processIdentification]...
Connecting to login server (https://proxyconnection.touch.dofus.com?STICKER=9Cb%2Fk9Xv7uaVxxw5) ...
Connection opened !
[Aucun groupe:0:info]Identification connection opened !
[Aucun groupe:0:info]2/2 in login queue...
[Aucun groupe:0:info]0/0 in login queue...
[Aucun groupe:0:info]0/0 in login queue...
[Aucun groupe:0:info]Identification success (1465968706052508223) !
[Aucun groupe:0:info]Servers list received !
[Aucun groupe:0:info][processServerSelection]...
[Aucun groupe:0:info]Request for server infos (id : 403) ...
Connection closed
migrating...
Connection opened !
[Aucun groupe:0:info]Game connection opened !
Connection closed
[Aucun groupe:0:info]<span color="red">Connection closed, reloading client ...</span>
Session for zahidsacri exported !
[Aucun groupe:0:success][processServerSelection]OK
[Aucun groupe:0:info][processsCharacterSelection]...
[Aucun groupe:0:info]Request for characters ...
[Aucun groupe:0:info]Selecting frist character (Miss-Lagertha) ...
Set default config for Miss-Lagertha
[Aucun groupe:0:info][Inventory]Object : 26463736 selected for regen !
[Aucun groupe:0:info][Inventory]Object : 26463737 selected for regen !
[Aucun groupe:0:info][Inventory]Object : 26463738 selected for regen !
[Aucun groupe:0:info][Inventory]Object : 26463739 selected for regen !
Sequence ready !
[Aucun groupe:0:info][Infos]Welcome to DOFUS, and welcome to the World of Twelve! 
Remember that it is <b>strictly forbidden</b> to disclose your account name or password.
[InventoryManager]Items infos loaded !
{"call":"global-state-request"}
Server request for state ...
Reconnecting undefined ...
Rescuring session...
[Sync]Processing ...
[Sync]Ready to process !
[Sync]Trajet ready ...
{"assetsUrl":"https://ankama.akamaized.net/games/dofus-tablette/assets/2.15.15","analytics":{"wizAnalytics":{"localytics":{"token":"9f0bf865fd57d22f0bbea56-cd08f12a-8138-11e5-7c24-00736b041834","options":{"sessionTimeoutSeconds":60,"namespace":"dofus-production"}}},"ankAnalytics":{"debug":false,"analog":false,"useUrlMap":true}},"adjust":{"appToken":"7j60imkfu60w","environment":"EnvironmentProduction"},"logging":{"groups":false,"logLevels":{"time":0,"verbose":0,"debug":1,"info":2,"notice":3,"warning":4,"error":5,"critical":6,"alert":7,"emergency":8},"config":{"console":["none"],"server":["error","critical","alert","emergency"]},"disableOverride":false},"dataUrl":"https://proxyconnection.touch.dofus.com","haapi":{"id":18,"url":"https://haapi.ankama.com/json/Ankama/v2"},"serverLanguages":["en","de","es","fr","it","pt"],"failoverLanguage":"en","uiUrl":"https://proxyconnection.touch.dofus.com/assets","language":"en","sessionId":"yUy+DCpH3hOrmUUZ"}
Config loaded !
[Trajet]No trajet loaded !
{"key":"c2318d7e-80cb-458e-83ea-73108623cdb1","account_id":112984462,"ip":"105.157.55.54","added_date":"2017-02-16T21:20:24+01:00","meta":[],"data":{},"access":[],"refresh_token":null,"expiration_date":"2017-02-17T00:20:24+01:00"}
Api key : c2318d7e-80cb-458e-83ea-73108623cdb1
Game token : 580a0d7105c80841a20faec24dfd579b
[Aucun groupe:0:info][processIdentification]...
Connecting to login server (https://proxyconnection.touch.dofus.com?STICKER=yUy%2BDCpH3hOrmUUZ) ...
Connection opened !
[Aucun groupe:0:info]Identification connection opened !
[Aucun groupe:0:info]Identification success (1465968706052509045) !
[Aucun groupe:0:info]Servers list received !
[Aucun groupe:0:info][processServerSelection]...
[Aucun groupe:0:info]Request for server infos (id : 403) ...
Connection closed
migrating...
Connection opened !
[Aucun groupe:0:info]Game connection opened !
Connection closed
[Aucun groupe:0:info]<span color="red">Connection closed, reloading client ...</span>
Session for zahidsacri exported !
[Aucun groupe:0:success][processServerSelection]OK
[Aucun groupe:0:info][processsCharacterSelection]...
[Aucun groupe:0:info]Request for characters ...
[Aucun groupe:0:info]Selecting frist character (Miss-Lagertha) ...
Set default config for Miss-Lagertha
[Aucun groupe:0:info][Inventory]Object : 26469371 selected for regen !
[Aucun groupe:0:info][Inventory]Object : 26469372 selected for regen !
[Aucun groupe:0:info][Inventory]Object : 26469373 selected for regen !
[Aucun groupe:0:info][Inventory]Object : 26469374 selected for regen !
Sequence ready !
[Aucun groupe:0:info][Infos]Welcome to DOFUS, and welcome to the World of Twelve! 
Remember that it is <b>strictly forbidden</b> to disclose your account name or password.
{"call":"global-state-request"}
Server request for state ...
[InventoryManager]Items infos loaded !
Reconnecting undefined ...
Rescuring session...
[Sync]Processing ...
[Sync]Ready to process !
[Sync]Trajet ready ...
[Trajet]No trajet loaded !
{"assetsUrl":"https://ankama.akamaized.net/games/dofus-tablette/assets/2.15.15","analytics":{"wizAnalytics":{"localytics":{"token":"9f0bf865fd57d22f0bbea56-cd08f12a-8138-11e5-7c24-00736b041834","options":{"sessionTimeoutSeconds":60,"namespace":"dofus-production"}}},"ankAnalytics":{"debug":false,"analog":false,"useUrlMap":true}},"adjust":{"appToken":"7j60imkfu60w","environment":"EnvironmentProduction"},"logging":{"groups":false,"logLevels":{"time":0,"verbose":0,"debug":1,"info":2,"notice":3,"warning":4,"error":5,"critical":6,"alert":7,"emergency":8},"config":{"console":["none"],"server":["error","critical","alert","emergency"]},"disableOverride":false},"dataUrl":"https://proxyconnection.touch.dofus.com","haapi":{"id":18,"url":"https://haapi.ankama.com/json/Ankama/v2"},"serverLanguages":["en","de","es","fr","it","pt"],"failoverLanguage":"en","uiUrl":"https://proxyconnection.touch.dofus.com/assets","language":"en","sessionId":"oXJc5i+eJqso/nRW"}
Config loaded !
{"key":"84b6b121-11ed-4cbc-9170-1038eb94b880","account_id":112984462,"ip":"105.157.55.54","added_date":"2017-02-16T21:20:33+01:00","meta":[],"data":{},"access":[],"refresh_token":null,"expiration_date":"2017-02-17T00:20:33+01:00"}
Api key : 84b6b121-11ed-4cbc-9170-1038eb94b880
Game token : d5702627371a68755d70427933bb3509
[Aucun groupe:0:info][processIdentification]...
Connecting to login server (https://proxyconnection.touch.dofus.com?STICKER=oXJc5i%2BeJqso%2FnRW) ...
Connection opened !
[Aucun groupe:0:info]Identification connection opened !
[Aucun groupe:0:info]2/2 in login queue...
[Aucun groupe:0:info]0/0 in login queue...
[Aucun groupe:0:info]1/2 in login queue...
[Aucun groupe:0:info]0/1 in login queue...
[Aucun groupe:0:info]Identification success (1465968706052509556) !
[Aucun groupe:0:info]Servers list received !
[Aucun groupe:0:info][processServerSelection]...
[Aucun groupe:0:info]Request for server infos (id : 403) ...
Connection closed
migrating...
Connection opened !
[Aucun groupe:0:info]Game connection opened !
[Aucun groupe:0:success][processServerSelection]OK
[Aucun groupe:0:info][processsCharacterSelection]...
[Aucun groupe:0:info]Request for characters ...
[Aucun groupe:0:info]Selecting frist character (Miss-Lagertha) ...
Connection closed
[Aucun groupe:0:info]<span color="red">Connection closed, reloading client ...</span>
Session for zahidsacri exported !
Set default config for Miss-Lagertha
[Aucun groupe:0:info][Inventory]Object : 26471837 selected for regen !
[Aucun groupe:0:info][Inventory]Object : 26471838 selected for regen !
[Aucun groupe:0:info][Inventory]Object : 26471839 selected for regen !
[Aucun groupe:0:info][Inventory]Object : 26471840 selected for regen !
Sequence ready !
[Aucun groupe:0:info][Infos]Welcome to DOFUS, and welcome to the World of Twelve! 
Remember that it is <b>strictly forbidden</b> to disclose your account name or password.
{"call":"global-state-request"}
Server request for state ...
[InventoryManager]Items infos loaded !
[Sync]Processing ...
[Sync]Ready to process !
[Sync]Trajet ready ...
Reconnecting undefined ...
Rescuring session...
[Trajet]No trajet loaded !
{"assetsUrl":"https://ankama.akamaized.net/games/dofus-tablette/assets/2.15.15","analytics":{"wizAnalytics":{"localytics":{"token":"9f0bf865fd57d22f0bbea56-cd08f12a-8138-11e5-7c24-00736b041834","options":{"sessionTimeoutSeconds":60,"namespace":"dofus-production"}}},"ankAnalytics":{"debug":false,"analog":false,"useUrlMap":true}},"adjust":{"appToken":"7j60imkfu60w","environment":"EnvironmentProduction"},"logging":{"groups":false,"logLevels":{"time":0,"verbose":0,"debug":1,"info":2,"notice":3,"warning":4,"error":5,"critical":6,"alert":7,"emergency":8},"config":{"console":["none"],"server":["error","critical","alert","emergency"]},"disableOverride":false},"dataUrl":"https://proxyconnection.touch.dofus.com","haapi":{"id":18,"url":"https://haapi.ankama.com/json/Ankama/v2"},"serverLanguages":["en","de","es","fr","it","pt"],"failoverLanguage":"en","uiUrl":"https://proxyconnection.touch.dofus.com/assets","language":"en","sessionId":"Mje2w0zgoBVcnMvA"}
Config loaded !
{"key":"d17b9b2a-715b-49c3-a841-e793846a1e78","account_id":112984462,"ip":"105.157.55.54","added_date":"2017-02-16T21:20:38+01:00","meta":[],"data":{},"access":[],"refresh_token":null,"expiration_date":"2017-02-17T00:20:38+01:00"}
Api key : d17b9b2a-715b-49c3-a841-e793846a1e78
Game token : c86341d9059ff4910f288976b56aa82c
[Aucun groupe:0:info][processIdentification]...
Connecting to login server (https://proxyconnection.touch.dofus.com?STICKER=Mje2w0zgoBVcnMvA) ...
Connection opened !
[Aucun groupe:0:info]Identification connection opened !
[Aucun groupe:0:info]2/2 in login queue...
[Aucun groupe:0:info]0/0 in login queue...
[Aucun groupe:0:info]1/2 in login queue...
[Aucun groupe:0:info]0/1 in login queue...
[Aucun groupe:0:info]Identification success (1465968706052509936) !
[Aucun groupe:0:info]Servers list received !
[Aucun groupe:0:info][processServerSelection]...
[Aucun groupe:0:info]Request for server infos (id : 403) ...
Connection closed
migrating...
Connection opened !
[Aucun groupe:0:info]Game connection opened !
Connection closed
[Aucun groupe:0:info]<span color="red">Connection closed, reloading client ...</span>
Session for zahidsacri exported !
[Aucun groupe:0:success][processServerSelection]OK
[Aucun groupe:0:info][processsCharacterSelection]...
[Aucun groupe:0:info]Request for characters ...
[Aucun groupe:0:info]Selecting frist character (Miss-Lagertha) ...
Set default config for Miss-Lagertha
[Aucun groupe:0:info][Inventory]Object : 26476996 selected for regen !
[Aucun groupe:0:info][Inventory]Object : 26476997 selected for regen !
[Aucun groupe:0:info][Inventory]Object : 26476998 selected for regen !
[Aucun groupe:0:info][Inventory]Object : 26476999 selected for regen !
Sequence ready !
[Aucun groupe:0:info][Infos]Welcome to DOFUS, and welcome to the World of Twelve! 
Remember that it is <b>strictly forbidden</b> to disclose your account name or password.
{"call":"global-state-request"}
Server request for state ...
[InventoryManager]Items infos loaded !
Reconnecting undefined ...
Rescuring session...
{"assetsUrl":"https://ankama.akamaized.net/games/dofus-tablette/assets/2.15.15","analytics":{"wizAnalytics":{"localytics":{"token":"9f0bf865fd57d22f0bbea56-cd08f12a-8138-11e5-7c24-00736b041834","options":{"sessionTimeoutSeconds":60,"namespace":"dofus-production"}}},"ankAnalytics":{"debug":false,"analog":false,"useUrlMap":true}},"adjust":{"appToken":"7j60imkfu60w","environment":"EnvironmentProduction"},"logging":{"groups":false,"logLevels":{"time":0,"verbose":0,"debug":1,"info":2,"notice":3,"warning":4,"error":5,"critical":6,"alert":7,"emergency":8},"config":{"console":["none"],"server":["error","critical","alert","emergency"]},"disableOverride":false},"dataUrl":"https://proxyconnection.touch.dofus.com","haapi":{"id":18,"url":"https://haapi.ankama.com/json/Ankama/v2"},"serverLanguages":["en","de","es","fr","it","pt"],"failoverLanguage":"en","uiUrl":"https://proxyconnection.touch.dofus.com/assets","language":"en","sessionId":"Vv/+PecBTbmbGUJS"}
Config loaded !
[Sync]Processing ...
[Sync]Ready to process !
[Sync]Trajet ready ...
{"key":"c7e48cd9-3088-4856-9c7f-3acd673e30fb","account_id":112984462,"ip":"105.157.55.54","added_date":"2017-02-16T21:20:44+01:00","meta":[],"data":{},"access":[],"refresh_token":null,"expiration_date":"2017-02-17T00:20:44+01:00"}
Api key : c7e48cd9-3088-4856-9c7f-3acd673e30fb
[Trajet]No trajet loaded !
Game token : undefined
[Aucun groupe:0:info][processIdentification]...
Connecting to login server (https://proxyconnection.touch.dofus.com?STICKER=Vv%2F%2BPecBTbmbGUJS) ...
Connection opened !
[Aucun groupe:0:info]Identification connection opened !
Connection closed
[Aucun groupe:0:info]<span color="red">Connection closed, reloading client ...</span>
Session for zahidsacri exported !
Reconnecting undefined ...
Rescuring session...
{"assetsUrl":"https://ankama.akamaized.net/games/dofus-tablette/assets/2.15.15","analytics":{"wizAnalytics":{"localytics":{"token":"9f0bf865fd57d22f0bbea56-cd08f12a-8138-11e5-7c24-00736b041834","options":{"sessionTimeoutSeconds":60,"namespace":"dofus-production"}}},"ankAnalytics":{"debug":false,"analog":false,"useUrlMap":true}},"adjust":{"appToken":"7j60imkfu60w","environment":"EnvironmentProduction"},"logging":{"groups":false,"logLevels":{"time":0,"verbose":0,"debug":1,"info":2,"notice":3,"warning":4,"error":5,"critical":6,"alert":7,"emergency":8},"config":{"console":["none"],"server":["error","critical","alert","emergency"]},"disableOverride":false},"dataUrl":"https://proxyconnection.touch.dofus.com","haapi":{"id":18,"url":"https://haapi.ankama.com/json/Ankama/v2"},"serverLanguages":["en","de","es","fr","it","pt"],"failoverLanguage":"en","uiUrl":"https://proxyconnection.touch.dofus.com/assets","language":"en","sessionId":"u/MbHBX9kOQp5ByB"}
Config loaded !
{"key":"8901da5e-6a2d-4307-aeac-c253b3669b67","account_id":112984462,"ip":"105.157.55.54","added_date":"2017-02-16T21:20:48+01:00","meta":[],"data":{},"access":[],"refresh_token":null,"expiration_date":"2017-02-17T00:20:48+01:00"}
Api key : 8901da5e-6a2d-4307-aeac-c253b3669b67
Game token : 96b645c8dbd886d0eb0a2d501c39d5d3
[Aucun groupe:0:info][processIdentification]...
Connecting to login server (https://proxyconnection.touch.dofus.com?STICKER=u%2FMbHBX9kOQp5ByB) ...
Connection opened !
[Aucun groupe:0:info]Identification connection opened !
[Aucun groupe:0:info]3/3 in login queue...
[Aucun groupe:0:info]3/4 in login queue...
[Aucun groupe:0:info]2/3 in login queue...
[Aucun groupe:0:info]0/2 in login queue...
[Aucun groupe:0:info]Identification success (1465968706052510828) !
[Aucun groupe:0:info]Servers list received !
[Aucun groupe:0:info][processServerSelection]...
[Aucun groupe:0:info]Request for server infos (id : 403) ...
Connection closed
migrating...
Connection opened !
[Aucun groupe:0:info]Game connection opened !
Connection closed
[Aucun groupe:0:info]<span color="red">Connection closed, reloading client ...</span>
Session for zahidsacri exported !
[Aucun groupe:0:success][processServerSelection]OK
[Aucun groupe:0:info][processsCharacterSelection]...
[Aucun groupe:0:info]Request for characters ...
[Aucun groupe:0:info]Selecting frist character (Miss-Lagertha) ...
Set default config for Miss-Lagertha
[Aucun groupe:0:info][Inventory]Object : 26482507 selected for regen !
[Aucun groupe:0:info][Inventory]Object : 26482508 selected for regen !
[Aucun groupe:0:info][Inventory]Object : 26482509 selected for regen !
[Aucun groupe:0:info][Inventory]Object : 26482510 selected for regen !
Sequence ready !
[Aucun groupe:0:info][Infos]Welcome to DOFUS, and welcome to the World of Twelve! 
Remember that it is <b>strictly forbidden</b> to disclose your account name or password.
[InventoryManager]Items infos loaded !
{"call":"global-state-request"}
Server request for state ...
Reconnecting undefined ...
Rescuring session...
{"assetsUrl":"https://ankama.akamaized.net/games/dofus-tablette/assets/2.15.15","analytics":{"wizAnalytics":{"localytics":{"token":"9f0bf865fd57d22f0bbea56-cd08f12a-8138-11e5-7c24-00736b041834","options":{"sessionTimeoutSeconds":60,"namespace":"dofus-production"}}},"ankAnalytics":{"debug":false,"analog":false,"useUrlMap":true}},"adjust":{"appToken":"7j60imkfu60w","environment":"EnvironmentProduction"},"logging":{"groups":false,"logLevels":{"time":0,"verbose":0,"debug":1,"info":2,"notice":3,"warning":4,"error":5,"critical":6,"alert":7,"emergency":8},"config":{"console":["none"],"server":["error","critical","alert","emergency"]},"disableOverride":false},"dataUrl":"https://proxyconnection.touch.dofus.com","haapi":{"id":18,"url":"https://haapi.ankama.com/json/Ankama/v2"},"serverLanguages":["en","de","es","fr","it","pt"],"failoverLanguage":"en","uiUrl":"https://proxyconnection.touch.dofus.com/assets","language":"en","sessionId":"iWDa1jBkq2SNe9vq"}
Config loaded !
{"key":"7ff88f6c-481b-4648-8cfd-1ed845c7c449","account_id":112984462,"ip":"105.157.55.54","added_date":"2017-02-16T21:20:54+01:00","meta":[],"data":{},"access":[],"refresh_token":null,"expiration_date":"2017-02-17T00:20:54+01:00"}
Api key : 7ff88f6c-481b-4648-8cfd-1ed845c7c449
[Sync]Processing ...
[Sync]Ready to process !
[Sync]Trajet ready ...
Game token : 9aa16e3c6f9bfe90bbd691cc0be59063
[Aucun groupe:0:info][processIdentification]...
Connecting to login server (https://proxyconnection.touch.dofus.com?STICKER=iWDa1jBkq2SNe9vq) ...
[Trajet]No trajet loaded !
Connection opened !
[Aucun groupe:0:info]Identification connection opened !
[Aucun groupe:0:info]2/2 in login queue...
[Aucun groupe:0:info]2/3 in login queue...
[Aucun groupe:0:info]0/1 in login queue...
[Aucun groupe:0:info]Identification success (1465968706052511265) !
[Aucun groupe:0:info]Servers list received !
[Aucun groupe:0:info][processServerSelection]...
[Aucun groupe:0:info]Request for server infos (id : 403) ...
Connection closed
migrating...
Connection closed
[Aucun groupe:0:info]<span color="red">Connection closed, reloading client ...</span>
Session for zahidsacri exported !
Reconnecting undefined ...
Rescuring session...
{"assetsUrl":"https://ankama.akamaized.net/games/dofus-tablette/assets/2.15.15","analytics":{"wizAnalytics":{"localytics":{"token":"9f0bf865fd57d22f0bbea56-cd08f12a-8138-11e5-7c24-00736b041834","options":{"sessionTimeoutSeconds":60,"namespace":"dofus-production"}}},"ankAnalytics":{"debug":false,"analog":false,"useUrlMap":true}},"adjust":{"appToken":"7j60imkfu60w","environment":"EnvironmentProduction"},"logging":{"groups":false,"logLevels":{"time":0,"verbose":0,"debug":1,"info":2,"notice":3,"warning":4,"error":5,"critical":6,"alert":7,"emergency":8},"config":{"console":["none"],"server":["error","critical","alert","emergency"]},"disableOverride":false},"dataUrl":"https://proxyconnection.touch.dofus.com","haapi":{"id":18,"url":"https://haapi.ankama.com/json/Ankama/v2"},"serverLanguages":["en","de","es","fr","it","pt"],"failoverLanguage":"en","uiUrl":"https://proxyconnection.touch.dofus.com/assets","language":"en","sessionId":"tmpC4z+NCVWQbo7Z"}
Config loaded !
Connection opened !
[Aucun groupe:0:info]Game connection opened !
[Aucun groupe:0:info][processsCharacterSelection]...
{"key":"11d2d1af-cef0-4c8f-807d-19732334a8e7","account_id":112984462,"ip":"105.157.55.54","added_date":"2017-02-16T21:21:00+01:00","meta":[],"data":{},"access":[],"refresh_token":null,"expiration_date":"2017-02-17T00:21:00+01:00"}
Api key : 11d2d1af-cef0-4c8f-807d-19732334a8e7
Game token : undefined
[Aucun groupe:0:info][processIdentification]...
Connecting to login server (https://proxyconnection.touch.dofus.com?STICKER=tmpC4z%2BNCVWQbo7Z) ...
Connection opened !
[Aucun groupe:0:info]Identification connection opened !
Connection closed
[Aucun groupe:0:info]<span color="red">Connection closed, reloading client ...</span>
Session for zahidsacri exported !
Reconnecting undefined ...
Rescuring session...
{"assetsUrl":"https://ankama.akamaized.net/games/dofus-tablette/assets/2.15.15","analytics":{"wizAnalytics":{"localytics":{"token":"9f0bf865fd57d22f0bbea56-cd08f12a-8138-11e5-7c24-00736b041834","options":{"sessionTimeoutSeconds":60,"namespace":"dofus-production"}}},"ankAnalytics":{"debug":false,"analog":false,"useUrlMap":true}},"adjust":{"appToken":"7j60imkfu60w","environment":"EnvironmentProduction"},"logging":{"groups":false,"logLevels":{"time":0,"verbose":0,"debug":1,"info":2,"notice":3,"warning":4,"error":5,"critical":6,"alert":7,"emergency":8},"config":{"console":["none"],"server":["error","critical","alert","emergency"]},"disableOverride":false},"dataUrl":"https://proxyconnection.touch.dofus.com","haapi":{"id":18,"url":"https://haapi.ankama.com/json/Ankama/v2"},"serverLanguages":["en","de","es","fr","it","pt"],"failoverLanguage":"en","uiUrl":"https://proxyconnection.touch.dofus.com/assets","language":"en","sessionId":"bvSu8cpx+PtUcUxE"}
Config loaded !
{"key":"245552ba-fb96-4b74-8738-d59ce833a240","account_id":112984462,"ip":"105.157.55.54","added_date":"2017-02-16T21:21:05+01:00","meta":[],"data":{},"access":[],"refresh_token":null,"expiration_date":"2017-02-17T00:21:05+01:00"}
Api key : 245552ba-fb96-4b74-8738-d59ce833a240
Game token : undefined
[Aucun groupe:0:info][processIdentification]...
Connecting to login server (https://proxyconnection.touch.dofus.com?STICKER=bvSu8cpx%2BPtUcUxE) ...
Connection opened !
[Aucun groupe:0:info]Identification connection opened !
Connection closed
[Aucun groupe:0:info]<span color="red">Connection closed, reloading client ...</span>
Session for zahidsacri exported !
Reconnecting undefined ...
Rescuring session...
{"assetsUrl":"https://ankama.akamaized.net/games/dofus-tablette/assets/2.15.15","analytics":{"wizAnalytics":{"localytics":{"token":"9f0bf865fd57d22f0bbea56-cd08f12a-8138-11e5-7c24-00736b041834","options":{"sessionTimeoutSeconds":60,"namespace":"dofus-production"}}},"ankAnalytics":{"debug":false,"analog":false,"useUrlMap":true}},"adjust":{"appToken":"7j60imkfu60w","environment":"EnvironmentProduction"},"logging":{"groups":false,"logLevels":{"time":0,"verbose":0,"debug":1,"info":2,"notice":3,"warning":4,"error":5,"critical":6,"alert":7,"emergency":8},"config":{"console":["none"],"server":["error","critical","alert","emergency"]},"disableOverride":false},"dataUrl":"https://proxyconnection.touch.dofus.com","haapi":{"id":18,"url":"https://haapi.ankama.com/json/Ankama/v2"},"serverLanguages":["en","de","es","fr","it","pt"],"failoverLanguage":"en","uiUrl":"https://proxyconnection.touch.dofus.com/assets","language":"en","sessionId":"ZMXnadEPuhHfbGwI"}
Config loaded !
{"key":"f0c5ba40-b1c2-4cd2-9f61-8080b6c26173","account_id":112984462,"ip":"105.157.55.54","added_date":"2017-02-16T21:21:14+01:00","meta":[],"data":{},"access":[],"refresh_token":null,"expiration_date":"2017-02-17T00:21:14+01:00"}
Api key : f0c5ba40-b1c2-4cd2-9f61-8080b6c26173
Game token : d7f7d05e710926fc8bdd9abee893abcc
[Aucun groupe:0:info][processIdentification]...
Connecting to login server (https://proxyconnection.touch.dofus.com?STICKER=ZMXnadEPuhHfbGwI) ...
Connection opened !
[Aucun groupe:0:info]Identification connection opened !
[Aucun groupe:0:info]2/2 in login queue...
[Aucun groupe:0:info]0/0 in login queue...
[Aucun groupe:0:info]0/0 in login queue...
[Aucun groupe:0:info]Identification success (1465968706052512759) !
[Aucun groupe:0:info]Servers list received !
[Aucun groupe:0:info][processServerSelection]...
[Aucun groupe:0:info]Request for server infos (id : 403) ...
Connection closed
migrating...
Connection opened !
[Aucun groupe:0:info]Game connection opened !
[Aucun groupe:0:success][processServerSelection]OK
[Aucun groupe:0:info][processsCharacterSelection]...
[Aucun groupe:0:info]Request for characters ...
Connection closed
[Aucun groupe:0:info]<span color="red">Connection closed, reloading client ...</span>
Session for zahidsacri exported !
[Aucun groupe:0:info]Selecting frist character (Miss-Lagertha) ...
Set default config for Miss-Lagertha
[Aucun groupe:0:info][Inventory]Object : 26500059 selected for regen !
[Aucun groupe:0:info][Inventory]Object : 26500060 selected for regen !
[Aucun groupe:0:info][Inventory]Object : 26500061 selected for regen !
[Aucun groupe:0:info][Inventory]Object : 26500062 selected for regen !
Sequence ready !
[Aucun groupe:0:info][Infos]Welcome to DOFUS, and welcome to the World of Twelve! 
Remember that it is <b>strictly forbidden</b> to disclose your account name or password.
{"call":"global-state-request"}
Server request for state ...
[InventoryManager]Items infos loaded !
[Sync]Processing ...
[Sync]Ready to process !
[Sync]Trajet ready ...
Reconnecting undefined ...
Rescuring session...
[Trajet]No trajet loaded !
{"assetsUrl":"https://ankama.akamaized.net/games/dofus-tablette/assets/2.15.15","analytics":{"wizAnalytics":{"localytics":{"token":"9f0bf865fd57d22f0bbea56-cd08f12a-8138-11e5-7c24-00736b041834","options":{"sessionTimeoutSeconds":60,"namespace":"dofus-production"}}},"ankAnalytics":{"debug":false,"analog":false,"useUrlMap":true}},"adjust":{"appToken":"7j60imkfu60w","environment":"EnvironmentProduction"},"logging":{"groups":false,"logLevels":{"time":0,"verbose":0,"debug":1,"info":2,"notice":3,"warning":4,"error":5,"critical":6,"alert":7,"emergency":8},"config":{"console":["none"],"server":["error","critical","alert","emergency"]},"disableOverride":false},"dataUrl":"https://proxyconnection.touch.dofus.com","haapi":{"id":18,"url":"https://haapi.ankama.com/json/Ankama/v2"},"serverLanguages":["en","de","es","fr","it","pt"],"failoverLanguage":"en","uiUrl":"https://proxyconnection.touch.dofus.com/assets","language":"en","sessionId":"5EUXXgUwRLlzp/AJ"}
Config loaded !
{"key":"ffd1a1c8-bcb0-4db9-981b-02284fbd72c0","account_id":112984462,"ip":"105.157.55.54","added_date":"2017-02-16T21:21:19+01:00","meta":[],"data":{},"access":[],"refresh_token":null,"expiration_date":"2017-02-17T00:21:19+01:00"}
Api key : ffd1a1c8-bcb0-4db9-981b-02284fbd72c0
Game token : 8254a16b6f61a0c7bcb2bb4e8c41e1ac
[Aucun groupe:0:info][processIdentification]...
Connecting to login server (https://proxyconnection.touch.dofus.com?STICKER=5EUXXgUwRLlzp%2FAJ) ...
Connection opened !
[Aucun groupe:0:info]Identification connection opened !
[Aucun groupe:0:info]4/4 in login queue...
[Aucun groupe:0:info]4/5 in login queue...
[Aucun groupe:0:info]3/4 in login queue...
[Aucun groupe:0:info]0/2 in login queue...
[Aucun groupe:0:info]Identification success (1465968706052513226) !
[Aucun groupe:0:info]Servers list received !
[Aucun groupe:0:info][processServerSelection]...
[Aucun groupe:0:info]Request for server infos (id : 403) ...
Connection closed
migrating...
Connection opened !
[Aucun groupe:0:info]Game connection opened !
[Aucun groupe:0:success][processServerSelection]OK
[Aucun groupe:0:info][processsCharacterSelection]...
[Aucun groupe:0:info]Request for characters ...
Connection closed
[Aucun groupe:0:info]<span color="red">Connection closed, reloading client ...</span>
Session for zahidsacri exported !
[Aucun groupe:0:info]Selecting frist character (Miss-Lagertha) ...
Set default config for Miss-Lagertha
[Aucun groupe:0:info][Inventory]Object : 26504476 selected for regen !
[Aucun groupe:0:info][Inventory]Object : 26504477 selected for regen !
[Aucun groupe:0:info][Inventory]Object : 26504478 selected for regen !
[Aucun groupe:0:info][Inventory]Object : 26504479 selected for regen !
Sequence ready !
[Aucun groupe:0:info][Infos]Welcome to DOFUS, and welcome to the World of Twelve! 
Remember that it is <b>strictly forbidden</b> to disclose your account name or password.
{"call":"global-state-request"}
Server request for state ...
[InventoryManager]Items infos loaded !
[Sync]Processing ...
[Sync]Ready to process !
[Sync]Trajet ready ...
Reconnecting undefined ...
Rescuring session...
[Trajet]No trajet loaded !
{"assetsUrl":"https://ankama.akamaized.net/games/dofus-tablette/assets/2.15.15","analytics":{"wizAnalytics":{"localytics":{"token":"9f0bf865fd57d22f0bbea56-cd08f12a-8138-11e5-7c24-00736b041834","options":{"sessionTimeoutSeconds":60,"namespace":"dofus-production"}}},"ankAnalytics":{"debug":false,"analog":false,"useUrlMap":true}},"adjust":{"appToken":"7j60imkfu60w","environment":"EnvironmentProduction"},"logging":{"groups":false,"logLevels":{"time":0,"verbose":0,"debug":1,"info":2,"notice":3,"warning":4,"error":5,"critical":6,"alert":7,"emergency":8},"config":{"console":["none"],"server":["error","critical","alert","emergency"]},"disableOverride":false},"dataUrl":"https://proxyconnection.touch.dofus.com","haapi":{"id":18,"url":"https://haapi.ankama.com/json/Ankama/v2"},"serverLanguages":["en","de","es","fr","it","pt"],"failoverLanguage":"en","uiUrl":"https://proxyconnection.touch.dofus.com/assets","language":"en","sessionId":"uQwS8RQHMOKimTdW"}
Config loaded !
{"key":"6df4b20c-c4c0-4d93-bfef-babbd1591e0f","account_id":112984462,"ip":"105.157.55.54","added_date":"2017-02-16T21:21:25+01:00","meta":[],"data":{},"access":[],"refresh_token":null,"expiration_date":"2017-02-17T00:21:25+01:00"}
Api key : 6df4b20c-c4c0-4d93-bfef-babbd1591e0f
Game token : undefined
[Aucun groupe:0:info][processIdentification]...
Connecting to login server (https://proxyconnection.touch.dofus.com?STICKER=uQwS8RQHMOKimTdW) ...
Connection opened !
[Aucun groupe:0:info]Identification connection opened !
Connection closed
[Aucun groupe:0:info]<span color="red">Connection closed, reloading client ...</span>
Session for zahidsacri exported !
Reconnecting undefined ...
Rescuring session...
{"assetsUrl":"https://ankama.akamaized.net/games/dofus-tablette/assets/2.15.15","analytics":{"wizAnalytics":{"localytics":{"token":"9f0bf865fd57d22f0bbea56-cd08f12a-8138-11e5-7c24-00736b041834","options":{"sessionTimeoutSeconds":60,"namespace":"dofus-production"}}},"ankAnalytics":{"debug":false,"analog":false,"useUrlMap":true}},"adjust":{"appToken":"7j60imkfu60w","environment":"EnvironmentProduction"},"logging":{"groups":false,"logLevels":{"time":0,"verbose":0,"debug":1,"info":2,"notice":3,"warning":4,"error":5,"critical":6,"alert":7,"emergency":8},"config":{"console":["none"],"server":["error","critical","alert","emergency"]},"disableOverride":false},"dataUrl":"https://proxyconnection.touch.dofus.com","haapi":{"id":18,"url":"https://haapi.ankama.com/json/Ankama/v2"},"serverLanguages":["en","de","es","fr","it","pt"],"failoverLanguage":"en","uiUrl":"https://proxyconnection.touch.dofus.com/assets","language":"en","sessionId":"yibJ+i78o/NcsbeU"}
Config loaded !
{"key":"4632a717-8f50-4ae3-aa59-aba8d14e9e97","account_id":112984462,"ip":"105.157.55.54","added_date":"2017-02-16T21:21:29+01:00","meta":[],"data":{},"access":[],"refresh_token":null,"expiration_date":"2017-02-17T00:21:29+01:00"}
Api key : 4632a717-8f50-4ae3-aa59-aba8d14e9e97
Game token : db30750f819663d8a266ac54f4badd4a
[Aucun groupe:0:info][processIdentification]...
Connecting to login server (https://proxyconnection.touch.dofus.com?STICKER=yibJ%2Bi78o%2FNcsbeU) ...
Connection opened !
[Aucun groupe:0:info]Identification connection opened !
[Aucun groupe:0:info]1/2 in login queue...
[Aucun groupe:0:info]0/1 in login queue...
[Aucun groupe:0:info]Identification success (1465968706052513979) !
[Aucun groupe:0:info]Servers list received !
[Aucun groupe:0:info][processServerSelection]...
[Aucun groupe:0:info]Request for server infos (id : 403) ...
Connection closed
migrating...
Connection opened !
[Aucun groupe:0:info]Game connection opened !
Connection closed
[Aucun groupe:0:info]<span color="red">Connection closed, reloading client ...</span>
Session for zahidsacri exported !
[Aucun groupe:0:success][processServerSelection]OK
[Aucun groupe:0:info][processsCharacterSelection]...
[Aucun groupe:0:info]Request for characters ...
[Aucun groupe:0:info]Selecting frist character (Miss-Lagertha) ...
Set default config for Miss-Lagertha
[Aucun groupe:0:info][Inventory]Object : 26508688 selected for regen !
[Aucun groupe:0:info][Inventory]Object : 26508689 selected for regen !
[Aucun groupe:0:info][Inventory]Object : 26508690 selected for regen !
[Aucun groupe:0:info][Inventory]Object : 26508691 selected for regen !
Sequence ready !
[Aucun groupe:0:info][Infos]Welcome to DOFUS, and welcome to the World of Twelve! 
Remember that it is <b>strictly forbidden</b> to disclose your account name or password.
[InventoryManager]Items infos loaded !
{"call":"global-state-request"}
Server request for state ...
Reconnecting undefined ...
Rescuring session...
{"assetsUrl":"https://ankama.akamaized.net/games/dofus-tablette/assets/2.15.15","analytics":{"wizAnalytics":{"localytics":{"token":"9f0bf865fd57d22f0bbea56-cd08f12a-8138-11e5-7c24-00736b041834","options":{"sessionTimeoutSeconds":60,"namespace":"dofus-production"}}},"ankAnalytics":{"debug":false,"analog":false,"useUrlMap":true}},"adjust":{"appToken":"7j60imkfu60w","environment":"EnvironmentProduction"},"logging":{"groups":false,"logLevels":{"time":0,"verbose":0,"debug":1,"info":2,"notice":3,"warning":4,"error":5,"critical":6,"alert":7,"emergency":8},"config":{"console":["none"],"server":["error","critical","alert","emergency"]},"disableOverride":false},"dataUrl":"https://proxyconnection.touch.dofus.com","haapi":{"id":18,"url":"https://haapi.ankama.com/json/Ankama/v2"},"serverLanguages":["en","de","es","fr","it","pt"],"failoverLanguage":"en","uiUrl":"https://proxyconnection.touch.dofus.com/assets","language":"en","sessionId":"gq4+yl73jx6J2vSX"}
Config loaded !
{"key":"ba998125-5099-4cdb-a9fb-a13fe72f29e5","account_id":112984462,"ip":"105.157.55.54","added_date":"2017-02-16T21:21:35+01:00","meta":[],"data":{},"access":[],"refresh_token":null,"expiration_date":"2017-02-17T00:21:35+01:00"}
Api key : ba998125-5099-4cdb-a9fb-a13fe72f29e5
[Sync]Processing ...
[Sync]Ready to process !
[Sync]Trajet ready ...
Game token : undefined
[Aucun groupe:0:info][processIdentification]...
Connecting to login server (https://proxyconnection.touch.dofus.com?STICKER=gq4%2Byl73jx6J2vSX) ...
[Trajet]No trajet loaded !
Connection opened !
[Aucun groupe:0:info]Identification connection opened !
Connection closed
[Aucun groupe:0:info]<span color="red">Connection closed, reloading client ...</span>
Session for zahidsacri exported !
Reconnecting undefined ...
Rescuring session...
{"assetsUrl":"https://ankama.akamaized.net/games/dofus-tablette/assets/2.15.15","analytics":{"wizAnalytics":{"localytics":{"token":"9f0bf865fd57d22f0bbea56-cd08f12a-8138-11e5-7c24-00736b041834","options":{"sessionTimeoutSeconds":60,"namespace":"dofus-production"}}},"ankAnalytics":{"debug":false,"analog":false,"useUrlMap":true}},"adjust":{"appToken":"7j60imkfu60w","environment":"EnvironmentProduction"},"logging":{"groups":false,"logLevels":{"time":0,"verbose":0,"debug":1,"info":2,"notice":3,"warning":4,"error":5,"critical":6,"alert":7,"emergency":8},"config":{"console":["none"],"server":["error","critical","alert","emergency"]},"disableOverride":false},"dataUrl":"https://proxyconnection.touch.dofus.com","haapi":{"id":18,"url":"https://haapi.ankama.com/json/Ankama/v2"},"serverLanguages":["en","de","es","fr","it","pt"],"failoverLanguage":"en","uiUrl":"https://proxyconnection.touch.dofus.com/assets","language":"en","sessionId":"AcJgJ+/KXIcM1Xv4"}
Config loaded !
{"key":"36c24813-2160-42ea-92a5-2cd7fc1cdcf8","account_id":112984462,"ip":"105.157.55.54","added_date":"2017-02-16T21:21:38+01:00","meta":[],"data":{},"access":[],"refresh_token":null,"expiration_date":"2017-02-17T00:21:38+01:00"}
Api key : 36c24813-2160-42ea-92a5-2cd7fc1cdcf8
Game token : undefined
[Aucun groupe:0:info][processIdentification]...
Connecting to login server (https://proxyconnection.touch.dofus.com?STICKER=AcJgJ%2B%2FKXIcM1Xv4) ...
Connection opened !
[Aucun groupe:0:info]Identification connection opened !
Connection closed
[Aucun groupe:0:info]<span color="red">Connection closed, reloading client ...</span>
Session for zahidsacri exported !
Reconnecting undefined ...
Rescuring session...
{"assetsUrl":"https://ankama.akamaized.net/games/dofus-tablette/assets/2.15.15","analytics":{"wizAnalytics":{"localytics":{"token":"9f0bf865fd57d22f0bbea56-cd08f12a-8138-11e5-7c24-00736b041834","options":{"sessionTimeoutSeconds":60,"namespace":"dofus-production"}}},"ankAnalytics":{"debug":false,"analog":false,"useUrlMap":true}},"adjust":{"appToken":"7j60imkfu60w","environment":"EnvironmentProduction"},"logging":{"groups":false,"logLevels":{"time":0,"verbose":0,"debug":1,"info":2,"notice":3,"warning":4,"error":5,"critical":6,"alert":7,"emergency":8},"config":{"console":["none"],"server":["error","critical","alert","emergency"]},"disableOverride":false},"dataUrl":"https://proxyconnection.touch.dofus.com","haapi":{"id":18,"url":"https://haapi.ankama.com/json/Ankama/v2"},"serverLanguages":["en","de","es","fr","it","pt"],"failoverLanguage":"en","uiUrl":"https://proxyconnection.touch.dofus.com/assets","language":"en","sessionId":"R+KUT1rdAj4TVX4p"}
Config loaded !
{"key":"2c2fa4f3-4ec0-417b-8d07-d935996494fb","account_id":112984462,"ip":"105.157.55.54","added_date":"2017-02-16T21:21:43+01:00","meta":[],"data":{},"access":[],"refresh_token":null,"expiration_date":"2017-02-17T00:21:43+01:00"}
Api key : 2c2fa4f3-4ec0-417b-8d07-d935996494fb
Game token : 85fbf4b1a9a85d9e2b115eb6e259835d
[Aucun groupe:0:info][processIdentification]...
Connecting to login server (https://proxyconnection.touch.dofus.com?STICKER=R%2BKUT1rdAj4TVX4p) ...
Connection opened !
[Aucun groupe:0:info]Identification connection opened !
[Aucun groupe:0:info]Identification success (1465968706052515120) !
[Aucun groupe:0:info]Servers list received !
[Aucun groupe:0:info][processServerSelection]...
[Aucun groupe:0:info]Request for server infos (id : 403) ...
Connection closed
migrating...
Connection opened !
[Aucun groupe:0:info]Game connection opened !
Connection closed
[Aucun groupe:0:info]<span color="red">Connection closed, reloading client ...</span>
Session for zahidsacri exported !
[Aucun groupe:0:success][processServerSelection]OK
[Aucun groupe:0:info][processsCharacterSelection]...
[Aucun groupe:0:info]Request for characters ...
[Aucun groupe:0:info]Selecting frist character (Miss-Lagertha) ...
Set default config for Miss-Lagertha
[Aucun groupe:0:info][Inventory]Object : 26513914 selected for regen !
[Aucun groupe:0:info][Inventory]Object : 26513915 selected for regen !
[Aucun groupe:0:info][Inventory]Object : 26513916 selected for regen !
[Aucun groupe:0:info][Inventory]Object : 26513917 selected for regen !
[InventoryManager]Items infos loaded !
Sequence ready !
[Aucun groupe:0:info][Infos]Welcome to DOFUS, and welcome to the World of Twelve! 
Remember that it is <b>strictly forbidden</b> to disclose your account name or password.
{"call":"global-state-request"}
Server request for state ...
Reconnecting undefined ...
Rescuring session...
{"assetsUrl":"https://ankama.akamaized.net/games/dofus-tablette/assets/2.15.15","analytics":{"wizAnalytics":{"localytics":{"token":"9f0bf865fd57d22f0bbea56-cd08f12a-8138-11e5-7c24-00736b041834","options":{"sessionTimeoutSeconds":60,"namespace":"dofus-production"}}},"ankAnalytics":{"debug":false,"analog":false,"useUrlMap":true}},"adjust":{"appToken":"7j60imkfu60w","environment":"EnvironmentProduction"},"logging":{"groups":false,"logLevels":{"time":0,"verbose":0,"debug":1,"info":2,"notice":3,"warning":4,"error":5,"critical":6,"alert":7,"emergency":8},"config":{"console":["none"],"server":["error","critical","alert","emergency"]},"disableOverride":false},"dataUrl":"https://proxyconnection.touch.dofus.com","haapi":{"id":18,"url":"https://haapi.ankama.com/json/Ankama/v2"},"serverLanguages":["en","de","es","fr","it","pt"],"failoverLanguage":"en","uiUrl":"https://proxyconnection.touch.dofus.com/assets","language":"en","sessionId":"vYjBS6sZSHW6wuBp"}
Config loaded !
{"key":"728b53c0-6335-440f-a5ed-704df0ec796d","account_id":112984462,"ip":"105.157.55.54","added_date":"2017-02-16T21:21:48+01:00","meta":[],"data":{},"access":[],"refresh_token":null,"expiration_date":"2017-02-17T00:21:48+01:00"}
Api key : 728b53c0-6335-440f-a5ed-704df0ec796d
Game token : 8cdc3a1c326df4b3c95a8289f5ac739a
[Aucun groupe:0:info][processIdentification]...
Connecting to login server (https://proxyconnection.touch.dofus.com?STICKER=vYjBS6sZSHW6wuBp) ...
[Sync]Processing ...
[Sync]Ready to process !
[Sync]Trajet ready ...
Connection opened !
[Aucun groupe:0:info]Identification connection opened !
[Trajet]No trajet loaded !
