Server request connecting ...
Inventory : 0
{"assetsUrl":"https://ankama.akamaized.net/games/dofus-tablette/assets/2.15.15","analytics":{"wizAnalytics":{"localytics":{"token":"9f0bf865fd57d22f0bbea56-cd08f12a-8138-11e5-7c24-00736b041834","options":{"sessionTimeoutSeconds":60,"namespace":"dofus-production"}}},"ankAnalytics":{"debug":false,"analog":false,"useUrlMap":true}},"adjust":{"appToken":"7j60imkfu60w","environment":"EnvironmentProduction"},"logging":{"groups":false,"logLevels":{"time":0,"verbose":0,"debug":1,"info":2,"notice":3,"warning":4,"error":5,"critical":6,"alert":7,"emergency":8},"config":{"console":["none"],"server":["error","critical","alert","emergency"]},"disableOverride":false},"dataUrl":"https://proxyconnection.touch.dofus.com","haapi":{"id":18,"url":"https://haapi.ankama.com/json/Ankama/v2"},"serverLanguages":["en","de","es","fr","it","pt"],"failoverLanguage":"en","uiUrl":"https://proxyconnection.touch.dofus.com/assets","language":"en","sessionId":"dXkVW3HMR3p7URac"}
Config loaded !
{"key":"f33176f6-5247-420c-ae47-043d7c0df549","account_id":112984462,"ip":"105.157.44.165","added_date":"2017-02-19T11:39:18+01:00","meta":[],"data":{},"access":[],"refresh_token":null,"expiration_date":"2017-02-19T14:39:18+01:00"}
Api key : f33176f6-5247-420c-ae47-043d7c0df549
Game token : c65378523e8622e02ccc234c62136059
[Aucun groupe:0:info][processIdentification]...
Connecting to login server (https://proxyconnection.touch.dofus.com?STICKER=dXkVW3HMR3p7URac) ...
Connection opened !
[Aucun groupe:0:info]Identification connection opened !
[Aucun groupe:0:info]Identification success (1465968706064964631) !
[Aucun groupe:0:info]Servers list received !
[Aucun groupe:0:info][processServerSelection]...
[Aucun groupe:0:info]Request for server infos (id : 403) ...
Prmus close connection !
migrating...
Connection opened !
[Aucun groupe:0:info]Game connection opened !
[Aucun groupe:0:success][processServerSelection]OK
[Aucun groupe:0:info][processsCharacterSelection]...
[Aucun groupe:0:info]Request for characters ...
[Aucun groupe:0:info]Selecting frist character (Miss-Lagertha) ...
[Aucun groupe:0:info][Inventory]Object : 125595840 selected for regen !
[Aucun groupe:0:info][Inventory]Object : 125595841 selected for regen !
[Aucun groupe:0:info][Inventory]Object : 125595842 selected for regen !
[Aucun groupe:0:info][Inventory]Object : 125595843 selected for regen !
Checking pods ...
Sequence ready !
[Aucun groupe:0:info][Infos]Welcome to DOFUS, and welcome to the World of Twelve! 
Remember that it is <b>strictly forbidden</b> to disclose your account name or password.
[InventoryManager]Items infos loaded !
{"call":"global-state-request"}
Server request for state ...
[Sync]Processing ...
[Sync]Ready to process !
[Sync]Trajet ready ...
Checking pods ...
[Trajet]No trajet loaded !
{"call":"global-state-request"}
Server request for state ...
{"call":"update-fight-max-fighters","data":8}
[botData]Config for Miss-Lagertha saved !
{"call":"update-fight-min-fighters","data":1}
[botData]Config for Miss-Lagertha saved !
{"call":"set-ia-type","data":"default"}
[botData]Config for Miss-Lagertha saved !
[mainProcessFrame]Fight mode updated to default
{"call":"trajet-load","data":{"trajet":{"trajet":{"fights":[],"recolte":[{"map":84675330,"dir":"top"},{"map":84675331,"dir":"top"},{"map":84675332,"dir":"left"},{"map":84674820,"dir":"top"},{"map":84674821,"dir":"top"},{"map":84674822,"dir":"right"},{"map":84675334,"dir":"right"},{"map":84675846,"dir":"bottom"},{"map":84675845,"dir":"bottom"},{"map":84675844,"dir":"bottom"},{"map":84675843,"dir":"left"}],"interactives":[],"moves":[{"map":83887104,"sun":396},{"map":84674566,"dir":"top"},{"map":84674565,"dir":"top"},{"map":84674564,"dir":"top"},{"map":84674563,"dir":"top"},{"map":84674562,"dir":"top"},{"map":84674561,"dir":"top"},{"map":84674560,"dir":"right"},{"map":84675072,"dir":"top"},{"map":84675329,"dir":"top"},{"map":84675330,"dir":"top"}],"bank":[{"map":84674566,"interactive":465440,"skill":140242},{"map":83887104,"npc":0,"reply":259},{"map":84675330,"dir":"bottom"},{"map":84675331,"dir":"bottom"},{"map":84675332,"dir":"bottom"},{"map":84675333,"dir":"bottom"},{"map":84674820,"dir":"right"},{"map":84674821,"dir":"bottom"},{"map":84674822,"dir":"bottom"},{"map":84675334,"dir":"bottom"},{"map":84675846,"dir":"bottom"},{"map":84675845,"dir":"bottom"},{"map":84675844,"dir":"left"},{"map":84674566,"dir":"top"},{"map":84674565,"dir":"bottom"},{"map":84674564,"dir":"bottom"},{"map":84674563,"dir":"bottom"},{"map":84674562,"dir":"bottom"},{"map":84674561,"dir":"bottom"},{"map":84674560,"dir":"bottom"},{"map":84675072,"dir":"left"},{"map":84675329,"dir":"bottom"},{"map":84675330,"dir":"bottom"}]}}}}
[mainProcessFrame]Ui request for trajet loading ...
[Sync]Processing ...
[Sync]Ready to process !
[Sync]Trajet ready ...
Checking pods ...
[Aucun groupe:0:info][Trajet]Execution map 84674820 .
no best match on i =38 : 43
no best match on i =43 : 43
Plus de ressources à récolter disponibles , on passe à la map suivante .
[DEBUG] Path calculated {source : 370=370 , target : 18=18} , let's process it !
[ 370, 342, 314, 286, 258, 230, 202, 174, 146, 118, 103, 75, 61, 46, 18 ]
Sending map request !
[Aucun groupe:0:info][Trajet]Changement de carte sur une cellule aléatoire .
[Aucun groupe:0:info][Trajet]Execution de la récolte...
MapMovement received !
Confirmation du movement dans : 2320(15 cells)
Confirmations du mouvement dans 2320ms
Mouvement confirmée !
Key movements proccesed !
Movement ok 
[Sync]Processing ...
[Sync]Ready to process !
[Sync]Trajet ready ...
Checking pods ...
[Aucun groupe:0:info][Trajet]Execution map 84674821 .
Gathering element :{id : 478790 , cellid : 381 }
No cellid defined for the interactive with cellId : 381
Mouvement vers l'interactive sur la cellule : -1=368
Exectution du trajet vers l'interactive .
[ 550, 522, 494, 466, 438, 410, 397, 369, 368 ]
Sending map request !
[Aucun groupe:0:info][Trajet]Execution de la récolte...
MapMovement received !
Confirmation du movement dans : 1445(9 cells)
Confirmations du mouvement dans 1445ms
Mouvement confirmée !
Utlisiation de l'interactive (id : 478790,skill : 151164)
Gathering element :{id : 478791 , cellid : 296 }
No cellid defined for the interactive with cellId : 296
Mouvement vers l'interactive sur la cellule : -1=311
Exectution du trajet vers l'interactive .
[ 368, 353, 339, 311 ]
Sending map request !
Checking pods ...
MapMovement received !
Confirmation du movement dans : 470(4 cells)
Confirmations du mouvement dans 470ms
Mouvement confirmée !
Utlisiation de l'interactive (id : 478791,skill : 151162)
Gathering element :{id : 478788 , cellid : 257 }
No cellid defined for the interactive with cellId : 257
Mouvement vers l'interactive sur la cellule : -1=270
Exectution du trajet vers l'interactive .
[ 311, 297, 284, 270 ]
Sending map request !
Checking pods ...
MapMovement received !
Confirmation du movement dans : 765(4 cells)
Confirmations du mouvement dans 765ms
Mouvement confirmée !
Utlisiation de l'interactive (id : 478788,skill : 151161)
Gathering element :{id : 478770 , cellid : 135 }
No cellid defined for the interactive with cellId : 135
Mouvement vers l'interactive sur la cellule : -1=163
Exectution du trajet vers l'interactive .
[ 270, 298, 313, 327, 342, 343, 329, 316, 288, 260, 232, 218, 205, 191, 163 ]
Sending map request !
Checking pods ...
MapMovement received !
Confirmation du movement dans : 2745(15 cells)
Confirmations du mouvement dans 2745ms
Mouvement confirmée !
Utlisiation de l'interactive (id : 478770,skill : 151158)
Gathering element :{id : 478760 , cellid : 136 }
No cellid defined for the interactive with cellId : 136
Mouvement vers l'interactive sur la cellule : -1=150
Exectution du trajet vers l'interactive .
[ 163, 150 ]
Sending map request !
Checking pods ...
MapMovement received !
Confirmation du movement dans : 510(2 cells)
Confirmations du mouvement dans 510ms
Mouvement confirmée !
Utlisiation de l'interactive (id : 478760,skill : 151159)
Gathering element :{id : 478756 , cellid : 123 }
No cellid defined for the interactive with cellId : 123
Mouvement vers l'interactive sur la cellule : -1=136
Exectution du trajet vers l'interactive .
[ 150, 136 ]
Sending map request !
Checking pods ...
MapMovement received !
Confirmation du movement dans : 510(2 cells)
Confirmations du mouvement dans 510ms
Mouvement confirmée !
Utlisiation de l'interactive (id : 478756,skill : 151157)
Gathering element :{id : 478753 , cellid : 137 }
No cellid defined for the interactive with cellId : 137
Mouvement vers l'interactive sur la cellule : -1=136
Exectution du trajet vers l'interactive .
pas de mouvement à faire wesh x)
Utlisiation de l'interactive (id : 478753,skill : 151160)
Checking pods ...
Gathering element :{id : 478754 , cellid : 109 }
No cellid defined for the interactive with cellId : 109
Mouvement vers l'interactive sur la cellule : -1=123
Exectution du trajet vers l'interactive .
[ 136, 123 ]
Sending map request !
Checking pods ...
MapMovement received !
Confirmation du movement dans : 510(2 cells)
Confirmations du mouvement dans 510ms
Mouvement confirmée !
Utlisiation de l'interactive (id : 478754,skill : 151156)
Gathering element :{id : 478761 , cellid : 108 }
No cellid defined for the interactive with cellId : 108
Mouvement vers l'interactive sur la cellule : -1=123
Exectution du trajet vers l'interactive .
pas de mouvement à faire wesh x)
Utlisiation de l'interactive (id : 478761,skill : 151155)
Checking pods ...
Gathering element :{id : 478765 , cellid : 94 }
No cellid defined for the interactive with cellId : 94
Mouvement vers l'interactive sur la cellule : -1=108
Exectution du trajet vers l'interactive .
[ 123, 108 ]
Sending map request !
Checking pods ...
MapMovement received !
Confirmation du movement dans : 425(2 cells)
Confirmations du mouvement dans 425ms
Mouvement confirmée !
Utlisiation de l'interactive (id : 478765,skill : 151154)
Gathering element :{id : 478750 , cellid : 489 }
No cellid defined for the interactive with cellId : 489
Mouvement vers l'interactive sur la cellule : -1=461
Exectution du trajet vers l'interactive .
[ 108,
  136,
  164,
  192,
  220,
  248,
  276,
  304,
  332,
  360,
  388,
  403,
  417,
  432,
  446,
  461 ]
Sending map request !
Checking pods ...
MapMovement received !
Confirmation du movement dans : 2450(16 cells)
Confirmations du mouvement dans 2450ms
Mouvement confirmée !
Utlisiation de l'interactive (id : 478750,skill : 151166)
Gathering element :{id : 478752 , cellid : 488 }
No cellid defined for the interactive with cellId : 488
Mouvement vers l'interactive sur la cellule : -1=474
Exectution du trajet vers l'interactive .
[ 461, 474 ]
Sending map request !
Checking pods ...
MapMovement received !
Confirmation du movement dans : 510(2 cells)
Confirmations du mouvement dans 510ms
Mouvement confirmée !
Utlisiation de l'interactive (id : 478752,skill : 151165)
Gathering element :{id : 478751 , cellid : 502 }
No cellid defined for the interactive with cellId : 502
Mouvement vers l'interactive sur la cellule : -1=474
Exectution du trajet vers l'interactive .
pas de mouvement à faire wesh x)
Utlisiation de l'interactive (id : 478751,skill : 151167)
Checking pods ...
no best match on i =38 : 43
no best match on i =43 : 43
Plus de ressources à récolter disponibles , on passe à la map suivante .
[DEBUG] Path calculated {source : 474=474 , target : 21=21} , let's process it !
[ 474,
  446,
  432,
  417,
  403,
  388,
  360,
  332,
  304,
  276,
  248,
  234,
  206,
  191,
  163,
  149,
  121,
  93,
  78,
  64,
  49,
  21 ]
Sending map request !
[Aucun groupe:0:info][Trajet]Changement de carte sur une cellule aléatoire .
Checking pods ...
MapMovement received !
Confirmation du movement dans : 3370(22 cells)
Confirmations du mouvement dans 3370ms
Mouvement confirmée !
Key movements proccesed !
Movement ok 
[Sync]Processing ...
[Sync]Ready to process !
[Sync]Trajet ready ...
Checking pods ...
[Aucun groupe:0:info][Trajet]Execution map 84674822 .
Gathering element :{id : 478823 , cellid : 266 }
No cellid defined for the interactive with cellId : 266
Mouvement vers l'interactive sur la cellule : -1=281
Exectution du trajet vers l'interactive .
[ 553,
  539,
  524,
  510,
  495,
  481,
  466,
  438,
  410,
  396,
  381,
  367,
  352,
  338,
  323,
  309,
  281 ]
Sending map request !
[Aucun groupe:0:info][Trajet]Execution de la récolte...
MapMovement received !
Confirmation du movement dans : 2460(17 cells)
Confirmations du mouvement dans 2460ms
Mouvement confirmée !
Utlisiation de l'interactive (id : 478823,skill : 151023)
Unknow game context remove element {"_messageType":"GameContextRemoveElementMessage","id":-3,"_isInitialized":true}
no best match on i =38 : 43
no best match on i =43 : 43
Plus de ressources à récolter disponibles , on passe à la map suivante .
[DEBUG] Path calculated {source : 281=281 , target : 503=503} , let's process it !
[ 281,
  295,
  310,
  324,
  339,
  353,
  368,
  369,
  370,
  384,
  399,
  413,
  428,
  442,
  457,
  458,
  472,
  473,
  488,
  502,
  503 ]
Sending map request !
[Aucun groupe:0:info][Trajet]Changement de carte sur une cellule aléatoire .
Checking pods ...
MapMovement received !
Confirmation du movement dans : 3100(21 cells)
Confirmations du mouvement dans 3100ms
Mouvement confirmée !
Key movements proccesed !
Movement ok 
[Sync]Processing ...
[Sync]Ready to process !
[Sync]Trajet ready ...
Checking pods ...
[Aucun groupe:0:info][Trajet]Execution map 84675334 .
no best match on i =38 : 43
no best match on i =43 : 43
Plus de ressources à récolter disponibles , on passe à la map suivante .
[DEBUG] Path calculated {source : 490=490 , target : 265=265} , let's process it !
[ 490,
  477,
  463,
  450,
  436,
  423,
  409,
  396,
  382,
  369,
  355,
  342,
  328,
  315,
  316,
  302,
  303,
  290,
  291,
  277,
  264,
  265 ]
Sending map request !
[Aucun groupe:0:info][Trajet]Changement de carte sur une cellule aléatoire .
[Aucun groupe:0:info][Trajet]Execution de la récolte...
MapMovement received !
Confirmation du movement dans : 5015(22 cells)
Confirmations du mouvement dans 5015ms
Mouvement confirmée !
Key movements proccesed !
Movement ok 
[Sync]Processing ...
[Sync]Ready to process !
[Sync]Trajet ready ...
Checking pods ...
[Aucun groupe:0:info][Trajet]Execution map 84675846 .
no best match on i =38 : 43
no best match on i =43 : 43
Plus de ressources à récolter disponibles , on passe à la map suivante .
[DEBUG] Path calculated {source : 252=252 , target : 548=548} , let's process it !
[ 252, 280, 294, 322, 350, 378, 406, 421, 449, 463, 491, 506, 520, 548 ]
Sending map request !
[Aucun groupe:0:info][Trajet]Changement de carte sur une cellule aléatoire .
[Aucun groupe:0:info][Trajet]Execution de la récolte...
MapMovement received !
Confirmation du movement dans : 2110(14 cells)
Confirmations du mouvement dans 2110ms
Mouvement confirmée !
Key movements proccesed !
Movement ok 
[Sync]Processing ...
[Sync]Ready to process !
[Sync]Trajet ready ...
Checking pods ...
[Aucun groupe:0:info][Trajet]Execution map 84675845 .
Gathering element :{id : 478180 , cellid : 148 }
No cellid defined for the interactive with cellId : 148
Mouvement vers l'interactive sur la cellule : -1=147
Exectution du trajet vers l'interactive .
[ 16, 31, 45, 60, 74, 89, 103, 118, 132, 147 ]
Sending map request !
[Aucun groupe:0:info][Trajet]Execution de la récolte...
MapMovement received !
Confirmation du movement dans : 1350(10 cells)
Confirmations du mouvement dans 1350ms
Mouvement confirmée !
Utlisiation de l'interactive (id : 478180,skill : 151218)
Gathering element :{id : 478172 , cellid : 94 }
No cellid defined for the interactive with cellId : 94
Mouvement vers l'interactive sur la cellule : -1=93
Exectution du trajet vers l'interactive .
[ 147, 133, 120, 106, 93 ]
Sending map request !
Checking pods ...
MapMovement received !
Confirmation du movement dans : 1020(5 cells)
Confirmations du mouvement dans 1020ms
Mouvement confirmée !
Utlisiation de l'interactive (id : 478172,skill : 151209)
Gathering element :{id : 478173 , cellid : 66 }
No cellid defined for the interactive with cellId : 66
Mouvement vers l'interactive sur la cellule : -1=79
Exectution du trajet vers l'interactive .
[ 93, 79 ]
Sending map request !
Checking pods ...
MapMovement received !
Confirmation du movement dans : 510(2 cells)
Confirmations du mouvement dans 510ms
Mouvement confirmée !
Utlisiation de l'interactive (id : 478173,skill : 151204)
Gathering element :{id : 478169 , cellid : 80 }
No cellid defined for the interactive with cellId : 80
Mouvement vers l'interactive sur la cellule : -1=79
Exectution du trajet vers l'interactive .
pas de mouvement à faire wesh x)
Utlisiation de l'interactive (id : 478169,skill : 151206)
Checking pods ...
Gathering element :{id : 478168 , cellid : 67 }
No cellid defined for the interactive with cellId : 67
Mouvement vers l'interactive sur la cellule : -1=66
Exectution du trajet vers l'interactive .
[ 79, 66 ]
Sending map request !
Checking pods ...
MapMovement received !
Confirmation du movement dans : 510(2 cells)
Confirmations du mouvement dans 510ms
Mouvement confirmée !
Utlisiation de l'interactive (id : 478168,skill : 151205)
Sequence ready !
Gathering element :{id : 478166 , cellid : 81 }
No cellid defined for the interactive with cellId : 81
Mouvement vers l'interactive sur la cellule : -1=80
Exectution du trajet vers l'interactive .
[ 66, 80 ]
Sending map request !
Checking pods ...
MapMovement received !
Confirmation du movement dans : 425(2 cells)
Confirmations du mouvement dans 425ms
Mouvement confirmée !
Utlisiation de l'interactive (id : 478166,skill : 151207)
Gathering element :{id : 478164 , cellid : 502 }
No cellid defined for the interactive with cellId : 502
Mouvement vers l'interactive sur la cellule : -1=488
Exectution du trajet vers l'interactive .
[ 80,
  95,
  109,
  137,
  165,
  193,
  221,
  249,
  277,
  305,
  333,
  361,
  389,
  404,
  432,
  460,
  488 ]
Sending map request !
Checking pods ...
MapMovement received !
Confirmation du movement dans : 2660(17 cells)
Confirmations du mouvement dans 2660ms
Mouvement confirmée !
Utlisiation de l'interactive (id : 478164,skill : 151238)
Gathering element :{id : 478163 , cellid : 517 }
No cellid defined for the interactive with cellId : 517
Mouvement vers l'interactive sur la cellule : -1=502
Exectution du trajet vers l'interactive .
[ 488, 502 ]
Sending map request !
Checking pods ...
MapMovement received !
Confirmation du movement dans : 425(2 cells)
Confirmations du mouvement dans 425ms
Mouvement confirmée !
Utlisiation de l'interactive (id : 478163,skill : 151240)
Gathering element :{id : 478165 , cellid : 516 }
No cellid defined for the interactive with cellId : 516
Mouvement vers l'interactive sur la cellule : -1=502
Exectution du trajet vers l'interactive .
pas de mouvement à faire wesh x)
Utlisiation de l'interactive (id : 478165,skill : 151239)
Checking pods ...
Gathering element :{id : 478175 , cellid : 107 }
No cellid defined for the interactive with cellId : 107
Mouvement vers l'interactive sur la cellule : -1=135
Exectution du trajet vers l'interactive .
[ 502,
  488,
  460,
  432,
  404,
  376,
  348,
  320,
  292,
  277,
  249,
  235,
  207,
  192,
  178,
  150,
  135 ]
Sending map request !
Checking pods ...
MapMovement received !
Confirmation du movement dans : 2600(17 cells)
Confirmations du mouvement dans 2600ms
Mouvement confirmée !
Utlisiation de l'interactive (id : 478175,skill : 151211)
Gathering element :{id : 478167 , cellid : 95 }
No cellid defined for the interactive with cellId : 95
Mouvement vers l'interactive sur la cellule : -1=108
Exectution du trajet vers l'interactive .
[ 135, 122, 108 ]
Sending map request !
Checking pods ...
MapMovement received !
Confirmation du movement dans : 1020(3 cells)
Confirmations du mouvement dans 1020ms
Mouvement confirmée !
Utlisiation de l'interactive (id : 478167,skill : 151210)
no best match on i =38 : 43
Gathering element :{id : 478171 , cellid : 122 }
No cellid defined for the interactive with cellId : 122
Mouvement vers l'interactive sur la cellule : -1=108
Exectution du trajet vers l'interactive .
pas de mouvement à faire wesh x)
Utlisiation de l'interactive (id : 478171,skill : 151214)
Checking pods ...
no best match on i =38 : 43
Gathering element :{id : 478176 , cellid : 121 }
No cellid defined for the interactive with cellId : 121
Mouvement vers l'interactive sur la cellule : -1=122
Exectution du trajet vers l'interactive .
[ 108, 122 ]
Sending map request !
[InventoryManager]Can't find object for add : {"_messageType":"ObjectAddedMessage","object":{"_type":"ObjectItem","position":63,"objectGID":400,"effects":[],"objectUID":125785624,"quantity":1},"_isInitialized":true}
Checking pods ...
MapMovement received !
Confirmation du movement dans : 510(2 cells)
Confirmations du mouvement dans 510ms
Mouvement confirmée !
Utlisiation de l'interactive (id : 478176,skill : 151213)
no best match on i =38 : 43
Gathering element :{id : 478174 , cellid : 135 }
No cellid defined for the interactive with cellId : 135
Mouvement vers l'interactive sur la cellule : -1=122
Exectution du trajet vers l'interactive .
pas de mouvement à faire wesh x)
Utlisiation de l'interactive (id : 478174,skill : 151217)
Checking pods ...
no best match on i =38 : 43
Gathering element :{id : 478178 , cellid : 162 }
No cellid defined for the interactive with cellId : 162
Mouvement vers l'interactive sur la cellule : -1=149
Exectution du trajet vers l'interactive .
[ 122, 135, 149 ]
Sending map request !
Checking pods ...
MapMovement received !
Confirmation du movement dans : 1020(3 cells)
Confirmations du mouvement dans 1020ms
Mouvement confirmée !
Utlisiation de l'interactive (id : 478178,skill : 151220)
no best match on i =38 : 43
Gathering element :{id : 478179 , cellid : 134 }
No cellid defined for the interactive with cellId : 134
Mouvement vers l'interactive sur la cellule : -1=149
Exectution du trajet vers l'interactive .
pas de mouvement à faire wesh x)
Utlisiation de l'interactive (id : 478179,skill : 151216)
Checking pods ...
no best match on i =38 : 43
no best match on i =43 : 43
Plus de ressources à récolter disponibles , on passe à la map suivante .
[DEBUG] Path calculated {source : 149=149 , target : 540=540} , let's process it !
[ 149,
  177,
  205,
  233,
  261,
  289,
  317,
  345,
  373,
  386,
  414,
  442,
  470,
  498,
  512,
  540 ]
Sending map request !
[Aucun groupe:0:info][Trajet]Changement de carte sur une cellule aléatoire .
Checking pods ...
MapMovement received !
Confirmation du movement dans : 2720(16 cells)
Confirmations du mouvement dans 2720ms
Mouvement confirmée !
Key movements proccesed !
Movement ok 
[Sync]Processing ...
[Sync]Ready to process !
[Sync]Trajet ready ...
Checking pods ...
[Aucun groupe:0:info][Trajet]Execution map 84675844 .
Gathering element :{id : 478124 , cellid : 371 }
No cellid defined for the interactive with cellId : 371
Mouvement vers l'interactive sur la cellule : -1=343
Exectution du trajet vers l'interactive .
[ 8, 36, 64, 92, 120, 148, 176, 204, 232, 260, 288, 316, 329, 343 ]
Sending map request !
[Aucun groupe:0:info][Trajet]Execution de la récolte...
MapMovement received !
Confirmation du movement dans : 2380(14 cells)
Confirmations du mouvement dans 2380ms
Mouvement confirmée !
Utlisiation de l'interactive (id : 478124,skill : 151397)
no best match on i =38 : 43
no best match on i =43 : 43
Plus de ressources à récolter disponibles , on passe à la map suivante .
[DEBUG] Path calculated {source : 343=343 , target : 555=555} , let's process it !
[ 343, 371, 385, 413, 428, 456, 470, 498, 513, 527, 555 ]
Sending map request !
[Aucun groupe:0:info][Trajet]Changement de carte sur une cellule aléatoire .
Checking pods ...
MapMovement received !
Confirmation du movement dans : 1600(11 cells)
Confirmations du mouvement dans 1600ms
Mouvement confirmée !
Key movements proccesed !
Movement ok 
[Sync]Processing ...
[Sync]Ready to process !
[Sync]Trajet ready ...
Checking pods ...
[Aucun groupe:0:info][Trajet]Execution map 84675843 .
Gathering element :{id : 478055 , cellid : 189 }
No cellid defined for the interactive with cellId : 189
Mouvement vers l'interactive sur la cellule : -1=161
Exectution du trajet vers l'interactive .
[ 23, 37, 50, 78, 106, 134, 148, 161 ]
Sending map request !
[Aucun groupe:0:info][Trajet]Execution de la récolte...
MapMovement received !
Confirmation du movement dans : 1530(8 cells)
Confirmations du mouvement dans 1530ms
Mouvement confirmée !
Utlisiation de l'interactive (id : 478055,skill : 151531)
Gathering element :{id : 478078 , cellid : 185 }
No cellid defined for the interactive with cellId : 185
Mouvement vers l'interactive sur la cellule : -1=186
Exectution du trajet vers l'interactive .
[ 161, 160, 174, 173, 186 ]
Sending map request !
Checking pods ...
MapMovement received !
Confirmation du movement dans : 850(5 cells)
Confirmations du mouvement dans 850ms
Mouvement confirmée !
Utlisiation de l'interactive (id : 478078,skill : 151529)
no best match on i =38 : 43
no best match on i =43 : 43
Plus de ressources à récolter disponibles , on passe à la map suivante .
[DEBUG] Path calculated {source : 186=186 , target : 252=252} , let's process it !
[ 186, 200, 213, 212, 211, 225, 238, 252 ]
Sending map request !
[Aucun groupe:0:info][Trajet]Changement de carte sur une cellule aléatoire .
Checking pods ...
MapMovement received !
Confirmation du movement dans : 1615(8 cells)
Confirmations du mouvement dans 1615ms
Mouvement confirmée !
Key movements proccesed !
Movement ok 
[Sync]Processing ...
[Sync]Ready to process !
[Sync]Trajet ready ...
Checking pods ...
[Aucun groupe:0:info][Trajet]Execution map 84675331 .
Gathering element :{id : 478313 , cellid : 389 }
No cellid defined for the interactive with cellId : 389
Mouvement vers l'interactive sur la cellule : -1=417
Exectution du trajet vers l'interactive .
[ 265,
  264,
  249,
  235,
  220,
  206,
  191,
  177,
  176,
  189,
  203,
  216,
  230,
  243,
  257,
  270,
  269,
  283,
  296,
  310,
  338,
  339,
  340,
  354,
  369,
  383,
  398,
  412,
  427,
  441,
  456,
  457,
  458,
  444,
  431,
  417 ]
Sending map request !
[Aucun groupe:0:info][Trajet]Execution de la récolte...
MapMovement received !
Confirmation du movement dans : 6775(36 cells)
Confirmations du mouvement dans 6775ms
Mouvement confirmée !
Utlisiation de l'interactive (id : 478313,skill : 151510)
Gathering element :{id : 478329 , cellid : 430 }
No cellid defined for the interactive with cellId : 430
Mouvement vers l'interactive sur la cellule : -1=431
Exectution du trajet vers l'interactive .
[ 417, 431 ]
Sending map request !
Checking pods ...
MapMovement received !
Confirmation du movement dans : 510(2 cells)
Confirmations du mouvement dans 510ms
Mouvement confirmée !
Utlisiation de l'interactive (id : 478329,skill : 151511)
no best match on i =38 : 43
no best match on i =43 : 43
Plus de ressources à récolter disponibles , on passe à la map suivante .
[DEBUG] Path calculated {source : 431=431 , target : 17=17} , let's process it !
[ 431,
  444,
  458,
  457,
  442,
  441,
  440,
  426,
  411,
  397,
  382,
  368,
  353,
  339,
  338,
  310,
  282,
  254,
  226,
  198,
  170,
  142,
  114,
  100,
  87,
  73,
  45,
  17 ]
Sending map request !
[Aucun groupe:0:info][Trajet]Changement de carte sur une cellule aléatoire .
Checking pods ...
MapMovement received !
Confirmation du movement dans : 4855(28 cells)
Confirmations du mouvement dans 4855ms
Mouvement confirmée !
Key movements proccesed !
Movement ok 
[Sync]Processing ...
[Sync]Ready to process !
[Sync]Trajet ready ...
Checking pods ...
[Aucun groupe:0:info][Trajet]Execution map 84675332 .
no best match on i =38 : 43
no best match on i =43 : 43
Plus de ressources à récolter disponibles , on passe à la map suivante .
[DEBUG] Path calculated {source : 549=549 , target : 112=112} , let's process it !
[ 549,
  521,
  493,
  465,
  437,
  409,
  381,
  353,
  340,
  326,
  313,
  299,
  286,
  272,
  259,
  245,
  232,
  218,
  190,
  176,
  175,
  174,
  173,
  158,
  157,
  143,
  142,
  127,
  113,
  112 ]
Sending map request !
[Aucun groupe:0:info][Trajet]Changement de carte sur une cellule aléatoire .
[Aucun groupe:0:info][Trajet]Execution de la récolte...
MapMovement received !
Confirmation du movement dans : 5680(30 cells)
Confirmations du mouvement dans 5680ms
Mouvement confirmée !
Key movements proccesed !
Movement ok 
[Sync]Processing ...
[Sync]Ready to process !
[Sync]Trajet ready ...
Checking pods ...
[Aucun groupe:0:info][Trajet]Execution map 84674820 .
Gathering element :{id : 478455 , cellid : 398 }
No cellid defined for the interactive with cellId : 398
Mouvement vers l'interactive sur la cellule : -1=370
Exectution du trajet vers l'interactive .
[ 125,
  138,
  152,
  165,
  179,
  192,
  206,
  219,
  233,
  246,
  260,
  273,
  301,
  315,
  343,
  356,
  370 ]
Sending map request !
[Aucun groupe:0:info][Trajet]Execution de la récolte...
MapMovement received !
Confirmation du movement dans : 3910(17 cells)
Confirmations du mouvement dans 3910ms
Mouvement confirmée !
Utlisiation de l'interactive (id : 478455,skill : 151334)
Gathering element :{id : 478441 , cellid : 441 }
No cellid defined for the interactive with cellId : 441
Mouvement vers l'interactive sur la cellule : -1=413
Exectution du trajet vers l'interactive .
[ 370, 384, 399, 413 ]
Sending map request !
Checking pods ...
MapMovement received !
Confirmation du movement dans : 450(4 cells)
Confirmations du mouvement dans 450ms
Mouvement confirmée !
Utlisiation de l'interactive (id : 478441,skill : 151337)
Sequence ready !
no best match on i =38 : 43
no best match on i =43 : 43
Plus de ressources à récolter disponibles , on passe à la map suivante .
[DEBUG] Path calculated {source : 413=413 , target : 4=4} , let's process it !
[ 413,
  385,
  371,
  343,
  315,
  287,
  272,
  244,
  216,
  188,
  174,
  146,
  131,
  103,
  89,
  61,
  46,
  32,
  4 ]
Sending map request !
[Aucun groupe:0:info][Trajet]Changement de carte sur une cellule aléatoire .
Checking pods ...
MapMovement received !
Confirmation du movement dans : 2920(19 cells)
Confirmations du mouvement dans 2920ms
Mouvement confirmée !
Key movements proccesed !
Movement ok 
[Sync]Processing ...
[Sync]Ready to process !
[Sync]Trajet ready ...
Checking pods ...
[Aucun groupe:0:info][Trajet]Execution map 84674821 .
Gathering element :{id : 478750 , cellid : 489 }
No cellid defined for the interactive with cellId : 489
Mouvement vers l'interactive sur la cellule : -1=488
Exectution du trajet vers l'interactive .
[ 536, 537, 523, 524, 525, 512, 498, 499, 500, 501, 488 ]
Sending map request !
[Aucun groupe:0:info][Trajet]Execution de la récolte...
MapMovement received !
Confirmation du movement dans : 2040(11 cells)
Confirmations du mouvement dans 2040ms
Mouvement confirmée !
Utlisiation de l'interactive (id : 478750,skill : 151166)
Gathering element :{id : 478788 , cellid : 257 }
No cellid defined for the interactive with cellId : 257
Mouvement vers l'interactive sur la cellule : -1=270
Exectution du trajet vers l'interactive .
[ 488,
  473,
  459,
  444,
  430,
  415,
  401,
  386,
  372,
  357,
  343,
  342,
  327,
  313,
  298,
  270 ]
Sending map request !
Checking pods ...
MapMovement received !
Confirmation du movement dans : 2290(16 cells)
Confirmations du mouvement dans 2290ms
Mouvement confirmée !
Utlisiation de l'interactive (id : 478788,skill : 151161)
Gathering element :{id : 478754 , cellid : 109 }
No cellid defined for the interactive with cellId : 109
Mouvement vers l'interactive sur la cellule : -1=137
Exectution du trajet vers l'interactive .
[ 270,
  298,
  313,
  327,
  342,
  343,
  329,
  316,
  302,
  289,
  275,
  247,
  234,
  206,
  192,
  164,
  151,
  137 ]
Sending map request !
Checking pods ...
MapMovement received !
Confirmation du movement dans : 3595(18 cells)
Confirmations du mouvement dans 3595ms
Mouvement confirmée !
Utlisiation de l'interactive (id : 478754,skill : 151156)
no best match on i =38 : 43
no best match on i =43 : 43
Plus de ressources à récolter disponibles , on passe à la map suivante .
[DEBUG] Path calculated {source : 137=137 , target : 21=21} , let's process it !
[ 137, 123, 108, 94, 93, 78, 64, 49, 21 ]
Sending map request !
[Aucun groupe:0:info][Trajet]Changement de carte sur une cellule aléatoire .
Checking pods ...
MapMovement received !
Confirmation du movement dans : 1240(9 cells)
Confirmations du mouvement dans 1240ms
Mouvement confirmée !
Key movements proccesed !
Movement ok 
[Sync]Processing ...
[Sync]Ready to process !
[Sync]Trajet ready ...
Checking pods ...
[Aucun groupe:0:info][Trajet]Execution map 84674822 .
Gathering element :{id : 478808 , cellid : 373 }
No cellid defined for the interactive with cellId : 373
Mouvement vers l'interactive sur la cellule : -1=401
Exectution du trajet vers l'interactive .
[ 553, 525, 497, 469, 441, 428, 414, 401 ]
Sending map request !
[Aucun groupe:0:info][Trajet]Execution de la récolte...
MapMovement received !
Confirmation du movement dans : 1445(8 cells)
Confirmations du mouvement dans 1445ms
Mouvement confirmée !
Utlisiation de l'interactive (id : 478808,skill : 151040)
Gathering element :{id : 478798 , cellid : 347 }
No cellid defined for the interactive with cellId : 347
Mouvement vers l'interactive sur la cellule : -1=360
Exectution du trajet vers l'interactive .
[ 401, 387, 374, 360 ]
Sending map request !
Checking pods ...
MapMovement received !
Confirmation du movement dans : 765(4 cells)
Confirmations du mouvement dans 765ms
Mouvement confirmée !
Utlisiation de l'interactive (id : 478798,skill : 151035)
Gathering element :{id : 478804 , cellid : 290 }
No cellid defined for the interactive with cellId : 290
Mouvement vers l'interactive sur la cellule : -1=318
Exectution du trajet vers l'interactive .
[ 360, 332, 318 ]
Sending map request !
Checking pods ...
MapMovement received !
Confirmation du movement dans : 905(3 cells)
Confirmations du mouvement dans 905ms
Mouvement confirmée !
Utlisiation de l'interactive (id : 478804,skill : 151026)
Gathering element :{id : 478812 , cellid : 330 }
No cellid defined for the interactive with cellId : 330
Mouvement vers l'interactive sur la cellule : -1=331
Exectution du trajet vers l'interactive .
[ 318, 331 ]
Sending map request !
Checking pods ...
MapMovement received !
Confirmation du movement dans : 510(2 cells)
Confirmations du mouvement dans 510ms
Mouvement confirmée !
Utlisiation de l'interactive (id : 478812,skill : 151031)
Gathering element :{id : 478815 , cellid : 357 }
No cellid defined for the interactive with cellId : 357
Mouvement vers l'interactive sur la cellule : -1=358
Exectution du trajet vers l'interactive .
[ 331, 345, 358 ]
Sending map request !
Checking pods ...
MapMovement received !
Confirmation du movement dans : 1020(3 cells)
Confirmations du mouvement dans 1020ms
Mouvement confirmée !
Utlisiation de l'interactive (id : 478815,skill : 151037)
no best match on i =38 : 43
no best match on i =43 : 43
Plus de ressources à récolter disponibles , on passe à la map suivante .
[DEBUG] Path calculated {source : 358=358 , target : 27=27} , let's process it !
[ 358,
  345,
  331,
  303,
  290,
  262,
  234,
  206,
  178,
  150,
  122,
  108,
  95,
  81,
  68,
  54,
  41,
  27 ]
Sending map request !
[Aucun groupe:0:info][Trajet]Changement de carte sur une cellule aléatoire .
Checking pods ...
MapMovement received !
Confirmation du movement dans : 3740(18 cells)
Confirmations du mouvement dans 3740ms
Mouvement confirmée !
Key movements proccesed !
Movement ok 
[Sync]Processing ...
[Sync]Ready to process !
[Sync]Trajet ready ...
Checking pods ...
[Aucun groupe:0:info][Trajet]Execution map 84675334 .
Gathering element :{id : 478238 , cellid : 388 }
No cellid defined for the interactive with cellId : 388
Mouvement vers l'interactive sur la cellule : -1=374
Exectution du trajet vers l'interactive .
[ 14,
  29,
  43,
  58,
  59,
  73,
  88,
  102,
  117,
  131,
  146,
  160,
  175,
  189,
  204,
  218,
  246,
  261,
  289,
  317,
  345,
  359,
  374 ]
Sending map request !
[Aucun groupe:0:info][Trajet]Execution de la récolte...
MapMovement received !
Confirmation du movement dans : 3400(23 cells)
Confirmations du mouvement dans 3400ms
Mouvement confirmée !
Utlisiation de l'interactive (id : 478238,skill : 151070)
Gathering element :{id : 478272 , cellid : 493 }
No cellid defined for the interactive with cellId : 493
Mouvement vers l'interactive sur la cellule : -1=480
Exectution du trajet vers l'interactive .
[ 374, 387, 401, 414, 428, 441, 455, 454, 453, 466, 480 ]
Sending map request !
Checking pods ...
MapMovement received !
Confirmation du movement dans : 2380(11 cells)
Confirmations du mouvement dans 2380ms
Mouvement confirmée !
Utlisiation de l'interactive (id : 478272,skill : 151074)
Gathering element :{id : 478276 , cellid : 507 }
No cellid defined for the interactive with cellId : 507
Mouvement vers l'interactive sur la cellule : -1=493
Exectution du trajet vers l'interactive .
[ 480, 493 ]
Sending map request !
Checking pods ...
Checking pods ...
MapMovement received !
Confirmation du movement dans : 510(2 cells)
Confirmations du mouvement dans 510ms
Mouvement confirmée !
Utlisiation de l'interactive (id : 478276,skill : 151075)
[Sync]Processing ...
[Sync]Ready to process !
[Sync]Trajet ready ...
Checking pods ...
[Aucun groupe:0:info][Trajet]Execution map 84675334 .
no best match on i =38 : 43
no best match on i =43 : 43
Plus de ressources à récolter disponibles , on passe à la map suivante .
[DEBUG] Path calculated {source : 493=493 , target : 349=349} , let's process it !
[ 493,
  480,
  466,
  453,
  454,
  455,
  456,
  442,
  443,
  444,
  445,
  446,
  418,
  405,
  377,
  349 ]
Sending map request !
[Aucun groupe:0:info][Trajet]Changement de carte sur une cellule aléatoire .
[Aucun groupe:0:info][Trajet]Execution de la récolte...
Mouvement échoué .
Key movements proccesed !
No movement
no best match on i =38 : 43
no best match on i =43 : 43
Plus de ressources à récolter disponibles , on passe à la map suivante .
[DEBUG] Path calculated {source : 493=493 , target : 237=237} , let's process it !
[ 493,
  480,
  466,
  453,
  439,
  426,
  412,
  399,
  385,
  372,
  344,
  330,
  317,
  303,
  290,
  276,
  263,
  249,
  236,
  237 ]
Sending map request !
[Aucun groupe:0:info][Trajet]Changement de carte sur une cellule aléatoire .
Checking pods ...
MapMovement received !
Confirmation du movement dans : 4675(20 cells)
Confirmations du mouvement dans 4675ms
Mouvement confirmée !
Key movements proccesed !
Movement ok 
[Sync]Processing ...
[Sync]Ready to process !
[Sync]Trajet ready ...
Checking pods ...
[Aucun groupe:0:info][Trajet]Execution map 84675846 .
no best match on i =38 : 43
no best match on i =43 : 43
Plus de ressources à récolter disponibles , on passe à la map suivante .
[DEBUG] Path calculated {source : 224=224 , target : 544=544} , let's process it !
[ 224,
  238,
  253,
  267,
  282,
  296,
  311,
  325,
  340,
  354,
  369,
  383,
  398,
  412,
  427,
  441,
  456,
  470,
  485,
  499,
  514,
  528,
  543,
  544 ]
Sending map request !
[Aucun groupe:0:info][Trajet]Changement de carte sur une cellule aléatoire .
[Aucun groupe:0:info][Trajet]Execution de la récolte...
MapMovement received !
Confirmation du movement dans : 3470(24 cells)
Confirmations du mouvement dans 3470ms
Mouvement confirmée !
Key movements proccesed !
Movement ok 
[Sync]Processing ...
[Sync]Ready to process !
[Sync]Trajet ready ...
Checking pods ...
[Aucun groupe:0:info][Trajet]Execution map 84675845 .
no best match on i =38 : 43
no best match on i =43 : 43
Plus de ressources à récolter disponibles , on passe à la map suivante .
[DEBUG] Path calculated {source : 12=12 , target : 548=548} , let's process it !
[ 12,
  25,
  39,
  52,
  80,
  108,
  136,
  150,
  163,
  177,
  190,
  218,
  246,
  274,
  288,
  316,
  329,
  343,
  356,
  370,
  383,
  397,
  410,
  424,
  452,
  465,
  493,
  507,
  520,
  548 ]
Sending map request !
[Aucun groupe:0:info][Trajet]Changement de carte sur une cellule aléatoire .
[Aucun groupe:0:info][Trajet]Execution de la récolte...
MapMovement received !
Confirmation du movement dans : 6545(30 cells)
Confirmations du mouvement dans 6545ms
Mouvement confirmée !
Key movements proccesed !
Movement ok 
[Sync]Processing ...
[Sync]Ready to process !
[Sync]Trajet ready ...
Checking pods ...
[Aucun groupe:0:info][Trajet]Execution map 84675844 .
no best match on i =38 : 43
no best match on i =43 : 43
Plus de ressources à récolter disponibles , on passe à la map suivante .
[DEBUG] Path calculated {source : 16=16 , target : 557=557} , let's process it !
[ 16,
  31,
  45,
  60,
  74,
  89,
  103,
  131,
  159,
  174,
  188,
  203,
  217,
  232,
  246,
  274,
  302,
  330,
  358,
  386,
  414,
  429,
  443,
  458,
  472,
  500,
  515,
  529,
  557 ]
Sending map request !
[Aucun groupe:0:info][Trajet]Changement de carte sur une cellule aléatoire .
[Aucun groupe:0:info][Trajet]Execution de la récolte...
Mouvement échoué .
Key movements proccesed !
No movement
{"call":"trajet-load","data":{"trajet":{"trajet":{"fights":[],"recolte":[{"map":84675330,"dir":"top"},{"map":84675331,"dir":"top"},{"map":84675332,"dir":"left"},{"map":84674820,"dir":"top"},{"map":84674821,"dir":"top"},{"map":84674822,"dir":"right"},{"map":84675334,"dir":"right"},{"map":84675846,"dir":"bottom"},{"map":84675845,"dir":"bottom"},{"map":84675844,"dir":"bottom"},{"map":84675843,"dir":"left"}],"interactives":[],"moves":[{"map":83887104,"sun":396},{"map":84674566,"dir":"top"},{"map":84674565,"dir":"top"},{"map":84674564,"dir":"top"},{"map":84674563,"dir":"top"},{"map":84674562,"dir":"top"},{"map":84674561,"dir":"top"},{"map":84674560,"dir":"right"},{"map":84675072,"dir":"top"},{"map":84675329,"dir":"top"},{"map":84675330,"dir":"top"}],"bank":[{"map":84674566,"interactive":465440,"skill":140242},{"map":83887104,"npc":0,"reply":259},{"map":84675330,"dir":"bottom"},{"map":84675331,"dir":"bottom"},{"map":84675332,"dir":"bottom"},{"map":84675333,"dir":"bottom"},{"map":84674820,"dir":"right"},{"map":84674821,"dir":"bottom"},{"map":84674822,"dir":"bottom"},{"map":84675334,"dir":"bottom"},{"map":84675846,"dir":"bottom"},{"map":84675845,"dir":"bottom"},{"map":84675844,"dir":"left"},{"map":84674566,"dir":"top"},{"map":84674565,"dir":"bottom"},{"map":84674564,"dir":"bottom"},{"map":84674563,"dir":"bottom"},{"map":84674562,"dir":"bottom"},{"map":84674561,"dir":"bottom"},{"map":84674560,"dir":"bottom"},{"map":84675072,"dir":"left"},{"map":84675329,"dir":"bottom"},{"map":84675330,"dir":"bottom"}]}}}}
[mainProcessFrame]Ui request for trajet loading ...
[Sync]Processing ...
[Sync]Ready to process !
[Sync]Trajet ready ...
Checking pods ...
[Aucun groupe:0:info][Trajet]Execution map 84675844 .
no best match on i =38 : 43
no best match on i =43 : 43
Plus de ressources à récolter disponibles , on passe à la map suivante .
[DEBUG] Path calculated {source : 16=16 , target : 552=552} , let's process it !
[ 16,
  31,
  45,
  60,
  74,
  102,
  130,
  158,
  186,
  201,
  229,
  257,
  285,
  313,
  341,
  369,
  397,
  425,
  453,
  467,
  495,
  510,
  524,
  552 ]
Sending map request !
[Aucun groupe:0:info][Trajet]Changement de carte sur une cellule aléatoire .
[Aucun groupe:0:info][Trajet]Execution de la récolte...
MapMovement received !
Confirmation du movement dans : 3750(24 cells)
Confirmations du mouvement dans 3750ms
Mouvement confirmée !
Key movements proccesed !
Movement ok 
[Sync]Processing ...
[Sync]Ready to process !
[Sync]Trajet ready ...
Checking pods ...
[Aucun groupe:0:info][Trajet]Execution map 84675843 .
Gathering element :{id : 478074 , cellid : 200 }
No cellid defined for the interactive with cellId : 200
Mouvement vers l'interactive sur la cellule : -1=172
Exectution du trajet vers l'interactive .
[ 20, 34, 62, 75, 103, 117, 145, 158, 172 ]
Sending map request !
[Aucun groupe:0:info][Trajet]Execution de la récolte...
MapMovement received !
Confirmation du movement dans : 1785(9 cells)
Confirmations du mouvement dans 1785ms
Mouvement confirmée !
Utlisiation de l'interactive (id : 478074,skill : 151533)
Gathering element :{id : 478053 , cellid : 446 }
No cellid defined for the interactive with cellId : 446
Mouvement vers l'interactive sur la cellule : -1=432
Exectution du trajet vers l'interactive .
[ 172,
  186,
  201,
  215,
  230,
  244,
  259,
  273,
  288,
  302,
  317,
  331,
  346,
  360,
  388,
  403,
  417,
  432 ]
Sending map request !
Checking pods ...
MapMovement received !
Confirmation du movement dans : 2570(18 cells)
Confirmations du mouvement dans 2570ms
Mouvement confirmée !
Utlisiation de l'interactive (id : 478053,skill : 151547)
no best match on i =38 : 43
no best match on i =43 : 43
Plus de ressources à récolter disponibles , on passe à la map suivante .
[DEBUG] Path calculated {source : 432=432 , target : 266=266} , let's process it !
[ 432,
  417,
  403,
  388,
  374,
  359,
  358,
  344,
  343,
  328,
  327,
  313,
  312,
  297,
  296,
  282,
  267,
  266 ]
Sending map request !
[Aucun groupe:0:info][Trajet]Changement de carte sur une cellule aléatoire .
Checking pods ...
MapMovement received !
Confirmation du movement dans : 2670(18 cells)
Confirmations du mouvement dans 2670ms
Sequence ready !
Mouvement confirmée !
Key movements proccesed !
Movement ok 
[Sync]Processing ...
[Sync]Ready to process !
[Sync]Trajet ready ...
Checking pods ...
[Aucun groupe:0:info][Trajet]Execution map 84675331 .
no best match on i =38 : 43
no best match on i =43 : 43
Plus de ressources à récolter disponibles , on passe à la map suivante .
[DEBUG] Path calculated {source : 279=279 , target : 20=20} , let's process it !
[ 279,
  265,
  250,
  236,
  221,
  207,
  192,
  178,
  150,
  135,
  121,
  106,
  92,
  77,
  63,
  48,
  20 ]
Sending map request !
[Aucun groupe:0:info][Trajet]Changement de carte sur une cellule aléatoire .
[Aucun groupe:0:info][Trajet]Execution de la récolte...
MapMovement received !
Confirmation du movement dans : 2440(17 cells)
Confirmations du mouvement dans 2440ms
Mouvement confirmée !
Key movements proccesed !
Movement ok 
[Sync]Processing ...
[Sync]Ready to process !
[Sync]Trajet ready ...
Checking pods ...
[Aucun groupe:0:info][Trajet]Execution map 84675332 .
no best match on i =38 : 43
no best match on i =43 : 43
Plus de ressources à récolter disponibles , on passe à la map suivante .
[DEBUG] Path calculated {source : 552=552 , target : 420=420} , let's process it !
[ 552, 538, 523, 509, 494, 493, 479, 464, 450, 435, 421, 420 ]
Sending map request !
[Aucun groupe:0:info][Trajet]Changement de carte sur une cellule aléatoire .
[Aucun groupe:0:info][Trajet]Execution de la récolte...
MapMovement received !
Confirmation du movement dans : 1690(12 cells)
Confirmations du mouvement dans 1690ms
Mouvement confirmée !
Key movements proccesed !
Movement ok 
[Sync]Processing ...
[Sync]Ready to process !
[Sync]Trajet ready ...
Checking pods ...
[Aucun groupe:0:info][Trajet]Execution map 84674820 .
Gathering element :{id : 478404 , cellid : 332 }
No cellid defined for the interactive with cellId : 332
Mouvement vers l'interactive sur la cellule : -1=360
Exectution du trajet vers l'interactive .
[ 433, 418, 404, 389, 375, 360 ]
Sending map request !
[Aucun groupe:0:info][Trajet]Execution de la récolte...
MapMovement received !
Confirmation du movement dans : 750(6 cells)
Confirmations du mouvement dans 750ms
Mouvement confirmée !
Utlisiation de l'interactive (id : 478404,skill : 151323)
Gathering element :{id : 478423 , cellid : 345 }
No cellid defined for the interactive with cellId : 345
Mouvement vers l'interactive sur la cellule : -1=346
Exectution du trajet vers l'interactive .
[ 360, 346 ]
Sending map request !
Checking pods ...
MapMovement received !
Confirmation du movement dans : 425(2 cells)
Confirmations du mouvement dans 425ms
Mouvement confirmée !
Utlisiation de l'interactive (id : 478423,skill : 151325)
Gathering element :{id : 478431 , cellid : 386 }
No cellid defined for the interactive with cellId : 386
Mouvement vers l'interactive sur la cellule : -1=373
Exectution du trajet vers l'interactive .
[ 346, 359, 373 ]
Sending map request !
[INACTIVITY] Soft debug on zahidsacri .
[Aucun groupe:0:info][Trajet]Execution map 84674820 .
Bot not ready for gathering .(GATHER)
[Aucun groupe:0:info][Trajet]Execution de la récolte...
Checking pods ...
[Primus reconnect]{"reconnect timeout":30000,"retries":10,"factor":2,"max":null,"min":500,"start":1487501574880,"duration":500,"attempt":1,"backoff":false,"scheduled":500}
[Aucun groupe:0:info]<span color="red">Connection closed, reloading client ...</span>
Session for zahidsacri exported !
[Prmius reconnected]
Connection opened !
