Server request connecting ...
{"assetsUrl":"https://ankama.akamaized.net/games/dofus-tablette/assets/2.15.15","analytics":{"wizAnalytics":{"localytics":{"token":"9f0bf865fd57d22f0bbea56-cd08f12a-8138-11e5-7c24-00736b041834","options":{"sessionTimeoutSeconds":60,"namespace":"dofus-production"}}},"ankAnalytics":{"debug":false,"analog":false,"useUrlMap":true}},"adjust":{"appToken":"7j60imkfu60w","environment":"EnvironmentProduction"},"logging":{"groups":false,"logLevels":{"time":0,"verbose":0,"debug":1,"info":2,"notice":3,"warning":4,"error":5,"critical":6,"alert":7,"emergency":8},"config":{"console":["none"],"server":["error","critical","alert","emergency"]},"disableOverride":false},"dataUrl":"https://proxyconnection.touch.dofus.com","haapi":{"id":18,"url":"https://haapi.ankama.com/json/Ankama/v2"},"serverLanguages":["en","de","es","fr","it","pt"],"failoverLanguage":"en","uiUrl":"https://proxyconnection.touch.dofus.com/assets","language":"en","sessionId":"zUoaYXjs+XPnqWA7"}
Config loaded !
{"key":"1ea488fd-e78b-4185-87f8-be8b972c1de9","account_id":112984462,"ip":"41.251.25.85","added_date":"2017-02-15T22:32:41+01:00","meta":[],"data":{},"access":[],"refresh_token":null,"expiration_date":"2017-02-16T01:32:41+01:00"}
Api key : 1ea488fd-e78b-4185-87f8-be8b972c1de9
Game token : 0acf36efb1cc632b05e6b520111fd22e
[Aucun groupe:0:info][processIdentification]...
Connecting to login server (https://proxyconnection.touch.dofus.com?STICKER=zUoaYXjs%2BXPnqWA7) ...
Connection opened !
[Aucun groupe:0:info]Identification connection opened !
[Aucun groupe:0:info]3/3 in login queue...
[Aucun groupe:0:info]3/4 in login queue...
[Aucun groupe:0:info]1/2 in login queue...
[Aucun groupe:0:info]0/1 in login queue...
[Aucun groupe:0:info]Identification success (1465968706048080705) !
[Aucun groupe:0:info]Servers list received !
[Aucun groupe:0:info][processServerSelection]...
[Aucun groupe:0:info]Request for server infos (id : 403) ...
Connection closed
migrating...
Connection opened !
[Aucun groupe:0:info]Game connection opened !
[Aucun groupe:0:success][processServerSelection]OK
[Aucun groupe:0:info][processsCharacterSelection]...
[Aucun groupe:0:info]Request for characters ...
[Aucun groupe:0:info]Selecting frist character (Miss-Lagertha) ...
Set default config for Miss-Lagertha
[Aucun groupe:0:info][Inventory]Object : 70974660 selected for regen !
[Aucun groupe:0:info][Inventory]Object : 70974661 selected for regen !
[Aucun groupe:0:info][Inventory]Object : 70974662 selected for regen !
[Aucun groupe:0:info][Inventory]Object : 70974663 selected for regen !
[InventoryManager]Items infos loaded !
Sequence ready !
[Aucun groupe:0:info][Infos]Welcome to DOFUS, and welcome to the World of Twelve! 
Remember that it is <b>strictly forbidden</b> to disclose your account name or password.
[Aucun groupe:0:info][Infos]There will be a server maintenance in 10 hours, 57 minutes.
{"call":"global-state-request"}
Server request for state ...
[Sync]Processing ...
[Sync]Ready to process !
[Sync]Trajet ready ...
[Trajet]No trajet loaded !
Debug command received .
{ '463301': 
   { interactive: 
      { _type: 'InteractiveElement',
        elementId: 463301,
        elementTypeId: 38,
        enabledSkills: [],
        disabledSkills: [Object],
        _name: 'Wheat' },
     stated: 
      { _type: 'StatedElement',
        elementId: 463301,
        elementCellId: 64,
        elementState: 1 } },
  '463302': 
   { interactive: 
      { _type: 'InteractiveElement',
        elementId: 463302,
        elementTypeId: 38,
        enabledSkills: [],
        disabledSkills: [Object],
        _name: 'Wheat' },
     stated: 
      { _type: 'StatedElement',
        elementId: 463302,
        elementCellId: 300,
        elementState: 1 } },
  '463303': 
   { interactive: 
      { _type: 'InteractiveElement',
        elementId: 463303,
        elementTypeId: 38,
        enabledSkills: [],
        disabledSkills: [Object],
        _name: 'Wheat' },
     stated: 
      { _type: 'StatedElement',
        elementId: 463303,
        elementCellId: 306,
        elementState: 1 } },
  '463304': 
   { interactive: 
      { _type: 'InteractiveElement',
        elementId: 463304,
        elementTypeId: 38,
        enabledSkills: [],
        disabledSkills: [Object],
        _name: 'Wheat' },
     stated: 
      { _type: 'StatedElement',
        elementId: 463304,
        elementCellId: 278,
        elementState: 1 } },
  '463305': 
   { interactive: 
      { _type: 'InteractiveElementWithAgeBonus',
        elementId: 463305,
        elementTypeId: 38,
        enabledSkills: [Object],
        disabledSkills: [],
        ageBonus: 0,
        _name: 'Wheat' },
     stated: 
      { _type: 'StatedElement',
        elementId: 463305,
        elementCellId: 263,
        elementState: 0 } },
  '463306': 
   { interactive: 
      { _type: 'InteractiveElement',
        elementId: 463306,
        elementTypeId: 38,
        enabledSkills: [],
        disabledSkills: [Object],
        _name: 'Wheat' },
     stated: 
      { _type: 'StatedElement',
        elementId: 463306,
        elementCellId: 285,
        elementState: 1 } },
  '463307': 
   { interactive: 
      { _type: 'InteractiveElement',
        elementId: 463307,
        elementTypeId: 38,
        enabledSkills: [],
        disabledSkills: [Object],
        _name: 'Wheat' },
     stated: 
      { _type: 'StatedElement',
        elementId: 463307,
        elementCellId: 467,
        elementState: 1 } },
  '463308': 
   { interactive: 
      { _type: 'InteractiveElement',
        elementId: 463308,
        elementTypeId: 38,
        enabledSkills: [],
        disabledSkills: [Object],
        _name: 'Wheat' },
     stated: 
      { _type: 'StatedElement',
        elementId: 463308,
        elementCellId: 510,
        elementState: 1 } },
  '463309': 
   { interactive: 
      { _type: 'InteractiveElement',
        elementId: 463309,
        elementTypeId: 38,
        enabledSkills: [],
        disabledSkills: [Object],
        _name: 'Wheat' },
     stated: 
      { _type: 'StatedElement',
        elementId: 463309,
        elementCellId: 255,
        elementState: 1 } },
  '463310': 
   { interactive: 
      { _type: 'InteractiveElement',
        elementId: 463310,
        elementTypeId: 38,
        enabledSkills: [],
        disabledSkills: [Object],
        _name: 'Wheat' },
     stated: 
      { _type: 'StatedElement',
        elementId: 463310,
        elementCellId: 243,
        elementState: 1 } },
  '463311': 
   { interactive: 
      { _type: 'InteractiveElement',
        elementId: 463311,
        elementTypeId: 38,
        enabledSkills: [],
        disabledSkills: [Object],
        _name: 'Wheat' },
     stated: 
      { _type: 'StatedElement',
        elementId: 463311,
        elementCellId: 221,
        elementState: 1 } },
  '463312': 
   { interactive: 
      { _type: 'InteractiveElement',
        elementId: 463312,
        elementTypeId: 38,
        enabledSkills: [],
        disabledSkills: [Object],
        _name: 'Wheat' },
     stated: 
      { _type: 'StatedElement',
        elementId: 463312,
        elementCellId: 483,
        elementState: 1 } },
  '463313': 
   { interactive: 
      { _type: 'InteractiveElement',
        elementId: 463313,
        elementTypeId: 38,
        enabledSkills: [],
        disabledSkills: [Object],
        _name: 'Wheat' },
     stated: 
      { _type: 'StatedElement',
        elementId: 463313,
        elementCellId: 213,
        elementState: 1 } },
  '463314': 
   { interactive: 
      { _type: 'InteractiveElement',
        elementId: 463314,
        elementTypeId: 38,
        enabledSkills: [],
        disabledSkills: [Object],
        _name: 'Wheat' },
     stated: 
      { _type: 'StatedElement',
        elementId: 463314,
        elementCellId: 63,
        elementState: 1 } },
  '463315': 
   { interactive: 
      { _type: 'InteractiveElement',
        elementId: 463315,
        elementTypeId: 38,
        enabledSkills: [],
        disabledSkills: [Object],
        _name: 'Wheat' },
     stated: 
      { _type: 'StatedElement',
        elementId: 463315,
        elementCellId: 454,
        elementState: 1 } },
  '463316': 
   { interactive: 
      { _type: 'InteractiveElement',
        elementId: 463316,
        elementTypeId: 38,
        enabledSkills: [],
        disabledSkills: [Object],
        _name: 'Wheat' },
     stated: 
      { _type: 'StatedElement',
        elementId: 463316,
        elementCellId: 199,
        elementState: 1 } },
  '463317': 
   { interactive: 
      { _type: 'InteractiveElement',
        elementId: 463317,
        elementTypeId: 38,
        enabledSkills: [],
        disabledSkills: [Object],
        _name: 'Wheat' },
     stated: 
      { _type: 'StatedElement',
        elementId: 463317,
        elementCellId: 440,
        elementState: 1 } },
  '463318': 
   { interactive: 
      { _type: 'InteractiveElement',
        elementId: 463318,
        elementTypeId: 38,
        enabledSkills: [],
        disabledSkills: [Object],
        _name: 'Wheat' },
     stated: 
      { _type: 'StatedElement',
        elementId: 463318,
        elementCellId: 214,
        elementState: 1 } },
  '463319': 
   { interactive: 
      { _type: 'InteractiveElement',
        elementId: 463319,
        elementTypeId: 38,
        enabledSkills: [],
        disabledSkills: [Object],
        _name: 'Wheat' },
     stated: 
      { _type: 'StatedElement',
        elementId: 463319,
        elementCellId: 523,
        elementState: 1 } },
  '463320': 
   { interactive: 
      { _type: 'InteractiveElement',
        elementId: 463320,
        elementTypeId: 38,
        enabledSkills: [],
        disabledSkills: [Object],
        _name: 'Wheat' },
     stated: 
      { _type: 'StatedElement',
        elementId: 463320,
        elementCellId: 269,
        elementState: 1 } },
  '463321': 
   { interactive: 
      { _type: 'InteractiveElement',
        elementId: 463321,
        elementTypeId: 38,
        enabledSkills: [],
        disabledSkills: [Object],
        _name: 'Wheat' },
     stated: 
      { _type: 'StatedElement',
        elementId: 463321,
        elementCellId: 469,
        elementState: 1 } },
  '463322': 
   { interactive: 
      { _type: 'InteractiveElement',
        elementId: 463322,
        elementTypeId: 38,
        enabledSkills: [],
        disabledSkills: [Object],
        _name: 'Wheat' },
     stated: 
      { _type: 'StatedElement',
        elementId: 463322,
        elementCellId: 77,
        elementState: 1 } },
  '463323': 
   { interactive: 
      { _type: 'InteractiveElement',
        elementId: 463323,
        elementTypeId: 38,
        enabledSkills: [],
        disabledSkills: [Object],
        _name: 'Wheat' },
     stated: 
      { _type: 'StatedElement',
        elementId: 463323,
        elementCellId: 208,
        elementState: 1 } },
  '463324': 
   { interactive: 
      { _type: 'InteractiveElement',
        elementId: 463324,
        elementTypeId: 38,
        enabledSkills: [],
        disabledSkills: [Object],
        _name: 'Wheat' },
     stated: 
      { _type: 'StatedElement',
        elementId: 463324,
        elementCellId: 239,
        elementState: 1 } } }
TypeError: Cannot read property 'interactive' of undefined
    at exports.Gather.gatherable (C:\Users\Zakaria\Desktop\KingTouch-master\KingToutchManager\king-touch-src\engine\core\gather.js:30:22)
    at exports.Gather.GatherFirstAvailableRessource (C:\Users\Zakaria\Desktop\KingTouch-master\KingToutchManager\king-touch-src\engine\core\gather.js:18:12)
    at EventEmitter.bot.connection.dispatcher.on.e (C:\Users\Zakaria\Desktop\KingTouch-master\KingToutchManager\king-touch-src\engine\core\sync.js:27:19)
    at emitOne (events.js:96:13)
    at EventEmitter.emit (events.js:188:7)
    at Primus.<anonymous> (C:\Users\Zakaria\Desktop\KingTouch-master\KingToutchManager\king-touch-src\network\clientConnection.js:75:19)
    at emitTwo (events.js:106:13)
    at Primus.emit (events.js:191:7)
    at done (C:\Users\Zakaria\Desktop\KingTouch-master\KingToutchManager\king-touch-src\network\primus.js:2569:48)
    at transform (C:\Users\Zakaria\Desktop\KingTouch-master\KingToutchManager\king-touch-src\network\primus.js:2540:30)
Unknow game context remove element {"_messageType":"GameContextRemoveElementMessage","id":-4,"_isInitialized":true}
Unknow game context remove element {"_messageType":"GameContextRemoveElementMessage","id":-6,"_isInitialized":true}
Sequence ready !
