Server request connecting ...
Inventory : 0
{"assetsUrl":"https://ankama.akamaized.net/games/dofus-tablette/assets/2.15.15","analytics":{"wizAnalytics":{"localytics":{"token":"9f0bf865fd57d22f0bbea56-cd08f12a-8138-11e5-7c24-00736b041834","options":{"sessionTimeoutSeconds":60,"namespace":"dofus-production"}}},"ankAnalytics":{"debug":false,"analog":false,"useUrlMap":true}},"adjust":{"appToken":"7j60imkfu60w","environment":"EnvironmentProduction"},"logging":{"groups":false,"logLevels":{"time":0,"verbose":0,"debug":1,"info":2,"notice":3,"warning":4,"error":5,"critical":6,"alert":7,"emergency":8},"config":{"console":["none"],"server":["error","critical","alert","emergency"]},"disableOverride":false},"dataUrl":"https://proxyconnection.touch.dofus.com","haapi":{"id":18,"url":"https://haapi.ankama.com/json/Ankama/v2"},"serverLanguages":["en","de","es","fr","it","pt"],"failoverLanguage":"en","uiUrl":"https://proxyconnection.touch.dofus.com/assets","language":"en","sessionId":"yTKAZOIbwpk4qy/q"}
Config loaded !
{"key":"1d6bab70-03da-4021-8611-96bd23c46458","account_id":112984462,"ip":"41.141.138.119","added_date":"2017-02-18T22:27:03+01:00","meta":[],"data":{},"access":[],"refresh_token":null,"expiration_date":"2017-02-19T01:27:03+01:00"}
Api key : 1d6bab70-03da-4021-8611-96bd23c46458
Game token : 84f0ea2c89b7731526166235a858404e
[Aucun groupe:0:info][processIdentification]...
Connecting to login server (https://proxyconnection.touch.dofus.com?STICKER=yTKAZOIbwpk4qy%2Fq) ...
Connection opened !
[Aucun groupe:0:info]Identification connection opened !
[Aucun groupe:0:info]2/2 in login queue...
[Aucun groupe:0:info]0/0 in login queue...
[Aucun groupe:0:info]1/2 in login queue...
[Aucun groupe:0:info]0/1 in login queue...
[Aucun groupe:0:info]Identification success (1465968706063123678) !
[Aucun groupe:0:info]Servers list received !
[Aucun groupe:0:info][processServerSelection]...
[Aucun groupe:0:info]Request for server infos (id : 403) ...
Prmus close connection !
migrating...
Connection opened !
[Aucun groupe:0:info]Game connection opened !
[Aucun groupe:0:success][processServerSelection]OK
[Aucun groupe:0:info][processsCharacterSelection]...
[Aucun groupe:0:info]Request for characters ...
[Aucun groupe:0:info]Selecting frist character (Miss-Lagertha) ...
[Aucun groupe:0:info][Inventory]Object : 110127260 selected for regen !
[Aucun groupe:0:info][Inventory]Object : 110127261 selected for regen !
[Aucun groupe:0:info][Inventory]Object : 110127262 selected for regen !
[Aucun groupe:0:info][Inventory]Object : 110127263 selected for regen !
[InventoryManager]Items infos loaded !
Checking pods ...
Sequence ready !
[Aucun groupe:0:info][Infos]Welcome to DOFUS, and welcome to the World of Twelve! 
Remember that it is <b>strictly forbidden</b> to disclose your account name or password.
{"call":"global-state-request"}
Server request for state ...
[Sync]Processing ...
[Sync]Ready to process !
[Sync]Trajet ready ...
Checking pods ...
[Trajet]No trajet loaded !
Unknow game context remove element {"_messageType":"GameContextRemoveElementMessage","id":-3,"_isInitialized":true}
Unknow game context remove element {"_messageType":"GameContextRemoveElementMessage","id":-4,"_isInitialized":true}
Debug command received .
{ sendWebRequestToDataUrl: [Function: SendWebRequestToDataUrl],
  getSpellsInfos: [Function],
  getSpellLevelsInfos: [Function],
  getItemsInfos: [Function],
  getBreedsInfos: [Function],
  getSubAreasInfos: [Function],
  getPhoenixInfos: [Function],
  getBankInfos: [Function],
  isBankIndoor: [Function] }
[INACTIVITY] Soft debug on zahidsacri .
[Trajet]No trajet loaded !
Unknow game context remove element {"_messageType":"GameContextRemoveElementMessage","id":-2,"_isInitialized":true}
[INACTIVITY] Soft debug on zahidsacri .
[Trajet]No trajet loaded !
Unknow game context remove element {"_messageType":"GameContextRemoveElementMessage","id":-2,"_isInitialized":true}
[INACTIVITY] Soft debug on zahidsacri .
[Trajet]No trajet loaded !
Sequence ready !
[INACTIVITY] Soft debug on zahidsacri .
[Trajet]No trajet loaded !
[INACTIVITY] Soft debug on zahidsacri .
[Trajet]No trajet loaded !
[INACTIVITY] Soft debug on zahidsacri .
[Trajet]No trajet loaded !
[INACTIVITY] Soft debug on zahidsacri .
[Trajet]No trajet loaded !
