Server request connecting ...
Inventory : 0
{"assetsUrl":"https://ankama.akamaized.net/games/dofus-tablette/assets/2.15.15","analytics":{"wizAnalytics":{"localytics":{"token":"9f0bf865fd57d22f0bbea56-cd08f12a-8138-11e5-7c24-00736b041834","options":{"sessionTimeoutSeconds":60,"namespace":"dofus-production"}}},"ankAnalytics":{"debug":false,"analog":false,"useUrlMap":true}},"adjust":{"appToken":"7j60imkfu60w","environment":"EnvironmentProduction"},"logging":{"groups":false,"logLevels":{"time":0,"verbose":0,"debug":1,"info":2,"notice":3,"warning":4,"error":5,"critical":6,"alert":7,"emergency":8},"config":{"console":["none"],"server":["error","critical","alert","emergency"]},"disableOverride":false},"dataUrl":"https://proxyconnection.touch.dofus.com","haapi":{"id":18,"url":"https://haapi.ankama.com/json/Ankama/v2"},"serverLanguages":["en","de","es","fr","it","pt"],"failoverLanguage":"en","uiUrl":"https://proxyconnection.touch.dofus.com/assets","language":"en","sessionId":"WWDRsGPgiNbuQo8v"}
Config loaded !
{"key":"ac6ca096-4a74-4384-8d47-2b72455083cc","account_id":112984462,"ip":"105.157.44.165","added_date":"2017-02-19T16:47:15+01:00","meta":[],"data":{},"access":[],"refresh_token":null,"expiration_date":"2017-02-19T19:47:15+01:00"}
Api key : ac6ca096-4a74-4384-8d47-2b72455083cc
Game token : 2d6d20dc9e8192f43fc71a37c37e55f7
[Aucun groupe:0:info][processIdentification]...
Connecting to login server (https://proxyconnection.touch.dofus.com?STICKER=WWDRsGPgiNbuQo8v) ...
{"call":"global-state-request"}
Server request for state ...
Connection opened !
[Aucun groupe:0:info]Identification connection opened !
[Aucun groupe:0:info]1/2 in login queue...
[Aucun groupe:0:info]1/3 in login queue...
[Aucun groupe:0:info]1/4 in login queue...
[Aucun groupe:0:info]0/3 in login queue...
[Aucun groupe:0:info]Identification success (1465968706066182845) !
[Aucun groupe:0:info]Servers list received !
[Aucun groupe:0:info][processServerSelection]...
[Aucun groupe:0:info]Request for server infos (id : 403) ...
Prmus close connection !
migrating...
Connection opened !
[Aucun groupe:0:info]Game connection opened !
{"call":"global-state-request"}
Server request for state ...
{"call":"global-state-request"}
Server request for state ...
