Server request connecting ...
{"assetsUrl":"https://ankama.akamaized.net/games/dofus-tablette/assets/2.15.15","analytics":{"wizAnalytics":{"localytics":{"token":"9f0bf865fd57d22f0bbea56-cd08f12a-8138-11e5-7c24-00736b041834","options":{"sessionTimeoutSeconds":60,"namespace":"dofus-production"}}},"ankAnalytics":{"debug":false,"analog":false,"useUrlMap":true}},"adjust":{"appToken":"7j60imkfu60w","environment":"EnvironmentProduction"},"logging":{"groups":false,"logLevels":{"time":0,"verbose":0,"debug":1,"info":2,"notice":3,"warning":4,"error":5,"critical":6,"alert":7,"emergency":8},"config":{"console":["none"],"server":["error","critical","alert","emergency"]},"disableOverride":false},"dataUrl":"https://proxyconnection.touch.dofus.com","haapi":{"id":18,"url":"https://haapi.ankama.com/json/Ankama/v2"},"serverLanguages":["en","de","es","fr","it","pt"],"failoverLanguage":"en","uiUrl":"https://proxyconnection.touch.dofus.com/assets","language":"en","sessionId":"o/INV3USX35QtlNB"}
Config loaded !
{"key":"856389e5-3562-4a27-bd10-7374c45b70e9","account_id":112984462,"ip":"105.157.55.54","added_date":"2017-02-16T21:11:26+01:00","meta":[],"data":{},"access":[],"refresh_token":null,"expiration_date":"2017-02-17T00:11:26+01:00"}
Api key : 856389e5-3562-4a27-bd10-7374c45b70e9
Game token : undefined
[Aucun groupe:0:info][processIdentification]...
Connecting to login server (https://proxyconnection.touch.dofus.com?STICKER=o%2FINV3USX35QtlNB) ...
Connection opened !
[Aucun groupe:0:info]Identification connection opened !
Connection closed
[Aucun groupe:0:info]<span color="red">Connection closed, reloading client ...</span>
Session for zahidsacri exported !
Reconnecting undefined ...
Rescuring session...
{"assetsUrl":"https://ankama.akamaized.net/games/dofus-tablette/assets/2.15.15","analytics":{"wizAnalytics":{"localytics":{"token":"9f0bf865fd57d22f0bbea56-cd08f12a-8138-11e5-7c24-00736b041834","options":{"sessionTimeoutSeconds":60,"namespace":"dofus-production"}}},"ankAnalytics":{"debug":false,"analog":false,"useUrlMap":true}},"adjust":{"appToken":"7j60imkfu60w","environment":"EnvironmentProduction"},"logging":{"groups":false,"logLevels":{"time":0,"verbose":0,"debug":1,"info":2,"notice":3,"warning":4,"error":5,"critical":6,"alert":7,"emergency":8},"config":{"console":["none"],"server":["error","critical","alert","emergency"]},"disableOverride":false},"dataUrl":"https://proxyconnection.touch.dofus.com","haapi":{"id":18,"url":"https://haapi.ankama.com/json/Ankama/v2"},"serverLanguages":["en","de","es","fr","it","pt"],"failoverLanguage":"en","uiUrl":"https://proxyconnection.touch.dofus.com/assets","language":"en","sessionId":"H+RuEuoXftmmtjxA"}
Config loaded !
{"key":"d47c9f51-9485-42da-a63c-bf186dd228a0","account_id":112984462,"ip":"105.157.55.54","added_date":"2017-02-16T21:11:30+01:00","meta":[],"data":{},"access":[],"refresh_token":null,"expiration_date":"2017-02-17T00:11:30+01:00"}
Api key : d47c9f51-9485-42da-a63c-bf186dd228a0
Game token : 832b4e9e4c580f666ecbfd4faf852d3f
[Aucun groupe:0:info][processIdentification]...
Connecting to login server (https://proxyconnection.touch.dofus.com?STICKER=H%2BRuEuoXftmmtjxA) ...
Connection opened !
[Aucun groupe:0:info]Identification connection opened !
[Aucun groupe:0:info]1/2 in login queue...
[Aucun groupe:0:info]0/1 in login queue...
[Aucun groupe:0:info]Identification success (1465968706052465347) !
[Aucun groupe:0:info]Servers list received !
[Aucun groupe:0:info][processServerSelection]...
[Aucun groupe:0:info]Request for server infos (id : 403) ...
Connection closed
migrating...
Connection opened !
[Aucun groupe:0:info]Game connection opened !
[Aucun groupe:0:success][processServerSelection]OK
[Aucun groupe:0:info][processsCharacterSelection]...
[Aucun groupe:0:info]Request for characters ...
[Aucun groupe:0:info]Selecting frist character (Miss-Lagertha) ...
Set default config for Miss-Lagertha
[Aucun groupe:0:info][Inventory]Object : 26103620 selected for regen !
[Aucun groupe:0:info][Inventory]Object : 26103621 selected for regen !
[Aucun groupe:0:info][Inventory]Object : 26103622 selected for regen !
[Aucun groupe:0:info][Inventory]Object : 26103623 selected for regen !
Sequence ready !
[Aucun groupe:0:info][Infos]Welcome to DOFUS, and welcome to the World of Twelve! 
Remember that it is <b>strictly forbidden</b> to disclose your account name or password.
{"call":"global-state-request"}
Server request for state ...
[InventoryManager]Items infos loaded !
[Sync]Processing ...
[Sync]Ready to process !
[Sync]Trajet ready ...
[Trajet]No trajet loaded !
Debug command received .
TypeError: elements.sort is not a function
    at exports.Gather.sortRessources (C:\Users\Zakaria\Desktop\KingTouch-master\KingToutchManager\king-touch-src\engine\core\gather.js:68:11)
    at exports.Gather.gatherFirstAvailableRessource (C:\Users\Zakaria\Desktop\KingTouch-master\KingToutchManager\king-touch-src\engine\core\gather.js:19:23)
    at EventEmitter.bot.connection.dispatcher.on.e (C:\Users\Zakaria\Desktop\KingTouch-master\KingToutchManager\king-touch-src\engine\core\sync.js:27:19)
    at emitOne (events.js:96:13)
    at EventEmitter.emit (events.js:188:7)
    at Primus.<anonymous> (C:\Users\Zakaria\Desktop\KingTouch-master\KingToutchManager\king-touch-src\network\clientConnection.js:75:19)
    at emitTwo (events.js:106:13)
    at Primus.emit (events.js:191:7)
    at done (C:\Users\Zakaria\Desktop\KingTouch-master\KingToutchManager\king-touch-src\network\primus.js:2569:48)
    at transform (C:\Users\Zakaria\Desktop\KingTouch-master\KingToutchManager\king-touch-src\network\primus.js:2540:30)
