Server request connecting ...
Inventory : 0
{"assetsUrl":"https://ankama.akamaized.net/games/dofus-tablette/assets/2.15.15","analytics":{"wizAnalytics":{"localytics":{"token":"9f0bf865fd57d22f0bbea56-cd08f12a-8138-11e5-7c24-00736b041834","options":{"sessionTimeoutSeconds":60,"namespace":"dofus-production"}}},"ankAnalytics":{"debug":false,"analog":false,"useUrlMap":true}},"adjust":{"appToken":"7j60imkfu60w","environment":"EnvironmentProduction"},"logging":{"groups":false,"logLevels":{"time":0,"verbose":0,"debug":1,"info":2,"notice":3,"warning":4,"error":5,"critical":6,"alert":7,"emergency":8},"config":{"console":["none"],"server":["error","critical","alert","emergency"]},"disableOverride":false},"dataUrl":"https://proxyconnection.touch.dofus.com","haapi":{"id":18,"url":"https://haapi.ankama.com/json/Ankama/v2"},"serverLanguages":["en","de","es","fr","it","pt"],"failoverLanguage":"en","uiUrl":"https://proxyconnection.touch.dofus.com/assets","language":"en","sessionId":"7WJkOQtXCiYSJvJz"}
Config loaded !
{"key":"3903eae0-f95b-4985-8fc7-05c8f71465a5","account_id":112984462,"ip":"105.157.44.165","added_date":"2017-02-19T15:55:29+01:00","meta":[],"data":{},"access":[],"refresh_token":null,"expiration_date":"2017-02-19T18:55:29+01:00"}
Api key : 3903eae0-f95b-4985-8fc7-05c8f71465a5
Game token : fd17591b7a444aabda17a4968bf85eb2
[Aucun groupe:0:info][processIdentification]...
Connecting to login server (https://proxyconnection.touch.dofus.com?STICKER=7WJkOQtXCiYSJvJz) ...
Connection opened !
[Aucun groupe:0:info]Identification connection opened !
[Aucun groupe:0:info]1/2 in login queue...
[Aucun groupe:0:info]0/1 in login queue...
[Aucun groupe:0:info]Identification success (1465968706065951708) !
[Aucun groupe:0:info]Servers list received !
[Aucun groupe:0:info][processServerSelection]...
[Aucun groupe:0:info]Request for server infos (id : 403) ...
Prmus close connection !
migrating...
Connection opened !
[Aucun groupe:0:info]Game connection opened !
[Aucun groupe:0:success][processServerSelection]OK
[Aucun groupe:0:info][processsCharacterSelection]...
[Aucun groupe:0:info]Request for characters ...
[Aucun groupe:0:info]Selecting frist character (Miss-Lagertha) ...
[Aucun groupe:0:info][Inventory]Object : 135953639 selected for regen !
[Aucun groupe:0:info][Inventory]Object : 135953640 selected for regen !
[Aucun groupe:0:info][Inventory]Object : 135953641 selected for regen !
[Aucun groupe:0:info][Inventory]Object : 135953642 selected for regen !
[InventoryManager]Items infos loaded !
Checking pods ...
Sequence ready !
[Aucun groupe:0:info][Infos]Welcome to DOFUS, and welcome to the World of Twelve! 
Remember that it is <b>strictly forbidden</b> to disclose your account name or password.
{"call":"global-state-request"}
Server request for state ...
{"call":"global-state-request"}
Server request for state ...
[Sync]Processing ...
[Sync]Ready to process !
[Sync]Trajet ready ...
Checking pods ...
[DEBUG] Bot state set to : READY .
[Trajet]No trajet loaded !
{"call":"global-state-request"}
Server request for state ...
{"call":"update-fight-max-fighters","data":8}
[botData]Config for Miss-Lagertha saved !
{"call":"update-fight-max-fighters","data":8}
[botData]Config for Miss-Lagertha saved !
{"call":"update-fight-min-fighters","data":1}
[botData]Config for Miss-Lagertha saved !
{"call":"update-fight-min-fighters","data":1}
[botData]Config for Miss-Lagertha saved !
{"call":"set-ia-type","data":"default"}
[botData]Config for Miss-Lagertha saved !
[mainProcessFrame]Fight mode updated to default
{"call":"set-ia-type","data":"default"}
[botData]Config for Miss-Lagertha saved !
[mainProcessFrame]Fight mode updated to default
{"call":"trajet-load","data":{"trajet":{"trajet":{"fights":[],"recolte":[{"map":84675330,"dir":"top"},{"map":84675331,"dir":"top"},{"map":84675332,"dir":"left"},{"map":84674820,"dir":"top"},{"map":84674821,"dir":"top"},{"map":84674822,"dir":"right"},{"map":84675334,"dir":"right"},{"map":84675846,"dir":"bottom"},{"map":84675845,"dir":"bottom"},{"map":84675844,"dir":"bottom"},{"map":84675843,"dir":"left"}],"interactives":[],"moves":[{"map":83887104,"sun":396},{"map":84674566,"dir":"top"},{"map":84674565,"dir":"top"},{"map":84674564,"dir":"top"},{"map":84674563,"dir":"top"},{"map":84674562,"dir":"top"},{"map":84674561,"dir":"top"},{"map":84674560,"dir":"right"},{"map":84675072,"dir":"top"},{"map":84675329,"dir":"top"},{"map":84675330,"dir":"top"}],"bank":[{"map":84674566,"interactive":465440,"skill":140242},{"map":83887104,"npc":0,"reply":259},{"map":84675330,"dir":"bottom"},{"map":84675331,"dir":"bottom"},{"map":84675332,"dir":"bottom"},{"map":84675333,"dir":"bottom"},{"map":84674820,"dir":"right"},{"map":84674821,"dir":"bottom"},{"map":84674822,"dir":"bottom"},{"map":84675334,"dir":"bottom"},{"map":84675846,"dir":"bottom"},{"map":84675845,"dir":"bottom"},{"map":84675844,"dir":"left"},{"map":84674566,"dir":"top"},{"map":84674565,"dir":"bottom"},{"map":84674564,"dir":"bottom"},{"map":84674563,"dir":"bottom"},{"map":84674562,"dir":"bottom"},{"map":84674561,"dir":"bottom"},{"map":84674560,"dir":"bottom"},{"map":84675072,"dir":"left"},{"map":84675329,"dir":"bottom"},{"map":84675330,"dir":"bottom"}]}}}}
[mainProcessFrame]Ui request for trajet loading ...
[Sync]Processing ...
[Sync]Ready to process !
[Sync]Trajet ready ...
Checking pods ...
[DEBUG] Bot state set to : READY .
{"call":"trajet-load","data":{"trajet":{"trajet":{"fights":[],"recolte":[{"map":84675330,"dir":"top"},{"map":84675331,"dir":"top"},{"map":84675332,"dir":"left"},{"map":84674820,"dir":"top"},{"map":84674821,"dir":"top"},{"map":84674822,"dir":"right"},{"map":84675334,"dir":"right"},{"map":84675846,"dir":"bottom"},{"map":84675845,"dir":"bottom"},{"map":84675844,"dir":"bottom"},{"map":84675843,"dir":"left"}],"interactives":[],"moves":[{"map":83887104,"sun":396},{"map":84674566,"dir":"top"},{"map":84674565,"dir":"top"},{"map":84674564,"dir":"top"},{"map":84674563,"dir":"top"},{"map":84674562,"dir":"top"},{"map":84674561,"dir":"top"},{"map":84674560,"dir":"right"},{"map":84675072,"dir":"top"},{"map":84675329,"dir":"top"},{"map":84675330,"dir":"top"}],"bank":[{"map":84674566,"interactive":465440,"skill":140242},{"map":83887104,"npc":0,"reply":259},{"map":84675330,"dir":"bottom"},{"map":84675331,"dir":"bottom"},{"map":84675332,"dir":"bottom"},{"map":84675333,"dir":"bottom"},{"map":84674820,"dir":"right"},{"map":84674821,"dir":"bottom"},{"map":84674822,"dir":"bottom"},{"map":84675334,"dir":"bottom"},{"map":84675846,"dir":"bottom"},{"map":84675845,"dir":"bottom"},{"map":84675844,"dir":"left"},{"map":84674566,"dir":"top"},{"map":84674565,"dir":"bottom"},{"map":84674564,"dir":"bottom"},{"map":84674563,"dir":"bottom"},{"map":84674562,"dir":"bottom"},{"map":84674561,"dir":"bottom"},{"map":84674560,"dir":"bottom"},{"map":84675072,"dir":"left"},{"map":84675329,"dir":"bottom"},{"map":84675330,"dir":"bottom"}]}}}}
[mainProcessFrame]Ui request for trajet loading ...
[Sync]Processing ...
[Sync]Ready to process !
[Sync]Trajet ready ...
Checking pods ...
[DEBUG] Bot state set to : READY .
[Aucun groupe:0:info][Trajet]Execution map 84675334 .
Gathering element :{id : 478238 , cellid : 388 }
Mouvement vers l'interactive sur la cellule : 388=375
Exectution du trajet vers l'interactive .
pas de mouvement à faire wesh x)
Utlisiation de l'interactive (id : 478238,skill : 151070)
[Aucun groupe:0:info][Trajet]Execution de la récolte...
[Aucun groupe:0:info][Trajet]Execution map 84675334 .
Bot not ready for gathering : GATHER
[Aucun groupe:0:info][Trajet]Execution de la récolte...
Gathering element :{id : 478262 , cellid : 481 }
Mouvement vers l'interactive sur la cellule : 481=467
Exectution du trajet vers l'interactive .
[ 375, 388, 402, 415, 429, 442, 456, 455, 454, 467 ]
Sending map request !
Checking pods ...
MapMovement received !
Confirmation du movement dans : 2125(10 cells)
Confirmations du mouvement dans 2125ms
Mouvement confirmée !
Utlisiation de l'interactive (id : 478262,skill : 151073)
Gathering element :{id : 478268 , cellid : 508 }
Mouvement vers l'interactive sur la cellule : 508=494
Exectution du trajet vers l'interactive .
[ 467, 481, 494 ]
Sending map request !
Checking pods ...
MapMovement received !
Confirmation du movement dans : 1020(3 cells)
Confirmations du mouvement dans 1020ms
Mouvement confirmée !
Utlisiation de l'interactive (id : 478268,skill : 151076)
Gathering element :{id : 478272 , cellid : 493 }
Mouvement vers l'interactive sur la cellule : 493=494
Exectution du trajet vers l'interactive .
pas de mouvement à faire wesh x)
Utlisiation de l'interactive (id : 478272,skill : 151074)
Checking pods ...
no best match on i =38 : 43
Gathering element :{id : 478251 , cellid : 373 }
Mouvement vers l'interactive sur la cellule : 373=386
Exectution du trajet vers l'interactive .
[ 494, 481, 467, 454, 440, 427, 413, 400, 386 ]
Sending map request !
Checking pods ...
MapMovement received !
Confirmation du movement dans : 2040(9 cells)
Confirmations du mouvement dans 2040ms
Mouvement confirmée !
Utlisiation de l'interactive (id : 478251,skill : 151067)
no best match on i =38 : 43
Gathering element :{id : 478240 , cellid : 332 }
Mouvement vers l'interactive sur la cellule : 332=346
Exectution du trajet vers l'interactive .
[ 386, 373, 359, 346 ]
Sending map request !
Checking pods ...
MapMovement received !
Confirmation du movement dans : 765(4 cells)
Confirmations du mouvement dans 765ms
Mouvement confirmée !
Utlisiation de l'interactive (id : 478240,skill : 151063)
no best match on i =38 : 43
no best match on i =43 : 43
Plus de ressources à récolter disponibles , on passe à la map suivante .
[DEBUG] Path calculated {source : 346=346 , target : 531=531} , let's process it !
[ 346, 360, 388, 416, 444, 459, 473, 488, 502, 517, 531 ]
Sending map request !
[Aucun groupe:0:info][Trajet]Changement de carte sur une cellule aléatoire .
Checking pods ...
MapMovement received !
Confirmation du movement dans : 1560(11 cells)
Confirmations du mouvement dans 1560ms
Mouvement confirmée !
Key movements proccesed !
Movement ok 
[Sync]Processing ...
[Sync]Ready to process !
[Sync]Trajet ready ...
Checking pods ...
[DEBUG] Bot state set to : READY .
[Aucun groupe:0:info][Trajet]Execution map 84675846 .
Gathering element :{id : 478213 , cellid : 128 }
Mouvement vers l'interactive sur la cellule : 128=142
Exectution du trajet vers l'interactive .
[ 518,
  505,
  477,
  449,
  421,
  393,
  365,
  337,
  309,
  281,
  253,
  225,
  211,
  183,
  155,
  142 ]
Sending map request !
[Aucun groupe:0:info][Trajet]Execution de la récolte...
MapMovement received !
Confirmation du movement dans : 2805(16 cells)
Confirmations du mouvement dans 2805ms
Mouvement confirmée !
Utlisiation de l'interactive (id : 478213,skill : 151079)
no best match on i =38 : 43
no best match on i =43 : 43
Plus de ressources à récolter disponibles , on passe à la map suivante .
[DEBUG] Path calculated {source : 142=142 , target : 547=547} , let's process it !
[ 142,
  170,
  198,
  226,
  254,
  282,
  310,
  338,
  366,
  394,
  422,
  450,
  478,
  506,
  519,
  547 ]
Sending map request !
[Aucun groupe:0:info][Trajet]Changement de carte sur une cellule aléatoire .
Checking pods ...
MapMovement received !
Confirmation du movement dans : 2635(16 cells)
Confirmations du mouvement dans 2635ms
Mouvement confirmée !
Key movements proccesed !
Movement ok 
[Sync]Processing ...
[Sync]Ready to process !
[Sync]Trajet ready ...
Checking pods ...
[DEBUG] Bot state set to : READY .
[Aucun groupe:0:info][Trajet]Execution map 84675845 .
Gathering element :{id : 478180 , cellid : 148 }
Mouvement vers l'interactive sur la cellule : 148=147
Exectution du trajet vers l'interactive .
[ 15, 30, 44, 59, 73, 88, 102, 117, 118, 132, 147 ]
Sending map request !
[Aucun groupe:0:info][Trajet]Execution de la récolte...
MapMovement received !
Confirmation du movement dans : 1520(11 cells)
Confirmations du mouvement dans 1520ms
Mouvement confirmée !
Utlisiation de l'interactive (id : 478180,skill : 151218)
Gathering element :{id : 478175 , cellid : 107 }
Mouvement vers l'interactive sur la cellule : 107=106
Exectution du trajet vers l'interactive .
[ 147, 133, 120, 106 ]
Sending map request !
Checking pods ...
MapMovement received !
Confirmation du movement dans : 765(4 cells)
Confirmations du mouvement dans 765ms
Mouvement confirmée !
Utlisiation de l'interactive (id : 478175,skill : 151211)
Gathering element :{id : 478164 , cellid : 502 }
Mouvement vers l'interactive sur la cellule : 502=488
Exectution du trajet vers l'interactive .
[ 106,
  134,
  149,
  177,
  205,
  233,
  261,
  275,
  290,
  318,
  332,
  360,
  375,
  389,
  404,
  432,
  460,
  488 ]
Sending map request !
Checking pods ...
MapMovement received !
Confirmation du movement dans : 2750(18 cells)
Confirmations du mouvement dans 2750ms
Mouvement confirmée !
Utlisiation de l'interactive (id : 478164,skill : 151238)
Gathering element :{id : 478163 , cellid : 517 }
Mouvement vers l'interactive sur la cellule : 517=502
Exectution du trajet vers l'interactive .
[ 488, 502 ]
Sending map request !
Checking pods ...
MapMovement received !
Confirmation du movement dans : 425(2 cells)
Confirmations du mouvement dans 425ms
Mouvement confirmée !
Utlisiation de l'interactive (id : 478163,skill : 151240)
Gathering element :{id : 478165 , cellid : 516 }
Mouvement vers l'interactive sur la cellule : 516=502
Exectution du trajet vers l'interactive .
pas de mouvement à faire wesh x)
Utlisiation de l'interactive (id : 478165,skill : 151239)
Checking pods ...
no best match on i =38 : 43
Gathering element :{id : 478178 , cellid : 162 }
Mouvement vers l'interactive sur la cellule : 162=190
Exectution du trajet vers l'interactive .
[ 502,
  488,
  460,
  432,
  404,
  389,
  375,
  347,
  332,
  304,
  290,
  262,
  247,
  219,
  205,
  190 ]
Sending map request !
Checking pods ...
MapMovement received !
Confirmation du movement dans : 2390(16 cells)
Confirmations du mouvement dans 2390ms
Mouvement confirmée !
Utlisiation de l'interactive (id : 478178,skill : 151220)
Gathering element :{id : 478173 , cellid : 66 }
Mouvement vers l'interactive sur la cellule : 66=94
Exectution du trajet vers l'interactive .
[ 190, 162, 149, 121, 107, 94 ]
Sending map request !
Checking pods ...
MapMovement received !
Confirmation du movement dans : 1105(6 cells)
Confirmations du mouvement dans 1105ms
Mouvement confirmée !
Utlisiation de l'interactive (id : 478173,skill : 151204)
no best match on i =38 : 43
Gathering element :{id : 478171 , cellid : 122 }
Mouvement vers l'interactive sur la cellule : 122=94
Exectution du trajet vers l'interactive .
pas de mouvement à faire wesh x)
Utlisiation de l'interactive (id : 478171,skill : 151214)
Checking pods ...
no best match on i =38 : 43
Gathering element :{id : 478176 , cellid : 121 }
Mouvement vers l'interactive sur la cellule : 121=107
Exectution du trajet vers l'interactive .
[ 94, 107 ]
Sending map request !
Checking pods ...
MapMovement received !
Confirmation du movement dans : 510(2 cells)
Confirmations du mouvement dans 510ms
Mouvement confirmée !
Utlisiation de l'interactive (id : 478176,skill : 151213)
no best match on i =38 : 43
Gathering element :{id : 478177 , cellid : 93 }
Mouvement vers l'interactive sur la cellule : 93=107
Exectution du trajet vers l'interactive .
pas de mouvement à faire wesh x)
Utlisiation de l'interactive (id : 478177,skill : 151208)
Checking pods ...
no best match on i =38 : 43
Gathering element :{id : 478174 , cellid : 135 }
Mouvement vers l'interactive sur la cellule : 135=107
Exectution du trajet vers l'interactive .
pas de mouvement à faire wesh x)
Utlisiation de l'interactive (id : 478174,skill : 151217)
Checking pods ...
no best match on i =38 : 43
Gathering element :{id : 478179 , cellid : 134 }
Mouvement vers l'interactive sur la cellule : 134=121
Exectution du trajet vers l'interactive .
[ 107, 121 ]
Sending map request !
Checking pods ...
MapMovement received !
Confirmation du movement dans : 510(2 cells)
Confirmations du mouvement dans 510ms
Mouvement confirmée !
Utlisiation de l'interactive (id : 478179,skill : 151216)
Sequence ready !
no best match on i =38 : 43
Gathering element :{id : 478170 , cellid : 150 }
Mouvement vers l'interactive sur la cellule : 150=135
Exectution du trajet vers l'interactive .
[ 121, 135 ]
Sending map request !
Checking pods ...
MapMovement received !
Confirmation du movement dans : 425(2 cells)
Confirmations du mouvement dans 425ms
Mouvement confirmée !
Utlisiation de l'interactive (id : 478170,skill : 151219)
no best match on i =38 : 43
Gathering element :{id : 478181 , cellid : 120 }
Mouvement vers l'interactive sur la cellule : 120=121
Exectution du trajet vers l'interactive .
[ 135, 121 ]
Sending map request !
Checking pods ...
MapMovement received !
Confirmation du movement dans : 425(2 cells)
Confirmations du mouvement dans 425ms
Mouvement confirmée !
Utlisiation de l'interactive (id : 478181,skill : 151212)
no best match on i =38 : 43
Gathering element :{id : 478182 , cellid : 133 }
Mouvement vers l'interactive sur la cellule : 133=134
Exectution du trajet vers l'interactive .
[ 121, 134 ]
Sending map request !
Checking pods ...
[Aucun groupe:0:info][FightManager]Debut du combat !
[Ia]Default loaded !
{"call":"global-state-request"}
Server request for state ...
{"call":"global-state-request"}
Server request for state ...
Detection d'un NoMovement . AVADANTIBUGADABRA !
Trajet arrêté .
Mouvement vers l'interactive échoué .
no best match on i =38 : 43
Gathering element :{id : 478182 , cellid : 133 }
Mouvement vers l'interactive sur la cellule : 133=134
Exectution du trajet vers l'interactive .
[ 121, 134 ]
Sending map request !
[Sync]Reconnection en combat presumer le 226 est vide !
Detection d'un NoMovement . AVADANTIBUGADABRA !
Trajet arrêté .
Mouvement vers l'interactive échoué .
no best match on i =38 : 43
Gathering element :{id : 478182 , cellid : 133 }
Mouvement vers l'interactive sur la cellule : 133=134
Exectution du trajet vers l'interactive .
[ 121, 134 ]
Sending map request !
[Sync]Reconnection en combat presumer le 226 est vide !
Detection d'un NoMovement . AVADANTIBUGADABRA !
Trajet arrêté .
Mouvement vers l'interactive échoué .
no best match on i =38 : 43
Gathering element :{id : 478182 , cellid : 133 }
Mouvement vers l'interactive sur la cellule : 133=134
Exectution du trajet vers l'interactive .
[ 121, 134 ]
Sending map request !
[Sync]Reconnection en combat presumer le 226 est vide !
Detection d'un NoMovement . AVADANTIBUGADABRA !
Trajet arrêté .
Mouvement vers l'interactive échoué .
no best match on i =38 : 43
Gathering element :{id : 478182 , cellid : 133 }
Mouvement vers l'interactive sur la cellule : 133=134
Exectution du trajet vers l'interactive .
[ 121, 134 ]
Sending map request !
[Sync]Reconnection en combat presumer le 226 est vide !
Detection d'un NoMovement . AVADANTIBUGADABRA !
Trajet arrêté .
Mouvement vers l'interactive échoué .
no best match on i =38 : 43
Gathering element :{id : 478182 , cellid : 133 }
Mouvement vers l'interactive sur la cellule : 133=134
Exectution du trajet vers l'interactive .
[ 121, 134 ]
Sending map request !
[Sync]Reconnection en combat presumer le 226 est vide !
Detection d'un NoMovement . AVADANTIBUGADABRA !
Trajet arrêté .
Mouvement vers l'interactive échoué .
no best match on i =38 : 43
Gathering element :{id : 478182 , cellid : 133 }
Mouvement vers l'interactive sur la cellule : 133=134
Exectution du trajet vers l'interactive .
[ 121, 134 ]
Sending map request !
[Sync]Reconnection en combat presumer le 226 est vide !
Detection d'un NoMovement . AVADANTIBUGADABRA !
Trajet arrêté .
Mouvement vers l'interactive échoué .
no best match on i =38 : 43
Gathering element :{id : 478182 , cellid : 133 }
Mouvement vers l'interactive sur la cellule : 133=134
Exectution du trajet vers l'interactive .
[ 121, 134 ]
Sending map request !
[Sync]Reconnection en combat presumer le 226 est vide !
Detection d'un NoMovement . AVADANTIBUGADABRA !
Trajet arrêté .
Mouvement vers l'interactive échoué .
no best match on i =38 : 43
Gathering element :{id : 478182 , cellid : 133 }
Mouvement vers l'interactive sur la cellule : 133=134
Exectution du trajet vers l'interactive .
[ 121, 134 ]
Sending map request !
[Sync]Reconnection en combat presumer le 226 est vide !
[Sync]Processing ...
[Sync]Ready to process !
[Sync]Impossible d'executer les taches, on est pas en roleplay !
[Sync]Trajet ready ...
Checking pods ...
[DEBUG] Bot state set to : READY .
Detection d'un NoMovement . AVADANTIBUGADABRA !
Trajet arrêté .
Mouvement vers l'interactive échoué .
no best match on i =38 : 43
Gathering element :{id : 478182 , cellid : 133 }
Mouvement vers l'interactive sur la cellule : 133=134
Exectution du trajet vers l'interactive .
[ 121, 134 ]
Sending map request !
[Sync]Processing ...
[Sync]Ready to process !
[Sync]Trajet ready ...
Checking pods ...
[DEBUG] Bot state set to : READY .
[Sync]Reconnection en combat presumer le 226 est vide !
Detection d'un NoMovement . AVADANTIBUGADABRA !
Trajet arrêté .
Mouvement vers l'interactive échoué .
