Server request connecting ...
{"assetsUrl":"https://ankama.akamaized.net/games/dofus-tablette/assets/2.15.15","analytics":{"wizAnalytics":{"localytics":{"token":"9f0bf865fd57d22f0bbea56-cd08f12a-8138-11e5-7c24-00736b041834","options":{"sessionTimeoutSeconds":60,"namespace":"dofus-production"}}},"ankAnalytics":{"debug":false,"analog":false,"useUrlMap":true}},"adjust":{"appToken":"7j60imkfu60w","environment":"EnvironmentProduction"},"logging":{"groups":false,"logLevels":{"time":0,"verbose":0,"debug":1,"info":2,"notice":3,"warning":4,"error":5,"critical":6,"alert":7,"emergency":8},"config":{"console":["none"],"server":["error","critical","alert","emergency"]},"disableOverride":false},"dataUrl":"https://proxyconnection.touch.dofus.com","haapi":{"id":18,"url":"https://haapi.ankama.com/json/Ankama/v2"},"serverLanguages":["en","de","es","fr","it","pt"],"failoverLanguage":"en","uiUrl":"https://proxyconnection.touch.dofus.com/assets","language":"en","sessionId":"7sHBq2cGND3vUzbV"}
Config loaded !
{"key":"b630619f-ae82-4ab3-a0f5-304e74087d54","account_id":108104299,"ip":"92.170.38.64","added_date":"2017-02-21T16:40:31+01:00","meta":[],"data":{},"access":[],"refresh_token":null,"expiration_date":"2017-02-21T19:40:31+01:00"}
Api key : b630619f-ae82-4ab3-a0f5-304e74087d54
Game token : f6bfe78314c091133e65a8d7b65e33f4
[Aucun groupe:0:info][processIdentification]...
Connecting to login server (https://proxyconnection.touch.dofus.com?STICKER=7sHBq2cGND3vUzbV) ...
Connection opened !
[Aucun groupe:0:info]Identification connection opened !
[Aucun groupe:0:info]1/2 in login queue...
[Aucun groupe:0:info]0/1 in login queue...
[Aucun groupe:0:info]Identification success (1465968706075491059) !
[Aucun groupe:0:info]Servers list received !
[Aucun groupe:0:info][processServerSelection]...
[Aucun groupe:0:info]Request for server infos (id : 407) ...
Prmus close connection !
migrating...
Connection opened !
[Aucun groupe:0:info]Game connection opened !
[Aucun groupe:0:success][processServerSelection]OK
[Aucun groupe:0:info][processsCharacterSelection]...
[Aucun groupe:0:info]Request for characters ...
[Aucun groupe:0:info]Selecting frist character (Nelphield) ...
[Aucun groupe:0:info][Inventory]Object : 132584226 selected for regen !
[Aucun groupe:0:info][Inventory]Object : 132584227 selected for regen !
[Aucun groupe:0:info][Inventory]Object : 132584228 selected for regen !
[Aucun groupe:0:info][Inventory]Object : 132584229 selected for regen !
Checking pods ...
[Aucun groupe:0:info][Inventory]Full pods !
Sequence ready !
[Aucun groupe:0:info][Infos]Welcome to DOFUS, and welcome to the World of Twelve! 
Remember that it is <b>strictly forbidden</b> to disclose your account name or password.
[Aucun groupe:0:info][Infos]You have recovered <b>900</b> energy points.
[InventoryManager]Items infos loaded !
{"call":"global-state-request"}
Server request for state ...
-----------Map updated---------------
[Sync]Processing ...
[Sync]Ready to process !
[Sync]Trajet ready ...
[Trajet]No trajet loaded !
{"call":"global-state-request"}
Server request for state ...
{"call":"update-fight-max-fighters","data":6}
[botData]Config for Nelphield saved !
{"call":"update-fight-min-fighters","data":1}
[botData]Config for Nelphield saved !
{"call":"update-fight-mode","data":null}
{"call":"set-ia-type","data":"default"}
[botData]Config for Nelphield saved !
[mainProcessFrame]IA updated to default
{"call":"spells-request"}
[{"id":"0","name":"Coup de poing","level":1,"inPile":false},{"id":"161","name":"Flèche Magique","level":5,"inPile":true,"index":"2","type":0},{"id":"162","name":"Tir Critique","level":1,"inPile":false},{"id":"163","name":"Flèche Glacée","level":1,"inPile":false},{"id":"164","name":"Flèche Empoisonnée","level":1,"inPile":false},{"id":"165","name":"Flèche Enflammée","level":1,"inPile":true,"index":"1","type":0},{"id":"167","name":"Flèche d'Expiation","level":1,"inPile":false},{"id":"168","name":"Oeil de Taupe","level":1,"inPile":true,"index":"0","type":1},{"id":"169","name":"Flèche de Recul","level":1,"inPile":false},{"id":"172","name":"Tir Eloigné","level":1,"inPile":false}]
[mainProcessFrame]Spells sended to ui
Unknow game context remove element {"_messageType":"GameContextRemoveElementMessage","id":-6,"_isInitialized":true}
[INACTIVITY] Soft debug on corbeaubot3 .
[Sync]Processing ...
[Sync]Ready to process !
[Sync]Trajet ready ...
[Trajet]No trajet loaded !
Unknow game context remove element {"_messageType":"GameContextRemoveElementMessage","id":-5,"_isInitialized":true}
[INACTIVITY] Soft debug on corbeaubot3 .
[Sync]Processing ...
[Sync]Ready to process !
[Sync]Trajet ready ...
[Trajet]No trajet loaded !
[INACTIVITY] Soft debug on corbeaubot3 .
[Sync]Processing ...
[Sync]Ready to process !
[Sync]Trajet ready ...
[Trajet]No trajet loaded !
{"call":"global-state-request"}
Server request for state ...
[INACTIVITY] Soft debug on corbeaubot3 .
[Sync]Processing ...
[Sync]Ready to process !
[Sync]Trajet ready ...
[Trajet]No trajet loaded !
[INACTIVITY] Soft debug on corbeaubot3 .
[Sync]Processing ...
[Sync]Ready to process !
[Sync]Trajet ready ...
[Trajet]No trajet loaded !
[INACTIVITY] Soft debug on corbeaubot3 .
[Sync]Processing ...
[Sync]Ready to process !
[Sync]Trajet ready ...
[Trajet]No trajet loaded !
[INACTIVITY] Soft debug on corbeaubot3 .
[Sync]Processing ...
[Sync]Ready to process !
[Sync]Trajet ready ...
[Trajet]No trajet loaded !
[INACTIVITY] Soft debug on corbeaubot3 .
[Sync]Processing ...
[Sync]Ready to process !
[Sync]Trajet ready ...
[Trajet]No trajet loaded !
[INACTIVITY] Soft debug on corbeaubot3 .
[Sync]Processing ...
[Sync]Ready to process !
[Sync]Trajet ready ...
[Trajet]No trajet loaded !
[INACTIVITY] Soft debug on corbeaubot3 .
[Sync]Processing ...
[Sync]Ready to process !
[Sync]Trajet ready ...
[Trajet]No trajet loaded !
Sequence ready !
[INACTIVITY] Soft debug on corbeaubot3 .
[Sync]Processing ...
[Sync]Ready to process !
[Sync]Trajet ready ...
[Trajet]No trajet loaded !
Unknow game context remove element {"_messageType":"GameContextRemoveElementMessage","id":-4,"_isInitialized":true}
