Server request connecting ...
Inventory : 0
Adding jobs handlers .
TypeError: Cannot read property 'connection' of undefined
    at exports.JobsManager.addHandlers (C:\Users\Zakaria\Desktop\KingTouch\KingToutchManager\king-touch-src\engine\managers\jobsManager.js:12:10)
    at new exports.JobsManager (C:\Users\Zakaria\Desktop\KingTouch\KingToutchManager\king-touch-src\engine\managers\jobsManager.js:6:7)
    at new exports.BotData (C:\Users\Zakaria\Desktop\KingTouch\KingToutchManager\king-touch-src\engine\botData.js:29:24)
    at new exports.Bot (C:\Users\Zakaria\Desktop\KingTouch\KingToutchManager\king-touch-src\engine\bot.js:28:14)
    at EventEmitter.exports.connect (C:\Users\Zakaria\Desktop\KingTouch\KingToutchManager\king-touch-src\engine\botManager.js:18:23)
    at EventEmitter.exports.on (C:\Users\Zakaria\Desktop\KingTouch\KingToutchManager\king-touch-src\mainProcessFrame.js:65:7)
    at emitOne (events.js:96:13)
    at EventEmitter.emit (events.js:188:7)
    at WebSocket.processSocket.on (C:\Users\Zakaria\Desktop\KingTouch\KingToutchManager\king-touch-src\mainProcessFrame.js:52:21)
    at emitTwo (events.js:106:13)
{"assetsUrl":"https://ankama.akamaized.net/games/dofus-tablette/assets/2.15.15","analytics":{"wizAnalytics":{"localytics":{"token":"9f0bf865fd57d22f0bbea56-cd08f12a-8138-11e5-7c24-00736b041834","options":{"sessionTimeoutSeconds":60,"namespace":"dofus-production"}}},"ankAnalytics":{"debug":false,"analog":false,"useUrlMap":true}},"adjust":{"appToken":"7j60imkfu60w","environment":"EnvironmentProduction"},"logging":{"groups":false,"logLevels":{"time":0,"verbose":0,"debug":1,"info":2,"notice":3,"warning":4,"error":5,"critical":6,"alert":7,"emergency":8},"config":{"console":["none"],"server":["error","critical","alert","emergency"]},"disableOverride":false},"dataUrl":"https://proxyconnection.touch.dofus.com","haapi":{"id":18,"url":"https://haapi.ankama.com/json/Ankama/v2"},"serverLanguages":["en","de","es","fr","it","pt"],"failoverLanguage":"en","uiUrl":"https://proxyconnection.touch.dofus.com/assets","language":"en","sessionId":"8zwygUL1WPHRsk+V"}
Config loaded !
{"key":"f1301af1-2cb1-4fe6-a41f-41c07dad46db","account_id":112984462,"ip":"41.141.138.119","added_date":"2017-02-18T23:33:41+01:00","meta":[],"data":{},"access":[],"refresh_token":null,"expiration_date":"2017-02-19T02:33:41+01:00"}
Api key : f1301af1-2cb1-4fe6-a41f-41c07dad46db
Game token : 7135f3b10e951c4626835aba13018fc7
[Aucun groupe:0:info][processIdentification]...
Connecting to login server (https://proxyconnection.touch.dofus.com?STICKER=8zwygUL1WPHRsk%2BV) ...
Connection opened !
[Aucun groupe:0:info]Identification connection opened !
[Aucun groupe:0:info]2/2 in login queue...
[Aucun groupe:0:info]0/0 in login queue...
[Aucun groupe:0:error][processIdentification]{"_messageType":"IdentificationFailedMessage","reason":2,"_isInitialized":true}
Prmus close connection !
[Aucun groupe:0:info]<span color="red">Connection closed, reloading client ...</span>
Session for zahidsacri exported !
[INACTIVITY] Soft debug on zahidsacri .
**Trajet execution canceled !**
