Server request connecting ...
Inventory : 0
{"assetsUrl":"https://ankama.akamaized.net/games/dofus-tablette/assets/2.15.15","analytics":{"wizAnalytics":{"localytics":{"token":"9f0bf865fd57d22f0bbea56-cd08f12a-8138-11e5-7c24-00736b041834","options":{"sessionTimeoutSeconds":60,"namespace":"dofus-production"}}},"ankAnalytics":{"debug":false,"analog":false,"useUrlMap":true}},"adjust":{"appToken":"7j60imkfu60w","environment":"EnvironmentProduction"},"logging":{"groups":false,"logLevels":{"time":0,"verbose":0,"debug":1,"info":2,"notice":3,"warning":4,"error":5,"critical":6,"alert":7,"emergency":8},"config":{"console":["none"],"server":["error","critical","alert","emergency"]},"disableOverride":false},"dataUrl":"https://proxyconnection.touch.dofus.com","haapi":{"id":18,"url":"https://haapi.ankama.com/json/Ankama/v2"},"serverLanguages":["en","de","es","fr","it","pt"],"failoverLanguage":"en","uiUrl":"https://proxyconnection.touch.dofus.com/assets","language":"en","sessionId":"NCnMDJqfWmVXat7k"}
Config loaded !
{"key":"6db3bd77-0b2e-4c7a-9d17-66f0ab3d8799","account_id":112984462,"ip":"105.157.44.165","added_date":"2017-02-19T13:27:21+01:00","meta":[],"data":{},"access":[],"refresh_token":null,"expiration_date":"2017-02-19T16:27:21+01:00"}
Api key : 6db3bd77-0b2e-4c7a-9d17-66f0ab3d8799
Game token : 63db7013234b10bd4561ce06a3e56074
[Aucun groupe:0:info][processIdentification]...
Connecting to login server (https://proxyconnection.touch.dofus.com?STICKER=NCnMDJqfWmVXat7k) ...
Connection opened !
[Aucun groupe:0:info]Identification connection opened !
[Aucun groupe:0:info]3/3 in login queue...
[Aucun groupe:0:info]2/2 in login queue...
[Aucun groupe:0:info]0/1 in login queue...
[Aucun groupe:0:info]Identification success (1465968706065366411) !
[Aucun groupe:0:info]Servers list received !
[Aucun groupe:0:info][processServerSelection]...
[Aucun groupe:0:info]Request for server infos (id : 403) ...
Prmus close connection !
migrating...
[Primus error]Error: xhr poll error
[Primus reconnect]{"reconnect timeout":30000,"retries":10,"factor":2,"max":null,"min":500,"start":1487507244817,"duration":501,"attempt":1,"backoff":false,"scheduled":500}
[Aucun groupe:0:info]<span color="red">Connection closed, reloading client ...</span>
Session for zahidsacri exported !
[Prmius reconnected]
Connection opened !
[Aucun groupe:0:info]Game connection opened !
[Aucun groupe:0:success][processServerSelection]OK
[Aucun groupe:0:info][processsCharacterSelection]...
[Aucun groupe:0:info]Request for characters ...
[Aucun groupe:0:info]Selecting frist character (Miss-Lagertha) ...
[Aucun groupe:0:info][Inventory]Object : 129918289 selected for regen !
[Aucun groupe:0:info][Inventory]Object : 129918290 selected for regen !
[Aucun groupe:0:info][Inventory]Object : 129918291 selected for regen !
[Aucun groupe:0:info][Inventory]Object : 129918292 selected for regen !
[InventoryManager]Items infos loaded !
