'Message sent :'
'connecting'
{ appVersion: '1.9.27',
  buildVersion: '0.60.0',
  client: 'android',
  language: 'en',
  server: 'login' }
'Packet Received : '
{ _messageType: 'ProtocolRequired',
  requiredVersion: 1534,
  currentVersion: 1547,
  _isInitialized: true }
'Packet Received : '
{ _messageType: 'HelloConnectMessage',
  salt: 'izcpoxyt=wU]f.jhdhp+F0B+k3Zs!/&3',
  key: 
   [ 95,
     -64,
     -6,
     -10,
     -61,
     -1,
     -73,
     -125,
     72,
     -99,
     -49,
     12,
     -49,
     -14,
     -56,
     -111,
     -128,
     -93,
     -57,
     20,
     -46,
     59,
     80,
     -93,
     -83,
     -81,
     124,
     121,
     95,
     -64,
     111,
     -3,
     63,
     3,
     24,
     -62,
     22,
     -67,
     57,
     -60,
     -34,
     -4,
     86,
     -53,
     -53,
     24,
     -64,
     52,
     -32,
     55,
     -1,
     47,
     -53,
     19,
     46,
     98,
     -74,
     113,
     -42,
     -19,
     -25,
     -75,
     -15,
     -98,
     -110,
     68,
     -119,
     31,
     -127,
     -27,
     -11,
     78,
     -103,
     -49,
     48,
     -59,
     -63,
     -79,
     94,
     1,
     -96,
     5,
     104,
     -111,
     -11,
     -66,
     101,
     -33,
     -56,
     46,
     113,
     -116,
     -98,
     -74,
     30,
     15,
     -71,
     111,
     17,
     -12,
     ... 205 more items ],
  _isInitialized: true }
'Message sent :'
'checkAssetsVersion'
{ assetsVersion: '2.15.15', staticDataVersion: '25' }
'Packet Received : '
{ assetsVersion: null,
  staticDataVersion: null,
  _messageType: 'assetsVersionChecked' }
'Message sent :'
'login'
{ username: 'zahidsacri',
  token: '9975235825285e6733e33d26103b4244',
  salt: 'izcpoxyt=wU]f.jhdhp+F0B+k3Zs!/&3',
  key: 
   [ 95,
     -64,
     -6,
     -10,
     -61,
     -1,
     -73,
     -125,
     72,
     -99,
     -49,
     12,
     -49,
     -14,
     -56,
     -111,
     -128,
     -93,
     -57,
     20,
     -46,
     59,
     80,
     -93,
     -83,
     -81,
     124,
     121,
     95,
     -64,
     111,
     -3,
     63,
     3,
     24,
     -62,
     22,
     -67,
     57,
     -60,
     -34,
     -4,
     86,
     -53,
     -53,
     24,
     -64,
     52,
     -32,
     55,
     -1,
     47,
     -53,
     19,
     46,
     98,
     -74,
     113,
     -42,
     -19,
     -25,
     -75,
     -15,
     -98,
     -110,
     68,
     -119,
     31,
     -127,
     -27,
     -11,
     78,
     -103,
     -49,
     48,
     -59,
     -63,
     -79,
     94,
     1,
     -96,
     5,
     104,
     -111,
     -11,
     -66,
     101,
     -33,
     -56,
     46,
     113,
     -116,
     -98,
     -74,
     30,
     15,
     -71,
     111,
     17,
     -12,
     ... 205 more items ] }
'Packet Received : '
{ _messageType: 'LoginQueueStatusMessage',
  position: 3,
  total: 3,
  _isInitialized: true }
'Packet Received : '
{ _messageType: 'CredentialsAcknowledgementMessage' }
'Packet Received : '
{ _messageType: 'LoginQueueStatusMessage',
  position: 2,
  total: 2,
  _isInitialized: true }
'Packet Received : '
{ _messageType: 'LoginQueueStatusMessage',
  position: 0,
  total: 0,
  _isInitialized: true }
'Packet Received : '
{ _messageType: 'LoginQueueStatusMessage',
  position: 0,
  total: 0,
  _isInitialized: true }
'Packet Received : '
{ _messageType: 'IdentificationSuccessMessage',
  login: '1465968706065606680',
  nickname: 'XxXVikingsXxX',
  accountId: 112984462,
  communityId: 0,
  hasRights: false,
  secretQuestion: '',
  subscriptionEndDate: 0,
  wasAlreadyConnected: false,
  accountCreation: 1482954291000,
  _isInitialized: true }
'Packet Received : '
{ _messageType: 'ServersListMessage',
  servers: 
   [ { _type: 'GameServerInformations',
       id: 405,
       status: 3,
       completion: 0,
       isSelectable: true,
       charactersCount: 0,
       date: 0,
       _name: 'Herdegrize',
       _gameTypeId: 0 },
     { _type: 'GameServerInformations',
       id: 407,
       status: 3,
       completion: 0,
       isSelectable: false,
       charactersCount: 0,
       date: 0,
       _name: 'Brutas',
       _gameTypeId: 0 },
     { _type: 'GameServerInformations',
       id: 404,
       status: 3,
       completion: 0,
       isSelectable: true,
       charactersCount: 0,
       date: 0,
       _name: 'Terra Cogita',
       _gameTypeId: 0 },
     { _type: 'GameServerInformations',
       id: 401,
       status: 3,
       completion: 0,
       isSelectable: true,
       charactersCount: 0,
       date: 0,
       _name: 'Grandapan',
       _gameTypeId: 0 },
     { _type: 'GameServerInformations',
       id: 406,
       status: 3,
       completion: 0,
       isSelectable: true,
       charactersCount: 0,
       date: 0,
       _name: 'Dodge',
       _gameTypeId: 0 },
     { _type: 'GameServerInformations',
       id: 403,
       status: 3,
       completion: 0,
       isSelectable: true,
       charactersCount: 1,
       date: 1487511008202,
       _name: 'Oshimo',
       _gameTypeId: 0 } ],
  _isInitialized: true }
'Message sent :'
'sendMessage'
{ type: 'ServerSelectionMessage', data: { serverId: 403 } }
'Packet Received : '
{ _messageType: 'SelectedServerDataMessage',
  serverId: 403,
  address: '172.31.17.136',
  port: 5555,
  canCreateNewCharacter: true,
  ticket: 'fed352b373d79894cf1e6adb0743393d',
  _isInitialized: true,
  _access: 'https://oshimogameproxy.touch.dofus.com' }
'Message sent :'
'disconnecting'
'SWITCHING_TO_GAME'
'Message sent :'
'connecting'
{ appVersion: '1.9.27',
  buildVersion: '0.60.0',
  client: 'android',
  language: 'en',
  server: { address: '172.31.17.136', port: 5555, id: 403 } }
'Packet Received : '
{ _messageType: 'ProtocolRequired',
  requiredVersion: 1547,
  currentVersion: 1547,
  _isInitialized: true }
'Packet Received : '
{ _messageType: 'HelloGameMessage' }
'Message sent :'
'sendMessage'
{ type: 'AuthenticationTicketMessage',
  data: { ticket: 'fed352b373d79894cf1e6adb0743393d', lang: 'en' } }
'Packet Received : '
{ _messageType: 'BasicAckMessage',
  seq: 0,
  lastPacketId: 110,
  _isInitialized: true }
'Packet Received : '
{ _messageType: 'AuthenticationTicketRefusedMessage' }
'Packet Received : '
{ _messageType: 'SystemMessageDisplayMessage',
  hangUp: true,
  msgId: 30,
  parameters: [],
  _isInitialized: true,
  text: 'Login denied. \nYou could not be authenticated on this server because your log in attempt timed out.\nMake sure you stop all downloads and streaming videos or music to improve your connection speed.',
  title: 'Caution' }
'Packet Received : '
{ _messageType: 'BasicNoOperationMessage' }
'Packet Received : '
{ _messageType: 'serverDisconnecting', reason: 'SERVER_GONE' }
