'Message sent :'
'connecting'
{ appVersion: '1.9.27',
  buildVersion: '0.60.0',
  client: 'android',
  language: 'en',
  server: 'login' }
'Packet Received : '
{ _messageType: 'ProtocolRequired',
  requiredVersion: 1534,
  currentVersion: 1547,
  _isInitialized: true }
'Packet Received : '
{ _messageType: 'HelloConnectMessage',
  salt: 'izbruhcrta>!z)8,)o0bvBy;7S>JQb*{',
  key: 
   [ 116,
     -17,
     3,
     70,
     -63,
     83,
     -69,
     -94,
     2,
     63,
     -58,
     87,
     101,
     -128,
     -82,
     21,
     21,
     -34,
     121,
     123,
     65,
     124,
     -117,
     -38,
     -112,
     10,
     -101,
     -34,
     71,
     -47,
     66,
     35,
     -112,
     93,
     -88,
     33,
     -10,
     94,
     83,
     -71,
     41,
     -4,
     107,
     95,
     27,
     -83,
     49,
     112,
     94,
     122,
     -67,
     0,
     34,
     -89,
     70,
     69,
     -85,
     80,
     -60,
     -114,
     6,
     88,
     -105,
     -77,
     11,
     22,
     -24,
     -66,
     -53,
     66,
     -55,
     -46,
     41,
     -51,
     117,
     -20,
     -4,
     -33,
     -24,
     79,
     65,
     -5,
     119,
     122,
     41,
     102,
     -74,
     -102,
     -122,
     2,
     -77,
     -95,
     -123,
     -21,
     -37,
     63,
     53,
     103,
     -20,
     3,
     ... 205 more items ],
  _isInitialized: true }
'Message sent :'
'checkAssetsVersion'
{ assetsVersion: '2.15.15', staticDataVersion: '25' }
'Packet Received : '
{ assetsVersion: null,
  staticDataVersion: null,
  _messageType: 'assetsVersionChecked' }
'Message sent :'
'login'
{ username: 'zahidsacri',
  token: undefined,
  salt: 'izbruhcrta>!z)8,)o0bvBy;7S>JQb*{',
  key: 
   [ 116,
     -17,
     3,
     70,
     -63,
     83,
     -69,
     -94,
     2,
     63,
     -58,
     87,
     101,
     -128,
     -82,
     21,
     21,
     -34,
     121,
     123,
     65,
     124,
     -117,
     -38,
     -112,
     10,
     -101,
     -34,
     71,
     -47,
     66,
     35,
     -112,
     93,
     -88,
     33,
     -10,
     94,
     83,
     -71,
     41,
     -4,
     107,
     95,
     27,
     -83,
     49,
     112,
     94,
     122,
     -67,
     0,
     34,
     -89,
     70,
     69,
     -85,
     80,
     -60,
     -114,
     6,
     88,
     -105,
     -77,
     11,
     22,
     -24,
     -66,
     -53,
     66,
     -55,
     -46,
     41,
     -51,
     117,
     -20,
     -4,
     -33,
     -24,
     79,
     65,
     -5,
     119,
     122,
     41,
     102,
     -74,
     -102,
     -122,
     2,
     -77,
     -95,
     -123,
     -21,
     -37,
     63,
     53,
     103,
     -20,
     3,
     ... 205 more items ] }
