'Message sent :'
'connecting'
{ appVersion: '1.9.27',
  buildVersion: '0.60.0',
  client: 'android',
  language: 'en',
  server: 'login' }
'Packet Received : '
{ _messageType: 'ProtocolRequired',
  requiredVersion: 1534,
  currentVersion: 1547,
  _isInitialized: true }
'Packet Received : '
{ _messageType: 'HelloConnectMessage',
  salt: 'izcvc79gl+S{$?Gn-<>%#r.]L5$qtK@b',
  key: 
   [ 57,
     12,
     -29,
     -113,
     -55,
     -88,
     101,
     27,
     13,
     -125,
     -63,
     -90,
     -124,
     -5,
     1,
     -82,
     -111,
     100,
     -22,
     78,
     105,
     -42,
     -66,
     47,
     -85,
     80,
     12,
     119,
     -100,
     -31,
     17,
     122,
     92,
     7,
     45,
     -40,
     72,
     21,
     -85,
     81,
     -74,
     -50,
     -22,
     7,
     77,
     -36,
     93,
     -102,
     -33,
     -15,
     -94,
     -57,
     112,
     111,
     -107,
     -39,
     -117,
     -55,
     99,
     1,
     75,
     73,
     -113,
     -46,
     99,
     108,
     28,
     81,
     117,
     90,
     111,
     -91,
     52,
     91,
     95,
     -63,
     13,
     3,
     13,
     113,
     121,
     -106,
     -4,
     92,
     -125,
     62,
     73,
     25,
     22,
     -43,
     111,
     -8,
     73,
     77,
     44,
     -57,
     72,
     3,
     109,
     -80,
     ... 205 more items ],
  _isInitialized: true }
'Message sent :'
'checkAssetsVersion'
{ assetsVersion: '2.15.15', staticDataVersion: '25' }
'Packet Received : '
{ assetsVersion: null,
  staticDataVersion: null,
  _messageType: 'assetsVersionChecked' }
'Message sent :'
'login'
{ username: 'zahidsacri',
  token: '43c615cb5852b37ec8898ee7ca2e6f67',
  salt: 'izcvc79gl+S{$?Gn-<>%#r.]L5$qtK@b',
  key: 
   [ 57,
     12,
     -29,
     -113,
     -55,
     -88,
     101,
     27,
     13,
     -125,
     -63,
     -90,
     -124,
     -5,
     1,
     -82,
     -111,
     100,
     -22,
     78,
     105,
     -42,
     -66,
     47,
     -85,
     80,
     12,
     119,
     -100,
     -31,
     17,
     122,
     92,
     7,
     45,
     -40,
     72,
     21,
     -85,
     81,
     -74,
     -50,
     -22,
     7,
     77,
     -36,
     93,
     -102,
     -33,
     -15,
     -94,
     -57,
     112,
     111,
     -107,
     -39,
     -117,
     -55,
     99,
     1,
     75,
     73,
     -113,
     -46,
     99,
     108,
     28,
     81,
     117,
     90,
     111,
     -91,
     52,
     91,
     95,
     -63,
     13,
     3,
     13,
     113,
     121,
     -106,
     -4,
     92,
     -125,
     62,
     73,
     25,
     22,
     -43,
     111,
     -8,
     73,
     77,
     44,
     -57,
     72,
     3,
     109,
     -80,
     ... 205 more items ] }
'Packet Received : '
{ _messageType: 'CredentialsAcknowledgementMessage' }
'Packet Received : '
{ _messageType: 'IdentificationSuccessMessage',
  login: '1465968706066271855',
  nickname: 'XxXVikingsXxX',
  accountId: 112984462,
  communityId: 0,
  hasRights: false,
  secretQuestion: '',
  subscriptionEndDate: 0,
  wasAlreadyConnected: true,
  accountCreation: 1482954291000,
  _isInitialized: true }
'Packet Received : '
{ _messageType: 'ServersListMessage',
  servers: 
   [ { _type: 'GameServerInformations',
       id: 405,
       status: 3,
       completion: 0,
       isSelectable: true,
       charactersCount: 0,
       date: 0,
       _name: 'Herdegrize',
       _gameTypeId: 0 },
     { _type: 'GameServerInformations',
       id: 407,
       status: 3,
       completion: 0,
       isSelectable: false,
       charactersCount: 0,
       date: 0,
       _name: 'Brutas',
       _gameTypeId: 0 },
     { _type: 'GameServerInformations',
       id: 404,
       status: 3,
       completion: 0,
       isSelectable: true,
       charactersCount: 0,
       date: 0,
       _name: 'Terra Cogita',
       _gameTypeId: 0 },
     { _type: 'GameServerInformations',
       id: 401,
       status: 3,
       completion: 0,
       isSelectable: true,
       charactersCount: 0,
       date: 0,
       _name: 'Grandapan',
       _gameTypeId: 0 },
     { _type: 'GameServerInformations',
       id: 406,
       status: 3,
       completion: 0,
       isSelectable: true,
       charactersCount: 0,
       date: 0,
       _name: 'Dodge',
       _gameTypeId: 0 },
     { _type: 'GameServerInformations',
       id: 403,
       status: 3,
       completion: 0,
       isSelectable: true,
       charactersCount: 1,
       date: 1487520214837,
       _name: 'Oshimo',
       _gameTypeId: 0 } ],
  _isInitialized: true }
'Message sent :'
'sendMessage'
{ type: 'ServerSelectionMessage', data: { serverId: 403 } }
'Packet Received : '
{ _messageType: 'SelectedServerDataMessage',
  serverId: 403,
  address: '172.31.17.136',
  port: 5555,
  canCreateNewCharacter: true,
  ticket: '5cb5bc1d57e23bc3419995f9d9433681',
  _isInitialized: true,
  _access: 'https://oshimogameproxy.touch.dofus.com' }
'Message sent :'
'disconnecting'
'SWITCHING_TO_GAME'
'Message sent :'
'connecting'
{ appVersion: '1.9.27',
  buildVersion: '0.60.0',
  client: 'android',
  language: 'en',
  server: { address: '172.31.17.136', port: 5555, id: 403 } }
'Packet Received : '
{ _messageType: 'ProtocolRequired',
  requiredVersion: 1547,
  currentVersion: 1547,
  _isInitialized: true }
'Packet Received : '
{ _messageType: 'HelloGameMessage' }
'Message sent :'
'sendMessage'
{ type: 'AuthenticationTicketMessage',
  data: { ticket: '5cb5bc1d57e23bc3419995f9d9433681', lang: 'en' } }
'Packet Received : '
{ _messageType: 'BasicAckMessage',
  seq: 0,
  lastPacketId: 110,
  _isInitialized: true }
'Packet Received : '
{ _messageType: 'AuthenticationTicketAcceptedMessage' }
'Packet Received : '
{ _messageType: 'BasicTimeMessage',
  timestamp: 1487520586,
  timezoneOffset: 60,
  _isInitialized: true }
'Packet Received : '
{ _messageType: 'ServerSettingsMessage',
  lang: 'fr',
  community: 0,
  gameType: 0,
  _isInitialized: true }
'Packet Received : '
{ _messageType: 'ServerOptionalFeaturesMessage',
  features: [ 1, 2, 3, 5 ],
  _isInitialized: true }
'Packet Received : '
{ _messageType: 'ServerSessionConstantsMessage',
  variables: 
   [ { _type: 'ServerSessionConstantInteger', id: 1, value: 1500000 },
     { _type: 'ServerSessionConstantLong', id: 2, value: 7200000 },
     { _type: 'ServerSessionConstantInteger', id: 3, value: 30 },
     { _type: 'ServerSessionConstantLong', id: 4, value: 86400000 },
     { _type: 'ServerSessionConstantLong', id: 5, value: 60000 } ],
  _isInitialized: true }
'Packet Received : '
{ _messageType: 'AccountCapabilitiesMessage',
  accountId: 112984462,
  tutorialAvailable: true,
  breedsVisible: 32767,
  breedsAvailable: 32767,
  status: 0,
  _isInitialized: true }
'Packet Received : '
{ _messageType: 'TrustStatusMessage',
  trusted: true,
  _isInitialized: true }
'Packet Received : '
{ _messageType: 'BasicNoOperationMessage' }
'Message sent :'
'sendMessage'
{ type: 'CharactersListRequestMessage', data: undefined }
'Packet Received : '
{ _messageType: 'BasicAckMessage',
  seq: 1,
  lastPacketId: 150,
  _isInitialized: true }
'Packet Received : '
{ _messageType: 'QueueStatusMessage',
  position: 1,
  total: 1,
  _isInitialized: true }
'Packet Received : '
{ _messageType: 'QueueStatusMessage',
  position: 0,
  total: 0,
  _isInitialized: true }
'Packet Received : '
{ _messageType: 'BasicNoOperationMessage' }
'Packet Received : '
{ _messageType: 'QueueStatusMessage',
  position: 0,
  total: 0,
  _isInitialized: true }
'Packet Received : '
{ _messageType: 'CharactersListMessage',
  hasStartupActions: false,
  characters: 
   [ { _type: 'CharacterBaseInformations',
       id: 610200,
       level: 15,
       name: 'Miss-Lagertha',
       entityLook: [Object],
       breed: 11,
       sex: true } ],
  _isInitialized: true }
'Message sent :'
'sendMessage'
{ type: 'CharacterSelectionMessage', data: { id: 610200 } }
'Packet Received : '
{ _messageType: 'BasicAckMessage',
  seq: 2,
  lastPacketId: 152,
  _isInitialized: true }
'Packet Received : '
{ _messageType: 'BasicNoOperationMessage' }
'Packet Received : '
{ _messageType: 'QueueStatusMessage',
  position: 0,
  total: 0,
  _isInitialized: true }
'Packet Received : '
{ _messageType: 'NotificationListMessage',
  flags: [ 11517938 ],
  _isInitialized: true }
'Packet Received : '
{ _messageType: 'CharacterSelectedSuccessMessage',
  infos: 
   { _type: 'CharacterBaseInformations',
     id: 610200,
     level: 15,
     name: 'Miss-Lagertha',
     entityLook: 
      { _type: 'EntityLook',
        bonesId: 1,
        skins: [Object],
        indexedColors: [Object],
        scales: [Object],
        subentities: [] },
     breed: 11,
     sex: true },
  _isInitialized: true }
'Message sent :'
'sendMessage'
{ type: 'moneyGoultinesAmountRequest', data: undefined }
'Message sent :'
'sendMessage'
{ type: 'QuestListRequestMessage', data: undefined }
'Message sent :'
'sendMessage'
{ type: 'FriendsGetListMessage', data: undefined }
'Message sent :'
'sendMessage'
{ type: 'IgnoredGetListMessage', data: undefined }
'Message sent :'
'sendMessage'
{ type: 'SpouseGetInformationsMessage', data: undefined }
'Message sent :'
'sendMessage'
{ type: 'moneyGoultinesAmountRequest', data: undefined }
'Message sent :'
'sendMessage'
{ type: 'moneyGoultinesAmountRequest', data: undefined }
'Message sent :'
'sendMessage'
{ type: 'moneyGoultinesAmountRequest', data: undefined }
'Message sent :'
'bakSoftToHardCurrentRateRequest'
undefined
'Message sent :'
'bakHardToSoftCurrentRateRequest'
undefined
'Message sent :'
'kpiStartSession'
{ accountSessionId: '1465968706066271855', isSubscriber: false }
'Message sent :'
'sendMessage'
{ type: 'ClientKeyMessage',
  data: { key: 'y7gbgnW5RgLmwGfPvNKND' } }
'Message sent :'
'sendMessage'
{ type: 'GameContextCreateRequestMessage', data: undefined }
'Packet Received : '
{ _messageType: 'InventoryContentMessage',
  objects: 
   [ { _type: 'ObjectItem',
       position: 5,
       objectGID: 2476,
       effects: [Object],
       objectUID: 138971077,
       quantity: 1 },
     { _type: 'ObjectItem',
       position: 2,
       objectGID: 10785,
       effects: [Object],
       objectUID: 138971078,
       quantity: 1 },
     { _type: 'ObjectItem',
       position: 7,
       objectGID: 2473,
       effects: [Object],
       objectUID: 138971079,
       quantity: 1 },
     { _type: 'ObjectItem',
       position: 4,
       objectGID: 2475,
       effects: [Object],
       objectUID: 138971080,
       quantity: 1 },
     { _type: 'ObjectItem',
       position: 1,
       objectGID: 10797,
       effects: [Object],
       objectUID: 138971081,
       quantity: 1 },
     { _type: 'ObjectItem',
       position: 15,
       objectGID: 10798,
       effects: [Object],
       objectUID: 138971082,
       quantity: 1 },
     { _type: 'ObjectItem',
       position: 6,
       objectGID: 2474,
       effects: [Object],
       objectUID: 138971083,
       quantity: 1 },
     { _type: 'ObjectItem',
       position: 3,
       objectGID: 2477,
       effects: [Object],
       objectUID: 138971084,
       quantity: 1 },
     { _type: 'ObjectItem',
       position: 0,
       objectGID: 2478,
       effects: [Object],
       objectUID: 138971085,
       quantity: 1 },
     { _type: 'ObjectItem',
       position: 63,
       objectGID: 10792,
       effects: [Object],
       objectUID: 138971086,
       quantity: 1 },
     { _type: 'ObjectItem',
       position: 63,
       objectGID: 10793,
       effects: [Object],
       objectUID: 138971087,
       quantity: 2 },
     { _type: 'ObjectItem',
       position: 63,
       objectGID: 10795,
       effects: [Object],
       objectUID: 138971088,
       quantity: 1 },
     { _type: 'ObjectItem',
       position: 63,
       objectGID: 10796,
       effects: [Object],
       objectUID: 138971089,
       quantity: 1 },
     { _type: 'ObjectItem',
       position: 63,
       objectGID: 10801,
       effects: [Object],
       objectUID: 138971090,
       quantity: 1 },
     { _type: 'ObjectItem',
       position: 63,
       objectGID: 10794,
       effects: [Object],
       objectUID: 138971091,
       quantity: 1 },
     { _type: 'ObjectItem',
       position: 63,
       objectGID: 10800,
       effects: [Object],
       objectUID: 138971092,
       quantity: 1 },
     { _type: 'ObjectItem',
       position: 63,
       objectGID: 10799,
       effects: [Object],
       objectUID: 138971093,
       quantity: 1 },
     { _type: 'ObjectItem',
       position: 63,
       objectGID: 10784,
       effects: [Object],
       objectUID: 138971094,
       quantity: 1 },
     { _type: 'ObjectItem',
       position: 63,
       objectGID: 1008,
       effects: [],
       objectUID: 138971095,
       quantity: 1 },
     { _type: 'ObjectItem',
       position: 63,
       objectGID: 1009,
       effects: [],
       objectUID: 138971096,
       quantity: 1 },
     { _type: 'ObjectItem',
       position: 63,
       objectGID: 289,
       effects: [],
       objectUID: 138971097,
       quantity: 143 },
     { _type: 'ObjectItem',
       position: 63,
       objectGID: 400,
       effects: [],
       objectUID: 138971098,
       quantity: 43 },
     { _type: 'ObjectItem',
       position: 63,
       objectGID: 7942,
       effects: [Object],
       objectUID: 138971099,
       quantity: 1 },
     { _type: 'ObjectItem',
       position: 63,
       objectGID: 7941,
       effects: [Object],
       objectUID: 138971100,
       quantity: 1 } ],
  kamas: 30108,
  _isInitialized: true }
'Packet Received : '
{ _messageType: 'SetUpdateMessage',
  setId: 5,
  setObjects: [ 2476, 2473, 2475, 2474, 2477, 2478 ],
  setEffects: 
   [ { _type: 'ObjectEffectInteger', actionId: 126, value: 40 },
     { _type: 'ObjectEffectInteger', actionId: 124, value: 40 },
     { _type: 'ObjectEffectInteger', actionId: 123, value: 40 },
     { _type: 'ObjectEffectInteger', actionId: 119, value: 40 },
     { _type: 'ObjectEffectInteger', actionId: 125, value: 40 },
     { _type: 'ObjectEffectInteger', actionId: 118, value: 40 } ],
  _isInitialized: true }
'Packet Received : '
{ _messageType: 'SetUpdateMessage',
  setId: 150,
  setObjects: [ 10785, 10797, 10798 ],
  setEffects: 
   [ { _type: 'ObjectEffectInteger', actionId: 125, value: 3 },
     { _type: 'ObjectEffectInteger', actionId: 174, value: 3 } ],
  _isInitialized: true }
'Packet Received : '
{ _messageType: 'ShortcutBarContentMessage',
  barType: 0,
  shortcuts: [],
  _isInitialized: true }
'Packet Received : '
{ _messageType: 'ShortcutBarContentMessage',
  barType: 1,
  shortcuts: 
   [ { _type: 'ShortcutSpell', slot: 5, spellId: 449 },
     { _type: 'ShortcutSpell', slot: 2, spellId: 432 },
     { _type: 'ShortcutSpell', slot: 7, spellId: 437 },
     { _type: 'ShortcutSpell', slot: 4, spellId: 444 },
     { _type: 'ShortcutSpell', slot: 1, spellId: 431 },
     { _type: 'ShortcutSpell', slot: 6, spellId: 436 },
     { _type: 'ShortcutSpell', slot: 3, spellId: 434 },
     { _type: 'ShortcutSpell', slot: 0, spellId: 0 } ],
  _isInitialized: true }
'Packet Received : '
{ _messageType: 'EmoteListMessage',
  emoteIds: [ 1 ],
  _isInitialized: true }
'Packet Received : '
{ _messageType: 'JobDescriptionMessage',
  jobsDescription: [ { _type: 'JobDescription', jobId: 28, skills: [Object] } ],
  _isInitialized: true }
'Packet Received : '
{ _messageType: 'JobExperienceMultiUpdateMessage',
  experiencesUpdate: 
   [ { _type: 'JobExperience',
       jobId: 28,
       jobLevel: 23,
       jobXP: 10896,
       jobXpLevelFloor: 10875,
       jobXpNextLevelFloor: 11903 } ],
  _isInitialized: true }
'Packet Received : '
{ _messageType: 'JobCrafterDirectorySettingsMessage',
  craftersSettings: 
   [ { _type: 'JobCrafterDirectorySettings',
       jobId: 28,
       minSlot: 0,
       userDefinedParams: 0 } ],
  _isInitialized: true }
'Packet Received : '
{ _messageType: 'AlignmentRankUpdateMessage',
  alignmentRank: 0,
  verbose: false,
  _isInitialized: true }
'Packet Received : '
{ _messageType: 'PrismsListMessage',
  prisms: 
   [ { _type: 'PrismGeolocalizedInformation',
       subAreaId: 521,
       allianceId: 0,
       worldX: -16,
       worldY: -38,
       mapId: 139558,
       prism: [Object],
       enrichData: [Object] },
     { _type: 'PrismSubareaEmptyInfo', subAreaId: 499, allianceId: 0 },
     { _type: 'PrismSubareaEmptyInfo', subAreaId: 123, allianceId: 0 },
     { _type: 'PrismGeolocalizedInformation',
       subAreaId: 43,
       allianceId: 0,
       worldX: -37,
       worldY: -50,
       mapId: 150322,
       prism: [Object],
       enrichData: [Object] },
     { _type: 'PrismSubareaEmptyInfo', subAreaId: 477, allianceId: 0 },
     { _type: 'PrismSubareaEmptyInfo', subAreaId: 607, allianceId: 0 },
     { _type: 'PrismGeolocalizedInformation',
       subAreaId: 455,
       allianceId: 0,
       worldX: -51,
       worldY: 19,
       mapId: 63965953,
       prism: [Object],
       enrichData: [Object] },
     { _type: 'PrismGeolocalizedInformation',
       subAreaId: 103,
       allianceId: 0,
       worldX: 14,
       worldY: 15,
       mapId: 88087304,
       prism: [Object],
       enrichData: [Object] },
     { _type: 'PrismGeolocalizedInformation',
       subAreaId: 520,
       allianceId: 0,
       worldX: -8,
       worldY: -42,
       mapId: 135466,
       prism: [Object],
       enrichData: [Object] },
     { _type: 'PrismSubareaEmptyInfo', subAreaId: 64, allianceId: 0 },
     { _type: 'PrismGeolocalizedInformation',
       subAreaId: 109,
       allianceId: 0,
       worldX: 32,
       worldY: -38,
       mapId: 16678,
       prism: [Object],
       enrichData: [Object] },
     { _type: 'PrismGeolocalizedInformation',
       subAreaId: 533,
       allianceId: 0,
       worldX: -36,
       worldY: -57,
       mapId: 149817,
       prism: [Object],
       enrichData: [Object] },
     { _type: 'PrismGeolocalizedInformation',
       subAreaId: 476,
       allianceId: 0,
       worldX: 31,
       worldY: -48,
       mapId: 16176,
       prism: [Object],
       enrichData: [Object] },
     { _type: 'PrismGeolocalizedInformation',
       subAreaId: 606,
       allianceId: 0,
       worldX: -80,
       worldY: -75,
       mapId: 54174027,
       prism: [Object],
       enrichData: [Object] },
     { _type: 'PrismGeolocalizedInformation',
       subAreaId: 454,
       allianceId: 0,
       worldX: -56,
       worldY: 3,
       mapId: 159747,
       prism: [Object],
       enrichData: [Object] },
     { _type: 'PrismGeolocalizedInformation',
       subAreaId: 651,
       allianceId: 0,
       worldX: -55,
       worldY: -41,
       mapId: 54161193,
       prism: [Object],
       enrichData: [Object] },
     { _type: 'PrismGeolocalizedInformation',
       subAreaId: 519,
       allianceId: 0,
       worldX: -8,
       worldY: -52,
       mapId: 135476,
       prism: [Object],
       enrichData: [Object] },
     { _type: 'PrismSubareaEmptyInfo', subAreaId: 80, allianceId: 0 },
     { _type: 'PrismSubareaEmptyInfo', subAreaId: 63, allianceId: 0 },
     { _type: 'PrismGeolocalizedInformation',
       subAreaId: 280,
       allianceId: 0,
       worldX: -27,
       worldY: 29,
       mapId: 144925,
       prism: [Object],
       enrichData: [Object] },
     { _type: 'PrismSubareaEmptyInfo',
       subAreaId: 798,
       allianceId: 0,
       enrichData: [Object] },
     { _type: 'PrismGeolocalizedInformation',
       subAreaId: 171,
       allianceId: 0,
       worldX: 30,
       worldY: -42,
       mapId: 15658,
       prism: [Object],
       enrichData: [Object] },
     { _type: 'PrismSubareaEmptyInfo', subAreaId: 540, allianceId: 0 },
     { _type: 'PrismGeolocalizedInformation',
       subAreaId: 605,
       allianceId: 0,
       worldX: -73,
       worldY: -69,
       mapId: 60036612,
       prism: [Object],
       enrichData: [Object] },
     { _type: 'PrismGeolocalizedInformation',
       subAreaId: 453,
       allianceId: 0,
       worldX: -56,
       worldY: 0,
       mapId: 159744,
       prism: [Object],
       enrichData: [Object] },
     { _type: 'PrismGeolocalizedInformation',
       subAreaId: 518,
       allianceId: 0,
       worldX: -16,
       worldY: -60,
       mapId: 139580,
       prism: [Object],
       enrichData: [Object] },
     { _type: 'PrismGeolocalizedInformation',
       subAreaId: 62,
       allianceId: 0,
       worldX: -29,
       worldY: -9,
       mapId: 100141056,
       prism: [Object],
       enrichData: [Object] },
     { _type: 'PrismGeolocalizedInformation',
       subAreaId: 279,
       allianceId: 0,
       worldX: -25,
       worldY: -64,
       mapId: 144192,
       prism: [Object],
       enrichData: [Object] },
     { _type: 'PrismGeolocalizedInformation',
       subAreaId: 170,
       allianceId: 0,
       worldX: 1,
       worldY: 26,
       mapId: 88080387,
       prism: [Object],
       enrichData: [Object] },
     { _type: 'PrismSubareaEmptyInfo', subAreaId: 539, allianceId: 0 },
     { _type: 'PrismGeolocalizedInformation',
       subAreaId: 235,
       allianceId: 0,
       worldX: -21,
       worldY: 1,
       mapId: 73533952,
       prism: [Object],
       enrichData: [Object] },
     { _type: 'PrismGeolocalizedInformation',
       subAreaId: 604,
       allianceId: 0,
       worldX: -57,
       worldY: -64,
       mapId: 54162240,
       prism: [Object],
       enrichData: [Object] },
     { _type: 'PrismGeolocalizedInformation',
       subAreaId: 517,
       allianceId: 0,
       worldX: -18,
       worldY: 28,
       mapId: 140316,
       prism: [Object],
       enrichData: [Object] },
     { _type: 'PrismGeolocalizedInformation',
       subAreaId: 61,
       allianceId: 0,
       worldX: -17,
       worldY: 34,
       mapId: 139810,
       prism: [Object],
       enrichData: [Object] },
     { _type: 'PrismGeolocalizedInformation',
       subAreaId: 278,
       allianceId: 0,
       worldX: 3,
       worldY: -9,
       mapId: 84674061,
       prism: [Object],
       enrichData: [Object] },
     { _type: 'PrismSubareaEmptyInfo', subAreaId: 799, allianceId: 0 },
     { _type: 'PrismGeolocalizedInformation',
       subAreaId: 495,
       allianceId: 0,
       worldX: -18,
       worldY: 28,
       mapId: 17826562,
       prism: [Object],
       enrichData: [Object] },
     { _type: 'PrismGeolocalizedInformation',
       subAreaId: 777,
       allianceId: 0,
       worldX: 32,
       worldY: -31,
       mapId: 79167488,
       prism: [Object],
       enrichData: [Object] },
     { _type: 'PrismGeolocalizedInformation',
       subAreaId: 169,
       allianceId: 0,
       worldX: -12,
       worldY: -6,
       mapId: 137478,
       prism: [Object],
       enrichData: [Object] },
     { _type: 'PrismGeolocalizedInformation',
       subAreaId: 234,
       allianceId: 0,
       worldX: -11,
       worldY: 4,
       mapId: 73402883,
       prism: [Object],
       enrichData: [Object] },
     { _type: 'PrismGeolocalizedInformation',
       subAreaId: 603,
       allianceId: 0,
       worldX: -78,
       worldY: -74,
       mapId: 54173002,
       prism: [Object],
       enrichData: [Object] },
     { _type: 'PrismGeolocalizedInformation',
       subAreaId: 532,
       allianceId: 0,
       worldX: -36,
       worldY: -52,
       mapId: 149812,
       prism: [Object],
       enrichData: [Object] },
     { _type: 'PrismSubareaEmptyInfo', subAreaId: 81, allianceId: 0 },
     { _type: 'PrismGeolocalizedInformation',
       subAreaId: 277,
       allianceId: 0,
       worldX: -5,
       worldY: 10,
       mapId: 104071684,
       prism: [Object],
       enrichData: [Object] },
     { _type: 'PrismGeolocalizedInformation',
       subAreaId: 38,
       allianceId: 0,
       worldX: -1,
       worldY: -48,
       mapId: 131888,
       prism: [Object],
       enrichData: [Object] },
     { _type: 'PrismGeolocalizedInformation',
       subAreaId: 27,
       allianceId: 0,
       worldX: 13,
       worldY: 4,
       mapId: 88086803,
       prism: [Object],
       enrichData: [Object] },
     { _type: 'PrismGeolocalizedInformation',
       subAreaId: 472,
       allianceId: 0,
       worldX: -52,
       worldY: 15,
       mapId: 25690115,
       prism: [Object],
       enrichData: [Object] },
     { _type: 'PrismGeolocalizedInformation',
       subAreaId: 168,
       allianceId: 0,
       worldX: -10,
       worldY: -11,
       mapId: 136459,
       prism: [Object],
       enrichData: [Object] },
     { _type: 'PrismGeolocalizedInformation',
       subAreaId: 233,
       allianceId: 0,
       worldX: -10,
       worldY: 2,
       mapId: 136194,
       prism: [Object],
       enrichData: [Object] },
     { _type: 'PrismGeolocalizedInformation',
       subAreaId: 602,
       allianceId: 0,
       worldX: -68,
       worldY: -34,
       mapId: 54167842,
       prism: [Object],
       enrichData: [Object] },
     { _type: 'PrismGeolocalizedInformation',
       subAreaId: 59,
       allianceId: 0,
       worldX: -12,
       worldY: -56,
       mapId: 137528,
       prism: [Object],
       enrichData: [Object] },
     { _type: 'PrismGeolocalizedInformation',
       subAreaId: 276,
       allianceId: 0,
       worldX: -4,
       worldY: 5,
       mapId: 104072449,
       prism: [Object],
       enrichData: [Object] },
     { _type: 'PrismGeolocalizedInformation',
       subAreaId: 102,
       allianceId: 0,
       worldX: -4,
       worldY: -9,
       mapId: 84805645,
       prism: [Object],
       enrichData: [Object] },
     { _type: 'PrismGeolocalizedInformation',
       subAreaId: 471,
       allianceId: 0,
       worldX: -60,
       worldY: -8,
       mapId: 162056,
       prism: [Object],
       enrichData: [Object] },
     { _type: 'PrismGeolocalizedInformation',
       subAreaId: 167,
       allianceId: 0,
       worldX: 30,
       worldY: 11,
       mapId: 47186944,
       prism: [Object],
       enrichData: [Object] },
     { _type: 'PrismSubareaEmptyInfo', subAreaId: 79, allianceId: 0 },
     { _type: 'PrismGeolocalizedInformation',
       subAreaId: 232,
       allianceId: 0,
       worldX: -10,
       worldY: -2,
       mapId: 136450,
       prism: [Object],
       enrichData: [Object] },
     { _type: 'PrismGeolocalizedInformation',
       subAreaId: 753,
       allianceId: 0,
       worldX: -63,
       worldY: -75,
       mapId: 62129672,
       prism: [Object],
       enrichData: [Object] },
     { _type: 'PrismGeolocalizedInformation',
       subAreaId: 601,
       allianceId: 0,
       worldX: -76,
       worldY: -46,
       mapId: 54171950,
       prism: [Object],
       enrichData: [Object] },
     { _type: 'PrismGeolocalizedInformation',
       subAreaId: 115,
       allianceId: 0,
       worldX: 19,
       worldY: -32,
       mapId: 10016,
       prism: [Object],
       enrichData: [Object] },
     { _type: 'PrismGeolocalizedInformation',
       subAreaId: 275,
       allianceId: 0,
       worldX: -20,
       worldY: 10,
       mapId: 63310595,
       prism: [Object],
       enrichData: [Object] },
     { _type: 'PrismGeolocalizedInformation',
       subAreaId: 492,
       allianceId: 0,
       worldX: -21,
       worldY: 13,
       mapId: 18350082,
       prism: [Object],
       enrichData: [Object] },
     { _type: 'PrismGeolocalizedInformation',
       subAreaId: 253,
       allianceId: 0,
       worldX: -14,
       worldY: 12,
       mapId: 138252,
       prism: [Object],
       enrichData: [Object] },
     { _type: 'PrismGeolocalizedInformation',
       subAreaId: 622,
       allianceId: 0,
       worldX: -76,
       worldY: -75,
       mapId: 59510784,
       prism: [Object],
       enrichData: [Object] },
     { _type: 'PrismGeolocalizedInformation',
       subAreaId: 166,
       allianceId: 0,
       worldX: 31,
       worldY: 11,
       mapId: 61212167,
       prism: [Object],
       enrichData: [Object] },
     { _type: 'PrismGeolocalizedInformation',
       subAreaId: 535,
       allianceId: 0,
       worldX: -32,
       worldY: 36,
       mapId: 147492,
       prism: [Object],
       enrichData: [Object] },
     { _type: 'PrismGeolocalizedInformation',
       subAreaId: 231,
       allianceId: 0,
       worldX: -17,
       worldY: -3,
       mapId: 75499008,
       prism: [Object],
       enrichData: [Object] },
     { _type: 'PrismGeolocalizedInformation',
       subAreaId: 600,
       allianceId: 0,
       worldX: -85,
       worldY: -42,
       mapId: 54176554,
       prism: [Object],
       enrichData: [Object] },
     { _type: 'PrismGeolocalizedInformation',
       subAreaId: 513,
       allianceId: 0,
       worldX: -32,
       worldY: -57,
       mapId: 4981249,
       prism: [Object],
       enrichData: [Object] },
     { _type: 'PrismGeolocalizedInformation',
       subAreaId: 57,
       allianceId: 0,
       worldX: -20,
       worldY: 28,
       mapId: 141340,
       prism: [Object],
       enrichData: [Object] },
     { _type: 'PrismGeolocalizedInformation',
       subAreaId: 116,
       allianceId: 0,
       worldX: 27,
       worldY: -48,
       mapId: 14128,
       prism: [Object],
       enrichData: [Object] },
     { _type: 'PrismGeolocalizedInformation',
       subAreaId: 469,
       allianceId: 0,
       worldX: -55,
       worldY: 15,
       mapId: 28049408,
       prism: [Object],
       enrichData: [Object] },
     { _type: 'PrismGeolocalizedInformation',
       subAreaId: 165,
       allianceId: 0,
       worldX: 34,
       worldY: 4,
       mapId: 61079552,
       prism: [Object],
       enrichData: [Object] },
     { _type: 'PrismGeolocalizedInformation',
       subAreaId: 534,
       allianceId: 0,
       worldX: -18,
       worldY: 42,
       mapId: 140330,
       prism: [Object],
       enrichData: [Object] },
     { _type: 'PrismGeolocalizedInformation',
       subAreaId: 230,
       allianceId: 0,
       worldX: -11,
       worldY: 13,
       mapId: 64488710,
       prism: [Object],
       enrichData: [Object] },
     { _type: 'PrismGeolocalizedInformation',
       subAreaId: 143,
       allianceId: 0,
       worldX: 16,
       worldY: -24,
       mapId: 8472,
       prism: [Object],
       enrichData: [Object] },
     { _type: 'PrismGeolocalizedInformation',
       subAreaId: 56,
       allianceId: 0,
       worldX: -4,
       worldY: -45,
       mapId: 133421,
       prism: [Object],
       enrichData: [Object] },
     { _type: 'PrismGeolocalizedInformation',
       subAreaId: 117,
       allianceId: 0,
       worldX: 21,
       worldY: -26,
       mapId: 11034,
       prism: [Object],
       enrichData: [Object] },
     { _type: 'PrismGeolocalizedInformation',
       subAreaId: 490,
       allianceId: 0,
       worldX: 13,
       worldY: 22,
       mapId: 88086785,
       prism: [Object],
       enrichData: [Object] },
     { _type: 'PrismGeolocalizedInformation',
       subAreaId: 468,
       allianceId: 0,
       worldX: -53,
       worldY: 15,
       mapId: 28050432,
       prism: [Object],
       enrichData: [Object] },
     { _type: 'PrismGeolocalizedInformation',
       subAreaId: 316,
       allianceId: 0,
       worldX: -2,
       worldY: 26,
       mapId: 38933250,
       prism: [Object],
       enrichData: [Object] },
     { _type: 'PrismGeolocalizedInformation',
       subAreaId: 164,
       allianceId: 0,
       worldX: 24,
       worldY: -14,
       mapId: 99614980,
       prism: [Object],
       enrichData: [Object] },
     { _type: 'PrismGeolocalizedInformation',
       subAreaId: 12,
       allianceId: 0,
       worldX: 11,
       worldY: 30,
       mapId: 88085511,
       prism: [Object],
       enrichData: [Object] },
     { _type: 'PrismGeolocalizedInformation',
       subAreaId: 511,
       allianceId: 0,
       worldX: -27,
       worldY: 38,
       mapId: 11796993,
       prism: [Object],
       enrichData: [Object] },
     { _type: 'PrismGeolocalizedInformation',
       subAreaId: 55,
       allianceId: 0,
       worldX: -20,
       worldY: -62,
       mapId: 141630,
       prism: [Object],
       enrichData: [Object] },
     { _type: 'PrismGeolocalizedInformation',
       subAreaId: 118,
       allianceId: 0,
       worldX: 31,
       worldY: -35,
       mapId: 16163,
       prism: [Object],
       enrichData: [Object] },
     { _type: 'PrismGeolocalizedInformation',
       subAreaId: 33,
       allianceId: 0,
       worldX: -5,
       worldY: -13,
       mapId: 133901,
       prism: [Object],
       enrichData: [Object] },
     { _type: 'PrismGeolocalizedInformation',
       subAreaId: 315,
       allianceId: 0,
       worldX: -4,
       worldY: 24,
       mapId: 86248450,
       prism: [Object],
       enrichData: [Object] },
     { _type: 'PrismGeolocalizedInformation',
       subAreaId: 163,
       allianceId: 0,
       worldX: 21,
       worldY: -12,
       mapId: 99747586,
       prism: [Object],
       enrichData: [Object] },
     { _type: 'PrismGeolocalizedInformation',
       subAreaId: 11,
       allianceId: 0,
       worldX: -1,
       worldY: 33,
       mapId: 72618499,
       prism: [Object],
       enrichData: [Object] },
     { _type: 'PrismGeolocalizedInformation',
       subAreaId: 76,
       allianceId: 0,
       worldX: -21,
       worldY: -25,
       mapId: 14551301,
       prism: [Object],
       enrichData: [Object] },
     { _type: 'PrismGeolocalizedInformation',
       subAreaId: 54,
       allianceId: 0,
       worldX: -11,
       worldY: -36,
       mapId: 136996,
       prism: [Object],
       enrichData: [Object] },
     { _type: 'PrismGeolocalizedInformation',
       subAreaId: 119,
       allianceId: 0,
       worldX: 22,
       worldY: -37,
       mapId: 11557,
       prism: [Object],
       enrichData: [Object] },
     { _type: 'PrismGeolocalizedInformation',
       subAreaId: 488,
       allianceId: 0,
       worldX: 4,
       worldY: 1,
       mapId: 99094017,
       prism: [Object],
       enrichData: [Object] },
     { _type: 'PrismGeolocalizedInformation',
       subAreaId: 32,
       allianceId: 0,
       worldX: 14,
       worldY: 28,
       mapId: 90703875,
       prism: [Object],
       enrichData: [Object] },
     { _type: 'PrismGeolocalizedInformation',
       subAreaId: 466,
       allianceId: 0,
       worldX: -44,
       worldY: 21,
       mapId: 153621,
       prism: [Object],
       enrichData: [Object] },
     { _type: 'PrismGeolocalizedInformation',
       subAreaId: 314,
       allianceId: 0,
       worldX: -4,
       worldY: 25,
       mapId: 33686529,
       prism: [Object],
       enrichData: [Object] },
     { _type: 'PrismGeolocalizedInformation',
       subAreaId: 162,
       allianceId: 0,
       worldX: 28,
       worldY: -13,
       mapId: 115737097,
       prism: [Object],
       enrichData: [Object] },
     { _type: 'PrismGeolocalizedInformation',
       subAreaId: 10,
       allianceId: 0,
       worldX: -1,
       worldY: 0,
       mapId: 88212759,
       prism: [Object],
       enrichData: [Object] },
     { _type: 'PrismGeolocalizedInformation',
       subAreaId: 531,
       allianceId: 0,
       worldX: -23,
       worldY: 40,
       mapId: 142888,
       prism: [Object],
       enrichData: [Object] },
     ... 86 more items ],
  _isInitialized: true }
'Packet Received : '
{ _messageType: 'EnabledChannelsMessage',
  channels: [ 0, 1, 2, 3, 4, 5, 6, 7, 12, 13, 9, 10 ],
  disallowed: [ 8, 7 ],
  _isInitialized: true }
'Packet Received : '
{ _messageType: 'SpellListMessage',
  spellPrevisualization: true,
  spells: 
   [ { _type: 'SpellItem', position: 63, spellId: 434, spellLevel: 1 },
     { _type: 'SpellItem', position: 63, spellId: 431, spellLevel: 1 },
     { _type: 'SpellItem', position: 63, spellId: 437, spellLevel: 1 },
     { _type: 'SpellItem', position: 63, spellId: 436, spellLevel: 1 },
     { _type: 'SpellItem', position: 63, spellId: 444, spellLevel: 1 },
     { _type: 'SpellItem', position: 63, spellId: 432, spellLevel: 1 },
     { _type: 'SpellItem', position: 63, spellId: 449, spellLevel: 1 },
     { _type: 'SpellItem', position: 63, spellId: 0, spellLevel: 1 } ],
  _isInitialized: true }
'Packet Received : '
{ _messageType: 'ShortcutBarContentMessage',
  barType: 1,
  shortcuts: 
   [ { _type: 'ShortcutSpell', slot: 5, spellId: 449 },
     { _type: 'ShortcutSpell', slot: 2, spellId: 432 },
     { _type: 'ShortcutSpell', slot: 7, spellId: 437 },
     { _type: 'ShortcutSpell', slot: 4, spellId: 444 },
     { _type: 'ShortcutSpell', slot: 1, spellId: 431 },
     { _type: 'ShortcutSpell', slot: 6, spellId: 436 },
     { _type: 'ShortcutSpell', slot: 3, spellId: 434 },
     { _type: 'ShortcutSpell', slot: 0, spellId: 0 } ],
  _isInitialized: true }
'Packet Received : '
{ _messageType: 'SetCharacterRestrictionsMessage',
  restrictions: 
   { _type: 'ActorRestrictionsInformations',
     cantBeAggressed: false,
     cantBeChallenged: false,
     cantTrade: false,
     cantBeAttackedByMutant: false,
     cantRun: false,
     forceSlowWalk: false,
     cantMinimize: false,
     cantMove: false,
     cantAggress: false,
     cantChallenge: false,
     cantExchange: false,
     cantAttack: true,
     cantChat: false,
     cantBeMerchant: false,
     cantUseObject: false,
     cantUseTaxCollector: false,
     cantUseInteractive: false,
     cantSpeakToNPC: false,
     cantChangeZone: false,
     cantAttackMonster: false,
     cantWalk8Directions: false },
  _isInitialized: true }
'Packet Received : '
{ _messageType: 'InventoryWeightMessage',
  weight: 632,
  weightMax: 1365,
  _isInitialized: true }
'Packet Received : '
{ _messageType: 'FriendWarnOnConnectionStateMessage',
  enable: false,
  _isInitialized: true }
'Packet Received : '
{ _messageType: 'FriendWarnOnLevelGainStateMessage',
  enable: true,
  _isInitialized: true }
'Packet Received : '
{ _messageType: 'FriendGuildWarnOnAchievementCompleteStateMessage',
  enable: true,
  _isInitialized: true }
'Packet Received : '
{ _messageType: 'GuildMemberWarnOnConnectionStateMessage',
  enable: true,
  _isInitialized: true }
'Packet Received : '
{ _messageType: 'SequenceNumberRequestMessage' }
'Message sent :'
'sendMessage'
{ type: 'SequenceNumberMessage', data: { number: 1 } }
'Packet Received : '
{ _messageType: 'TextInformationMessage',
  msgType: 1,
  msgId: 89,
  parameters: [],
  _isInitialized: true,
  text: 'Welcome to DOFUS, and welcome to the World of Twelve! \nRemember that it is <b>strictly forbidden</b> to disclose your account name or password.' }
'Packet Received : '
{ _messageType: 'SpouseStatusMessage',
  hasSpouse: false,
  _isInitialized: true }
'Packet Received : '
{ _messageType: 'AchievementListMessage',
  finishedAchievementsIds: 
   [ 341,
     3,
     419,
     422,
     284,
     600,
     312,
     340,
     390,
     415,
     418,
     424,
     14,
     283,
     391,
     414,
     342,
     417,
     420,
     118,
     423,
     282,
     385,
     388 ],
  rewardableAchievements: [],
  _isInitialized: true,
  enrichData: { points: 33, achievementsTotal: 952 } }
'Packet Received : '
{ _messageType: 'GameRolePlayArenaUpdatePlayerInfosMessage',
  rank: 33,
  bestDailyRank: 0,
  bestRank: 0,
  victoryCount: 0,
  arenaFightcount: 0,
  _isInitialized: true }
'Packet Received : '
{ _messageType: 'CharacterCapabilitiesMessage',
  guildEmblemSymbolCategories: 4095,
  _isInitialized: true }
'Packet Received : '
{ _messageType: 'AlmanachCalendarDateMessage',
  date: 181,
  _isInitialized: true,
  _merydeName: 'Karat' }
'Packet Received : '
{ _messageType: 'MailStatusMessage',
  unread: 0,
  total: 0,
  _isInitialized: true }
'Packet Received : '
{ _messageType: 'StartupActionsListMessage',
  actions: [],
  _isInitialized: true }
'Packet Received : '
{ _messageType: 'BasicAckMessage',
  seq: 3,
  lastPacketId: 5623,
  _isInitialized: true }
'Packet Received : '
{ _messageType: 'QuestListMessage',
  finishedQuestsIds: [ 232, 231, 193, 492, 489 ],
  finishedQuestsCounts: [ 1, 1, 1, 1, 1 ],
  activeQuests: [],
  _isInitialized: true }
'Packet Received : '
{ _messageType: 'BasicNoOperationMessage' }
'Packet Received : '
{ _messageType: 'BasicAckMessage',
  seq: 4,
  lastPacketId: 4001,
  _isInitialized: true }
'Packet Received : '
{ _messageType: 'FriendsListMessage',
  friendsList: [],
  _isInitialized: true }
'Packet Received : '
{ _messageType: 'BasicNoOperationMessage' }
'Packet Received : '
{ _messageType: 'BasicAckMessage',
  seq: 5,
  lastPacketId: 5676,
  _isInitialized: true }
'Packet Received : '
{ _messageType: 'IgnoredListMessage',
  ignoredList: [],
  _isInitialized: true }
'Packet Received : '
{ _messageType: 'BasicNoOperationMessage' }
'Packet Received : '
{ _messageType: 'BasicAckMessage',
  seq: 6,
  lastPacketId: 6355,
  _isInitialized: true }
'Packet Received : '
{ _messageType: 'BasicNoOperationMessage' }
'Packet Received : '
{ _messageType: 'BasicAckMessage',
  seq: 7,
  lastPacketId: 5607,
  _isInitialized: true }
'Packet Received : '
{ _messageType: 'BasicNoOperationMessage' }
'Packet Received : '
{ _messageType: 'BasicAckMessage',
  seq: 8,
  lastPacketId: 250,
  _isInitialized: true }
'Packet Received : '
{ _messageType: 'GameContextDestroyMessage' }
'Packet Received : '
{ _messageType: 'GameContextCreateMessage',
  context: 1,
  _isInitialized: true }
'Packet Received : '
{ _messageType: 'LifePointsRegenBeginMessage',
  regenRate: 10,
  _isInitialized: true }
'Packet Received : '
{ _messageType: 'CurrentMapMessage',
  mapId: 84675845,
  mapKey: '8bd4294ebab989d3c217c84e542a4cc7',
  _isInitialized: true }
'Message sent :'
'sendMessage'
{ type: 'MapInformationsRequestMessage',
  data: { mapId: 84675845 } }
'Packet Received : '
{ _messageType: 'BasicTimeMessage',
  timestamp: 1487520591,
  timezoneOffset: 60,
  _isInitialized: true }
'Packet Received : '
{ _messageType: 'CharacterStatsListMessage',
  stats: 
   { _type: 'CharacterCharacteristicsInformations',
     experience: 67439,
     experienceLevelFloor: 61000,
     experienceNextLevelFloor: 75000,
     kamas: 30108,
     statsPoints: 10,
     spellsPoints: 14,
     alignmentInfos: 
      { _type: 'ActorExtendedAlignmentInformations',
        alignmentSide: 0,
        alignmentValue: 0,
        alignmentGrade: 0,
        characterPower: 610215,
        honor: 0,
        honorGradeFloor: 0,
        honorNextGradeFloor: 500,
        aggressable: 0 },
     lifePoints: 170,
     maxLifePoints: 170,
     energyPoints: 9400,
     maxEnergyPoints: 10000,
     actionPointsCurrent: 6,
     movementPointsCurrent: 3,
     initiative: 
      { _type: 'CharacterBaseCharacteristic',
        base: 199,
        objectsAndMountBonus: 4,
        alignGiftBonus: 0,
        contextModif: 0 },
     prospecting: 
      { _type: 'CharacterBaseCharacteristic',
        base: 105,
        objectsAndMountBonus: 0,
        alignGiftBonus: 0,
        contextModif: 0 },
     actionPoints: 
      { _type: 'CharacterBaseCharacteristic',
        base: 6,
        objectsAndMountBonus: 0,
        alignGiftBonus: 0,
        contextModif: 0 },
     movementPoints: 
      { _type: 'CharacterBaseCharacteristic',
        base: 3,
        objectsAndMountBonus: 0,
        alignGiftBonus: 0,
        contextModif: 0 },
     strength: 
      { _type: 'CharacterBaseCharacteristic',
        base: 0,
        objectsAndMountBonus: 50,
        alignGiftBonus: 0,
        contextModif: 0 },
     vitality: 
      { _type: 'CharacterBaseCharacteristic',
        base: 0,
        objectsAndMountBonus: 45,
        alignGiftBonus: 0,
        contextModif: 0 },
     wisdom: 
      { _type: 'CharacterBaseCharacteristic',
        base: 20,
        objectsAndMountBonus: 46,
        alignGiftBonus: 0,
        contextModif: 0 },
     chance: 
      { _type: 'CharacterBaseCharacteristic',
        base: 0,
        objectsAndMountBonus: 50,
        alignGiftBonus: 0,
        contextModif: 0 },
     agility: 
      { _type: 'CharacterBaseCharacteristic',
        base: 0,
        objectsAndMountBonus: 50,
        alignGiftBonus: 0,
        contextModif: 0 },
     intelligence: 
      { _type: 'CharacterBaseCharacteristic',
        base: 0,
        objectsAndMountBonus: 49,
        alignGiftBonus: 0,
        contextModif: 0 },
     range: 
      { _type: 'CharacterBaseCharacteristic',
        base: 0,
        objectsAndMountBonus: 0,
        alignGiftBonus: 0,
        contextModif: 0 },
     summonableCreaturesBoost: 
      { _type: 'CharacterBaseCharacteristic',
        base: 1,
        objectsAndMountBonus: 0,
        alignGiftBonus: 0,
        contextModif: 0 },
     reflect: 
      { _type: 'CharacterBaseCharacteristic',
        base: 0,
        objectsAndMountBonus: 0,
        alignGiftBonus: 0,
        contextModif: 0 },
     criticalHit: 
      { _type: 'CharacterBaseCharacteristic',
        base: 0,
        objectsAndMountBonus: 0,
        alignGiftBonus: 0,
        contextModif: 0 },
     criticalHitWeapon: 2,
     criticalMiss: 
      { _type: 'CharacterBaseCharacteristic',
        base: 0,
        objectsAndMountBonus: 0,
        alignGiftBonus: 0,
        contextModif: 0 },
     healBonus: 
      { _type: 'CharacterBaseCharacteristic',
        base: 0,
        objectsAndMountBonus: 0,
        alignGiftBonus: 0,
        contextModif: 0 },
     allDamagesBonus: 
      { _type: 'CharacterBaseCharacteristic',
        base: 0,
        objectsAndMountBonus: 0,
        alignGiftBonus: 0,
        contextModif: 0 },
     weaponDamagesBonusPercent: 
      { _type: 'CharacterBaseCharacteristic',
        base: 0,
        objectsAndMountBonus: 0,
        alignGiftBonus: 0,
        contextModif: 0 },
     damagesBonusPercent: 
      { _type: 'CharacterBaseCharacteristic',
        base: 0,
        objectsAndMountBonus: 0,
        alignGiftBonus: 0,
        contextModif: 0 },
     trapBonus: 
      { _type: 'CharacterBaseCharacteristic',
        base: 0,
        objectsAndMountBonus: 0,
        alignGiftBonus: 0,
        contextModif: 0 },
     trapBonusPercent: 
      { _type: 'CharacterBaseCharacteristic',
        base: 0,
        objectsAndMountBonus: 0,
        alignGiftBonus: 0,
        contextModif: 0 },
     permanentDamagePercent: 
      { _type: 'CharacterBaseCharacteristic',
        base: 10,
        objectsAndMountBonus: 0,
        alignGiftBonus: 0,
        contextModif: 0 },
     tackleBlock: 
      { _type: 'CharacterBaseCharacteristic',
        base: 5,
        objectsAndMountBonus: 0,
        alignGiftBonus: 0,
        contextModif: 0 },
     tackleEvade: 
      { _type: 'CharacterBaseCharacteristic',
        base: 5,
        objectsAndMountBonus: 0,
        alignGiftBonus: 0,
        contextModif: 0 },
     PAAttack: 
      { _type: 'CharacterBaseCharacteristic',
        base: 2,
        objectsAndMountBonus: 4,
        alignGiftBonus: 0,
        contextModif: 0 },
     PMAttack: 
      { _type: 'CharacterBaseCharacteristic',
        base: 2,
        objectsAndMountBonus: 4,
        alignGiftBonus: 0,
        contextModif: 0 },
     pushDamageBonus: 
      { _type: 'CharacterBaseCharacteristic',
        base: 0,
        objectsAndMountBonus: 0,
        alignGiftBonus: 0,
        contextModif: 0 },
     criticalDamageBonus: 
      { _type: 'CharacterBaseCharacteristic',
        base: 0,
        objectsAndMountBonus: 0,
        alignGiftBonus: 0,
        contextModif: 0 },
     neutralDamageBonus: 
      { _type: 'CharacterBaseCharacteristic',
        base: 0,
        objectsAndMountBonus: 0,
        alignGiftBonus: 0,
        contextModif: 0 },
     earthDamageBonus: 
      { _type: 'CharacterBaseCharacteristic',
        base: 0,
        objectsAndMountBonus: 0,
        alignGiftBonus: 0,
        contextModif: 0 },
     waterDamageBonus: 
      { _type: 'CharacterBaseCharacteristic',
        base: 0,
        objectsAndMountBonus: 0,
        alignGiftBonus: 0,
        contextModif: 0 },
     airDamageBonus: 
      { _type: 'CharacterBaseCharacteristic',
        base: 0,
        objectsAndMountBonus: 0,
        alignGiftBonus: 0,
        contextModif: 0 },
     fireDamageBonus: 
      { _type: 'CharacterBaseCharacteristic',
        base: 0,
        objectsAndMountBonus: 0,
        alignGiftBonus: 0,
        contextModif: 0 },
     dodgePALostProbability: 
      { _type: 'CharacterBaseCharacteristic',
        base: 2,
        objectsAndMountBonus: 4,
        alignGiftBonus: 0,
        contextModif: 0 },
     dodgePMLostProbability: 
      { _type: 'CharacterBaseCharacteristic',
        base: 2,
        objectsAndMountBonus: 4,
        alignGiftBonus: 0,
        contextModif: 0 },
     neutralElementResistPercent: 
      { _type: 'CharacterBaseCharacteristic',
        base: 0,
        objectsAndMountBonus: 0,
        alignGiftBonus: 0,
        contextModif: 0 },
     earthElementResistPercent: 
      { _type: 'CharacterBaseCharacteristic',
        base: 0,
        objectsAndMountBonus: 0,
        alignGiftBonus: 0,
        contextModif: 0 },
     waterElementResistPercent: 
      { _type: 'CharacterBaseCharacteristic',
        base: 0,
        objectsAndMountBonus: 0,
        alignGiftBonus: 0,
        contextModif: 0 },
     airElementResistPercent: 
      { _type: 'CharacterBaseCharacteristic',
        base: 0,
        objectsAndMountBonus: 0,
        alignGiftBonus: 0,
        contextModif: 0 },
     fireElementResistPercent: 
      { _type: 'CharacterBaseCharacteristic',
        base: 0,
        objectsAndMountBonus: 0,
        alignGiftBonus: 0,
        contextModif: 0 },
     neutralElementReduction: 
      { _type: 'CharacterBaseCharacteristic',
        base: 0,
        objectsAndMountBonus: 0,
        alignGiftBonus: 0,
        contextModif: 0 },
     earthElementReduction: 
      { _type: 'CharacterBaseCharacteristic',
        base: 0,
        objectsAndMountBonus: 0,
        alignGiftBonus: 0,
        contextModif: 0 },
     waterElementReduction: 
      { _type: 'CharacterBaseCharacteristic',
        base: 0,
        objectsAndMountBonus: 0,
        alignGiftBonus: 0,
        contextModif: 0 },
     airElementReduction: 
      { _type: 'CharacterBaseCharacteristic',
        base: 0,
        objectsAndMountBonus: 0,
        alignGiftBonus: 0,
        contextModif: 0 },
     fireElementReduction: 
      { _type: 'CharacterBaseCharacteristic',
        base: 0,
        objectsAndMountBonus: 0,
        alignGiftBonus: 0,
        contextModif: 0 },
     pushDamageReduction: 
      { _type: 'CharacterBaseCharacteristic',
        base: 0,
        objectsAndMountBonus: 0,
        alignGiftBonus: 0,
        contextModif: 0 },
     criticalDamageReduction: 
      { _type: 'CharacterBaseCharacteristic',
        base: 0,
        objectsAndMountBonus: 0,
        alignGiftBonus: 0,
        contextModif: 0 },
     pvpNeutralElementResistPercent: 
      { _type: 'CharacterBaseCharacteristic',
        base: 0,
        objectsAndMountBonus: 1,
        alignGiftBonus: 0,
        contextModif: 0 },
     pvpEarthElementResistPercent: 
      { _type: 'CharacterBaseCharacteristic',
        base: 0,
        objectsAndMountBonus: 0,
        alignGiftBonus: 0,
        contextModif: 0 },
     pvpWaterElementResistPercent: 
      { _type: 'CharacterBaseCharacteristic',
        base: 0,
        objectsAndMountBonus: 0,
        alignGiftBonus: 0,
        contextModif: 0 },
     pvpAirElementResistPercent: 
      { _type: 'CharacterBaseCharacteristic',
        base: 0,
        objectsAndMountBonus: 0,
        alignGiftBonus: 0,
        contextModif: 0 },
     pvpFireElementResistPercent: 
      { _type: 'CharacterBaseCharacteristic',
        base: 0,
        objectsAndMountBonus: 0,
        alignGiftBonus: 0,
        contextModif: 0 },
     pvpNeutralElementReduction: 
      { _type: 'CharacterBaseCharacteristic',
        base: 0,
        objectsAndMountBonus: 0,
        alignGiftBonus: 0,
        contextModif: 0 },
     pvpEarthElementReduction: 
      { _type: 'CharacterBaseCharacteristic',
        base: 0,
        objectsAndMountBonus: 0,
        alignGiftBonus: 0,
        contextModif: 0 },
     pvpWaterElementReduction: 
      { _type: 'CharacterBaseCharacteristic',
        base: 0,
        objectsAndMountBonus: 0,
        alignGiftBonus: 0,
        contextModif: 0 },
     pvpAirElementReduction: 
      { _type: 'CharacterBaseCharacteristic',
        base: 0,
        objectsAndMountBonus: 0,
        alignGiftBonus: 0,
        contextModif: 0 },
     pvpFireElementReduction: 
      { _type: 'CharacterBaseCharacteristic',
        base: 0,
        objectsAndMountBonus: 0,
        alignGiftBonus: 0,
        contextModif: 0 },
     spellModifications: [],
     probationTime: 0 },
  _isInitialized: true }
'Packet Received : '
{ _messageType: 'UpdateMapPlayersAgressableStatusMessage',
  playerIds: [ 610200 ],
  enable: [ 0 ],
  _isInitialized: true }
'Packet Received : '
{ _messageType: 'BasicNoOperationMessage' }
'Packet Received : '
{ _messageType: 'bakSoftToHardCurrentRateSuccess',
  rate: 62.507172000000004 }
'Packet Received : '
{ _messageType: 'bakHardToSoftCurrentRateSuccess',
  rate: 59.53064 }
'Packet Received : '
{ _messageType: 'kpiStartSessionMessage', sessionId: 649558179 }
'Packet Received : '
{ _messageType: 'StatedElementUpdatedMessage',
  statedElement: 
   { _type: 'StatedElement',
     elementId: 478175,
     elementCellId: 107,
     elementState: 1 },
  _isInitialized: true }
'Packet Received : '
{ _messageType: 'InteractiveElementUpdatedMessage',
  interactiveElement: 
   { _type: 'InteractiveElement',
     elementId: 478175,
     elementTypeId: 38,
     enabledSkills: [],
     disabledSkills: [ [Object] ],
     _name: 'Wheat' },
  _isInitialized: true }
'Packet Received : '
{ _messageType: 'ChatServerMessage',
  channel: 5,
  content: 'panda inutile',
  timestamp: 1487520593,
  fingerprint: 'lrtrwq7p',
  senderId: 699451,
  senderName: 'Exocyelan',
  senderAccountId: 105347995,
  _isInitialized: true }
'Packet Received : '
{ _messageType: 'StatedElementUpdatedMessage',
  statedElement: 
   { _type: 'StatedElement',
     elementId: 478176,
     elementCellId: 121,
     elementState: 2 },
  _isInitialized: true }
'Packet Received : '
{ _messageType: 'InteractiveElementUpdatedMessage',
  interactiveElement: 
   { _type: 'InteractiveElement',
     elementId: 478176,
     elementTypeId: 43,
     enabledSkills: [],
     disabledSkills: [ [Object] ],
     _name: 'Barley' },
  _isInitialized: true }
'Packet Received : '
{ _messageType: 'InteractiveUsedMessage',
  entityId: 547037,
  elemId: 478176,
  skillId: 53,
  duration: 91,
  _isInitialized: true,
  _useAnimation: 'AnimFaucher' }
'Packet Received : '
{ _messageType: 'BasicAckMessage',
  seq: 9,
  lastPacketId: 6317,
  _isInitialized: true }
'Packet Received : '
{ _messageType: 'BasicNoOperationMessage' }
'Packet Received : '
{ _messageType: 'BasicAckMessage',
  seq: 10,
  lastPacketId: 225,
  _isInitialized: true }
'Packet Received : '
{ _messageType: 'MapComplementaryInformationsDataMessage',
  subAreaId: 98,
  mapId: 84675845,
  houses: [],
  actors: 
   [ { _type: 'GameRolePlayCharacterInformations',
       contextualId: 610200,
       look: [Object],
       disposition: [Object],
       name: 'Miss-Lagertha',
       humanoidInfo: [Object],
       accountId: 112984462,
       alignmentInfos: [Object] },
     { _type: 'GameRolePlayCharacterInformations',
       contextualId: 547037,
       look: [Object],
       disposition: [Object],
       name: 'Atronach',
       humanoidInfo: [Object],
       accountId: 112209841,
       alignmentInfos: [Object] },
     { _type: 'GameRolePlayGroupMonsterInformations',
       contextualId: -2,
       look: [Object],
       disposition: [Object],
       staticInfos: [Object],
       ageBonus: 3,
       lootShare: -1,
       alignmentSide: -1,
       keyRingBonus: false,
       hasHardcoreDrop: false },
     { _type: 'GameRolePlayGroupMonsterInformations',
       contextualId: -1,
       look: [Object],
       disposition: [Object],
       staticInfos: [Object],
       ageBonus: 1,
       lootShare: -1,
       alignmentSide: -1,
       keyRingBonus: false,
       hasHardcoreDrop: false },
     { _type: 'GameRolePlayGroupMonsterInformations',
       contextualId: -3,
       look: [Object],
       disposition: [Object],
       staticInfos: [Object],
       ageBonus: 1,
       lootShare: -1,
       alignmentSide: -1,
       keyRingBonus: false,
       hasHardcoreDrop: false } ],
  interactiveElements: 
   [ { _type: 'InteractiveElementWithAgeBonus',
       elementId: 478163,
       elementTypeId: 38,
       enabledSkills: [Object],
       disabledSkills: [],
       ageBonus: 0,
       _name: 'Wheat' },
     { _type: 'InteractiveElementWithAgeBonus',
       elementId: 478188,
       elementTypeId: 39,
       enabledSkills: [],
       disabledSkills: [Object],
       ageBonus: 8,
       _name: 'Hop' },
     { _type: 'InteractiveElement',
       elementId: 478166,
       elementTypeId: 38,
       enabledSkills: [],
       disabledSkills: [Object],
       _name: 'Wheat' },
     { _type: 'InteractiveElement',
       elementId: 478169,
       elementTypeId: 38,
       enabledSkills: [],
       disabledSkills: [Object],
       _name: 'Wheat' },
     { _type: 'InteractiveElementWithAgeBonus',
       elementId: 478194,
       elementTypeId: 39,
       enabledSkills: [],
       disabledSkills: [Object],
       ageBonus: 8,
       _name: 'Hop' },
     { _type: 'InteractiveElement',
       elementId: 478172,
       elementTypeId: 38,
       enabledSkills: [],
       disabledSkills: [Object],
       _name: 'Wheat' },
     { _type: 'InteractiveElement',
       elementId: 478175,
       elementTypeId: 38,
       enabledSkills: [],
       disabledSkills: [Object],
       _name: 'Wheat' },
     { _type: 'InteractiveElementWithAgeBonus',
       elementId: 478200,
       elementTypeId: 39,
       enabledSkills: [],
       disabledSkills: [Object],
       ageBonus: 29,
       _name: 'Hop' },
     { _type: 'InteractiveElement',
       elementId: 478178,
       elementTypeId: 43,
       enabledSkills: [],
       disabledSkills: [Object],
       _name: 'Barley' },
     { _type: 'InteractiveElement',
       elementId: 478181,
       elementTypeId: 43,
       enabledSkills: [],
       disabledSkills: [Object],
       _name: 'Barley' },
     { _type: 'InteractiveElementWithAgeBonus',
       elementId: 478206,
       elementTypeId: 39,
       enabledSkills: [],
       disabledSkills: [Object],
       ageBonus: 29,
       _name: 'Hop' },
     { _type: 'InteractiveElementWithAgeBonus',
       elementId: 478212,
       elementTypeId: 39,
       enabledSkills: [],
       disabledSkills: [Object],
       ageBonus: 29,
       _name: 'Hop' },
     { _type: 'InteractiveElementWithAgeBonus',
       elementId: 478165,
       elementTypeId: 38,
       enabledSkills: [Object],
       disabledSkills: [],
       ageBonus: 0,
       _name: 'Wheat' },
     { _type: 'InteractiveElement',
       elementId: 478168,
       elementTypeId: 38,
       enabledSkills: [],
       disabledSkills: [Object],
       _name: 'Wheat' },
     { _type: 'InteractiveElementWithAgeBonus',
       elementId: 478193,
       elementTypeId: 39,
       enabledSkills: [],
       disabledSkills: [Object],
       ageBonus: 8,
       _name: 'Hop' },
     { _type: 'InteractiveElement',
       elementId: 478171,
       elementTypeId: 43,
       enabledSkills: [],
       disabledSkills: [Object],
       _name: 'Barley' },
     { _type: 'InteractiveElementWithAgeBonus',
       elementId: 478196,
       elementTypeId: 39,
       enabledSkills: [],
       disabledSkills: [Object],
       ageBonus: 29,
       _name: 'Hop' },
     { _type: 'InteractiveElement',
       elementId: 478174,
       elementTypeId: 43,
       enabledSkills: [],
       disabledSkills: [Object],
       _name: 'Barley' },
     { _type: 'InteractiveElementWithAgeBonus',
       elementId: 478199,
       elementTypeId: 39,
       enabledSkills: [],
       disabledSkills: [Object],
       ageBonus: 8,
       _name: 'Hop' },
     { _type: 'InteractiveElementWithAgeBonus',
       elementId: 478177,
       elementTypeId: 43,
       enabledSkills: [Object],
       disabledSkills: [],
       ageBonus: 0,
       _name: 'Barley' },
     { _type: 'InteractiveElement',
       elementId: 478180,
       elementTypeId: 38,
       enabledSkills: [],
       disabledSkills: [Object],
       _name: 'Wheat' },
     { _type: 'InteractiveElementWithAgeBonus',
       elementId: 478183,
       elementTypeId: 39,
       enabledSkills: [],
       disabledSkills: [Object],
       ageBonus: 8,
       _name: 'Hop' },
     { _type: 'InteractiveElementWithAgeBonus',
       elementId: 478208,
       elementTypeId: 39,
       enabledSkills: [],
       disabledSkills: [Object],
       ageBonus: 29,
       _name: 'Hop' },
     { _type: 'InteractiveElementWithAgeBonus',
       elementId: 478211,
       elementTypeId: 39,
       enabledSkills: [],
       disabledSkills: [Object],
       ageBonus: 29,
       _name: 'Hop' },
     { _type: 'InteractiveElementWithAgeBonus',
       elementId: 478164,
       elementTypeId: 38,
       enabledSkills: [Object],
       disabledSkills: [],
       ageBonus: 0,
       _name: 'Wheat' },
     { _type: 'InteractiveElementWithAgeBonus',
       elementId: 478189,
       elementTypeId: 39,
       enabledSkills: [],
       disabledSkills: [Object],
       ageBonus: 29,
       _name: 'Hop' },
     { _type: 'InteractiveElement',
       elementId: 478167,
       elementTypeId: 38,
       enabledSkills: [],
       disabledSkills: [Object],
       _name: 'Wheat' },
     { _type: 'InteractiveElement',
       elementId: 478170,
       elementTypeId: 43,
       enabledSkills: [],
       disabledSkills: [Object],
       _name: 'Barley' },
     { _type: 'InteractiveElementWithAgeBonus',
       elementId: 478195,
       elementTypeId: 39,
       enabledSkills: [],
       disabledSkills: [Object],
       ageBonus: 32,
       _name: 'Hop' },
     { _type: 'InteractiveElement',
       elementId: 478173,
       elementTypeId: 38,
       enabledSkills: [],
       disabledSkills: [Object],
       _name: 'Wheat' },
     { _type: 'InteractiveElementWithAgeBonus',
       elementId: 478176,
       elementTypeId: 43,
       enabledSkills: [],
       disabledSkills: [Object],
       ageBonus: 0,
       _name: 'Barley' },
     { _type: 'InteractiveElementWithAgeBonus',
       elementId: 478201,
       elementTypeId: 39,
       enabledSkills: [],
       disabledSkills: [Object],
       ageBonus: 29,
       _name: 'Hop' },
     { _type: 'InteractiveElementWithAgeBonus',
       elementId: 478179,
       elementTypeId: 43,
       enabledSkills: [Object],
       disabledSkills: [],
       ageBonus: 0,
       _name: 'Barley' },
     { _type: 'InteractiveElementWithAgeBonus',
       elementId: 478204,
       elementTypeId: 39,
       enabledSkills: [],
       disabledSkills: [Object],
       ageBonus: 29,
       _name: 'Hop' },
     { _type: 'InteractiveElement',
       elementId: 478182,
       elementTypeId: 43,
       enabledSkills: [],
       disabledSkills: [Object],
       _name: 'Barley' },
     { _type: 'InteractiveElementWithAgeBonus',
       elementId: 478207,
       elementTypeId: 39,
       enabledSkills: [],
       disabledSkills: [Object],
       ageBonus: 30,
       _name: 'Hop' },
     { _type: 'InteractiveElementWithAgeBonus',
       elementId: 478185,
       elementTypeId: 39,
       enabledSkills: [],
       disabledSkills: [Object],
       ageBonus: 29,
       _name: 'Hop' } ],
  statedElements: 
   [ { _type: 'StatedElement',
       elementId: 478163,
       elementCellId: 517,
       elementState: 0 },
     { _type: 'StatedElement',
       elementId: 478188,
       elementCellId: 271,
       elementState: 0 },
     { _type: 'StatedElement',
       elementId: 478166,
       elementCellId: 81,
       elementState: 1 },
     { _type: 'StatedElement',
       elementId: 478169,
       elementCellId: 80,
       elementState: 1 },
     { _type: 'StatedElement',
       elementId: 478194,
       elementCellId: 285,
       elementState: 0 },
     { _type: 'StatedElement',
       elementId: 478172,
       elementCellId: 94,
       elementState: 1 },
     { _type: 'StatedElement',
       elementId: 478175,
       elementCellId: 107,
       elementState: 1 },
     { _type: 'StatedElement',
       elementId: 478200,
       elementCellId: 298,
       elementState: 0 },
     { _type: 'StatedElement',
       elementId: 478178,
       elementCellId: 162,
       elementState: 1 },
     { _type: 'StatedElement',
       elementId: 478181,
       elementCellId: 120,
       elementState: 1 },
     { _type: 'StatedElement',
       elementId: 478206,
       elementCellId: 325,
       elementState: 0 },
     { _type: 'StatedElement',
       elementId: 478212,
       elementCellId: 296,
       elementState: 0 },
     { _type: 'StatedElement',
       elementId: 478165,
       elementCellId: 516,
       elementState: 0 },
     { _type: 'StatedElement',
       elementId: 478168,
       elementCellId: 67,
       elementState: 1 },
     { _type: 'StatedElement',
       elementId: 478193,
       elementCellId: 313,
       elementState: 0 },
     { _type: 'StatedElement',
       elementId: 478171,
       elementCellId: 122,
       elementState: 1 },
     { _type: 'StatedElement',
       elementId: 478196,
       elementCellId: 229,
       elementState: 0 },
     { _type: 'StatedElement',
       elementId: 478174,
       elementCellId: 135,
       elementState: 1 },
     { _type: 'StatedElement',
       elementId: 478199,
       elementCellId: 326,
       elementState: 0 },
     { _type: 'StatedElement',
       elementId: 478177,
       elementCellId: 93,
       elementState: 0 },
     { _type: 'StatedElement',
       elementId: 478180,
       elementCellId: 148,
       elementState: 1 },
     { _type: 'StatedElement',
       elementId: 478183,
       elementCellId: 272,
       elementState: 0 },
     { _type: 'StatedElement',
       elementId: 478208,
       elementCellId: 269,
       elementState: 0 },
     { _type: 'StatedElement',
       elementId: 478211,
       elementCellId: 283,
       elementState: 0 },
     { _type: 'StatedElement',
       elementId: 478164,
       elementCellId: 502,
       elementState: 0 },
     { _type: 'StatedElement',
       elementId: 478189,
       elementCellId: 243,
       elementState: 0 },
     { _type: 'StatedElement',
       elementId: 478167,
       elementCellId: 95,
       elementState: 1 },
     { _type: 'StatedElement',
       elementId: 478170,
       elementCellId: 150,
       elementState: 1 },
     { _type: 'StatedElement',
       elementId: 478195,
       elementCellId: 257,
       elementState: 0 },
     { _type: 'StatedElement',
       elementId: 478173,
       elementCellId: 66,
       elementState: 1 },
     { _type: 'StatedElement',
       elementId: 478176,
       elementCellId: 121,
       elementState: 2 },
     { _type: 'StatedElement',
       elementId: 478201,
       elementCellId: 270,
       elementState: 0 },
     { _type: 'StatedElement',
       elementId: 478179,
       elementCellId: 134,
       elementState: 0 },
     { _type: 'StatedElement',
       elementId: 478204,
       elementCellId: 256,
       elementState: 0 },
     { _type: 'StatedElement',
       elementId: 478182,
       elementCellId: 133,
       elementState: 1 },
     { _type: 'StatedElement',
       elementId: 478207,
       elementCellId: 297,
       elementState: 0 },
     { _type: 'StatedElement',
       elementId: 478185,
       elementCellId: 258,
       elementState: 0 } ],
  obstacles: [],
  fights: [],
  _isInitialized: true }
'Packet Received : '
{ _messageType: 'BasicNoOperationMessage' }
'Packet Received : '
{ _messageType: 'GameMapMovementMessage',
  keyMovements: [ 60, 89 ],
  actorId: -2,
  _isInitialized: true }
'Packet Received : '
{ _messageType: 'StatedElementUpdatedMessage',
  statedElement: 
   { _type: 'StatedElement',
     elementId: 478176,
     elementCellId: 121,
     elementState: 1 },
  _isInitialized: true }
'Packet Received : '
{ _messageType: 'InteractiveElementUpdatedMessage',
  interactiveElement: 
   { _type: 'InteractiveElement',
     elementId: 478176,
     elementTypeId: 43,
     enabledSkills: [],
     disabledSkills: [ [Object] ],
     _name: 'Barley' },
  _isInitialized: true }
'Packet Received : '
{ _messageType: 'GameMapMovementMessage',
  keyMovements: [ 122, 135 ],
  actorId: 547037,
  _isInitialized: true }
'Packet Received : '
{ _messageType: 'StatedElementUpdatedMessage',
  statedElement: 
   { _type: 'StatedElement',
     elementId: 478179,
     elementCellId: 134,
     elementState: 2 },
  _isInitialized: true }
'Packet Received : '
{ _messageType: 'InteractiveElementUpdatedMessage',
  interactiveElement: 
   { _type: 'InteractiveElement',
     elementId: 478179,
     elementTypeId: 43,
     enabledSkills: [],
     disabledSkills: [ [Object] ],
     _name: 'Barley' },
  _isInitialized: true }
'Packet Received : '
{ _messageType: 'InteractiveUsedMessage',
  entityId: 547037,
  elemId: 478179,
  skillId: 53,
  duration: 91,
  _isInitialized: true,
  _useAnimation: 'AnimFaucher' }
'Packet Received : '
{ _messageType: 'GameMapMovementMessage',
  keyMovements: [ 530, 545 ],
  actorId: -3,
  _isInitialized: true }
'Packet Received : '
{ _messageType: 'StatedElementUpdatedMessage',
  statedElement: 
   { _type: 'StatedElement',
     elementId: 478179,
     elementCellId: 134,
     elementState: 1 },
  _isInitialized: true }
'Packet Received : '
{ _messageType: 'InteractiveElementUpdatedMessage',
  interactiveElement: 
   { _type: 'InteractiveElement',
     elementId: 478179,
     elementTypeId: 43,
     enabledSkills: [],
     disabledSkills: [ [Object] ],
     _name: 'Barley' },
  _isInitialized: true }
'Packet Received : '
{ _messageType: 'GameMapMovementMessage',
  keyMovements: [ 135, 121 ],
  actorId: 547037,
  _isInitialized: true }
'Packet Received : '
{ _messageType: 'StatedElementUpdatedMessage',
  statedElement: 
   { _type: 'StatedElement',
     elementId: 478177,
     elementCellId: 93,
     elementState: 2 },
  _isInitialized: true }
'Packet Received : '
{ _messageType: 'InteractiveElementUpdatedMessage',
  interactiveElement: 
   { _type: 'InteractiveElement',
     elementId: 478177,
     elementTypeId: 43,
     enabledSkills: [],
     disabledSkills: [ [Object] ],
     _name: 'Barley' },
  _isInitialized: true }
'Packet Received : '
{ _messageType: 'InteractiveUsedMessage',
  entityId: 547037,
  elemId: 478177,
  skillId: 53,
  duration: 91,
  _isInitialized: true,
  _useAnimation: 'AnimFaucher' }
'Packet Received : '
{ _messageType: 'GameMapMovementMessage',
  keyMovements: [ 124, 137 ],
  actorId: -1,
  _isInitialized: true }
