'Message sent :'
'connecting'
{ appVersion: '1.9.27',
  buildVersion: '0.60.0',
  client: 'android',
  language: 'en',
  server: 'login' }
'Packet Received : '
{ _messageType: 'ProtocolRequired',
  requiredVersion: 1534,
  currentVersion: 1547,
  _isInitialized: true }
'Packet Received : '
{ _messageType: 'HelloConnectMessage',
  salt: 'izckd1wdME<8]qjUB}.ljcC9e;61]VnA',
  key: 
   [ 83,
     27,
     37,
     103,
     9,
     68,
     -103,
     -47,
     48,
     -127,
     -61,
     68,
     83,
     116,
     19,
     31,
     17,
     -111,
     119,
     -33,
     99,
     -124,
     61,
     47,
     34,
     0,
     -58,
     -110,
     24,
     -54,
     78,
     -79,
     65,
     -25,
     -111,
     70,
     -64,
     -108,
     -61,
     -9,
     49,
     -20,
     -10,
     -36,
     60,
     27,
     -55,
     126,
     109,
     -73,
     40,
     33,
     64,
     117,
     -100,
     -81,
     -102,
     59,
     16,
     -99,
     -3,
     -100,
     98,
     89,
     -16,
     -56,
     -92,
     -50,
     127,
     -46,
     -22,
     -20,
     71,
     97,
     -36,
     -55,
     -20,
     -107,
     104,
     53,
     -70,
     -120,
     -85,
     -37,
     126,
     19,
     96,
     -26,
     -43,
     76,
     -81,
     114,
     -123,
     -124,
     2,
     120,
     72,
     126,
     33,
     -42,
     ... 205 more items ],
  _isInitialized: true }
'Message sent :'
'checkAssetsVersion'
{ assetsVersion: '2.15.15', staticDataVersion: '25' }
'Packet Received : '
{ assetsVersion: null,
  staticDataVersion: null,
  _messageType: 'assetsVersionChecked' }
'Message sent :'
'login'
{ username: 'zahidsacri',
  token: '36f7aa002b206e9043e96aa946b59d84',
  salt: 'izckd1wdME<8]qjUB}.ljcC9e;61]VnA',
  key: 
   [ 83,
     27,
     37,
     103,
     9,
     68,
     -103,
     -47,
     48,
     -127,
     -61,
     68,
     83,
     116,
     19,
     31,
     17,
     -111,
     119,
     -33,
     99,
     -124,
     61,
     47,
     34,
     0,
     -58,
     -110,
     24,
     -54,
     78,
     -79,
     65,
     -25,
     -111,
     70,
     -64,
     -108,
     -61,
     -9,
     49,
     -20,
     -10,
     -36,
     60,
     27,
     -55,
     126,
     109,
     -73,
     40,
     33,
     64,
     117,
     -100,
     -81,
     -102,
     59,
     16,
     -99,
     -3,
     -100,
     98,
     89,
     -16,
     -56,
     -92,
     -50,
     127,
     -46,
     -22,
     -20,
     71,
     97,
     -36,
     -55,
     -20,
     -107,
     104,
     53,
     -70,
     -120,
     -85,
     -37,
     126,
     19,
     96,
     -26,
     -43,
     76,
     -81,
     114,
     -123,
     -124,
     2,
     120,
     72,
     126,
     33,
     -42,
     ... 205 more items ] }
'Packet Received : '
{ _messageType: 'LoginQueueStatusMessage',
  position: 2,
  total: 2,
  _isInitialized: true }
'Packet Received : '
{ _messageType: 'CredentialsAcknowledgementMessage' }
'Packet Received : '
{ _messageType: 'LoginQueueStatusMessage',
  position: 2,
  total: 3,
  _isInitialized: true }
'Packet Received : '
{ _messageType: 'LoginQueueStatusMessage',
  position: 0,
  total: 3,
  _isInitialized: true }
'Packet Received : '
{ _messageType: 'IdentificationSuccessMessage',
  login: '1465968706065040793',
  nickname: 'XxXVikingsXxX',
  accountId: 112984462,
  communityId: 0,
  hasRights: false,
  secretQuestion: '',
  subscriptionEndDate: 0,
  wasAlreadyConnected: true,
  accountCreation: 1482954291000,
  _isInitialized: true }
'Packet Received : '
{ _messageType: 'ServersListMessage',
  servers: 
   [ { _type: 'GameServerInformations',
       id: 405,
       status: 3,
       completion: 0,
       isSelectable: true,
       charactersCount: 0,
       date: 0,
       _name: 'Herdegrize',
       _gameTypeId: 0 },
     { _type: 'GameServerInformations',
       id: 407,
       status: 3,
       completion: 0,
       isSelectable: false,
       charactersCount: 0,
       date: 0,
       _name: 'Brutas',
       _gameTypeId: 0 },
     { _type: 'GameServerInformations',
       id: 404,
       status: 3,
       completion: 0,
       isSelectable: true,
       charactersCount: 0,
       date: 0,
       _name: 'Terra Cogita',
       _gameTypeId: 0 },
     { _type: 'GameServerInformations',
       id: 401,
       status: 3,
       completion: 0,
       isSelectable: true,
       charactersCount: 0,
       date: 0,
       _name: 'Grandapan',
       _gameTypeId: 0 },
     { _type: 'GameServerInformations',
       id: 406,
       status: 3,
       completion: 0,
       isSelectable: true,
       charactersCount: 0,
       date: 0,
       _name: 'Dodge',
       _gameTypeId: 0 },
     { _type: 'GameServerInformations',
       id: 403,
       status: 3,
       completion: 0,
       isSelectable: true,
       charactersCount: 1,
       date: 1487502112244,
       _name: 'Oshimo',
       _gameTypeId: 0 } ],
  _isInitialized: true }
'Message sent :'
'sendMessage'
{ type: 'ServerSelectionMessage', data: { serverId: 403 } }
'Packet Received : '
{ _messageType: 'SelectedServerDataMessage',
  serverId: 403,
  address: '172.31.17.136',
  port: 5555,
  canCreateNewCharacter: true,
  ticket: '28df44207d13edc7b6e18cc729036e38',
  _isInitialized: true,
  _access: 'https://oshimogameproxy.touch.dofus.com' }
'Message sent :'
'disconnecting'
'SWITCHING_TO_GAME'
'Message sent :'
'connecting'
{ appVersion: '1.9.27',
  buildVersion: '0.60.0',
  client: 'android',
  language: 'en',
  server: { address: '172.31.17.136', port: 5555, id: 403 } }
'Packet Received : '
{ _messageType: 'ProtocolRequired',
  requiredVersion: 1547,
  currentVersion: 1547,
  _isInitialized: true }
'Packet Received : '
{ _messageType: 'HelloGameMessage' }
'Message sent :'
'sendMessage'
{ type: 'AuthenticationTicketMessage',
  data: { ticket: '28df44207d13edc7b6e18cc729036e38', lang: 'en' } }
'Packet Received : '
{ _messageType: 'BasicAckMessage',
  seq: 0,
  lastPacketId: 110,
  _isInitialized: true }
'Packet Received : '
{ _messageType: 'AuthenticationTicketRefusedMessage' }
'Packet Received : '
{ _messageType: 'SystemMessageDisplayMessage',
  hangUp: true,
  msgId: 30,
  parameters: [],
  _isInitialized: true,
  text: 'Login denied. \nYou could not be authenticated on this server because your log in attempt timed out.\nMake sure you stop all downloads and streaming videos or music to improve your connection speed.',
  title: 'Caution' }
'Packet Received : '
{ _messageType: 'BasicNoOperationMessage' }
'Packet Received : '
{ _messageType: 'serverDisconnecting', reason: 'SERVER_GONE' }
