'Message sent :'
{ call: 'connecting',
  data: 
   { appVersion: '1.9.27',
     buildVersion: '0.60.0',
     client: 'android',
     language: 'en',
     server: 'login' } }
'Message reveived :'
{ _messageType: 'ProtocolRequired',
  requiredVersion: 1534,
  currentVersion: 1547,
  _isInitialized: true }
'Message reveived :'
{ _messageType: 'HelloConnectMessage',
  salt: 'izhavz26J\'MyJ%&r:T%+uf0Q{,HV(8A]',
  key: 
   [ 44,
     36,
     -15,
     121,
     58,
     -13,
     -48,
     -14,
     -42,
     122,
     55,
     78,
     -66,
     67,
     -44,
     -7,
     -75,
     123,
     80,
     -61,
     -41,
     -50,
     -5,
     46,
     47,
     111,
     -44,
     -112,
     76,
     74,
     -17,
     -38,
     118,
     -47,
     -96,
     80,
     93,
     -13,
     -109,
     93,
     72,
     -32,
     112,
     -124,
     16,
     -31,
     -87,
     -47,
     -102,
     -71,
     84,
     113,
     -49,
     99,
     -3,
     -102,
     -123,
     -82,
     127,
     82,
     29,
     -101,
     -128,
     -83,
     -120,
     30,
     -119,
     -24,
     101,
     30,
     51,
     107,
     -107,
     -28,
     3,
     79,
     -12,
     24,
     -99,
     -39,
     81,
     -61,
     -44,
     39,
     -128,
     43,
     13,
     -68,
     -2,
     13,
     38,
     -19,
     52,
     26,
     -122,
     93,
     76,
     112,
     -5,
     120,
     ... 205 more items ],
  _isInitialized: true }
'Message sent :'
{ call: 'checkAssetsVersion',
  data: { assetsVersion: '2.15.15', staticDataVersion: '25' } }
'Message reveived :'
{ assetsVersion: null,
  staticDataVersion: null,
  _messageType: 'assetsVersionChecked' }
'Message sent :'
{ call: 'login',
  data: 
   { username: 'corbeaubot3',
     token: 'f3789fa7838090821c4d37483c995c7f',
     salt: 'izhavz26J\'MyJ%&r:T%+uf0Q{,HV(8A]',
     key: 
      [ 44,
        36,
        -15,
        121,
        58,
        -13,
        -48,
        -14,
        -42,
        122,
        55,
        78,
        -66,
        67,
        -44,
        -7,
        -75,
        123,
        80,
        -61,
        -41,
        -50,
        -5,
        46,
        47,
        111,
        -44,
        -112,
        76,
        74,
        -17,
        -38,
        118,
        -47,
        -96,
        80,
        93,
        -13,
        -109,
        93,
        72,
        -32,
        112,
        -124,
        16,
        -31,
        -87,
        -47,
        -102,
        -71,
        84,
        113,
        -49,
        99,
        -3,
        -102,
        -123,
        -82,
        127,
        82,
        29,
        -101,
        -128,
        -83,
        -120,
        30,
        -119,
        -24,
        101,
        30,
        51,
        107,
        -107,
        -28,
        3,
        79,
        -12,
        24,
        -99,
        -39,
        81,
        -61,
        -44,
        39,
        -128,
        43,
        13,
        -68,
        -2,
        13,
        38,
        -19,
        52,
        26,
        -122,
        93,
        76,
        112,
        -5,
        120,
        ... 205 more items ] } }
'Message reveived :'
{ _messageType: 'LoginQueueStatusMessage',
  position: 4,
  total: 4,
  _isInitialized: true }
'Message reveived :'
{ _messageType: 'CredentialsAcknowledgementMessage' }
'Message reveived :'
{ _messageType: 'LoginQueueStatusMessage',
  position: 2,
  total: 2,
  _isInitialized: true }
'Message reveived :'
{ _messageType: 'LoginQueueStatusMessage',
  position: 0,
  total: 1,
  _isInitialized: true }
'Message reveived :'
{ _messageType: 'IdentificationSuccessMessage',
  login: '1465968706081279984',
  nickname: '#guest#634305153',
  accountId: 108104299,
  communityId: 4,
  hasRights: false,
  secretQuestion: '',
  subscriptionEndDate: 0,
  wasAlreadyConnected: false,
  accountCreation: 1478897364000,
  _isInitialized: true }
'Message reveived :'
{ _messageType: 'ServersListMessage',
  servers: 
   [ { _type: 'GameServerInformations',
       id: 405,
       status: 3,
       completion: 0,
       isSelectable: false,
       charactersCount: 0,
       date: 0,
       _name: 'Herdegrize',
       _gameTypeId: 0 },
     { _type: 'GameServerInformations',
       id: 407,
       status: 3,
       completion: 0,
       isSelectable: true,
       charactersCount: 3,
       date: 1487787343069,
       _name: 'Brutas',
       _gameTypeId: 0 },
     { _type: 'GameServerInformations',
       id: 404,
       status: 3,
       completion: 0,
       isSelectable: false,
       charactersCount: 0,
       date: 0,
       _name: 'Terra Cogita',
       _gameTypeId: 0 },
     { _type: 'GameServerInformations',
       id: 401,
       status: 3,
       completion: 0,
       isSelectable: true,
       charactersCount: 0,
       date: 0,
       _name: 'Grandapan',
       _gameTypeId: 0 },
     { _type: 'GameServerInformations',
       id: 406,
       status: 3,
       completion: 0,
       isSelectable: true,
       charactersCount: 0,
       date: 0,
       _name: 'Dodge',
       _gameTypeId: 0 },
     { _type: 'GameServerInformations',
       id: 403,
       status: 3,
       completion: 0,
       isSelectable: false,
       charactersCount: 0,
       date: 0,
       _name: 'Oshimo',
       _gameTypeId: 0 } ],
  _isInitialized: true }
'Message sent :'
{ call: 'sendMessage',
  data: { type: 'ServerSelectionMessage', data: { serverId: 407 } } }
'Message reveived :'
{ _messageType: 'SelectedServerDataMessage',
  serverId: 407,
  address: '172.30.17.178',
  port: 5555,
  canCreateNewCharacter: true,
  ticket: '5466ced49a20f7682a62e136996c4b1b',
  _isInitialized: true,
  _access: 'https://grandapangameproxy.touch.dofus.com' }
'Message sent :'
{ call: 'disconnecting', data: 'SWITCHING_TO_GAME' }
'Message sent :'
{ call: 'connecting',
  data: 
   { appVersion: '1.9.27',
     buildVersion: '0.60.0',
     client: 'android',
     language: 'en',
     server: { address: '172.30.17.178', port: 5555, id: 407 } } }
'Message reveived :'
{ _messageType: 'ProtocolRequired',
  requiredVersion: 1547,
  currentVersion: 1547,
  _isInitialized: true }
'Message reveived :'
{ _messageType: 'HelloGameMessage' }
'Message sent :'
{ call: 'sendMessage',
  data: 
   { type: 'AuthenticationTicketMessage',
     data: { ticket: '5466ced49a20f7682a62e136996c4b1b', lang: 'en' } } }
'Message reveived :'
{ _messageType: 'BasicAckMessage',
  seq: 0,
  lastPacketId: 110,
  _isInitialized: true }
'Message reveived :'
{ _messageType: 'AuthenticationTicketAcceptedMessage' }
'Message reveived :'
{ _messageType: 'BasicTimeMessage',
  timestamp: 1487788550,
  timezoneOffset: 60,
  _isInitialized: true }
'Message reveived :'
{ _messageType: 'ServerSettingsMessage',
  lang: 'es',
  community: 4,
  gameType: 0,
  _isInitialized: true }
'Message reveived :'
{ _messageType: 'ServerOptionalFeaturesMessage',
  features: [ 1, 2, 3, 5 ],
  _isInitialized: true }
'Message reveived :'
{ _messageType: 'ServerSessionConstantsMessage',
  variables: 
   [ { _type: 'ServerSessionConstantInteger', id: 1, value: 1500000 },
     { _type: 'ServerSessionConstantLong', id: 2, value: 7200000 },
     { _type: 'ServerSessionConstantInteger', id: 3, value: 30 },
     { _type: 'ServerSessionConstantLong', id: 4, value: 86400000 },
     { _type: 'ServerSessionConstantLong', id: 5, value: 60000 } ],
  _isInitialized: true }
'Message reveived :'
{ _messageType: 'AccountCapabilitiesMessage',
  accountId: 108104299,
  tutorialAvailable: true,
  breedsVisible: 32767,
  breedsAvailable: 32767,
  status: 0,
  _isInitialized: true }
'Message reveived :'
{ _messageType: 'TrustStatusMessage',
  trusted: true,
  _isInitialized: true }
'Message reveived :'
{ _messageType: 'BasicNoOperationMessage' }
'Message sent :'
{ call: 'sendMessage',
  data: { type: 'CharactersListRequestMessage', data: undefined } }
'Message reveived :'
{ _messageType: 'BasicAckMessage',
  seq: 1,
  lastPacketId: 150,
  _isInitialized: true }
'Message reveived :'
{ _messageType: 'QueueStatusMessage',
  position: 1,
  total: 1,
  _isInitialized: true }
'Message reveived :'
{ _messageType: 'QueueStatusMessage',
  position: 0,
  total: 0,
  _isInitialized: true }
'Message reveived :'
{ _messageType: 'BasicNoOperationMessage' }
'Message reveived :'
{ _messageType: 'QueueStatusMessage',
  position: 0,
  total: 0,
  _isInitialized: true }
'Message reveived :'
{ _messageType: 'CharactersListMessage',
  hasStartupActions: false,
  characters: 
   [ { _type: 'CharacterBaseInformations',
       id: 307724,
       level: 24,
       name: 'Nelphield',
       entityLook: [Object],
       breed: 9,
       sex: false },
     { _type: 'CharacterBaseInformations',
       id: 307704,
       level: 2,
       name: 'Plumachaval',
       entityLook: [Object],
       breed: 3,
       sex: false },
     { _type: 'CharacterBaseInformations',
       id: 310614,
       level: 1,
       name: 'Chipean',
       entityLook: [Object],
       breed: 11,
       sex: false } ],
  _isInitialized: true }
'Message sent :'
{ call: 'sendMessage',
  data: { type: 'CharacterSelectionMessage', data: { id: 307724 } } }
'Message reveived :'
{ _messageType: 'BasicAckMessage',
  seq: 2,
  lastPacketId: 152,
  _isInitialized: true }
'Message reveived :'
{ _messageType: 'BasicNoOperationMessage' }
'Message reveived :'
{ _messageType: 'QueueStatusMessage',
  position: 0,
  total: 0,
  _isInitialized: true }
'Message reveived :'
{ _messageType: 'NotificationListMessage',
  flags: [ 8895986 ],
  _isInitialized: true }
'Message reveived :'
{ _messageType: 'CharacterSelectedSuccessMessage',
  infos: 
   { _type: 'CharacterBaseInformations',
     id: 307724,
     level: 24,
     name: 'Nelphield',
     entityLook: 
      { _type: 'EntityLook',
        bonesId: 1,
        skins: [Object],
        indexedColors: [Object],
        scales: [Object],
        subentities: [] },
     breed: 9,
     sex: false },
  _isInitialized: true }
'Message reveived :'
{ _messageType: 'InventoryContentMessage',
  objects: 
   [ { _type: 'ObjectItem',
       position: 2,
       objectGID: 6910,
       effects: [Object],
       objectUID: 161319901,
       quantity: 1 },
     { _type: 'ObjectItem',
       position: 7,
       objectGID: 2473,
       effects: [Object],
       objectUID: 161319902,
       quantity: 1 },
     { _type: 'ObjectItem',
       position: 4,
       objectGID: 6920,
       effects: [Object],
       objectUID: 161319903,
       quantity: 1 },
     { _type: 'ObjectItem',
       position: 1,
       objectGID: 10797,
       effects: [Object],
       objectUID: 161319904,
       quantity: 1 },
     { _type: 'ObjectItem',
       position: 6,
       objectGID: 6917,
       effects: [Object],
       objectUID: 161319905,
       quantity: 1 },
     { _type: 'ObjectItem',
       position: 3,
       objectGID: 6912,
       effects: [Object],
       objectUID: 161319906,
       quantity: 1 },
     { _type: 'ObjectItem',
       position: 0,
       objectGID: 8214,
       effects: [Object],
       objectUID: 161319907,
       quantity: 1 },
     { _type: 'ObjectItem',
       position: 63,
       objectGID: 10792,
       effects: [Object],
       objectUID: 161319908,
       quantity: 1 },
     { _type: 'ObjectItem',
       position: 63,
       objectGID: 10793,
       effects: [Object],
       objectUID: 161319909,
       quantity: 2 },
     { _type: 'ObjectItem',
       position: 63,
       objectGID: 10795,
       effects: [Object],
       objectUID: 161319910,
       quantity: 1 },
     { _type: 'ObjectItem',
       position: 63,
       objectGID: 10796,
       effects: [Object],
       objectUID: 161319911,
       quantity: 1 },
     { _type: 'ObjectItem',
       position: 63,
       objectGID: 10801,
       effects: [Object],
       objectUID: 161319912,
       quantity: 1 },
     { _type: 'ObjectItem',
       position: 63,
       objectGID: 8545,
       effects: [],
       objectUID: 161319913,
       quantity: 11 },
     { _type: 'ObjectItem',
       position: 63,
       objectGID: 10784,
       effects: [Object],
       objectUID: 161319914,
       quantity: 1 },
     { _type: 'ObjectItem',
       position: 63,
       objectGID: 10798,
       effects: [Object],
       objectUID: 161319915,
       quantity: 1 },
     { _type: 'ObjectItem',
       position: 63,
       objectGID: 10799,
       effects: [Object],
       objectUID: 161319916,
       quantity: 1 },
     { _type: 'ObjectItem',
       position: 63,
       objectGID: 10794,
       effects: [Object],
       objectUID: 161319917,
       quantity: 1 },
     { _type: 'ObjectItem',
       position: 63,
       objectGID: 10785,
       effects: [Object],
       objectUID: 161319918,
       quantity: 1 },
     { _type: 'ObjectItem',
       position: 63,
       objectGID: 10800,
       effects: [Object],
       objectUID: 161319919,
       quantity: 1 },
     { _type: 'ObjectItem',
       position: 63,
       objectGID: 385,
       effects: [],
       objectUID: 161319920,
       quantity: 2 },
     { _type: 'ObjectItem',
       position: 63,
       objectGID: 6899,
       effects: [],
       objectUID: 161319921,
       quantity: 11 },
     { _type: 'ObjectItem',
       position: 63,
       objectGID: 8229,
       effects: [Object],
       objectUID: 161319922,
       quantity: 2 },
     { _type: 'ObjectItem',
       position: 63,
       objectGID: 6902,
       effects: [],
       objectUID: 161319923,
       quantity: 8 },
     { _type: 'ObjectItem',
       position: 63,
       objectGID: 8236,
       effects: [Object],
       objectUID: 161319924,
       quantity: 1 },
     { _type: 'ObjectItem',
       position: 63,
       objectGID: 6897,
       effects: [],
       objectUID: 161319925,
       quantity: 16 },
     { _type: 'ObjectItem',
       position: 63,
       objectGID: 8239,
       effects: [Object],
       objectUID: 161319926,
       quantity: 1 },
     { _type: 'ObjectItem',
       position: 63,
       objectGID: 365,
       effects: [],
       objectUID: 161319927,
       quantity: 44 },
     { _type: 'ObjectItem',
       position: 63,
       objectGID: 6900,
       effects: [],
       objectUID: 161319928,
       quantity: 18 },
     { _type: 'ObjectItem',
       position: 63,
       objectGID: 8243,
       effects: [Object],
       objectUID: 161319929,
       quantity: 1 },
     { _type: 'ObjectItem',
       position: 63,
       objectGID: 8230,
       effects: [Object],
       objectUID: 161319930,
       quantity: 1 },
     { _type: 'ObjectItem',
       position: 63,
       objectGID: 388,
       effects: [],
       objectUID: 161319931,
       quantity: 58 },
     { _type: 'ObjectItem',
       position: 63,
       objectGID: 371,
       effects: [],
       objectUID: 161319932,
       quantity: 20 },
     { _type: 'ObjectItem',
       position: 63,
       objectGID: 387,
       effects: [],
       objectUID: 161319933,
       quantity: 23 },
     { _type: 'ObjectItem',
       position: 63,
       objectGID: 288,
       effects: [],
       objectUID: 161319934,
       quantity: 15 },
     { _type: 'ObjectItem',
       position: 63,
       objectGID: 6903,
       effects: [],
       objectUID: 161319935,
       quantity: 11 },
     { _type: 'ObjectItem',
       position: 63,
       objectGID: 377,
       effects: [],
       objectUID: 161319936,
       quantity: 53 },
     { _type: 'ObjectItem',
       position: 63,
       objectGID: 2662,
       effects: [],
       objectUID: 161319937,
       quantity: 5 },
     { _type: 'ObjectItem',
       position: 63,
       objectGID: 309,
       effects: [],
       objectUID: 161319938,
       quantity: 18 },
     { _type: 'ObjectItem',
       position: 63,
       objectGID: 311,
       effects: [],
       objectUID: 161319939,
       quantity: 85 },
     { _type: 'ObjectItem',
       position: 63,
       objectGID: 6898,
       effects: [],
       objectUID: 161319940,
       quantity: 12 },
     { _type: 'ObjectItem',
       position: 63,
       objectGID: 364,
       effects: [],
       objectUID: 161319941,
       quantity: 11 },
     { _type: 'ObjectItem',
       position: 63,
       objectGID: 363,
       effects: [],
       objectUID: 161319942,
       quantity: 22 },
     { _type: 'ObjectItem',
       position: 63,
       objectGID: 6921,
       effects: [Object],
       objectUID: 161319943,
       quantity: 1 },
     { _type: 'ObjectItem',
       position: 63,
       objectGID: 379,
       effects: [],
       objectUID: 161319944,
       quantity: 46 },
     { _type: 'ObjectItem',
       position: 63,
       objectGID: 1673,
       effects: [],
       objectUID: 161319945,
       quantity: 1 },
     { _type: 'ObjectItem',
       position: 63,
       objectGID: 6002,
       effects: [Object],
       objectUID: 161319946,
       quantity: 1 },
     { _type: 'ObjectItem',
       position: 63,
       objectGID: 2302,
       effects: [],
       objectUID: 161319947,
       quantity: 5 },
     { _type: 'ObjectItem',
       position: 63,
       objectGID: 887,
       effects: [],
       objectUID: 161319948,
       quantity: 7 },
     { _type: 'ObjectItem',
       position: 63,
       objectGID: 2466,
       effects: [],
       objectUID: 161319949,
       quantity: 2 },
     { _type: 'ObjectItem',
       position: 63,
       objectGID: 3820,
       effects: [Object],
       objectUID: 161319950,
       quantity: 1 },
     { _type: 'ObjectItem',
       position: 63,
       objectGID: 5561,
       effects: [Object],
       objectUID: 161319951,
       quantity: 1 },
     { _type: 'ObjectItem',
       position: 63,
       objectGID: 2712,
       effects: [Object],
       objectUID: 161319952,
       quantity: 1 },
     { _type: 'ObjectItem',
       position: 63,
       objectGID: 2659,
       effects: [],
       objectUID: 161319953,
       quantity: 10 },
     { _type: 'ObjectItem',
       position: 63,
       objectGID: 2583,
       effects: [],
       objectUID: 161319954,
       quantity: 7 },
     { _type: 'ObjectItem',
       position: 63,
       objectGID: 2661,
       effects: [],
       objectUID: 161319955,
       quantity: 4 },
     { _type: 'ObjectItem',
       position: 63,
       objectGID: 882,
       effects: [],
       objectUID: 161319956,
       quantity: 5 },
     { _type: 'ObjectItem',
       position: 63,
       objectGID: 6915,
       effects: [Object],
       objectUID: 161319957,
       quantity: 1 },
     { _type: 'ObjectItem',
       position: 63,
       objectGID: 6922,
       effects: [Object],
       objectUID: 161319958,
       quantity: 1 },
     { _type: 'ObjectItem',
       position: 63,
       objectGID: 652,
       effects: [],
       objectUID: 161319959,
       quantity: 1 },
     { _type: 'ObjectItem',
       position: 63,
       objectGID: 2475,
       effects: [Object],
       objectUID: 161319960,
       quantity: 1 },
     { _type: 'ObjectItem',
       position: 63,
       objectGID: 287,
       effects: [],
       objectUID: 161319961,
       quantity: 22 },
     { _type: 'ObjectItem',
       position: 63,
       objectGID: 519,
       effects: [],
       objectUID: 161319962,
       quantity: 21 },
     { _type: 'ObjectItem',
       position: 63,
       objectGID: 300,
       effects: [],
       objectUID: 161319963,
       quantity: 17 },
     { _type: 'ObjectItem',
       position: 63,
       objectGID: 2467,
       effects: [],
       objectUID: 161319964,
       quantity: 1 },
     { _type: 'ObjectItem',
       position: 63,
       objectGID: 486,
       effects: [],
       objectUID: 161319965,
       quantity: 16 },
     { _type: 'ObjectItem',
       position: 63,
       objectGID: 307,
       effects: [],
       objectUID: 161319966,
       quantity: 8 },
     { _type: 'ObjectItem',
       position: 63,
       objectGID: 394,
       effects: [],
       objectUID: 161319967,
       quantity: 16 },
     { _type: 'ObjectItem',
       position: 63,
       objectGID: 6919,
       effects: [Object],
       objectUID: 161319968,
       quantity: 1 },
     { _type: 'ObjectItem',
       position: 63,
       objectGID: 393,
       effects: [],
       objectUID: 161319969,
       quantity: 9 },
     { _type: 'ObjectItem',
       position: 63,
       objectGID: 386,
       effects: [],
       objectUID: 161319970,
       quantity: 3 },
     { _type: 'ObjectItem',
       position: 63,
       objectGID: 290,
       effects: [],
       objectUID: 161319971,
       quantity: 6 },
     { _type: 'ObjectItem',
       position: 63,
       objectGID: 2468,
       effects: [],
       objectUID: 161319972,
       quantity: 1 },
     { _type: 'ObjectItem',
       position: 63,
       objectGID: 362,
       effects: [],
       objectUID: 161319973,
       quantity: 5 },
     { _type: 'ObjectItem',
       position: 63,
       objectGID: 2463,
       effects: [],
       objectUID: 161319974,
       quantity: 1 },
     { _type: 'ObjectItem',
       position: 63,
       objectGID: 2475,
       effects: [Object],
       objectUID: 161319975,
       quantity: 1 },
     { _type: 'ObjectItem',
       position: 63,
       objectGID: 7423,
       effects: [Object],
       objectUID: 161319976,
       quantity: 1 } ],
  kamas: 4600,
  _isInitialized: true }
'Message reveived :'
{ _messageType: 'SetUpdateMessage',
  setId: 21,
  setObjects: [ 6910 ],
  setEffects: [],
  _isInitialized: true }
'Message reveived :'
{ _messageType: 'SetUpdateMessage',
  setId: 5,
  setObjects: [ 2473 ],
  setEffects: [],
  _isInitialized: true }
'Message reveived :'
{ _messageType: 'SetUpdateMessage',
  setId: 24,
  setObjects: [ 6920 ],
  setEffects: [],
  _isInitialized: true }
'Message reveived :'
{ _messageType: 'SetUpdateMessage',
  setId: 150,
  setObjects: [ 10797 ],
  setEffects: [],
  _isInitialized: true }
'Message reveived :'
{ _messageType: 'SetUpdateMessage',
  setId: 23,
  setObjects: [ 6917 ],
  setEffects: [],
  _isInitialized: true }
'Message reveived :'
{ _messageType: 'SetUpdateMessage',
  setId: 22,
  setObjects: [ 6912 ],
  setEffects: [],
  _isInitialized: true }
'Message reveived :'
{ _messageType: 'SetUpdateMessage',
  setId: 61,
  setObjects: [ 8214 ],
  setEffects: [],
  _isInitialized: true }
'Message reveived :'
{ _messageType: 'ShortcutBarContentMessage',
  barType: 0,
  shortcuts: [],
  _isInitialized: true }
'Message reveived :'
{ _messageType: 'ShortcutBarContentMessage',
  barType: 1,
  shortcuts: 
   [ { _type: 'ShortcutSpell', slot: 8, spellId: 168 },
     { _type: 'ShortcutSpell', slot: 5, spellId: 165 },
     { _type: 'ShortcutSpell', slot: 2, spellId: 164 },
     { _type: 'ShortcutSpell', slot: 7, spellId: 167 },
     { _type: 'ShortcutSpell', slot: 4, spellId: 163 },
     { _type: 'ShortcutSpell', slot: 1, spellId: 161 },
     { _type: 'ShortcutSpell', slot: 9, spellId: 162 },
     { _type: 'ShortcutSpell', slot: 6, spellId: 172 },
     { _type: 'ShortcutSpell', slot: 3, spellId: 169 },
     { _type: 'ShortcutSpell', slot: 0, spellId: 0 } ],
  _isInitialized: true }
'Message reveived :'
{ _messageType: 'EmoteListMessage',
  emoteIds: [ 1 ],
  _isInitialized: true }
'Message reveived :'
{ _messageType: 'AlignmentRankUpdateMessage',
  alignmentRank: 0,
  verbose: false,
  _isInitialized: true }
'Message reveived :'
{ _messageType: 'PrismsListMessage',
  prisms: 
   [ { _type: 'PrismGeolocalizedInformation',
       subAreaId: 521,
       allianceId: 0,
       worldX: -14,
       worldY: -44,
       mapId: 138540,
       prism: [Object],
       enrichData: [Object] },
     { _type: 'PrismSubareaEmptyInfo', subAreaId: 499, allianceId: 0 },
     { _type: 'PrismSubareaEmptyInfo', subAreaId: 123, allianceId: 0 },
     { _type: 'PrismGeolocalizedInformation',
       subAreaId: 43,
       allianceId: 0,
       worldX: -37,
       worldY: -50,
       mapId: 150322,
       prism: [Object],
       enrichData: [Object] },
     { _type: 'PrismSubareaEmptyInfo', subAreaId: 477, allianceId: 0 },
     { _type: 'PrismSubareaEmptyInfo', subAreaId: 607, allianceId: 0 },
     { _type: 'PrismGeolocalizedInformation',
       subAreaId: 455,
       allianceId: 0,
       worldX: -55,
       worldY: 11,
       mapId: 63963913,
       prism: [Object],
       enrichData: [Object] },
     { _type: 'PrismGeolocalizedInformation',
       subAreaId: 103,
       allianceId: 0,
       worldX: 13,
       worldY: 21,
       mapId: 88086786,
       prism: [Object],
       enrichData: [Object] },
     { _type: 'PrismGeolocalizedInformation',
       subAreaId: 520,
       allianceId: 0,
       worldX: -8,
       worldY: -37,
       mapId: 135461,
       prism: [Object],
       enrichData: [Object] },
     { _type: 'PrismSubareaEmptyInfo', subAreaId: 64, allianceId: 0 },
     { _type: 'PrismGeolocalizedInformation',
       subAreaId: 109,
       allianceId: 0,
       worldX: 32,
       worldY: -36,
       mapId: 16676,
       prism: [Object],
       enrichData: [Object] },
     { _type: 'PrismGeolocalizedInformation',
       subAreaId: 533,
       allianceId: 0,
       worldX: -36,
       worldY: -56,
       mapId: 149816,
       prism: [Object],
       enrichData: [Object] },
     { _type: 'PrismGeolocalizedInformation',
       subAreaId: 476,
       allianceId: 0,
       worldX: 31,
       worldY: -48,
       mapId: 16176,
       prism: [Object],
       enrichData: [Object] },
     { _type: 'PrismGeolocalizedInformation',
       subAreaId: 606,
       allianceId: 0,
       worldX: -80,
       worldY: -75,
       mapId: 54174027,
       prism: [Object],
       enrichData: [Object] },
     { _type: 'PrismGeolocalizedInformation',
       subAreaId: 454,
       allianceId: 0,
       worldX: -56,
       worldY: 3,
       mapId: 159747,
       prism: [Object],
       enrichData: [Object] },
     { _type: 'PrismGeolocalizedInformation',
       subAreaId: 651,
       allianceId: 0,
       worldX: -55,
       worldY: -41,
       mapId: 54161193,
       prism: [Object],
       enrichData: [Object] },
     { _type: 'PrismGeolocalizedInformation',
       subAreaId: 519,
       allianceId: 0,
       worldX: -6,
       worldY: -56,
       mapId: 134456,
       prism: [Object],
       enrichData: [Object] },
     { _type: 'PrismSubareaEmptyInfo', subAreaId: 80, allianceId: 0 },
     { _type: 'PrismSubareaEmptyInfo', subAreaId: 63, allianceId: 0 },
     { _type: 'PrismGeolocalizedInformation',
       subAreaId: 280,
       allianceId: 0,
       worldX: -24,
       worldY: 29,
       mapId: 143389,
       prism: [Object],
       enrichData: [Object] },
     { _type: 'PrismSubareaEmptyInfo',
       subAreaId: 798,
       allianceId: 0,
       enrichData: [Object] },
     { _type: 'PrismGeolocalizedInformation',
       subAreaId: 171,
       allianceId: 0,
       worldX: 27,
       worldY: -37,
       mapId: 14117,
       prism: [Object],
       enrichData: [Object] },
     { _type: 'PrismSubareaEmptyInfo', subAreaId: 540, allianceId: 0 },
     { _type: 'PrismGeolocalizedInformation',
       subAreaId: 605,
       allianceId: 0,
       worldX: -73,
       worldY: -69,
       mapId: 60036612,
       prism: [Object],
       enrichData: [Object] },
     { _type: 'PrismGeolocalizedInformation',
       subAreaId: 453,
       allianceId: 0,
       worldX: -56,
       worldY: 0,
       mapId: 159744,
       prism: [Object],
       enrichData: [Object] },
     { _type: 'PrismGeolocalizedInformation',
       subAreaId: 518,
       allianceId: 0,
       worldX: -16,
       worldY: -60,
       mapId: 139580,
       prism: [Object],
       enrichData: [Object] },
     { _type: 'PrismGeolocalizedInformation',
       subAreaId: 62,
       allianceId: 0,
       worldX: -29,
       worldY: -9,
       mapId: 100141056,
       prism: [Object],
       enrichData: [Object] },
     { _type: 'PrismGeolocalizedInformation',
       subAreaId: 279,
       allianceId: 0,
       worldX: -28,
       worldY: -64,
       mapId: 145728,
       prism: [Object],
       enrichData: [Object] },
     { _type: 'PrismGeolocalizedInformation',
       subAreaId: 170,
       allianceId: 0,
       worldX: 5,
       worldY: 28,
       mapId: 88082437,
       prism: [Object],
       enrichData: [Object] },
     { _type: 'PrismSubareaEmptyInfo', subAreaId: 539, allianceId: 0 },
     { _type: 'PrismGeolocalizedInformation',
       subAreaId: 235,
       allianceId: 0,
       worldX: -20,
       worldY: -2,
       mapId: 73533699,
       prism: [Object],
       enrichData: [Object] },
     { _type: 'PrismGeolocalizedInformation',
       subAreaId: 604,
       allianceId: 0,
       worldX: -58,
       worldY: -68,
       mapId: 54162756,
       prism: [Object],
       enrichData: [Object] },
     { _type: 'PrismGeolocalizedInformation',
       subAreaId: 517,
       allianceId: 0,
       worldX: -19,
       worldY: 24,
       mapId: 140824,
       prism: [Object],
       enrichData: [Object] },
     { _type: 'PrismGeolocalizedInformation',
       subAreaId: 61,
       allianceId: 0,
       worldX: -15,
       worldY: 34,
       mapId: 138786,
       prism: [Object],
       enrichData: [Object] },
     { _type: 'PrismGeolocalizedInformation',
       subAreaId: 278,
       allianceId: 0,
       worldX: 3,
       worldY: -9,
       mapId: 84674061,
       prism: [Object],
       enrichData: [Object] },
     { _type: 'PrismSubareaEmptyInfo', subAreaId: 799, allianceId: 0 },
     { _type: 'PrismGeolocalizedInformation',
       subAreaId: 495,
       allianceId: 0,
       worldX: -14,
       worldY: 33,
       mapId: 17828355,
       prism: [Object],
       enrichData: [Object] },
     { _type: 'PrismGeolocalizedInformation',
       subAreaId: 777,
       allianceId: 0,
       worldX: 32,
       worldY: -31,
       mapId: 79167488,
       prism: [Object],
       enrichData: [Object] },
     { _type: 'PrismGeolocalizedInformation',
       subAreaId: 169,
       allianceId: 0,
       worldX: -6,
       worldY: -10,
       mapId: 134410,
       prism: [Object],
       enrichData: [Object] },
     { _type: 'PrismGeolocalizedInformation',
       subAreaId: 234,
       allianceId: 0,
       worldX: -11,
       worldY: 2,
       mapId: 73402881,
       prism: [Object],
       enrichData: [Object] },
     { _type: 'PrismGeolocalizedInformation',
       subAreaId: 603,
       allianceId: 0,
       worldX: -79,
       worldY: -71,
       mapId: 54173511,
       prism: [Object],
       enrichData: [Object] },
     { _type: 'PrismGeolocalizedInformation',
       subAreaId: 532,
       allianceId: 0,
       worldX: -36,
       worldY: -52,
       mapId: 149812,
       prism: [Object],
       enrichData: [Object] },
     { _type: 'PrismSubareaEmptyInfo', subAreaId: 81, allianceId: 0 },
     { _type: 'PrismGeolocalizedInformation',
       subAreaId: 277,
       allianceId: 0,
       worldX: -5,
       worldY: 10,
       mapId: 104071684,
       prism: [Object],
       enrichData: [Object] },
     { _type: 'PrismGeolocalizedInformation',
       subAreaId: 38,
       allianceId: 0,
       worldX: -1,
       worldY: -40,
       mapId: 131880,
       prism: [Object],
       enrichData: [Object] },
     { _type: 'PrismGeolocalizedInformation',
       subAreaId: 27,
       allianceId: 0,
       worldX: 12,
       worldY: 4,
       mapId: 88086291,
       prism: [Object],
       enrichData: [Object] },
     { _type: 'PrismGeolocalizedInformation',
       subAreaId: 472,
       allianceId: 0,
       worldX: -52,
       worldY: 16,
       mapId: 25690116,
       prism: [Object],
       enrichData: [Object] },
     { _type: 'PrismGeolocalizedInformation',
       subAreaId: 168,
       allianceId: 0,
       worldX: -9,
       worldY: -14,
       mapId: 135950,
       prism: [Object],
       enrichData: [Object] },
     { _type: 'PrismGeolocalizedInformation',
       subAreaId: 233,
       allianceId: 0,
       worldX: -10,
       worldY: 2,
       mapId: 136194,
       prism: [Object],
       enrichData: [Object] },
     { _type: 'PrismGeolocalizedInformation',
       subAreaId: 602,
       allianceId: 0,
       worldX: -85,
       worldY: -36,
       mapId: 54176548,
       prism: [Object],
       enrichData: [Object] },
     { _type: 'PrismGeolocalizedInformation',
       subAreaId: 59,
       allianceId: 0,
       worldX: -13,
       worldY: -61,
       mapId: 138045,
       prism: [Object],
       enrichData: [Object] },
     { _type: 'PrismGeolocalizedInformation',
       subAreaId: 276,
       allianceId: 0,
       worldX: -4,
       worldY: 3,
       mapId: 104072451,
       prism: [Object],
       enrichData: [Object] },
     { _type: 'PrismGeolocalizedInformation',
       subAreaId: 102,
       allianceId: 0,
       worldX: -4,
       worldY: -9,
       mapId: 84805645,
       prism: [Object],
       enrichData: [Object] },
     { _type: 'PrismGeolocalizedInformation',
       subAreaId: 471,
       allianceId: 0,
       worldX: -60,
       worldY: -8,
       mapId: 162056,
       prism: [Object],
       enrichData: [Object] },
     { _type: 'PrismGeolocalizedInformation',
       subAreaId: 167,
       allianceId: 0,
       worldX: 30,
       worldY: 11,
       mapId: 47185920,
       prism: [Object],
       enrichData: [Object] },
     { _type: 'PrismSubareaEmptyInfo', subAreaId: 79, allianceId: 0 },
     { _type: 'PrismGeolocalizedInformation',
       subAreaId: 232,
       allianceId: 0,
       worldX: -7,
       worldY: -1,
       mapId: 134913,
       prism: [Object],
       enrichData: [Object] },
     { _type: 'PrismGeolocalizedInformation',
       subAreaId: 753,
       allianceId: 0,
       worldX: -63,
       worldY: -75,
       mapId: 62128646,
       prism: [Object],
       enrichData: [Object] },
     { _type: 'PrismGeolocalizedInformation',
       subAreaId: 601,
       allianceId: 0,
       worldX: -73,
       worldY: -34,
       mapId: 54170402,
       prism: [Object],
       enrichData: [Object] },
     { _type: 'PrismGeolocalizedInformation',
       subAreaId: 115,
       allianceId: 0,
       worldX: 19,
       worldY: -32,
       mapId: 10016,
       prism: [Object],
       enrichData: [Object] },
     { _type: 'PrismGeolocalizedInformation',
       subAreaId: 275,
       allianceId: 0,
       worldX: -20,
       worldY: 11,
       mapId: 63310594,
       prism: [Object],
       enrichData: [Object] },
     { _type: 'PrismGeolocalizedInformation',
       subAreaId: 492,
       allianceId: 0,
       worldX: -21,
       worldY: 13,
       mapId: 18350082,
       prism: [Object],
       enrichData: [Object] },
     { _type: 'PrismGeolocalizedInformation',
       subAreaId: 253,
       allianceId: 0,
       worldX: -16,
       worldY: 9,
       mapId: 139273,
       prism: [Object],
       enrichData: [Object] },
     { _type: 'PrismGeolocalizedInformation',
       subAreaId: 622,
       allianceId: 0,
       worldX: -76,
       worldY: -75,
       mapId: 59510784,
       prism: [Object],
       enrichData: [Object] },
     { _type: 'PrismGeolocalizedInformation',
       subAreaId: 166,
       allianceId: 0,
       worldX: 31,
       worldY: 12,
       mapId: 61212168,
       prism: [Object],
       enrichData: [Object] },
     { _type: 'PrismGeolocalizedInformation',
       subAreaId: 535,
       allianceId: 0,
       worldX: -30,
       worldY: 37,
       mapId: 146469,
       prism: [Object],
       enrichData: [Object] },
     { _type: 'PrismGeolocalizedInformation',
       subAreaId: 231,
       allianceId: 0,
       worldX: -21,
       worldY: -5,
       mapId: 75629314,
       prism: [Object],
       enrichData: [Object] },
     { _type: 'PrismGeolocalizedInformation',
       subAreaId: 600,
       allianceId: 0,
       worldX: -75,
       worldY: -35,
       mapId: 54171427,
       prism: [Object],
       enrichData: [Object] },
     { _type: 'PrismGeolocalizedInformation',
       subAreaId: 513,
       allianceId: 0,
       worldX: -32,
       worldY: -57,
       mapId: 147769,
       prism: [Object],
       enrichData: [Object] },
     { _type: 'PrismGeolocalizedInformation',
       subAreaId: 57,
       allianceId: 0,
       worldX: -20,
       worldY: 28,
       mapId: 141340,
       prism: [Object],
       enrichData: [Object] },
     { _type: 'PrismGeolocalizedInformation',
       subAreaId: 116,
       allianceId: 0,
       worldX: 27,
       worldY: -48,
       mapId: 14128,
       prism: [Object],
       enrichData: [Object] },
     { _type: 'PrismGeolocalizedInformation',
       subAreaId: 469,
       allianceId: 0,
       worldX: -54,
       worldY: 17,
       mapId: 20973056,
       prism: [Object],
       enrichData: [Object] },
     { _type: 'PrismGeolocalizedInformation',
       subAreaId: 165,
       allianceId: 0,
       worldX: 31,
       worldY: 6,
       mapId: 61212162,
       prism: [Object],
       enrichData: [Object] },
     { _type: 'PrismGeolocalizedInformation',
       subAreaId: 534,
       allianceId: 0,
       worldX: -20,
       worldY: 40,
       mapId: 141352,
       prism: [Object],
       enrichData: [Object] },
     { _type: 'PrismGeolocalizedInformation',
       subAreaId: 230,
       allianceId: 0,
       worldX: -10,
       worldY: 13,
       mapId: 64489222,
       prism: [Object],
       enrichData: [Object] },
     { _type: 'PrismGeolocalizedInformation',
       subAreaId: 143,
       allianceId: 0,
       worldX: 17,
       worldY: -26,
       mapId: 8986,
       prism: [Object],
       enrichData: [Object] },
     { _type: 'PrismGeolocalizedInformation',
       subAreaId: 56,
       allianceId: 0,
       worldX: -8,
       worldY: -48,
       mapId: 135472,
       prism: [Object],
       enrichData: [Object] },
     { _type: 'PrismGeolocalizedInformation',
       subAreaId: 117,
       allianceId: 0,
       worldX: 21,
       worldY: -26,
       mapId: 11034,
       prism: [Object],
       enrichData: [Object] },
     { _type: 'PrismGeolocalizedInformation',
       subAreaId: 490,
       allianceId: 0,
       worldX: 14,
       worldY: 22,
       mapId: 88087297,
       prism: [Object],
       enrichData: [Object] },
     { _type: 'PrismGeolocalizedInformation',
       subAreaId: 468,
       allianceId: 0,
       worldX: -53,
       worldY: 15,
       mapId: 28050432,
       prism: [Object],
       enrichData: [Object] },
     { _type: 'PrismGeolocalizedInformation',
       subAreaId: 316,
       allianceId: 0,
       worldX: -3,
       worldY: 24,
       mapId: 38932993,
       prism: [Object],
       enrichData: [Object] },
     { _type: 'PrismGeolocalizedInformation',
       subAreaId: 164,
       allianceId: 0,
       worldX: 24,
       worldY: -13,
       mapId: 99614979,
       prism: [Object],
       enrichData: [Object] },
     { _type: 'PrismGeolocalizedInformation',
       subAreaId: 12,
       allianceId: 0,
       worldX: 8,
       worldY: 29,
       mapId: 88083974,
       prism: [Object],
       enrichData: [Object] },
     { _type: 'PrismGeolocalizedInformation',
       subAreaId: 511,
       allianceId: 0,
       worldX: -27,
       worldY: 38,
       mapId: 144934,
       prism: [Object],
       enrichData: [Object] },
     { _type: 'PrismGeolocalizedInformation',
       subAreaId: 55,
       allianceId: 0,
       worldX: -20,
       worldY: -62,
       mapId: 141630,
       prism: [Object],
       enrichData: [Object] },
     { _type: 'PrismGeolocalizedInformation',
       subAreaId: 118,
       allianceId: 0,
       worldX: 31,
       worldY: -35,
       mapId: 16163,
       prism: [Object],
       enrichData: [Object] },
     { _type: 'PrismGeolocalizedInformation',
       subAreaId: 33,
       allianceId: 0,
       worldX: -8,
       worldY: -11,
       mapId: 135435,
       prism: [Object],
       enrichData: [Object] },
     { _type: 'PrismGeolocalizedInformation',
       subAreaId: 315,
       allianceId: 0,
       worldX: -4,
       worldY: 24,
       mapId: 84411392,
       prism: [Object],
       enrichData: [Object] },
     { _type: 'PrismGeolocalizedInformation',
       subAreaId: 163,
       allianceId: 0,
       worldX: 21,
       worldY: -11,
       mapId: 99747585,
       prism: [Object],
       enrichData: [Object] },
     { _type: 'PrismGeolocalizedInformation',
       subAreaId: 11,
       allianceId: 0,
       worldX: -1,
       worldY: 33,
       mapId: 72618499,
       prism: [Object],
       enrichData: [Object] },
     { _type: 'PrismGeolocalizedInformation',
       subAreaId: 76,
       allianceId: 0,
       worldX: -21,
       worldY: -25,
       mapId: 14551301,
       prism: [Object],
       enrichData: [Object] },
     { _type: 'PrismGeolocalizedInformation',
       subAreaId: 54,
       allianceId: 0,
       worldX: -13,
       worldY: -27,
       mapId: 138011,
       prism: [Object],
       enrichData: [Object] },
     { _type: 'PrismGeolocalizedInformation',
       subAreaId: 119,
       allianceId: 0,
       worldX: 24,
       worldY: -36,
       mapId: 12580,
       prism: [Object],
       enrichData: [Object] },
     { _type: 'PrismGeolocalizedInformation',
       subAreaId: 488,
       allianceId: 0,
       worldX: 4,
       worldY: 1,
       mapId: 99094017,
       prism: [Object],
       enrichData: [Object] },
     { _type: 'PrismGeolocalizedInformation',
       subAreaId: 32,
       allianceId: 0,
       worldX: 12,
       worldY: 29,
       mapId: 95424516,
       prism: [Object],
       enrichData: [Object] },
     { _type: 'PrismGeolocalizedInformation',
       subAreaId: 466,
       allianceId: 0,
       worldX: -47,
       worldY: 15,
       mapId: 155151,
       prism: [Object],
       enrichData: [Object] },
     { _type: 'PrismGeolocalizedInformation',
       subAreaId: 314,
       allianceId: 0,
       worldX: -4,
       worldY: 24,
       mapId: 33686528,
       prism: [Object],
       enrichData: [Object] },
     { _type: 'PrismGeolocalizedInformation',
       subAreaId: 162,
       allianceId: 0,
       worldX: 26,
       worldY: -11,
       mapId: 116919300,
       prism: [Object],
       enrichData: [Object] },
     { _type: 'PrismGeolocalizedInformation',
       subAreaId: 10,
       allianceId: 0,
       worldX: -1,
       worldY: 0,
       mapId: 88212759,
       prism: [Object],
       enrichData: [Object] },
     { _type: 'PrismGeolocalizedInformation',
       subAreaId: 531,
       allianceId: 0,
       worldX: -23,
       worldY: 40,
       mapId: 142888,
       prism: [Object],
       enrichData: [Object] },
     ... 86 more items ],
  _isInitialized: true }
'Message reveived :'
{ _messageType: 'EnabledChannelsMessage',
  channels: [ 0, 1, 2, 3, 4, 5, 6, 12, 13, 9, 10 ],
  disallowed: [ 8, 7 ],
  _isInitialized: true }
'Message reveived :'
{ _messageType: 'SpellListMessage',
  spellPrevisualization: true,
  spells: 
   [ { _type: 'SpellItem', position: 63, spellId: 172, spellLevel: 1 },
     { _type: 'SpellItem', position: 63, spellId: 169, spellLevel: 1 },
     { _type: 'SpellItem', position: 63, spellId: 161, spellLevel: 5 },
     { _type: 'SpellItem', position: 63, spellId: 163, spellLevel: 1 },
     { _type: 'SpellItem', position: 63, spellId: 168, spellLevel: 1 },
     { _type: 'SpellItem', position: 63, spellId: 165, spellLevel: 1 },
     { _type: 'SpellItem', position: 63, spellId: 162, spellLevel: 1 },
     { _type: 'SpellItem', position: 63, spellId: 167, spellLevel: 1 },
     { _type: 'SpellItem', position: 63, spellId: 164, spellLevel: 1 },
     { _type: 'SpellItem', position: 63, spellId: 0, spellLevel: 1 } ],
  _isInitialized: true }
'Message reveived :'
{ _messageType: 'ShortcutBarContentMessage',
  barType: 1,
  shortcuts: 
   [ { _type: 'ShortcutSpell', slot: 8, spellId: 168 },
     { _type: 'ShortcutSpell', slot: 5, spellId: 165 },
     { _type: 'ShortcutSpell', slot: 2, spellId: 164 },
     { _type: 'ShortcutSpell', slot: 7, spellId: 167 },
     { _type: 'ShortcutSpell', slot: 4, spellId: 163 },
     { _type: 'ShortcutSpell', slot: 1, spellId: 161 },
     { _type: 'ShortcutSpell', slot: 9, spellId: 162 },
     { _type: 'ShortcutSpell', slot: 6, spellId: 172 },
     { _type: 'ShortcutSpell', slot: 3, spellId: 169 },
     { _type: 'ShortcutSpell', slot: 0, spellId: 0 } ],
  _isInitialized: true }
'Message reveived :'
{ _messageType: 'SetCharacterRestrictionsMessage',
  restrictions: 
   { _type: 'ActorRestrictionsInformations',
     cantBeAggressed: false,
     cantBeChallenged: false,
     cantTrade: false,
     cantBeAttackedByMutant: false,
     cantRun: false,
     forceSlowWalk: false,
     cantMinimize: false,
     cantMove: false,
     cantAggress: false,
     cantChallenge: false,
     cantExchange: false,
     cantAttack: true,
     cantChat: false,
     cantBeMerchant: false,
     cantUseObject: false,
     cantUseTaxCollector: false,
     cantUseInteractive: false,
     cantSpeakToNPC: false,
     cantChangeZone: false,
     cantAttackMonster: false,
     cantWalk8Directions: false },
  _isInitialized: true }
'Message reveived :'
{ _messageType: 'InventoryWeightMessage',
  weight: 1002,
  weightMax: 1000,
  _isInitialized: true }
'Message reveived :'
{ _messageType: 'FriendWarnOnConnectionStateMessage',
  enable: true,
  _isInitialized: true }
'Message reveived :'
{ _messageType: 'FriendWarnOnLevelGainStateMessage',
  enable: true,
  _isInitialized: true }
'Message reveived :'
{ _messageType: 'FriendGuildWarnOnAchievementCompleteStateMessage',
  enable: true,
  _isInitialized: true }
'Message reveived :'
{ _messageType: 'GuildMemberWarnOnConnectionStateMessage',
  enable: true,
  _isInitialized: true }
'Message reveived :'
{ _messageType: 'SequenceNumberRequestMessage' }
'Message sent :'
{ call: 'sendMessage',
  data: { type: 'SequenceNumberMessage', data: { number: 1 } } }
'Message reveived :'
{ _messageType: 'TextInformationMessage',
  msgType: 1,
  msgId: 89,
  parameters: [],
  _isInitialized: true,
  text: 'Welcome to DOFUS, and welcome to the World of Twelve! \nRemember that it is <b>strictly forbidden</b> to disclose your account name or password.' }
'Message reveived :'
{ _messageType: 'TextInformationMessage',
  msgType: 1,
  msgId: 15,
  parameters: [ '13 hours, 54 minutes' ],
  _isInitialized: true,
  text: 'There will be a server maintenance in 13 hours, 54 minutes.' }
'Message reveived :'
{ _messageType: 'SpouseStatusMessage',
  hasSpouse: false,
  _isInitialized: true }
'Message reveived :'
{ _messageType: 'AchievementListMessage',
  finishedAchievementsIds: [ 3, 341, 118, 418, 421, 424, 4, 342, 419, 422, 117, 414, 417 ],
  rewardableAchievements: [],
  _isInitialized: true,
  enrichData: { points: 22, achievementsTotal: 952 } }
'Message reveived :'
{ _messageType: 'GameRolePlayArenaUpdatePlayerInfosMessage',
  rank: 65,
  bestDailyRank: 0,
  bestRank: 0,
  victoryCount: 0,
  arenaFightcount: 0,
  _isInitialized: true }
'Message reveived :'
{ _messageType: 'CharacterCapabilitiesMessage',
  guildEmblemSymbolCategories: 4095,
  _isInitialized: true }
'Message reveived :'
{ _messageType: 'AlmanachCalendarDateMessage',
  date: 184,
  _isInitialized: true,
  _merydeName: 'Ludobel' }
'Message reveived :'
{ _messageType: 'MailStatusMessage',
  unread: 0,
  total: 0,
  _isInitialized: true }
'Message reveived :'
{ _messageType: 'StartupActionsListMessage',
  actions: [],
  _isInitialized: true }
'Message sent :'
{ call: 'sendMessage',
  data: { type: 'moneyGoultinesAmountRequest', data: undefined } }
'Message sent :'
{ call: 'sendMessage',
  data: { type: 'QuestListRequestMessage', data: undefined } }
'Message sent :'
{ call: 'sendMessage',
  data: { type: 'FriendsGetListMessage', data: undefined } }
'Message sent :'
{ call: 'sendMessage',
  data: { type: 'IgnoredGetListMessage', data: undefined } }
'Message sent :'
{ call: 'sendMessage',
  data: { type: 'SpouseGetInformationsMessage', data: undefined } }
'Message sent :'
{ call: 'sendMessage',
  data: { type: 'moneyGoultinesAmountRequest', data: undefined } }
'Message sent :'
{ call: 'sendMessage',
  data: { type: 'moneyGoultinesAmountRequest', data: undefined } }
'Message sent :'
{ call: 'sendMessage',
  data: { type: 'moneyGoultinesAmountRequest', data: undefined } }
'Message sent :'
{ call: 'bakSoftToHardCurrentRateRequest', data: undefined }
'Message sent :'
{ call: 'bakHardToSoftCurrentRateRequest', data: undefined }
'Message sent :'
{ call: 'kpiStartSession',
  data: { accountSessionId: '1465968706081279984', isSubscriber: false } }
'Message sent :'
{ call: 'sendMessage',
  data: 
   { type: 'ClientKeyMessage',
     data: { key: '4TO43vNoG2E396cEGiC3F' } } }
'Message sent :'
{ call: 'sendMessage',
  data: { type: 'GameContextCreateRequestMessage', data: undefined } }
'Message reveived :'
{ _messageType: 'BasicAckMessage',
  seq: 3,
  lastPacketId: 6317,
  _isInitialized: true }
'Message reveived :'
{ _messageType: 'BasicNoOperationMessage' }
'Message reveived :'
{ _messageType: 'BasicAckMessage',
  seq: 4,
  lastPacketId: 5623,
  _isInitialized: true }
'Message reveived :'
{ _messageType: 'QuestListMessage',
  finishedQuestsIds: [],
  finishedQuestsCounts: [],
  activeQuests: [],
  _isInitialized: true }
'Message reveived :'
{ _messageType: 'BasicNoOperationMessage' }
'Message reveived :'
{ _messageType: 'BasicAckMessage',
  seq: 5,
  lastPacketId: 4001,
  _isInitialized: true }
'Message reveived :'
{ _messageType: 'FriendsListMessage',
  friendsList: 
   [ { _type: 'FriendInformations',
       accountId: 105847807,
       accountName: '#guest#623615777',
       playerState: 0,
       lastConnection: 72,
       achievementPoints: -1 } ],
  _isInitialized: true }
'Message reveived :'
{ _messageType: 'BasicNoOperationMessage' }
'Message reveived :'
{ _messageType: 'BasicAckMessage',
  seq: 6,
  lastPacketId: 5676,
  _isInitialized: true }
'Message reveived :'
{ _messageType: 'IgnoredListMessage',
  ignoredList: [],
  _isInitialized: true }
'Message reveived :'
{ _messageType: 'BasicNoOperationMessage' }
'Message reveived :'
{ _messageType: 'BasicAckMessage',
  seq: 7,
  lastPacketId: 6355,
  _isInitialized: true }
'Message reveived :'
{ _messageType: 'BasicNoOperationMessage' }
'Message reveived :'
{ _messageType: 'BasicAckMessage',
  seq: 8,
  lastPacketId: 5607,
  _isInitialized: true }
'Message reveived :'
{ _messageType: 'BasicNoOperationMessage' }
'Message reveived :'
{ _messageType: 'BasicAckMessage',
  seq: 9,
  lastPacketId: 250,
  _isInitialized: true }
'Message reveived :'
{ _messageType: 'GameContextDestroyMessage' }
'Message reveived :'
{ _messageType: 'GameContextCreateMessage',
  context: 1,
  _isInitialized: true }
'Message reveived :'
{ _messageType: 'LifePointsRegenBeginMessage',
  regenRate: 10,
  _isInitialized: true }
'Message reveived :'
{ _messageType: 'CurrentMapMessage',
  mapId: 80219142,
  mapKey: 'e3924ef41cbb545b113ca6bc96e57d53',
  _isInitialized: true }
'Message sent :'
{ call: 'sendMessage',
  data: 
   { type: 'MapInformationsRequestMessage',
     data: { mapId: 80219142 } } }
'Message reveived :'
{ _messageType: 'BasicTimeMessage',
  timestamp: 1487788551,
  timezoneOffset: 60,
  _isInitialized: true }
'Message reveived :'
{ _messageType: 'CharacterStatsListMessage',
  stats: 
   { _type: 'CharacterCharacteristicsInformations',
     experience: 333696,
     experienceLevelFloor: 310000,
     experienceNextLevelFloor: 353000,
     kamas: 4600,
     statsPoints: 35,
     spellsPoints: 13,
     alignmentInfos: 
      { _type: 'ActorExtendedAlignmentInformations',
        alignmentSide: 0,
        alignmentValue: 0,
        alignmentGrade: 0,
        characterPower: 307748,
        honor: 0,
        honorGradeFloor: 0,
        honorNextGradeFloor: 500,
        aggressable: 0 },
     lifePoints: 171,
     maxLifePoints: 171,
     energyPoints: 7540,
     maxEnergyPoints: 10000,
     actionPointsCurrent: 6,
     movementPointsCurrent: 3,
     initiative: 
      { _type: 'CharacterBaseCharacteristic',
        base: 86,
        objectsAndMountBonus: 44,
        alignGiftBonus: 0,
        contextModif: 0 },
     prospecting: 
      { _type: 'CharacterBaseCharacteristic',
        base: 100,
        objectsAndMountBonus: 0,
        alignGiftBonus: 0,
        contextModif: 0 },
     actionPoints: 
      { _type: 'CharacterBaseCharacteristic',
        base: 6,
        objectsAndMountBonus: 0,
        alignGiftBonus: 0,
        contextModif: 0 },
     movementPoints: 
      { _type: 'CharacterBaseCharacteristic',
        base: 3,
        objectsAndMountBonus: 0,
        alignGiftBonus: 0,
        contextModif: 0 },
     strength: 
      { _type: 'CharacterBaseCharacteristic',
        base: 0,
        objectsAndMountBonus: -20,
        alignGiftBonus: 0,
        contextModif: 0 },
     vitality: 
      { _type: 'CharacterBaseCharacteristic',
        base: 0,
        objectsAndMountBonus: 1,
        alignGiftBonus: 0,
        contextModif: 0 },
     wisdom: 
      { _type: 'CharacterBaseCharacteristic',
        base: 0,
        objectsAndMountBonus: 18,
        alignGiftBonus: 0,
        contextModif: 0 },
     chance: 
      { _type: 'CharacterBaseCharacteristic',
        base: 0,
        objectsAndMountBonus: -9,
        alignGiftBonus: 0,
        contextModif: 0 },
     agility: 
      { _type: 'CharacterBaseCharacteristic',
        base: 0,
        objectsAndMountBonus: 1,
        alignGiftBonus: 0,
        contextModif: 0 },
     intelligence: 
      { _type: 'CharacterBaseCharacteristic',
        base: 65,
        objectsAndMountBonus: 20,
        alignGiftBonus: 0,
        contextModif: 0 },
     range: 
      { _type: 'CharacterBaseCharacteristic',
        base: 0,
        objectsAndMountBonus: 0,
        alignGiftBonus: 0,
        contextModif: 0 },
     summonableCreaturesBoost: 
      { _type: 'CharacterBaseCharacteristic',
        base: 1,
        objectsAndMountBonus: 0,
        alignGiftBonus: 0,
        contextModif: 0 },
     reflect: 
      { _type: 'CharacterBaseCharacteristic',
        base: 0,
        objectsAndMountBonus: 0,
        alignGiftBonus: 0,
        contextModif: 0 },
     criticalHit: 
      { _type: 'CharacterBaseCharacteristic',
        base: 0,
        objectsAndMountBonus: 0,
        alignGiftBonus: 0,
        contextModif: 0 },
     criticalHitWeapon: 3,
     criticalMiss: 
      { _type: 'CharacterBaseCharacteristic',
        base: 0,
        objectsAndMountBonus: 0,
        alignGiftBonus: 0,
        contextModif: 0 },
     healBonus: 
      { _type: 'CharacterBaseCharacteristic',
        base: 0,
        objectsAndMountBonus: 0,
        alignGiftBonus: 0,
        contextModif: 0 },
     allDamagesBonus: 
      { _type: 'CharacterBaseCharacteristic',
        base: 0,
        objectsAndMountBonus: 0,
        alignGiftBonus: 0,
        contextModif: 0 },
     weaponDamagesBonusPercent: 
      { _type: 'CharacterBaseCharacteristic',
        base: 0,
        objectsAndMountBonus: 0,
        alignGiftBonus: 0,
        contextModif: 0 },
     damagesBonusPercent: 
      { _type: 'CharacterBaseCharacteristic',
        base: 0,
        objectsAndMountBonus: 0,
        alignGiftBonus: 0,
        contextModif: 0 },
     trapBonus: 
      { _type: 'CharacterBaseCharacteristic',
        base: 0,
        objectsAndMountBonus: 0,
        alignGiftBonus: 0,
        contextModif: 0 },
     trapBonusPercent: 
      { _type: 'CharacterBaseCharacteristic',
        base: 0,
        objectsAndMountBonus: 0,
        alignGiftBonus: 0,
        contextModif: 0 },
     permanentDamagePercent: 
      { _type: 'CharacterBaseCharacteristic',
        base: 10,
        objectsAndMountBonus: 0,
        alignGiftBonus: 0,
        contextModif: 0 },
     tackleBlock: 
      { _type: 'CharacterBaseCharacteristic',
        base: 0,
        objectsAndMountBonus: 0,
        alignGiftBonus: 0,
        contextModif: 0 },
     tackleEvade: 
      { _type: 'CharacterBaseCharacteristic',
        base: 0,
        objectsAndMountBonus: 0,
        alignGiftBonus: 0,
        contextModif: 0 },
     PAAttack: 
      { _type: 'CharacterBaseCharacteristic',
        base: 0,
        objectsAndMountBonus: 1,
        alignGiftBonus: 0,
        contextModif: 0 },
     PMAttack: 
      { _type: 'CharacterBaseCharacteristic',
        base: 0,
        objectsAndMountBonus: 1,
        alignGiftBonus: 0,
        contextModif: 0 },
     pushDamageBonus: 
      { _type: 'CharacterBaseCharacteristic',
        base: 0,
        objectsAndMountBonus: 0,
        alignGiftBonus: 0,
        contextModif: 0 },
     criticalDamageBonus: 
      { _type: 'CharacterBaseCharacteristic',
        base: 0,
        objectsAndMountBonus: 0,
        alignGiftBonus: 0,
        contextModif: 0 },
     neutralDamageBonus: 
      { _type: 'CharacterBaseCharacteristic',
        base: 0,
        objectsAndMountBonus: 0,
        alignGiftBonus: 0,
        contextModif: 0 },
     earthDamageBonus: 
      { _type: 'CharacterBaseCharacteristic',
        base: 0,
        objectsAndMountBonus: 0,
        alignGiftBonus: 0,
        contextModif: 0 },
     waterDamageBonus: 
      { _type: 'CharacterBaseCharacteristic',
        base: 0,
        objectsAndMountBonus: 0,
        alignGiftBonus: 0,
        contextModif: 0 },
     airDamageBonus: 
      { _type: 'CharacterBaseCharacteristic',
        base: 0,
        objectsAndMountBonus: 0,
        alignGiftBonus: 0,
        contextModif: 0 },
     fireDamageBonus: 
      { _type: 'CharacterBaseCharacteristic',
        base: 0,
        objectsAndMountBonus: 0,
        alignGiftBonus: 0,
        contextModif: 0 },
     dodgePALostProbability: 
      { _type: 'CharacterBaseCharacteristic',
        base: 0,
        objectsAndMountBonus: 1,
        alignGiftBonus: 0,
        contextModif: 0 },
     dodgePMLostProbability: 
      { _type: 'CharacterBaseCharacteristic',
        base: 0,
        objectsAndMountBonus: 1,
        alignGiftBonus: 0,
        contextModif: 0 },
     neutralElementResistPercent: 
      { _type: 'CharacterBaseCharacteristic',
        base: 0,
        objectsAndMountBonus: 0,
        alignGiftBonus: 0,
        contextModif: 0 },
     earthElementResistPercent: 
      { _type: 'CharacterBaseCharacteristic',
        base: 0,
        objectsAndMountBonus: 0,
        alignGiftBonus: 0,
        contextModif: 0 },
     waterElementResistPercent: 
      { _type: 'CharacterBaseCharacteristic',
        base: 0,
        objectsAndMountBonus: 0,
        alignGiftBonus: 0,
        contextModif: 0 },
     airElementResistPercent: 
      { _type: 'CharacterBaseCharacteristic',
        base: 0,
        objectsAndMountBonus: 0,
        alignGiftBonus: 0,
        contextModif: 0 },
     fireElementResistPercent: 
      { _type: 'CharacterBaseCharacteristic',
        base: 0,
        objectsAndMountBonus: 0,
        alignGiftBonus: 0,
        contextModif: 0 },
     neutralElementReduction: 
      { _type: 'CharacterBaseCharacteristic',
        base: 0,
        objectsAndMountBonus: 3,
        alignGiftBonus: 0,
        contextModif: 0 },
     earthElementReduction: 
      { _type: 'CharacterBaseCharacteristic',
        base: 0,
        objectsAndMountBonus: 3,
        alignGiftBonus: 0,
        contextModif: 0 },
     waterElementReduction: 
      { _type: 'CharacterBaseCharacteristic',
        base: 0,
        objectsAndMountBonus: 0,
        alignGiftBonus: 0,
        contextModif: 0 },
     airElementReduction: 
      { _type: 'CharacterBaseCharacteristic',
        base: 0,
        objectsAndMountBonus: 0,
        alignGiftBonus: 0,
        contextModif: 0 },
     fireElementReduction: 
      { _type: 'CharacterBaseCharacteristic',
        base: 0,
        objectsAndMountBonus: 0,
        alignGiftBonus: 0,
        contextModif: 0 },
     pushDamageReduction: 
      { _type: 'CharacterBaseCharacteristic',
        base: 0,
        objectsAndMountBonus: 0,
        alignGiftBonus: 0,
        contextModif: 0 },
     criticalDamageReduction: 
      { _type: 'CharacterBaseCharacteristic',
        base: 0,
        objectsAndMountBonus: 0,
        alignGiftBonus: 0,
        contextModif: 0 },
     pvpNeutralElementResistPercent: 
      { _type: 'CharacterBaseCharacteristic',
        base: 0,
        objectsAndMountBonus: 0,
        alignGiftBonus: 0,
        contextModif: 0 },
     pvpEarthElementResistPercent: 
      { _type: 'CharacterBaseCharacteristic',
        base: 0,
        objectsAndMountBonus: 0,
        alignGiftBonus: 0,
        contextModif: 0 },
     pvpWaterElementResistPercent: 
      { _type: 'CharacterBaseCharacteristic',
        base: 0,
        objectsAndMountBonus: 0,
        alignGiftBonus: 0,
        contextModif: 0 },
     pvpAirElementResistPercent: 
      { _type: 'CharacterBaseCharacteristic',
        base: 0,
        objectsAndMountBonus: 0,
        alignGiftBonus: 0,
        contextModif: 0 },
     pvpFireElementResistPercent: 
      { _type: 'CharacterBaseCharacteristic',
        base: 0,
        objectsAndMountBonus: 0,
        alignGiftBonus: 0,
        contextModif: 0 },
     pvpNeutralElementReduction: 
      { _type: 'CharacterBaseCharacteristic',
        base: 0,
        objectsAndMountBonus: 0,
        alignGiftBonus: 0,
        contextModif: 0 },
     pvpEarthElementReduction: 
      { _type: 'CharacterBaseCharacteristic',
        base: 0,
        objectsAndMountBonus: 0,
        alignGiftBonus: 0,
        contextModif: 0 },
     pvpWaterElementReduction: 
      { _type: 'CharacterBaseCharacteristic',
        base: 0,
        objectsAndMountBonus: 0,
        alignGiftBonus: 0,
        contextModif: 0 },
     pvpAirElementReduction: 
      { _type: 'CharacterBaseCharacteristic',
        base: 0,
        objectsAndMountBonus: 0,
        alignGiftBonus: 0,
        contextModif: 0 },
     pvpFireElementReduction: 
      { _type: 'CharacterBaseCharacteristic',
        base: 0,
        objectsAndMountBonus: 0,
        alignGiftBonus: 0,
        contextModif: 0 },
     spellModifications: [],
     probationTime: 0 },
  _isInitialized: true }
'Message reveived :'
{ _messageType: 'UpdateMapPlayersAgressableStatusMessage',
  playerIds: [ 307724 ],
  enable: [ 0 ],
  _isInitialized: true }
'Message reveived :'
{ _messageType: 'BasicNoOperationMessage' }
'Message reveived :'
{ _messageType: 'BasicAckMessage',
  seq: 10,
  lastPacketId: 225,
  _isInitialized: true }
'Message reveived :'
{ _messageType: 'MapComplementaryInformationsDataMessage',
  subAreaId: 778,
  mapId: 80219142,
  houses: [],
  actors: 
   [ { _type: 'GameRolePlayCharacterInformations',
       contextualId: 307724,
       look: [Object],
       disposition: [Object],
       name: 'Nelphield',
       humanoidInfo: [Object],
       accountId: 108104299,
       alignmentInfos: [Object] },
     { _type: 'GameRolePlayCharacterInformations',
       contextualId: 510053,
       look: [Object],
       disposition: [Object],
       name: 'Cuchito-Mega',
       humanoidInfo: [Object],
       accountId: 114480275,
       alignmentInfos: [Object] },
     { _type: 'GameRolePlayGroupMonsterInformations',
       contextualId: -3,
       look: [Object],
       disposition: [Object],
       staticInfos: [Object],
       ageBonus: 0,
       lootShare: -1,
       alignmentSide: -1,
       keyRingBonus: false,
       hasHardcoreDrop: false },
     { _type: 'GameRolePlayGroupMonsterInformations',
       contextualId: -2,
       look: [Object],
       disposition: [Object],
       staticInfos: [Object],
       ageBonus: 0,
       lootShare: -1,
       alignmentSide: -1,
       keyRingBonus: false,
       hasHardcoreDrop: false },
     { _type: 'GameRolePlayGroupMonsterInformations',
       contextualId: -1,
       look: [Object],
       disposition: [Object],
       staticInfos: [Object],
       ageBonus: 3,
       lootShare: -1,
       alignmentSide: -1,
       keyRingBonus: false,
       hasHardcoreDrop: false } ],
  interactiveElements: [],
  statedElements: [],
  obstacles: [],
  fights: [],
  _isInitialized: true }
'Message reveived :'
{ _messageType: 'BasicNoOperationMessage' }
'Message reveived :'
{ _messageType: 'GameMapMovementMessage',
  keyMovements: [ 326, 286 ],
  actorId: -1,
  _isInitialized: true }
'Message reveived :'
{ _messageType: 'kpiStartSessionMessage', sessionId: 653497002 }
'Message reveived :'
{ _messageType: 'bakHardToSoftCurrentRateSuccess',
  rate: 114.37762 }
'Message reveived :'
{ _messageType: 'bakSoftToHardCurrentRateSuccess',
  rate: 120.096501 }
'Message reveived :'
{ _messageType: 'GameMapMovementMessage',
  keyMovements: [ 329, 316 ],
  actorId: -2,
  _isInitialized: true }
'Message reveived :'
{ _messageType: 'GameMapMovementMessage',
  keyMovements: [ 358, 330, 302, 274, 246, 218, 190, 177, 149, 135, 107, 94, 66, 52, 39, 11 ],
  actorId: 510053,
  _isInitialized: true }
'Message reveived :'
{ _messageType: 'GameContextRemoveElementMessage',
  id: 510053,
  _isInitialized: true }
'Message reveived :'
{ _messageType: 'ChatServerMessage',
  channel: 5,
  content: 'Doy MKS en AGUABRIAL por Kamas ACA Doy MKS en AGUABRIAL por Kamas ACADoy MKS en AGUABRIAL por Kamas ACA',
  timestamp: 1487788571,
  fingerprint: 'g0c3pw1z',
  senderId: 122010,
  senderName: 'Alejo-Anu',
  senderAccountId: 23916710,
  _isInitialized: true }
'Message reveived :'
{ _messageType: 'GameMapMovementMessage',
  keyMovements: [ 352, 338 ],
  actorId: -3,
  _isInitialized: true }
'Message reveived :'
{ _messageType: 'ChatServerMessage',
  channel: 6,
  content: 'Doy MKS en AGUABRIAL por Kamas ACADoy MKS en AGUABRIAL por Kamas ACADoy MKS en AGUABRIAL por Kamas ACA',
  timestamp: 1487788584,
  fingerprint: 'f7hakn8t',
  senderId: 122010,
  senderName: 'Alejo-Anu',
  senderAccountId: 23916710,
  _isInitialized: true }
'Message reveived :'
{ _messageType: 'GameMapMovementMessage',
  keyMovements: [ 316, 289 ],
  actorId: -2,
  _isInitialized: true }
'Message reveived :'
{ _messageType: 'GameMapMovementMessage',
  keyMovements: [ 338, 365 ],
  actorId: -3,
  _isInitialized: true }
