'Message sent :'
{ call: 'connecting',
  data: 
   { appVersion: '1.9.27',
     buildVersion: '0.60.0',
     client: 'android',
     language: 'en',
     server: 'login' } }
'Message reveived :'
{ _messageType: 'ProtocolRequired',
  requiredVersion: 1534,
  currentVersion: 1547,
  _isInitialized: true }
'Message reveived :'
{ _messageType: 'HelloConnectMessage',
  salt: 'izhjwziqPKKjc}QjvIx/s9k,Gq?CIp7s',
  key: 
   [ -127,
     19,
     120,
     -127,
     97,
     12,
     -72,
     -26,
     -102,
     -3,
     -28,
     30,
     83,
     -110,
     -66,
     43,
     70,
     13,
     -97,
     -93,
     -33,
     103,
     115,
     -16,
     -22,
     22,
     -13,
     67,
     -38,
     104,
     -14,
     102,
     -85,
     87,
     99,
     89,
     -23,
     -75,
     33,
     -6,
     -52,
     65,
     83,
     -115,
     -77,
     -17,
     94,
     14,
     -42,
     -111,
     -58,
     -8,
     -2,
     -1,
     -121,
     69,
     52,
     41,
     -26,
     30,
     91,
     65,
     52,
     99,
     120,
     -34,
     84,
     115,
     -93,
     14,
     90,
     -75,
     105,
     86,
     27,
     -16,
     -4,
     127,
     104,
     76,
     -80,
     63,
     -128,
     -10,
     70,
     83,
     -62,
     -43,
     -39,
     48,
     -1,
     -89,
     -97,
     1,
     -109,
     66,
     -18,
     34,
     -82,
     -15,
     ... 205 more items ],
  _isInitialized: true }
'Message sent :'
{ call: 'checkAssetsVersion',
  data: { assetsVersion: '2.15.15', staticDataVersion: '25' } }
'Message reveived :'
{ assetsVersion: null,
  staticDataVersion: null,
  _messageType: 'assetsVersionChecked' }
'Message sent :'
{ call: 'login',
  data: 
   { username: 'zahidoy',
     token: '9976747fa2d648d88cc4e30a04648e53',
     salt: 'izhjwziqPKKjc}QjvIx/s9k,Gq?CIp7s',
     key: 
      [ -127,
        19,
        120,
        -127,
        97,
        12,
        -72,
        -26,
        -102,
        -3,
        -28,
        30,
        83,
        -110,
        -66,
        43,
        70,
        13,
        -97,
        -93,
        -33,
        103,
        115,
        -16,
        -22,
        22,
        -13,
        67,
        -38,
        104,
        -14,
        102,
        -85,
        87,
        99,
        89,
        -23,
        -75,
        33,
        -6,
        -52,
        65,
        83,
        -115,
        -77,
        -17,
        94,
        14,
        -42,
        -111,
        -58,
        -8,
        -2,
        -1,
        -121,
        69,
        52,
        41,
        -26,
        30,
        91,
        65,
        52,
        99,
        120,
        -34,
        84,
        115,
        -93,
        14,
        90,
        -75,
        105,
        86,
        27,
        -16,
        -4,
        127,
        104,
        76,
        -80,
        63,
        -128,
        -10,
        70,
        83,
        -62,
        -43,
        -39,
        48,
        -1,
        -89,
        -97,
        1,
        -109,
        66,
        -18,
        34,
        -82,
        -15,
        ... 205 more items ] } }
'Message reveived :'
{ _messageType: 'LoginQueueStatusMessage',
  position: 3,
  total: 3,
  _isInitialized: true }
'Message reveived :'
{ _messageType: 'CredentialsAcknowledgementMessage' }
'Message reveived :'
{ _messageType: 'LoginQueueStatusMessage',
  position: 2,
  total: 2,
  _isInitialized: true }
'Message reveived :'
{ _messageType: 'LoginQueueStatusMessage',
  position: 0,
  total: 1,
  _isInitialized: true }
'Message reveived :'
{ _messageType: 'IdentificationSuccessMessage',
  login: '1465968706082599921',
  nickname: '--Imagine-Dragons--',
  accountId: 112214161,
  communityId: 0,
  hasRights: false,
  secretQuestion: '',
  subscriptionEndDate: 0,
  wasAlreadyConnected: false,
  accountCreation: 1480776096000,
  _isInitialized: true }
'Message reveived :'
{ _messageType: 'ServersListMessage',
  servers: 
   [ { _type: 'GameServerInformations',
       id: 405,
       status: 3,
       completion: 0,
       isSelectable: true,
       charactersCount: 0,
       date: 0,
       _name: 'Herdegrize',
       _gameTypeId: 0 },
     { _type: 'GameServerInformations',
       id: 407,
       status: 3,
       completion: 0,
       isSelectable: false,
       charactersCount: 0,
       date: 0,
       _name: 'Brutas',
       _gameTypeId: 0 },
     { _type: 'GameServerInformations',
       id: 404,
       status: 3,
       completion: 0,
       isSelectable: true,
       charactersCount: 0,
       date: 0,
       _name: 'Terra Cogita',
       _gameTypeId: 0 },
     { _type: 'GameServerInformations',
       id: 401,
       status: 3,
       completion: 0,
       isSelectable: true,
       charactersCount: 0,
       date: 0,
       _name: 'Grandapan',
       _gameTypeId: 0 },
     { _type: 'GameServerInformations',
       id: 406,
       status: 3,
       completion: 0,
       isSelectable: true,
       charactersCount: 0,
       date: 0,
       _name: 'Dodge',
       _gameTypeId: 0 },
     { _type: 'GameServerInformations',
       id: 403,
       status: 3,
       completion: 0,
       isSelectable: true,
       charactersCount: 1,
       date: 1487765914573,
       _name: 'Oshimo',
       _gameTypeId: 0 } ],
  _isInitialized: true }
'Message sent :'
{ call: 'sendMessage',
  data: { type: 'ServerSelectionMessage', data: { serverId: 403 } } }
'Message reveived :'
{ _messageType: 'SelectedServerDataMessage',
  serverId: 403,
  address: '172.31.17.136',
  port: 5555,
  canCreateNewCharacter: true,
  ticket: '0fb98dece5097405186befd6ff53a839',
  _isInitialized: true,
  _access: 'https://oshimogameproxy.touch.dofus.com' }
'Message sent :'
{ call: 'disconnecting', data: 'SWITCHING_TO_GAME' }
'Message sent :'
{ call: 'connecting',
  data: 
   { appVersion: '1.9.27',
     buildVersion: '0.60.0',
     client: 'android',
     language: 'en',
     server: { address: '172.31.17.136', port: 5555, id: 403 } } }
'Message reveived :'
{ _messageType: 'ProtocolRequired',
  requiredVersion: 1547,
  currentVersion: 1547,
  _isInitialized: true }
'Message reveived :'
{ _messageType: 'HelloGameMessage' }
'Message sent :'
{ call: 'sendMessage',
  data: 
   { type: 'AuthenticationTicketMessage',
     data: { ticket: '0fb98dece5097405186befd6ff53a839', lang: 'en' } } }
'Message reveived :'
{ _messageType: 'BasicAckMessage',
  seq: 0,
  lastPacketId: 110,
  _isInitialized: true }
'Message reveived :'
{ _messageType: 'AuthenticationTicketAcceptedMessage' }
'Message reveived :'
{ _messageType: 'BasicTimeMessage',
  timestamp: 1487803714,
  timezoneOffset: 60,
  _isInitialized: true }
'Message reveived :'
{ _messageType: 'ServerSettingsMessage',
  lang: 'fr',
  community: 0,
  gameType: 0,
  _isInitialized: true }
'Message reveived :'
{ _messageType: 'ServerOptionalFeaturesMessage',
  features: [ 1, 2, 3, 5 ],
  _isInitialized: true }
'Message reveived :'
{ _messageType: 'ServerSessionConstantsMessage',
  variables: 
   [ { _type: 'ServerSessionConstantInteger', id: 1, value: 1500000 },
     { _type: 'ServerSessionConstantLong', id: 2, value: 7200000 },
     { _type: 'ServerSessionConstantInteger', id: 3, value: 30 },
     { _type: 'ServerSessionConstantLong', id: 4, value: 86400000 },
     { _type: 'ServerSessionConstantLong', id: 5, value: 60000 } ],
  _isInitialized: true }
'Message reveived :'
{ _messageType: 'AccountCapabilitiesMessage',
  accountId: 112214161,
  tutorialAvailable: true,
  breedsVisible: 32767,
  breedsAvailable: 32767,
  status: 0,
  _isInitialized: true }
'Message reveived :'
{ _messageType: 'TrustStatusMessage',
  trusted: true,
  _isInitialized: true }
'Message reveived :'
{ _messageType: 'BasicNoOperationMessage' }
'Message sent :'
{ call: 'sendMessage',
  data: { type: 'CharactersListRequestMessage', data: undefined } }
'Message reveived :'
{ _messageType: 'BasicAckMessage',
  seq: 1,
  lastPacketId: 150,
  _isInitialized: true }
'Message reveived :'
{ _messageType: 'QueueStatusMessage',
  position: 1,
  total: 1,
  _isInitialized: true }
'Message reveived :'
{ _messageType: 'QueueStatusMessage',
  position: 0,
  total: 0,
  _isInitialized: true }
'Message reveived :'
{ _messageType: 'QueueStatusMessage',
  position: 0,
  total: 0,
  _isInitialized: true }
'Message reveived :'
{ _messageType: 'BasicNoOperationMessage' }
'Message reveived :'
{ _messageType: 'CharactersListMessage',
  hasStartupActions: false,
  characters: 
   [ { _type: 'CharacterBaseInformations',
       id: 547408,
       level: 98,
       name: 'Aim-Fire',
       entityLook: [Object],
       breed: 9,
       sex: false } ],
  _isInitialized: true }
'Message sent :'
{ call: 'sendMessage',
  data: { type: 'CharacterSelectionMessage', data: { id: 547408 } } }
'Message reveived :'
{ _messageType: 'BasicAckMessage',
  seq: 2,
  lastPacketId: 152,
  _isInitialized: true }
'Message reveived :'
{ _messageType: 'QueueStatusMessage',
  position: 0,
  total: 0,
  _isInitialized: true }
'Message reveived :'
{ _messageType: 'BasicNoOperationMessage' }
'Message reveived :'
{ _messageType: 'NotificationListMessage',
  flags: [ 9437170 ],
  _isInitialized: true }
'Message reveived :'
{ _messageType: 'CharacterSelectedSuccessMessage',
  infos: 
   { _type: 'CharacterBaseInformations',
     id: 547408,
     level: 98,
     name: 'Aim-Fire',
     entityLook: 
      { _type: 'EntityLook',
        bonesId: 1,
        skins: [Object],
        indexedColors: [Object],
        scales: [Object],
        subentities: [] },
     breed: 9,
     sex: false },
  _isInitialized: true }
'Message reveived :'
{ _messageType: 'MountSetMessage',
  mountData: 
   { _type: 'MountClientData',
     id: 4791753,
     model: 18,
     ancestor: [ 62, 33, 62, 62, 18, 18, 46, 46, 46, 46, 20, 46, 10, 10 ],
     behaviors: [],
     name: '',
     sex: false,
     ownerId: 547408,
     experience: 2138855,
     experienceForLevel: 1262750,
     experienceForNextLevel: -1,
     level: 100,
     isRideable: true,
     maxPods: 600,
     isWild: false,
     stamina: 36,
     staminaMax: 10000,
     maturity: 10000,
     maturityForAdult: 10000,
     energy: 1,
     energyMax: 2000,
     serenity: -1775,
     aggressivityMax: -10000,
     serenityMax: 10000,
     love: 0,
     loveMax: 10000,
     fecondationTime: -1,
     isFecondationReady: false,
     boostLimiter: 0,
     boostMax: 240,
     reproductionCount: -1,
     reproductionCountMax: 20,
     effectList: [ [Object], [Object] ] },
  _isInitialized: true }
'Message reveived :'
{ _messageType: 'MountXpRatioMessage',
  ratio: 0,
  _isInitialized: true }
'Message sent :'
{ call: 'sendMessage',
  data: { type: 'moneyGoultinesAmountRequest', data: undefined } }
'Message sent :'
{ call: 'sendMessage',
  data: { type: 'QuestListRequestMessage', data: undefined } }
'Message sent :'
{ call: 'sendMessage',
  data: { type: 'FriendsGetListMessage', data: undefined } }
'Message sent :'
{ call: 'sendMessage',
  data: { type: 'IgnoredGetListMessage', data: undefined } }
'Message sent :'
{ call: 'sendMessage',
  data: { type: 'SpouseGetInformationsMessage', data: undefined } }
'Message sent :'
{ call: 'sendMessage',
  data: { type: 'moneyGoultinesAmountRequest', data: undefined } }
'Message sent :'
{ call: 'sendMessage',
  data: { type: 'moneyGoultinesAmountRequest', data: undefined } }
'Message sent :'
{ call: 'sendMessage',
  data: { type: 'moneyGoultinesAmountRequest', data: undefined } }
'Message sent :'
{ call: 'bakSoftToHardCurrentRateRequest', data: undefined }
'Message sent :'
{ call: 'bakHardToSoftCurrentRateRequest', data: undefined }
'Message sent :'
{ call: 'kpiStartSession',
  data: { accountSessionId: '1465968706082599921', isSubscriber: false } }
'Message sent :'
{ call: 'sendMessage',
  data: 
   { type: 'ClientKeyMessage',
     data: { key: 'U5VNKmcSj6VLmV0cN0Sc8' } } }
'Message sent :'
{ call: 'sendMessage',
  data: { type: 'GameContextCreateRequestMessage', data: undefined } }
'Message reveived :'
{ _messageType: 'InventoryContentMessage',
  objects: 
   [ { _type: 'ObjectItem',
       position: 5,
       objectGID: 1665,
       effects: [Object],
       objectUID: 282632587,
       quantity: 1 },
     { _type: 'ObjectItem',
       position: 2,
       objectGID: 732,
       effects: [Object],
       objectUID: 282632588,
       quantity: 1 },
     { _type: 'ObjectItem',
       position: 7,
       objectGID: 6927,
       effects: [Object],
       objectUID: 282632589,
       quantity: 1 },
     { _type: 'ObjectItem',
       position: 4,
       objectGID: 732,
       effects: [Object],
       objectUID: 282632590,
       quantity: 1 },
     { _type: 'ObjectItem',
       position: 1,
       objectGID: 782,
       effects: [Object],
       objectUID: 282632591,
       quantity: 1 },
     { _type: 'ObjectItem',
       position: 15,
       objectGID: 10798,
       effects: [Object],
       objectUID: 282632592,
       quantity: 1 },
     { _type: 'ObjectItem',
       position: 6,
       objectGID: 10102,
       effects: [Object],
       objectUID: 282632593,
       quantity: 1 },
     { _type: 'ObjectItem',
       position: 3,
       objectGID: 1487,
       effects: [Object],
       objectUID: 282632594,
       quantity: 1 },
     { _type: 'ObjectItem',
       position: 0,
       objectGID: 1489,
       effects: [Object],
       objectUID: 282632595,
       quantity: 1 },
     { _type: 'ObjectItem',
       position: 63,
       objectGID: 10801,
       effects: [Object],
       objectUID: 282632596,
       quantity: 1 },
     { _type: 'ObjectItem',
       position: 63,
       objectGID: 10794,
       effects: [Object],
       objectUID: 282632597,
       quantity: 1 },
     { _type: 'ObjectItem',
       position: 63,
       objectGID: 10799,
       effects: [Object],
       objectUID: 282632598,
       quantity: 1 },
     { _type: 'ObjectItem',
       position: 63,
       objectGID: 10784,
       effects: [Object],
       objectUID: 282632599,
       quantity: 1 },
     { _type: 'ObjectItem',
       position: 63,
       objectGID: 10800,
       effects: [Object],
       objectUID: 282632600,
       quantity: 1 },
     { _type: 'ObjectItem',
       position: 63,
       objectGID: 10797,
       effects: [Object],
       objectUID: 282632601,
       quantity: 1 },
     { _type: 'ObjectItem',
       position: 63,
       objectGID: 1008,
       effects: [],
       objectUID: 282632602,
       quantity: 1 },
     { _type: 'ObjectItem',
       position: 63,
       objectGID: 10785,
       effects: [Object],
       objectUID: 282632603,
       quantity: 1 },
     { _type: 'ObjectItem',
       position: 63,
       objectGID: 6897,
       effects: [],
       objectUID: 282632604,
       quantity: 13 },
     { _type: 'ObjectItem',
       position: 63,
       objectGID: 6902,
       effects: [],
       objectUID: 282632605,
       quantity: 16 },
     { _type: 'ObjectItem',
       position: 63,
       objectGID: 6900,
       effects: [],
       objectUID: 282632606,
       quantity: 13 },
     { _type: 'ObjectItem',
       position: 63,
       objectGID: 309,
       effects: [],
       objectUID: 282632607,
       quantity: 17 },
     { _type: 'ObjectItem',
       position: 63,
       objectGID: 371,
       effects: [],
       objectUID: 282632608,
       quantity: 16 },
     { _type: 'ObjectItem',
       position: 63,
       objectGID: 9622,
       effects: [Object],
       objectUID: 282632609,
       quantity: 10 },
     { _type: 'ObjectItem',
       position: 63,
       objectGID: 6903,
       effects: [],
       objectUID: 282632610,
       quantity: 7 },
     { _type: 'ObjectItem',
       position: 63,
       objectGID: 2663,
       effects: [],
       objectUID: 282632611,
       quantity: 1 },
     { _type: 'ObjectItem',
       position: 63,
       objectGID: 2659,
       effects: [],
       objectUID: 282632612,
       quantity: 14 },
     { _type: 'ObjectItem',
       position: 63,
       objectGID: 2583,
       effects: [],
       objectUID: 282632613,
       quantity: 6 },
     { _type: 'ObjectItem',
       position: 63,
       objectGID: 2302,
       effects: [],
       objectUID: 282632614,
       quantity: 1 },
     { _type: 'ObjectItem',
       position: 63,
       objectGID: 1674,
       effects: [],
       objectUID: 282632615,
       quantity: 1 },
     { _type: 'ObjectItem',
       position: 63,
       objectGID: 884,
       effects: [],
       objectUID: 282632616,
       quantity: 5 },
     { _type: 'ObjectItem',
       position: 63,
       objectGID: 885,
       effects: [],
       objectUID: 282632617,
       quantity: 5 },
     { _type: 'ObjectItem',
       position: 63,
       objectGID: 881,
       effects: [],
       objectUID: 282632618,
       quantity: 2 },
     { _type: 'ObjectItem',
       position: 63,
       objectGID: 365,
       effects: [],
       objectUID: 282632619,
       quantity: 13 },
     { _type: 'ObjectItem',
       position: 63,
       objectGID: 519,
       effects: [],
       objectUID: 282632620,
       quantity: 45 },
     { _type: 'ObjectItem',
       position: 63,
       objectGID: 307,
       effects: [],
       objectUID: 282632621,
       quantity: 16 },
     { _type: 'ObjectItem',
       position: 63,
       objectGID: 377,
       effects: [],
       objectUID: 282632622,
       quantity: 15 },
     { _type: 'ObjectItem',
       position: 63,
       objectGID: 290,
       effects: [],
       objectUID: 282632623,
       quantity: 6 },
     { _type: 'ObjectItem',
       position: 63,
       objectGID: 387,
       effects: [],
       objectUID: 282632624,
       quantity: 9 },
     { _type: 'ObjectItem',
       position: 63,
       objectGID: 386,
       effects: [],
       objectUID: 282632625,
       quantity: 8 },
     { _type: 'ObjectItem',
       position: 63,
       objectGID: 486,
       effects: [],
       objectUID: 282632626,
       quantity: 12 },
     { _type: 'ObjectItem',
       position: 63,
       objectGID: 388,
       effects: [],
       objectUID: 282632627,
       quantity: 12 },
     { _type: 'ObjectItem',
       position: 63,
       objectGID: 394,
       effects: [],
       objectUID: 282632628,
       quantity: 11 },
     { _type: 'ObjectItem',
       position: 63,
       objectGID: 8545,
       effects: [],
       objectUID: 282632629,
       quantity: 2 },
     { _type: 'ObjectItem',
       position: 63,
       objectGID: 362,
       effects: [],
       objectUID: 282632630,
       quantity: 3 },
     { _type: 'ObjectItem',
       position: 63,
       objectGID: 393,
       effects: [],
       objectUID: 282632631,
       quantity: 6 },
     { _type: 'ObjectItem',
       position: 63,
       objectGID: 363,
       effects: [],
       objectUID: 282632632,
       quantity: 3 },
     { _type: 'ObjectItem',
       position: 63,
       objectGID: 300,
       effects: [],
       objectUID: 282632633,
       quantity: 7 },
     { _type: 'ObjectItem',
       position: 63,
       objectGID: 6911,
       effects: [Object],
       objectUID: 282632634,
       quantity: 1 },
     { _type: 'ObjectItem',
       position: 63,
       objectGID: 6916,
       effects: [Object],
       objectUID: 282632635,
       quantity: 1 },
     { _type: 'ObjectItem',
       position: 63,
       objectGID: 1673,
       effects: [],
       objectUID: 282632636,
       quantity: 1 },
     { _type: 'ObjectItem',
       position: 63,
       objectGID: 288,
       effects: [],
       objectUID: 282632637,
       quantity: 4 },
     { _type: 'ObjectItem',
       position: 63,
       objectGID: 287,
       effects: [],
       objectUID: 282632638,
       quantity: 10 },
     { _type: 'ObjectItem',
       position: 63,
       objectGID: 6898,
       effects: [],
       objectUID: 282632639,
       quantity: 2 },
     { _type: 'ObjectItem',
       position: 63,
       objectGID: 6899,
       effects: [],
       objectUID: 282632640,
       quantity: 1 },
     { _type: 'ObjectItem',
       position: 63,
       objectGID: 2460,
       effects: [],
       objectUID: 282632641,
       quantity: 1 },
     { _type: 'ObjectItem',
       position: 63,
       objectGID: 385,
       effects: [],
       objectUID: 282632642,
       quantity: 1 },
     { _type: 'ObjectItem',
       position: 63,
       objectGID: 364,
       effects: [],
       objectUID: 282632643,
       quantity: 1 },
     { _type: 'ObjectItem',
       position: 63,
       objectGID: 6921,
       effects: [Object],
       objectUID: 282632644,
       quantity: 1 },
     { _type: 'ObjectItem',
       position: 63,
       objectGID: 311,
       effects: [],
       objectUID: 282632645,
       quantity: 28 },
     { _type: 'ObjectItem',
       position: 63,
       objectGID: 379,
       effects: [],
       objectUID: 282632646,
       quantity: 10 },
     { _type: 'ObjectItem',
       position: 63,
       objectGID: 2463,
       effects: [],
       objectUID: 282632647,
       quantity: 1 } ],
  kamas: 29788,
  _isInitialized: true }
'Message reveived :'
{ _messageType: 'SetUpdateMessage',
  setId: 31,
  setObjects: [ 6927 ],
  setEffects: [],
  _isInitialized: true }
'Message reveived :'
{ _messageType: 'SetUpdateMessage',
  setId: 150,
  setObjects: [ 10798 ],
  setEffects: [],
  _isInitialized: true }
'Message reveived :'
{ _messageType: 'SpellUpgradeSuccessMessage',
  spellId: 1540,
  spellLevel: 1,
  _isInitialized: true }
'Message reveived :'
{ _messageType: 'EmoteAddMessage',
  emoteId: 23,
  _isInitialized: true }
'Message reveived :'
{ _messageType: 'SetUpdateMessage',
  setId: 130,
  setObjects: [ 10102 ],
  setEffects: 
   [ { _type: 'ObjectEffectInteger', actionId: 724, value: 2 },
     { _type: 'ObjectEffectInteger', actionId: 724, value: 3 },
     { _type: 'ObjectEffectInteger', actionId: 724, value: 4 },
     { _type: 'ObjectEffectInteger', actionId: 724, value: 5 },
     { _type: 'ObjectEffectInteger', actionId: 724, value: 6 },
     { _type: 'ObjectEffectInteger', actionId: 724, value: 7 },
     { _type: 'ObjectEffectInteger', actionId: 10, value: 23 } ],
  _isInitialized: true }
'Message reveived :'
{ _messageType: 'ShortcutBarContentMessage',
  barType: 0,
  shortcuts: 
   [ { _type: 'ShortcutObjectItem',
       slot: 0,
       itemUID: 282632638,
       itemGID: 287 } ],
  _isInitialized: true }
'Message reveived :'
{ _messageType: 'ShortcutBarContentMessage',
  barType: 1,
  shortcuts: 
   [ { _type: 'ShortcutSpell', slot: 3, spellId: 169 },
     { _type: 'ShortcutSpell', slot: 6, spellId: 172 },
     { _type: 'ShortcutSpell', slot: 9, spellId: 162 },
     { _type: 'ShortcutSpell', slot: 12, spellId: 166 },
     { _type: 'ShortcutSpell', slot: 15, spellId: 1540 },
     { _type: 'ShortcutSpell', slot: 18, spellId: 178 },
     { _type: 'ShortcutSpell', slot: 1, spellId: 165 },
     { _type: 'ShortcutSpell', slot: 4, spellId: 163 },
     { _type: 'ShortcutSpell', slot: 7, spellId: 167 },
     { _type: 'ShortcutSpell', slot: 10, spellId: 170 },
     { _type: 'ShortcutSpell', slot: 13, spellId: 173 },
     { _type: 'ShortcutSpell', slot: 16, spellId: 176 },
     { _type: 'ShortcutSpell', slot: 19, spellId: 177 },
     { _type: 'ShortcutSpell', slot: 2, spellId: 164 },
     { _type: 'ShortcutSpell', slot: 5, spellId: 161 },
     { _type: 'ShortcutSpell', slot: 8, spellId: 168 },
     { _type: 'ShortcutSpell', slot: 11, spellId: 171 },
     { _type: 'ShortcutSpell', slot: 14, spellId: 174 },
     { _type: 'ShortcutSpell', slot: 17, spellId: 175 },
     { _type: 'ShortcutSpell', slot: 20, spellId: 179 },
     { _type: 'ShortcutSpell', slot: 0, spellId: 0 } ],
  _isInitialized: true }
'Message reveived :'
{ _messageType: 'EmoteListMessage',
  emoteIds: [ 1, 23 ],
  _isInitialized: true }
'Message reveived :'
{ _messageType: 'AlignmentRankUpdateMessage',
  alignmentRank: 0,
  verbose: false,
  _isInitialized: true }
'Message reveived :'
{ _messageType: 'PrismsListMessage',
  prisms: 
   [ { _type: 'PrismGeolocalizedInformation',
       subAreaId: 521,
       allianceId: 0,
       worldX: -16,
       worldY: -38,
       mapId: 139558,
       prism: [Object],
       enrichData: [Object] },
     { _type: 'PrismSubareaEmptyInfo', subAreaId: 499, allianceId: 0 },
     { _type: 'PrismSubareaEmptyInfo', subAreaId: 123, allianceId: 0 },
     { _type: 'PrismGeolocalizedInformation',
       subAreaId: 43,
       allianceId: 0,
       worldX: -37,
       worldY: -50,
       mapId: 150322,
       prism: [Object],
       enrichData: [Object] },
     { _type: 'PrismSubareaEmptyInfo', subAreaId: 477, allianceId: 0 },
     { _type: 'PrismSubareaEmptyInfo', subAreaId: 607, allianceId: 0 },
     { _type: 'PrismGeolocalizedInformation',
       subAreaId: 455,
       allianceId: 0,
       worldX: -51,
       worldY: 19,
       mapId: 63965953,
       prism: [Object],
       enrichData: [Object] },
     { _type: 'PrismGeolocalizedInformation',
       subAreaId: 103,
       allianceId: 0,
       worldX: 14,
       worldY: 15,
       mapId: 88087304,
       prism: [Object],
       enrichData: [Object] },
     { _type: 'PrismGeolocalizedInformation',
       subAreaId: 520,
       allianceId: 0,
       worldX: -8,
       worldY: -42,
       mapId: 135466,
       prism: [Object],
       enrichData: [Object] },
     { _type: 'PrismSubareaEmptyInfo', subAreaId: 64, allianceId: 0 },
     { _type: 'PrismGeolocalizedInformation',
       subAreaId: 109,
       allianceId: 0,
       worldX: 32,
       worldY: -38,
       mapId: 16678,
       prism: [Object],
       enrichData: [Object] },
     { _type: 'PrismGeolocalizedInformation',
       subAreaId: 533,
       allianceId: 0,
       worldX: -36,
       worldY: -57,
       mapId: 149817,
       prism: [Object],
       enrichData: [Object] },
     { _type: 'PrismGeolocalizedInformation',
       subAreaId: 476,
       allianceId: 0,
       worldX: 31,
       worldY: -48,
       mapId: 16176,
       prism: [Object],
       enrichData: [Object] },
     { _type: 'PrismGeolocalizedInformation',
       subAreaId: 606,
       allianceId: 0,
       worldX: -80,
       worldY: -75,
       mapId: 54174027,
       prism: [Object],
       enrichData: [Object] },
     { _type: 'PrismGeolocalizedInformation',
       subAreaId: 454,
       allianceId: 0,
       worldX: -56,
       worldY: 3,
       mapId: 159747,
       prism: [Object],
       enrichData: [Object] },
     { _type: 'PrismGeolocalizedInformation',
       subAreaId: 651,
       allianceId: 0,
       worldX: -55,
       worldY: -41,
       mapId: 54161193,
       prism: [Object],
       enrichData: [Object] },
     { _type: 'PrismGeolocalizedInformation',
       subAreaId: 519,
       allianceId: 0,
       worldX: -8,
       worldY: -52,
       mapId: 135476,
       prism: [Object],
       enrichData: [Object] },
     { _type: 'PrismSubareaEmptyInfo', subAreaId: 80, allianceId: 0 },
     { _type: 'PrismSubareaEmptyInfo', subAreaId: 63, allianceId: 0 },
     { _type: 'PrismGeolocalizedInformation',
       subAreaId: 280,
       allianceId: 0,
       worldX: -27,
       worldY: 29,
       mapId: 144925,
       prism: [Object],
       enrichData: [Object] },
     { _type: 'PrismSubareaEmptyInfo',
       subAreaId: 798,
       allianceId: 0,
       enrichData: [Object] },
     { _type: 'PrismGeolocalizedInformation',
       subAreaId: 171,
       allianceId: 0,
       worldX: 30,
       worldY: -42,
       mapId: 15658,
       prism: [Object],
       enrichData: [Object] },
     { _type: 'PrismSubareaEmptyInfo', subAreaId: 540, allianceId: 0 },
     { _type: 'PrismGeolocalizedInformation',
       subAreaId: 605,
       allianceId: 0,
       worldX: -73,
       worldY: -69,
       mapId: 60036612,
       prism: [Object],
       enrichData: [Object] },
     { _type: 'PrismGeolocalizedInformation',
       subAreaId: 453,
       allianceId: 0,
       worldX: -56,
       worldY: 0,
       mapId: 159744,
       prism: [Object],
       enrichData: [Object] },
     { _type: 'PrismGeolocalizedInformation',
       subAreaId: 518,
       allianceId: 0,
       worldX: -16,
       worldY: -60,
       mapId: 139580,
       prism: [Object],
       enrichData: [Object] },
     { _type: 'PrismGeolocalizedInformation',
       subAreaId: 62,
       allianceId: 0,
       worldX: -29,
       worldY: -9,
       mapId: 100141056,
       prism: [Object],
       enrichData: [Object] },
     { _type: 'PrismGeolocalizedInformation',
       subAreaId: 279,
       allianceId: 0,
       worldX: -25,
       worldY: -64,
       mapId: 144192,
       prism: [Object],
       enrichData: [Object] },
     { _type: 'PrismGeolocalizedInformation',
       subAreaId: 170,
       allianceId: 0,
       worldX: 1,
       worldY: 26,
       mapId: 88080387,
       prism: [Object],
       enrichData: [Object] },
     { _type: 'PrismSubareaEmptyInfo', subAreaId: 539, allianceId: 0 },
     { _type: 'PrismGeolocalizedInformation',
       subAreaId: 235,
       allianceId: 0,
       worldX: -21,
       worldY: 1,
       mapId: 73533952,
       prism: [Object],
       enrichData: [Object] },
     { _type: 'PrismGeolocalizedInformation',
       subAreaId: 604,
       allianceId: 0,
       worldX: -57,
       worldY: -64,
       mapId: 54162240,
       prism: [Object],
       enrichData: [Object] },
     { _type: 'PrismGeolocalizedInformation',
       subAreaId: 517,
       allianceId: 0,
       worldX: -18,
       worldY: 28,
       mapId: 140316,
       prism: [Object],
       enrichData: [Object] },
     { _type: 'PrismGeolocalizedInformation',
       subAreaId: 61,
       allianceId: 0,
       worldX: -17,
       worldY: 34,
       mapId: 139810,
       prism: [Object],
       enrichData: [Object] },
     { _type: 'PrismGeolocalizedInformation',
       subAreaId: 278,
       allianceId: 0,
       worldX: 3,
       worldY: -9,
       mapId: 84674061,
       prism: [Object],
       enrichData: [Object] },
     { _type: 'PrismSubareaEmptyInfo', subAreaId: 799, allianceId: 0 },
     { _type: 'PrismGeolocalizedInformation',
       subAreaId: 495,
       allianceId: 0,
       worldX: -18,
       worldY: 28,
       mapId: 17826562,
       prism: [Object],
       enrichData: [Object] },
     { _type: 'PrismGeolocalizedInformation',
       subAreaId: 777,
       allianceId: 0,
       worldX: 32,
       worldY: -31,
       mapId: 79167488,
       prism: [Object],
       enrichData: [Object] },
     { _type: 'PrismGeolocalizedInformation',
       subAreaId: 169,
       allianceId: 0,
       worldX: -12,
       worldY: -6,
       mapId: 137478,
       prism: [Object],
       enrichData: [Object] },
     { _type: 'PrismGeolocalizedInformation',
       subAreaId: 234,
       allianceId: 0,
       worldX: -11,
       worldY: 4,
       mapId: 73402883,
       prism: [Object],
       enrichData: [Object] },
     { _type: 'PrismGeolocalizedInformation',
       subAreaId: 603,
       allianceId: 0,
       worldX: -78,
       worldY: -74,
       mapId: 54173002,
       prism: [Object],
       enrichData: [Object] },
     { _type: 'PrismGeolocalizedInformation',
       subAreaId: 532,
       allianceId: 0,
       worldX: -36,
       worldY: -52,
       mapId: 149812,
       prism: [Object],
       enrichData: [Object] },
     { _type: 'PrismSubareaEmptyInfo', subAreaId: 81, allianceId: 0 },
     { _type: 'PrismGeolocalizedInformation',
       subAreaId: 277,
       allianceId: 0,
       worldX: -5,
       worldY: 10,
       mapId: 104071684,
       prism: [Object],
       enrichData: [Object] },
     { _type: 'PrismGeolocalizedInformation',
       subAreaId: 38,
       allianceId: 0,
       worldX: -1,
       worldY: -48,
       mapId: 131888,
       prism: [Object],
       enrichData: [Object] },
     { _type: 'PrismGeolocalizedInformation',
       subAreaId: 27,
       allianceId: 0,
       worldX: 13,
       worldY: 4,
       mapId: 88086803,
       prism: [Object],
       enrichData: [Object] },
     { _type: 'PrismGeolocalizedInformation',
       subAreaId: 472,
       allianceId: 0,
       worldX: -52,
       worldY: 15,
       mapId: 25690115,
       prism: [Object],
       enrichData: [Object] },
     { _type: 'PrismGeolocalizedInformation',
       subAreaId: 168,
       allianceId: 0,
       worldX: -10,
       worldY: -11,
       mapId: 136459,
       prism: [Object],
       enrichData: [Object] },
     { _type: 'PrismGeolocalizedInformation',
       subAreaId: 233,
       allianceId: 0,
       worldX: -10,
       worldY: 2,
       mapId: 136194,
       prism: [Object],
       enrichData: [Object] },
     { _type: 'PrismGeolocalizedInformation',
       subAreaId: 602,
       allianceId: 0,
       worldX: -68,
       worldY: -34,
       mapId: 54167842,
       prism: [Object],
       enrichData: [Object] },
     { _type: 'PrismGeolocalizedInformation',
       subAreaId: 59,
       allianceId: 0,
       worldX: -12,
       worldY: -56,
       mapId: 137528,
       prism: [Object],
       enrichData: [Object] },
     { _type: 'PrismGeolocalizedInformation',
       subAreaId: 276,
       allianceId: 0,
       worldX: -4,
       worldY: 5,
       mapId: 104072449,
       prism: [Object],
       enrichData: [Object] },
     { _type: 'PrismGeolocalizedInformation',
       subAreaId: 102,
       allianceId: 0,
       worldX: -4,
       worldY: -9,
       mapId: 84805645,
       prism: [Object],
       enrichData: [Object] },
     { _type: 'PrismGeolocalizedInformation',
       subAreaId: 471,
       allianceId: 0,
       worldX: -60,
       worldY: -8,
       mapId: 162056,
       prism: [Object],
       enrichData: [Object] },
     { _type: 'PrismGeolocalizedInformation',
       subAreaId: 167,
       allianceId: 0,
       worldX: 30,
       worldY: 11,
       mapId: 47186944,
       prism: [Object],
       enrichData: [Object] },
     { _type: 'PrismSubareaEmptyInfo', subAreaId: 79, allianceId: 0 },
     { _type: 'PrismGeolocalizedInformation',
       subAreaId: 232,
       allianceId: 0,
       worldX: -10,
       worldY: -2,
       mapId: 136450,
       prism: [Object],
       enrichData: [Object] },
     { _type: 'PrismGeolocalizedInformation',
       subAreaId: 753,
       allianceId: 0,
       worldX: -63,
       worldY: -75,
       mapId: 62129672,
       prism: [Object],
       enrichData: [Object] },
     { _type: 'PrismGeolocalizedInformation',
       subAreaId: 601,
       allianceId: 0,
       worldX: -76,
       worldY: -46,
       mapId: 54171950,
       prism: [Object],
       enrichData: [Object] },
     { _type: 'PrismGeolocalizedInformation',
       subAreaId: 115,
       allianceId: 0,
       worldX: 19,
       worldY: -32,
       mapId: 10016,
       prism: [Object],
       enrichData: [Object] },
     { _type: 'PrismGeolocalizedInformation',
       subAreaId: 275,
       allianceId: 0,
       worldX: -20,
       worldY: 10,
       mapId: 63310595,
       prism: [Object],
       enrichData: [Object] },
     { _type: 'PrismGeolocalizedInformation',
       subAreaId: 492,
       allianceId: 0,
       worldX: -21,
       worldY: 13,
       mapId: 18350082,
       prism: [Object],
       enrichData: [Object] },
     { _type: 'PrismGeolocalizedInformation',
       subAreaId: 253,
       allianceId: 0,
       worldX: -14,
       worldY: 12,
       mapId: 138252,
       prism: [Object],
       enrichData: [Object] },
     { _type: 'PrismGeolocalizedInformation',
       subAreaId: 622,
       allianceId: 0,
       worldX: -76,
       worldY: -75,
       mapId: 59510784,
       prism: [Object],
       enrichData: [Object] },
     { _type: 'PrismGeolocalizedInformation',
       subAreaId: 166,
       allianceId: 0,
       worldX: 31,
       worldY: 11,
       mapId: 61212167,
       prism: [Object],
       enrichData: [Object] },
     { _type: 'PrismGeolocalizedInformation',
       subAreaId: 535,
       allianceId: 0,
       worldX: -32,
       worldY: 36,
       mapId: 147492,
       prism: [Object],
       enrichData: [Object] },
     { _type: 'PrismGeolocalizedInformation',
       subAreaId: 231,
       allianceId: 0,
       worldX: -17,
       worldY: -3,
       mapId: 75499008,
       prism: [Object],
       enrichData: [Object] },
     { _type: 'PrismGeolocalizedInformation',
       subAreaId: 600,
       allianceId: 0,
       worldX: -85,
       worldY: -42,
       mapId: 54176554,
       prism: [Object],
       enrichData: [Object] },
     { _type: 'PrismGeolocalizedInformation',
       subAreaId: 513,
       allianceId: 0,
       worldX: -32,
       worldY: -57,
       mapId: 4981249,
       prism: [Object],
       enrichData: [Object] },
     { _type: 'PrismGeolocalizedInformation',
       subAreaId: 57,
       allianceId: 0,
       worldX: -20,
       worldY: 28,
       mapId: 141340,
       prism: [Object],
       enrichData: [Object] },
     { _type: 'PrismGeolocalizedInformation',
       subAreaId: 116,
       allianceId: 0,
       worldX: 27,
       worldY: -48,
       mapId: 14128,
       prism: [Object],
       enrichData: [Object] },
     { _type: 'PrismGeolocalizedInformation',
       subAreaId: 469,
       allianceId: 0,
       worldX: -55,
       worldY: 15,
       mapId: 28049408,
       prism: [Object],
       enrichData: [Object] },
     { _type: 'PrismGeolocalizedInformation',
       subAreaId: 165,
       allianceId: 0,
       worldX: 34,
       worldY: 4,
       mapId: 61079552,
       prism: [Object],
       enrichData: [Object] },
     { _type: 'PrismGeolocalizedInformation',
       subAreaId: 534,
       allianceId: 0,
       worldX: -18,
       worldY: 42,
       mapId: 140330,
       prism: [Object],
       enrichData: [Object] },
     { _type: 'PrismGeolocalizedInformation',
       subAreaId: 230,
       allianceId: 0,
       worldX: -11,
       worldY: 13,
       mapId: 64488710,
       prism: [Object],
       enrichData: [Object] },
     { _type: 'PrismGeolocalizedInformation',
       subAreaId: 143,
       allianceId: 0,
       worldX: 16,
       worldY: -24,
       mapId: 8472,
       prism: [Object],
       enrichData: [Object] },
     { _type: 'PrismGeolocalizedInformation',
       subAreaId: 56,
       allianceId: 0,
       worldX: -4,
       worldY: -45,
       mapId: 133421,
       prism: [Object],
       enrichData: [Object] },
     { _type: 'PrismGeolocalizedInformation',
       subAreaId: 117,
       allianceId: 0,
       worldX: 21,
       worldY: -26,
       mapId: 11034,
       prism: [Object],
       enrichData: [Object] },
     { _type: 'PrismGeolocalizedInformation',
       subAreaId: 490,
       allianceId: 0,
       worldX: 13,
       worldY: 22,
       mapId: 88086785,
       prism: [Object],
       enrichData: [Object] },
     { _type: 'PrismGeolocalizedInformation',
       subAreaId: 468,
       allianceId: 0,
       worldX: -53,
       worldY: 15,
       mapId: 28050432,
       prism: [Object],
       enrichData: [Object] },
     { _type: 'PrismGeolocalizedInformation',
       subAreaId: 316,
       allianceId: 0,
       worldX: -2,
       worldY: 26,
       mapId: 38933250,
       prism: [Object],
       enrichData: [Object] },
     { _type: 'PrismGeolocalizedInformation',
       subAreaId: 164,
       allianceId: 0,
       worldX: 24,
       worldY: -14,
       mapId: 99614980,
       prism: [Object],
       enrichData: [Object] },
     { _type: 'PrismGeolocalizedInformation',
       subAreaId: 12,
       allianceId: 0,
       worldX: 11,
       worldY: 30,
       mapId: 88085511,
       prism: [Object],
       enrichData: [Object] },
     { _type: 'PrismGeolocalizedInformation',
       subAreaId: 511,
       allianceId: 0,
       worldX: -27,
       worldY: 38,
       mapId: 11796993,
       prism: [Object],
       enrichData: [Object] },
     { _type: 'PrismGeolocalizedInformation',
       subAreaId: 55,
       allianceId: 0,
       worldX: -20,
       worldY: -62,
       mapId: 141630,
       prism: [Object],
       enrichData: [Object] },
     { _type: 'PrismGeolocalizedInformation',
       subAreaId: 118,
       allianceId: 0,
       worldX: 31,
       worldY: -35,
       mapId: 16163,
       prism: [Object],
       enrichData: [Object] },
     { _type: 'PrismGeolocalizedInformation',
       subAreaId: 33,
       allianceId: 0,
       worldX: -5,
       worldY: -13,
       mapId: 133901,
       prism: [Object],
       enrichData: [Object] },
     { _type: 'PrismGeolocalizedInformation',
       subAreaId: 315,
       allianceId: 0,
       worldX: -4,
       worldY: 24,
       mapId: 86248450,
       prism: [Object],
       enrichData: [Object] },
     { _type: 'PrismGeolocalizedInformation',
       subAreaId: 163,
       allianceId: 0,
       worldX: 21,
       worldY: -12,
       mapId: 99747586,
       prism: [Object],
       enrichData: [Object] },
     { _type: 'PrismGeolocalizedInformation',
       subAreaId: 11,
       allianceId: 0,
       worldX: -1,
       worldY: 33,
       mapId: 72618499,
       prism: [Object],
       enrichData: [Object] },
     { _type: 'PrismGeolocalizedInformation',
       subAreaId: 76,
       allianceId: 0,
       worldX: -21,
       worldY: -25,
       mapId: 14551301,
       prism: [Object],
       enrichData: [Object] },
     { _type: 'PrismGeolocalizedInformation',
       subAreaId: 54,
       allianceId: 0,
       worldX: -11,
       worldY: -36,
       mapId: 136996,
       prism: [Object],
       enrichData: [Object] },
     { _type: 'PrismGeolocalizedInformation',
       subAreaId: 119,
       allianceId: 0,
       worldX: 22,
       worldY: -37,
       mapId: 11557,
       prism: [Object],
       enrichData: [Object] },
     { _type: 'PrismGeolocalizedInformation',
       subAreaId: 488,
       allianceId: 0,
       worldX: 4,
       worldY: 1,
       mapId: 99094017,
       prism: [Object],
       enrichData: [Object] },
     { _type: 'PrismGeolocalizedInformation',
       subAreaId: 32,
       allianceId: 0,
       worldX: 14,
       worldY: 28,
       mapId: 90703875,
       prism: [Object],
       enrichData: [Object] },
     { _type: 'PrismGeolocalizedInformation',
       subAreaId: 466,
       allianceId: 0,
       worldX: -44,
       worldY: 21,
       mapId: 153621,
       prism: [Object],
       enrichData: [Object] },
     { _type: 'PrismGeolocalizedInformation',
       subAreaId: 314,
       allianceId: 0,
       worldX: -4,
       worldY: 25,
       mapId: 33686529,
       prism: [Object],
       enrichData: [Object] },
     { _type: 'PrismGeolocalizedInformation',
       subAreaId: 162,
       allianceId: 0,
       worldX: 28,
       worldY: -13,
       mapId: 115737097,
       prism: [Object],
       enrichData: [Object] },
     { _type: 'PrismGeolocalizedInformation',
       subAreaId: 10,
       allianceId: 0,
       worldX: -1,
       worldY: 0,
       mapId: 88212759,
       prism: [Object],
       enrichData: [Object] },
     { _type: 'PrismGeolocalizedInformation',
       subAreaId: 531,
       allianceId: 0,
       worldX: -23,
       worldY: 40,
       mapId: 142888,
       prism: [Object],
       enrichData: [Object] },
     ... 86 more items ],
  _isInitialized: true }
'Message reveived :'
{ _messageType: 'EnabledChannelsMessage',
  channels: [ 0, 1, 2, 3, 4, 5, 6, 12, 13, 9, 10 ],
  disallowed: [ 8, 7 ],
  _isInitialized: true }
'Message reveived :'
{ _messageType: 'SpellListMessage',
  spellPrevisualization: true,
  spells: 
   [ { _type: 'SpellItem', position: 63, spellId: 1540, spellLevel: 1 },
     { _type: 'SpellItem', position: 63, spellId: 162, spellLevel: 1 },
     { _type: 'SpellItem', position: 63, spellId: 165, spellLevel: 5 },
     { _type: 'SpellItem', position: 63, spellId: 168, spellLevel: 1 },
     { _type: 'SpellItem', position: 63, spellId: 171, spellLevel: 1 },
     { _type: 'SpellItem', position: 63, spellId: 174, spellLevel: 1 },
     { _type: 'SpellItem', position: 63, spellId: 177, spellLevel: 1 },
     { _type: 'SpellItem', position: 63, spellId: 163, spellLevel: 1 },
     { _type: 'SpellItem', position: 63, spellId: 166, spellLevel: 5 },
     { _type: 'SpellItem', position: 63, spellId: 169, spellLevel: 1 },
     { _type: 'SpellItem', position: 63, spellId: 172, spellLevel: 5 },
     { _type: 'SpellItem', position: 63, spellId: 175, spellLevel: 1 },
     { _type: 'SpellItem', position: 63, spellId: 178, spellLevel: 1 },
     { _type: 'SpellItem', position: 63, spellId: 161, spellLevel: 5 },
     { _type: 'SpellItem', position: 63, spellId: 164, spellLevel: 1 },
     { _type: 'SpellItem', position: 63, spellId: 167, spellLevel: 1 },
     { _type: 'SpellItem', position: 63, spellId: 170, spellLevel: 1 },
     { _type: 'SpellItem', position: 63, spellId: 173, spellLevel: 5 },
     { _type: 'SpellItem', position: 63, spellId: 176, spellLevel: 1 },
     { _type: 'SpellItem', position: 63, spellId: 179, spellLevel: 5 },
     { _type: 'SpellItem', position: 63, spellId: 0, spellLevel: 1 } ],
  _isInitialized: true }
'Message reveived :'
{ _messageType: 'ShortcutBarContentMessage',
  barType: 1,
  shortcuts: 
   [ { _type: 'ShortcutSpell', slot: 3, spellId: 169 },
     { _type: 'ShortcutSpell', slot: 6, spellId: 172 },
     { _type: 'ShortcutSpell', slot: 9, spellId: 162 },
     { _type: 'ShortcutSpell', slot: 12, spellId: 166 },
     { _type: 'ShortcutSpell', slot: 15, spellId: 1540 },
     { _type: 'ShortcutSpell', slot: 18, spellId: 178 },
     { _type: 'ShortcutSpell', slot: 1, spellId: 165 },
     { _type: 'ShortcutSpell', slot: 4, spellId: 163 },
     { _type: 'ShortcutSpell', slot: 7, spellId: 167 },
     { _type: 'ShortcutSpell', slot: 10, spellId: 170 },
     { _type: 'ShortcutSpell', slot: 13, spellId: 173 },
     { _type: 'ShortcutSpell', slot: 16, spellId: 176 },
     { _type: 'ShortcutSpell', slot: 19, spellId: 177 },
     { _type: 'ShortcutSpell', slot: 2, spellId: 164 },
     { _type: 'ShortcutSpell', slot: 5, spellId: 161 },
     { _type: 'ShortcutSpell', slot: 8, spellId: 168 },
     { _type: 'ShortcutSpell', slot: 11, spellId: 171 },
     { _type: 'ShortcutSpell', slot: 14, spellId: 174 },
     { _type: 'ShortcutSpell', slot: 17, spellId: 175 },
     { _type: 'ShortcutSpell', slot: 20, spellId: 179 },
     { _type: 'ShortcutSpell', slot: 0, spellId: 0 } ],
  _isInitialized: true }
'Message reveived :'
{ _messageType: 'SetCharacterRestrictionsMessage',
  restrictions: 
   { _type: 'ActorRestrictionsInformations',
     cantBeAggressed: false,
     cantBeChallenged: false,
     cantTrade: false,
     cantBeAttackedByMutant: false,
     cantRun: false,
     forceSlowWalk: false,
     cantMinimize: false,
     cantMove: false,
     cantAggress: false,
     cantChallenge: false,
     cantExchange: false,
     cantAttack: true,
     cantChat: false,
     cantBeMerchant: false,
     cantUseObject: false,
     cantUseTaxCollector: false,
     cantUseInteractive: false,
     cantSpeakToNPC: false,
     cantChangeZone: false,
     cantAttackMonster: false,
     cantWalk8Directions: false },
  _isInitialized: true }
'Message reveived :'
{ _messageType: 'InventoryWeightMessage',
  weight: 571,
  weightMax: 1000,
  _isInitialized: true }
'Message reveived :'
{ _messageType: 'FriendWarnOnConnectionStateMessage',
  enable: true,
  _isInitialized: true }
'Message reveived :'
{ _messageType: 'FriendWarnOnLevelGainStateMessage',
  enable: true,
  _isInitialized: true }
'Message reveived :'
{ _messageType: 'FriendGuildWarnOnAchievementCompleteStateMessage',
  enable: true,
  _isInitialized: true }
'Message reveived :'
{ _messageType: 'GuildMemberWarnOnConnectionStateMessage',
  enable: true,
  _isInitialized: true }
'Message reveived :'
{ _messageType: 'SequenceNumberRequestMessage' }
'Message sent :'
{ call: 'sendMessage',
  data: { type: 'SequenceNumberMessage', data: { number: 1 } } }
'Message reveived :'
{ _messageType: 'TextInformationMessage',
  msgType: 1,
  msgId: 89,
  parameters: [],
  _isInitialized: true,
  text: 'Welcome to DOFUS, and welcome to the World of Twelve! \nRemember that it is <b>strictly forbidden</b> to disclose your account name or password.' }
'Message reveived :'
{ _messageType: 'TextInformationMessage',
  msgType: 0,
  msgId: 92,
  parameters: [ '330' ],
  _isInitialized: true,
  text: 'You have recovered <b>330</b> energy points.' }
'Message reveived :'
{ _messageType: 'TextInformationMessage',
  msgType: 1,
  msgId: 15,
  parameters: [ '9 hours, 41 minutes' ],
  _isInitialized: true,
  text: 'There will be a server maintenance in 9 hours, 41 minutes.' }
'Message reveived :'
{ _messageType: 'SpouseStatusMessage',
  hasSpouse: false,
  _isInitialized: true }
'Message reveived :'
{ _messageType: 'AchievementListMessage',
  finishedAchievementsIds: 
   [ 3,
     341,
     391,
     247,
     6,
     312,
     422,
     284,
     600,
     298,
     165,
     118,
     340,
     390,
     415,
     5,
     418,
     421,
     471,
     424,
     419,
     283,
     286,
     117,
     217,
     414,
     342,
     4,
     417,
     345,
     7,
     420,
     470,
     423,
     282,
     357,
     385,
     388 ],
  rewardableAchievements: [],
  _isInitialized: true,
  enrichData: { points: 74, achievementsTotal: 952 } }
'Message reveived :'
{ _messageType: 'GameRolePlayArenaUpdatePlayerInfosMessage',
  rank: 466,
  bestDailyRank: 466,
  bestRank: 466,
  victoryCount: 0,
  arenaFightcount: 0,
  _isInitialized: true }
'Message reveived :'
{ _messageType: 'CharacterCapabilitiesMessage',
  guildEmblemSymbolCategories: 4095,
  _isInitialized: true }
'Message reveived :'
{ _messageType: 'AlmanachCalendarDateMessage',
  date: 184,
  _isInitialized: true,
  _merydeName: 'Ludobel' }
'Message reveived :'
{ _messageType: 'MailStatusMessage',
  unread: 0,
  total: 0,
  _isInitialized: true }
'Message reveived :'
{ _messageType: 'StartupActionsListMessage',
  actions: [],
  _isInitialized: true }
'Message reveived :'
{ _messageType: 'BasicAckMessage',
  seq: 3,
  lastPacketId: 5623,
  _isInitialized: true }
'Message reveived :'
{ _messageType: 'QuestListMessage',
  finishedQuestsIds: [ 232, 231, 492, 489 ],
  finishedQuestsCounts: [ 1, 1, 1, 1 ],
  activeQuests: [],
  _isInitialized: true }
'Message reveived :'
{ _messageType: 'BasicNoOperationMessage' }
'Message reveived :'
{ _messageType: 'BasicAckMessage',
  seq: 4,
  lastPacketId: 4001,
  _isInitialized: true }
'Message reveived :'
{ _messageType: 'FriendsListMessage',
  friendsList: 
   [ { _type: 'FriendInformations',
       accountId: 112984462,
       accountName: 'XxXVikingsXxX',
       playerState: 0,
       lastConnection: 22,
       achievementPoints: -1 } ],
  _isInitialized: true }
'Message reveived :'
{ _messageType: 'BasicNoOperationMessage' }
'Message reveived :'
{ _messageType: 'BasicAckMessage',
  seq: 5,
  lastPacketId: 5676,
  _isInitialized: true }
'Message reveived :'
{ _messageType: 'IgnoredListMessage',
  ignoredList: [],
  _isInitialized: true }
'Message reveived :'
{ _messageType: 'BasicNoOperationMessage' }
'Message reveived :'
{ _messageType: 'BasicAckMessage',
  seq: 6,
  lastPacketId: 6355,
  _isInitialized: true }
'Message reveived :'
{ _messageType: 'BasicNoOperationMessage' }
'Message reveived :'
{ _messageType: 'BasicAckMessage',
  seq: 7,
  lastPacketId: 5607,
  _isInitialized: true }
'Message reveived :'
{ _messageType: 'BasicNoOperationMessage' }
'Message reveived :'
{ _messageType: 'BasicAckMessage',
  seq: 8,
  lastPacketId: 250,
  _isInitialized: true }
'Message reveived :'
{ _messageType: 'GameContextDestroyMessage' }
'Message reveived :'
{ _messageType: 'GameContextCreateMessage',
  context: 1,
  _isInitialized: true }
'Message reveived :'
{ _messageType: 'LifePointsRegenBeginMessage',
  regenRate: 10,
  _isInitialized: true }
'Message reveived :'
{ _messageType: 'CurrentMapMessage',
  mapId: 80218629,
  mapKey: 'bcd4271b959e45b4fd30257fb45726f3',
  _isInitialized: true }
'Message sent :'
{ call: 'sendMessage',
  data: 
   { type: 'MapInformationsRequestMessage',
     data: { mapId: 80218629 } } }
'Message reveived :'
{ _messageType: 'BasicTimeMessage',
  timestamp: 1487803715,
  timezoneOffset: 60,
  _isInitialized: true }
'Message reveived :'
{ _messageType: 'CharacterStatsListMessage',
  stats: 
   { _type: 'CharacterCharacteristicsInformations',
     experience: 90534847,
     experienceLevelFloor: 88374000,
     experienceNextLevelFloor: 92071000,
     kamas: 29788,
     statsPoints: 2,
     spellsPoints: 37,
     alignmentInfos: 
      { _type: 'ActorExtendedAlignmentInformations',
        alignmentSide: 0,
        alignmentValue: 0,
        alignmentGrade: 0,
        characterPower: 547506,
        honor: 0,
        honorGradeFloor: 0,
        honorNextGradeFloor: 500,
        aggressable: 0 },
     lifePoints: 589,
     maxLifePoints: 589,
     energyPoints: 10000,
     maxEnergyPoints: 10000,
     actionPointsCurrent: 6,
     movementPointsCurrent: 3,
     initiative: 
      { _type: 'CharacterBaseCharacteristic',
        base: 79,
        objectsAndMountBonus: 0,
        alignGiftBonus: 0,
        contextModif: 0 },
     prospecting: 
      { _type: 'CharacterBaseCharacteristic',
        base: 100,
        objectsAndMountBonus: 0,
        alignGiftBonus: 0,
        contextModif: 0 },
     actionPoints: 
      { _type: 'CharacterBaseCharacteristic',
        base: 6,
        objectsAndMountBonus: 0,
        alignGiftBonus: 0,
        contextModif: 0 },
     movementPoints: 
      { _type: 'CharacterBaseCharacteristic',
        base: 3,
        objectsAndMountBonus: 0,
        alignGiftBonus: 0,
        contextModif: 0 },
     strength: 
      { _type: 'CharacterBaseCharacteristic',
        base: 0,
        objectsAndMountBonus: -10,
        alignGiftBonus: 0,
        contextModif: 0 },
     vitality: 
      { _type: 'CharacterBaseCharacteristic',
        base: 0,
        objectsAndMountBonus: 49,
        alignGiftBonus: 0,
        contextModif: 0 },
     wisdom: 
      { _type: 'CharacterBaseCharacteristic',
        base: 133,
        objectsAndMountBonus: 174,
        alignGiftBonus: 0,
        contextModif: 0 },
     chance: 
      { _type: 'CharacterBaseCharacteristic',
        base: 0,
        objectsAndMountBonus: 0,
        alignGiftBonus: 0,
        contextModif: 0 },
     agility: 
      { _type: 'CharacterBaseCharacteristic',
        base: 0,
        objectsAndMountBonus: 0,
        alignGiftBonus: 0,
        contextModif: 0 },
     intelligence: 
      { _type: 'CharacterBaseCharacteristic',
        base: 67,
        objectsAndMountBonus: 12,
        alignGiftBonus: 0,
        contextModif: 0 },
     range: 
      { _type: 'CharacterBaseCharacteristic',
        base: 0,
        objectsAndMountBonus: 0,
        alignGiftBonus: 0,
        contextModif: 0 },
     summonableCreaturesBoost: 
      { _type: 'CharacterBaseCharacteristic',
        base: 1,
        objectsAndMountBonus: 0,
        alignGiftBonus: 0,
        contextModif: 0 },
     reflect: 
      { _type: 'CharacterBaseCharacteristic',
        base: 0,
        objectsAndMountBonus: 0,
        alignGiftBonus: 0,
        contextModif: 0 },
     criticalHit: 
      { _type: 'CharacterBaseCharacteristic',
        base: 0,
        objectsAndMountBonus: 0,
        alignGiftBonus: 0,
        contextModif: 0 },
     criticalHitWeapon: 10,
     criticalMiss: 
      { _type: 'CharacterBaseCharacteristic',
        base: 0,
        objectsAndMountBonus: 0,
        alignGiftBonus: 0,
        contextModif: 0 },
     healBonus: 
      { _type: 'CharacterBaseCharacteristic',
        base: 0,
        objectsAndMountBonus: 0,
        alignGiftBonus: 0,
        contextModif: 0 },
     allDamagesBonus: 
      { _type: 'CharacterBaseCharacteristic',
        base: 0,
        objectsAndMountBonus: 6,
        alignGiftBonus: 0,
        contextModif: 0 },
     weaponDamagesBonusPercent: 
      { _type: 'CharacterBaseCharacteristic',
        base: 0,
        objectsAndMountBonus: 0,
        alignGiftBonus: 0,
        contextModif: 0 },
     damagesBonusPercent: 
      { _type: 'CharacterBaseCharacteristic',
        base: 0,
        objectsAndMountBonus: 12,
        alignGiftBonus: 0,
        contextModif: 0 },
     trapBonus: 
      { _type: 'CharacterBaseCharacteristic',
        base: 0,
        objectsAndMountBonus: 0,
        alignGiftBonus: 0,
        contextModif: 0 },
     trapBonusPercent: 
      { _type: 'CharacterBaseCharacteristic',
        base: 0,
        objectsAndMountBonus: 0,
        alignGiftBonus: 0,
        contextModif: 0 },
     permanentDamagePercent: 
      { _type: 'CharacterBaseCharacteristic',
        base: 10,
        objectsAndMountBonus: 0,
        alignGiftBonus: 0,
        contextModif: 0 },
     tackleBlock: 
      { _type: 'CharacterBaseCharacteristic',
        base: 0,
        objectsAndMountBonus: 0,
        alignGiftBonus: 0,
        contextModif: 0 },
     tackleEvade: 
      { _type: 'CharacterBaseCharacteristic',
        base: 0,
        objectsAndMountBonus: 0,
        alignGiftBonus: 0,
        contextModif: 0 },
     PAAttack: 
      { _type: 'CharacterBaseCharacteristic',
        base: 13,
        objectsAndMountBonus: 17,
        alignGiftBonus: 0,
        contextModif: 0 },
     PMAttack: 
      { _type: 'CharacterBaseCharacteristic',
        base: 13,
        objectsAndMountBonus: 17,
        alignGiftBonus: 0,
        contextModif: 0 },
     pushDamageBonus: 
      { _type: 'CharacterBaseCharacteristic',
        base: 0,
        objectsAndMountBonus: 0,
        alignGiftBonus: 0,
        contextModif: 0 },
     criticalDamageBonus: 
      { _type: 'CharacterBaseCharacteristic',
        base: 0,
        objectsAndMountBonus: 0,
        alignGiftBonus: 0,
        contextModif: 0 },
     neutralDamageBonus: 
      { _type: 'CharacterBaseCharacteristic',
        base: 0,
        objectsAndMountBonus: 0,
        alignGiftBonus: 0,
        contextModif: 0 },
     earthDamageBonus: 
      { _type: 'CharacterBaseCharacteristic',
        base: 0,
        objectsAndMountBonus: 0,
        alignGiftBonus: 0,
        contextModif: 0 },
     waterDamageBonus: 
      { _type: 'CharacterBaseCharacteristic',
        base: 0,
        objectsAndMountBonus: 0,
        alignGiftBonus: 0,
        contextModif: 0 },
     airDamageBonus: 
      { _type: 'CharacterBaseCharacteristic',
        base: 0,
        objectsAndMountBonus: 0,
        alignGiftBonus: 0,
        contextModif: 0 },
     fireDamageBonus: 
      { _type: 'CharacterBaseCharacteristic',
        base: 0,
        objectsAndMountBonus: 0,
        alignGiftBonus: 0,
        contextModif: 0 },
     dodgePALostProbability: 
      { _type: 'CharacterBaseCharacteristic',
        base: 13,
        objectsAndMountBonus: 17,
        alignGiftBonus: 0,
        contextModif: 0 },
     dodgePMLostProbability: 
      { _type: 'CharacterBaseCharacteristic',
        base: 13,
        objectsAndMountBonus: 17,
        alignGiftBonus: 0,
        contextModif: 0 },
     neutralElementResistPercent: 
      { _type: 'CharacterBaseCharacteristic',
        base: 0,
        objectsAndMountBonus: 0,
        alignGiftBonus: 0,
        contextModif: 0 },
     earthElementResistPercent: 
      { _type: 'CharacterBaseCharacteristic',
        base: 0,
        objectsAndMountBonus: 0,
        alignGiftBonus: 0,
        contextModif: 0 },
     waterElementResistPercent: 
      { _type: 'CharacterBaseCharacteristic',
        base: 0,
        objectsAndMountBonus: 0,
        alignGiftBonus: 0,
        contextModif: 0 },
     airElementResistPercent: 
      { _type: 'CharacterBaseCharacteristic',
        base: 0,
        objectsAndMountBonus: 0,
        alignGiftBonus: 0,
        contextModif: 0 },
     fireElementResistPercent: 
      { _type: 'CharacterBaseCharacteristic',
        base: 0,
        objectsAndMountBonus: 0,
        alignGiftBonus: 0,
        contextModif: 0 },
     neutralElementReduction: 
      { _type: 'CharacterBaseCharacteristic',
        base: 0,
        objectsAndMountBonus: 0,
        alignGiftBonus: 0,
        contextModif: 0 },
     earthElementReduction: 
      { _type: 'CharacterBaseCharacteristic',
        base: 0,
        objectsAndMountBonus: 0,
        alignGiftBonus: 0,
        contextModif: 0 },
     waterElementReduction: 
      { _type: 'CharacterBaseCharacteristic',
        base: 0,
        objectsAndMountBonus: 0,
        alignGiftBonus: 0,
        contextModif: 0 },
     airElementReduction: 
      { _type: 'CharacterBaseCharacteristic',
        base: 0,
        objectsAndMountBonus: 0,
        alignGiftBonus: 0,
        contextModif: 0 },
     fireElementReduction: 
      { _type: 'CharacterBaseCharacteristic',
        base: 0,
        objectsAndMountBonus: 0,
        alignGiftBonus: 0,
        contextModif: 0 },
     pushDamageReduction: 
      { _type: 'CharacterBaseCharacteristic',
        base: 0,
        objectsAndMountBonus: 0,
        alignGiftBonus: 0,
        contextModif: 0 },
     criticalDamageReduction: 
      { _type: 'CharacterBaseCharacteristic',
        base: 0,
        objectsAndMountBonus: 0,
        alignGiftBonus: 0,
        contextModif: 0 },
     pvpNeutralElementResistPercent: 
      { _type: 'CharacterBaseCharacteristic',
        base: 0,
        objectsAndMountBonus: 1,
        alignGiftBonus: 0,
        contextModif: 0 },
     pvpEarthElementResistPercent: 
      { _type: 'CharacterBaseCharacteristic',
        base: 0,
        objectsAndMountBonus: 0,
        alignGiftBonus: 0,
        contextModif: 0 },
     pvpWaterElementResistPercent: 
      { _type: 'CharacterBaseCharacteristic',
        base: 0,
        objectsAndMountBonus: 0,
        alignGiftBonus: 0,
        contextModif: 0 },
     pvpAirElementResistPercent: 
      { _type: 'CharacterBaseCharacteristic',
        base: 0,
        objectsAndMountBonus: 0,
        alignGiftBonus: 0,
        contextModif: 0 },
     pvpFireElementResistPercent: 
      { _type: 'CharacterBaseCharacteristic',
        base: 0,
        objectsAndMountBonus: 0,
        alignGiftBonus: 0,
        contextModif: 0 },
     pvpNeutralElementReduction: 
      { _type: 'CharacterBaseCharacteristic',
        base: 0,
        objectsAndMountBonus: 0,
        alignGiftBonus: 0,
        contextModif: 0 },
     pvpEarthElementReduction: 
      { _type: 'CharacterBaseCharacteristic',
        base: 0,
        objectsAndMountBonus: 0,
        alignGiftBonus: 0,
        contextModif: 0 },
     pvpWaterElementReduction: 
      { _type: 'CharacterBaseCharacteristic',
        base: 0,
        objectsAndMountBonus: 0,
        alignGiftBonus: 0,
        contextModif: 0 },
     pvpAirElementReduction: 
      { _type: 'CharacterBaseCharacteristic',
        base: 0,
        objectsAndMountBonus: 0,
        alignGiftBonus: 0,
        contextModif: 0 },
     pvpFireElementReduction: 
      { _type: 'CharacterBaseCharacteristic',
        base: 0,
        objectsAndMountBonus: 0,
        alignGiftBonus: 0,
        contextModif: 0 },
     spellModifications: [],
     probationTime: 0 },
  _isInitialized: true }
'Message reveived :'
{ _messageType: 'UpdateMapPlayersAgressableStatusMessage',
  playerIds: [ 547408 ],
  enable: [ 0 ],
  _isInitialized: true }
'Message reveived :'
{ _messageType: 'BasicNoOperationMessage' }
'Message reveived :'
{ _messageType: 'bakHardToSoftCurrentRateSuccess',
  rate: 60.13389 }
'Message reveived :'
{ _messageType: 'bakSoftToHardCurrentRateSuccess',
  rate: 63.1405845 }
'Message reveived :'
{ _messageType: 'kpiStartSessionMessage', sessionId: 653832550 }
'Message reveived :'
{ _messageType: 'BasicAckMessage',
  seq: 9,
  lastPacketId: 6317,
  _isInitialized: true }
'Message reveived :'
{ _messageType: 'BasicNoOperationMessage' }
'Message reveived :'
{ _messageType: 'BasicAckMessage',
  seq: 10,
  lastPacketId: 225,
  _isInitialized: true }
'Message reveived :'
{ _messageType: 'MapComplementaryInformationsDataMessage',
  subAreaId: 442,
  mapId: 80218629,
  houses: [],
  actors: 
   [ { _type: 'GameRolePlayCharacterInformations',
       contextualId: 547408,
       look: [Object],
       disposition: [Object],
       name: 'Aim-Fire',
       humanoidInfo: [Object],
       accountId: 112214161,
       alignmentInfos: [Object] },
     { _type: 'GameRolePlayGroupMonsterInformations',
       contextualId: -6,
       look: [Object],
       disposition: [Object],
       staticInfos: [Object],
       ageBonus: 0,
       lootShare: -1,
       alignmentSide: -1,
       keyRingBonus: false,
       hasHardcoreDrop: false },
     { _type: 'GameRolePlayGroupMonsterInformations',
       contextualId: -4,
       look: [Object],
       disposition: [Object],
       staticInfos: [Object],
       ageBonus: 0,
       lootShare: -1,
       alignmentSide: -1,
       keyRingBonus: false,
       hasHardcoreDrop: false },
     { _type: 'GameRolePlayGroupMonsterInformations',
       contextualId: -5,
       look: [Object],
       disposition: [Object],
       staticInfos: [Object],
       ageBonus: 0,
       lootShare: -1,
       alignmentSide: -1,
       keyRingBonus: false,
       hasHardcoreDrop: false } ],
  interactiveElements: 
   [ { _type: 'InteractiveElementWithAgeBonus',
       elementId: 463444,
       elementTypeId: 75,
       enabledSkills: [],
       disabledSkills: [Object],
       ageBonus: 0,
       _name: 'Small river fish' },
     { _type: 'InteractiveElement',
       elementId: 463441,
       elementTypeId: 75,
       enabledSkills: [],
       disabledSkills: [Object],
       _name: 'Small river fish' },
     { _type: 'InteractiveElement',
       elementId: 463443,
       elementTypeId: 75,
       enabledSkills: [],
       disabledSkills: [Object],
       _name: 'Small river fish' },
     { _type: 'InteractiveElementWithAgeBonus',
       elementId: 463440,
       elementTypeId: 75,
       enabledSkills: [],
       disabledSkills: [Object],
       ageBonus: 0,
       _name: 'Small river fish' },
     { _type: 'InteractiveElement',
       elementId: 463442,
       elementTypeId: 75,
       enabledSkills: [],
       disabledSkills: [Object],
       _name: 'Small river fish' } ],
  statedElements: 
   [ { _type: 'StatedElement',
       elementId: 463444,
       elementCellId: 506,
       elementState: 0 },
     { _type: 'StatedElement',
       elementId: 463441,
       elementCellId: 344,
       elementState: 1 },
     { _type: 'StatedElement',
       elementId: 463443,
       elementCellId: 465,
       elementState: 1 },
     { _type: 'StatedElement',
       elementId: 463440,
       elementCellId: 329,
       elementState: 0 },
     { _type: 'StatedElement',
       elementId: 463442,
       elementCellId: 452,
       elementState: 1 } ],
  obstacles: [],
  fights: [],
  _isInitialized: true }
'Message reveived :'
{ _messageType: 'BasicNoOperationMessage' }
'Message reveived :'
{ _messageType: 'GameMapMovementMessage',
  keyMovements: [ 115, 61 ],
  actorId: -4,
  _isInitialized: true }
'Message reveived :'
{ _messageType: 'GameMapMovementMessage',
  keyMovements: [ 155, 142 ],
  actorId: -6,
  _isInitialized: true }
'Message reveived :'
{ _messageType: 'GameMapMovementMessage',
  keyMovements: [ 245, 260 ],
  actorId: -5,
  _isInitialized: true }
'Message reveived :'
{ _messageType: 'GameMapMovementMessage',
  keyMovements: [ 61, 47 ],
  actorId: -4,
  _isInitialized: true }
'Message reveived :'
{ _messageType: 'GameRolePlayShowActorMessage',
  informations: 
   { _type: 'GameRolePlayCharacterInformations',
     contextualId: 731462,
     look: 
      { _type: 'EntityLook',
        bonesId: 1,
        skins: [Object],
        indexedColors: [Object],
        scales: [Object],
        subentities: [] },
     disposition: 
      { _type: 'EntityDispositionInformations',
        cellId: 321,
        direction: 5 },
     name: 'Bhalrock',
     humanoidInfo: 
      { _type: 'HumanInformations',
        restrictions: [Object],
        sex: false,
        options: [] },
     accountId: 73472956,
     alignmentInfos: 
      { _type: 'ActorAlignmentInformations',
        alignmentSide: 0,
        alignmentValue: 0,
        alignmentGrade: 0,
        characterPower: 731477 } },
  _isInitialized: true }
'Message reveived :'
{ _messageType: 'UpdateMapPlayersAgressableStatusMessage',
  playerIds: [ 731462 ],
  enable: [ 0 ],
  _isInitialized: true }
'Message reveived :'
{ _messageType: 'GameMapMovementMessage',
  keyMovements: 
   [ 321,
     320,
     305,
     291,
     276,
     262,
     261,
     246,
     232,
     217,
     216,
     202,
     187,
     186,
     185,
     171,
     170,
     155,
     141,
     140 ],
  actorId: 731462,
  _isInitialized: true }
'Message reveived :'
{ _messageType: 'GameContextRemoveElementMessage',
  id: 731462,
  _isInitialized: true }
