'Message sent :'
'connecting'
{ appVersion: '1.9.27',
  buildVersion: '0.60.0',
  client: 'android',
  language: 'en',
  server: 'login' }
'Packet Received : '
{ _messageType: 'ProtocolRequired',
  requiredVersion: 1534,
  currentVersion: 1547,
  _isInitialized: true }
'Packet Received : '
{ _messageType: 'HelloConnectMessage',
  salt: 'izbou8erfe./QJB,O*$c8:vDmP)K=7_O',
  key: 
   [ -109,
     71,
     88,
     -7,
     -41,
     67,
     -94,
     -122,
     -107,
     59,
     116,
     127,
     -106,
     91,
     -101,
     85,
     109,
     -85,
     -16,
     94,
     82,
     -59,
     -28,
     47,
     -45,
     -63,
     -70,
     35,
     102,
     -12,
     28,
     33,
     81,
     92,
     -34,
     21,
     -15,
     101,
     91,
     -44,
     -21,
     42,
     48,
     -81,
     -26,
     19,
     69,
     -115,
     -73,
     12,
     -35,
     -28,
     47,
     -69,
     -79,
     76,
     -30,
     -82,
     -33,
     115,
     126,
     -76,
     48,
     78,
     -68,
     -66,
     73,
     -120,
     78,
     27,
     29,
     -49,
     25,
     109,
     -35,
     -71,
     -94,
     -103,
     -35,
     -12,
     81,
     -16,
     -116,
     -38,
     -21,
     60,
     -58,
     17,
     -81,
     72,
     125,
     -102,
     50,
     -27,
     -41,
     99,
     74,
     -56,
     42,
     95,
     ... 205 more items ],
  _isInitialized: true }
'Message sent :'
'checkAssetsVersion'
{ assetsVersion: '2.15.15', staticDataVersion: '25' }
'Packet Received : '
{ assetsVersion: null,
  staticDataVersion: null,
  _messageType: 'assetsVersionChecked' }
'Message sent :'
'login'
{ username: 'zahidsacri',
  token: '1d490aef8309b9700799fcc8ae724422',
  salt: 'izbou8erfe./QJB,O*$c8:vDmP)K=7_O',
  key: 
   [ -109,
     71,
     88,
     -7,
     -41,
     67,
     -94,
     -122,
     -107,
     59,
     116,
     127,
     -106,
     91,
     -101,
     85,
     109,
     -85,
     -16,
     94,
     82,
     -59,
     -28,
     47,
     -45,
     -63,
     -70,
     35,
     102,
     -12,
     28,
     33,
     81,
     92,
     -34,
     21,
     -15,
     101,
     91,
     -44,
     -21,
     42,
     48,
     -81,
     -26,
     19,
     69,
     -115,
     -73,
     12,
     -35,
     -28,
     47,
     -69,
     -79,
     76,
     -30,
     -82,
     -33,
     115,
     126,
     -76,
     48,
     78,
     -68,
     -66,
     73,
     -120,
     78,
     27,
     29,
     -49,
     25,
     109,
     -35,
     -71,
     -94,
     -103,
     -35,
     -12,
     81,
     -16,
     -116,
     -38,
     -21,
     60,
     -58,
     17,
     -81,
     72,
     125,
     -102,
     50,
     -27,
     -41,
     99,
     74,
     -56,
     42,
     95,
     ... 205 more items ] }
'Packet Received : '
{ _messageType: 'CredentialsAcknowledgementMessage' }
'Packet Received : '
{ _messageType: 'LoginQueueStatusMessage',
  position: 1,
  total: 2,
  _isInitialized: true }
'Packet Received : '
{ _messageType: 'LoginQueueStatusMessage',
  position: 0,
  total: 1,
  _isInitialized: true }
'Packet Received : '
{ _messageType: 'IdentificationSuccessMessage',
  login: '1465968706062860703',
  nickname: 'XxXVikingsXxX',
  accountId: 112984462,
  communityId: 0,
  hasRights: false,
  secretQuestion: '',
  subscriptionEndDate: 0,
  wasAlreadyConnected: false,
  accountCreation: 1482954291000,
  _isInitialized: true }
'Packet Received : '
{ _messageType: 'ServersListMessage',
  servers: 
   [ { _type: 'GameServerInformations',
       id: 405,
       status: 3,
       completion: 0,
       isSelectable: true,
       charactersCount: 0,
       date: 0,
       _name: 'Herdegrize',
       _gameTypeId: 0 },
     { _type: 'GameServerInformations',
       id: 407,
       status: 3,
       completion: 0,
       isSelectable: false,
       charactersCount: 0,
       date: 0,
       _name: 'Brutas',
       _gameTypeId: 0 },
     { _type: 'GameServerInformations',
       id: 404,
       status: 3,
       completion: 0,
       isSelectable: true,
       charactersCount: 0,
       date: 0,
       _name: 'Terra Cogita',
       _gameTypeId: 0 },
     { _type: 'GameServerInformations',
       id: 401,
       status: 3,
       completion: 0,
       isSelectable: true,
       charactersCount: 0,
       date: 0,
       _name: 'Grandapan',
       _gameTypeId: 0 },
     { _type: 'GameServerInformations',
       id: 406,
       status: 3,
       completion: 0,
       isSelectable: true,
       charactersCount: 0,
       date: 0,
       _name: 'Dodge',
       _gameTypeId: 0 },
     { _type: 'GameServerInformations',
       id: 403,
       status: 3,
       completion: 0,
       isSelectable: true,
       charactersCount: 1,
       date: 1487448670494,
       _name: 'Oshimo',
       _gameTypeId: 0 } ],
  _isInitialized: true }
'Message sent :'
'sendMessage'
{ type: 'ServerSelectionMessage', data: { serverId: 403 } }
'Packet Received : '
{ _messageType: 'SelectedServerDataMessage',
  serverId: 403,
  address: '172.31.17.136',
  port: 5555,
  canCreateNewCharacter: true,
  ticket: '20aa4093a0ae578fc9562bdc99b29154',
  _isInitialized: true,
  _access: 'https://oshimogameproxy.touch.dofus.com' }
'Message sent :'
'disconnecting'
'SWITCHING_TO_GAME'
'Message sent :'
'connecting'
{ appVersion: '1.9.27',
  buildVersion: '0.60.0',
  client: 'android',
  language: 'en',
  server: { address: '172.31.17.136', port: 5555, id: 403 } }
'Packet Received : '
{ _messageType: 'ProtocolRequired',
  requiredVersion: 1547,
  currentVersion: 1547,
  _isInitialized: true }
'Packet Received : '
{ _messageType: 'HelloGameMessage' }
'Message sent :'
'sendMessage'
{ type: 'AuthenticationTicketMessage',
  data: { ticket: '20aa4093a0ae578fc9562bdc99b29154', lang: 'en' } }
'Packet Received : '
{ _messageType: 'BasicAckMessage',
  seq: 0,
  lastPacketId: 110,
  _isInitialized: true }
'Packet Received : '
{ _messageType: 'AuthenticationTicketAcceptedMessage' }
'Packet Received : '
{ _messageType: 'BasicTimeMessage',
  timestamp: 1487449187,
  timezoneOffset: 60,
  _isInitialized: true }
'Packet Received : '
{ _messageType: 'ServerSettingsMessage',
  lang: 'fr',
  community: 0,
  gameType: 0,
  _isInitialized: true }
'Packet Received : '
{ _messageType: 'ServerOptionalFeaturesMessage',
  features: [ 1, 2, 3, 5 ],
  _isInitialized: true }
'Packet Received : '
{ _messageType: 'ServerSessionConstantsMessage',
  variables: 
   [ { _type: 'ServerSessionConstantInteger', id: 1, value: 1500000 },
     { _type: 'ServerSessionConstantLong', id: 2, value: 7200000 },
     { _type: 'ServerSessionConstantInteger', id: 3, value: 30 },
     { _type: 'ServerSessionConstantLong', id: 4, value: 86400000 },
     { _type: 'ServerSessionConstantLong', id: 5, value: 60000 } ],
  _isInitialized: true }
'Packet Received : '
{ _messageType: 'AccountCapabilitiesMessage',
  accountId: 112984462,
  tutorialAvailable: true,
  breedsVisible: 32767,
  breedsAvailable: 32767,
  status: 0,
  _isInitialized: true }
'Packet Received : '
{ _messageType: 'TrustStatusMessage',
  trusted: true,
  _isInitialized: true }
'Packet Received : '
{ _messageType: 'BasicNoOperationMessage' }
'Message sent :'
'sendMessage'
{ type: 'CharactersListRequestMessage', data: undefined }
'Packet Received : '
{ _messageType: 'BasicAckMessage',
  seq: 1,
  lastPacketId: 150,
  _isInitialized: true }
'Packet Received : '
{ _messageType: 'QueueStatusMessage',
  position: 1,
  total: 1,
  _isInitialized: true }
'Packet Received : '
{ _messageType: 'QueueStatusMessage',
  position: 0,
  total: 0,
  _isInitialized: true }
'Packet Received : '
{ _messageType: 'BasicNoOperationMessage' }
'Packet Received : '
{ _messageType: 'QueueStatusMessage',
  position: 0,
  total: 0,
  _isInitialized: true }
'Packet Received : '
{ _messageType: 'CharactersListMessage',
  hasStartupActions: false,
  characters: 
   [ { _type: 'CharacterBaseInformations',
       id: 610200,
       level: 15,
       name: 'Miss-Lagertha',
       entityLook: [Object],
       breed: 11,
       sex: true } ],
  _isInitialized: true }
'Message sent :'
'sendMessage'
{ type: 'CharacterSelectionMessage', data: { id: 610200 } }
'Packet Received : '
{ _messageType: 'BasicAckMessage',
  seq: 2,
  lastPacketId: 152,
  _isInitialized: true }
'Packet Received : '
{ _messageType: 'BasicNoOperationMessage' }
'Packet Received : '
{ _messageType: 'QueueStatusMessage',
  position: 0,
  total: 0,
  _isInitialized: true }
'Packet Received : '
{ _messageType: 'NotificationListMessage',
  flags: [ 11517938 ],
  _isInitialized: true }
'Packet Received : '
{ _messageType: 'CharacterSelectedSuccessMessage',
  infos: 
   { _type: 'CharacterBaseInformations',
     id: 610200,
     level: 15,
     name: 'Miss-Lagertha',
     entityLook: 
      { _type: 'EntityLook',
        bonesId: 1,
        skins: [Object],
        indexedColors: [Object],
        scales: [Object],
        subentities: [] },
     breed: 11,
     sex: true },
  _isInitialized: true }
'Packet Received : '
{ _messageType: 'InventoryContentMessage',
  objects: 
   [ { _type: 'ObjectItem',
       position: 5,
       objectGID: 2476,
       effects: [Object],
       objectUID: 107693282,
       quantity: 1 },
     { _type: 'ObjectItem',
       position: 2,
       objectGID: 10785,
       effects: [Object],
       objectUID: 107693283,
       quantity: 1 },
     { _type: 'ObjectItem',
       position: 7,
       objectGID: 2473,
       effects: [Object],
       objectUID: 107693284,
       quantity: 1 },
     { _type: 'ObjectItem',
       position: 4,
       objectGID: 2475,
       effects: [Object],
       objectUID: 107693285,
       quantity: 1 },
     { _type: 'ObjectItem',
       position: 15,
       objectGID: 10798,
       effects: [Object],
       objectUID: 107693286,
       quantity: 1 },
     { _type: 'ObjectItem',
       position: 6,
       objectGID: 2474,
       effects: [Object],
       objectUID: 107693287,
       quantity: 1 },
     { _type: 'ObjectItem',
       position: 3,
       objectGID: 2477,
       effects: [Object],
       objectUID: 107693288,
       quantity: 1 },
     { _type: 'ObjectItem',
       position: 0,
       objectGID: 2478,
       effects: [Object],
       objectUID: 107693289,
       quantity: 1 },
     { _type: 'ObjectItem',
       position: 63,
       objectGID: 10792,
       effects: [Object],
       objectUID: 107693290,
       quantity: 1 },
     { _type: 'ObjectItem',
       position: 63,
       objectGID: 10793,
       effects: [Object],
       objectUID: 107693291,
       quantity: 2 },
     { _type: 'ObjectItem',
       position: 63,
       objectGID: 10795,
       effects: [Object],
       objectUID: 107693292,
       quantity: 1 },
     { _type: 'ObjectItem',
       position: 63,
       objectGID: 10796,
       effects: [Object],
       objectUID: 107693293,
       quantity: 1 },
     { _type: 'ObjectItem',
       position: 63,
       objectGID: 10801,
       effects: [Object],
       objectUID: 107693294,
       quantity: 1 },
     { _type: 'ObjectItem',
       position: 63,
       objectGID: 10794,
       effects: [Object],
       objectUID: 107693295,
       quantity: 1 },
     { _type: 'ObjectItem',
       position: 63,
       objectGID: 10800,
       effects: [Object],
       objectUID: 107693296,
       quantity: 1 },
     { _type: 'ObjectItem',
       position: 63,
       objectGID: 10799,
       effects: [Object],
       objectUID: 107693297,
       quantity: 1 },
     { _type: 'ObjectItem',
       position: 63,
       objectGID: 10784,
       effects: [Object],
       objectUID: 107693298,
       quantity: 1 },
     { _type: 'ObjectItem',
       position: 63,
       objectGID: 1008,
       effects: [],
       objectUID: 107693299,
       quantity: 1 },
     { _type: 'ObjectItem',
       position: 63,
       objectGID: 1009,
       effects: [],
       objectUID: 107693300,
       quantity: 1 },
     { _type: 'ObjectItem',
       position: 63,
       objectGID: 10797,
       effects: [Object],
       objectUID: 107693301,
       quantity: 1 },
     { _type: 'ObjectItem',
       position: 63,
       objectGID: 289,
       effects: [],
       objectUID: 107693302,
       quantity: 407 },
     { _type: 'ObjectItem',
       position: 63,
       objectGID: 519,
       effects: [],
       objectUID: 107693303,
       quantity: 3 },
     { _type: 'ObjectItem',
       position: 63,
       objectGID: 371,
       effects: [],
       objectUID: 107693304,
       quantity: 1 },
     { _type: 'ObjectItem',
       position: 63,
       objectGID: 307,
       effects: [],
       objectUID: 107693305,
       quantity: 1 } ],
  kamas: 30165,
  _isInitialized: true }
'Packet Received : '
{ _messageType: 'SetUpdateMessage',
  setId: 5,
  setObjects: [ 2476, 2473, 2475, 2474, 2477, 2478 ],
  setEffects: 
   [ { _type: 'ObjectEffectInteger', actionId: 126, value: 40 },
     { _type: 'ObjectEffectInteger', actionId: 124, value: 40 },
     { _type: 'ObjectEffectInteger', actionId: 123, value: 40 },
     { _type: 'ObjectEffectInteger', actionId: 119, value: 40 },
     { _type: 'ObjectEffectInteger', actionId: 125, value: 40 },
     { _type: 'ObjectEffectInteger', actionId: 118, value: 40 } ],
  _isInitialized: true }
'Packet Received : '
{ _messageType: 'SetUpdateMessage',
  setId: 150,
  setObjects: [ 10785, 10798 ],
  setEffects: 
   [ { _type: 'ObjectEffectInteger', actionId: 125, value: 2 },
     { _type: 'ObjectEffectInteger', actionId: 174, value: 2 } ],
  _isInitialized: true }
'Packet Received : '
{ _messageType: 'ShortcutBarContentMessage',
  barType: 0,
  shortcuts: [],
  _isInitialized: true }
'Packet Received : '
{ _messageType: 'ShortcutBarContentMessage',
  barType: 1,
  shortcuts: 
   [ { _type: 'ShortcutSpell', slot: 5, spellId: 449 },
     { _type: 'ShortcutSpell', slot: 2, spellId: 432 },
     { _type: 'ShortcutSpell', slot: 7, spellId: 437 },
     { _type: 'ShortcutSpell', slot: 4, spellId: 444 },
     { _type: 'ShortcutSpell', slot: 1, spellId: 431 },
     { _type: 'ShortcutSpell', slot: 6, spellId: 436 },
     { _type: 'ShortcutSpell', slot: 3, spellId: 434 },
     { _type: 'ShortcutSpell', slot: 0, spellId: 0 } ],
  _isInitialized: true }
'Packet Received : '
{ _messageType: 'EmoteListMessage',
  emoteIds: [ 1 ],
  _isInitialized: true }
'Packet Received : '
{ _messageType: 'JobDescriptionMessage',
  jobsDescription: [ { _type: 'JobDescription', jobId: 28, skills: [Object] } ],
  _isInitialized: true }
'Packet Received : '
{ _messageType: 'JobExperienceMultiUpdateMessage',
  experiencesUpdate: 
   [ { _type: 'JobExperience',
       jobId: 28,
       jobLevel: 17,
       jobXP: 5938,
       jobXpLevelFloor: 5762,
       jobXpNextLevelFloor: 6493 } ],
  _isInitialized: true }
'Packet Received : '
{ _messageType: 'JobCrafterDirectorySettingsMessage',
  craftersSettings: 
   [ { _type: 'JobCrafterDirectorySettings',
       jobId: 28,
       minSlot: 0,
       userDefinedParams: 0 } ],
  _isInitialized: true }
'Packet Received : '
{ _messageType: 'AlignmentRankUpdateMessage',
  alignmentRank: 0,
  verbose: false,
  _isInitialized: true }
'Message sent :'
'sendMessage'
{ type: 'moneyGoultinesAmountRequest', data: undefined }
'Message sent :'
'sendMessage'
{ type: 'QuestListRequestMessage', data: undefined }
'Message sent :'
'sendMessage'
{ type: 'FriendsGetListMessage', data: undefined }
'Message sent :'
'sendMessage'
{ type: 'IgnoredGetListMessage', data: undefined }
'Message sent :'
'sendMessage'
{ type: 'SpouseGetInformationsMessage', data: undefined }
'Message sent :'
'sendMessage'
{ type: 'moneyGoultinesAmountRequest', data: undefined }
'Message sent :'
'sendMessage'
{ type: 'moneyGoultinesAmountRequest', data: undefined }
'Message sent :'
'sendMessage'
{ type: 'moneyGoultinesAmountRequest', data: undefined }
'Message sent :'
'bakSoftToHardCurrentRateRequest'
undefined
'Message sent :'
'bakHardToSoftCurrentRateRequest'
undefined
'Message sent :'
'kpiStartSession'
{ accountSessionId: '1465968706062860703', isSubscriber: false }
'Message sent :'
'sendMessage'
{ type: 'ClientKeyMessage',
  data: { key: 'OByF781v98Amcl96pJDiA' } }
'Message sent :'
'sendMessage'
{ type: 'GameContextCreateRequestMessage', data: undefined }
'Packet Received : '
{ _messageType: 'PrismsListMessage',
  prisms: 
   [ { _type: 'PrismGeolocalizedInformation',
       subAreaId: 521,
       allianceId: 0,
       worldX: -16,
       worldY: -38,
       mapId: 139558,
       prism: [Object],
       enrichData: [Object] },
     { _type: 'PrismSubareaEmptyInfo', subAreaId: 499, allianceId: 0 },
     { _type: 'PrismSubareaEmptyInfo', subAreaId: 123, allianceId: 0 },
     { _type: 'PrismGeolocalizedInformation',
       subAreaId: 43,
       allianceId: 0,
       worldX: -37,
       worldY: -50,
       mapId: 150322,
       prism: [Object],
       enrichData: [Object] },
     { _type: 'PrismSubareaEmptyInfo', subAreaId: 477, allianceId: 0 },
     { _type: 'PrismSubareaEmptyInfo', subAreaId: 607, allianceId: 0 },
     { _type: 'PrismGeolocalizedInformation',
       subAreaId: 455,
       allianceId: 0,
       worldX: -51,
       worldY: 19,
       mapId: 63965953,
       prism: [Object],
       enrichData: [Object] },
     { _type: 'PrismGeolocalizedInformation',
       subAreaId: 103,
       allianceId: 0,
       worldX: 14,
       worldY: 15,
       mapId: 88087304,
       prism: [Object],
       enrichData: [Object] },
     { _type: 'PrismGeolocalizedInformation',
       subAreaId: 520,
       allianceId: 0,
       worldX: -8,
       worldY: -42,
       mapId: 135466,
       prism: [Object],
       enrichData: [Object] },
     { _type: 'PrismSubareaEmptyInfo', subAreaId: 64, allianceId: 0 },
     { _type: 'PrismGeolocalizedInformation',
       subAreaId: 109,
       allianceId: 0,
       worldX: 32,
       worldY: -38,
       mapId: 16678,
       prism: [Object],
       enrichData: [Object] },
     { _type: 'PrismGeolocalizedInformation',
       subAreaId: 533,
       allianceId: 0,
       worldX: -36,
       worldY: -57,
       mapId: 149817,
       prism: [Object],
       enrichData: [Object] },
     { _type: 'PrismGeolocalizedInformation',
       subAreaId: 476,
       allianceId: 0,
       worldX: 31,
       worldY: -48,
       mapId: 16176,
       prism: [Object],
       enrichData: [Object] },
     { _type: 'PrismGeolocalizedInformation',
       subAreaId: 606,
       allianceId: 0,
       worldX: -80,
       worldY: -75,
       mapId: 54174027,
       prism: [Object],
       enrichData: [Object] },
     { _type: 'PrismGeolocalizedInformation',
       subAreaId: 454,
       allianceId: 0,
       worldX: -56,
       worldY: 3,
       mapId: 159747,
       prism: [Object],
       enrichData: [Object] },
     { _type: 'PrismGeolocalizedInformation',
       subAreaId: 651,
       allianceId: 0,
       worldX: -55,
       worldY: -41,
       mapId: 54161193,
       prism: [Object],
       enrichData: [Object] },
     { _type: 'PrismGeolocalizedInformation',
       subAreaId: 519,
       allianceId: 0,
       worldX: -8,
       worldY: -52,
       mapId: 135476,
       prism: [Object],
       enrichData: [Object] },
     { _type: 'PrismSubareaEmptyInfo', subAreaId: 80, allianceId: 0 },
     { _type: 'PrismSubareaEmptyInfo', subAreaId: 63, allianceId: 0 },
     { _type: 'PrismGeolocalizedInformation',
       subAreaId: 280,
       allianceId: 0,
       worldX: -27,
       worldY: 29,
       mapId: 144925,
       prism: [Object],
       enrichData: [Object] },
     { _type: 'PrismSubareaEmptyInfo',
       subAreaId: 798,
       allianceId: 0,
       enrichData: [Object] },
     { _type: 'PrismGeolocalizedInformation',
       subAreaId: 171,
       allianceId: 0,
       worldX: 30,
       worldY: -42,
       mapId: 15658,
       prism: [Object],
       enrichData: [Object] },
     { _type: 'PrismSubareaEmptyInfo', subAreaId: 540, allianceId: 0 },
     { _type: 'PrismGeolocalizedInformation',
       subAreaId: 605,
       allianceId: 0,
       worldX: -73,
       worldY: -69,
       mapId: 60036612,
       prism: [Object],
       enrichData: [Object] },
     { _type: 'PrismGeolocalizedInformation',
       subAreaId: 453,
       allianceId: 0,
       worldX: -56,
       worldY: 0,
       mapId: 159744,
       prism: [Object],
       enrichData: [Object] },
     { _type: 'PrismGeolocalizedInformation',
       subAreaId: 518,
       allianceId: 0,
       worldX: -16,
       worldY: -60,
       mapId: 139580,
       prism: [Object],
       enrichData: [Object] },
     { _type: 'PrismGeolocalizedInformation',
       subAreaId: 62,
       allianceId: 0,
       worldX: -29,
       worldY: -9,
       mapId: 100141056,
       prism: [Object],
       enrichData: [Object] },
     { _type: 'PrismGeolocalizedInformation',
       subAreaId: 279,
       allianceId: 0,
       worldX: -25,
       worldY: -64,
       mapId: 144192,
       prism: [Object],
       enrichData: [Object] },
     { _type: 'PrismGeolocalizedInformation',
       subAreaId: 170,
       allianceId: 0,
       worldX: 1,
       worldY: 26,
       mapId: 88080387,
       prism: [Object],
       enrichData: [Object] },
     { _type: 'PrismSubareaEmptyInfo', subAreaId: 539, allianceId: 0 },
     { _type: 'PrismGeolocalizedInformation',
       subAreaId: 235,
       allianceId: 0,
       worldX: -21,
       worldY: 1,
       mapId: 73533952,
       prism: [Object],
       enrichData: [Object] },
     { _type: 'PrismGeolocalizedInformation',
       subAreaId: 604,
       allianceId: 0,
       worldX: -57,
       worldY: -64,
       mapId: 54162240,
       prism: [Object],
       enrichData: [Object] },
     { _type: 'PrismGeolocalizedInformation',
       subAreaId: 517,
       allianceId: 0,
       worldX: -18,
       worldY: 28,
       mapId: 140316,
       prism: [Object],
       enrichData: [Object] },
     { _type: 'PrismGeolocalizedInformation',
       subAreaId: 61,
       allianceId: 0,
       worldX: -17,
       worldY: 34,
       mapId: 139810,
       prism: [Object],
       enrichData: [Object] },
     { _type: 'PrismGeolocalizedInformation',
       subAreaId: 278,
       allianceId: 0,
       worldX: 3,
       worldY: -9,
       mapId: 84674061,
       prism: [Object],
       enrichData: [Object] },
     { _type: 'PrismSubareaEmptyInfo', subAreaId: 799, allianceId: 0 },
     { _type: 'PrismGeolocalizedInformation',
       subAreaId: 495,
       allianceId: 0,
       worldX: -18,
       worldY: 28,
       mapId: 17826562,
       prism: [Object],
       enrichData: [Object] },
     { _type: 'PrismGeolocalizedInformation',
       subAreaId: 777,
       allianceId: 0,
       worldX: 32,
       worldY: -31,
       mapId: 79167488,
       prism: [Object],
       enrichData: [Object] },
     { _type: 'PrismGeolocalizedInformation',
       subAreaId: 169,
       allianceId: 0,
       worldX: -12,
       worldY: -6,
       mapId: 137478,
       prism: [Object],
       enrichData: [Object] },
     { _type: 'PrismGeolocalizedInformation',
       subAreaId: 234,
       allianceId: 0,
       worldX: -11,
       worldY: 4,
       mapId: 73402883,
       prism: [Object],
       enrichData: [Object] },
     { _type: 'PrismGeolocalizedInformation',
       subAreaId: 603,
       allianceId: 0,
       worldX: -78,
       worldY: -74,
       mapId: 54173002,
       prism: [Object],
       enrichData: [Object] },
     { _type: 'PrismGeolocalizedInformation',
       subAreaId: 532,
       allianceId: 0,
       worldX: -36,
       worldY: -52,
       mapId: 149812,
       prism: [Object],
       enrichData: [Object] },
     { _type: 'PrismSubareaEmptyInfo', subAreaId: 81, allianceId: 0 },
     { _type: 'PrismGeolocalizedInformation',
       subAreaId: 277,
       allianceId: 0,
       worldX: -5,
       worldY: 10,
       mapId: 104071684,
       prism: [Object],
       enrichData: [Object] },
     { _type: 'PrismGeolocalizedInformation',
       subAreaId: 38,
       allianceId: 0,
       worldX: -1,
       worldY: -48,
       mapId: 131888,
       prism: [Object],
       enrichData: [Object] },
     { _type: 'PrismGeolocalizedInformation',
       subAreaId: 27,
       allianceId: 0,
       worldX: 13,
       worldY: 4,
       mapId: 88086803,
       prism: [Object],
       enrichData: [Object] },
     { _type: 'PrismGeolocalizedInformation',
       subAreaId: 472,
       allianceId: 0,
       worldX: -52,
       worldY: 15,
       mapId: 25690115,
       prism: [Object],
       enrichData: [Object] },
     { _type: 'PrismGeolocalizedInformation',
       subAreaId: 168,
       allianceId: 0,
       worldX: -10,
       worldY: -11,
       mapId: 136459,
       prism: [Object],
       enrichData: [Object] },
     { _type: 'PrismGeolocalizedInformation',
       subAreaId: 233,
       allianceId: 0,
       worldX: -10,
       worldY: 2,
       mapId: 136194,
       prism: [Object],
       enrichData: [Object] },
     { _type: 'PrismGeolocalizedInformation',
       subAreaId: 602,
       allianceId: 0,
       worldX: -68,
       worldY: -34,
       mapId: 54167842,
       prism: [Object],
       enrichData: [Object] },
     { _type: 'PrismGeolocalizedInformation',
       subAreaId: 59,
       allianceId: 0,
       worldX: -12,
       worldY: -56,
       mapId: 137528,
       prism: [Object],
       enrichData: [Object] },
     { _type: 'PrismGeolocalizedInformation',
       subAreaId: 276,
       allianceId: 0,
       worldX: -4,
       worldY: 5,
       mapId: 104072449,
       prism: [Object],
       enrichData: [Object] },
     { _type: 'PrismGeolocalizedInformation',
       subAreaId: 102,
       allianceId: 0,
       worldX: -4,
       worldY: -9,
       mapId: 84805645,
       prism: [Object],
       enrichData: [Object] },
     { _type: 'PrismGeolocalizedInformation',
       subAreaId: 471,
       allianceId: 0,
       worldX: -60,
       worldY: -8,
       mapId: 162056,
       prism: [Object],
       enrichData: [Object] },
     { _type: 'PrismGeolocalizedInformation',
       subAreaId: 167,
       allianceId: 0,
       worldX: 30,
       worldY: 11,
       mapId: 47186944,
       prism: [Object],
       enrichData: [Object] },
     { _type: 'PrismSubareaEmptyInfo', subAreaId: 79, allianceId: 0 },
     { _type: 'PrismGeolocalizedInformation',
       subAreaId: 232,
       allianceId: 0,
       worldX: -10,
       worldY: -2,
       mapId: 136450,
       prism: [Object],
       enrichData: [Object] },
     { _type: 'PrismGeolocalizedInformation',
       subAreaId: 753,
       allianceId: 0,
       worldX: -63,
       worldY: -75,
       mapId: 62129672,
       prism: [Object],
       enrichData: [Object] },
     { _type: 'PrismGeolocalizedInformation',
       subAreaId: 601,
       allianceId: 0,
       worldX: -76,
       worldY: -46,
       mapId: 54171950,
       prism: [Object],
       enrichData: [Object] },
     { _type: 'PrismGeolocalizedInformation',
       subAreaId: 115,
       allianceId: 0,
       worldX: 19,
       worldY: -32,
       mapId: 10016,
       prism: [Object],
       enrichData: [Object] },
     { _type: 'PrismGeolocalizedInformation',
       subAreaId: 275,
       allianceId: 0,
       worldX: -20,
       worldY: 10,
       mapId: 63310595,
       prism: [Object],
       enrichData: [Object] },
     { _type: 'PrismGeolocalizedInformation',
       subAreaId: 492,
       allianceId: 0,
       worldX: -21,
       worldY: 13,
       mapId: 18350082,
       prism: [Object],
       enrichData: [Object] },
     { _type: 'PrismGeolocalizedInformation',
       subAreaId: 253,
       allianceId: 0,
       worldX: -14,
       worldY: 12,
       mapId: 138252,
       prism: [Object],
       enrichData: [Object] },
     { _type: 'PrismGeolocalizedInformation',
       subAreaId: 622,
       allianceId: 0,
       worldX: -76,
       worldY: -75,
       mapId: 59510784,
       prism: [Object],
       enrichData: [Object] },
     { _type: 'PrismGeolocalizedInformation',
       subAreaId: 166,
       allianceId: 0,
       worldX: 31,
       worldY: 11,
       mapId: 61212167,
       prism: [Object],
       enrichData: [Object] },
     { _type: 'PrismGeolocalizedInformation',
       subAreaId: 535,
       allianceId: 0,
       worldX: -32,
       worldY: 36,
       mapId: 147492,
       prism: [Object],
       enrichData: [Object] },
     { _type: 'PrismGeolocalizedInformation',
       subAreaId: 231,
       allianceId: 0,
       worldX: -17,
       worldY: -3,
       mapId: 75499008,
       prism: [Object],
       enrichData: [Object] },
     { _type: 'PrismGeolocalizedInformation',
       subAreaId: 600,
       allianceId: 0,
       worldX: -85,
       worldY: -42,
       mapId: 54176554,
       prism: [Object],
       enrichData: [Object] },
     { _type: 'PrismGeolocalizedInformation',
       subAreaId: 513,
       allianceId: 0,
       worldX: -32,
       worldY: -57,
       mapId: 4981249,
       prism: [Object],
       enrichData: [Object] },
     { _type: 'PrismGeolocalizedInformation',
       subAreaId: 57,
       allianceId: 0,
       worldX: -20,
       worldY: 28,
       mapId: 141340,
       prism: [Object],
       enrichData: [Object] },
     { _type: 'PrismGeolocalizedInformation',
       subAreaId: 116,
       allianceId: 0,
       worldX: 27,
       worldY: -48,
       mapId: 14128,
       prism: [Object],
       enrichData: [Object] },
     { _type: 'PrismGeolocalizedInformation',
       subAreaId: 469,
       allianceId: 0,
       worldX: -55,
       worldY: 15,
       mapId: 28049408,
       prism: [Object],
       enrichData: [Object] },
     { _type: 'PrismGeolocalizedInformation',
       subAreaId: 165,
       allianceId: 0,
       worldX: 34,
       worldY: 4,
       mapId: 61079552,
       prism: [Object],
       enrichData: [Object] },
     { _type: 'PrismGeolocalizedInformation',
       subAreaId: 534,
       allianceId: 0,
       worldX: -18,
       worldY: 42,
       mapId: 140330,
       prism: [Object],
       enrichData: [Object] },
     { _type: 'PrismGeolocalizedInformation',
       subAreaId: 230,
       allianceId: 0,
       worldX: -11,
       worldY: 13,
       mapId: 64488710,
       prism: [Object],
       enrichData: [Object] },
     { _type: 'PrismGeolocalizedInformation',
       subAreaId: 143,
       allianceId: 0,
       worldX: 16,
       worldY: -24,
       mapId: 8472,
       prism: [Object],
       enrichData: [Object] },
     { _type: 'PrismGeolocalizedInformation',
       subAreaId: 56,
       allianceId: 0,
       worldX: -4,
       worldY: -45,
       mapId: 133421,
       prism: [Object],
       enrichData: [Object] },
     { _type: 'PrismGeolocalizedInformation',
       subAreaId: 117,
       allianceId: 0,
       worldX: 21,
       worldY: -26,
       mapId: 11034,
       prism: [Object],
       enrichData: [Object] },
     { _type: 'PrismGeolocalizedInformation',
       subAreaId: 490,
       allianceId: 0,
       worldX: 13,
       worldY: 22,
       mapId: 88086785,
       prism: [Object],
       enrichData: [Object] },
     { _type: 'PrismGeolocalizedInformation',
       subAreaId: 468,
       allianceId: 0,
       worldX: -53,
       worldY: 15,
       mapId: 28050432,
       prism: [Object],
       enrichData: [Object] },
     { _type: 'PrismGeolocalizedInformation',
       subAreaId: 316,
       allianceId: 0,
       worldX: -2,
       worldY: 26,
       mapId: 38933250,
       prism: [Object],
       enrichData: [Object] },
     { _type: 'PrismGeolocalizedInformation',
       subAreaId: 164,
       allianceId: 0,
       worldX: 24,
       worldY: -14,
       mapId: 99614980,
       prism: [Object],
       enrichData: [Object] },
     { _type: 'PrismGeolocalizedInformation',
       subAreaId: 12,
       allianceId: 0,
       worldX: 11,
       worldY: 30,
       mapId: 88085511,
       prism: [Object],
       enrichData: [Object] },
     { _type: 'PrismGeolocalizedInformation',
       subAreaId: 511,
       allianceId: 0,
       worldX: -27,
       worldY: 38,
       mapId: 11796993,
       prism: [Object],
       enrichData: [Object] },
     { _type: 'PrismGeolocalizedInformation',
       subAreaId: 55,
       allianceId: 0,
       worldX: -20,
       worldY: -62,
       mapId: 141630,
       prism: [Object],
       enrichData: [Object] },
     { _type: 'PrismGeolocalizedInformation',
       subAreaId: 118,
       allianceId: 0,
       worldX: 31,
       worldY: -35,
       mapId: 16163,
       prism: [Object],
       enrichData: [Object] },
     { _type: 'PrismGeolocalizedInformation',
       subAreaId: 33,
       allianceId: 0,
       worldX: -5,
       worldY: -13,
       mapId: 133901,
       prism: [Object],
       enrichData: [Object] },
     { _type: 'PrismGeolocalizedInformation',
       subAreaId: 315,
       allianceId: 0,
       worldX: -4,
       worldY: 24,
       mapId: 86248450,
       prism: [Object],
       enrichData: [Object] },
     { _type: 'PrismGeolocalizedInformation',
       subAreaId: 163,
       allianceId: 0,
       worldX: 21,
       worldY: -12,
       mapId: 99747586,
       prism: [Object],
       enrichData: [Object] },
     { _type: 'PrismGeolocalizedInformation',
       subAreaId: 11,
       allianceId: 0,
       worldX: -1,
       worldY: 33,
       mapId: 72618499,
       prism: [Object],
       enrichData: [Object] },
     { _type: 'PrismGeolocalizedInformation',
       subAreaId: 76,
       allianceId: 0,
       worldX: -21,
       worldY: -25,
       mapId: 14551301,
       prism: [Object],
       enrichData: [Object] },
     { _type: 'PrismGeolocalizedInformation',
       subAreaId: 54,
       allianceId: 0,
       worldX: -11,
       worldY: -36,
       mapId: 136996,
       prism: [Object],
       enrichData: [Object] },
     { _type: 'PrismGeolocalizedInformation',
       subAreaId: 119,
       allianceId: 0,
       worldX: 22,
       worldY: -37,
       mapId: 11557,
       prism: [Object],
       enrichData: [Object] },
     { _type: 'PrismGeolocalizedInformation',
       subAreaId: 488,
       allianceId: 0,
       worldX: 4,
       worldY: 1,
       mapId: 99094017,
       prism: [Object],
       enrichData: [Object] },
     { _type: 'PrismGeolocalizedInformation',
       subAreaId: 32,
       allianceId: 0,
       worldX: 14,
       worldY: 28,
       mapId: 90703875,
       prism: [Object],
       enrichData: [Object] },
     { _type: 'PrismGeolocalizedInformation',
       subAreaId: 466,
       allianceId: 0,
       worldX: -44,
       worldY: 21,
       mapId: 153621,
       prism: [Object],
       enrichData: [Object] },
     { _type: 'PrismGeolocalizedInformation',
       subAreaId: 314,
       allianceId: 0,
       worldX: -4,
       worldY: 25,
       mapId: 33686529,
       prism: [Object],
       enrichData: [Object] },
     { _type: 'PrismGeolocalizedInformation',
       subAreaId: 162,
       allianceId: 0,
       worldX: 28,
       worldY: -13,
       mapId: 115737097,
       prism: [Object],
       enrichData: [Object] },
     { _type: 'PrismGeolocalizedInformation',
       subAreaId: 10,
       allianceId: 0,
       worldX: -1,
       worldY: 0,
       mapId: 88212759,
       prism: [Object],
       enrichData: [Object] },
     { _type: 'PrismGeolocalizedInformation',
       subAreaId: 531,
       allianceId: 0,
       worldX: -23,
       worldY: 40,
       mapId: 142888,
       prism: [Object],
       enrichData: [Object] },
     ... 86 more items ],
  _isInitialized: true }
'Packet Received : '
{ _messageType: 'EnabledChannelsMessage',
  channels: [ 0, 1, 2, 3, 4, 5, 6, 7, 12, 13, 9, 10 ],
  disallowed: [ 8, 7 ],
  _isInitialized: true }
'Packet Received : '
{ _messageType: 'SpellListMessage',
  spellPrevisualization: true,
  spells: 
   [ { _type: 'SpellItem', position: 63, spellId: 434, spellLevel: 1 },
     { _type: 'SpellItem', position: 63, spellId: 431, spellLevel: 1 },
     { _type: 'SpellItem', position: 63, spellId: 437, spellLevel: 1 },
     { _type: 'SpellItem', position: 63, spellId: 436, spellLevel: 1 },
     { _type: 'SpellItem', position: 63, spellId: 444, spellLevel: 1 },
     { _type: 'SpellItem', position: 63, spellId: 432, spellLevel: 1 },
     { _type: 'SpellItem', position: 63, spellId: 449, spellLevel: 1 },
     { _type: 'SpellItem', position: 63, spellId: 0, spellLevel: 1 } ],
  _isInitialized: true }
'Packet Received : '
{ _messageType: 'ShortcutBarContentMessage',
  barType: 1,
  shortcuts: 
   [ { _type: 'ShortcutSpell', slot: 5, spellId: 449 },
     { _type: 'ShortcutSpell', slot: 2, spellId: 432 },
     { _type: 'ShortcutSpell', slot: 7, spellId: 437 },
     { _type: 'ShortcutSpell', slot: 4, spellId: 444 },
     { _type: 'ShortcutSpell', slot: 1, spellId: 431 },
     { _type: 'ShortcutSpell', slot: 6, spellId: 436 },
     { _type: 'ShortcutSpell', slot: 3, spellId: 434 },
     { _type: 'ShortcutSpell', slot: 0, spellId: 0 } ],
  _isInitialized: true }
'Packet Received : '
{ _messageType: 'SetCharacterRestrictionsMessage',
  restrictions: 
   { _type: 'ActorRestrictionsInformations',
     cantBeAggressed: false,
     cantBeChallenged: false,
     cantTrade: false,
     cantBeAttackedByMutant: false,
     cantRun: false,
     forceSlowWalk: false,
     cantMinimize: false,
     cantMove: false,
     cantAggress: false,
     cantChallenge: false,
     cantExchange: false,
     cantAttack: true,
     cantChat: false,
     cantBeMerchant: false,
     cantUseObject: false,
     cantUseTaxCollector: false,
     cantUseInteractive: false,
     cantSpeakToNPC: false,
     cantChangeZone: false,
     cantAttackMonster: false,
     cantWalk8Directions: false },
  _isInitialized: true }
'Packet Received : '
{ _messageType: 'InventoryWeightMessage',
  weight: 879,
  weightMax: 1335,
  _isInitialized: true }
'Packet Received : '
{ _messageType: 'FriendWarnOnConnectionStateMessage',
  enable: false,
  _isInitialized: true }
'Packet Received : '
{ _messageType: 'FriendWarnOnLevelGainStateMessage',
  enable: true,
  _isInitialized: true }
'Packet Received : '
{ _messageType: 'FriendGuildWarnOnAchievementCompleteStateMessage',
  enable: true,
  _isInitialized: true }
'Packet Received : '
{ _messageType: 'GuildMemberWarnOnConnectionStateMessage',
  enable: true,
  _isInitialized: true }
'Packet Received : '
{ _messageType: 'SequenceNumberRequestMessage' }
'Message sent :'
'sendMessage'
{ type: 'SequenceNumberMessage', data: { number: 1 } }
'Packet Received : '
{ _messageType: 'TextInformationMessage',
  msgType: 1,
  msgId: 89,
  parameters: [],
  _isInitialized: true,
  text: 'Welcome to DOFUS, and welcome to the World of Twelve! \nRemember that it is <b>strictly forbidden</b> to disclose your account name or password.' }
'Packet Received : '
{ _messageType: 'SpouseStatusMessage',
  hasSpouse: false,
  _isInitialized: true }
'Packet Received : '
{ _messageType: 'AchievementListMessage',
  finishedAchievementsIds: 
   [ 341,
     3,
     419,
     422,
     284,
     600,
     312,
     340,
     390,
     415,
     418,
     424,
     14,
     283,
     391,
     414,
     342,
     417,
     420,
     118,
     423,
     282,
     385,
     388 ],
  rewardableAchievements: [],
  _isInitialized: true,
  enrichData: { points: 33, achievementsTotal: 952 } }
'Packet Received : '
{ _messageType: 'GameRolePlayArenaUpdatePlayerInfosMessage',
  rank: 33,
  bestDailyRank: 0,
  bestRank: 0,
  victoryCount: 0,
  arenaFightcount: 0,
  _isInitialized: true }
'Packet Received : '
{ _messageType: 'CharacterCapabilitiesMessage',
  guildEmblemSymbolCategories: 4095,
  _isInitialized: true }
'Packet Received : '
{ _messageType: 'AlmanachCalendarDateMessage',
  date: 180,
  _isInitialized: true,
  _merydeName: 'Amirniana' }
'Packet Received : '
{ _messageType: 'MailStatusMessage',
  unread: 0,
  total: 0,
  _isInitialized: true }
'Packet Received : '
{ _messageType: 'StartupActionsListMessage',
  actions: [],
  _isInitialized: true }
'Packet Received : '
{ _messageType: 'BasicAckMessage',
  seq: 3,
  lastPacketId: 5623,
  _isInitialized: true }
'Packet Received : '
{ _messageType: 'QuestListMessage',
  finishedQuestsIds: [ 232, 231, 193, 492, 489 ],
  finishedQuestsCounts: [ 1, 1, 1, 1, 1 ],
  activeQuests: [],
  _isInitialized: true }
'Packet Received : '
{ _messageType: 'BasicNoOperationMessage' }
'Packet Received : '
{ _messageType: 'BasicAckMessage',
  seq: 4,
  lastPacketId: 4001,
  _isInitialized: true }
'Packet Received : '
{ _messageType: 'FriendsListMessage',
  friendsList: [],
  _isInitialized: true }
'Packet Received : '
{ _messageType: 'BasicNoOperationMessage' }
'Packet Received : '
{ _messageType: 'BasicAckMessage',
  seq: 5,
  lastPacketId: 5676,
  _isInitialized: true }
'Packet Received : '
{ _messageType: 'IgnoredListMessage',
  ignoredList: [],
  _isInitialized: true }
'Packet Received : '
{ _messageType: 'BasicNoOperationMessage' }
'Packet Received : '
{ _messageType: 'BasicAckMessage',
  seq: 6,
  lastPacketId: 6355,
  _isInitialized: true }
'Packet Received : '
{ _messageType: 'BasicNoOperationMessage' }
'Packet Received : '
{ _messageType: 'BasicAckMessage',
  seq: 7,
  lastPacketId: 5607,
  _isInitialized: true }
'Packet Received : '
{ _messageType: 'BasicNoOperationMessage' }
'Packet Received : '
{ _messageType: 'BasicAckMessage',
  seq: 8,
  lastPacketId: 250,
  _isInitialized: true }
'Packet Received : '
