'Message sent :'
'connecting'
{ appVersion: '1.9.27',
  buildVersion: '0.60.0',
  client: 'android',
  language: 'en',
  server: 'login' }
'Packet Received : '
{ _messageType: 'ProtocolRequired',
  requiredVersion: 1534,
  currentVersion: 1547,
  _isInitialized: true }
'Packet Received : '
{ _messageType: 'HelloConnectMessage',
  salt: 'izbsynf8h\\KH38K0r"Qn$.xJ*@rC{~?l',
  key: 
   [ 44,
     19,
     80,
     -87,
     -92,
     46,
     -4,
     127,
     25,
     71,
     -84,
     87,
     -81,
     -82,
     -17,
     -58,
     -73,
     -35,
     29,
     -3,
     -106,
     -46,
     100,
     -124,
     28,
     25,
     -10,
     26,
     -89,
     -56,
     12,
     -48,
     58,
     15,
     -12,
     -117,
     -36,
     -105,
     52,
     33,
     112,
     21,
     20,
     104,
     -10,
     -87,
     119,
     113,
     11,
     79,
     -108,
     48,
     1,
     -87,
     -118,
     28,
     -111,
     -79,
     -90,
     126,
     39,
     -39,
     78,
     64,
     116,
     -4,
     -109,
     -114,
     -50,
     47,
     104,
     56,
     92,
     109,
     81,
     17,
     -9,
     74,
     3,
     -104,
     14,
     -34,
     1,
     -61,
     108,
     2,
     -80,
     68,
     -125,
     108,
     -57,
     93,
     90,
     16,
     -113,
     6,
     -24,
     112,
     -83,
     127,
     ... 205 more items ],
  _isInitialized: true }
'Message sent :'
'checkAssetsVersion'
{ assetsVersion: '2.15.15', staticDataVersion: '25' }
'Packet Received : '
{ assetsVersion: null,
  staticDataVersion: null,
  _messageType: 'assetsVersionChecked' }
'Message sent :'
'login'
{ username: 'zahidsacri',
  token: 'eb70fc30590f83f4717b57cf3096ab62',
  salt: 'izbsynf8h\\KH38K0r"Qn$.xJ*@rC{~?l',
  key: 
   [ 44,
     19,
     80,
     -87,
     -92,
     46,
     -4,
     127,
     25,
     71,
     -84,
     87,
     -81,
     -82,
     -17,
     -58,
     -73,
     -35,
     29,
     -3,
     -106,
     -46,
     100,
     -124,
     28,
     25,
     -10,
     26,
     -89,
     -56,
     12,
     -48,
     58,
     15,
     -12,
     -117,
     -36,
     -105,
     52,
     33,
     112,
     21,
     20,
     104,
     -10,
     -87,
     119,
     113,
     11,
     79,
     -108,
     48,
     1,
     -87,
     -118,
     28,
     -111,
     -79,
     -90,
     126,
     39,
     -39,
     78,
     64,
     116,
     -4,
     -109,
     -114,
     -50,
     47,
     104,
     56,
     92,
     109,
     81,
     17,
     -9,
     74,
     3,
     -104,
     14,
     -34,
     1,
     -61,
     108,
     2,
     -80,
     68,
     -125,
     108,
     -57,
     93,
     90,
     16,
     -113,
     6,
     -24,
     112,
     -83,
     127,
     ... 205 more items ] }
'Packet Received : '
{ _messageType: 'LoginQueueStatusMessage',
  position: 2,
  total: 2,
  _isInitialized: true }
'Packet Received : '
{ _messageType: 'CredentialsAcknowledgementMessage' }
'Packet Received : '
{ _messageType: 'LoginQueueStatusMessage',
  position: 1,
  total: 2,
  _isInitialized: true }
'Packet Received : '
{ _messageType: 'LoginQueueStatusMessage',
  position: 1,
  total: 3,
  _isInitialized: true }
'Packet Received : '
{ _messageType: 'LoginQueueStatusMessage',
  position: 0,
  total: 2,
  _isInitialized: true }
'Packet Received : '
{ _messageType: 'IdentificationSuccessMessage',
  login: '1465968706063330069',
  nickname: 'XxXVikingsXxX',
  accountId: 112984462,
  communityId: 0,
  hasRights: false,
  secretQuestion: '',
  subscriptionEndDate: 0,
  wasAlreadyConnected: true,
  accountCreation: 1482954291000,
  _isInitialized: true }
'Packet Received : '
{ _messageType: 'ServersListMessage',
  servers: 
   [ { _type: 'GameServerInformations',
       id: 405,
       status: 3,
       completion: 0,
       isSelectable: true,
       charactersCount: 0,
       date: 0,
       _name: 'Herdegrize',
       _gameTypeId: 0 },
     { _type: 'GameServerInformations',
       id: 407,
       status: 3,
       completion: 0,
       isSelectable: false,
       charactersCount: 0,
       date: 0,
       _name: 'Brutas',
       _gameTypeId: 0 },
     { _type: 'GameServerInformations',
       id: 404,
       status: 3,
       completion: 0,
       isSelectable: true,
       charactersCount: 0,
       date: 0,
       _name: 'Terra Cogita',
       _gameTypeId: 0 },
     { _type: 'GameServerInformations',
       id: 401,
       status: 3,
       completion: 0,
       isSelectable: true,
       charactersCount: 0,
       date: 0,
       _name: 'Grandapan',
       _gameTypeId: 0 },
     { _type: 'GameServerInformations',
       id: 406,
       status: 3,
       completion: 0,
       isSelectable: true,
       charactersCount: 0,
       date: 0,
       _name: 'Dodge',
       _gameTypeId: 0 },
     { _type: 'GameServerInformations',
       id: 403,
       status: 3,
       completion: 0,
       isSelectable: true,
       charactersCount: 1,
       date: 1487456049153,
       _name: 'Oshimo',
       _gameTypeId: 0 } ],
  _isInitialized: true }
'Message sent :'
'sendMessage'
{ type: 'ServerSelectionMessage', data: { serverId: 403 } }
'Packet Received : '
{ _messageType: 'SelectedServerDataMessage',
  serverId: 403,
  address: '172.31.17.136',
  port: 5555,
  canCreateNewCharacter: true,
  ticket: '9fc9f0163a92158cf019fb013afb8df3',
  _isInitialized: true,
  _access: 'https://oshimogameproxy.touch.dofus.com' }
'Message sent :'
'disconnecting'
'SWITCHING_TO_GAME'
'Message sent :'
'connecting'
{ appVersion: '1.9.27',
  buildVersion: '0.60.0',
  client: 'android',
  language: 'en',
  server: { address: '172.31.17.136', port: 5555, id: 403 } }
'Packet Received : '
{ _messageType: 'ProtocolRequired',
  requiredVersion: 1547,
  currentVersion: 1547,
  _isInitialized: true }
'Packet Received : '
{ _messageType: 'HelloGameMessage' }
'Message sent :'
'sendMessage'
{ type: 'AuthenticationTicketMessage',
  data: { ticket: '9fc9f0163a92158cf019fb013afb8df3', lang: 'en' } }
'Packet Received : '
{ _messageType: 'BasicAckMessage',
  seq: 0,
  lastPacketId: 110,
  _isInitialized: true }
'Packet Received : '
{ _messageType: 'AuthenticationTicketAcceptedMessage' }
'Packet Received : '
{ _messageType: 'BasicTimeMessage',
  timestamp: 1487456111,
  timezoneOffset: 60,
  _isInitialized: true }
'Packet Received : '
{ _messageType: 'ServerSettingsMessage',
  lang: 'fr',
  community: 0,
  gameType: 0,
  _isInitialized: true }
'Packet Received : '
{ _messageType: 'ServerOptionalFeaturesMessage',
  features: [ 1, 2, 3, 5 ],
  _isInitialized: true }
'Packet Received : '
{ _messageType: 'ServerSessionConstantsMessage',
  variables: 
   [ { _type: 'ServerSessionConstantInteger', id: 1, value: 1500000 },
     { _type: 'ServerSessionConstantLong', id: 2, value: 7200000 },
     { _type: 'ServerSessionConstantInteger', id: 3, value: 30 },
     { _type: 'ServerSessionConstantLong', id: 4, value: 86400000 },
     { _type: 'ServerSessionConstantLong', id: 5, value: 60000 } ],
  _isInitialized: true }
'Packet Received : '
{ _messageType: 'AccountCapabilitiesMessage',
  accountId: 112984462,
  tutorialAvailable: true,
  breedsVisible: 32767,
  breedsAvailable: 32767,
  status: 0,
  _isInitialized: true }
'Packet Received : '
{ _messageType: 'TrustStatusMessage',
  trusted: true,
  _isInitialized: true }
'Packet Received : '
{ _messageType: 'BasicNoOperationMessage' }
'Message sent :'
'sendMessage'
{ type: 'CharactersListRequestMessage', data: undefined }
'Packet Received : '
{ _messageType: 'BasicAckMessage',
  seq: 1,
  lastPacketId: 150,
  _isInitialized: true }
'Packet Received : '
{ _messageType: 'QueueStatusMessage',
  position: 1,
  total: 1,
  _isInitialized: true }
'Packet Received : '
{ _messageType: 'QueueStatusMessage',
  position: 0,
  total: 0,
  _isInitialized: true }
'Packet Received : '
{ _messageType: 'BasicNoOperationMessage' }
'Packet Received : '
{ _messageType: 'QueueStatusMessage',
  position: 0,
  total: 0,
  _isInitialized: true }
'Packet Received : '
{ _messageType: 'CharactersListMessage',
  hasStartupActions: false,
  characters: 
   [ { _type: 'CharacterBaseInformations',
       id: 610200,
       level: 15,
       name: 'Miss-Lagertha',
       entityLook: [Object],
       breed: 11,
       sex: true } ],
  _isInitialized: true }
'Message sent :'
'sendMessage'
{ type: 'CharacterSelectionMessage', data: { id: 610200 } }
'Packet Received : '
{ _messageType: 'BasicAckMessage',
  seq: 2,
  lastPacketId: 152,
  _isInitialized: true }
'Packet Received : '
{ _messageType: 'BasicNoOperationMessage' }
'Packet Received : '
{ _messageType: 'QueueStatusMessage',
  position: 0,
  total: 0,
  _isInitialized: true }
'Packet Received : '
{ _messageType: 'NotificationListMessage',
  flags: [ 11517938 ],
  _isInitialized: true }
'Packet Received : '
{ _messageType: 'CharacterSelectedSuccessMessage',
  infos: 
   { _type: 'CharacterBaseInformations',
     id: 610200,
     level: 15,
     name: 'Miss-Lagertha',
     entityLook: 
      { _type: 'EntityLook',
        bonesId: 1,
        skins: [Object],
        indexedColors: [Object],
        scales: [Object],
        subentities: [] },
     breed: 11,
     sex: true },
  _isInitialized: true }
'Packet Received : '
{ _messageType: 'InventoryContentMessage',
  objects: 
   [ { _type: 'ObjectItem',
       position: 5,
       objectGID: 2476,
       effects: [Object],
       objectUID: 111806955,
       quantity: 1 },
     { _type: 'ObjectItem',
       position: 2,
       objectGID: 10785,
       effects: [Object],
       objectUID: 111806956,
       quantity: 1 },
     { _type: 'ObjectItem',
       position: 7,
       objectGID: 2473,
       effects: [Object],
       objectUID: 111806957,
       quantity: 1 },
     { _type: 'ObjectItem',
       position: 4,
       objectGID: 2475,
       effects: [Object],
       objectUID: 111806958,
       quantity: 1 },
     { _type: 'ObjectItem',
       position: 15,
       objectGID: 10798,
       effects: [Object],
       objectUID: 111806959,
       quantity: 1 },
     { _type: 'ObjectItem',
       position: 6,
       objectGID: 2474,
       effects: [Object],
       objectUID: 111806960,
       quantity: 1 },
     { _type: 'ObjectItem',
       position: 3,
       objectGID: 2477,
       effects: [Object],
       objectUID: 111806961,
       quantity: 1 },
     { _type: 'ObjectItem',
       position: 0,
       objectGID: 2478,
       effects: [Object],
       objectUID: 111806962,
       quantity: 1 },
     { _type: 'ObjectItem',
       position: 63,
       objectGID: 10792,
       effects: [Object],
       objectUID: 111806963,
       quantity: 1 },
     { _type: 'ObjectItem',
       position: 63,
       objectGID: 10793,
       effects: [Object],
       objectUID: 111806964,
       quantity: 2 },
     { _type: 'ObjectItem',
       position: 63,
       objectGID: 10795,
       effects: [Object],
       objectUID: 111806965,
       quantity: 1 },
     { _type: 'ObjectItem',
       position: 63,
       objectGID: 10796,
       effects: [Object],
       objectUID: 111806966,
       quantity: 1 },
     { _type: 'ObjectItem',
       position: 63,
       objectGID: 10801,
       effects: [Object],
       objectUID: 111806967,
       quantity: 1 },
     { _type: 'ObjectItem',
       position: 63,
       objectGID: 10794,
       effects: [Object],
       objectUID: 111806968,
       quantity: 1 },
     { _type: 'ObjectItem',
       position: 63,
       objectGID: 10800,
       effects: [Object],
       objectUID: 111806969,
       quantity: 1 },
     { _type: 'ObjectItem',
       position: 63,
       objectGID: 10799,
       effects: [Object],
       objectUID: 111806970,
       quantity: 1 },
     { _type: 'ObjectItem',
       position: 63,
       objectGID: 10784,
       effects: [Object],
       objectUID: 111806971,
       quantity: 1 },
     { _type: 'ObjectItem',
       position: 63,
       objectGID: 1008,
       effects: [],
       objectUID: 111806972,
       quantity: 1 },
     { _type: 'ObjectItem',
       position: 63,
       objectGID: 1009,
       effects: [],
       objectUID: 111806973,
       quantity: 1 },
     { _type: 'ObjectItem',
       position: 63,
       objectGID: 10797,
       effects: [Object],
       objectUID: 111806974,
       quantity: 1 },
     { _type: 'ObjectItem',
       position: 63,
       objectGID: 289,
       effects: [],
       objectUID: 111806975,
       quantity: 474 },
     { _type: 'ObjectItem',
       position: 63,
       objectGID: 519,
       effects: [],
       objectUID: 111806976,
       quantity: 3 },
     { _type: 'ObjectItem',
       position: 63,
       objectGID: 371,
       effects: [],
       objectUID: 111806977,
       quantity: 1 },
     { _type: 'ObjectItem',
       position: 63,
       objectGID: 307,
       effects: [],
       objectUID: 111806978,
       quantity: 1 } ],
  kamas: 30165,
  _isInitialized: true }
'Packet Received : '
{ _messageType: 'SetUpdateMessage',
  setId: 5,
  setObjects: [ 2476, 2473, 2475, 2474, 2477, 2478 ],
  setEffects: 
   [ { _type: 'ObjectEffectInteger', actionId: 126, value: 40 },
     { _type: 'ObjectEffectInteger', actionId: 124, value: 40 },
     { _type: 'ObjectEffectInteger', actionId: 123, value: 40 },
     { _type: 'ObjectEffectInteger', actionId: 119, value: 40 },
     { _type: 'ObjectEffectInteger', actionId: 125, value: 40 },
     { _type: 'ObjectEffectInteger', actionId: 118, value: 40 } ],
  _isInitialized: true }
'Packet Received : '
{ _messageType: 'SetUpdateMessage',
  setId: 150,
  setObjects: [ 10785, 10798 ],
  setEffects: 
   [ { _type: 'ObjectEffectInteger', actionId: 125, value: 2 },
     { _type: 'ObjectEffectInteger', actionId: 174, value: 2 } ],
  _isInitialized: true }
'Packet Received : '
{ _messageType: 'ShortcutBarContentMessage',
  barType: 0,
  shortcuts: [],
  _isInitialized: true }
'Packet Received : '
{ _messageType: 'ShortcutBarContentMessage',
  barType: 1,
  shortcuts: 
   [ { _type: 'ShortcutSpell', slot: 5, spellId: 449 },
     { _type: 'ShortcutSpell', slot: 2, spellId: 432 },
     { _type: 'ShortcutSpell', slot: 7, spellId: 437 },
     { _type: 'ShortcutSpell', slot: 4, spellId: 444 },
     { _type: 'ShortcutSpell', slot: 1, spellId: 431 },
     { _type: 'ShortcutSpell', slot: 6, spellId: 436 },
     { _type: 'ShortcutSpell', slot: 3, spellId: 434 },
     { _type: 'ShortcutSpell', slot: 0, spellId: 0 } ],
  _isInitialized: true }
'Packet Received : '
{ _messageType: 'EmoteListMessage',
  emoteIds: [ 1 ],
  _isInitialized: true }
'Packet Received : '
{ _messageType: 'JobDescriptionMessage',
  jobsDescription: [ { _type: 'JobDescription', jobId: 28, skills: [Object] } ],
  _isInitialized: true }
'Packet Received : '
{ _messageType: 'JobExperienceMultiUpdateMessage',
  experiencesUpdate: 
   [ { _type: 'JobExperience',
       jobId: 28,
       jobLevel: 17,
       jobXP: 6148,
       jobXpLevelFloor: 5762,
       jobXpNextLevelFloor: 6493 } ],
  _isInitialized: true }
'Packet Received : '
{ _messageType: 'JobCrafterDirectorySettingsMessage',
  craftersSettings: 
   [ { _type: 'JobCrafterDirectorySettings',
       jobId: 28,
       minSlot: 0,
       userDefinedParams: 0 } ],
  _isInitialized: true }
'Packet Received : '
{ _messageType: 'AlignmentRankUpdateMessage',
  alignmentRank: 0,
  verbose: false,
  _isInitialized: true }
'Message sent :'
'sendMessage'
{ type: 'moneyGoultinesAmountRequest', data: undefined }
'Message sent :'
'sendMessage'
{ type: 'QuestListRequestMessage', data: undefined }
'Message sent :'
'sendMessage'
{ type: 'FriendsGetListMessage', data: undefined }
'Message sent :'
'sendMessage'
{ type: 'IgnoredGetListMessage', data: undefined }
'Message sent :'
'sendMessage'
{ type: 'SpouseGetInformationsMessage', data: undefined }
'Message sent :'
'sendMessage'
{ type: 'moneyGoultinesAmountRequest', data: undefined }
'Message sent :'
'sendMessage'
{ type: 'moneyGoultinesAmountRequest', data: undefined }
'Message sent :'
'sendMessage'
{ type: 'moneyGoultinesAmountRequest', data: undefined }
'Message sent :'
'bakSoftToHardCurrentRateRequest'
undefined
'Message sent :'
'bakHardToSoftCurrentRateRequest'
undefined
'Message sent :'
'kpiStartSession'
{ accountSessionId: '1465968706063330069', isSubscriber: false }
'Message sent :'
'sendMessage'
{ type: 'ClientKeyMessage',
  data: { key: '4o58amyt5w1ypKX308qg7' } }
'Message sent :'
'sendMessage'
{ type: 'GameContextCreateRequestMessage', data: undefined }
'Packet Received : '
{ _messageType: 'PrismsListMessage',
  prisms: 
   [ { _type: 'PrismGeolocalizedInformation',
       subAreaId: 521,
       allianceId: 0,
       worldX: -16,
       worldY: -38,
       mapId: 139558,
       prism: [Object],
       enrichData: [Object] },
     { _type: 'PrismSubareaEmptyInfo', subAreaId: 499, allianceId: 0 },
     { _type: 'PrismSubareaEmptyInfo', subAreaId: 123, allianceId: 0 },
     { _type: 'PrismGeolocalizedInformation',
       subAreaId: 43,
       allianceId: 0,
       worldX: -37,
       worldY: -50,
       mapId: 150322,
       prism: [Object],
       enrichData: [Object] },
     { _type: 'PrismSubareaEmptyInfo', subAreaId: 477, allianceId: 0 },
     { _type: 'PrismSubareaEmptyInfo', subAreaId: 607, allianceId: 0 },
     { _type: 'PrismGeolocalizedInformation',
       subAreaId: 455,
       allianceId: 0,
       worldX: -51,
       worldY: 19,
       mapId: 63965953,
       prism: [Object],
       enrichData: [Object] },
     { _type: 'PrismGeolocalizedInformation',
       subAreaId: 103,
       allianceId: 0,
       worldX: 14,
       worldY: 15,
       mapId: 88087304,
       prism: [Object],
       enrichData: [Object] },
     { _type: 'PrismGeolocalizedInformation',
       subAreaId: 520,
       allianceId: 0,
       worldX: -8,
       worldY: -42,
       mapId: 135466,
       prism: [Object],
       enrichData: [Object] },
     { _type: 'PrismSubareaEmptyInfo', subAreaId: 64, allianceId: 0 },
     { _type: 'PrismGeolocalizedInformation',
       subAreaId: 109,
       allianceId: 0,
       worldX: 32,
       worldY: -38,
       mapId: 16678,
       prism: [Object],
       enrichData: [Object] },
     { _type: 'PrismGeolocalizedInformation',
       subAreaId: 533,
       allianceId: 0,
       worldX: -36,
       worldY: -57,
       mapId: 149817,
       prism: [Object],
       enrichData: [Object] },
     { _type: 'PrismGeolocalizedInformation',
       subAreaId: 476,
       allianceId: 0,
       worldX: 31,
       worldY: -48,
       mapId: 16176,
       prism: [Object],
       enrichData: [Object] },
     { _type: 'PrismGeolocalizedInformation',
       subAreaId: 606,
       allianceId: 0,
       worldX: -80,
       worldY: -75,
       mapId: 54174027,
       prism: [Object],
       enrichData: [Object] },
     { _type: 'PrismGeolocalizedInformation',
       subAreaId: 454,
       allianceId: 0,
       worldX: -56,
       worldY: 3,
       mapId: 159747,
       prism: [Object],
       enrichData: [Object] },
     { _type: 'PrismGeolocalizedInformation',
       subAreaId: 651,
       allianceId: 0,
       worldX: -55,
       worldY: -41,
       mapId: 54161193,
       prism: [Object],
       enrichData: [Object] },
     { _type: 'PrismGeolocalizedInformation',
       subAreaId: 519,
       allianceId: 0,
       worldX: -8,
       worldY: -52,
       mapId: 135476,
       prism: [Object],
       enrichData: [Object] },
     { _type: 'PrismSubareaEmptyInfo', subAreaId: 80, allianceId: 0 },
     { _type: 'PrismSubareaEmptyInfo', subAreaId: 63, allianceId: 0 },
     { _type: 'PrismGeolocalizedInformation',
       subAreaId: 280,
       allianceId: 0,
       worldX: -27,
       worldY: 29,
       mapId: 144925,
       prism: [Object],
       enrichData: [Object] },
     { _type: 'PrismSubareaEmptyInfo',
       subAreaId: 798,
       allianceId: 0,
       enrichData: [Object] },
     { _type: 'PrismGeolocalizedInformation',
       subAreaId: 171,
       allianceId: 0,
       worldX: 30,
       worldY: -42,
       mapId: 15658,
       prism: [Object],
       enrichData: [Object] },
     { _type: 'PrismSubareaEmptyInfo', subAreaId: 540, allianceId: 0 },
     { _type: 'PrismGeolocalizedInformation',
       subAreaId: 605,
       allianceId: 0,
       worldX: -73,
       worldY: -69,
       mapId: 60036612,
       prism: [Object],
       enrichData: [Object] },
     { _type: 'PrismGeolocalizedInformation',
       subAreaId: 453,
       allianceId: 0,
       worldX: -56,
       worldY: 0,
       mapId: 159744,
       prism: [Object],
       enrichData: [Object] },
     { _type: 'PrismGeolocalizedInformation',
       subAreaId: 518,
       allianceId: 0,
       worldX: -16,
       worldY: -60,
       mapId: 139580,
       prism: [Object],
       enrichData: [Object] },
     { _type: 'PrismGeolocalizedInformation',
       subAreaId: 62,
       allianceId: 0,
       worldX: -29,
       worldY: -9,
       mapId: 100141056,
       prism: [Object],
       enrichData: [Object] },
     { _type: 'PrismGeolocalizedInformation',
       subAreaId: 279,
       allianceId: 0,
       worldX: -25,
       worldY: -64,
       mapId: 144192,
       prism: [Object],
       enrichData: [Object] },
     { _type: 'PrismGeolocalizedInformation',
       subAreaId: 170,
       allianceId: 0,
       worldX: 1,
       worldY: 26,
       mapId: 88080387,
       prism: [Object],
       enrichData: [Object] },
     { _type: 'PrismSubareaEmptyInfo', subAreaId: 539, allianceId: 0 },
     { _type: 'PrismGeolocalizedInformation',
       subAreaId: 235,
       allianceId: 0,
       worldX: -21,
       worldY: 1,
       mapId: 73533952,
       prism: [Object],
       enrichData: [Object] },
     { _type: 'PrismGeolocalizedInformation',
       subAreaId: 604,
       allianceId: 0,
       worldX: -57,
       worldY: -64,
       mapId: 54162240,
       prism: [Object],
       enrichData: [Object] },
     { _type: 'PrismGeolocalizedInformation',
       subAreaId: 517,
       allianceId: 0,
       worldX: -18,
       worldY: 28,
       mapId: 140316,
       prism: [Object],
       enrichData: [Object] },
     { _type: 'PrismGeolocalizedInformation',
       subAreaId: 61,
       allianceId: 0,
       worldX: -17,
       worldY: 34,
       mapId: 139810,
       prism: [Object],
       enrichData: [Object] },
     { _type: 'PrismGeolocalizedInformation',
       subAreaId: 278,
       allianceId: 0,
       worldX: 3,
       worldY: -9,
       mapId: 84674061,
       prism: [Object],
       enrichData: [Object] },
     { _type: 'PrismSubareaEmptyInfo', subAreaId: 799, allianceId: 0 },
     { _type: 'PrismGeolocalizedInformation',
       subAreaId: 495,
       allianceId: 0,
       worldX: -18,
       worldY: 28,
       mapId: 17826562,
       prism: [Object],
       enrichData: [Object] },
     { _type: 'PrismGeolocalizedInformation',
       subAreaId: 777,
       allianceId: 0,
       worldX: 32,
       worldY: -31,
       mapId: 79167488,
       prism: [Object],
       enrichData: [Object] },
     { _type: 'PrismGeolocalizedInformation',
       subAreaId: 169,
       allianceId: 0,
       worldX: -12,
       worldY: -6,
       mapId: 137478,
       prism: [Object],
       enrichData: [Object] },
     { _type: 'PrismGeolocalizedInformation',
       subAreaId: 234,
       allianceId: 0,
       worldX: -11,
       worldY: 4,
       mapId: 73402883,
       prism: [Object],
       enrichData: [Object] },
     { _type: 'PrismGeolocalizedInformation',
       subAreaId: 603,
       allianceId: 0,
       worldX: -78,
       worldY: -74,
       mapId: 54173002,
       prism: [Object],
       enrichData: [Object] },
     { _type: 'PrismGeolocalizedInformation',
       subAreaId: 532,
       allianceId: 0,
       worldX: -36,
       worldY: -52,
       mapId: 149812,
       prism: [Object],
       enrichData: [Object] },
     { _type: 'PrismSubareaEmptyInfo', subAreaId: 81, allianceId: 0 },
     { _type: 'PrismGeolocalizedInformation',
       subAreaId: 277,
       allianceId: 0,
       worldX: -5,
       worldY: 10,
       mapId: 104071684,
       prism: [Object],
       enrichData: [Object] },
     { _type: 'PrismGeolocalizedInformation',
       subAreaId: 38,
       allianceId: 0,
       worldX: -1,
       worldY: -48,
       mapId: 131888,
       prism: [Object],
       enrichData: [Object] },
     { _type: 'PrismGeolocalizedInformation',
       subAreaId: 27,
       allianceId: 0,
       worldX: 13,
       worldY: 4,
       mapId: 88086803,
       prism: [Object],
       enrichData: [Object] },
     { _type: 'PrismGeolocalizedInformation',
       subAreaId: 472,
       allianceId: 0,
       worldX: -52,
       worldY: 15,
       mapId: 25690115,
       prism: [Object],
       enrichData: [Object] },
     { _type: 'PrismGeolocalizedInformation',
       subAreaId: 168,
       allianceId: 0,
       worldX: -10,
       worldY: -11,
       mapId: 136459,
       prism: [Object],
       enrichData: [Object] },
     { _type: 'PrismGeolocalizedInformation',
       subAreaId: 233,
       allianceId: 0,
       worldX: -10,
       worldY: 2,
       mapId: 136194,
       prism: [Object],
       enrichData: [Object] },
     { _type: 'PrismGeolocalizedInformation',
       subAreaId: 602,
       allianceId: 0,
       worldX: -68,
       worldY: -34,
       mapId: 54167842,
       prism: [Object],
       enrichData: [Object] },
     { _type: 'PrismGeolocalizedInformation',
       subAreaId: 59,
       allianceId: 0,
       worldX: -12,
       worldY: -56,
       mapId: 137528,
       prism: [Object],
       enrichData: [Object] },
     { _type: 'PrismGeolocalizedInformation',
       subAreaId: 276,
       allianceId: 0,
       worldX: -4,
       worldY: 5,
       mapId: 104072449,
       prism: [Object],
       enrichData: [Object] },
     { _type: 'PrismGeolocalizedInformation',
       subAreaId: 102,
       allianceId: 0,
       worldX: -4,
       worldY: -9,
       mapId: 84805645,
       prism: [Object],
       enrichData: [Object] },
     { _type: 'PrismGeolocalizedInformation',
       subAreaId: 471,
       allianceId: 0,
       worldX: -60,
       worldY: -8,
       mapId: 162056,
       prism: [Object],
       enrichData: [Object] },
     { _type: 'PrismGeolocalizedInformation',
       subAreaId: 167,
       allianceId: 0,
       worldX: 30,
       worldY: 11,
       mapId: 47186944,
       prism: [Object],
       enrichData: [Object] },
     { _type: 'PrismSubareaEmptyInfo', subAreaId: 79, allianceId: 0 },
     { _type: 'PrismGeolocalizedInformation',
       subAreaId: 232,
       allianceId: 0,
       worldX: -10,
       worldY: -2,
       mapId: 136450,
       prism: [Object],
       enrichData: [Object] },
     { _type: 'PrismGeolocalizedInformation',
       subAreaId: 753,
       allianceId: 0,
       worldX: -63,
       worldY: -75,
       mapId: 62129672,
       prism: [Object],
       enrichData: [Object] },
     { _type: 'PrismGeolocalizedInformation',
       subAreaId: 601,
       allianceId: 0,
       worldX: -76,
       worldY: -46,
       mapId: 54171950,
       prism: [Object],
       enrichData: [Object] },
     { _type: 'PrismGeolocalizedInformation',
       subAreaId: 115,
       allianceId: 0,
       worldX: 19,
       worldY: -32,
       mapId: 10016,
       prism: [Object],
       enrichData: [Object] },
     { _type: 'PrismGeolocalizedInformation',
       subAreaId: 275,
       allianceId: 0,
       worldX: -20,
       worldY: 10,
       mapId: 63310595,
       prism: [Object],
       enrichData: [Object] },
     { _type: 'PrismGeolocalizedInformation',
       subAreaId: 492,
       allianceId: 0,
       worldX: -21,
       worldY: 13,
       mapId: 18350082,
       prism: [Object],
       enrichData: [Object] },
     { _type: 'PrismGeolocalizedInformation',
       subAreaId: 253,
       allianceId: 0,
       worldX: -14,
       worldY: 12,
       mapId: 138252,
       prism: [Object],
       enrichData: [Object] },
     { _type: 'PrismGeolocalizedInformation',
       subAreaId: 622,
       allianceId: 0,
       worldX: -76,
       worldY: -75,
       mapId: 59510784,
       prism: [Object],
       enrichData: [Object] },
     { _type: 'PrismGeolocalizedInformation',
       subAreaId: 166,
       allianceId: 0,
       worldX: 31,
       worldY: 11,
       mapId: 61212167,
       prism: [Object],
       enrichData: [Object] },
     { _type: 'PrismGeolocalizedInformation',
       subAreaId: 535,
       allianceId: 0,
       worldX: -32,
       worldY: 36,
       mapId: 147492,
       prism: [Object],
       enrichData: [Object] },
     { _type: 'PrismGeolocalizedInformation',
       subAreaId: 231,
       allianceId: 0,
       worldX: -17,
       worldY: -3,
       mapId: 75499008,
       prism: [Object],
       enrichData: [Object] },
     { _type: 'PrismGeolocalizedInformation',
       subAreaId: 600,
       allianceId: 0,
       worldX: -85,
       worldY: -42,
       mapId: 54176554,
       prism: [Object],
       enrichData: [Object] },
     { _type: 'PrismGeolocalizedInformation',
       subAreaId: 513,
       allianceId: 0,
       worldX: -32,
       worldY: -57,
       mapId: 4981249,
       prism: [Object],
       enrichData: [Object] },
     { _type: 'PrismGeolocalizedInformation',
       subAreaId: 57,
       allianceId: 0,
       worldX: -20,
       worldY: 28,
       mapId: 141340,
       prism: [Object],
       enrichData: [Object] },
     { _type: 'PrismGeolocalizedInformation',
       subAreaId: 116,
       allianceId: 0,
       worldX: 27,
       worldY: -48,
       mapId: 14128,
       prism: [Object],
       enrichData: [Object] },
     { _type: 'PrismGeolocalizedInformation',
       subAreaId: 469,
       allianceId: 0,
       worldX: -55,
       worldY: 15,
       mapId: 28049408,
       prism: [Object],
       enrichData: [Object] },
     { _type: 'PrismGeolocalizedInformation',
       subAreaId: 165,
       allianceId: 0,
       worldX: 34,
       worldY: 4,
       mapId: 61079552,
       prism: [Object],
       enrichData: [Object] },
     { _type: 'PrismGeolocalizedInformation',
       subAreaId: 534,
       allianceId: 0,
       worldX: -18,
       worldY: 42,
       mapId: 140330,
       prism: [Object],
       enrichData: [Object] },
     { _type: 'PrismGeolocalizedInformation',
       subAreaId: 230,
       allianceId: 0,
       worldX: -11,
       worldY: 13,
       mapId: 64488710,
       prism: [Object],
       enrichData: [Object] },
     { _type: 'PrismGeolocalizedInformation',
       subAreaId: 143,
       allianceId: 0,
       worldX: 16,
       worldY: -24,
       mapId: 8472,
       prism: [Object],
       enrichData: [Object] },
     { _type: 'PrismGeolocalizedInformation',
       subAreaId: 56,
       allianceId: 0,
       worldX: -4,
       worldY: -45,
       mapId: 133421,
       prism: [Object],
       enrichData: [Object] },
     { _type: 'PrismGeolocalizedInformation',
       subAreaId: 117,
       allianceId: 0,
       worldX: 21,
       worldY: -26,
       mapId: 11034,
       prism: [Object],
       enrichData: [Object] },
     { _type: 'PrismGeolocalizedInformation',
       subAreaId: 490,
       allianceId: 0,
       worldX: 13,
       worldY: 22,
       mapId: 88086785,
       prism: [Object],
       enrichData: [Object] },
     { _type: 'PrismGeolocalizedInformation',
       subAreaId: 468,
       allianceId: 0,
       worldX: -53,
       worldY: 15,
       mapId: 28050432,
       prism: [Object],
       enrichData: [Object] },
     { _type: 'PrismGeolocalizedInformation',
       subAreaId: 316,
       allianceId: 0,
       worldX: -2,
       worldY: 26,
       mapId: 38933250,
       prism: [Object],
       enrichData: [Object] },
     { _type: 'PrismGeolocalizedInformation',
       subAreaId: 164,
       allianceId: 0,
       worldX: 24,
       worldY: -14,
       mapId: 99614980,
       prism: [Object],
       enrichData: [Object] },
     { _type: 'PrismGeolocalizedInformation',
       subAreaId: 12,
       allianceId: 0,
       worldX: 11,
       worldY: 30,
       mapId: 88085511,
       prism: [Object],
       enrichData: [Object] },
     { _type: 'PrismGeolocalizedInformation',
       subAreaId: 511,
       allianceId: 0,
       worldX: -27,
       worldY: 38,
       mapId: 11796993,
       prism: [Object],
       enrichData: [Object] },
     { _type: 'PrismGeolocalizedInformation',
       subAreaId: 55,
       allianceId: 0,
       worldX: -20,
       worldY: -62,
       mapId: 141630,
       prism: [Object],
       enrichData: [Object] },
     { _type: 'PrismGeolocalizedInformation',
       subAreaId: 118,
       allianceId: 0,
       worldX: 31,
       worldY: -35,
       mapId: 16163,
       prism: [Object],
       enrichData: [Object] },
     { _type: 'PrismGeolocalizedInformation',
       subAreaId: 33,
       allianceId: 0,
       worldX: -5,
       worldY: -13,
       mapId: 133901,
       prism: [Object],
       enrichData: [Object] },
     { _type: 'PrismGeolocalizedInformation',
       subAreaId: 315,
       allianceId: 0,
       worldX: -4,
       worldY: 24,
       mapId: 86248450,
       prism: [Object],
       enrichData: [Object] },
     { _type: 'PrismGeolocalizedInformation',
       subAreaId: 163,
       allianceId: 0,
       worldX: 21,
       worldY: -12,
       mapId: 99747586,
       prism: [Object],
       enrichData: [Object] },
     { _type: 'PrismGeolocalizedInformation',
       subAreaId: 11,
       allianceId: 0,
       worldX: -1,
       worldY: 33,
       mapId: 72618499,
       prism: [Object],
       enrichData: [Object] },
     { _type: 'PrismGeolocalizedInformation',
       subAreaId: 76,
       allianceId: 0,
       worldX: -21,
       worldY: -25,
       mapId: 14551301,
       prism: [Object],
       enrichData: [Object] },
     { _type: 'PrismGeolocalizedInformation',
       subAreaId: 54,
       allianceId: 0,
       worldX: -11,
       worldY: -36,
       mapId: 136996,
       prism: [Object],
       enrichData: [Object] },
     { _type: 'PrismGeolocalizedInformation',
       subAreaId: 119,
       allianceId: 0,
       worldX: 22,
       worldY: -37,
       mapId: 11557,
       prism: [Object],
       enrichData: [Object] },
     { _type: 'PrismGeolocalizedInformation',
       subAreaId: 488,
       allianceId: 0,
       worldX: 4,
       worldY: 1,
       mapId: 99094017,
       prism: [Object],
       enrichData: [Object] },
     { _type: 'PrismGeolocalizedInformation',
       subAreaId: 32,
       allianceId: 0,
       worldX: 14,
       worldY: 28,
       mapId: 90703875,
       prism: [Object],
       enrichData: [Object] },
     { _type: 'PrismGeolocalizedInformation',
       subAreaId: 466,
       allianceId: 0,
       worldX: -44,
       worldY: 21,
       mapId: 153621,
       prism: [Object],
       enrichData: [Object] },
     { _type: 'PrismGeolocalizedInformation',
       subAreaId: 314,
       allianceId: 0,
       worldX: -4,
       worldY: 25,
       mapId: 33686529,
       prism: [Object],
       enrichData: [Object] },
     { _type: 'PrismGeolocalizedInformation',
       subAreaId: 162,
       allianceId: 0,
       worldX: 28,
       worldY: -13,
       mapId: 115737097,
       prism: [Object],
       enrichData: [Object] },
     { _type: 'PrismGeolocalizedInformation',
       subAreaId: 10,
       allianceId: 0,
       worldX: -1,
       worldY: 0,
       mapId: 88212759,
       prism: [Object],
       enrichData: [Object] },
     { _type: 'PrismGeolocalizedInformation',
       subAreaId: 531,
       allianceId: 0,
       worldX: -23,
       worldY: 40,
       mapId: 142888,
       prism: [Object],
       enrichData: [Object] },
     ... 86 more items ],
  _isInitialized: true }
'Packet Received : '
{ _messageType: 'EnabledChannelsMessage',
  channels: [ 0, 1, 2, 3, 4, 5, 6, 7, 12, 13, 9, 10 ],
  disallowed: [ 8, 7 ],
  _isInitialized: true }
'Packet Received : '
{ _messageType: 'SpellListMessage',
  spellPrevisualization: true,
  spells: 
   [ { _type: 'SpellItem', position: 63, spellId: 434, spellLevel: 1 },
     { _type: 'SpellItem', position: 63, spellId: 431, spellLevel: 1 },
     { _type: 'SpellItem', position: 63, spellId: 437, spellLevel: 1 },
     { _type: 'SpellItem', position: 63, spellId: 436, spellLevel: 1 },
     { _type: 'SpellItem', position: 63, spellId: 444, spellLevel: 1 },
     { _type: 'SpellItem', position: 63, spellId: 432, spellLevel: 1 },
     { _type: 'SpellItem', position: 63, spellId: 449, spellLevel: 1 },
     { _type: 'SpellItem', position: 63, spellId: 0, spellLevel: 1 } ],
  _isInitialized: true }
'Packet Received : '
{ _messageType: 'ShortcutBarContentMessage',
  barType: 1,
  shortcuts: 
   [ { _type: 'ShortcutSpell', slot: 5, spellId: 449 },
     { _type: 'ShortcutSpell', slot: 2, spellId: 432 },
     { _type: 'ShortcutSpell', slot: 7, spellId: 437 },
     { _type: 'ShortcutSpell', slot: 4, spellId: 444 },
     { _type: 'ShortcutSpell', slot: 1, spellId: 431 },
     { _type: 'ShortcutSpell', slot: 6, spellId: 436 },
     { _type: 'ShortcutSpell', slot: 3, spellId: 434 },
     { _type: 'ShortcutSpell', slot: 0, spellId: 0 } ],
  _isInitialized: true }
'Packet Received : '
{ _messageType: 'SetCharacterRestrictionsMessage',
  restrictions: 
   { _type: 'ActorRestrictionsInformations',
     cantBeAggressed: false,
     cantBeChallenged: false,
     cantTrade: false,
     cantBeAttackedByMutant: false,
     cantRun: false,
     forceSlowWalk: false,
     cantMinimize: false,
     cantMove: false,
     cantAggress: false,
     cantChallenge: false,
     cantExchange: false,
     cantAttack: true,
     cantChat: false,
     cantBeMerchant: false,
     cantUseObject: false,
     cantUseTaxCollector: false,
     cantUseInteractive: false,
     cantSpeakToNPC: false,
     cantChangeZone: false,
     cantAttackMonster: false,
     cantWalk8Directions: false },
  _isInitialized: true }
'Packet Received : '
{ _messageType: 'InventoryWeightMessage',
  weight: 1013,
  weightMax: 1335,
  _isInitialized: true }
'Packet Received : '
{ _messageType: 'FriendWarnOnConnectionStateMessage',
  enable: false,
  _isInitialized: true }
'Packet Received : '
{ _messageType: 'FriendWarnOnLevelGainStateMessage',
  enable: true,
  _isInitialized: true }
'Packet Received : '
{ _messageType: 'FriendGuildWarnOnAchievementCompleteStateMessage',
  enable: true,
  _isInitialized: true }
'Packet Received : '
{ _messageType: 'GuildMemberWarnOnConnectionStateMessage',
  enable: true,
  _isInitialized: true }
'Packet Received : '
{ _messageType: 'SequenceNumberRequestMessage' }
'Message sent :'
'sendMessage'
{ type: 'SequenceNumberMessage', data: { number: 1 } }
'Packet Received : '
{ _messageType: 'TextInformationMessage',
  msgType: 1,
  msgId: 89,
  parameters: [],
  _isInitialized: true,
  text: 'Welcome to DOFUS, and welcome to the World of Twelve! \nRemember that it is <b>strictly forbidden</b> to disclose your account name or password.' }
'Packet Received : '
{ _messageType: 'SpouseStatusMessage',
  hasSpouse: false,
  _isInitialized: true }
'Packet Received : '
{ _messageType: 'AchievementListMessage',
  finishedAchievementsIds: 
   [ 341,
     3,
     419,
     422,
     284,
     600,
     312,
     340,
     390,
     415,
     418,
     424,
     14,
     283,
     391,
     414,
     342,
     417,
     420,
     118,
     423,
     282,
     385,
     388 ],
  rewardableAchievements: [],
  _isInitialized: true,
  enrichData: { points: 33, achievementsTotal: 952 } }
'Packet Received : '
{ _messageType: 'GameRolePlayArenaUpdatePlayerInfosMessage',
  rank: 33,
  bestDailyRank: 0,
  bestRank: 0,
  victoryCount: 0,
  arenaFightcount: 0,
  _isInitialized: true }
'Packet Received : '
{ _messageType: 'CharacterCapabilitiesMessage',
  guildEmblemSymbolCategories: 4095,
  _isInitialized: true }
'Packet Received : '
{ _messageType: 'AlmanachCalendarDateMessage',
  date: 180,
  _isInitialized: true,
  _merydeName: 'Amirniana' }
'Packet Received : '
{ _messageType: 'MailStatusMessage',
  unread: 0,
  total: 0,
  _isInitialized: true }
'Packet Received : '
{ _messageType: 'StartupActionsListMessage',
  actions: [],
  _isInitialized: true }
'Packet Received : '
{ _messageType: 'BasicAckMessage',
  seq: 3,
  lastPacketId: 5623,
  _isInitialized: true }
'Packet Received : '
{ _messageType: 'QuestListMessage',
  finishedQuestsIds: [ 232, 231, 193, 492, 489 ],
  finishedQuestsCounts: [ 1, 1, 1, 1, 1 ],
  activeQuests: [],
  _isInitialized: true }
'Packet Received : '
{ _messageType: 'BasicNoOperationMessage' }
'Packet Received : '
{ _messageType: 'BasicAckMessage',
  seq: 4,
  lastPacketId: 4001,
  _isInitialized: true }
'Packet Received : '
{ _messageType: 'FriendsListMessage',
  friendsList: [],
  _isInitialized: true }
'Packet Received : '
{ _messageType: 'BasicNoOperationMessage' }
'Packet Received : '
{ _messageType: 'BasicAckMessage',
  seq: 5,
  lastPacketId: 5676,
  _isInitialized: true }
'Packet Received : '
{ _messageType: 'IgnoredListMessage',
  ignoredList: [],
  _isInitialized: true }
'Packet Received : '
{ _messageType: 'BasicNoOperationMessage' }
'Packet Received : '
{ _messageType: 'BasicAckMessage',
  seq: 6,
  lastPacketId: 6355,
  _isInitialized: true }
'Packet Received : '
{ _messageType: 'BasicNoOperationMessage' }
'Packet Received : '
{ _messageType: 'BasicAckMessage',
  seq: 7,
  lastPacketId: 5607,
  _isInitialized: true }
'Packet Received : '
{ _messageType: 'BasicNoOperationMessage' }
'Packet Received : '
{ _messageType: 'BasicAckMessage',
  seq: 8,
  lastPacketId: 250,
  _isInitialized: true }
'Packet Received : '
{ _messageType: 'GameContextDestroyMessage' }
'Packet Received : '
{ _messageType: 'GameContextCreateMessage',
  context: 1,
  _isInitialized: true }
'Packet Received : '
{ _messageType: 'LifePointsRegenBeginMessage',
  regenRate: 10,
  _isInitialized: true }
'Packet Received : '
{ _messageType: 'CurrentMapMessage',
  mapId: 84674565,
  mapKey: '6c7aa37848f3d8ec5cf11e7a16a43ee4',
  _isInitialized: true }
'Message sent :'
'sendMessage'
{ type: 'MapInformationsRequestMessage',
  data: { mapId: 84674565 } }
'Packet Received : '
{ _messageType: 'BasicTimeMessage',
  timestamp: 1487456111,
  timezoneOffset: 60,
  _isInitialized: true }
'Packet Received : '
{ _messageType: 'CharacterStatsListMessage',
  stats: 
   { _type: 'CharacterCharacteristicsInformations',
     experience: 66111,
     experienceLevelFloor: 61000,
     experienceNextLevelFloor: 75000,
     kamas: 30165,
     statsPoints: 10,
     spellsPoints: 14,
     alignmentInfos: 
      { _type: 'ActorExtendedAlignmentInformations',
        alignmentSide: 0,
        alignmentValue: 0,
        alignmentGrade: 0,
        characterPower: 610215,
        honor: 0,
        honorGradeFloor: 0,
        honorNextGradeFloor: 500,
        aggressable: 0 },
     lifePoints: 168,
     maxLifePoints: 168,
     energyPoints: 9850,
     maxEnergyPoints: 10000,
     actionPointsCurrent: 6,
     movementPointsCurrent: 3,
     initiative: 
      { _type: 'CharacterBaseCharacteristic',
        base: 199,
        objectsAndMountBonus: 3,
        alignGiftBonus: 0,
        contextModif: 0 },
     prospecting: 
      { _type: 'CharacterBaseCharacteristic',
        base: 105,
        objectsAndMountBonus: 0,
        alignGiftBonus: 0,
        contextModif: 0 },
     actionPoints: 
      { _type: 'CharacterBaseCharacteristic',
        base: 6,
        objectsAndMountBonus: 0,
        alignGiftBonus: 0,
        contextModif: 0 },
     movementPoints: 
      { _type: 'CharacterBaseCharacteristic',
        base: 3,
        objectsAndMountBonus: 0,
        alignGiftBonus: 0,
        contextModif: 0 },
     strength: 
      { _type: 'CharacterBaseCharacteristic',
        base: 0,
        objectsAndMountBonus: 50,
        alignGiftBonus: 0,
        contextModif: 0 },
     vitality: 
      { _type: 'CharacterBaseCharacteristic',
        base: 0,
        objectsAndMountBonus: 43,
        alignGiftBonus: 0,
        contextModif: 0 },
     wisdom: 
      { _type: 'CharacterBaseCharacteristic',
        base: 20,
        objectsAndMountBonus: 46,
        alignGiftBonus: 0,
        contextModif: 0 },
     chance: 
      { _type: 'CharacterBaseCharacteristic',
        base: 0,
        objectsAndMountBonus: 50,
        alignGiftBonus: 0,
        contextModif: 0 },
     agility: 
      { _type: 'CharacterBaseCharacteristic',
        base: 0,
        objectsAndMountBonus: 50,
        alignGiftBonus: 0,
        contextModif: 0 },
     intelligence: 
      { _type: 'CharacterBaseCharacteristic',
        base: 0,
        objectsAndMountBonus: 49,
        alignGiftBonus: 0,
        contextModif: 0 },
     range: 
      { _type: 'CharacterBaseCharacteristic',
        base: 0,
        objectsAndMountBonus: 0,
        alignGiftBonus: 0,
        contextModif: 0 },
     summonableCreaturesBoost: 
      { _type: 'CharacterBaseCharacteristic',
        base: 1,
        objectsAndMountBonus: 0,
        alignGiftBonus: 0,
        contextModif: 0 },
     reflect: 
      { _type: 'CharacterBaseCharacteristic',
        base: 0,
        objectsAndMountBonus: 0,
        alignGiftBonus: 0,
        contextModif: 0 },
     criticalHit: 
      { _type: 'CharacterBaseCharacteristic',
        base: 0,
        objectsAndMountBonus: 0,
        alignGiftBonus: 0,
        contextModif: 0 },
     criticalHitWeapon: 36,
     criticalMiss: 
      { _type: 'CharacterBaseCharacteristic',
        base: 0,
        objectsAndMountBonus: 0,
        alignGiftBonus: 0,
        contextModif: 0 },
     healBonus: 
      { _type: 'CharacterBaseCharacteristic',
        base: 0,
        objectsAndMountBonus: 0,
        alignGiftBonus: 0,
        contextModif: 0 },
     allDamagesBonus: 
      { _type: 'CharacterBaseCharacteristic',
        base: 0,
        objectsAndMountBonus: 0,
        alignGiftBonus: 0,
        contextModif: 0 },
     weaponDamagesBonusPercent: 
      { _type: 'CharacterBaseCharacteristic',
        base: 0,
        objectsAndMountBonus: 0,
        alignGiftBonus: 0,
        contextModif: 0 },
     damagesBonusPercent: 
      { _type: 'CharacterBaseCharacteristic',
        base: 0,
        objectsAndMountBonus: 0,
        alignGiftBonus: 0,
        contextModif: 0 },
     trapBonus: 
      { _type: 'CharacterBaseCharacteristic',
        base: 0,
        objectsAndMountBonus: 0,
        alignGiftBonus: 0,
        contextModif: 0 },
     trapBonusPercent: 
      { _type: 'CharacterBaseCharacteristic',
        base: 0,
        objectsAndMountBonus: 0,
        alignGiftBonus: 0,
        contextModif: 0 },
     permanentDamagePercent: 
      { _type: 'CharacterBaseCharacteristic',
        base: 10,
        objectsAndMountBonus: 0,
        alignGiftBonus: 0,
        contextModif: 0 },
     tackleBlock: 
      { _type: 'CharacterBaseCharacteristic',
        base: 5,
        objectsAndMountBonus: 0,
        alignGiftBonus: 0,
        contextModif: 0 },
     tackleEvade: 
      { _type: 'CharacterBaseCharacteristic',
        base: 5,
        objectsAndMountBonus: 0,
        alignGiftBonus: 0,
        contextModif: 0 },
     PAAttack: 
      { _type: 'CharacterBaseCharacteristic',
        base: 2,
        objectsAndMountBonus: 4,
        alignGiftBonus: 0,
        contextModif: 0 },
     PMAttack: 
      { _type: 'CharacterBaseCharacteristic',
        base: 2,
        objectsAndMountBonus: 4,
        alignGiftBonus: 0,
        contextModif: 0 },
     pushDamageBonus: 
      { _type: 'CharacterBaseCharacteristic',
        base: 0,
        objectsAndMountBonus: 0,
        alignGiftBonus: 0,
        contextModif: 0 },
     criticalDamageBonus: 
      { _type: 'CharacterBaseCharacteristic',
        base: 0,
        objectsAndMountBonus: 0,
        alignGiftBonus: 0,
        contextModif: 0 },
     neutralDamageBonus: 
      { _type: 'CharacterBaseCharacteristic',
        base: 0,
        objectsAndMountBonus: 0,
        alignGiftBonus: 0,
        contextModif: 0 },
     earthDamageBonus: 
      { _type: 'CharacterBaseCharacteristic',
        base: 0,
        objectsAndMountBonus: 0,
        alignGiftBonus: 0,
        contextModif: 0 },
     waterDamageBonus: 
      { _type: 'CharacterBaseCharacteristic',
        base: 0,
        objectsAndMountBonus: 0,
        alignGiftBonus: 0,
        contextModif: 0 },
     airDamageBonus: 
      { _type: 'CharacterBaseCharacteristic',
        base: 0,
        objectsAndMountBonus: 0,
        alignGiftBonus: 0,
        contextModif: 0 },
     fireDamageBonus: 
      { _type: 'CharacterBaseCharacteristic',
        base: 0,
        objectsAndMountBonus: 0,
        alignGiftBonus: 0,
        contextModif: 0 },
     dodgePALostProbability: 
      { _type: 'CharacterBaseCharacteristic',
        base: 2,
        objectsAndMountBonus: 4,
        alignGiftBonus: 0,
        contextModif: 0 },
     dodgePMLostProbability: 
      { _type: 'CharacterBaseCharacteristic',
        base: 2,
        objectsAndMountBonus: 4,
        alignGiftBonus: 0,
        contextModif: 0 },
     neutralElementResistPercent: 
      { _type: 'CharacterBaseCharacteristic',
        base: 0,
        objectsAndMountBonus: 0,
        alignGiftBonus: 0,
        contextModif: 0 },
     earthElementResistPercent: 
      { _type: 'CharacterBaseCharacteristic',
        base: 0,
        objectsAndMountBonus: 0,
        alignGiftBonus: 0,
        contextModif: 0 },
     waterElementResistPercent: 
      { _type: 'CharacterBaseCharacteristic',
        base: 0,
        objectsAndMountBonus: 0,
        alignGiftBonus: 0,
        contextModif: 0 },
     airElementResistPercent: 
      { _type: 'CharacterBaseCharacteristic',
        base: 0,
        objectsAndMountBonus: 0,
        alignGiftBonus: 0,
        contextModif: 0 },
     fireElementResistPercent: 
      { _type: 'CharacterBaseCharacteristic',
        base: 0,
        objectsAndMountBonus: 0,
        alignGiftBonus: 0,
        contextModif: 0 },
     neutralElementReduction: 
      { _type: 'CharacterBaseCharacteristic',
        base: 0,
        objectsAndMountBonus: 0,
        alignGiftBonus: 0,
        contextModif: 0 },
     earthElementReduction: 
      { _type: 'CharacterBaseCharacteristic',
        base: 0,
        objectsAndMountBonus: 0,
        alignGiftBonus: 0,
        contextModif: 0 },
     waterElementReduction: 
      { _type: 'CharacterBaseCharacteristic',
        base: 0,
        objectsAndMountBonus: 0,
        alignGiftBonus: 0,
        contextModif: 0 },
     airElementReduction: 
      { _type: 'CharacterBaseCharacteristic',
        base: 0,
        objectsAndMountBonus: 0,
        alignGiftBonus: 0,
        contextModif: 0 },
     fireElementReduction: 
      { _type: 'CharacterBaseCharacteristic',
        base: 0,
        objectsAndMountBonus: 0,
        alignGiftBonus: 0,
        contextModif: 0 },
     pushDamageReduction: 
      { _type: 'CharacterBaseCharacteristic',
        base: 0,
        objectsAndMountBonus: 0,
        alignGiftBonus: 0,
        contextModif: 0 },
     criticalDamageReduction: 
      { _type: 'CharacterBaseCharacteristic',
        base: 0,
        objectsAndMountBonus: 0,
        alignGiftBonus: 0,
        contextModif: 0 },
     pvpNeutralElementResistPercent: 
      { _type: 'CharacterBaseCharacteristic',
        base: 0,
        objectsAndMountBonus: 1,
        alignGiftBonus: 0,
        contextModif: 0 },
     pvpEarthElementResistPercent: 
      { _type: 'CharacterBaseCharacteristic',
        base: 0,
        objectsAndMountBonus: 0,
        alignGiftBonus: 0,
        contextModif: 0 },
     pvpWaterElementResistPercent: 
      { _type: 'CharacterBaseCharacteristic',
        base: 0,
        objectsAndMountBonus: 0,
        alignGiftBonus: 0,
        contextModif: 0 },
     pvpAirElementResistPercent: 
      { _type: 'CharacterBaseCharacteristic',
        base: 0,
        objectsAndMountBonus: 0,
        alignGiftBonus: 0,
        contextModif: 0 },
     pvpFireElementResistPercent: 
      { _type: 'CharacterBaseCharacteristic',
        base: 0,
        objectsAndMountBonus: 0,
        alignGiftBonus: 0,
        contextModif: 0 },
     pvpNeutralElementReduction: 
      { _type: 'CharacterBaseCharacteristic',
        base: 0,
        objectsAndMountBonus: 0,
        alignGiftBonus: 0,
        contextModif: 0 },
     pvpEarthElementReduction: 
      { _type: 'CharacterBaseCharacteristic',
        base: 0,
        objectsAndMountBonus: 0,
        alignGiftBonus: 0,
        contextModif: 0 },
     pvpWaterElementReduction: 
      { _type: 'CharacterBaseCharacteristic',
        base: 0,
        objectsAndMountBonus: 0,
        alignGiftBonus: 0,
        contextModif: 0 },
     pvpAirElementReduction: 
      { _type: 'CharacterBaseCharacteristic',
        base: 0,
        objectsAndMountBonus: 0,
        alignGiftBonus: 0,
        contextModif: 0 },
     pvpFireElementReduction: 
      { _type: 'CharacterBaseCharacteristic',
        base: 0,
        objectsAndMountBonus: 0,
        alignGiftBonus: 0,
        contextModif: 0 },
     spellModifications: [],
     probationTime: 0 },
  _isInitialized: true }
'Packet Received : '
{ _messageType: 'UpdateMapPlayersAgressableStatusMessage',
  playerIds: [ 610200 ],
  enable: [ 0 ],
  _isInitialized: true }
'Packet Received : '
{ _messageType: 'BasicNoOperationMessage' }
'Packet Received : '
{ _messageType: 'bakHardToSoftCurrentRateSuccess',
  rate: 59.19719 }
'Packet Received : '
{ _messageType: 'bakSoftToHardCurrentRateSuccess',
  rate: 62.1570495 }
'Packet Received : '
{ _messageType: 'kpiStartSessionMessage', sessionId: 648690112 }
'Packet Received : '
{ _messageType: 'BasicAckMessage',
  seq: 9,
  lastPacketId: 6317,
  _isInitialized: true }
'Packet Received : '
{ _messageType: 'BasicNoOperationMessage' }
'Packet Received : '
{ _messageType: 'BasicAckMessage',
  seq: 10,
  lastPacketId: 225,
  _isInitialized: true }
'Packet Received : '
{ _messageType: 'MapComplementaryInformationsDataMessage',
  subAreaId: 95,
  mapId: 84674565,
  houses: 
   [ { _type: 'HouseInformations',
       houseId: 9713,
       doorsOnMap: [Object],
       ownerName: 'Wiz-Toxic-Izzziii',
       isOnSale: false,
       isSaleLocked: false,
       modelId: 276,
       _name: 'Small Astrubian townhouse' } ],
  actors: 
   [ { _type: 'GameRolePlayCharacterInformations',
       contextualId: 610200,
       look: [Object],
       disposition: [Object],
       name: 'Miss-Lagertha',
       humanoidInfo: [Object],
       accountId: 112984462,
       alignmentInfos: [Object] },
     { _type: 'GameRolePlayCharacterInformations',
       contextualId: 710745,
       look: [Object],
       disposition: [Object],
       name: 'Delus',
       humanoidInfo: [Object],
       accountId: 114217618,
       alignmentInfos: [Object] },
     { _type: 'GameRolePlayCharacterInformations',
       contextualId: 705480,
       look: [Object],
       disposition: [Object],
       name: 'Tym-Up',
       humanoidInfo: [Object],
       accountId: 1788329,
       alignmentInfos: [Object] },
     { _type: 'GameRolePlayCharacterInformations',
       contextualId: 717417,
       look: [Object],
       disposition: [Object],
       name: 'Lordue-Ravid',
       humanoidInfo: [Object],
       accountId: 101993324,
       alignmentInfos: [Object] },
     { _type: 'GameRolePlayNpcInformations',
       contextualId: -2,
       look: [Object],
       disposition: [Object],
       npcId: 546,
       sex: false,
       specialArtworkId: 0,
       _npcData: [Object] },
     { _type: 'GameRolePlayGroupMonsterInformations',
       contextualId: -4,
       look: [Object],
       disposition: [Object],
       staticInfos: [Object],
       ageBonus: 0,
       lootShare: -1,
       alignmentSide: -1,
       keyRingBonus: false,
       hasHardcoreDrop: false },
     { _type: 'GameRolePlayGroupMonsterInformations',
       contextualId: -3,
       look: [Object],
       disposition: [Object],
       staticInfos: [Object],
       ageBonus: 0,
       lootShare: -1,
       alignmentSide: -1,
       keyRingBonus: false,
       hasHardcoreDrop: false },
     { _type: 'GameRolePlayGroupMonsterInformations',
       contextualId: -5,
       look: [Object],
       disposition: [Object],
       staticInfos: [Object],
       ageBonus: 0,
       lootShare: -1,
       alignmentSide: -1,
       keyRingBonus: false,
       hasHardcoreDrop: false } ],
  interactiveElements: 
   [ { _type: 'InteractiveElement',
       elementId: 464766,
       elementTypeId: 45,
       enabledSkills: [],
       disabledSkills: [Object],
       _name: 'Oats' },
     { _type: 'InteractiveElement',
       elementId: 464763,
       elementTypeId: 45,
       enabledSkills: [],
       disabledSkills: [Object],
       _name: 'Oats' },
     { _type: 'InteractiveElement',
       elementId: 464765,
       elementTypeId: 38,
       enabledSkills: [],
       disabledSkills: [Object],
       _name: 'Wheat' },
     { _type: 'InteractiveElement',
       elementId: 465552,
       elementTypeId: -1,
       enabledSkills: [Object],
       disabledSkills: [],
       _houseData: [Object] },
     { _type: 'InteractiveElement',
       elementId: 464764,
       elementTypeId: 45,
       enabledSkills: [],
       disabledSkills: [Object],
       _name: 'Oats' } ],
  statedElements: 
   [ { _type: 'StatedElement',
       elementId: 464766,
       elementCellId: 451,
       elementState: 1 },
     { _type: 'StatedElement',
       elementId: 464763,
       elementCellId: 253,
       elementState: 1 },
     { _type: 'StatedElement',
       elementId: 464765,
       elementCellId: 423,
       elementState: 1 },
     { _type: 'StatedElement',
       elementId: 464764,
       elementCellId: 278,
       elementState: 1 } ],
  obstacles: [],
  fights: [],
  _isInitialized: true }
'Packet Received : '
{ _messageType: 'HousePropertiesMessage',
  properties: 
   { _type: 'HouseInformations',
     houseId: 9713,
     doorsOnMap: [ 465552 ],
     ownerName: 'Wiz-Toxic-Izzziii',
     isOnSale: false,
     isSaleLocked: false,
     modelId: 276,
     _name: 'Small Astrubian townhouse' },
  _isInitialized: true }
'Packet Received : '
{ _messageType: 'BasicNoOperationMessage' }
'Packet Received : '
{ _messageType: 'GameContextRemoveElementMessage',
  id: 717417,
  _isInitialized: true }
'Packet Received : '
{ _messageType: 'GameMapMovementMessage',
  keyMovements: [ 447, 404 ],
  actorId: -4,
  _isInitialized: true }
'Packet Received : '
{ _messageType: 'GameMapMovementMessage',
  keyMovements: 
   [ 543,
     515,
     501,
     488,
     460,
     432,
     404,
     376,
     348,
     320,
     292,
     277,
     249,
     221,
     193,
     179,
     151,
     136,
     108,
     94,
     66,
     51,
     37,
     9 ],
  actorId: 710745,
  _isInitialized: true }
'Packet Received : '
{ _messageType: 'ChatServerMessage',
  channel: 9,
  content: 'debug',
  timestamp: 1487456115,
  fingerprint: 'r1bizl4u',
  senderId: 547408,
  senderName: 'Aim-Fire',
  senderAccountId: 112214161,
  _isInitialized: true }
'Packet Received : '
{ _messageType: 'GameContextRemoveElementMessage',
  id: 710745,
  _isInitialized: true }
'Packet Received : '
{ _messageType: 'ChatServerMessage',
  channel: 6,
  content: 'cherche eni ._.',
  timestamp: 1487456118,
  fingerprint: 'sp5gfj6e',
  senderId: 712808,
  senderName: 'Lord-Lucifer',
  senderAccountId: 114220367,
  _isInitialized: true }
'Packet Received : '
{ _messageType: 'GameMapMovementMessage',
  keyMovements: [ 254, 268 ],
  actorId: -3,
  _isInitialized: true }
'Packet Received : '
{ _messageType: 'GameMapMovementMessage',
  keyMovements: [ 287, 341 ],
  actorId: -5,
  _isInitialized: true }
'Packet Received : '
{ _messageType: 'GameRolePlayShowActorMessage',
  informations: 
   { _type: 'GameRolePlayCharacterInformations',
     contextualId: 8487,
     look: 
      { _type: 'EntityLook',
        bonesId: 1,
        skins: [Object],
        indexedColors: [Object],
        scales: [Object],
        subentities: [Object] },
     disposition: 
      { _type: 'EntityDispositionInformations',
        cellId: 349,
        direction: 4 },
     name: 'Tespas-mal',
     humanoidInfo: 
      { _type: 'HumanInformations',
        restrictions: [Object],
        sex: true,
        options: [] },
     accountId: 24712853,
     alignmentInfos: 
      { _type: 'ActorAlignmentInformations',
        alignmentSide: 1,
        alignmentValue: 0,
        alignmentGrade: 0,
        characterPower: 8560 } },
  _isInitialized: true }
'Packet Received : '
{ _messageType: 'UpdateMapPlayersAgressableStatusMessage',
  playerIds: [ 8487 ],
  enable: [ 0 ],
  _isInitialized: true }
'Packet Received : '
{ _messageType: 'GameMapMovementMessage',
  keyMovements: [ 349, 362, 376, 389, 403, 416, 415, 429, 457, 470, 498, 512, 525, 553 ],
  actorId: 8487,
  _isInitialized: true }
'Packet Received : '
{ _messageType: 'GameContextRemoveElementMessage',
  id: 8487,
  _isInitialized: true }
'Packet Received : '
{ _messageType: 'GameMapMovementMessage',
  keyMovements: [ 268, 295 ],
  actorId: -3,
  _isInitialized: true }
'Packet Received : '
{ _messageType: 'GameMapMovementMessage',
  keyMovements: [ 404, 433 ],
  actorId: -4,
  _isInitialized: true }
'Packet Received : '
{ _messageType: 'GameMapMovementMessage',
  keyMovements: [ 341, 355 ],
  actorId: -5,
  _isInitialized: true }
'Packet Received : '
{ _messageType: 'GameMapMovementMessage',
  keyMovements: [ 295, 336 ],
  actorId: -3,
  _isInitialized: true }
'Packet Received : '
{ _messageType: 'GameMapMovementMessage',
  keyMovements: [ 433, 418 ],
  actorId: -4,
  _isInitialized: true }
'Packet Received : '
{ _messageType: 'GameMapMovementMessage',
  keyMovements: [ 355, 341 ],
  actorId: -5,
  _isInitialized: true }
'Packet Received : '
{ _messageType: 'GameMapMovementMessage',
  keyMovements: [ 336, 322 ],
  actorId: -3,
  _isInitialized: true }
'Packet Received : '
{ _messageType: 'GameRolePlayShowActorMessage',
  informations: 
   { _type: 'GameRolePlayCharacterInformations',
     contextualId: 721369,
     look: 
      { _type: 'EntityLook',
        bonesId: 1,
        skins: [Object],
        indexedColors: [Object],
        scales: [Object],
        subentities: [Object] },
     disposition: 
      { _type: 'EntityDispositionInformations',
        cellId: 19,
        direction: 2 },
     name: 'Rodomecca',
     humanoidInfo: 
      { _type: 'HumanInformations',
        restrictions: [Object],
        sex: false,
        options: [] },
     accountId: 55231027,
     alignmentInfos: 
      { _type: 'ActorAlignmentInformations',
        alignmentSide: 0,
        alignmentValue: 0,
        alignmentGrade: 0,
        characterPower: 721414 } },
  _isInitialized: true }
'Packet Received : '
{ _messageType: 'UpdateMapPlayersAgressableStatusMessage',
  playerIds: [ 721369 ],
  enable: [ 0 ],
  _isInitialized: true }
'Packet Received : '
{ _messageType: 'GameMapMovementMessage',
  keyMovements: 
   [ 19,
     47,
     75,
     103,
     131,
     159,
     187,
     215,
     243,
     271,
     299,
     327,
     355,
     369,
     382,
     410,
     438,
     453,
     481,
     495,
     510,
     538 ],
  actorId: 721369,
  _isInitialized: true }
'Packet Received : '
{ _messageType: 'GameContextRemoveElementMessage',
  id: 721369,
  _isInitialized: true }
'Packet Received : '
{ _messageType: 'GameMapMovementMessage',
  keyMovements: [ 418, 391 ],
  actorId: -4,
  _isInitialized: true }
'Packet Received : '
{ _messageType: 'GameMapMovementMessage',
  keyMovements: [ 341, 355 ],
  actorId: -5,
  _isInitialized: true }
'Packet Received : '
{ _messageType: 'GameRolePlayShowActorMessage',
  informations: 
   { _type: 'GameRolePlayCharacterInformations',
     contextualId: 725232,
     look: 
      { _type: 'EntityLook',
        bonesId: 1,
        skins: [Object],
        indexedColors: [Object],
        scales: [Object],
        subentities: [] },
     disposition: 
      { _type: 'EntityDispositionInformations',
        cellId: 542,
        direction: 6 },
     name: 'Gastrula',
     humanoidInfo: 
      { _type: 'HumanInformations',
        restrictions: [Object],
        sex: false,
        options: [] },
     accountId: 94776567,
     alignmentInfos: 
      { _type: 'ActorAlignmentInformations',
        alignmentSide: 0,
        alignmentValue: 0,
        alignmentGrade: 0,
        characterPower: 725270 } },
  _isInitialized: true }
'Packet Received : '
{ _messageType: 'UpdateMapPlayersAgressableStatusMessage',
  playerIds: [ 725232 ],
  enable: [ 0 ],
  _isInitialized: true }
'Packet Received : '
{ _messageType: 'ChatServerMessage',
  channel: 6,
  content: 'quelqu\'un vzut ce faire un petit dj des champs?',
  timestamp: 1487456193,
  fingerprint: 'xm9cws2i',
  senderId: 724327,
  senderName: 'Pyrowmane',
  senderAccountId: 114038556,
  _isInitialized: true }
'Packet Received : '
{ _messageType: 'GameMapMovementMessage',
  keyMovements: [ 542, 528, 515, 501, 488, 460, 432, 404, 376, 348, 334, 306, 293, 279, 251 ],
  actorId: 725232,
  _isInitialized: true }
'Packet Received : '
{ _messageType: 'GameContextRemoveElementMessage',
  id: 725232,
  _isInitialized: true }
'Packet Received : '
{ _messageType: 'GameRolePlayShowActorMessage',
  informations: 
   { _type: 'GameRolePlayCharacterInformations',
     contextualId: 502408,
     look: 
      { _type: 'EntityLook',
        bonesId: 639,
        skins: [],
        indexedColors: [Object],
        scales: [Object],
        subentities: [Object] },
     disposition: 
      { _type: 'EntityDispositionInformations',
        cellId: 540,
        direction: 5 },
     name: 'Spireicro',
     humanoidInfo: 
      { _type: 'HumanInformations',
        restrictions: [Object],
        sex: false,
        options: [Object] },
     accountId: 39839888,
     alignmentInfos: 
      { _type: 'ActorAlignmentInformations',
        alignmentSide: 0,
        alignmentValue: 0,
        alignmentGrade: 0,
        characterPower: 502476 } },
  _isInitialized: true }
'Packet Received : '
{ _messageType: 'UpdateMapPlayersAgressableStatusMessage',
  playerIds: [ 502408 ],
  enable: [ 0 ],
  _isInitialized: true }
'Packet Received : '
{ _messageType: 'GameMapMovementMessage',
  keyMovements: [ 391, 362 ],
  actorId: -4,
  _isInitialized: true }
'Packet Received : '
{ _messageType: 'GameMapMovementMessage',
  keyMovements: [ 322, 337 ],
  actorId: -3,
  _isInitialized: true }
'Packet Received : '
{ _messageType: 'GameRolePlayShowActorMessage',
  informations: 
   { _type: 'GameRolePlayCharacterInformations',
     contextualId: 701534,
     look: 
      { _type: 'EntityLook',
        bonesId: 1,
        skins: [Object],
        indexedColors: [Object],
        scales: [Object],
        subentities: [] },
     disposition: 
      { _type: 'EntityDispositionInformations',
        cellId: 21,
        direction: 4 },
     name: 'Rickawa',
     humanoidInfo: 
      { _type: 'HumanInformations',
        restrictions: [Object],
        sex: true,
        options: [] },
     accountId: 114076805,
     alignmentInfos: 
      { _type: 'ActorAlignmentInformations',
        alignmentSide: 0,
        alignmentValue: 0,
        alignmentGrade: 0,
        characterPower: 701636 } },
  _isInitialized: true }
'Packet Received : '
{ _messageType: 'UpdateMapPlayersAgressableStatusMessage',
  playerIds: [ 701534 ],
  enable: [ 0 ],
  _isInitialized: true }
'Packet Received : '
{ _messageType: 'GameMapMovementMessage',
  keyMovements: 
   [ 21,
     49,
     77,
     105,
     133,
     161,
     189,
     217,
     245,
     273,
     288,
     302,
     317,
     331,
     346,
     360,
     388,
     402,
     415,
     429,
     457,
     470,
     498,
     512,
     525,
     553 ],
  actorId: 701534,
  _isInitialized: true }
'Packet Received : '
{ _messageType: 'GameContextRemoveElementMessage',
  id: 701534,
  _isInitialized: true }
'Packet Received : '
{ _messageType: 'GameMapMovementMessage',
  keyMovements: [ 355, 297 ],
  actorId: -5,
  _isInitialized: true }
'Packet Received : '
{ _messageType: 'GameRolePlayShowActorMessage',
  informations: 
   { _type: 'GameRolePlayCharacterInformations',
     contextualId: 725793,
     look: 
      { _type: 'EntityLook',
        bonesId: 1,
        skins: [Object],
        indexedColors: [Object],
        scales: [Object],
        subentities: [] },
     disposition: 
      { _type: 'EntityDispositionInformations',
        cellId: 322,
        direction: 0 },
     name: 'Eoinjj',
     humanoidInfo: 
      { _type: 'HumanInformations',
        restrictions: [Object],
        sex: false,
        options: [] },
     accountId: 101279198,
     alignmentInfos: 
      { _type: 'ActorAlignmentInformations',
        alignmentSide: 0,
        alignmentValue: 0,
        alignmentGrade: 0,
        characterPower: 725797 } },
  _isInitialized: true }
'Packet Received : '
{ _messageType: 'UpdateMapPlayersAgressableStatusMessage',
  playerIds: [ 725793 ],
  enable: [ 0 ],
  _isInitialized: true }
'Packet Received : '
{ _messageType: 'GameMapMovementMessage',
  keyMovements: 
   [ 322,
     309,
     295,
     282,
     268,
     255,
     241,
     228,
     214,
     186,
     158,
     130,
     102,
     74,
     46,
     32,
     4 ],
  actorId: 725793,
  _isInitialized: true }
'Packet Received : '
{ _messageType: 'GameContextRemoveElementMessage',
  id: 725793,
  _isInitialized: true }
'Packet Received : '
{ _messageType: 'GameMapMovementMessage',
  keyMovements: [ 362, 376 ],
  actorId: -4,
  _isInitialized: true }
'Packet Received : '
{ _messageType: 'SequenceNumberRequestMessage' }
'Message sent :'
'sendMessage'
{ type: 'SequenceNumberMessage', data: { number: 2 } }
'Packet Received : '
{ _messageType: 'BasicLatencyStatsRequestMessage' }
'Message sent :'
'sendMessage'
{ type: 'BasicLatencyStatsMessage',
  data: { latency: 262, sampleCount: 12, max: 50 } }
'Packet Received : '
{ _messageType: 'BasicAckMessage',
  seq: 11,
  lastPacketId: 6317,
  _isInitialized: true }
'Packet Received : '
{ _messageType: 'BasicNoOperationMessage' }
'Packet Received : '
{ _messageType: 'BasicAckMessage',
  seq: 12,
  lastPacketId: 5663,
  _isInitialized: true }
'Packet Received : '
{ _messageType: 'BasicNoOperationMessage' }
'Packet Received : '
{ _messageType: 'GameRolePlayShowActorMessage',
  informations: 
   { _type: 'GameRolePlayCharacterInformations',
     contextualId: 723465,
     look: 
      { _type: 'EntityLook',
        bonesId: 1,
        skins: [Object],
        indexedColors: [Object],
        scales: [Object],
        subentities: [] },
     disposition: 
      { _type: 'EntityDispositionInformations',
        cellId: 322,
        direction: 6 },
     name: 'Meruemuya',
     humanoidInfo: 
      { _type: 'HumanInformations',
        restrictions: [Object],
        sex: true,
        options: [] },
     accountId: 22502749,
     alignmentInfos: 
      { _type: 'ActorAlignmentInformations',
        alignmentSide: 0,
        alignmentValue: 0,
        alignmentGrade: 0,
        characterPower: 723510 } },
  _isInitialized: true }
'Packet Received : '
{ _messageType: 'UpdateMapPlayersAgressableStatusMessage',
  playerIds: [ 723465 ],
  enable: [ 0 ],
  _isInitialized: true }
'Packet Received : '
{ _messageType: 'GameMapMovementMessage',
  keyMovements: [ 337, 364 ],
  actorId: -3,
  _isInitialized: true }
'Packet Received : '
{ _messageType: 'GameMapMovementMessage',
  keyMovements: 
   [ 540,
     512,
     497,
     483,
     468,
     454,
     439,
     425,
     410,
     382,
     354,
     326,
     298,
     270,
     242,
     214,
     186,
     173,
     159,
     131 ],
  actorId: 502408,
  _isInitialized: true }
'Packet Received : '
{ _messageType: 'GameMapMovementMessage',
  keyMovements: [ 322, 350, 378, 406, 434, 462, 490, 504, 532 ],
  actorId: 723465,
  _isInitialized: true }
'Packet Received : '
{ _messageType: 'GameMapMovementMessage',
  keyMovements: [ 410 ],
  actorId: 502408,
  _isInitialized: true }
'Packet Received : '
{ _messageType: 'GameMapMovementMessage',
  keyMovements: [ 410, 382, 354, 326, 298, 270, 242, 214, 201, 187, 159 ],
  actorId: 502408,
  _isInitialized: true }
'Packet Received : '
{ _messageType: 'GameMapMovementMessage',
  keyMovements: [ 434 ],
  actorId: 723465,
  _isInitialized: true }
'Packet Received : '
{ _messageType: 'GameMapMovementMessage',
  keyMovements: 
   [ 434,
     406,
     393,
     365,
     337,
     323,
     295,
     282,
     268,
     255,
     241,
     228,
     214,
     186,
     158,
     130,
     102,
     74,
     46,
     32,
     4 ],
  actorId: 723465,
  _isInitialized: true }
'Packet Received : '
{ _messageType: 'GameMapMovementMessage',
  keyMovements: [ 406 ],
  actorId: 723465,
  _isInitialized: true }
'Packet Received : '
{ _messageType: 'GameMapMovementMessage',
  keyMovements: 
   [ 406,
     378,
     365,
     337,
     323,
     295,
     282,
     268,
     255,
     241,
     228,
     214,
     186,
     158,
     130,
     102,
     74,
     46,
     32,
     4 ],
  actorId: 723465,
  _isInitialized: true }
'Packet Received : '
{ _messageType: 'GameContextRemoveElementMessage',
  id: 723465,
  _isInitialized: true }
'Packet Received : '
{ _messageType: 'GameMapMovementMessage',
  keyMovements: [ 297, 268 ],
  actorId: -5,
  _isInitialized: true }
'Packet Received : '
{ _messageType: 'GameRolePlayShowActorMessage',
  informations: 
   { _type: 'GameRolePlayCharacterInformations',
     contextualId: 707112,
     look: 
      { _type: 'EntityLook',
        bonesId: 1,
        skins: [Object],
        indexedColors: [Object],
        scales: [Object],
        subentities: [] },
     disposition: 
      { _type: 'EntityDispositionInformations',
        cellId: 540,
        direction: 6 },
     name: 'Norichou',
     humanoidInfo: 
      { _type: 'HumanInformations',
        restrictions: [Object],
        sex: true,
        options: [Object] },
     accountId: 8968946,
     alignmentInfos: 
      { _type: 'ActorAlignmentInformations',
        alignmentSide: 0,
        alignmentValue: 0,
        alignmentGrade: 0,
        characterPower: 707155 } },
  _isInitialized: true }
'Packet Received : '
{ _messageType: 'UpdateMapPlayersAgressableStatusMessage',
  playerIds: [ 707112 ],
  enable: [ 0 ],
  _isInitialized: true }
'Packet Received : '
{ _messageType: 'GameMapMovementMessage',
  keyMovements: [ 376, 416 ],
  actorId: -4,
  _isInitialized: true }
'Packet Received : '
{ _messageType: 'GameMapMovementMessage',
  keyMovements: 
   [ 540,
     512,
     498,
     470,
     442,
     429,
     415,
     402,
     388,
     360,
     332,
     304,
     276,
     248,
     220,
     192,
     164,
     136,
     108,
     80,
     52,
     38,
     10 ],
  actorId: 707112,
  _isInitialized: true }
'Packet Received : '
{ _messageType: 'GameRolePlayShowActorMessage',
  informations: 
   { _type: 'GameRolePlayCharacterInformations',
     contextualId: 706888,
     look: 
      { _type: 'EntityLook',
        bonesId: 639,
        skins: [],
        indexedColors: [Object],
        scales: [Object],
        subentities: [Object] },
     disposition: 
      { _type: 'EntityDispositionInformations',
        cellId: 20,
        direction: 1 },
     name: 'Vhaal',
     humanoidInfo: 
      { _type: 'HumanInformations',
        restrictions: [Object],
        sex: false,
        options: [] },
     accountId: 101382528,
     alignmentInfos: 
      { _type: 'ActorAlignmentInformations',
        alignmentSide: 0,
        alignmentValue: 0,
        alignmentGrade: 0,
        characterPower: 706963 } },
  _isInitialized: true }
'Packet Received : '
{ _messageType: 'UpdateMapPlayersAgressableStatusMessage',
  playerIds: [ 706888 ],
  enable: [ 0 ],
  _isInitialized: true }
'Packet Received : '
{ _messageType: 'GameRolePlayShowActorMessage',
  informations: 
   { _type: 'GameRolePlayCharacterInformations',
     contextualId: 723053,
     look: 
      { _type: 'EntityLook',
        bonesId: 1,
        skins: [Object],
        indexedColors: [Object],
        scales: [Object],
        subentities: [] },
     disposition: 
      { _type: 'EntityDispositionInformations',
        cellId: 349,
        direction: 2 },
     name: 'Loucasd',
     humanoidInfo: 
      { _type: 'HumanInformations',
        restrictions: [Object],
        sex: false,
        options: [] },
     accountId: 114405412,
     alignmentInfos: 
      { _type: 'ActorAlignmentInformations',
        alignmentSide: 0,
        alignmentValue: 0,
        alignmentGrade: 0,
        characterPower: 723070 } },
  _isInitialized: true }
'Packet Received : '
{ _messageType: 'UpdateMapPlayersAgressableStatusMessage',
  playerIds: [ 723053 ],
  enable: [ 0 ],
  _isInitialized: true }
'Packet Received : '
{ _messageType: 'GameContextRemoveElementMessage',
  id: 707112,
  _isInitialized: true }
'Packet Received : '
{ _messageType: 'GameMapMovementMessage',
  keyMovements: [ 364, 378 ],
  actorId: -3,
  _isInitialized: true }
'Packet Received : '
{ _messageType: 'GameMapMovementMessage',
  keyMovements: 
   [ 20,
     48,
     76,
     104,
     132,
     160,
     188,
     216,
     244,
     272,
     300,
     328,
     342,
     355,
     369,
     382,
     410,
     425,
     453,
     467,
     495,
     510,
     524,
     552 ],
  actorId: 706888,
  _isInitialized: true }
'Packet Received : '
{ _messageType: 'GameMapMovementMessage',
  keyMovements: 
   [ 349,
     362,
     376,
     389,
     403,
     402,
     415,
     429,
     442,
     456,
     469,
     483,
     496,
     510,
     523,
     537,
     550,
     549 ],
  actorId: 723053,
  _isInitialized: true }
'Packet Received : '
{ _messageType: 'GameContextRemoveElementMessage',
  id: 706888,
  _isInitialized: true }
'Packet Received : '
{ _messageType: 'GameContextRemoveElementMessage',
  id: 723053,
  _isInitialized: true }
'Packet Received : '
{ _messageType: 'GameRolePlayShowActorMessage',
  informations: 
   { _type: 'GameRolePlayCharacterInformations',
     contextualId: 459406,
     look: 
      { _type: 'EntityLook',
        bonesId: 639,
        skins: [],
        indexedColors: [Object],
        scales: [Object],
        subentities: [Object] },
     disposition: 
      { _type: 'EntityDispositionInformations',
        cellId: 22,
        direction: 3 },
     name: 'Jay-bzh',
     humanoidInfo: 
      { _type: 'HumanInformations',
        restrictions: [Object],
        sex: false,
        options: [Object] },
     accountId: 1691901,
     alignmentInfos: 
      { _type: 'ActorAlignmentInformations',
        alignmentSide: 0,
        alignmentValue: 0,
        alignmentGrade: 0,
        characterPower: 459502 } },
  _isInitialized: true }
'Packet Received : '
{ _messageType: 'UpdateMapPlayersAgressableStatusMessage',
  playerIds: [ 459406 ],
  enable: [ 0 ],
  _isInitialized: true }
'Packet Received : '
{ _messageType: 'GameMapMovementMessage',
  keyMovements: [ 268, 254 ],
  actorId: -5,
  _isInitialized: true }
'Packet Received : '
{ _messageType: 'GameRolePlayShowActorMessage',
  informations: 
   { _type: 'GameRolePlayCharacterInformations',
     contextualId: 724685,
     look: 
      { _type: 'EntityLook',
        bonesId: 1,
        skins: [Object],
        indexedColors: [Object],
        scales: [Object],
        subentities: [] },
     disposition: 
      { _type: 'EntityDispositionInformations',
        cellId: 22,
        direction: 1 },
     name: 'Demon-souls',
     humanoidInfo: 
      { _type: 'HumanInformations',
        restrictions: [Object],
        sex: false,
        options: [] },
     accountId: 114432098,
     alignmentInfos: 
      { _type: 'ActorAlignmentInformations',
        alignmentSide: 0,
        alignmentValue: 0,
        alignmentGrade: 0,
        characterPower: 724702 } },
  _isInitialized: true }
'Packet Received : '
{ _messageType: 'UpdateMapPlayersAgressableStatusMessage',
  playerIds: [ 724685 ],
  enable: [ 0 ],
  _isInitialized: true }
'Packet Received : '
{ _messageType: 'StatedElementUpdatedMessage',
  statedElement: 
   { _type: 'StatedElement',
     elementId: 464763,
     elementCellId: 253,
     elementState: 0 },
  _isInitialized: true }
'Packet Received : '
{ _messageType: 'InteractiveElementUpdatedMessage',
  interactiveElement: 
   { _type: 'InteractiveElement',
     elementId: 464763,
     elementTypeId: 45,
     enabledSkills: [],
     disabledSkills: [ [Object] ],
     _name: 'Oats' },
  _isInitialized: true }
'Packet Received : '
{ _messageType: 'GameRolePlayShowActorMessage',
  informations: 
   { _type: 'GameRolePlayCharacterInformations',
     contextualId: 686011,
     look: 
      { _type: 'EntityLook',
        bonesId: 1,
        skins: [Object],
        indexedColors: [Object],
        scales: [Object],
        subentities: [] },
     disposition: 
      { _type: 'EntityDispositionInformations',
        cellId: 20,
        direction: 1 },
     name: 'Kelemento',
     humanoidInfo: 
      { _type: 'HumanInformations',
        restrictions: [Object],
        sex: false,
        options: [Object] },
     accountId: 102062676,
     alignmentInfos: 
      { _type: 'ActorAlignmentInformations',
        alignmentSide: 0,
        alignmentValue: 0,
        alignmentGrade: 0,
        characterPower: 686081 } },
  _isInitialized: true }
'Packet Received : '
{ _messageType: 'UpdateMapPlayersAgressableStatusMessage',
  playerIds: [ 686011 ],
  enable: [ 0 ],
  _isInitialized: true }
'Packet Received : '
{ _messageType: 'GameMapMovementMessage',
  keyMovements: 
   [ 22,
     50,
     78,
     106,
     134,
     162,
     190,
     218,
     246,
     274,
     302,
     317,
     331,
     346,
     360,
     388,
     402,
     415,
     429,
     457,
     485,
     499,
     527 ],
  actorId: 724685,
  _isInitialized: true }
'Packet Received : '
{ _messageType: 'GameMapMovementMessage',
  keyMovements: [ 78 ],
  actorId: 724685,
  _isInitialized: true }
'Packet Received : '
{ _messageType: 'GameMapMovementMessage',
  keyMovements: 
   [ 78,
     106,
     134,
     162,
     190,
     218,
     246,
     274,
     302,
     317,
     331,
     346,
     360,
     388,
     402,
     415,
     429,
     457,
     485,
     513,
     527,
     555 ],
  actorId: 724685,
  _isInitialized: true }
'Packet Received : '
{ _messageType: 'GameMapMovementMessage',
  keyMovements: 
   [ 20,
     48,
     76,
     104,
     132,
     160,
     188,
     216,
     244,
     272,
     300,
     328,
     342,
     355,
     369,
     382,
     410,
     425,
     439,
     454,
     482,
     496,
     511,
     539 ],
  actorId: 686011,
  _isInitialized: true }
'Packet Received : '
{ _messageType: 'GameRolePlayShowActorMessage',
  informations: 
   { _type: 'GameRolePlayCharacterInformations',
     contextualId: 721369,
     look: 
      { _type: 'EntityLook',
        bonesId: 1,
        skins: [Object],
        indexedColors: [Object],
        scales: [Object],
        subentities: [Object] },
     disposition: 
      { _type: 'EntityDispositionInformations',
        cellId: 539,
        direction: 6 },
     name: 'Rodomecca',
     humanoidInfo: 
      { _type: 'HumanInformations',
        restrictions: [Object],
        sex: false,
        options: [] },
     accountId: 55231027,
     alignmentInfos: 
      { _type: 'ActorAlignmentInformations',
        alignmentSide: 0,
        alignmentValue: 0,
        alignmentGrade: 0,
        characterPower: 721414 } },
  _isInitialized: true }
'Packet Received : '
{ _messageType: 'UpdateMapPlayersAgressableStatusMessage',
  playerIds: [ 721369 ],
  enable: [ 0 ],
  _isInitialized: true }
'Packet Received : '
{ _messageType: 'GameContextRemoveElementMessage',
  id: 724685,
  _isInitialized: true }
'Packet Received : '
{ _messageType: 'GameContextRemoveElementMessage',
  id: 686011,
  _isInitialized: true }
'Packet Received : '
{ _messageType: 'GameRolePlayShowActorMessage',
  informations: 
   { _type: 'GameRolePlayCharacterInformations',
     contextualId: 720122,
     look: 
      { _type: 'EntityLook',
        bonesId: 1,
        skins: [Object],
        indexedColors: [Object],
        scales: [Object],
        subentities: [] },
     disposition: 
      { _type: 'EntityDispositionInformations',
        cellId: 406,
        direction: 2 },
     name: 'Skywin',
     humanoidInfo: 
      { _type: 'HumanInformations',
        restrictions: [Object],
        sex: true,
        options: [] },
     accountId: 114354122,
     alignmentInfos: 
      { _type: 'ActorAlignmentInformations',
        alignmentSide: 0,
        alignmentValue: 0,
        alignmentGrade: 0,
        characterPower: 720160 } },
  _isInitialized: true }
'Packet Received : '
{ _messageType: 'UpdateMapPlayersAgressableStatusMessage',
  playerIds: [ 720122 ],
  enable: [ 0 ],
  _isInitialized: true }
'Packet Received : '
{ _messageType: 'GameRolePlayShowActorMessage',
  informations: 
   { _type: 'GameRolePlayCharacterInformations',
     contextualId: 701534,
     look: 
      { _type: 'EntityLook',
        bonesId: 1,
        skins: [Object],
        indexedColors: [Object],
        scales: [Object],
        subentities: [] },
     disposition: 
      { _type: 'EntityDispositionInformations',
        cellId: 554,
        direction: 6 },
     name: 'Rickawa',
     humanoidInfo: 
      { _type: 'HumanInformations',
        restrictions: [Object],
        sex: true,
        options: [] },
     accountId: 114076805,
     alignmentInfos: 
      { _type: 'ActorAlignmentInformations',
        alignmentSide: 0,
        alignmentValue: 0,
        alignmentGrade: 0,
        characterPower: 701636 } },
  _isInitialized: true }
'Packet Received : '
{ _messageType: 'UpdateMapPlayersAgressableStatusMessage',
  playerIds: [ 701534 ],
  enable: [ 0 ],
  _isInitialized: true }
'Packet Received : '
{ _messageType: 'GameRolePlayShowActorMessage',
  informations: 
   { _type: 'GameRolePlayCharacterInformations',
     contextualId: 724685,
     look: 
      { _type: 'EntityLook',
        bonesId: 1,
        skins: [Object],
        indexedColors: [Object],
        scales: [Object],
        subentities: [] },
     disposition: 
      { _type: 'EntityDispositionInformations',
        cellId: 556,
        direction: 0 },
     name: 'Demon-souls',
     humanoidInfo: 
      { _type: 'HumanInformations',
        restrictions: [Object],
        sex: false,
        options: [] },
     accountId: 114432098,
     alignmentInfos: 
      { _type: 'ActorAlignmentInformations',
        alignmentSide: 0,
        alignmentValue: 0,
        alignmentGrade: 0,
        characterPower: 724702 } },
  _isInitialized: true }
'Packet Received : '
{ _messageType: 'UpdateMapPlayersAgressableStatusMessage',
  playerIds: [ 724685 ],
  enable: [ 0 ],
  _isInitialized: true }
'Packet Received : '
{ _messageType: 'GameMapMovementMessage',
  keyMovements: 
   [ 554,
     526,
     512,
     497,
     483,
     468,
     454,
     439,
     425,
     410,
     382,
     354,
     326,
     298,
     270,
     242,
     214,
     186,
     158,
     130,
     102,
     89,
     61,
     47,
     34,
     6 ],
  actorId: 701534,
  _isInitialized: true }
'Packet Received : '
{ _messageType: 'GameMapMovementMessage',
  keyMovements: 
   [ 22,
     50,
     78,
     106,
     134,
     162,
     190,
     218,
     246,
     274,
     302,
     317,
     331,
     346,
     360,
     388,
     402,
     415,
     429,
     457,
     485,
     499,
     514,
     542 ],
  actorId: 459406,
  _isInitialized: true }
'Packet Received : '
{ _messageType: 'GameMapMovementMessage',
  keyMovements: [ 406, 421, 422, 423, 437, 452, 453, 467, 482, 496, 511, 525, 540 ],
  actorId: 720122,
  _isInitialized: true }
'Packet Received : '
{ _messageType: 'GameMapMovementMessage',
  keyMovements: 
   [ 556,
     528,
     515,
     501,
     488,
     460,
     432,
     404,
     376,
     348,
     320,
     292,
     277,
     263,
     235,
     220,
     192,
     178,
     150,
     135,
     107,
     93,
     78,
     50 ],
  actorId: 724685,
  _isInitialized: true }
