'Message sent :'
'connecting'
{ appVersion: '1.9.27',
  buildVersion: '0.60.0',
  client: 'android',
  language: 'en',
  server: 'login' }
'Packet Received : '
{ _messageType: 'ProtocolRequired',
  requiredVersion: 1534,
  currentVersion: 1547,
  _isInitialized: true }
'Packet Received : '
{ _messageType: 'HelloConnectMessage',
  salt: 'izbrussr,]?h%6/d$yzO%#F*}mVt:"oA',
  key: 
   [ 21,
     118,
     51,
     0,
     12,
     -27,
     27,
     -29,
     -52,
     51,
     114,
     118,
     -103,
     88,
     75,
     -27,
     71,
     -50,
     79,
     0,
     106,
     97,
     -36,
     -95,
     -84,
     -34,
     65,
     -12,
     -46,
     109,
     96,
     -55,
     -119,
     -29,
     -5,
     107,
     -82,
     -97,
     48,
     -91,
     66,
     16,
     -34,
     -3,
     -94,
     -13,
     14,
     -76,
     -118,
     -75,
     100,
     -84,
     66,
     -30,
     93,
     -49,
     -61,
     84,
     -122,
     -43,
     29,
     -70,
     -47,
     87,
     -62,
     6,
     59,
     122,
     20,
     120,
     -2,
     -60,
     55,
     32,
     -19,
     -97,
     60,
     119,
     -27,
     -28,
     57,
     -67,
     89,
     104,
     8,
     -112,
     -76,
     -36,
     0,
     -45,
     125,
     -92,
     -65,
     72,
     84,
     18,
     -85,
     -20,
     12,
     53,
     ... 205 more items ],
  _isInitialized: true }
'Message sent :'
'checkAssetsVersion'
{ assetsVersion: '2.15.15', staticDataVersion: '25' }
'Packet Received : '
{ assetsVersion: null,
  staticDataVersion: null,
  _messageType: 'assetsVersionChecked' }
'Message sent :'
'login'
{ username: 'zahidsacri',
  token: 'ce6aa3682291790aeccaa9d6196fdcee',
  salt: 'izbrussr,]?h%6/d$yzO%#F*}mVt:"oA',
  key: 
   [ 21,
     118,
     51,
     0,
     12,
     -27,
     27,
     -29,
     -52,
     51,
     114,
     118,
     -103,
     88,
     75,
     -27,
     71,
     -50,
     79,
     0,
     106,
     97,
     -36,
     -95,
     -84,
     -34,
     65,
     -12,
     -46,
     109,
     96,
     -55,
     -119,
     -29,
     -5,
     107,
     -82,
     -97,
     48,
     -91,
     66,
     16,
     -34,
     -3,
     -94,
     -13,
     14,
     -76,
     -118,
     -75,
     100,
     -84,
     66,
     -30,
     93,
     -49,
     -61,
     84,
     -122,
     -43,
     29,
     -70,
     -47,
     87,
     -62,
     6,
     59,
     122,
     20,
     120,
     -2,
     -60,
     55,
     32,
     -19,
     -97,
     60,
     119,
     -27,
     -28,
     57,
     -67,
     89,
     104,
     8,
     -112,
     -76,
     -36,
     0,
     -45,
     125,
     -92,
     -65,
     72,
     84,
     18,
     -85,
     -20,
     12,
     53,
     ... 205 more items ] }
'Packet Received : '
{ _messageType: 'CredentialsAcknowledgementMessage' }
'Packet Received : '
{ _messageType: 'LoginQueueStatusMessage',
  position: 1,
  total: 2,
  _isInitialized: true }
'Packet Received : '
{ _messageType: 'LoginQueueStatusMessage',
  position: 0,
  total: 1,
  _isInitialized: true }
'Packet Received : '
{ _messageType: 'IdentificationSuccessMessage',
  login: '1465968706063202842',
  nickname: 'XxXVikingsXxX',
  accountId: 112984462,
  communityId: 0,
  hasRights: false,
  secretQuestion: '',
  subscriptionEndDate: 0,
  wasAlreadyConnected: false,
  accountCreation: 1482954291000,
  _isInitialized: true }
'Packet Received : '
{ _messageType: 'ServersListMessage',
  servers: 
   [ { _type: 'GameServerInformations',
       id: 405,
       status: 3,
       completion: 0,
       isSelectable: true,
       charactersCount: 0,
       date: 0,
       _name: 'Herdegrize',
       _gameTypeId: 0 },
     { _type: 'GameServerInformations',
       id: 407,
       status: 3,
       completion: 0,
       isSelectable: false,
       charactersCount: 0,
       date: 0,
       _name: 'Brutas',
       _gameTypeId: 0 },
     { _type: 'GameServerInformations',
       id: 404,
       status: 3,
       completion: 0,
       isSelectable: true,
       charactersCount: 0,
       date: 0,
       _name: 'Terra Cogita',
       _gameTypeId: 0 },
     { _type: 'GameServerInformations',
       id: 401,
       status: 3,
       completion: 0,
       isSelectable: true,
       charactersCount: 0,
       date: 0,
       _name: 'Grandapan',
       _gameTypeId: 0 },
     { _type: 'GameServerInformations',
       id: 406,
       status: 3,
       completion: 0,
       isSelectable: true,
       charactersCount: 0,
       date: 0,
       _name: 'Dodge',
       _gameTypeId: 0 },
     { _type: 'GameServerInformations',
       id: 403,
       status: 3,
       completion: 0,
       isSelectable: true,
       charactersCount: 1,
       date: 1487453877217,
       _name: 'Oshimo',
       _gameTypeId: 0 } ],
  _isInitialized: true }
'Message sent :'
'sendMessage'
{ type: 'ServerSelectionMessage', data: { serverId: 403 } }
'Packet Received : '
{ _messageType: 'SelectedServerDataMessage',
  serverId: 403,
  address: '172.31.17.136',
  port: 5555,
  canCreateNewCharacter: true,
  ticket: '64dcac8fc3fe4f5a8090009608363891',
  _isInitialized: true,
  _access: 'https://oshimogameproxy.touch.dofus.com' }
'Message sent :'
'disconnecting'
'SWITCHING_TO_GAME'
