'packet-send'
{ _messageType: 'ProtocolRequired',
  requiredVersion: 1534,
  currentVersion: 1547,
  _isInitialized: true }
{ _messageType: 'HelloConnectMessage',
  salt: 'izd97oib.+27rWSk^bE8#^6KdijYL2yB',
  key: 
   [ 121,
     113,
     -105,
     -101,
     -95,
     5,
     -111,
     59,
     -42,
     -87,
     85,
     68,
     106,
     -121,
     79,
     76,
     -92,
     107,
     70,
     101,
     -128,
     14,
     29,
     -59,
     -93,
     -89,
     117,
     2,
     -80,
     56,
     -61,
     82,
     11,
     -112,
     -111,
     124,
     64,
     40,
     -7,
     71,
     90,
     -77,
     115,
     8,
     -29,
     16,
     -117,
     106,
     -74,
     -112,
     -66,
     102,
     -32,
     -8,
     36,
     29,
     -67,
     20,
     111,
     -23,
     103,
     101,
     1,
     54,
     -87,
     -78,
     87,
     -55,
     -22,
     8,
     64,
     79,
     8,
     9,
     -54,
     -100,
     61,
     114,
     -29,
     33,
     -100,
     83,
     -70,
     -4,
     20,
     -26,
     -28,
     -35,
     -44,
     -94,
     124,
     3,
     -11,
     -70,
     120,
     79,
     39,
     13,
     -16,
     7,
     ... 205 more items ],
  _isInitialized: true }
'packet-send'
{ assetsVersion: null,
  staticDataVersion: null,
  _messageType: 'assetsVersionChecked' }
'packet-send'
{ _messageType: 'LoginQueueStatusMessage',
  position: 2,
  total: 2,
  _isInitialized: true }
{ _messageType: 'CredentialsAcknowledgementMessage' }
{ _messageType: 'LoginQueueStatusMessage',
  position: 0,
  total: 0,
  _isInitialized: true }
{ _messageType: 'LoginQueueStatusMessage',
  position: 1,
  total: 2,
  _isInitialized: true }
{ _messageType: 'LoginQueueStatusMessage',
  position: 0,
  total: 1,
  _isInitialized: true }
{ _messageType: 'IdentificationSuccessMessage',
  login: '1465968706067938274',
  nickname: '#guest#634305153',
  accountId: 108104299,
  communityId: 4,
  hasRights: false,
  secretQuestion: '',
  subscriptionEndDate: 0,
  wasAlreadyConnected: true,
  accountCreation: 1478897364000,
  _isInitialized: true }
{ _messageType: 'ServersListMessage',
  servers: 
   [ { _type: 'GameServerInformations',
       id: 405,
       status: 3,
       completion: 0,
       isSelectable: false,
       charactersCount: 0,
       date: 0,
       _name: 'Herdegrize',
       _gameTypeId: 0 },
     { _type: 'GameServerInformations',
       id: 407,
       status: 3,
       completion: 0,
       isSelectable: true,
       charactersCount: 3,
       date: 1487543683570,
       _name: 'Brutas',
       _gameTypeId: 0 },
     { _type: 'GameServerInformations',
       id: 404,
       status: 3,
       completion: 0,
       isSelectable: false,
       charactersCount: 0,
       date: 0,
       _name: 'Terra Cogita',
       _gameTypeId: 0 },
     { _type: 'GameServerInformations',
       id: 401,
       status: 3,
       completion: 0,
       isSelectable: true,
       charactersCount: 0,
       date: 0,
       _name: 'Grandapan',
       _gameTypeId: 0 },
     { _type: 'GameServerInformations',
       id: 406,
       status: 3,
       completion: 0,
       isSelectable: true,
       charactersCount: 0,
       date: 0,
       _name: 'Dodge',
       _gameTypeId: 0 },
     { _type: 'GameServerInformations',
       id: 403,
       status: 3,
       completion: 0,
       isSelectable: false,
       charactersCount: 0,
       date: 0,
       _name: 'Oshimo',
       _gameTypeId: 0 } ],
  _isInitialized: true }
'packet-send'
{ _messageType: 'SelectedServerDataMessage',
  serverId: 407,
  address: '172.30.17.178',
  port: 5555,
  canCreateNewCharacter: true,
  ticket: 'bd5df9eeb013ca84e1998643c3429b50',
  _isInitialized: true,
  _access: 'https://grandapangameproxy.touch.dofus.com' }
'packet-send'
'packet-send'
{ _messageType: 'ProtocolRequired',
  requiredVersion: 1547,
  currentVersion: 1547,
  _isInitialized: true }
{ _messageType: 'HelloGameMessage' }
'packet-send'
{ _messageType: 'BasicAckMessage',
  seq: 0,
  lastPacketId: 110,
  _isInitialized: true }
{ _messageType: 'AuthenticationTicketAcceptedMessage' }
{ _messageType: 'BasicTimeMessage',
  timestamp: 1487543872,
  timezoneOffset: 60,
  _isInitialized: true }
{ _messageType: 'ServerSettingsMessage',
  lang: 'es',
  community: 4,
  gameType: 0,
  _isInitialized: true }
{ _messageType: 'ServerOptionalFeaturesMessage',
  features: [ 1, 2, 3, 5 ],
  _isInitialized: true }
{ _messageType: 'ServerSessionConstantsMessage',
  variables: 
   [ { _type: 'ServerSessionConstantInteger', id: 1, value: 1500000 },
     { _type: 'ServerSessionConstantLong', id: 2, value: 7200000 },
     { _type: 'ServerSessionConstantInteger', id: 3, value: 30 },
     { _type: 'ServerSessionConstantLong', id: 4, value: 86400000 },
     { _type: 'ServerSessionConstantLong', id: 5, value: 60000 } ],
  _isInitialized: true }
{ _messageType: 'AccountCapabilitiesMessage',
  accountId: 108104299,
  tutorialAvailable: true,
  breedsVisible: 32767,
  breedsAvailable: 32767,
  status: 0,
  _isInitialized: true }
{ _messageType: 'TrustStatusMessage',
  trusted: true,
  _isInitialized: true }
{ _messageType: 'BasicNoOperationMessage' }
'packet-send'
{ _messageType: 'BasicAckMessage',
  seq: 1,
  lastPacketId: 150,
  _isInitialized: true }
{ _messageType: 'QueueStatusMessage',
  position: 0,
  total: 0,
  _isInitialized: true }
{ _messageType: 'QueueStatusMessage',
  position: 1,
  total: 1,
  _isInitialized: true }
{ _messageType: 'QueueStatusMessage',
  position: 0,
  total: 0,
  _isInitialized: true }
{ _messageType: 'BasicNoOperationMessage' }
{ _messageType: 'CharactersListMessage',
  hasStartupActions: false,
  characters: 
   [ { _type: 'CharacterBaseInformations',
       id: 307724,
       level: 21,
       name: 'Nelphield',
       entityLook: [Object],
       breed: 9,
       sex: false },
     { _type: 'CharacterBaseInformations',
       id: 307704,
       level: 2,
       name: 'Plumachaval',
       entityLook: [Object],
       breed: 3,
       sex: false },
     { _type: 'CharacterBaseInformations',
       id: 310614,
       level: 1,
       name: 'Chipean',
       entityLook: [Object],
       breed: 11,
       sex: false } ],
  _isInitialized: true }
'packet-send'
{ _messageType: 'BasicAckMessage',
  seq: 2,
  lastPacketId: 152,
  _isInitialized: true }
{ _messageType: 'BasicNoOperationMessage' }
{ _messageType: 'QueueStatusMessage',
  position: 0,
  total: 0,
  _isInitialized: true }
{ _messageType: 'NotificationListMessage',
  flags: [ 8895986 ],
  _isInitialized: true }
{ _messageType: 'CharacterSelectedSuccessMessage',
  infos: 
   { _type: 'CharacterBaseInformations',
     id: 307724,
     level: 21,
     name: 'Nelphield',
     entityLook: 
      { _type: 'EntityLook',
        bonesId: 1,
        skins: [Object],
        indexedColors: [Object],
        scales: [Object],
        subentities: [] },
     breed: 9,
     sex: false },
  _isInitialized: true }
{ _messageType: 'InventoryContentMessage',
  objects: 
   [ { _type: 'ObjectItem',
       position: 63,
       objectGID: 10792,
       effects: [Object],
       objectUID: 90883564,
       quantity: 1 },
     { _type: 'ObjectItem',
       position: 63,
       objectGID: 10793,
       effects: [Object],
       objectUID: 90883565,
       quantity: 2 },
     { _type: 'ObjectItem',
       position: 63,
       objectGID: 10795,
       effects: [Object],
       objectUID: 90883566,
       quantity: 1 },
     { _type: 'ObjectItem',
       position: 63,
       objectGID: 10796,
       effects: [Object],
       objectUID: 90883567,
       quantity: 1 },
     { _type: 'ObjectItem',
       position: 63,
       objectGID: 10801,
       effects: [Object],
       objectUID: 90883568,
       quantity: 1 },
     { _type: 'ObjectItem',
       position: 63,
       objectGID: 8545,
       effects: [],
       objectUID: 90883569,
       quantity: 9 },
     { _type: 'ObjectItem',
       position: 63,
       objectGID: 10797,
       effects: [Object],
       objectUID: 90883570,
       quantity: 1 },
     { _type: 'ObjectItem',
       position: 63,
       objectGID: 10784,
       effects: [Object],
       objectUID: 90883571,
       quantity: 1 },
     { _type: 'ObjectItem',
       position: 63,
       objectGID: 10798,
       effects: [Object],
       objectUID: 90883572,
       quantity: 1 },
     { _type: 'ObjectItem',
       position: 63,
       objectGID: 10799,
       effects: [Object],
       objectUID: 90883573,
       quantity: 1 },
     { _type: 'ObjectItem',
       position: 63,
       objectGID: 10794,
       effects: [Object],
       objectUID: 90883574,
       quantity: 1 },
     { _type: 'ObjectItem',
       position: 63,
       objectGID: 10785,
       effects: [Object],
       objectUID: 90883575,
       quantity: 1 },
     { _type: 'ObjectItem',
       position: 63,
       objectGID: 10800,
       effects: [Object],
       objectUID: 90883576,
       quantity: 1 },
     { _type: 'ObjectItem',
       position: 63,
       objectGID: 385,
       effects: [],
       objectUID: 90883577,
       quantity: 2 },
     { _type: 'ObjectItem',
       position: 63,
       objectGID: 6899,
       effects: [],
       objectUID: 90883578,
       quantity: 10 },
     { _type: 'ObjectItem',
       position: 63,
       objectGID: 8229,
       effects: [Object],
       objectUID: 90883579,
       quantity: 2 },
     { _type: 'ObjectItem',
       position: 63,
       objectGID: 6902,
       effects: [],
       objectUID: 90883580,
       quantity: 6 },
     { _type: 'ObjectItem',
       position: 63,
       objectGID: 287,
       effects: [],
       objectUID: 90883581,
       quantity: 46 },
     { _type: 'ObjectItem',
       position: 63,
       objectGID: 8236,
       effects: [Object],
       objectUID: 90883582,
       quantity: 1 },
     { _type: 'ObjectItem',
       position: 63,
       objectGID: 8214,
       effects: [Object],
       objectUID: 90883583,
       quantity: 1 },
     { _type: 'ObjectItem',
       position: 63,
       objectGID: 6897,
       effects: [],
       objectUID: 90883584,
       quantity: 13 },
     { _type: 'ObjectItem',
       position: 63,
       objectGID: 8239,
       effects: [Object],
       objectUID: 90883585,
       quantity: 1 },
     { _type: 'ObjectItem',
       position: 63,
       objectGID: 519,
       effects: [],
       objectUID: 90883586,
       quantity: 88 },
     { _type: 'ObjectItem',
       position: 63,
       objectGID: 365,
       effects: [],
       objectUID: 90883587,
       quantity: 36 },
     { _type: 'ObjectItem',
       position: 63,
       objectGID: 300,
       effects: [],
       objectUID: 90883588,
       quantity: 37 },
     { _type: 'ObjectItem',
       position: 63,
       objectGID: 386,
       effects: [],
       objectUID: 90883589,
       quantity: 29 },
     { _type: 'ObjectItem',
       position: 63,
       objectGID: 393,
       effects: [],
       objectUID: 90883590,
       quantity: 39 },
     { _type: 'ObjectItem',
       position: 63,
       objectGID: 394,
       effects: [],
       objectUID: 90883591,
       quantity: 43 },
     { _type: 'ObjectItem',
       position: 63,
       objectGID: 362,
       effects: [],
       objectUID: 90883592,
       quantity: 20 },
     { _type: 'ObjectItem',
       position: 63,
       objectGID: 307,
       effects: [],
       objectUID: 90883593,
       quantity: 34 },
     { _type: 'ObjectItem',
       position: 63,
       objectGID: 6900,
       effects: [],
       objectUID: 90883594,
       quantity: 12 },
     { _type: 'ObjectItem',
       position: 63,
       objectGID: 8243,
       effects: [Object],
       objectUID: 90883595,
       quantity: 1 },
     { _type: 'ObjectItem',
       position: 63,
       objectGID: 8230,
       effects: [Object],
       objectUID: 90883596,
       quantity: 1 },
     { _type: 'ObjectItem',
       position: 63,
       objectGID: 388,
       effects: [],
       objectUID: 90883597,
       quantity: 42 },
     { _type: 'ObjectItem',
       position: 63,
       objectGID: 371,
       effects: [],
       objectUID: 90883598,
       quantity: 11 },
     { _type: 'ObjectItem',
       position: 63,
       objectGID: 387,
       effects: [],
       objectUID: 90883599,
       quantity: 16 },
     { _type: 'ObjectItem',
       position: 63,
       objectGID: 288,
       effects: [],
       objectUID: 90883600,
       quantity: 10 },
     { _type: 'ObjectItem',
       position: 63,
       objectGID: 6903,
       effects: [],
       objectUID: 90883601,
       quantity: 7 },
     { _type: 'ObjectItem',
       position: 63,
       objectGID: 377,
       effects: [],
       objectUID: 90883602,
       quantity: 35 },
     { _type: 'ObjectItem',
       position: 63,
       objectGID: 2662,
       effects: [],
       objectUID: 90883603,
       quantity: 2 },
     { _type: 'ObjectItem',
       position: 63,
       objectGID: 309,
       effects: [],
       objectUID: 90883604,
       quantity: 13 },
     { _type: 'ObjectItem',
       position: 63,
       objectGID: 290,
       effects: [],
       objectUID: 90883605,
       quantity: 35 },
     { _type: 'ObjectItem',
       position: 63,
       objectGID: 311,
       effects: [],
       objectUID: 90883606,
       quantity: 61 },
     { _type: 'ObjectItem',
       position: 63,
       objectGID: 6898,
       effects: [],
       objectUID: 90883607,
       quantity: 11 },
     { _type: 'ObjectItem',
       position: 63,
       objectGID: 364,
       effects: [],
       objectUID: 90883608,
       quantity: 9 },
     { _type: 'ObjectItem',
       position: 63,
       objectGID: 363,
       effects: [],
       objectUID: 90883609,
       quantity: 17 },
     { _type: 'ObjectItem',
       position: 63,
       objectGID: 6921,
       effects: [Object],
       objectUID: 90883610,
       quantity: 1 },
     { _type: 'ObjectItem',
       position: 63,
       objectGID: 379,
       effects: [],
       objectUID: 90883611,
       quantity: 25 },
     { _type: 'ObjectItem',
       position: 63,
       objectGID: 1673,
       effects: [],
       objectUID: 90883612,
       quantity: 1 },
     { _type: 'ObjectItem',
       position: 63,
       objectGID: 2473,
       effects: [Object],
       objectUID: 90883613,
       quantity: 1 },
     { _type: 'ObjectItem',
       position: 63,
       objectGID: 6002,
       effects: [Object],
       objectUID: 90883614,
       quantity: 1 },
     { _type: 'ObjectItem',
       position: 63,
       objectGID: 2302,
       effects: [],
       objectUID: 90883615,
       quantity: 3 },
     { _type: 'ObjectItem',
       position: 63,
       objectGID: 887,
       effects: [],
       objectUID: 90883616,
       quantity: 4 },
     { _type: 'ObjectItem',
       position: 63,
       objectGID: 2466,
       effects: [],
       objectUID: 90883617,
       quantity: 1 },
     { _type: 'ObjectItem',
       position: 63,
       objectGID: 3820,
       effects: [Object],
       objectUID: 90883618,
       quantity: 1 },
     { _type: 'ObjectItem',
       position: 63,
       objectGID: 5561,
       effects: [Object],
       objectUID: 90883619,
       quantity: 1 },
     { _type: 'ObjectItem',
       position: 63,
       objectGID: 2712,
       effects: [Object],
       objectUID: 90883620,
       quantity: 1 },
     { _type: 'ObjectItem',
       position: 63,
       objectGID: 2659,
       effects: [],
       objectUID: 90883621,
       quantity: 6 },
     { _type: 'ObjectItem',
       position: 63,
       objectGID: 2583,
       effects: [],
       objectUID: 90883622,
       quantity: 6 },
     { _type: 'ObjectItem',
       position: 63,
       objectGID: 6920,
       effects: [Object],
       objectUID: 90883623,
       quantity: 1 },
     { _type: 'ObjectItem',
       position: 63,
       objectGID: 6912,
       effects: [Object],
       objectUID: 90883624,
       quantity: 1 },
     { _type: 'ObjectItem',
       position: 63,
       objectGID: 6922,
       effects: [Object],
       objectUID: 90883625,
       quantity: 1 },
     { _type: 'ObjectItem',
       position: 63,
       objectGID: 2661,
       effects: [],
       objectUID: 90883626,
       quantity: 1 },
     { _type: 'ObjectItem',
       position: 63,
       objectGID: 6917,
       effects: [Object],
       objectUID: 90883627,
       quantity: 1 },
     { _type: 'ObjectItem',
       position: 63,
       objectGID: 486,
       effects: [],
       objectUID: 90883628,
       quantity: 4 },
     { _type: 'ObjectItem',
       position: 63,
       objectGID: 6910,
       effects: [Object],
       objectUID: 90883629,
       quantity: 1 } ],
  kamas: 2724,
  _isInitialized: true }
{ _messageType: 'ShortcutBarContentMessage',
  barType: 0,
  shortcuts: [],
  _isInitialized: true }
{ _messageType: 'ShortcutBarContentMessage',
  barType: 1,
  shortcuts: 
   [ { _type: 'ShortcutSpell', slot: 8, spellId: 168 },
     { _type: 'ShortcutSpell', slot: 5, spellId: 165 },
     { _type: 'ShortcutSpell', slot: 2, spellId: 164 },
     { _type: 'ShortcutSpell', slot: 7, spellId: 167 },
     { _type: 'ShortcutSpell', slot: 4, spellId: 163 },
     { _type: 'ShortcutSpell', slot: 1, spellId: 161 },
     { _type: 'ShortcutSpell', slot: 9, spellId: 162 },
     { _type: 'ShortcutSpell', slot: 6, spellId: 172 },
     { _type: 'ShortcutSpell', slot: 3, spellId: 169 },
     { _type: 'ShortcutSpell', slot: 0, spellId: 0 } ],
  _isInitialized: true }
{ _messageType: 'EmoteListMessage',
  emoteIds: [ 1 ],
  _isInitialized: true }
{ _messageType: 'AlignmentRankUpdateMessage',
  alignmentRank: 0,
  verbose: false,
  _isInitialized: true }
{ _messageType: 'PrismsListMessage',
  prisms: 
   [ { _type: 'PrismGeolocalizedInformation',
       subAreaId: 521,
       allianceId: 0,
       worldX: -14,
       worldY: -44,
       mapId: 138540,
       prism: [Object],
       enrichData: [Object] },
     { _type: 'PrismSubareaEmptyInfo', subAreaId: 499, allianceId: 0 },
     { _type: 'PrismSubareaEmptyInfo', subAreaId: 123, allianceId: 0 },
     { _type: 'PrismGeolocalizedInformation',
       subAreaId: 43,
       allianceId: 0,
       worldX: -37,
       worldY: -50,
       mapId: 150322,
       prism: [Object],
       enrichData: [Object] },
     { _type: 'PrismSubareaEmptyInfo', subAreaId: 477, allianceId: 0 },
     { _type: 'PrismSubareaEmptyInfo', subAreaId: 607, allianceId: 0 },
     { _type: 'PrismGeolocalizedInformation',
       subAreaId: 455,
       allianceId: 0,
       worldX: -55,
       worldY: 11,
       mapId: 63963913,
       prism: [Object],
       enrichData: [Object] },
     { _type: 'PrismGeolocalizedInformation',
       subAreaId: 103,
       allianceId: 0,
       worldX: 13,
       worldY: 21,
       mapId: 88086786,
       prism: [Object],
       enrichData: [Object] },
     { _type: 'PrismGeolocalizedInformation',
       subAreaId: 520,
       allianceId: 0,
       worldX: -8,
       worldY: -37,
       mapId: 135461,
       prism: [Object],
       enrichData: [Object] },
     { _type: 'PrismSubareaEmptyInfo', subAreaId: 64, allianceId: 0 },
     { _type: 'PrismGeolocalizedInformation',
       subAreaId: 109,
       allianceId: 0,
       worldX: 32,
       worldY: -36,
       mapId: 16676,
       prism: [Object],
       enrichData: [Object] },
     { _type: 'PrismGeolocalizedInformation',
       subAreaId: 533,
       allianceId: 0,
       worldX: -36,
       worldY: -56,
       mapId: 149816,
       prism: [Object],
       enrichData: [Object] },
     { _type: 'PrismGeolocalizedInformation',
       subAreaId: 476,
       allianceId: 0,
       worldX: 31,
       worldY: -48,
       mapId: 16176,
       prism: [Object],
       enrichData: [Object] },
     { _type: 'PrismGeolocalizedInformation',
       subAreaId: 606,
       allianceId: 0,
       worldX: -80,
       worldY: -75,
       mapId: 54174027,
       prism: [Object],
       enrichData: [Object] },
     { _type: 'PrismGeolocalizedInformation',
       subAreaId: 454,
       allianceId: 0,
       worldX: -56,
       worldY: 3,
       mapId: 159747,
       prism: [Object],
       enrichData: [Object] },
     { _type: 'PrismGeolocalizedInformation',
       subAreaId: 651,
       allianceId: 0,
       worldX: -55,
       worldY: -41,
       mapId: 54161193,
       prism: [Object],
       enrichData: [Object] },
     { _type: 'PrismGeolocalizedInformation',
       subAreaId: 519,
       allianceId: 0,
       worldX: -6,
       worldY: -56,
       mapId: 134456,
       prism: [Object],
       enrichData: [Object] },
     { _type: 'PrismSubareaEmptyInfo', subAreaId: 80, allianceId: 0 },
     { _type: 'PrismSubareaEmptyInfo', subAreaId: 63, allianceId: 0 },
     { _type: 'PrismGeolocalizedInformation',
       subAreaId: 280,
       allianceId: 0,
       worldX: -24,
       worldY: 29,
       mapId: 143389,
       prism: [Object],
       enrichData: [Object] },
     { _type: 'PrismSubareaEmptyInfo',
       subAreaId: 798,
       allianceId: 0,
       enrichData: [Object] },
     { _type: 'PrismGeolocalizedInformation',
       subAreaId: 171,
       allianceId: 0,
       worldX: 27,
       worldY: -37,
       mapId: 14117,
       prism: [Object],
       enrichData: [Object] },
     { _type: 'PrismSubareaEmptyInfo', subAreaId: 540, allianceId: 0 },
     { _type: 'PrismGeolocalizedInformation',
       subAreaId: 605,
       allianceId: 0,
       worldX: -73,
       worldY: -69,
       mapId: 60036612,
       prism: [Object],
       enrichData: [Object] },
     { _type: 'PrismGeolocalizedInformation',
       subAreaId: 453,
       allianceId: 0,
       worldX: -56,
       worldY: 0,
       mapId: 159744,
       prism: [Object],
       enrichData: [Object] },
     { _type: 'PrismGeolocalizedInformation',
       subAreaId: 518,
       allianceId: 0,
       worldX: -16,
       worldY: -60,
       mapId: 139580,
       prism: [Object],
       enrichData: [Object] },
     { _type: 'PrismGeolocalizedInformation',
       subAreaId: 62,
       allianceId: 0,
       worldX: -29,
       worldY: -9,
       mapId: 100141056,
       prism: [Object],
       enrichData: [Object] },
     { _type: 'PrismGeolocalizedInformation',
       subAreaId: 279,
       allianceId: 0,
       worldX: -28,
       worldY: -64,
       mapId: 145728,
       prism: [Object],
       enrichData: [Object] },
     { _type: 'PrismGeolocalizedInformation',
       subAreaId: 170,
       allianceId: 0,
       worldX: 5,
       worldY: 28,
       mapId: 88082437,
       prism: [Object],
       enrichData: [Object] },
     { _type: 'PrismSubareaEmptyInfo', subAreaId: 539, allianceId: 0 },
     { _type: 'PrismGeolocalizedInformation',
       subAreaId: 235,
       allianceId: 0,
       worldX: -20,
       worldY: -2,
       mapId: 73533699,
       prism: [Object],
       enrichData: [Object] },
     { _type: 'PrismGeolocalizedInformation',
       subAreaId: 604,
       allianceId: 0,
       worldX: -58,
       worldY: -68,
       mapId: 54162756,
       prism: [Object],
       enrichData: [Object] },
     { _type: 'PrismGeolocalizedInformation',
       subAreaId: 517,
       allianceId: 0,
       worldX: -19,
       worldY: 24,
       mapId: 140824,
       prism: [Object],
       enrichData: [Object] },
     { _type: 'PrismGeolocalizedInformation',
       subAreaId: 61,
       allianceId: 0,
       worldX: -15,
       worldY: 34,
       mapId: 138786,
       prism: [Object],
       enrichData: [Object] },
     { _type: 'PrismGeolocalizedInformation',
       subAreaId: 278,
       allianceId: 0,
       worldX: 3,
       worldY: -9,
       mapId: 84674061,
       prism: [Object],
       enrichData: [Object] },
     { _type: 'PrismSubareaEmptyInfo', subAreaId: 799, allianceId: 0 },
     { _type: 'PrismGeolocalizedInformation',
       subAreaId: 495,
       allianceId: 0,
       worldX: -14,
       worldY: 33,
       mapId: 17828355,
       prism: [Object],
       enrichData: [Object] },
     { _type: 'PrismGeolocalizedInformation',
       subAreaId: 777,
       allianceId: 0,
       worldX: 32,
       worldY: -31,
       mapId: 79167488,
       prism: [Object],
       enrichData: [Object] },
     { _type: 'PrismGeolocalizedInformation',
       subAreaId: 169,
       allianceId: 0,
       worldX: -6,
       worldY: -10,
       mapId: 134410,
       prism: [Object],
       enrichData: [Object] },
     { _type: 'PrismGeolocalizedInformation',
       subAreaId: 234,
       allianceId: 0,
       worldX: -11,
       worldY: 2,
       mapId: 73402881,
       prism: [Object],
       enrichData: [Object] },
     { _type: 'PrismGeolocalizedInformation',
       subAreaId: 603,
       allianceId: 0,
       worldX: -79,
       worldY: -71,
       mapId: 54173511,
       prism: [Object],
       enrichData: [Object] },
     { _type: 'PrismGeolocalizedInformation',
       subAreaId: 532,
       allianceId: 0,
       worldX: -36,
       worldY: -52,
       mapId: 149812,
       prism: [Object],
       enrichData: [Object] },
     { _type: 'PrismSubareaEmptyInfo', subAreaId: 81, allianceId: 0 },
     { _type: 'PrismGeolocalizedInformation',
       subAreaId: 277,
       allianceId: 0,
       worldX: -5,
       worldY: 10,
       mapId: 104071684,
       prism: [Object],
       enrichData: [Object] },
     { _type: 'PrismGeolocalizedInformation',
       subAreaId: 38,
       allianceId: 0,
       worldX: -1,
       worldY: -40,
       mapId: 131880,
       prism: [Object],
       enrichData: [Object] },
     { _type: 'PrismGeolocalizedInformation',
       subAreaId: 27,
       allianceId: 0,
       worldX: 12,
       worldY: 4,
       mapId: 88086291,
       prism: [Object],
       enrichData: [Object] },
     { _type: 'PrismGeolocalizedInformation',
       subAreaId: 472,
       allianceId: 0,
       worldX: -52,
       worldY: 16,
       mapId: 25690116,
       prism: [Object],
       enrichData: [Object] },
     { _type: 'PrismGeolocalizedInformation',
       subAreaId: 168,
       allianceId: 0,
       worldX: -9,
       worldY: -14,
       mapId: 135950,
       prism: [Object],
       enrichData: [Object] },
     { _type: 'PrismGeolocalizedInformation',
       subAreaId: 233,
       allianceId: 0,
       worldX: -10,
       worldY: 2,
       mapId: 136194,
       prism: [Object],
       enrichData: [Object] },
     { _type: 'PrismGeolocalizedInformation',
       subAreaId: 602,
       allianceId: 0,
       worldX: -84,
       worldY: -49,
       mapId: 54176049,
       prism: [Object],
       enrichData: [Object] },
     { _type: 'PrismGeolocalizedInformation',
       subAreaId: 59,
       allianceId: 0,
       worldX: -12,
       worldY: -56,
       mapId: 137528,
       prism: [Object],
       enrichData: [Object] },
     { _type: 'PrismGeolocalizedInformation',
       subAreaId: 276,
       allianceId: 0,
       worldX: -4,
       worldY: 3,
       mapId: 104072451,
       prism: [Object],
       enrichData: [Object] },
     { _type: 'PrismGeolocalizedInformation',
       subAreaId: 102,
       allianceId: 0,
       worldX: -4,
       worldY: -9,
       mapId: 84805645,
       prism: [Object],
       enrichData: [Object] },
     { _type: 'PrismGeolocalizedInformation',
       subAreaId: 471,
       allianceId: 0,
       worldX: -60,
       worldY: -8,
       mapId: 162056,
       prism: [Object],
       enrichData: [Object] },
     { _type: 'PrismGeolocalizedInformation',
       subAreaId: 167,
       allianceId: 0,
       worldX: 30,
       worldY: 11,
       mapId: 47185920,
       prism: [Object],
       enrichData: [Object] },
     { _type: 'PrismSubareaEmptyInfo', subAreaId: 79, allianceId: 0 },
     { _type: 'PrismGeolocalizedInformation',
       subAreaId: 232,
       allianceId: 0,
       worldX: -7,
       worldY: -1,
       mapId: 134913,
       prism: [Object],
       enrichData: [Object] },
     { _type: 'PrismGeolocalizedInformation',
       subAreaId: 753,
       allianceId: 0,
       worldX: -63,
       worldY: -75,
       mapId: 62128646,
       prism: [Object],
       enrichData: [Object] },
     { _type: 'PrismGeolocalizedInformation',
       subAreaId: 601,
       allianceId: 0,
       worldX: -73,
       worldY: -34,
       mapId: 54170402,
       prism: [Object],
       enrichData: [Object] },
     { _type: 'PrismGeolocalizedInformation',
       subAreaId: 115,
       allianceId: 0,
       worldX: 19,
       worldY: -32,
       mapId: 10016,
       prism: [Object],
       enrichData: [Object] },
     { _type: 'PrismGeolocalizedInformation',
       subAreaId: 275,
       allianceId: 0,
       worldX: -20,
       worldY: 11,
       mapId: 63310594,
       prism: [Object],
       enrichData: [Object] },
     { _type: 'PrismGeolocalizedInformation',
       subAreaId: 492,
       allianceId: 0,
       worldX: -21,
       worldY: 13,
       mapId: 18350082,
       prism: [Object],
       enrichData: [Object] },
     { _type: 'PrismGeolocalizedInformation',
       subAreaId: 253,
       allianceId: 0,
       worldX: -16,
       worldY: 9,
       mapId: 139273,
       prism: [Object],
       enrichData: [Object] },
     { _type: 'PrismGeolocalizedInformation',
       subAreaId: 622,
       allianceId: 0,
       worldX: -76,
       worldY: -75,
       mapId: 59510784,
       prism: [Object],
       enrichData: [Object] },
     { _type: 'PrismGeolocalizedInformation',
       subAreaId: 166,
       allianceId: 0,
       worldX: 31,
       worldY: 12,
       mapId: 61212168,
       prism: [Object],
       enrichData: [Object] },
     { _type: 'PrismGeolocalizedInformation',
       subAreaId: 535,
       allianceId: 0,
       worldX: -30,
       worldY: 37,
       mapId: 146469,
       prism: [Object],
       enrichData: [Object] },
     { _type: 'PrismGeolocalizedInformation',
       subAreaId: 231,
       allianceId: 0,
       worldX: -21,
       worldY: -5,
       mapId: 75629314,
       prism: [Object],
       enrichData: [Object] },
     { _type: 'PrismGeolocalizedInformation',
       subAreaId: 600,
       allianceId: 0,
       worldX: -75,
       worldY: -35,
       mapId: 54171427,
       prism: [Object],
       enrichData: [Object] },
     { _type: 'PrismGeolocalizedInformation',
       subAreaId: 513,
       allianceId: 0,
       worldX: -32,
       worldY: -57,
       mapId: 147769,
       prism: [Object],
       enrichData: [Object] },
     { _type: 'PrismGeolocalizedInformation',
       subAreaId: 57,
       allianceId: 0,
       worldX: -20,
       worldY: 28,
       mapId: 141340,
       prism: [Object],
       enrichData: [Object] },
     { _type: 'PrismGeolocalizedInformation',
       subAreaId: 116,
       allianceId: 0,
       worldX: 27,
       worldY: -48,
       mapId: 14128,
       prism: [Object],
       enrichData: [Object] },
     { _type: 'PrismGeolocalizedInformation',
       subAreaId: 469,
       allianceId: 0,
       worldX: -54,
       worldY: 17,
       mapId: 20973056,
       prism: [Object],
       enrichData: [Object] },
     { _type: 'PrismGeolocalizedInformation',
       subAreaId: 165,
       allianceId: 0,
       worldX: 31,
       worldY: 6,
       mapId: 61212162,
       prism: [Object],
       enrichData: [Object] },
     { _type: 'PrismGeolocalizedInformation',
       subAreaId: 534,
       allianceId: 0,
       worldX: -20,
       worldY: 40,
       mapId: 141352,
       prism: [Object],
       enrichData: [Object] },
     { _type: 'PrismGeolocalizedInformation',
       subAreaId: 230,
       allianceId: 0,
       worldX: -10,
       worldY: 13,
       mapId: 64489222,
       prism: [Object],
       enrichData: [Object] },
     { _type: 'PrismGeolocalizedInformation',
       subAreaId: 143,
       allianceId: 0,
       worldX: 17,
       worldY: -26,
       mapId: 8986,
       prism: [Object],
       enrichData: [Object] },
     { _type: 'PrismGeolocalizedInformation',
       subAreaId: 56,
       allianceId: 0,
       worldX: -8,
       worldY: -48,
       mapId: 135472,
       prism: [Object],
       enrichData: [Object] },
     { _type: 'PrismGeolocalizedInformation',
       subAreaId: 117,
       allianceId: 0,
       worldX: 21,
       worldY: -26,
       mapId: 11034,
       prism: [Object],
       enrichData: [Object] },
     { _type: 'PrismGeolocalizedInformation',
       subAreaId: 490,
       allianceId: 0,
       worldX: 14,
       worldY: 22,
       mapId: 88087297,
       prism: [Object],
       enrichData: [Object] },
     { _type: 'PrismGeolocalizedInformation',
       subAreaId: 468,
       allianceId: 0,
       worldX: -53,
       worldY: 15,
       mapId: 28050432,
       prism: [Object],
       enrichData: [Object] },
     { _type: 'PrismGeolocalizedInformation',
       subAreaId: 316,
       allianceId: 0,
       worldX: -3,
       worldY: 24,
       mapId: 38932993,
       prism: [Object],
       enrichData: [Object] },
     { _type: 'PrismGeolocalizedInformation',
       subAreaId: 164,
       allianceId: 0,
       worldX: 24,
       worldY: -13,
       mapId: 99614979,
       prism: [Object],
       enrichData: [Object] },
     { _type: 'PrismGeolocalizedInformation',
       subAreaId: 12,
       allianceId: 0,
       worldX: 8,
       worldY: 29,
       mapId: 88083974,
       prism: [Object],
       enrichData: [Object] },
     { _type: 'PrismGeolocalizedInformation',
       subAreaId: 511,
       allianceId: 0,
       worldX: -27,
       worldY: 38,
       mapId: 144934,
       prism: [Object],
       enrichData: [Object] },
     { _type: 'PrismGeolocalizedInformation',
       subAreaId: 55,
       allianceId: 0,
       worldX: -20,
       worldY: -62,
       mapId: 141630,
       prism: [Object],
       enrichData: [Object] },
     { _type: 'PrismGeolocalizedInformation',
       subAreaId: 118,
       allianceId: 0,
       worldX: 31,
       worldY: -35,
       mapId: 16163,
       prism: [Object],
       enrichData: [Object] },
     { _type: 'PrismGeolocalizedInformation',
       subAreaId: 33,
       allianceId: 0,
       worldX: -8,
       worldY: -11,
       mapId: 135435,
       prism: [Object],
       enrichData: [Object] },
     { _type: 'PrismGeolocalizedInformation',
       subAreaId: 315,
       allianceId: 0,
       worldX: -4,
       worldY: 24,
       mapId: 84411392,
       prism: [Object],
       enrichData: [Object] },
     { _type: 'PrismGeolocalizedInformation',
       subAreaId: 163,
       allianceId: 0,
       worldX: 21,
       worldY: -11,
       mapId: 99747585,
       prism: [Object],
       enrichData: [Object] },
     { _type: 'PrismGeolocalizedInformation',
       subAreaId: 11,
       allianceId: 0,
       worldX: -1,
       worldY: 33,
       mapId: 72618499,
       prism: [Object],
       enrichData: [Object] },
     { _type: 'PrismGeolocalizedInformation',
       subAreaId: 76,
       allianceId: 0,
       worldX: -21,
       worldY: -25,
       mapId: 14551301,
       prism: [Object],
       enrichData: [Object] },
     { _type: 'PrismGeolocalizedInformation',
       subAreaId: 54,
       allianceId: 0,
       worldX: -13,
       worldY: -27,
       mapId: 138011,
       prism: [Object],
       enrichData: [Object] },
     { _type: 'PrismGeolocalizedInformation',
       subAreaId: 119,
       allianceId: 0,
       worldX: 24,
       worldY: -36,
       mapId: 12580,
       prism: [Object],
       enrichData: [Object] },
     { _type: 'PrismGeolocalizedInformation',
       subAreaId: 488,
       allianceId: 0,
       worldX: 4,
       worldY: 1,
       mapId: 99094017,
       prism: [Object],
       enrichData: [Object] },
     { _type: 'PrismGeolocalizedInformation',
       subAreaId: 32,
       allianceId: 0,
       worldX: 12,
       worldY: 29,
       mapId: 95424516,
       prism: [Object],
       enrichData: [Object] },
     { _type: 'PrismGeolocalizedInformation',
       subAreaId: 466,
       allianceId: 0,
       worldX: -47,
       worldY: 15,
       mapId: 155151,
       prism: [Object],
       enrichData: [Object] },
     { _type: 'PrismGeolocalizedInformation',
       subAreaId: 314,
       allianceId: 0,
       worldX: -4,
       worldY: 24,
       mapId: 33686528,
       prism: [Object],
       enrichData: [Object] },
     { _type: 'PrismGeolocalizedInformation',
       subAreaId: 162,
       allianceId: 0,
       worldX: 26,
       worldY: -11,
       mapId: 116919300,
       prism: [Object],
       enrichData: [Object] },
     { _type: 'PrismGeolocalizedInformation',
       subAreaId: 10,
       allianceId: 0,
       worldX: -1,
       worldY: 0,
       mapId: 88212759,
       prism: [Object],
       enrichData: [Object] },
     { _type: 'PrismGeolocalizedInformation',
       subAreaId: 531,
       allianceId: 0,
       worldX: -23,
       worldY: 40,
       mapId: 142888,
       prism: [Object],
       enrichData: [Object] },
     ... 86 more items ],
  _isInitialized: true }
{ _messageType: 'EnabledChannelsMessage',
  channels: [ 0, 1, 2, 3, 4, 5, 6, 12, 13, 9, 10 ],
  disallowed: [ 8, 7 ],
  _isInitialized: true }
{ _messageType: 'SpellListMessage',
  spellPrevisualization: true,
  spells: 
   [ { _type: 'SpellItem', position: 63, spellId: 0, spellLevel: 1 },
     { _type: 'SpellItem', position: 63, spellId: 172, spellLevel: 1 },
     { _type: 'SpellItem', position: 63, spellId: 169, spellLevel: 1 },
     { _type: 'SpellItem', position: 63, spellId: 163, spellLevel: 1 },
     { _type: 'SpellItem', position: 63, spellId: 168, spellLevel: 1 },
     { _type: 'SpellItem', position: 63, spellId: 165, spellLevel: 1 },
     { _type: 'SpellItem', position: 63, spellId: 162, spellLevel: 1 },
     { _type: 'SpellItem', position: 63, spellId: 167, spellLevel: 1 },
     { _type: 'SpellItem', position: 63, spellId: 164, spellLevel: 1 },
     { _type: 'SpellItem', position: 63, spellId: 161, spellLevel: 5 } ],
  _isInitialized: true }
{ _messageType: 'ShortcutBarContentMessage',
  barType: 1,
  shortcuts: 
   [ { _type: 'ShortcutSpell', slot: 8, spellId: 168 },
     { _type: 'ShortcutSpell', slot: 5, spellId: 165 },
     { _type: 'ShortcutSpell', slot: 2, spellId: 164 },
     { _type: 'ShortcutSpell', slot: 7, spellId: 167 },
     { _type: 'ShortcutSpell', slot: 4, spellId: 163 },
     { _type: 'ShortcutSpell', slot: 1, spellId: 161 },
     { _type: 'ShortcutSpell', slot: 9, spellId: 162 },
     { _type: 'ShortcutSpell', slot: 6, spellId: 172 },
     { _type: 'ShortcutSpell', slot: 3, spellId: 169 },
     { _type: 'ShortcutSpell', slot: 0, spellId: 0 } ],
  _isInitialized: true }
{ _messageType: 'SetCharacterRestrictionsMessage',
  restrictions: 
   { _type: 'ActorRestrictionsInformations',
     cantBeAggressed: false,
     cantBeChallenged: false,
     cantTrade: false,
     cantBeAttackedByMutant: false,
     cantRun: false,
     forceSlowWalk: false,
     cantMinimize: false,
     cantMove: false,
     cantAggress: false,
     cantChallenge: false,
     cantExchange: false,
     cantAttack: true,
     cantChat: false,
     cantBeMerchant: false,
     cantUseObject: false,
     cantUseTaxCollector: false,
     cantUseInteractive: false,
     cantSpeakToNPC: false,
     cantChangeZone: false,
     cantAttackMonster: false,
     cantWalk8Directions: false },
  _isInitialized: true }
{ _messageType: 'InventoryWeightMessage',
  weight: 966,
  weightMax: 1000,
  _isInitialized: true }
{ _messageType: 'FriendWarnOnConnectionStateMessage',
  enable: true,
  _isInitialized: true }
{ _messageType: 'FriendWarnOnLevelGainStateMessage',
  enable: true,
  _isInitialized: true }
{ _messageType: 'FriendGuildWarnOnAchievementCompleteStateMessage',
  enable: true,
  _isInitialized: true }
{ _messageType: 'GuildMemberWarnOnConnectionStateMessage',
  enable: true,
  _isInitialized: true }
{ _messageType: 'SequenceNumberRequestMessage' }
'packet-send'
{ _messageType: 'TextInformationMessage',
  msgType: 1,
  msgId: 89,
  parameters: [],
  _isInitialized: true,
  text: 'Welcome to DOFUS, and welcome to the World of Twelve! \nRemember that it is <b>strictly forbidden</b> to disclose your account name or password.' }
{ _messageType: 'SpouseStatusMessage',
  hasSpouse: false,
  _isInitialized: true }
{ _messageType: 'AchievementListMessage',
  finishedAchievementsIds: [ 3, 341, 118, 418, 421, 424, 342, 419, 422, 117, 414, 417 ],
  rewardableAchievements: [ { _type: 'AchievementRewardable', id: 4, finishedlevel: 20 } ],
  _isInitialized: true,
  enrichData: { points: 22, achievementsTotal: 952 } }
{ _messageType: 'GameRolePlayArenaUpdatePlayerInfosMessage',
  rank: 53,
  bestDailyRank: 0,
  bestRank: 0,
  victoryCount: 0,
  arenaFightcount: 0,
  _isInitialized: true }
{ _messageType: 'CharacterCapabilitiesMessage',
  guildEmblemSymbolCategories: 4095,
  _isInitialized: true }
{ _messageType: 'AlmanachCalendarDateMessage',
  date: 181,
  _isInitialized: true,
  _merydeName: 'Karat' }
{ _messageType: 'MailStatusMessage',
  unread: 0,
  total: 0,
  _isInitialized: true }
{ _messageType: 'StartupActionsListMessage',
  actions: [],
  _isInitialized: true }
'packet-send'
'packet-send'
'packet-send'
'packet-send'
'packet-send'
'packet-send'
'packet-send'
'packet-send'
'packet-send'
'packet-send'
'packet-send'
'packet-send'
'packet-send'
{ _messageType: 'BasicAckMessage',
  seq: 3,
  lastPacketId: 6317,
  _isInitialized: true }
{ _messageType: 'BasicNoOperationMessage' }
{ _messageType: 'BasicAckMessage',
  seq: 4,
  lastPacketId: 5623,
  _isInitialized: true }
{ _messageType: 'QuestListMessage',
  finishedQuestsIds: [],
  finishedQuestsCounts: [],
  activeQuests: [],
  _isInitialized: true }
{ _messageType: 'BasicNoOperationMessage' }
{ _messageType: 'BasicAckMessage',
  seq: 5,
  lastPacketId: 4001,
  _isInitialized: true }
{ _messageType: 'FriendsListMessage',
  friendsList: 
   [ { _type: 'FriendInformations',
       accountId: 105847807,
       accountName: '#guest#623615777',
       playerState: 0,
       lastConnection: 4,
       achievementPoints: -1 } ],
  _isInitialized: true }
{ _messageType: 'BasicNoOperationMessage' }
{ _messageType: 'BasicAckMessage',
  seq: 6,
  lastPacketId: 5676,
  _isInitialized: true }
{ _messageType: 'IgnoredListMessage',
  ignoredList: [],
  _isInitialized: true }
{ _messageType: 'BasicNoOperationMessage' }
{ _messageType: 'BasicAckMessage',
  seq: 7,
  lastPacketId: 6355,
  _isInitialized: true }
{ _messageType: 'BasicNoOperationMessage' }
{ _messageType: 'BasicAckMessage',
  seq: 8,
  lastPacketId: 5607,
  _isInitialized: true }
{ _messageType: 'BasicNoOperationMessage' }
{ _messageType: 'BasicAckMessage',
  seq: 9,
  lastPacketId: 250,
  _isInitialized: true }
{ _messageType: 'GameContextDestroyMessage' }
{ _messageType: 'GameContextCreateMessage',
  context: 1,
  _isInitialized: true }
{ _messageType: 'LifePointsRegenBeginMessage',
  regenRate: 10,
  _isInitialized: true }
{ _messageType: 'CurrentMapMessage',
  mapId: 80217604,
  mapKey: 'b3aaa8e1feb77cebc7d66ac01986cb5e',
  _isInitialized: true }
'packet-send'
{ _messageType: 'BasicTimeMessage',
  timestamp: 1487543873,
  timezoneOffset: 60,
  _isInitialized: true }
{ _messageType: 'CharacterStatsListMessage',
  stats: 
   { _type: 'CharacterCharacteristicsInformations',
     experience: 211187,
     experienceLevelFloor: 202000,
     experienceNextLevelFloor: 235000,
     kamas: 2724,
     statsPoints: 20,
     spellsPoints: 10,
     alignmentInfos: 
      { _type: 'ActorExtendedAlignmentInformations',
        alignmentSide: 0,
        alignmentValue: 0,
        alignmentGrade: 0,
        characterPower: 307745,
        honor: 0,
        honorGradeFloor: 0,
        honorNextGradeFloor: 500,
        aggressable: 0 },
     lifePoints: 155,
     maxLifePoints: 155,
     energyPoints: 4440,
     maxEnergyPoints: 10000,
     actionPointsCurrent: 6,
     movementPointsCurrent: 3,
     initiative: 
      { _type: 'CharacterBaseCharacteristic',
        base: 65,
        objectsAndMountBonus: 0,
        alignGiftBonus: 0,
        contextModif: 0 },
     prospecting: 
      { _type: 'CharacterBaseCharacteristic',
        base: 100,
        objectsAndMountBonus: 0,
        alignGiftBonus: 0,
        contextModif: 0 },
     actionPoints: 
      { _type: 'CharacterBaseCharacteristic',
        base: 6,
        objectsAndMountBonus: 0,
        alignGiftBonus: 0,
        contextModif: 0 },
     movementPoints: 
      { _type: 'CharacterBaseCharacteristic',
        base: 3,
        objectsAndMountBonus: 0,
        alignGiftBonus: 0,
        contextModif: 0 },
     strength: 
      { _type: 'CharacterBaseCharacteristic',
        base: 0,
        objectsAndMountBonus: 0,
        alignGiftBonus: 0,
        contextModif: 0 },
     vitality: 
      { _type: 'CharacterBaseCharacteristic',
        base: 0,
        objectsAndMountBonus: 0,
        alignGiftBonus: 0,
        contextModif: 0 },
     wisdom: 
      { _type: 'CharacterBaseCharacteristic',
        base: 0,
        objectsAndMountBonus: 0,
        alignGiftBonus: 0,
        contextModif: 0 },
     chance: 
      { _type: 'CharacterBaseCharacteristic',
        base: 0,
        objectsAndMountBonus: 0,
        alignGiftBonus: 0,
        contextModif: 0 },
     agility: 
      { _type: 'CharacterBaseCharacteristic',
        base: 0,
        objectsAndMountBonus: 0,
        alignGiftBonus: 0,
        contextModif: 0 },
     intelligence: 
      { _type: 'CharacterBaseCharacteristic',
        base: 65,
        objectsAndMountBonus: 0,
        alignGiftBonus: 0,
        contextModif: 0 },
     range: 
      { _type: 'CharacterBaseCharacteristic',
        base: 0,
        objectsAndMountBonus: 0,
        alignGiftBonus: 0,
        contextModif: 0 },
     summonableCreaturesBoost: 
      { _type: 'CharacterBaseCharacteristic',
        base: 1,
        objectsAndMountBonus: 0,
        alignGiftBonus: 0,
        contextModif: 0 },
     reflect: 
      { _type: 'CharacterBaseCharacteristic',
        base: 0,
        objectsAndMountBonus: 0,
        alignGiftBonus: 0,
        contextModif: 0 },
     criticalHit: 
      { _type: 'CharacterBaseCharacteristic',
        base: 0,
        objectsAndMountBonus: 0,
        alignGiftBonus: 0,
        contextModif: 0 },
     criticalHitWeapon: 50,
     criticalMiss: 
      { _type: 'CharacterBaseCharacteristic',
        base: 0,
        objectsAndMountBonus: 0,
        alignGiftBonus: 0,
        contextModif: 0 },
     healBonus: 
      { _type: 'CharacterBaseCharacteristic',
        base: 0,
        objectsAndMountBonus: 0,
        alignGiftBonus: 0,
        contextModif: 0 },
     allDamagesBonus: 
      { _type: 'CharacterBaseCharacteristic',
        base: 0,
        objectsAndMountBonus: 0,
        alignGiftBonus: 0,
        contextModif: 0 },
     weaponDamagesBonusPercent: 
      { _type: 'CharacterBaseCharacteristic',
        base: 0,
        objectsAndMountBonus: 0,
        alignGiftBonus: 0,
        contextModif: 0 },
     damagesBonusPercent: 
      { _type: 'CharacterBaseCharacteristic',
        base: 0,
        objectsAndMountBonus: 0,
        alignGiftBonus: 0,
        contextModif: 0 },
     trapBonus: 
      { _type: 'CharacterBaseCharacteristic',
        base: 0,
        objectsAndMountBonus: 0,
        alignGiftBonus: 0,
        contextModif: 0 },
     trapBonusPercent: 
      { _type: 'CharacterBaseCharacteristic',
        base: 0,
        objectsAndMountBonus: 0,
        alignGiftBonus: 0,
        contextModif: 0 },
     permanentDamagePercent: 
      { _type: 'CharacterBaseCharacteristic',
        base: 10,
        objectsAndMountBonus: 0,
        alignGiftBonus: 0,
        contextModif: 0 },
     tackleBlock: 
      { _type: 'CharacterBaseCharacteristic',
        base: 0,
        objectsAndMountBonus: 0,
        alignGiftBonus: 0,
        contextModif: 0 },
     tackleEvade: 
      { _type: 'CharacterBaseCharacteristic',
        base: 0,
        objectsAndMountBonus: 0,
        alignGiftBonus: 0,
        contextModif: 0 },
     PAAttack: 
      { _type: 'CharacterBaseCharacteristic',
        base: 0,
        objectsAndMountBonus: 0,
        alignGiftBonus: 0,
        contextModif: 0 },
     PMAttack: 
      { _type: 'CharacterBaseCharacteristic',
        base: 0,
        objectsAndMountBonus: 0,
        alignGiftBonus: 0,
        contextModif: 0 },
     pushDamageBonus: 
      { _type: 'CharacterBaseCharacteristic',
        base: 0,
        objectsAndMountBonus: 0,
        alignGiftBonus: 0,
        contextModif: 0 },
     criticalDamageBonus: 
      { _type: 'CharacterBaseCharacteristic',
        base: 0,
        objectsAndMountBonus: 0,
        alignGiftBonus: 0,
        contextModif: 0 },
     neutralDamageBonus: 
      { _type: 'CharacterBaseCharacteristic',
        base: 0,
        objectsAndMountBonus: 0,
        alignGiftBonus: 0,
        contextModif: 0 },
     earthDamageBonus: 
      { _type: 'CharacterBaseCharacteristic',
        base: 0,
        objectsAndMountBonus: 0,
        alignGiftBonus: 0,
        contextModif: 0 },
     waterDamageBonus: 
      { _type: 'CharacterBaseCharacteristic',
        base: 0,
        objectsAndMountBonus: 0,
        alignGiftBonus: 0,
        contextModif: 0 },
     airDamageBonus: 
      { _type: 'CharacterBaseCharacteristic',
        base: 0,
        objectsAndMountBonus: 0,
        alignGiftBonus: 0,
        contextModif: 0 },
     fireDamageBonus: 
      { _type: 'CharacterBaseCharacteristic',
        base: 0,
        objectsAndMountBonus: 0,
        alignGiftBonus: 0,
        contextModif: 0 },
     dodgePALostProbability: 
      { _type: 'CharacterBaseCharacteristic',
        base: 0,
        objectsAndMountBonus: 0,
        alignGiftBonus: 0,
        contextModif: 0 },
     dodgePMLostProbability: 
      { _type: 'CharacterBaseCharacteristic',
        base: 0,
        objectsAndMountBonus: 0,
        alignGiftBonus: 0,
        contextModif: 0 },
     neutralElementResistPercent: 
      { _type: 'CharacterBaseCharacteristic',
        base: 0,
        objectsAndMountBonus: 0,
        alignGiftBonus: 0,
        contextModif: 0 },
     earthElementResistPercent: 
      { _type: 'CharacterBaseCharacteristic',
        base: 0,
        objectsAndMountBonus: 0,
        alignGiftBonus: 0,
        contextModif: 0 },
     waterElementResistPercent: 
      { _type: 'CharacterBaseCharacteristic',
        base: 0,
        objectsAndMountBonus: 0,
        alignGiftBonus: 0,
        contextModif: 0 },
     airElementResistPercent: 
      { _type: 'CharacterBaseCharacteristic',
        base: 0,
        objectsAndMountBonus: 0,
        alignGiftBonus: 0,
        contextModif: 0 },
     fireElementResistPercent: 
      { _type: 'CharacterBaseCharacteristic',
        base: 0,
        objectsAndMountBonus: 0,
        alignGiftBonus: 0,
        contextModif: 0 },
     neutralElementReduction: 
      { _type: 'CharacterBaseCharacteristic',
        base: 0,
        objectsAndMountBonus: 0,
        alignGiftBonus: 0,
        contextModif: 0 },
     earthElementReduction: 
      { _type: 'CharacterBaseCharacteristic',
        base: 0,
        objectsAndMountBonus: 0,
        alignGiftBonus: 0,
        contextModif: 0 },
     waterElementReduction: 
      { _type: 'CharacterBaseCharacteristic',
        base: 0,
        objectsAndMountBonus: 0,
        alignGiftBonus: 0,
        contextModif: 0 },
     airElementReduction: 
      { _type: 'CharacterBaseCharacteristic',
        base: 0,
        objectsAndMountBonus: 0,
        alignGiftBonus: 0,
        contextModif: 0 },
     fireElementReduction: 
      { _type: 'CharacterBaseCharacteristic',
        base: 0,
        objectsAndMountBonus: 0,
        alignGiftBonus: 0,
        contextModif: 0 },
     pushDamageReduction: 
      { _type: 'CharacterBaseCharacteristic',
        base: 0,
        objectsAndMountBonus: 0,
        alignGiftBonus: 0,
        contextModif: 0 },
     criticalDamageReduction: 
      { _type: 'CharacterBaseCharacteristic',
        base: 0,
        objectsAndMountBonus: 0,
        alignGiftBonus: 0,
        contextModif: 0 },
     pvpNeutralElementResistPercent: 
      { _type: 'CharacterBaseCharacteristic',
        base: 0,
        objectsAndMountBonus: 0,
        alignGiftBonus: 0,
        contextModif: 0 },
     pvpEarthElementResistPercent: 
      { _type: 'CharacterBaseCharacteristic',
        base: 0,
        objectsAndMountBonus: 0,
        alignGiftBonus: 0,
        contextModif: 0 },
     pvpWaterElementResistPercent: 
      { _type: 'CharacterBaseCharacteristic',
        base: 0,
        objectsAndMountBonus: 0,
        alignGiftBonus: 0,
        contextModif: 0 },
     pvpAirElementResistPercent: 
      { _type: 'CharacterBaseCharacteristic',
        base: 0,
        objectsAndMountBonus: 0,
        alignGiftBonus: 0,
        contextModif: 0 },
     pvpFireElementResistPercent: 
      { _type: 'CharacterBaseCharacteristic',
        base: 0,
        objectsAndMountBonus: 0,
        alignGiftBonus: 0,
        contextModif: 0 },
     pvpNeutralElementReduction: 
      { _type: 'CharacterBaseCharacteristic',
        base: 0,
        objectsAndMountBonus: 0,
        alignGiftBonus: 0,
        contextModif: 0 },
     pvpEarthElementReduction: 
      { _type: 'CharacterBaseCharacteristic',
        base: 0,
        objectsAndMountBonus: 0,
        alignGiftBonus: 0,
        contextModif: 0 },
     pvpWaterElementReduction: 
      { _type: 'CharacterBaseCharacteristic',
        base: 0,
        objectsAndMountBonus: 0,
        alignGiftBonus: 0,
        contextModif: 0 },
     pvpAirElementReduction: 
      { _type: 'CharacterBaseCharacteristic',
        base: 0,
        objectsAndMountBonus: 0,
        alignGiftBonus: 0,
        contextModif: 0 },
     pvpFireElementReduction: 
      { _type: 'CharacterBaseCharacteristic',
        base: 0,
        objectsAndMountBonus: 0,
        alignGiftBonus: 0,
        contextModif: 0 },
     spellModifications: [],
     probationTime: 0 },
  _isInitialized: true }
{ _messageType: 'UpdateMapPlayersAgressableStatusMessage',
  playerIds: [ 307724 ],
  enable: [ 0 ],
  _isInitialized: true }
{ _messageType: 'BasicNoOperationMessage' }
{ _messageType: 'BasicAckMessage',
  seq: 10,
  lastPacketId: 225,
  _isInitialized: true }
{ _messageType: 'MapComplementaryInformationsDataMessage',
  subAreaId: 450,
  mapId: 80217604,
  houses: [],
  actors: 
   [ { _type: 'GameRolePlayCharacterInformations',
       contextualId: 307724,
       look: [Object],
       disposition: [Object],
       name: 'Nelphield',
       humanoidInfo: [Object],
       accountId: 108104299,
       alignmentInfos: [Object] },
     { _type: 'GameRolePlayCharacterInformations',
       contextualId: 504973,
       look: [Object],
       disposition: [Object],
       name: 'Lord-Shura',
       humanoidInfo: [Object],
       accountId: 105582917,
       alignmentInfos: [Object] },
     { _type: 'GameRolePlayCharacterInformations',
       contextualId: 492036,
       look: [Object],
       disposition: [Object],
       name: 'Ganjaiden',
       humanoidInfo: [Object],
       accountId: 36674818,
       alignmentInfos: [Object] },
     { _type: 'GameRolePlayGroupMonsterInformations',
       contextualId: -6,
       look: [Object],
       disposition: [Object],
       staticInfos: [Object],
       ageBonus: 0,
       lootShare: -1,
       alignmentSide: -1,
       keyRingBonus: false,
       hasHardcoreDrop: false },
     { _type: 'GameRolePlayGroupMonsterInformations',
       contextualId: -4,
       look: [Object],
       disposition: [Object],
       staticInfos: [Object],
       ageBonus: 0,
       lootShare: -1,
       alignmentSide: -1,
       keyRingBonus: false,
       hasHardcoreDrop: false },
     { _type: 'GameRolePlayGroupMonsterInformations',
       contextualId: -5,
       look: [Object],
       disposition: [Object],
       staticInfos: [Object],
       ageBonus: 0,
       lootShare: -1,
       alignmentSide: -1,
       keyRingBonus: false,
       hasHardcoreDrop: false },
     { _type: 'GameRolePlayMerchantInformations',
       contextualId: 449519,
       look: [Object],
       disposition: [Object],
       name: 'Rey-ryde',
       sellType: 0,
       options: [] },
     { _type: 'GameRolePlayMerchantInformations',
       contextualId: 486011,
       look: [Object],
       disposition: [Object],
       name: 'Ufos',
       sellType: 0,
       options: [] } ],
  interactiveElements: [],
  statedElements: [],
  obstacles: [],
  fights: [],
  _isInitialized: true }
{ _messageType: 'BasicNoOperationMessage' }
{ _messageType: 'bakHardToSoftCurrentRateSuccess',
  rate: 111.52705 }
{ _messageType: 'bakSoftToHardCurrentRateSuccess',
  rate: 117.1034025 }
{ _messageType: 'kpiStartSessionMessage', sessionId: 650069795 }
{ _messageType: 'GameMapMovementMessage',
  keyMovements: [ 378, 379, 380, 381, 382, 383, 384, 385, 386, 387, 388, 389, 376, 362, 363 ],
  actorId: 504973,
  _isInitialized: true }
{ _messageType: 'GameContextRemoveElementMessage',
  id: 504973,
  _isInitialized: true }
{ _messageType: 'GameMapMovementMessage',
  keyMovements: [ 416, 443 ],
  actorId: -4,
  _isInitialized: true }
{ _messageType: 'BasicLatencyStatsRequestMessage' }
'packet-send'
{ _messageType: 'BasicAckMessage',
  seq: 11,
  lastPacketId: 5663,
  _isInitialized: true }
{ _messageType: 'BasicNoOperationMessage' }
{ _messageType: 'GameMapMovementMessage',
  keyMovements: [ 34, 48 ],
  actorId: -5,
  _isInitialized: true }
{ _messageType: 'GameMapMovementMessage',
  keyMovements: [ 40, 83 ],
  actorId: -6,
  _isInitialized: true }
{ _messageType: 'GameMapMovementMessage',
  keyMovements: [ 443, 385 ],
  actorId: -4,
  _isInitialized: true }
{ _messageType: 'GameMapMovementMessage',
  keyMovements: [ 48, 21 ],
  actorId: -5,
  _isInitialized: true }
{ _messageType: 'GameMapMovementMessage',
  keyMovements: [ 83, 97 ],
  actorId: -6,
  _isInitialized: true }
{ _messageType: 'GameMapMovementMessage',
  keyMovements: [ 385, 327 ],
  actorId: -4,
  _isInitialized: true }
{ _messageType: 'GameMapMovementMessage',
  keyMovements: [ 21, 75 ],
  actorId: -5,
  _isInitialized: true }
{ _messageType: 'GameMapMovementMessage',
  keyMovements: [ 97, 137 ],
  actorId: -6,
  _isInitialized: true }
{ _messageType: 'GameRolePlayShowActorMessage',
  informations: 
   { _type: 'GameRolePlayCharacterInformations',
     contextualId: 504966,
     look: 
      { _type: 'EntityLook',
        bonesId: 1,
        skins: [Object],
        indexedColors: [Object],
        scales: [Object],
        subentities: [] },
     disposition: 
      { _type: 'EntityDispositionInformations',
        cellId: 350,
        direction: 0 },
     name: 'Lucata',
     humanoidInfo: 
      { _type: 'HumanInformations',
        restrictions: [Object],
        sex: false,
        options: [] },
     accountId: 114479633,
     alignmentInfos: 
      { _type: 'ActorAlignmentInformations',
        alignmentSide: 0,
        alignmentValue: 0,
        alignmentGrade: 0,
        characterPower: 504969 } },
  _isInitialized: true }
{ _messageType: 'UpdateMapPlayersAgressableStatusMessage',
  playerIds: [ 504966 ],
  enable: [ 0 ],
  _isInitialized: true }
{ _messageType: 'GameMapMovementMessage',
  keyMovements: [ 327, 342 ],
  actorId: -4,
  _isInitialized: true }
{ _messageType: 'GameMapMovementMessage',
  keyMovements: [ 378, 379, 380, 381, 382, 383, 384, 385, 386, 387, 388, 389, 404, 418, 419 ],
  actorId: 492036,
  _isInitialized: true }
{ _messageType: 'GameContextRemoveElementMessage',
  id: 492036,
  _isInitialized: true }
{ _messageType: 'GameMapMovementMessage',
  keyMovements: [ 75, 48 ],
  actorId: -5,
  _isInitialized: true }
{ _messageType: 'GameMapMovementMessage',
  keyMovements: [ 350, 351, 366, 367, 368, 382, 383, 398, 399, 413, 428, 429 ],
  actorId: 504966,
  _isInitialized: true }
{ _messageType: 'GameMapMovementMessage',
  keyMovements: [ 428 ],
  actorId: 504966,
  _isInitialized: true }
{ _messageType: 'GameMapMovementMessage',
  keyMovements: [ 428, 456, 470, 485, 513 ],
  actorId: 504966,
  _isInitialized: true }
{ _messageType: 'GameMapMovementMessage',
  keyMovements: [ 137, 124 ],
  actorId: -6,
  _isInitialized: true }
{ _messageType: 'GameMapMovementMessage',
  keyMovements: [ 513, 499, 486, 472 ],
  actorId: 504966,
  _isInitialized: true }
{ _messageType: 'GameMapMovementMessage',
  keyMovements: [ 342, 356 ],
  actorId: -4,
  _isInitialized: true }
{ _messageType: 'GameMapMovementMessage',
  keyMovements: [ 472, 459, 445, 432, 418, 405, 391, 363 ],
  actorId: 504966,
  _isInitialized: true }
{ _messageType: 'GameContextRemoveElementMessage',
  id: 504966,
  _isInitialized: true }
{ _messageType: 'GameMapMovementMessage',
  keyMovements: [ 48, 77 ],
  actorId: -5,
  _isInitialized: true }
{ _messageType: 'GameMapMovementMessage',
  keyMovements: [ 124, 110 ],
  actorId: -6,
  _isInitialized: true }
{ _messageType: 'GameMapMovementMessage',
  keyMovements: [ 356, 410 ],
  actorId: -4,
  _isInitialized: true }
{ _messageType: 'GameMapMovementMessage',
  keyMovements: [ 77, 63 ],
  actorId: -5,
  _isInitialized: true }
{ _messageType: 'GameRolePlayShowActorMessage',
  informations: 
   { _type: 'GameRolePlayCharacterInformations',
     contextualId: 504845,
     look: 
      { _type: 'EntityLook',
        bonesId: 1,
        skins: [Object],
        indexedColors: [Object],
        scales: [Object],
        subentities: [] },
     disposition: 
      { _type: 'EntityDispositionInformations',
        cellId: 476,
        direction: 2 },
     name: 'Steam-Need',
     humanoidInfo: 
      { _type: 'HumanInformations',
        restrictions: [Object],
        sex: false,
        options: [] },
     accountId: 86097303,
     alignmentInfos: 
      { _type: 'ActorAlignmentInformations',
        alignmentSide: 0,
        alignmentValue: 0,
        alignmentGrade: 0,
        characterPower: 504876 } },
  _isInitialized: true }
{ _messageType: 'UpdateMapPlayersAgressableStatusMessage',
  playerIds: [ 504845 ],
  enable: [ 0 ],
  _isInitialized: true }
{ _messageType: 'GameMapMovementMessage',
  keyMovements: [ 110, 52 ],
  actorId: -6,
  _isInitialized: true }
{ _messageType: 'GameMapMovementMessage',
  keyMovements: 
   [ 476,
     462,
     449,
     435,
     422,
     423,
     424,
     425,
     426,
     427,
     428,
     429,
     443,
     444,
     445,
     460,
     474,
     475 ],
  actorId: 504845,
  _isInitialized: true }
{ _messageType: 'GameContextRemoveElementMessage',
  id: 504845,
  _isInitialized: true }
{ _messageType: 'GameMapMovementMessage',
  keyMovements: [ 410, 396 ],
  actorId: -4,
  _isInitialized: true }
{ _messageType: 'GameMapMovementMessage',
  keyMovements: [ 63, 77 ],
  actorId: -5,
  _isInitialized: true }
{ _messageType: 'GameRolePlayShowActorMessage',
  informations: 
   { _type: 'GameRolePlayCharacterInformations',
     contextualId: 504299,
     look: 
      { _type: 'EntityLook',
        bonesId: 1,
        skins: [Object],
        indexedColors: [Object],
        scales: [Object],
        subentities: [] },
     disposition: 
      { _type: 'EntityDispositionInformations',
        cellId: 25,
        direction: 2 },
     name: 'Weedsmokihg',
     humanoidInfo: 
      { _type: 'HumanInformations',
        restrictions: [Object],
        sex: false,
        options: [] },
     accountId: 114468186,
     alignmentInfos: 
      { _type: 'ActorAlignmentInformations',
        alignmentSide: 0,
        alignmentValue: 0,
        alignmentGrade: 0,
        characterPower: 504308 } },
  _isInitialized: true }
{ _messageType: 'UpdateMapPlayersAgressableStatusMessage',
  playerIds: [ 504299 ],
  enable: [ 0 ],
  _isInitialized: true }
{ _messageType: 'GameMapMovementMessage',
  keyMovements: 
   [ 25,
     53,
     67,
     80,
     94,
     122,
     150,
     178,
     191,
     219,
     247,
     261,
     260,
     259,
     258,
     257,
     242,
     241,
     227,
     226,
     211,
     197,
     196 ],
  actorId: 504299,
  _isInitialized: true }
{ _messageType: 'GameMapMovementMessage',
  keyMovements: [ 122 ],
  actorId: 504299,
  _isInitialized: true }
{ _messageType: 'GameMapMovementMessage',
  keyMovements: 
   [ 122,
     150,
     178,
     191,
     219,
     247,
     261,
     260,
     245,
     231,
     216,
     202,
     187,
     159,
     131,
     117,
     102,
     88,
     73,
     59,
     44,
     30 ],
  actorId: 504299,
  _isInitialized: true }
{ _messageType: 'GameMapMovementMessage',
  keyMovements: [ 30, 31, 17, 18, 19 ],
  actorId: 504299,
  _isInitialized: true }
{ _messageType: 'GameContextRemoveElementMessage',
  id: 504299,
  _isInitialized: true }
{ _messageType: 'GameMapMovementMessage',
  keyMovements: [ 396, 338 ],
  actorId: -4,
  _isInitialized: true }
{ _messageType: 'GameMapMovementMessage',
  keyMovements: [ 77, 104 ],
  actorId: -5,
  _isInitialized: true }
{ _messageType: 'GameMapMovementMessage',
  keyMovements: [ 52, 66 ],
  actorId: -6,
  _isInitialized: true }
{ _messageType: 'GameMapMovementMessage',
  keyMovements: [ 338, 324 ],
  actorId: -4,
  _isInitialized: true }
{ _messageType: 'GameMapMovementMessage',
  keyMovements: [ 104, 75 ],
  actorId: -5,
  _isInitialized: true }
{ _messageType: 'GameRolePlayShowActorMessage',
  informations: 
   { _type: 'GameRolePlayCharacterInformations',
     contextualId: 489007,
     look: 
      { _type: 'EntityLook',
        bonesId: 1,
        skins: [Object],
        indexedColors: [Object],
        scales: [Object],
        subentities: [] },
     disposition: 
      { _type: 'EntityDispositionInformations',
        cellId: 5,
        direction: 0 },
     name: 'Strallfurball',
     humanoidInfo: 
      { _type: 'HumanInformations',
        restrictions: [Object],
        sex: false,
        options: [] },
     accountId: 114157582,
     alignmentInfos: 
      { _type: 'ActorAlignmentInformations',
        alignmentSide: 0,
        alignmentValue: 0,
        alignmentGrade: 0,
        characterPower: 489021 } },
  _isInitialized: true }
{ _messageType: 'UpdateMapPlayersAgressableStatusMessage',
  playerIds: [ 489007 ],
  enable: [ 0 ],
  _isInitialized: true }
{ _messageType: 'GameRolePlayShowActorMessage',
  informations: 
   { _type: 'GameRolePlayCharacterInformations',
     contextualId: 441562,
     look: 
      { _type: 'EntityLook',
        bonesId: 639,
        skins: [],
        indexedColors: [Object],
        scales: [Object],
        subentities: [Object] },
     disposition: 
      { _type: 'EntityDispositionInformations',
        cellId: 26,
        direction: 2 },
     name: 'Triana',
     humanoidInfo: 
      { _type: 'HumanInformations',
        restrictions: [Object],
        sex: true,
        options: [] },
     accountId: 113351879,
     alignmentInfos: 
      { _type: 'ActorAlignmentInformations',
        alignmentSide: 1,
        alignmentValue: 4,
        alignmentGrade: 0,
        characterPower: 441646 } },
  _isInitialized: true }
{ _messageType: 'UpdateMapPlayersAgressableStatusMessage',
  playerIds: [ 441562 ],
  enable: [ 0 ],
  _isInitialized: true }
{ _messageType: 'GameMapMovementMessage',
  keyMovements: 
   [ 5,
     19,
     34,
     48,
     76,
     104,
     132,
     147,
     175,
     203,
     231,
     245,
     260,
     274,
     289,
     290,
     304,
     305,
     320,
     334,
     335 ],
  actorId: 489007,
  _isInitialized: true }
{ _messageType: 'GameMapMovementMessage',
  keyMovements: 
   [ 26,
     40,
     53,
     67,
     95,
     123,
     151,
     164,
     178,
     191,
     219,
     247,
     261,
     260,
     245,
     231,
     216,
     202,
     187,
     186,
     185,
     184,
     170,
     142,
     127,
     113,
     85 ],
  actorId: 441562,
  _isInitialized: true }
{ _messageType: 'GameMapMovementMessage',
  keyMovements: [ 191 ],
  actorId: 441562,
  _isInitialized: true }
{ _messageType: 'GameMapMovementMessage',
  keyMovements: [ 191, 178, 150, 122, 94 ],
  actorId: 441562,
  _isInitialized: true }
{ _messageType: 'GameContextRemoveElementMessage',
  id: -6,
  _isInitialized: true }
{ _messageType: 'GameContextRemoveElementMessage',
  id: 441562,
  _isInitialized: true }
{ _messageType: 'GameContextRemoveElementMessage',
  id: -6,
  _isInitialized: true }
{ _messageType: 'GameRolePlayShowChallengeMessage',
  commonsInfos: 
   { _type: 'FightCommonInformations',
     fightId: 829,
     fightType: 4,
     fightTeams: [ [Object], [Object] ],
     fightTeamsPositions: [ 94, 66 ],
     fightTeamsOptions: [ [Object], [Object] ] },
  _isInitialized: true }
{ _messageType: 'MapFightCountMessage',
  fightCount: 1,
  _isInitialized: true }
{ _messageType: 'GameFightUpdateTeamMessage',
  fightId: 829,
  team: 
   { _type: 'FightTeamInformations',
     teamId: 0,
     leaderId: 441562,
     teamSide: -1,
     teamTypeId: 0,
     teamMembers: [ [Object] ] },
  _isInitialized: true }
{ _messageType: 'GameFightUpdateTeamMessage',
  fightId: 829,
  team: 
   { _type: 'FightTeamInformations',
     teamId: 1,
     leaderId: -6,
     teamSide: -1,
     teamTypeId: 1,
     teamMembers: [] },
  _isInitialized: true }
{ _messageType: 'GameFightUpdateTeamMessage',
  fightId: 829,
  team: 
   { _type: 'FightTeamInformations',
     teamId: 1,
     leaderId: -6,
     teamSide: -1,
     teamTypeId: 1,
     teamMembers: [ [Object] ] },
  _isInitialized: true }
{ _messageType: 'GameContextRemoveElementMessage',
  id: 489007,
  _isInitialized: true }
{ _messageType: 'GameRolePlayShowActorMessage',
  informations: 
   { _type: 'GameRolePlayCharacterInformations',
     contextualId: 504637,
     look: 
      { _type: 'EntityLook',
        bonesId: 1,
        skins: [Object],
        indexedColors: [Object],
        scales: [Object],
        subentities: [] },
     disposition: 
      { _type: 'EntityDispositionInformations',
        cellId: 476,
        direction: 7 },
     name: 'Principe-yopukil',
     humanoidInfo: 
      { _type: 'HumanInformations',
        restrictions: [Object],
        sex: false,
        options: [] },
     accountId: 20493208,
     alignmentInfos: 
      { _type: 'ActorAlignmentInformations',
        alignmentSide: 0,
        alignmentValue: 0,
        alignmentGrade: 0,
        characterPower: 504652 } },
  _isInitialized: true }
{ _messageType: 'UpdateMapPlayersAgressableStatusMessage',
  playerIds: [ 504637 ],
  enable: [ 0 ],
  _isInitialized: true }
{ _messageType: 'GameRolePlayRemoveChallengeMessage',
  fightId: 829,
  _isInitialized: true }
{ _messageType: 'GameRolePlayShowActorMessage',
  informations: 
   { _type: 'GameRolePlayCharacterInformations',
     contextualId: 504594,
     look: 
      { _type: 'EntityLook',
        bonesId: 1,
        skins: [Object],
        indexedColors: [Object],
        scales: [Object],
        subentities: [] },
     disposition: 
      { _type: 'EntityDispositionInformations',
        cellId: 350,
        direction: 0 },
     name: 'Arth-Darkness',
     humanoidInfo: 
      { _type: 'HumanInformations',
        restrictions: [Object],
        sex: false,
        options: [] },
     accountId: 114451721,
     alignmentInfos: 
      { _type: 'ActorAlignmentInformations',
        alignmentSide: 0,
        alignmentValue: 0,
        alignmentGrade: 0,
        characterPower: 504601 } },
  _isInitialized: true }
{ _messageType: 'UpdateMapPlayersAgressableStatusMessage',
  playerIds: [ 504594 ],
  enable: [ 0 ],
  _isInitialized: true }
{ _messageType: 'GameRolePlayShowActorMessage',
  informations: 
   { _type: 'GameRolePlayCharacterInformations',
     contextualId: 504986,
     look: 
      { _type: 'EntityLook',
        bonesId: 1,
        skins: [Object],
        indexedColors: [Object],
        scales: [Object],
        subentities: [] },
     disposition: 
      { _type: 'EntityDispositionInformations',
        cellId: 350,
        direction: 1 },
     name: 'Sangrera-Ordinaria',
     humanoidInfo: 
      { _type: 'HumanInformations',
        restrictions: [Object],
        sex: true,
        options: [] },
     accountId: 114479826,
     alignmentInfos: 
      { _type: 'ActorAlignmentInformations',
        alignmentSide: 0,
        alignmentValue: 0,
        alignmentGrade: 0,
        characterPower: 504989 } },
  _isInitialized: true }
{ _messageType: 'UpdateMapPlayersAgressableStatusMessage',
  playerIds: [ 504986 ],
  enable: [ 0 ],
  _isInitialized: true }
{ _messageType: 'GameMapMovementMessage',
  keyMovements: [ 324, 281 ],
  actorId: -4,
  _isInitialized: true }
{ _messageType: 'GameMapMovementMessage',
  keyMovements: 
   [ 476,
     462,
     449,
     435,
     422,
     423,
     437,
     452,
     453,
     467,
     482,
     496,
     511,
     525,
     540,
     554,
     555 ],
  actorId: 504637,
  _isInitialized: true }
{ _messageType: 'GameMapMovementMessage',
  keyMovements: [ 350, 351, 352, 353, 354, 355, 356, 371, 372 ],
  actorId: 504594,
  _isInitialized: true }
{ _messageType: 'GameMapMovementMessage',
  keyMovements: [ 350, 351, 352, 353, 354, 355, 356, 357, 358, 359, 360, 361, 362, 363 ],
  actorId: 504986,
  _isInitialized: true }
{ _messageType: 'GameMapMovementMessage',
  keyMovements: [ 355 ],
  actorId: 504594,
  _isInitialized: true }
{ _messageType: 'GameMapMovementMessage',
  keyMovements: [ 355, 356, 371, 385, 386 ],
  actorId: 504594,
  _isInitialized: true }
{ _messageType: 'GameContextRemoveElementMessage',
  id: 504637,
  _isInitialized: true }
{ _messageType: 'GameMapMovementMessage',
  keyMovements: [ 386 ],
  actorId: 504594,
  _isInitialized: true }
{ _messageType: 'GameMapMovementMessage',
  keyMovements: [ 386, 387, 388, 389 ],
  actorId: 504594,
  _isInitialized: true }
{ _messageType: 'GameRolePlayShowActorMessage',
  informations: 
   { _type: 'GameRolePlayCharacterInformations',
     contextualId: 504976,
     look: 
      { _type: 'EntityLook',
        bonesId: 1,
        skins: [Object],
        indexedColors: [Object],
        scales: [Object],
        subentities: [] },
     disposition: 
      { _type: 'EntityDispositionInformations',
        cellId: 294,
        direction: 1 },
     name: 'Nanozo',
     humanoidInfo: 
      { _type: 'HumanInformations',
        restrictions: [Object],
        sex: false,
        options: [] },
     accountId: 114479701,
     alignmentInfos: 
      { _type: 'ActorAlignmentInformations',
        alignmentSide: 0,
        alignmentValue: 0,
        alignmentGrade: 0,
        characterPower: 504979 } },
  _isInitialized: true }
{ _messageType: 'UpdateMapPlayersAgressableStatusMessage',
  playerIds: [ 504976 ],
  enable: [ 0 ],
  _isInitialized: true }
{ _messageType: 'GameContextRemoveElementMessage',
  id: 504986,
  _isInitialized: true }
{ _messageType: 'GameMapMovementMessage',
  keyMovements: [ 75, 17 ],
  actorId: -5,
  _isInitialized: true }
{ _messageType: 'GameContextRefreshEntityLookMessage',
  id: 504594,
  look: 
   { _type: 'EntityLook',
     bonesId: 1,
     skins: [ 1663, 2237, 460, 461, 462 ],
     indexedColors: [ 33477010, 50065855, 53749530, 83486623, 95128144 ],
     scales: [ 160 ],
     subentities: [] },
  _isInitialized: true }
{ _messageType: 'GameMapMovementMessage',
  keyMovements: [ 389, 390, 391 ],
  actorId: 504594,
  _isInitialized: true }
{ _messageType: 'GameContextRemoveElementMessage',
  id: 504594,
  _isInitialized: true }
{ _messageType: 'MapFightCountMessage',
  fightCount: 0,
  _isInitialized: true }
{ _messageType: 'GameRolePlayShowActorMessage',
  informations: 
   { _type: 'GameRolePlayCharacterInformations',
     contextualId: 441562,
     look: 
      { _type: 'EntityLook',
        bonesId: 639,
        skins: [],
        indexedColors: [Object],
        scales: [Object],
        subentities: [Object] },
     disposition: 
      { _type: 'EntityDispositionInformations',
        cellId: 94,
        direction: 1 },
     name: 'Triana',
     humanoidInfo: 
      { _type: 'HumanInformations',
        restrictions: [Object],
        sex: true,
        options: [] },
     accountId: 113351879,
     alignmentInfos: 
      { _type: 'ActorAlignmentInformations',
        alignmentSide: 1,
        alignmentValue: 4,
        alignmentGrade: 0,
        characterPower: 441646 } },
  _isInitialized: true }
{ _messageType: 'GameMapMovementMessage',
  keyMovements: 
   [ 294,
     309,
     310,
     311,
     312,
     313,
     314,
     315,
     316,
     317,
     318,
     304,
     305,
     292,
     278,
     279 ],
  actorId: 504976,
  _isInitialized: true }
{ _messageType: 'GameMapMovementMessage',
  keyMovements: 
   [ 94,
     122,
     150,
     178,
     191,
     219,
     247,
     261,
     260,
     245,
     231,
     216,
     202,
     187,
     186,
     185,
     184,
     170,
     155,
     141,
     126,
     112 ],
  actorId: 441562,
  _isInitialized: true }
{ _messageType: 'GameContextRemoveElementMessage',
  id: 504976,
  _isInitialized: true }
{ _messageType: 'GameContextRemoveElementMessage',
  id: 441562,
  _isInitialized: true }
{ _messageType: 'GameRolePlayShowActorMessage',
  informations: 
   { _type: 'GameRolePlayCharacterInformations',
     contextualId: 504986,
     look: 
      { _type: 'EntityLook',
        bonesId: 1,
        skins: [Object],
        indexedColors: [Object],
        scales: [Object],
        subentities: [] },
     disposition: 
      { _type: 'EntityDispositionInformations',
        cellId: 125,
        direction: 6 },
     name: 'Sangrera-Ordinaria',
     humanoidInfo: 
      { _type: 'HumanInformations',
        restrictions: [Object],
        sex: true,
        options: [] },
     accountId: 114479826,
     alignmentInfos: 
      { _type: 'ActorAlignmentInformations',
        alignmentSide: 0,
        alignmentValue: 0,
        alignmentGrade: 0,
        characterPower: 504989 } },
  _isInitialized: true }
{ _messageType: 'UpdateMapPlayersAgressableStatusMessage',
  playerIds: [ 504986 ],
  enable: [ 0 ],
  _isInitialized: true }
{ _messageType: 'GameMapMovementMessage',
  keyMovements: [ 281, 227 ],
  actorId: -4,
  _isInitialized: true }
{ _messageType: 'GameMapMovementMessage',
  keyMovements: 
   [ 125,
     138,
     152,
     165,
     179,
     192,
     206,
     219,
     247,
     261,
     260,
     259,
     258,
     257,
     256,
     255,
     254,
     267,
     281,
     280 ],
  actorId: 504986,
  _isInitialized: true }
{ _messageType: 'GameContextRemoveElementMessage',
  id: 504986,
  _isInitialized: true }
{ _messageType: 'GameMapMovementMessage',
  keyMovements: [ 17, 58 ],
  actorId: -5,
  _isInitialized: true }
{ _messageType: 'GameMapMovementMessage',
  keyMovements: [ 227, 281 ],
  actorId: -4,
  _isInitialized: true }
{ _messageType: 'SequenceNumberRequestMessage' }
'packet-send'
{ _messageType: 'BasicLatencyStatsRequestMessage' }
'packet-send'
{ _messageType: 'BasicAckMessage',
  seq: 12,
  lastPacketId: 6317,
  _isInitialized: true }
{ _messageType: 'BasicNoOperationMessage' }
{ _messageType: 'BasicAckMessage',
  seq: 13,
  lastPacketId: 5663,
  _isInitialized: true }
{ _messageType: 'BasicNoOperationMessage' }
{ _messageType: 'GameMapMovementMessage',
  keyMovements: [ 58, 0 ],
  actorId: -5,
  _isInitialized: true }
{ _messageType: 'GameRolePlayShowActorMessage',
  informations: 
   { _type: 'GameRolePlayCharacterInformations',
     contextualId: 504930,
     look: 
      { _type: 'EntityLook',
        bonesId: 1,
        skins: [Object],
        indexedColors: [Object],
        scales: [Object],
        subentities: [] },
     disposition: 
      { _type: 'EntityDispositionInformations',
        cellId: 350,
        direction: 0 },
     name: 'Hirimgran',
     humanoidInfo: 
      { _type: 'HumanInformations',
        restrictions: [Object],
        sex: true,
        options: [] },
     accountId: 114479150,
     alignmentInfos: 
      { _type: 'ActorAlignmentInformations',
        alignmentSide: 0,
        alignmentValue: 0,
        alignmentGrade: 0,
        characterPower: 504934 } },
  _isInitialized: true }
{ _messageType: 'UpdateMapPlayersAgressableStatusMessage',
  playerIds: [ 504930 ],
  enable: [ 0 ],
  _isInitialized: true }
{ _messageType: 'GameRolePlayShowActorMessage',
  informations: 
   { _type: 'GameRolePlayGroupMonsterInformations',
     contextualId: -6,
     look: 
      { _type: 'EntityLook',
        bonesId: 567,
        skins: [],
        indexedColors: [],
        scales: [],
        subentities: [] },
     disposition: 
      { _type: 'EntityDispositionInformations',
        cellId: 66,
        direction: 3 },
     staticInfos: 
      { _type: 'GroupMonsterStaticInformations',
        mainCreatureLightInfos: [Object],
        underlings: [] },
     ageBonus: 0,
     lootShare: -1,
     alignmentSide: -1,
     keyRingBonus: false,
     hasHardcoreDrop: false },
  _isInitialized: true }
{ _messageType: 'GameMapMovementMessage',
  keyMovements: [ 281, 295 ],
  actorId: -4,
  _isInitialized: true }
{ _messageType: 'GameRolePlayShowActorMessage',
  informations: 
   { _type: 'GameRolePlayCharacterInformations',
     contextualId: 504913,
     look: 
      { _type: 'EntityLook',
        bonesId: 1,
        skins: [Object],
        indexedColors: [Object],
        scales: [Object],
        subentities: [] },
     disposition: 
      { _type: 'EntityDispositionInformations',
        cellId: 462,
        direction: 1 },
     name: 'Trhesh',
     humanoidInfo: 
      { _type: 'HumanInformations',
        restrictions: [Object],
        sex: false,
        options: [] },
     accountId: 65288658,
     alignmentInfos: 
      { _type: 'ActorAlignmentInformations',
        alignmentSide: 0,
        alignmentValue: 0,
        alignmentGrade: 0,
        characterPower: 504921 } },
  _isInitialized: true }
{ _messageType: 'UpdateMapPlayersAgressableStatusMessage',
  playerIds: [ 504913 ],
  enable: [ 0 ],
  _isInitialized: true }
{ _messageType: 'GameMapMovementMessage',
  keyMovements: 
   [ 462,
     449,
     435,
     422,
     423,
     424,
     425,
     426,
     427,
     428,
     429,
     430,
     444,
     445,
     460,
     474,
     475 ],
  actorId: 504913,
  _isInitialized: true }
{ _messageType: 'GameMapMovementMessage',
  keyMovements: [ 350, 351, 366, 367, 368, 369, 383, 384, 399, 413, 414 ],
  actorId: 504930,
  _isInitialized: true }
{ _messageType: 'GameMapMovementMessage',
  keyMovements: [ 422 ],
  actorId: 504913,
  _isInitialized: true }
{ _messageType: 'GameMapMovementMessage',
  keyMovements: [ 422, 423, 424, 425, 426, 427, 428, 429, 430, 444, 445, 460, 461, 475 ],
  actorId: 504913,
  _isInitialized: true }
{ _messageType: 'GameMapMovementMessage',
  keyMovements: [ 369 ],
  actorId: 504930,
  _isInitialized: true }
{ _messageType: 'GameMapMovementMessage',
  keyMovements: [ 369, 370, 371, 372, 373, 374, 375 ],
  actorId: 504930,
  _isInitialized: true }
{ _messageType: 'GameMapMovementMessage',
  keyMovements: [ 371 ],
  actorId: 504930,
  _isInitialized: true }
{ _messageType: 'GameMapMovementMessage',
  keyMovements: [ 371, 372, 386, 387, 388, 389, 390 ],
  actorId: 504930,
  _isInitialized: true }
{ _messageType: 'GameContextRemoveElementMessage',
  id: 504913,
  _isInitialized: true }
{ _messageType: 'GameMapMovementMessage',
  keyMovements: [ 0, 14 ],
  actorId: -5,
  _isInitialized: true }
{ _messageType: 'GameMapMovementMessage',
  keyMovements: [ 390, 391 ],
  actorId: 504930,
  _isInitialized: true }
{ _messageType: 'GameContextRemoveElementMessage',
  id: 504930,
  _isInitialized: true }
{ _messageType: 'GameRolePlayShowActorMessage',
  informations: 
   { _type: 'GameRolePlayCharacterInformations',
     contextualId: 504976,
     look: 
      { _type: 'EntityLook',
        bonesId: 1,
        skins: [Object],
        indexedColors: [Object],
        scales: [Object],
        subentities: [] },
     disposition: 
      { _type: 'EntityDispositionInformations',
        cellId: 237,
        direction: 6 },
     name: 'Nanozo',
     humanoidInfo: 
      { _type: 'HumanInformations',
        restrictions: [Object],
        sex: false,
        options: [] },
     accountId: 114479701,
     alignmentInfos: 
      { _type: 'ActorAlignmentInformations',
        alignmentSide: 0,
        alignmentValue: 0,
        alignmentGrade: 0,
        characterPower: 504979 } },
  _isInitialized: true }
{ _messageType: 'UpdateMapPlayersAgressableStatusMessage',
  playerIds: [ 504976 ],
  enable: [ 0 ],
  _isInitialized: true }
{ _messageType: 'GameMapMovementMessage',
  keyMovements: [ 66, 12 ],
  actorId: -6,
  _isInitialized: true }
{ _messageType: 'GameMapMovementMessage',
  keyMovements: 
   [ 237,
     222,
     208,
     207,
     220,
     234,
     247,
     261,
     260,
     259,
     258,
     257,
     242,
     228,
     227,
     226,
     211,
     197,
     196 ],
  actorId: 504976,
  _isInitialized: true }
{ _messageType: 'GameRolePlayShowActorMessage',
  informations: 
   { _type: 'GameRolePlayCharacterInformations',
     contextualId: 503761,
     look: 
      { _type: 'EntityLook',
        bonesId: 1,
        skins: [Object],
        indexedColors: [Object],
        scales: [Object],
        subentities: [] },
     disposition: 
      { _type: 'EntityDispositionInformations',
        cellId: 406,
        direction: 0 },
     name: 'Epm',
     humanoidInfo: 
      { _type: 'HumanInformations',
        restrictions: [Object],
        sex: false,
        options: [] },
     accountId: 114454287,
     alignmentInfos: 
      { _type: 'ActorAlignmentInformations',
        alignmentSide: 0,
        alignmentValue: 0,
        alignmentGrade: 0,
        characterPower: 503766 } },
  _isInitialized: true }
{ _messageType: 'UpdateMapPlayersAgressableStatusMessage',
  playerIds: [ 503761 ],
  enable: [ 0 ],
  _isInitialized: true }
{ _messageType: 'GameContextRemoveElementMessage',
  id: 504976,
  _isInitialized: true }
