'Message sent :'
'connecting'
{ appVersion: '1.9.27',
  buildVersion: '0.60.0',
  client: 'android',
  language: 'en',
  server: 'login' }
'Packet Received : '
{ _messageType: 'ProtocolRequired',
  requiredVersion: 1534,
  currentVersion: 1547,
  _isInitialized: true }
'Packet Received : '
{ _messageType: 'HelloConnectMessage',
  salt: 'izcqa0w1nf\\+tK;ReZB?c[_REICFBE(&',
  key: 
   [ 50,
     30,
     104,
     -120,
     81,
     -87,
     -118,
     -52,
     121,
     -127,
     -36,
     7,
     113,
     42,
     8,
     40,
     -92,
     33,
     -5,
     -10,
     26,
     -115,
     -123,
     -116,
     32,
     -63,
     -119,
     97,
     -32,
     116,
     -86,
     34,
     -89,
     87,
     -42,
     111,
     -38,
     -117,
     85,
     22,
     -121,
     -94,
     -5,
     85,
     9,
     -58,
     71,
     25,
     -98,
     -70,
     95,
     105,
     50,
     83,
     -121,
     122,
     -11,
     -107,
     36,
     86,
     -113,
     -98,
     -35,
     -75,
     8,
     120,
     -40,
     8,
     0,
     101,
     -110,
     -38,
     106,
     117,
     -12,
     -50,
     -81,
     69,
     -36,
     -14,
     62,
     -24,
     -17,
     -5,
     69,
     -58,
     26,
     18,
     43,
     -45,
     42,
     15,
     -102,
     -28,
     -46,
     -20,
     -51,
     94,
     -16,
     7,
     ... 205 more items ],
  _isInitialized: true }
'Message sent :'
'checkAssetsVersion'
{ assetsVersion: '2.15.15', staticDataVersion: '25' }
'Packet Received : '
{ assetsVersion: null,
  staticDataVersion: null,
  _messageType: 'assetsVersionChecked' }
'Message sent :'
'login'
{ username: 'zahidsacri',
  token: 'ccf824540a05ae7cde32d418fbbcab20',
  salt: 'izcqa0w1nf\\+tK;ReZB?c[_REICFBE(&',
  key: 
   [ 50,
     30,
     104,
     -120,
     81,
     -87,
     -118,
     -52,
     121,
     -127,
     -36,
     7,
     113,
     42,
     8,
     40,
     -92,
     33,
     -5,
     -10,
     26,
     -115,
     -123,
     -116,
     32,
     -63,
     -119,
     97,
     -32,
     116,
     -86,
     34,
     -89,
     87,
     -42,
     111,
     -38,
     -117,
     85,
     22,
     -121,
     -94,
     -5,
     85,
     9,
     -58,
     71,
     25,
     -98,
     -70,
     95,
     105,
     50,
     83,
     -121,
     122,
     -11,
     -107,
     36,
     86,
     -113,
     -98,
     -35,
     -75,
     8,
     120,
     -40,
     8,
     0,
     101,
     -110,
     -38,
     106,
     117,
     -12,
     -50,
     -81,
     69,
     -36,
     -14,
     62,
     -24,
     -17,
     -5,
     69,
     -58,
     26,
     18,
     43,
     -45,
     42,
     15,
     -102,
     -28,
     -46,
     -20,
     -51,
     94,
     -16,
     7,
     ... 205 more items ] }
'Packet Received : '
{ _messageType: 'CredentialsAcknowledgementMessage' }
'Packet Received : '
{ _messageType: 'LoginQueueStatusMessage',
  position: 1,
  total: 2,
  _isInitialized: true }
'Packet Received : '
{ _messageType: 'LoginQueueStatusMessage',
  position: 0,
  total: 1,
  _isInitialized: true }
'Packet Received : '
{ _messageType: 'IdentificationSuccessMessage',
  login: '1465968706065667602',
  nickname: 'XxXVikingsXxX',
  accountId: 112984462,
  communityId: 0,
  hasRights: false,
  secretQuestion: '',
  subscriptionEndDate: 0,
  wasAlreadyConnected: false,
  accountCreation: 1482954291000,
  _isInitialized: true }
'Packet Received : '
{ _messageType: 'ServersListMessage',
  servers: 
   [ { _type: 'GameServerInformations',
       id: 405,
       status: 3,
       completion: 0,
       isSelectable: true,
       charactersCount: 0,
       date: 0,
       _name: 'Herdegrize',
       _gameTypeId: 0 },
     { _type: 'GameServerInformations',
       id: 407,
       status: 3,
       completion: 0,
       isSelectable: false,
       charactersCount: 0,
       date: 0,
       _name: 'Brutas',
       _gameTypeId: 0 },
     { _type: 'GameServerInformations',
       id: 404,
       status: 3,
       completion: 0,
       isSelectable: true,
       charactersCount: 0,
       date: 0,
       _name: 'Terra Cogita',
       _gameTypeId: 0 },
     { _type: 'GameServerInformations',
       id: 401,
       status: 3,
       completion: 0,
       isSelectable: true,
       charactersCount: 0,
       date: 0,
       _name: 'Grandapan',
       _gameTypeId: 0 },
     { _type: 'GameServerInformations',
       id: 406,
       status: 3,
       completion: 0,
       isSelectable: true,
       charactersCount: 0,
       date: 0,
       _name: 'Dodge',
       _gameTypeId: 0 },
     { _type: 'GameServerInformations',
       id: 403,
       status: 3,
       completion: 0,
       isSelectable: true,
       charactersCount: 1,
       date: 1487511817040,
       _name: 'Oshimo',
       _gameTypeId: 0 } ],
  _isInitialized: true }
'Message sent :'
'sendMessage'
{ type: 'ServerSelectionMessage', data: { serverId: 403 } }
'Packet Received : '
{ _messageType: 'SelectedServerDataMessage',
  serverId: 403,
  address: '172.31.17.136',
  port: 5555,
  canCreateNewCharacter: true,
  ticket: '087eadc12c45d7e7bc3a2696ebddcbab',
  _isInitialized: true,
  _access: 'https://oshimogameproxy.touch.dofus.com' }
'Message sent :'
'disconnecting'
'SWITCHING_TO_GAME'
'Message sent :'
'connecting'
{ appVersion: '1.9.27',
  buildVersion: '0.60.0',
  client: 'android',
  language: 'en',
  server: { address: '172.31.17.136', port: 5555, id: 403 } }
'Packet Received : '
{ _messageType: 'ProtocolRequired',
  requiredVersion: 1547,
  currentVersion: 1547,
  _isInitialized: true }
'Packet Received : '
{ _messageType: 'HelloGameMessage' }
'Message sent :'
'sendMessage'
{ type: 'AuthenticationTicketMessage',
  data: { ticket: '087eadc12c45d7e7bc3a2696ebddcbab', lang: 'en' } }
'Packet Received : '
{ _messageType: 'BasicAckMessage',
  seq: 0,
  lastPacketId: 110,
  _isInitialized: true }
'Packet Received : '
{ _messageType: 'AuthenticationTicketRefusedMessage' }
'Packet Received : '
{ _messageType: 'SystemMessageDisplayMessage',
  hangUp: true,
  msgId: 30,
  parameters: [],
  _isInitialized: true,
  text: 'Login denied. \nYou could not be authenticated on this server because your log in attempt timed out.\nMake sure you stop all downloads and streaming videos or music to improve your connection speed.',
  title: 'Caution' }
'Packet Received : '
{ _messageType: 'BasicNoOperationMessage' }
'Packet Received : '
{ _messageType: 'serverDisconnecting', reason: 'SERVER_GONE' }
