'Message sent :'
'connecting'
{ appVersion: '1.9.27',
  buildVersion: '0.60.0',
  client: 'android',
  language: 'en',
  server: 'login' }
'Packet Received : '
{ _messageType: 'ProtocolRequired',
  requiredVersion: 1534,
  currentVersion: 1547,
  _isInitialized: true }
'Packet Received : '
{ _messageType: 'HelloConnectMessage',
  salt: 'izctjc8uDl!pswowM#\\4YT(<z8;.)WP/',
  key: 
   [ 63,
     121,
     -53,
     50,
     8,
     -60,
     -106,
     91,
     97,
     -83,
     -60,
     120,
     1,
     113,
     2,
     -109,
     -50,
     15,
     -42,
     41,
     51,
     4,
     58,
     8,
     -41,
     86,
     43,
     -94,
     -21,
     -2,
     -45,
     -44,
     12,
     -15,
     124,
     34,
     97,
     -63,
     112,
     -124,
     3,
     -124,
     18,
     81,
     36,
     118,
     -83,
     20,
     36,
     122,
     -7,
     92,
     -111,
     -37,
     122,
     83,
     63,
     -99,
     -14,
     -85,
     -47,
     19,
     81,
     -54,
     -14,
     -108,
     71,
     38,
     3,
     -95,
     84,
     -117,
     80,
     118,
     -64,
     2,
     34,
     -40,
     -94,
     16,
     -76,
     -1,
     -88,
     -39,
     14,
     -57,
     101,
     -88,
     -65,
     -86,
     113,
     122,
     65,
     -78,
     116,
     -75,
     -11,
     104,
     -18,
     35,
     ... 205 more items ],
  _isInitialized: true }
'Message sent :'
'checkAssetsVersion'
{ assetsVersion: '2.15.15', staticDataVersion: '25' }
'Packet Received : '
{ assetsVersion: null,
  staticDataVersion: null,
  _messageType: 'assetsVersionChecked' }
'Message sent :'
'login'
{ username: 'zahidsacri',
  token: 'c9a4cec7ede6a5f17ebcdad30aa74d97',
  salt: 'izctjc8uDl!pswowM#\\4YT(<z8;.)WP/',
  key: 
   [ 63,
     121,
     -53,
     50,
     8,
     -60,
     -106,
     91,
     97,
     -83,
     -60,
     120,
     1,
     113,
     2,
     -109,
     -50,
     15,
     -42,
     41,
     51,
     4,
     58,
     8,
     -41,
     86,
     43,
     -94,
     -21,
     -2,
     -45,
     -44,
     12,
     -15,
     124,
     34,
     97,
     -63,
     112,
     -124,
     3,
     -124,
     18,
     81,
     36,
     118,
     -83,
     20,
     36,
     122,
     -7,
     92,
     -111,
     -37,
     122,
     83,
     63,
     -99,
     -14,
     -85,
     -47,
     19,
     81,
     -54,
     -14,
     -108,
     71,
     38,
     3,
     -95,
     84,
     -117,
     80,
     118,
     -64,
     2,
     34,
     -40,
     -94,
     16,
     -76,
     -1,
     -88,
     -39,
     14,
     -57,
     101,
     -88,
     -65,
     -86,
     113,
     122,
     65,
     -78,
     116,
     -75,
     -11,
     104,
     -18,
     35,
     ... 205 more items ] }
'Packet Received : '
{ _messageType: 'CredentialsAcknowledgementMessage' }
'Packet Received : '
{ _messageType: 'IdentificationSuccessMessage',
  login: '1465968706066058424',
  nickname: 'XxXVikingsXxX',
  accountId: 112984462,
  communityId: 0,
  hasRights: false,
  secretQuestion: '',
  subscriptionEndDate: 0,
  wasAlreadyConnected: true,
  accountCreation: 1482954291000,
  _isInitialized: true }
'Packet Received : '
{ _messageType: 'ServersListMessage',
  servers: 
   [ { _type: 'GameServerInformations',
       id: 405,
       status: 3,
       completion: 0,
       isSelectable: true,
       charactersCount: 0,
       date: 0,
       _name: 'Herdegrize',
       _gameTypeId: 0 },
     { _type: 'GameServerInformations',
       id: 407,
       status: 3,
       completion: 0,
       isSelectable: false,
       charactersCount: 0,
       date: 0,
       _name: 'Brutas',
       _gameTypeId: 0 },
     { _type: 'GameServerInformations',
       id: 404,
       status: 3,
       completion: 0,
       isSelectable: true,
       charactersCount: 0,
       date: 0,
       _name: 'Terra Cogita',
       _gameTypeId: 0 },
     { _type: 'GameServerInformations',
       id: 401,
       status: 3,
       completion: 0,
       isSelectable: true,
       charactersCount: 0,
       date: 0,
       _name: 'Grandapan',
       _gameTypeId: 0 },
     { _type: 'GameServerInformations',
       id: 406,
       status: 3,
       completion: 0,
       isSelectable: true,
       charactersCount: 0,
       date: 0,
       _name: 'Dodge',
       _gameTypeId: 0 },
     { _type: 'GameServerInformations',
       id: 403,
       status: 3,
       completion: 0,
       isSelectable: true,
       charactersCount: 1,
       date: 1487517493279,
       _name: 'Oshimo',
       _gameTypeId: 0 } ],
  _isInitialized: true }
'Message sent :'
'sendMessage'
{ type: 'ServerSelectionMessage', data: { serverId: 403 } }
'Packet Received : '
{ _messageType: 'SelectedServerDataMessage',
  serverId: 403,
  address: '172.31.17.136',
  port: 5555,
  canCreateNewCharacter: true,
  ticket: '68d13b73705f0b67aa9e0c9cec3b6b2e',
  _isInitialized: true,
  _access: 'https://oshimogameproxy.touch.dofus.com' }
'Message sent :'
'disconnecting'
'SWITCHING_TO_GAME'
'Message sent :'
'connecting'
{ appVersion: '1.9.27',
  buildVersion: '0.60.0',
  client: 'android',
  language: 'en',
  server: { address: '172.31.17.136', port: 5555, id: 403 } }
'Packet Received : '
{ _messageType: 'ProtocolRequired',
  requiredVersion: 1547,
  currentVersion: 1547,
  _isInitialized: true }
'Packet Received : '
{ _messageType: 'HelloGameMessage' }
'Message sent :'
'sendMessage'
{ type: 'AuthenticationTicketMessage',
  data: { ticket: '68d13b73705f0b67aa9e0c9cec3b6b2e', lang: 'en' } }
