'Message sent :'
'connecting'
{ appVersion: '1.9.27',
  buildVersion: '0.60.0',
  client: 'android',
  language: 'en',
  server: 'login' }
'Packet Received : '
{ _messageType: 'ProtocolRequired',
  requiredVersion: 1534,
  currentVersion: 1547,
  _isInitialized: true }
'Packet Received : '
{ _messageType: 'HelloConnectMessage',
  salt: 'izcoea8bUi*^;I{Lz/%RTiKCAPFF"l\'#',
  key: 
   [ -113,
     -126,
     -11,
     73,
     93,
     -34,
     102,
     8,
     -101,
     67,
     -58,
     -35,
     9,
     -19,
     -15,
     -118,
     19,
     -36,
     22,
     28,
     124,
     -111,
     -106,
     42,
     3,
     -110,
     118,
     -19,
     88,
     -49,
     89,
     69,
     28,
     -77,
     -127,
     -98,
     112,
     -23,
     -120,
     -10,
     123,
     -37,
     122,
     86,
     -91,
     -43,
     119,
     45,
     -117,
     -47,
     -16,
     -124,
     78,
     -57,
     4,
     117,
     92,
     43,
     -19,
     18,
     54,
     50,
     118,
     34,
     -31,
     41,
     -24,
     -103,
     56,
     -43,
     119,
     64,
     -52,
     98,
     122,
     20,
     -5,
     -53,
     -114,
     53,
     -38,
     0,
     -72,
     -80,
     -15,
     -94,
     8,
     -87,
     51,
     23,
     10,
     71,
     -113,
     -89,
     -111,
     89,
     59,
     -26,
     -119,
     -7,
     ... 205 more items ],
  _isInitialized: true }
'Message sent :'
'checkAssetsVersion'
{ assetsVersion: '2.15.15', staticDataVersion: '25' }
'Packet Received : '
{ assetsVersion: null,
  staticDataVersion: null,
  _messageType: 'assetsVersionChecked' }
'Message sent :'
'login'
{ username: 'zahidsacri',
  token: '78c59faf474163a4b70db0bed8d046cf',
  salt: 'izcoea8bUi*^;I{Lz/%RTiKCAPFF"l\'#',
  key: 
   [ -113,
     -126,
     -11,
     73,
     93,
     -34,
     102,
     8,
     -101,
     67,
     -58,
     -35,
     9,
     -19,
     -15,
     -118,
     19,
     -36,
     22,
     28,
     124,
     -111,
     -106,
     42,
     3,
     -110,
     118,
     -19,
     88,
     -49,
     89,
     69,
     28,
     -77,
     -127,
     -98,
     112,
     -23,
     -120,
     -10,
     123,
     -37,
     122,
     86,
     -91,
     -43,
     119,
     45,
     -117,
     -47,
     -16,
     -124,
     78,
     -57,
     4,
     117,
     92,
     43,
     -19,
     18,
     54,
     50,
     118,
     34,
     -31,
     41,
     -24,
     -103,
     56,
     -43,
     119,
     64,
     -52,
     98,
     122,
     20,
     -5,
     -53,
     -114,
     53,
     -38,
     0,
     -72,
     -80,
     -15,
     -94,
     8,
     -87,
     51,
     23,
     10,
     71,
     -113,
     -89,
     -111,
     89,
     59,
     -26,
     -119,
     -7,
     ... 205 more items ] }
'Packet Received : '
{ _messageType: 'LoginQueueStatusMessage',
  position: 3,
  total: 3,
  _isInitialized: true }
'Packet Received : '
{ _messageType: 'CredentialsAcknowledgementMessage' }
'Packet Received : '
{ _messageType: 'LoginQueueStatusMessage',
  position: 2,
  total: 2,
  _isInitialized: true }
'Packet Received : '
{ _messageType: 'LoginQueueStatusMessage',
  position: 0,
  total: 0,
  _isInitialized: true }
'Packet Received : '
{ _messageType: 'LoginQueueStatusMessage',
  position: 0,
  total: 0,
  _isInitialized: true }
'Packet Received : '
{ _messageType: 'IdentificationSuccessMessage',
  login: '1465968706065470836',
  nickname: 'XxXVikingsXxX',
  accountId: 112984462,
  communityId: 0,
  hasRights: false,
  secretQuestion: '',
  subscriptionEndDate: 0,
  wasAlreadyConnected: true,
  accountCreation: 1482954291000,
  _isInitialized: true }
'Packet Received : '
{ _messageType: 'ServersListMessage',
  servers: 
   [ { _type: 'GameServerInformations',
       id: 405,
       status: 3,
       completion: 0,
       isSelectable: true,
       charactersCount: 0,
       date: 0,
       _name: 'Herdegrize',
       _gameTypeId: 0 },
     { _type: 'GameServerInformations',
       id: 407,
       status: 3,
       completion: 0,
       isSelectable: false,
       charactersCount: 0,
       date: 0,
       _name: 'Brutas',
       _gameTypeId: 0 },
     { _type: 'GameServerInformations',
       id: 404,
       status: 3,
       completion: 0,
       isSelectable: true,
       charactersCount: 0,
       date: 0,
       _name: 'Terra Cogita',
       _gameTypeId: 0 },
     { _type: 'GameServerInformations',
       id: 401,
       status: 3,
       completion: 0,
       isSelectable: true,
       charactersCount: 0,
       date: 0,
       _name: 'Grandapan',
       _gameTypeId: 0 },
     { _type: 'GameServerInformations',
       id: 406,
       status: 3,
       completion: 0,
       isSelectable: true,
       charactersCount: 0,
       date: 0,
       _name: 'Dodge',
       _gameTypeId: 0 },
     { _type: 'GameServerInformations',
       id: 403,
       status: 3,
       completion: 0,
       isSelectable: true,
       charactersCount: 1,
       date: 1487508810462,
       _name: 'Oshimo',
       _gameTypeId: 0 } ],
  _isInitialized: true }
'Message sent :'
'sendMessage'
{ type: 'ServerSelectionMessage', data: { serverId: 403 } }
'Packet Received : '
{ _messageType: 'SelectedServerDataMessage',
  serverId: 403,
  address: '172.31.17.136',
  port: 5555,
  canCreateNewCharacter: true,
  ticket: '04495cf4fc02cff4ddadfbc05a86c033',
  _isInitialized: true,
  _access: 'https://oshimogameproxy.touch.dofus.com' }
'Message sent :'
'disconnecting'
'SWITCHING_TO_GAME'
'Message sent :'
'connecting'
{ appVersion: '1.9.27',
  buildVersion: '0.60.0',
  client: 'android',
  language: 'en',
  server: { address: '172.31.17.136', port: 5555, id: 403 } }
