'packet-send'
{ _messageType: 'ProtocolRequired',
  requiredVersion: 1534,
  currentVersion: 1547,
  _isInitialized: true }
{ _messageType: 'HelloConnectMessage',
  salt: 'izdbzv6n^sT6?C/Eb"7x_*+Weh4k4>(6',
  key: 
   [ 21,
     -84,
     32,
     -114,
     -83,
     122,
     -123,
     -113,
     117,
     -1,
     -19,
     -18,
     -63,
     38,
     3,
     61,
     103,
     21,
     -118,
     -94,
     0,
     88,
     39,
     -46,
     -21,
     57,
     28,
     -104,
     -37,
     8,
     106,
     -82,
     -116,
     -37,
     -118,
     11,
     74,
     29,
     118,
     24,
     -13,
     77,
     124,
     32,
     98,
     -5,
     -10,
     108,
     20,
     -88,
     -87,
     110,
     6,
     -104,
     -24,
     -59,
     -46,
     90,
     -92,
     -100,
     -9,
     15,
     -24,
     44,
     -127,
     -5,
     9,
     -45,
     -77,
     -115,
     -58,
     -39,
     8,
     -10,
     -110,
     52,
     -40,
     80,
     84,
     -40,
     10,
     104,
     -97,
     -120,
     -55,
     -58,
     0,
     -61,
     -126,
     -42,
     11,
     59,
     -111,
     -16,
     11,
     54,
     22,
     -77,
     -18,
     -42,
     ... 205 more items ],
  _isInitialized: true }
'packet-send'
{ assetsVersion: null,
  staticDataVersion: null,
  _messageType: 'assetsVersionChecked' }
'packet-send'
