'Message sent :'
'connecting'
{ appVersion: '1.9.27',
  buildVersion: '0.60.0',
  client: 'android',
  language: 'en',
  server: 'login' }
'Packet Received : '
{ _messageType: 'ProtocolRequired',
  requiredVersion: 1534,
  currentVersion: 1547,
  _isInitialized: true }
'Packet Received : '
{ _messageType: 'HelloConnectMessage',
  salt: 'izcppr5m9g^S8fMdBNvCxz]#SVa3Q>{D',
  key: 
   [ 127,
     50,
     44,
     101,
     -117,
     -23,
     -125,
     -122,
     -56,
     -57,
     24,
     2,
     20,
     -77,
     5,
     51,
     58,
     47,
     122,
     -114,
     -116,
     6,
     -45,
     -122,
     72,
     117,
     93,
     -39,
     47,
     88,
     -45,
     -33,
     -53,
     67,
     -23,
     -95,
     -125,
     -82,
     -71,
     68,
     -75,
     89,
     -59,
     -18,
     -61,
     57,
     58,
     46,
     -3,
     -111,
     126,
     -44,
     66,
     79,
     113,
     -126,
     34,
     25,
     68,
     -92,
     39,
     35,
     -81,
     112,
     -122,
     -113,
     17,
     23,
     40,
     39,
     -43,
     -101,
     52,
     -34,
     -58,
     11,
     -77,
     118,
     73,
     88,
     125,
     -76,
     -84,
     83,
     9,
     13,
     94,
     -104,
     91,
     65,
     -121,
     118,
     44,
     78,
     8,
     27,
     5,
     -5,
     50,
     -4,
     ... 205 more items ],
  _isInitialized: true }
'Message sent :'
'checkAssetsVersion'
{ assetsVersion: '2.15.15', staticDataVersion: '25' }
'Packet Received : '
{ assetsVersion: null,
  staticDataVersion: null,
  _messageType: 'assetsVersionChecked' }
'Message sent :'
'login'
{ username: 'zahidsacri',
  token: '39caf5abb7608373da214cbc093f3d7a',
  salt: 'izcppr5m9g^S8fMdBNvCxz]#SVa3Q>{D',
  key: 
   [ 127,
     50,
     44,
     101,
     -117,
     -23,
     -125,
     -122,
     -56,
     -57,
     24,
     2,
     20,
     -77,
     5,
     51,
     58,
     47,
     122,
     -114,
     -116,
     6,
     -45,
     -122,
     72,
     117,
     93,
     -39,
     47,
     88,
     -45,
     -33,
     -53,
     67,
     -23,
     -95,
     -125,
     -82,
     -71,
     68,
     -75,
     89,
     -59,
     -18,
     -61,
     57,
     58,
     46,
     -3,
     -111,
     126,
     -44,
     66,
     79,
     113,
     -126,
     34,
     25,
     68,
     -92,
     39,
     35,
     -81,
     112,
     -122,
     -113,
     17,
     23,
     40,
     39,
     -43,
     -101,
     52,
     -34,
     -58,
     11,
     -77,
     118,
     73,
     88,
     125,
     -76,
     -84,
     83,
     9,
     13,
     94,
     -104,
     91,
     65,
     -121,
     118,
     44,
     78,
     8,
     27,
     5,
     -5,
     50,
     -4,
     ... 205 more items ] }
'Packet Received : '
{ _messageType: 'LoginQueueStatusMessage',
  position: 3,
  total: 3,
  _isInitialized: true }
'Packet Received : '
{ _messageType: 'CredentialsAcknowledgementMessage' }
'Packet Received : '
{ _messageType: 'LoginQueueStatusMessage',
  position: 0,
  total: 1,
  _isInitialized: true }
'Packet Received : '
{ _messageType: 'IdentificationSuccessMessage',
  login: '1465968706065608550',
  nickname: 'XxXVikingsXxX',
  accountId: 112984462,
  communityId: 0,
  hasRights: false,
  secretQuestion: '',
  subscriptionEndDate: 0,
  wasAlreadyConnected: false,
  accountCreation: 1482954291000,
  _isInitialized: true }
'Packet Received : '
{ _messageType: 'ServersListMessage',
  servers: 
   [ { _type: 'GameServerInformations',
       id: 405,
       status: 3,
       completion: 0,
       isSelectable: true,
       charactersCount: 0,
       date: 0,
       _name: 'Herdegrize',
       _gameTypeId: 0 },
     { _type: 'GameServerInformations',
       id: 407,
       status: 3,
       completion: 0,
       isSelectable: false,
       charactersCount: 0,
       date: 0,
       _name: 'Brutas',
       _gameTypeId: 0 },
     { _type: 'GameServerInformations',
       id: 404,
       status: 3,
       completion: 0,
       isSelectable: true,
       charactersCount: 0,
       date: 0,
       _name: 'Terra Cogita',
       _gameTypeId: 0 },
     { _type: 'GameServerInformations',
       id: 401,
       status: 3,
       completion: 0,
       isSelectable: true,
       charactersCount: 0,
       date: 0,
       _name: 'Grandapan',
       _gameTypeId: 0 },
     { _type: 'GameServerInformations',
       id: 406,
       status: 3,
       completion: 0,
       isSelectable: true,
       charactersCount: 0,
       date: 0,
       _name: 'Dodge',
       _gameTypeId: 0 },
     { _type: 'GameServerInformations',
       id: 403,
       status: 3,
       completion: 0,
       isSelectable: true,
       charactersCount: 1,
       date: 1487511008202,
       _name: 'Oshimo',
       _gameTypeId: 0 } ],
  _isInitialized: true }
'Message sent :'
'sendMessage'
{ type: 'ServerSelectionMessage', data: { serverId: 403 } }
'Packet Received : '
{ _messageType: 'SelectedServerDataMessage',
  serverId: 403,
  address: '172.31.17.136',
  port: 5555,
  canCreateNewCharacter: true,
  ticket: '69265a75288ab954c964ed7c8293d85a',
  _isInitialized: true,
  _access: 'https://oshimogameproxy.touch.dofus.com' }
'Message sent :'
'disconnecting'
'SWITCHING_TO_GAME'
'Message sent :'
'connecting'
{ appVersion: '1.9.27',
  buildVersion: '0.60.0',
  client: 'android',
  language: 'en',
  server: { address: '172.31.17.136', port: 5555, id: 403 } }
'Packet Received : '
{ _messageType: 'ProtocolRequired',
  requiredVersion: 1547,
  currentVersion: 1547,
  _isInitialized: true }
'Packet Received : '
{ _messageType: 'HelloGameMessage' }
'Message sent :'
'sendMessage'
{ type: 'AuthenticationTicketMessage',
  data: { ticket: '69265a75288ab954c964ed7c8293d85a', lang: 'en' } }
'Packet Received : '
{ _messageType: 'BasicAckMessage',
  seq: 0,
  lastPacketId: 110,
  _isInitialized: true }
'Packet Received : '
{ _messageType: 'AuthenticationTicketRefusedMessage' }
'Packet Received : '
{ _messageType: 'SystemMessageDisplayMessage',
  hangUp: true,
  msgId: 30,
  parameters: [],
  _isInitialized: true,
  text: 'Login denied. \nYou could not be authenticated on this server because your log in attempt timed out.\nMake sure you stop all downloads and streaming videos or music to improve your connection speed.',
  title: 'Caution' }
'Packet Received : '
{ _messageType: 'BasicNoOperationMessage' }
'Packet Received : '
{ _messageType: 'serverDisconnecting', reason: 'SERVER_GONE' }
