'packet-send'
{ _messageType: 'ProtocolRequired',
  requiredVersion: 1534,
  currentVersion: 1547,
  _isInitialized: true }
{ _messageType: 'HelloConnectMessage',
  salt: 'izdcqanlEQ;@Ua[gWVxR[~!rOxV@Y,RN',
  key: 
   [ -125,
     85,
     60,
     101,
     117,
     15,
     99,
     -76,
     100,
     -34,
     -90,
     -80,
     -98,
     -51,
     -63,
     22,
     8,
     -126,
     -92,
     -44,
     -32,
     -7,
     45,
     -67,
     80,
     -7,
     71,
     -81,
     -35,
     -6,
     83,
     -15,
     64,
     -77,
     119,
     -63,
     -106,
     -60,
     0,
     90,
     29,
     -66,
     -100,
     62,
     29,
     27,
     29,
     64,
     46,
     -121,
     -73,
     78,
     -72,
     -23,
     -52,
     -84,
     -5,
     92,
     -105,
     127,
     45,
     19,
     80,
     123,
     80,
     -11,
     -22,
     -116,
     10,
     -79,
     -117,
     45,
     -81,
     38,
     -24,
     58,
     76,
     -34,
     83,
     -73,
     118,
     -33,
     62,
     71,
     56,
     126,
     -16,
     52,
     46,
     16,
     -75,
     -43,
     -35,
     -34,
     -31,
     -33,
     84,
     -84,
     35,
     -121,
     ... 205 more items ],
  _isInitialized: true }
'packet-send'
{ assetsVersion: null,
  staticDataVersion: null,
  _messageType: 'assetsVersionChecked' }
'packet-send'
