'Message sent :'
'connecting'
{ appVersion: '1.9.27',
  buildVersion: '0.60.0',
  client: 'android',
  language: 'en',
  server: 'login' }
'Packet Received : '
{ _messageType: 'ProtocolRequired',
  requiredVersion: 1534,
  currentVersion: 1547,
  _isInitialized: true }
'Packet Received : '
{ _messageType: 'HelloConnectMessage',
  salt: 'izcujvd5OhBf|i<83uyCpT7n/p5$;xTr',
  key: 
   [ 114,
     -53,
     -29,
     62,
     -35,
     118,
     58,
     -64,
     109,
     111,
     88,
     16,
     -48,
     122,
     -3,
     53,
     -95,
     11,
     -46,
     -78,
     121,
     118,
     32,
     -85,
     91,
     118,
     -122,
     87,
     34,
     -90,
     29,
     96,
     0,
     24,
     119,
     -65,
     41,
     -71,
     26,
     -98,
     -41,
     63,
     117,
     -109,
     85,
     99,
     3,
     -48,
     123,
     101,
     -53,
     -33,
     98,
     90,
     -64,
     -91,
     -86,
     -101,
     -3,
     -10,
     -16,
     -25,
     -43,
     -103,
     -57,
     -125,
     -8,
     -21,
     -96,
     -22,
     -63,
     26,
     99,
     -66,
     123,
     -59,
     -12,
     38,
     -123,
     -104,
     100,
     -106,
     94,
     83,
     80,
     66,
     34,
     118,
     -91,
     64,
     69,
     68,
     -93,
     26,
     44,
     85,
     -67,
     95,
     50,
     -23,
     ... 205 more items ],
  _isInitialized: true }
'Message sent :'
'checkAssetsVersion'
{ assetsVersion: '2.15.15', staticDataVersion: '25' }
'Packet Received : '
{ assetsVersion: null,
  staticDataVersion: null,
  _messageType: 'assetsVersionChecked' }
'Message sent :'
'login'
{ username: 'zahidsacri',
  token: '2d6d20dc9e8192f43fc71a37c37e55f7',
  salt: 'izcujvd5OhBf|i<83uyCpT7n/p5$;xTr',
  key: 
   [ 114,
     -53,
     -29,
     62,
     -35,
     118,
     58,
     -64,
     109,
     111,
     88,
     16,
     -48,
     122,
     -3,
     53,
     -95,
     11,
     -46,
     -78,
     121,
     118,
     32,
     -85,
     91,
     118,
     -122,
     87,
     34,
     -90,
     29,
     96,
     0,
     24,
     119,
     -65,
     41,
     -71,
     26,
     -98,
     -41,
     63,
     117,
     -109,
     85,
     99,
     3,
     -48,
     123,
     101,
     -53,
     -33,
     98,
     90,
     -64,
     -91,
     -86,
     -101,
     -3,
     -10,
     -16,
     -25,
     -43,
     -103,
     -57,
     -125,
     -8,
     -21,
     -96,
     -22,
     -63,
     26,
     99,
     -66,
     123,
     -59,
     -12,
     38,
     -123,
     -104,
     100,
     -106,
     94,
     83,
     80,
     66,
     34,
     118,
     -91,
     64,
     69,
     68,
     -93,
     26,
     44,
     85,
     -67,
     95,
     50,
     -23,
     ... 205 more items ] }
'Packet Received : '
{ _messageType: 'CredentialsAcknowledgementMessage' }
'Packet Received : '
{ _messageType: 'LoginQueueStatusMessage',
  position: 1,
  total: 2,
  _isInitialized: true }
'Packet Received : '
{ _messageType: 'LoginQueueStatusMessage',
  position: 1,
  total: 3,
  _isInitialized: true }
'Packet Received : '
{ _messageType: 'LoginQueueStatusMessage',
  position: 1,
  total: 4,
  _isInitialized: true }
'Packet Received : '
{ _messageType: 'LoginQueueStatusMessage',
  position: 0,
  total: 3,
  _isInitialized: true }
'Packet Received : '
{ _messageType: 'IdentificationSuccessMessage',
  login: '1465968706066182845',
  nickname: 'XxXVikingsXxX',
  accountId: 112984462,
  communityId: 0,
  hasRights: false,
  secretQuestion: '',
  subscriptionEndDate: 0,
  wasAlreadyConnected: true,
  accountCreation: 1482954291000,
  _isInitialized: true }
'Packet Received : '
{ _messageType: 'ServersListMessage',
  servers: 
   [ { _type: 'GameServerInformations',
       id: 405,
       status: 3,
       completion: 0,
       isSelectable: true,
       charactersCount: 0,
       date: 0,
       _name: 'Herdegrize',
       _gameTypeId: 0 },
     { _type: 'GameServerInformations',
       id: 407,
       status: 3,
       completion: 0,
       isSelectable: false,
       charactersCount: 0,
       date: 0,
       _name: 'Brutas',
       _gameTypeId: 0 },
     { _type: 'GameServerInformations',
       id: 404,
       status: 3,
       completion: 0,
       isSelectable: true,
       charactersCount: 0,
       date: 0,
       _name: 'Terra Cogita',
       _gameTypeId: 0 },
     { _type: 'GameServerInformations',
       id: 401,
       status: 3,
       completion: 0,
       isSelectable: true,
       charactersCount: 0,
       date: 0,
       _name: 'Grandapan',
       _gameTypeId: 0 },
     { _type: 'GameServerInformations',
       id: 406,
       status: 3,
       completion: 0,
       isSelectable: true,
       charactersCount: 0,
       date: 0,
       _name: 'Dodge',
       _gameTypeId: 0 },
     { _type: 'GameServerInformations',
       id: 403,
       status: 3,
       completion: 0,
       isSelectable: true,
       charactersCount: 1,
       date: 1487518573869,
       _name: 'Oshimo',
       _gameTypeId: 0 } ],
  _isInitialized: true }
'Message sent :'
'sendMessage'
{ type: 'ServerSelectionMessage', data: { serverId: 403 } }
'Packet Received : '
{ _messageType: 'SelectedServerDataMessage',
  serverId: 403,
  address: '172.31.17.136',
  port: 5555,
  canCreateNewCharacter: true,
  ticket: '5a07f5e5fecc9a98452337c7e7f6964f',
  _isInitialized: true,
  _access: 'https://oshimogameproxy.touch.dofus.com' }
'Message sent :'
'disconnecting'
'SWITCHING_TO_GAME'
'Message sent :'
'connecting'
{ appVersion: '1.9.27',
  buildVersion: '0.60.0',
  client: 'android',
  language: 'en',
  server: { address: '172.31.17.136', port: 5555, id: 403 } }
'Packet Received : '
{ _messageType: 'ProtocolRequired',
  requiredVersion: 1547,
  currentVersion: 1547,
  _isInitialized: true }
'Packet Received : '
{ _messageType: 'HelloGameMessage' }
'Message sent :'
'sendMessage'
{ type: 'AuthenticationTicketMessage',
  data: { ticket: '5a07f5e5fecc9a98452337c7e7f6964f', lang: 'en' } }
'Packet Received : '
{ _messageType: 'BasicAckMessage',
  seq: 432,
  lastPacketId: 110,
  _isInitialized: true }
