'packet-send'
{ _messageType: 'ProtocolRequired',
  requiredVersion: 1534,
  currentVersion: 1547,
  _isInitialized: true }
{ _messageType: 'HelloConnectMessage',
  salt: 'izdakcfsD%?fXqs{}41z&ui*c!$np\\M]',
  key: 
   [ 80,
     -49,
     -86,
     118,
     -13,
     -25,
     -33,
     -27,
     -112,
     -6,
     59,
     -127,
     54,
     60,
     -79,
     -100,
     -12,
     95,
     -85,
     -13,
     26,
     63,
     65,
     -77,
     57,
     -115,
     112,
     107,
     -38,
     91,
     -13,
     -28,
     40,
     8,
     111,
     24,
     63,
     66,
     -104,
     -70,
     -115,
     -53,
     -8,
     59,
     -99,
     -12,
     -110,
     -54,
     -43,
     -122,
     -25,
     -55,
     -46,
     13,
     82,
     46,
     -8,
     -17,
     12,
     -87,
     -6,
     103,
     -97,
     -81,
     111,
     81,
     -22,
     -81,
     -10,
     125,
     116,
     -74,
     3,
     3,
     -100,
     13,
     100,
     -20,
     72,
     -108,
     -3,
     -54,
     -104,
     1,
     79,
     -118,
     92,
     88,
     -38,
     39,
     3,
     -110,
     73,
     -68,
     -43,
     109,
     27,
     -103,
     49,
     -111,
     ... 205 more items ],
  _isInitialized: true }
'packet-send'
{ assetsVersion: null,
  staticDataVersion: null,
  _messageType: 'assetsVersionChecked' }
'packet-send'
