'Message sent :'
'connecting'
{ appVersion: '1.9.27',
  buildVersion: '0.60.0',
  client: 'android',
  language: 'en',
  server: 'login' }
'Packet Received : '
{ _messageType: 'ProtocolRequired',
  requiredVersion: 1534,
  currentVersion: 1547,
  _isInitialized: true }
'Packet Received : '
{ _messageType: 'HelloConnectMessage',
  salt: 'izbrtrsfI,yL(7.Yh,;WJZ8X>4oitdQX',
  key: 
   [ 116,
     -17,
     3,
     70,
     -63,
     83,
     -69,
     -94,
     2,
     63,
     -58,
     87,
     101,
     -128,
     -82,
     21,
     21,
     -34,
     121,
     123,
     65,
     124,
     -117,
     -38,
     -112,
     10,
     -101,
     -34,
     71,
     -47,
     66,
     35,
     -112,
     93,
     -88,
     33,
     -10,
     94,
     83,
     -71,
     41,
     -4,
     107,
     95,
     27,
     -83,
     49,
     112,
     94,
     122,
     -67,
     0,
     34,
     -89,
     70,
     69,
     -85,
     80,
     -60,
     -114,
     6,
     88,
     -105,
     -77,
     11,
     22,
     -24,
     -66,
     -53,
     66,
     -55,
     -46,
     41,
     -51,
     117,
     -20,
     -4,
     -33,
     -24,
     79,
     65,
     -5,
     119,
     122,
     41,
     102,
     -74,
     -102,
     -122,
     2,
     -77,
     -95,
     -123,
     -21,
     -37,
     63,
     53,
     103,
     -20,
     3,
     ... 205 more items ],
  _isInitialized: true }
'Message sent :'
'checkAssetsVersion'
{ assetsVersion: '2.15.15', staticDataVersion: '25' }
'Packet Received : '
{ assetsVersion: null,
  staticDataVersion: null,
  _messageType: 'assetsVersionChecked' }
'Message sent :'
'login'
{ username: 'zahidsacri',
  token: 'c4bdd3c447fde438ac29ca6c672055bf',
  salt: 'izbrtrsfI,yL(7.Yh,;WJZ8X>4oitdQX',
  key: 
   [ 116,
     -17,
     3,
     70,
     -63,
     83,
     -69,
     -94,
     2,
     63,
     -58,
     87,
     101,
     -128,
     -82,
     21,
     21,
     -34,
     121,
     123,
     65,
     124,
     -117,
     -38,
     -112,
     10,
     -101,
     -34,
     71,
     -47,
     66,
     35,
     -112,
     93,
     -88,
     33,
     -10,
     94,
     83,
     -71,
     41,
     -4,
     107,
     95,
     27,
     -83,
     49,
     112,
     94,
     122,
     -67,
     0,
     34,
     -89,
     70,
     69,
     -85,
     80,
     -60,
     -114,
     6,
     88,
     -105,
     -77,
     11,
     22,
     -24,
     -66,
     -53,
     66,
     -55,
     -46,
     41,
     -51,
     117,
     -20,
     -4,
     -33,
     -24,
     79,
     65,
     -5,
     119,
     122,
     41,
     102,
     -74,
     -102,
     -122,
     2,
     -77,
     -95,
     -123,
     -21,
     -37,
     63,
     53,
     103,
     -20,
     3,
     ... 205 more items ] }
'Packet Received : '
{ _messageType: 'CredentialsAcknowledgementMessage' }
'Packet Received : '
{ _messageType: 'IdentificationSuccessMessage',
  login: '1465968706063199319',
  nickname: 'XxXVikingsXxX',
  accountId: 112984462,
  communityId: 0,
  hasRights: false,
  secretQuestion: '',
  subscriptionEndDate: 0,
  wasAlreadyConnected: true,
  accountCreation: 1482954291000,
  _isInitialized: true }
'Packet Received : '
{ _messageType: 'ServersListMessage',
  servers: 
   [ { _type: 'GameServerInformations',
       id: 405,
       status: 3,
       completion: 0,
       isSelectable: true,
       charactersCount: 0,
       date: 0,
       _name: 'Herdegrize',
       _gameTypeId: 0 },
     { _type: 'GameServerInformations',
       id: 407,
       status: 3,
       completion: 0,
       isSelectable: false,
       charactersCount: 0,
       date: 0,
       _name: 'Brutas',
       _gameTypeId: 0 },
     { _type: 'GameServerInformations',
       id: 404,
       status: 3,
       completion: 0,
       isSelectable: true,
       charactersCount: 0,
       date: 0,
       _name: 'Terra Cogita',
       _gameTypeId: 0 },
     { _type: 'GameServerInformations',
       id: 401,
       status: 3,
       completion: 0,
       isSelectable: true,
       charactersCount: 0,
       date: 0,
       _name: 'Grandapan',
       _gameTypeId: 0 },
     { _type: 'GameServerInformations',
       id: 406,
       status: 3,
       completion: 0,
       isSelectable: true,
       charactersCount: 0,
       date: 0,
       _name: 'Dodge',
       _gameTypeId: 0 },
     { _type: 'GameServerInformations',
       id: 403,
       status: 3,
       completion: 0,
       isSelectable: true,
       charactersCount: 1,
       date: 1487453877217,
       _name: 'Oshimo',
       _gameTypeId: 0 } ],
  _isInitialized: true }
'Message sent :'
'sendMessage'
{ type: 'ServerSelectionMessage', data: { serverId: 403 } }
'Packet Received : '
{ _messageType: 'SelectedServerDataMessage',
  serverId: 403,
  address: '172.31.17.136',
  port: 5555,
  canCreateNewCharacter: true,
  ticket: 'fe3534a90c66e2ce170d1aed87430262',
  _isInitialized: true,
  _access: 'https://oshimogameproxy.touch.dofus.com' }
'Message sent :'
'disconnecting'
'SWITCHING_TO_GAME'
'Message sent :'
'connecting'
{ appVersion: '1.9.27',
  buildVersion: '0.60.0',
  client: 'android',
  language: 'en',
  server: { address: '172.31.17.136', port: 5555, id: 403 } }
'Packet Received : '
{ _messageType: 'ProtocolRequired',
  requiredVersion: 1547,
  currentVersion: 1547,
  _isInitialized: true }
'Packet Received : '
{ _messageType: 'HelloGameMessage' }
'Message sent :'
'sendMessage'
{ type: 'AuthenticationTicketMessage',
  data: { ticket: 'fe3534a90c66e2ce170d1aed87430262', lang: 'en' } }
'Packet Received : '
{ _messageType: 'BasicAckMessage',
  seq: 0,
  lastPacketId: 110,
  _isInitialized: true }
'Packet Received : '
{ _messageType: 'AuthenticationTicketRefusedMessage' }
'Packet Received : '
{ _messageType: 'SystemMessageDisplayMessage',
  hangUp: true,
  msgId: 30,
  parameters: [],
  _isInitialized: true,
  text: 'Login denied. \nYou could not be authenticated on this server because your log in attempt timed out.\nMake sure you stop all downloads and streaming videos or music to improve your connection speed.',
  title: 'Caution' }
'Packet Received : '
{ _messageType: 'BasicNoOperationMessage' }
'Packet Received : '
{ _messageType: 'serverDisconnecting', reason: 'SERVER_GONE' }
