'Message sent :'
'connecting'
{ appVersion: '1.9.27',
  buildVersion: '0.60.0',
  client: 'android',
  language: 'en',
  server: 'login' }
'Packet Received : '
{ _messageType: 'ProtocolRequired',
  requiredVersion: 1534,
  currentVersion: 1547,
  _isInitialized: true }
'Packet Received : '
{ _messageType: 'HelloConnectMessage',
  salt: 'izcq94gkAAh1^~3UYFKu1G3I"[0spUP*',
  key: 
   [ -98,
     44,
     -72,
     -86,
     39,
     16,
     61,
     -32,
     -51,
     22,
     -115,
     97,
     -103,
     7,
     7,
     86,
     75,
     91,
     15,
     -55,
     123,
     6,
     3,
     45,
     41,
     -5,
     -16,
     79,
     23,
     18,
     -58,
     91,
     -125,
     72,
     122,
     97,
     98,
     -32,
     79,
     72,
     -12,
     55,
     -53,
     87,
     83,
     35,
     -114,
     29,
     -116,
     18,
     -40,
     72,
     -10,
     -120,
     94,
     105,
     34,
     -5,
     89,
     79,
     -23,
     98,
     -81,
     90,
     109,
     25,
     64,
     79,
     81,
     -110,
     66,
     -80,
     4,
     -85,
     27,
     2,
     54,
     -85,
     84,
     52,
     88,
     -55,
     60,
     -20,
     -108,
     -67,
     -43,
     46,
     -121,
     -39,
     27,
     -69,
     -97,
     -112,
     -94,
     -91,
     -121,
     112,
     14,
     -87,
     ... 205 more items ],
  _isInitialized: true }
'Message sent :'
'checkAssetsVersion'
{ assetsVersion: '2.15.15', staticDataVersion: '25' }
'Packet Received : '
{ assetsVersion: null,
  staticDataVersion: null,
  _messageType: 'assetsVersionChecked' }
'Message sent :'
'login'
{ username: 'zahidsacri',
  token: '5d0ad8b7bf9469dcb05bb1ee0dd473f5',
  salt: 'izcq94gkAAh1^~3UYFKu1G3I"[0spUP*',
  key: 
   [ -98,
     44,
     -72,
     -86,
     39,
     16,
     61,
     -32,
     -51,
     22,
     -115,
     97,
     -103,
     7,
     7,
     86,
     75,
     91,
     15,
     -55,
     123,
     6,
     3,
     45,
     41,
     -5,
     -16,
     79,
     23,
     18,
     -58,
     91,
     -125,
     72,
     122,
     97,
     98,
     -32,
     79,
     72,
     -12,
     55,
     -53,
     87,
     83,
     35,
     -114,
     29,
     -116,
     18,
     -40,
     72,
     -10,
     -120,
     94,
     105,
     34,
     -5,
     89,
     79,
     -23,
     98,
     -81,
     90,
     109,
     25,
     64,
     79,
     81,
     -110,
     66,
     -80,
     4,
     -85,
     27,
     2,
     54,
     -85,
     84,
     52,
     88,
     -55,
     60,
     -20,
     -108,
     -67,
     -43,
     46,
     -121,
     -39,
     27,
     -69,
     -97,
     -112,
     -94,
     -91,
     -121,
     112,
     14,
     -87,
     ... 205 more items ] }
'Packet Received : '
{ _messageType: 'CredentialsAcknowledgementMessage' }
'Packet Received : '
{ _messageType: 'IdentificationSuccessMessage',
  login: '1465968706065665261',
  nickname: 'XxXVikingsXxX',
  accountId: 112984462,
  communityId: 0,
  hasRights: false,
  secretQuestion: '',
  subscriptionEndDate: 0,
  wasAlreadyConnected: true,
  accountCreation: 1482954291000,
  _isInitialized: true }
'Packet Received : '
{ _messageType: 'ServersListMessage',
  servers: 
   [ { _type: 'GameServerInformations',
       id: 405,
       status: 3,
       completion: 0,
       isSelectable: true,
       charactersCount: 0,
       date: 0,
       _name: 'Herdegrize',
       _gameTypeId: 0 },
     { _type: 'GameServerInformations',
       id: 407,
       status: 3,
       completion: 0,
       isSelectable: false,
       charactersCount: 0,
       date: 0,
       _name: 'Brutas',
       _gameTypeId: 0 },
     { _type: 'GameServerInformations',
       id: 404,
       status: 3,
       completion: 0,
       isSelectable: true,
       charactersCount: 0,
       date: 0,
       _name: 'Terra Cogita',
       _gameTypeId: 0 },
     { _type: 'GameServerInformations',
       id: 401,
       status: 3,
       completion: 0,
       isSelectable: true,
       charactersCount: 0,
       date: 0,
       _name: 'Grandapan',
       _gameTypeId: 0 },
     { _type: 'GameServerInformations',
       id: 406,
       status: 3,
       completion: 0,
       isSelectable: true,
       charactersCount: 0,
       date: 0,
       _name: 'Dodge',
       _gameTypeId: 0 },
     { _type: 'GameServerInformations',
       id: 403,
       status: 3,
       completion: 0,
       isSelectable: true,
       charactersCount: 1,
       date: 1487511817040,
       _name: 'Oshimo',
       _gameTypeId: 0 } ],
  _isInitialized: true }
'Message sent :'
'sendMessage'
{ type: 'ServerSelectionMessage', data: { serverId: 403 } }
'Packet Received : '
{ _messageType: 'SelectedServerDataMessage',
  serverId: 403,
  address: '172.31.17.136',
  port: 5555,
  canCreateNewCharacter: true,
  ticket: 'ea085600b7dd6f3f970115b3762526cd',
  _isInitialized: true,
  _access: 'https://oshimogameproxy.touch.dofus.com' }
'Message sent :'
'disconnecting'
'SWITCHING_TO_GAME'
'Message sent :'
'connecting'
{ appVersion: '1.9.27',
  buildVersion: '0.60.0',
  client: 'android',
  language: 'en',
  server: { address: '172.31.17.136', port: 5555, id: 403 } }
'Packet Received : '
{ _messageType: 'ProtocolRequired',
  requiredVersion: 1547,
  currentVersion: 1547,
  _isInitialized: true }
'Packet Received : '
{ _messageType: 'HelloGameMessage' }
'Message sent :'
'sendMessage'
{ type: 'AuthenticationTicketMessage',
  data: { ticket: 'ea085600b7dd6f3f970115b3762526cd', lang: 'en' } }
'Packet Received : '
{ _messageType: 'BasicAckMessage',
  seq: 0,
  lastPacketId: 110,
  _isInitialized: true }
'Packet Received : '
{ _messageType: 'AuthenticationTicketRefusedMessage' }
'Packet Received : '
{ _messageType: 'SystemMessageDisplayMessage',
  hangUp: true,
  msgId: 30,
  parameters: [],
  _isInitialized: true,
  text: 'Login denied. \nYou could not be authenticated on this server because your log in attempt timed out.\nMake sure you stop all downloads and streaming videos or music to improve your connection speed.',
  title: 'Caution' }
'Packet Received : '
{ _messageType: 'BasicNoOperationMessage' }
'Packet Received : '
{ _messageType: 'serverDisconnecting', reason: 'SERVER_GONE' }
